Load data
RNN type: LSTM Grammar: SL/SL4/10k/ Seed: 1
Model total parameters: 4080
Saving hinit ... 

Epoch 0: Time: 1.5428 Cost: 30.4396 Pre: 0.7708 Re: 0.3256 Acc: 0.6144 F1: 0.4578


--------------------------------------------------------------------
Eval results: Cost:16.1115 Pre:0.8635 Re:0.8058 Acc:0.8392 F1:0.8336
--------------------------------------------------------------------

Epoch 1: Time: 1.5518 Cost: 14.3343 Pre: 0.8283 Re: 0.8474 Acc: 0.8359 F1: 0.8378
Epoch 2: Time: 1.5581 Cost: 11.7325 Pre: 0.8352 Re: 0.9000 Acc: 0.8612 F1: 0.8664
Epoch 3: Time: 1.5575 Cost: 10.4074 Pre: 0.8394 Re: 0.9010 Acc: 0.8643 F1: 0.8691
Epoch 4: Time: 1.5607 Cost: 9.2584 Pre: 0.8521 Re: 0.8976 Acc: 0.8709 F1: 0.8743
Epoch 5: Time: 1.5635 Cost: 8.3008 Pre: 0.8960 Re: 0.9050 Acc: 0.9000 F1: 0.9005
Epoch 6: Time: 1.5663 Cost: 7.4671 Pre: 0.9040 Re: 0.9116 Acc: 0.9074 F1: 0.9078
Epoch 7: Time: 1.5708 Cost: 6.6042 Pre: 0.9137 Re: 0.9166 Acc: 0.9150 F1: 0.9151
Epoch 8: Time: 1.5739 Cost: 5.6904 Pre: 0.9295 Re: 0.9256 Acc: 0.9277 F1: 0.9275
Epoch 9: Time: 1.5746 Cost: 4.8230 Pre: 0.9463 Re: 0.9366 Acc: 0.9417 F1: 0.9414
Epoch 10: Time: 1.5750 Cost: 4.1289 Pre: 0.9579 Re: 0.9458 Acc: 0.9521 F1: 0.9518


--------------------------------------------------------------------
Eval results: Cost:4.0664 Pre:0.9682 Re:0.9430 Acc:0.9560 F1:0.9554
--------------------------------------------------------------------

Epoch 11: Time: 1.5857 Cost: 3.7534 Pre: 0.9608 Re: 0.9508 Acc: 0.9560 F1: 0.9558
Epoch 12: Time: 1.5833 Cost: 3.3601 Pre: 0.9667 Re: 0.9568 Acc: 0.9619 F1: 0.9617
Epoch 13: Time: 1.5730 Cost: 3.0003 Pre: 0.9718 Re: 0.9632 Acc: 0.9676 F1: 0.9675
Epoch 14: Time: 1.5798 Cost: 2.6366 Pre: 0.9776 Re: 0.9692 Acc: 0.9735 F1: 0.9734
Epoch 15: Time: 1.5749 Cost: 2.2360 Pre: 0.9835 Re: 0.9780 Acc: 0.9808 F1: 0.9807
Epoch 16: Time: 1.5871 Cost: 1.9012 Pre: 0.9907 Re: 0.9810 Acc: 0.9859 F1: 0.9858
Epoch 17: Time: 1.5771 Cost: 1.5057 Pre: 0.9942 Re: 0.9864 Acc: 0.9903 F1: 0.9903
Epoch 18: Time: 1.5797 Cost: 1.3484 Pre: 0.9950 Re: 0.9904 Acc: 0.9927 F1: 0.9927
Epoch 19: Time: 1.5788 Cost: 1.0316 Pre: 0.9984 Re: 0.9952 Acc: 0.9968 F1: 0.9968
Epoch 20: Time: 1.5766 Cost: 0.9859 Pre: 0.9980 Re: 0.9964 Acc: 0.9972 F1: 0.9972


--------------------------------------------------------------------
Eval results: Cost:0.8925 Pre:0.9994 Re:0.9982 Acc:0.9988 F1:0.9988
--------------------------------------------------------------------

Epoch 21: Time: 1.5772 Cost: 0.7636 Pre: 0.9996 Re: 0.9980 Acc: 0.9988 F1: 0.9988
Epoch 22: Time: 1.5766 Cost: 0.6836 Pre: 0.9992 Re: 0.9988 Acc: 0.9990 F1: 0.9990
Epoch 23: Time: 1.5779 Cost: 0.6074 Pre: 0.9988 Re: 0.9994 Acc: 0.9991 F1: 0.9991
Epoch 24: Time: 1.5864 Cost: 0.4846 Pre: 0.9998 Re: 0.9998 Acc: 0.9998 F1: 0.9998
Epoch 25: Time: 1.5775 Cost: 0.4104 Pre: 1.0000 Re: 0.9998 Acc: 0.9999 F1: 0.9999
Epoch 26: Time: 1.5791 Cost: 0.3474 Pre: 1.0000 Re: 0.9998 Acc: 0.9999 F1: 0.9999
Epoch 27: Time: 1.5797 Cost: 0.2942 Pre: 1.0000 Re: 1.0000 Acc: 1.0000 F1: 1.0000
Epoch 28: Time: 1.5806 Cost: 0.2490 Pre: 1.0000 Re: 1.0000 Acc: 1.0000 F1: 1.0000
Epoch 29: Time: 1.5843 Cost: 0.2112 Pre: 1.0000 Re: 1.0000 Acc: 1.0000 F1: 1.0000
Epoch 30: Time: 1.5847 Cost: 0.1802 Pre: 1.0000 Re: 1.0000 Acc: 1.0000 F1: 1.0000


--------------------------------------------------------------------
Eval results: Cost:0.1751 Pre:1.0000 Re:1.0000 Acc:1.0000 F1:1.0000
--------------------------------------------------------------------

Epoch 31: Time: 1.5888 Cost: 0.1564 Pre: 1.0000 Re: 1.0000 Acc: 1.0000 F1: 1.0000
Epoch 32: Time: 1.5909 Cost: 0.1366 Pre: 1.0000 Re: 1.0000 Acc: 1.0000 F1: 1.0000
Epoch 33: Time: 1.5798 Cost: 0.1186 Pre: 1.0000 Re: 1.0000 Acc: 1.0000 F1: 1.0000
Epoch 34: Time: 1.5895 Cost: 0.1037 Pre: 1.0000 Re: 1.0000 Acc: 1.0000 F1: 1.0000
Epoch 35: Time: 1.5828 Cost: 0.0914 Pre: 1.0000 Re: 1.0000 Acc: 1.0000 F1: 1.0000
Epoch 36: Time: 1.5825 Cost: 0.0811 Pre: 1.0000 Re: 1.0000 Acc: 1.0000 F1: 1.0000
Epoch 37: Time: 1.5874 Cost: 0.0725 Pre: 1.0000 Re: 1.0000 Acc: 1.0000 F1: 1.0000
Epoch 38: Time: 1.5848 Cost: 0.0654 Pre: 1.0000 Re: 1.0000 Acc: 1.0000 F1: 1.0000
Epoch 39: Time: 1.5837 Cost: 0.0594 Pre: 1.0000 Re: 1.0000 Acc: 1.0000 F1: 1.0000
Epoch 40: Time: 1.5833 Cost: 0.0541 Pre: 1.0000 Re: 1.0000 Acc: 1.0000 F1: 1.0000


--------------------------------------------------------------------
Eval results: Cost:0.0583 Pre:1.0000 Re:1.0000 Acc:1.0000 F1:1.0000
--------------------------------------------------------------------

Epoch 41: Time: 1.5835 Cost: 0.0507 Pre: 1.0000 Re: 1.0000 Acc: 1.0000 F1: 1.0000
Epoch 42: Time: 1.5830 Cost: 0.0453 Pre: 1.0000 Re: 1.0000 Acc: 1.0000 F1: 1.0000
Epoch 43: Time: 1.5852 Cost: 0.0450 Pre: 1.0000 Re: 1.0000 Acc: 1.0000 F1: 1.0000
Epoch 44: Time: 1.5916 Cost: 0.0395 Pre: 1.0000 Re: 1.0000 Acc: 1.0000 F1: 1.0000
Epoch 45: Time: 1.5913 Cost: 0.0392 Pre: 1.0000 Re: 1.0000 Acc: 1.0000 F1: 1.0000
Epoch 46: Time: 1.5852 Cost: 0.0348 Pre: 1.0000 Re: 1.0000 Acc: 1.0000 F1: 1.0000
Epoch 47: Time: 1.5838 Cost: 0.0347 Pre: 1.0000 Re: 1.0000 Acc: 1.0000 F1: 1.0000
Epoch 48: Time: 1.5838 Cost: 0.0320 Pre: 1.0000 Re: 1.0000 Acc: 1.0000 F1: 1.0000
Epoch 49: Time: 1.5863 Cost: 0.0307 Pre: 1.0000 Re: 1.0000 Acc: 1.0000 F1: 1.0000
Epoch 50: Time: 1.5920 Cost: 0.0291 Pre: 1.0000 Re: 1.0000 Acc: 1.0000 F1: 1.0000


--------------------------------------------------------------------
Eval results: Cost:0.0348 Pre:1.0000 Re:1.0000 Acc:1.0000 F1:1.0000
--------------------------------------------------------------------

Epoch 51: Time: 1.5865 Cost: 0.0285 Pre: 1.0000 Re: 1.0000 Acc: 1.0000 F1: 1.0000
Epoch 52: Time: 1.5909 Cost: 0.0259 Pre: 1.0000 Re: 1.0000 Acc: 1.0000 F1: 1.0000
Epoch 53: Time: 1.5884 Cost: 0.0253 Pre: 1.0000 Re: 1.0000 Acc: 1.0000 F1: 1.0000
Epoch 54: Time: 1.5886 Cost: 0.0242 Pre: 1.0000 Re: 1.0000 Acc: 1.0000 F1: 1.0000
Epoch 55: Time: 1.5886 Cost: 0.0234 Pre: 1.0000 Re: 1.0000 Acc: 1.0000 F1: 1.0000
Epoch 56: Time: 1.5894 Cost: 0.0226 Pre: 1.0000 Re: 1.0000 Acc: 1.0000 F1: 1.0000
Epoch 57: Time: 1.5957 Cost: 0.0220 Pre: 1.0000 Re: 1.0000 Acc: 1.0000 F1: 1.0000
Epoch 58: Time: 1.5866 Cost: 0.0214 Pre: 1.0000 Re: 1.0000 Acc: 1.0000 F1: 1.0000
Epoch 59: Time: 1.5858 Cost: 0.0208 Pre: 1.0000 Re: 1.0000 Acc: 1.0000 F1: 1.0000
Epoch 60: Time: 1.5869 Cost: 0.0203 Pre: 1.0000 Re: 1.0000 Acc: 1.0000 F1: 1.0000


--------------------------------------------------------------------
Eval results: Cost:0.0185 Pre:1.0000 Re:1.0000 Acc:1.0000 F1:1.0000
--------------------------------------------------------------------

Epoch 61: Time: 1.5895 Cost: 0.0199 Pre: 1.0000 Re: 1.0000 Acc: 1.0000 F1: 1.0000
Epoch 62: Time: 1.5896 Cost: 0.0192 Pre: 1.0000 Re: 1.0000 Acc: 1.0000 F1: 1.0000
Epoch 63: Time: 1.5946 Cost: 0.0187 Pre: 1.0000 Re: 1.0000 Acc: 1.0000 F1: 1.0000
Epoch 64: Time: 1.5931 Cost: 0.0183 Pre: 1.0000 Re: 1.0000 Acc: 1.0000 F1: 1.0000
Epoch 65: Time: 1.5870 Cost: 0.0180 Pre: 1.0000 Re: 1.0000 Acc: 1.0000 F1: 1.0000
Epoch 66: Time: 1.5867 Cost: 0.0176 Pre: 1.0000 Re: 1.0000 Acc: 1.0000 F1: 1.0000
Epoch 67: Time: 1.5855 Cost: 0.0173 Pre: 1.0000 Re: 1.0000 Acc: 1.0000 F1: 1.0000
Epoch 68: Time: 1.5961 Cost: 0.0171 Pre: 1.0000 Re: 1.0000 Acc: 1.0000 F1: 1.0000
Epoch 69: Time: 1.5864 Cost: 0.0168 Pre: 1.0000 Re: 1.0000 Acc: 1.0000 F1: 1.0000
Epoch 70: Time: 1.5938 Cost: 0.0166 Pre: 1.0000 Re: 1.0000 Acc: 1.0000 F1: 1.0000


--------------------------------------------------------------------
Eval results: Cost:0.0099 Pre:1.0000 Re:1.0000 Acc:1.0000 F1:1.0000
--------------------------------------------------------------------

Epoch 71: Time: 1.5859 Cost: 0.0163 Pre: 1.0000 Re: 1.0000 Acc: 1.0000 F1: 1.0000
Epoch 72: Time: 1.5869 Cost: 0.0162 Pre: 1.0000 Re: 1.0000 Acc: 1.0000 F1: 1.0000
Epoch 73: Time: 1.5968 Cost: 0.0158 Pre: 1.0000 Re: 1.0000 Acc: 1.0000 F1: 1.0000
Epoch 74: Time: 1.5962 Cost: 0.0160 Pre: 1.0000 Re: 1.0000 Acc: 1.0000 F1: 1.0000
Epoch 75: Time: 1.5871 Cost: 0.0153 Pre: 1.0000 Re: 1.0000 Acc: 1.0000 F1: 1.0000
Epoch 76: Time: 1.5884 Cost: 0.0162 Pre: 1.0000 Re: 1.0000 Acc: 1.0000 F1: 1.0000
Epoch 77: Time: 1.5955 Cost: 0.0148 Pre: 1.0000 Re: 1.0000 Acc: 1.0000 F1: 1.0000
Epoch 78: Time: 1.5874 Cost: 0.0174 Pre: 1.0000 Re: 1.0000 Acc: 1.0000 F1: 1.0000
Epoch 79: Time: 1.5944 Cost: 0.0147 Pre: 1.0000 Re: 1.0000 Acc: 1.0000 F1: 1.0000
Epoch 80: Time: 1.5855 Cost: 0.0157 Pre: 1.0000 Re: 1.0000 Acc: 1.0000 F1: 1.0000


--------------------------------------------------------------------
Eval results: Cost:0.0076 Pre:1.0000 Re:1.0000 Acc:1.0000 F1:1.0000
--------------------------------------------------------------------

Epoch 81: Time: 1.5874 Cost: 0.0142 Pre: 1.0000 Re: 1.0000 Acc: 1.0000 F1: 1.0000
Epoch 82: Time: 1.5938 Cost: 0.0166 Pre: 1.0000 Re: 1.0000 Acc: 1.0000 F1: 1.0000
Epoch 83: Time: 1.5870 Cost: 0.0143 Pre: 1.0000 Re: 1.0000 Acc: 1.0000 F1: 1.0000
Epoch 84: Time: 1.5994 Cost: 0.0148 Pre: 1.0000 Re: 1.0000 Acc: 1.0000 F1: 1.0000
Epoch 85: Time: 1.5901 Cost: 0.0137 Pre: 1.0000 Re: 1.0000 Acc: 1.0000 F1: 1.0000
Epoch 86: Time: 1.5915 Cost: 0.0145 Pre: 1.0000 Re: 1.0000 Acc: 1.0000 F1: 1.0000
Epoch 87: Time: 1.5913 Cost: 0.0135 Pre: 1.0000 Re: 1.0000 Acc: 1.0000 F1: 1.0000
Epoch 88: Time: 1.5898 Cost: 0.0141 Pre: 1.0000 Re: 1.0000 Acc: 1.0000 F1: 1.0000
Epoch 89: Time: 1.5906 Cost: 0.0135 Pre: 1.0000 Re: 1.0000 Acc: 1.0000 F1: 1.0000
Epoch 90: Time: 1.5979 Cost: 0.0140 Pre: 1.0000 Re: 1.0000 Acc: 1.0000 F1: 1.0000


--------------------------------------------------------------------
Eval results: Cost:0.0065 Pre:1.0000 Re:1.0000 Acc:1.0000 F1:1.0000
--------------------------------------------------------------------

Epoch 91: Time: 1.5931 Cost: 0.0133 Pre: 1.0000 Re: 1.0000 Acc: 1.0000 F1: 1.0000
Epoch 92: Time: 1.5880 Cost: 0.0138 Pre: 1.0000 Re: 1.0000 Acc: 1.0000 F1: 1.0000
Epoch 93: Time: 1.5864 Cost: 0.0131 Pre: 1.0000 Re: 1.0000 Acc: 1.0000 F1: 1.0000
Epoch 94: Time: 1.5863 Cost: 0.0136 Pre: 1.0000 Re: 1.0000 Acc: 1.0000 F1: 1.0000
Epoch 95: Time: 1.5943 Cost: 0.0129 Pre: 1.0000 Re: 1.0000 Acc: 1.0000 F1: 1.0000
Epoch 96: Time: 1.5905 Cost: 0.0135 Pre: 1.0000 Re: 1.0000 Acc: 1.0000 F1: 1.0000
Epoch 97: Time: 1.5946 Cost: 0.0127 Pre: 1.0000 Re: 1.0000 Acc: 1.0000 F1: 1.0000
Epoch 98: Time: 1.5964 Cost: 0.0136 Pre: 1.0000 Re: 1.0000 Acc: 1.0000 F1: 1.0000
Epoch 99: Time: 1.5942 Cost: 0.0125 Pre: 1.0000 Re: 1.0000 Acc: 1.0000 F1: 1.0000
--------------------------------------------------------------------
Eval results: Cost:0.0062 Pre:1.0000 Re:1.0000 Acc:1.0000 F1:1.0000
--------------------------------------------------------------------
Test 10000 samples take time: 4.4742
Test results: Cost:0.0011 Pre:1.0000 Re:1.0000 Acc:1.0000 F1:1.0000
--------------------------------------------------------------------

