Load data
RNN type: LSTM Grammar: SL/SL4/10k/ Seed: 1
Model total parameters: 560
Saving hinit ... 

Epoch 0: Time: 0.5747 Cost: 40.6675 Pre: 0.8750 Re: 0.0028 Acc: 0.5012 F1: 0.0056


--------------------------------------------------------------------
Eval results: Cost:22.4929 Pre:0.8712 Re:0.1394 Acc:0.5594 F1:0.2403
--------------------------------------------------------------------

Epoch 1: Time: 0.6045 Cost: 20.2589 Pre: 0.7833 Re: 0.4828 Acc: 0.6746 F1: 0.5974
Epoch 2: Time: 0.6062 Cost: 14.2957 Pre: 0.8301 Re: 0.8138 Acc: 0.8236 F1: 0.8219
Epoch 3: Time: 0.6051 Cost: 11.9077 Pre: 0.8321 Re: 0.8830 Acc: 0.8524 F1: 0.8568
Epoch 4: Time: 0.6055 Cost: 10.7740 Pre: 0.8332 Re: 0.9132 Acc: 0.8652 F1: 0.8714
Epoch 5: Time: 0.6058 Cost: 9.8561 Pre: 0.8343 Re: 0.9358 Acc: 0.8750 F1: 0.8822
Epoch 6: Time: 0.6064 Cost: 9.0546 Pre: 0.8361 Re: 0.9460 Acc: 0.8803 F1: 0.8877
Epoch 7: Time: 0.6073 Cost: 8.3874 Pre: 0.8414 Re: 0.9452 Acc: 0.8835 F1: 0.8903
Epoch 8: Time: 0.6082 Cost: 7.7928 Pre: 0.8489 Re: 0.9462 Acc: 0.8889 F1: 0.8949
Epoch 9: Time: 0.6107 Cost: 7.2349 Pre: 0.8800 Re: 0.9492 Acc: 0.9099 F1: 0.9133
Epoch 10: Time: 0.6109 Cost: 6.7007 Pre: 0.9026 Re: 0.9530 Acc: 0.9251 F1: 0.9271


--------------------------------------------------------------------
Eval results: Cost:5.7896 Pre:0.9157 Re:0.9554 Acc:0.9337 F1:0.9351
--------------------------------------------------------------------

Epoch 11: Time: 0.6121 Cost: 6.2493 Pre: 0.9105 Re: 0.9546 Acc: 0.9304 F1: 0.9320
Epoch 12: Time: 0.6130 Cost: 5.8246 Pre: 0.9192 Re: 0.9576 Acc: 0.9367 F1: 0.9380
Epoch 13: Time: 0.6132 Cost: 5.3626 Pre: 0.9282 Re: 0.9622 Acc: 0.9439 F1: 0.9449
Epoch 14: Time: 0.6145 Cost: 4.9319 Pre: 0.9364 Re: 0.9664 Acc: 0.9504 F1: 0.9512
Epoch 15: Time: 0.6136 Cost: 4.5223 Pre: 0.9436 Re: 0.9696 Acc: 0.9558 F1: 0.9564
Epoch 16: Time: 0.6142 Cost: 4.1213 Pre: 0.9508 Re: 0.9708 Acc: 0.9603 F1: 0.9607
Epoch 17: Time: 0.6129 Cost: 3.7488 Pre: 0.9581 Re: 0.9706 Acc: 0.9641 F1: 0.9643
Epoch 18: Time: 0.6164 Cost: 3.4541 Pre: 0.9621 Re: 0.9736 Acc: 0.9676 F1: 0.9678
Epoch 19: Time: 0.6149 Cost: 3.2335 Pre: 0.9682 Re: 0.9748 Acc: 0.9714 F1: 0.9715
Epoch 20: Time: 0.6151 Cost: 3.0527 Pre: 0.9686 Re: 0.9762 Acc: 0.9723 F1: 0.9724


--------------------------------------------------------------------
Eval results: Cost:3.0680 Pre:0.9719 Re:0.9754 Acc:0.9736 F1:0.9736
--------------------------------------------------------------------

Epoch 21: Time: 0.6140 Cost: 2.8883 Pre: 0.9720 Re: 0.9780 Acc: 0.9749 F1: 0.9750
Epoch 22: Time: 0.6156 Cost: 2.7603 Pre: 0.9724 Re: 0.9790 Acc: 0.9756 F1: 0.9757
Epoch 23: Time: 0.6150 Cost: 2.5669 Pre: 0.9811 Re: 0.9736 Acc: 0.9774 F1: 0.9773
Epoch 24: Time: 0.6136 Cost: 2.3456 Pre: 0.9814 Re: 0.9788 Acc: 0.9801 F1: 0.9801
Epoch 25: Time: 0.6140 Cost: 2.1758 Pre: 0.9847 Re: 0.9804 Acc: 0.9826 F1: 0.9826
Epoch 26: Time: 0.6145 Cost: 2.0207 Pre: 0.9846 Re: 0.9850 Acc: 0.9848 F1: 0.9848
Epoch 27: Time: 0.6149 Cost: 1.9169 Pre: 0.9882 Re: 0.9850 Acc: 0.9866 F1: 0.9866
Epoch 28: Time: 0.6161 Cost: 1.8871 Pre: 0.9949 Re: 0.9758 Acc: 0.9854 F1: 0.9853
Epoch 29: Time: 0.6134 Cost: 1.6916 Pre: 0.9934 Re: 0.9880 Acc: 0.9907 F1: 0.9907
Epoch 30: Time: 0.6153 Cost: 1.5976 Pre: 0.9930 Re: 0.9908 Acc: 0.9919 F1: 0.9919


--------------------------------------------------------------------
Eval results: Cost:1.6317 Pre:0.9920 Re:0.9874 Acc:0.9897 F1:0.9897
--------------------------------------------------------------------

Epoch 31: Time: 0.6143 Cost: 1.4125 Pre: 0.9964 Re: 0.9912 Acc: 0.9938 F1: 0.9938
Epoch 32: Time: 0.6141 Cost: 1.3901 Pre: 0.9952 Re: 0.9900 Acc: 0.9926 F1: 0.9926
Epoch 33: Time: 0.6136 Cost: 1.2703 Pre: 0.9964 Re: 0.9932 Acc: 0.9948 F1: 0.9948
Epoch 34: Time: 0.6148 Cost: 1.1708 Pre: 0.9972 Re: 0.9940 Acc: 0.9956 F1: 0.9956
Epoch 35: Time: 0.6142 Cost: 1.0914 Pre: 0.9976 Re: 0.9942 Acc: 0.9959 F1: 0.9959
Epoch 36: Time: 0.6137 Cost: 1.0699 Pre: 0.9984 Re: 0.9920 Acc: 0.9952 F1: 0.9952
Epoch 37: Time: 0.6138 Cost: 0.9843 Pre: 0.9976 Re: 0.9962 Acc: 0.9969 F1: 0.9969
Epoch 38: Time: 0.6137 Cost: 0.9177 Pre: 0.9976 Re: 0.9964 Acc: 0.9970 F1: 0.9970
Epoch 39: Time: 0.6150 Cost: 0.9866 Pre: 0.9994 Re: 0.9920 Acc: 0.9957 F1: 0.9957
Epoch 40: Time: 0.6142 Cost: 0.7971 Pre: 0.9994 Re: 0.9974 Acc: 0.9984 F1: 0.9984


--------------------------------------------------------------------
Eval results: Cost:0.9678 Pre:0.9968 Re:0.9934 Acc:0.9951 F1:0.9951
--------------------------------------------------------------------

Epoch 41: Time: 0.6139 Cost: 0.8211 Pre: 0.9994 Re: 0.9946 Acc: 0.9970 F1: 0.9970
Epoch 42: Time: 0.6145 Cost: 0.7290 Pre: 0.9992 Re: 0.9976 Acc: 0.9984 F1: 0.9984
Epoch 43: Time: 0.6142 Cost: 0.7097 Pre: 0.9994 Re: 0.9976 Acc: 0.9985 F1: 0.9985
Epoch 44: Time: 0.6146 Cost: 0.6851 Pre: 0.9990 Re: 0.9986 Acc: 0.9988 F1: 0.9988
Epoch 45: Time: 0.6144 Cost: 0.6516 Pre: 0.9990 Re: 0.9988 Acc: 0.9989 F1: 0.9989
Epoch 46: Time: 0.6148 Cost: 0.6266 Pre: 0.9992 Re: 0.9984 Acc: 0.9988 F1: 0.9988
Epoch 47: Time: 0.6151 Cost: 0.5928 Pre: 0.9992 Re: 0.9982 Acc: 0.9987 F1: 0.9987
Epoch 48: Time: 0.6144 Cost: 0.5832 Pre: 0.9994 Re: 0.9980 Acc: 0.9987 F1: 0.9987
Epoch 49: Time: 0.6150 Cost: 0.5455 Pre: 0.9994 Re: 0.9984 Acc: 0.9989 F1: 0.9989
Epoch 50: Time: 0.6131 Cost: 0.5174 Pre: 0.9992 Re: 0.9992 Acc: 0.9992 F1: 0.9992


--------------------------------------------------------------------
Eval results: Cost:0.6670 Pre:0.9986 Re:0.9960 Acc:0.9973 F1:0.9973
--------------------------------------------------------------------

Epoch 51: Time: 0.6150 Cost: 0.4881 Pre: 0.9992 Re: 0.9992 Acc: 0.9992 F1: 0.9992
Epoch 52: Time: 0.6147 Cost: 0.4643 Pre: 0.9992 Re: 0.9998 Acc: 0.9995 F1: 0.9995
Epoch 53: Time: 0.6157 Cost: 0.4382 Pre: 0.9992 Re: 0.9998 Acc: 0.9995 F1: 0.9995
Epoch 54: Time: 0.6142 Cost: 0.4130 Pre: 0.9994 Re: 0.9998 Acc: 0.9996 F1: 0.9996
Epoch 55: Time: 0.6161 Cost: 0.3893 Pre: 0.9994 Re: 0.9998 Acc: 0.9996 F1: 0.9996
Epoch 56: Time: 0.6152 Cost: 0.3682 Pre: 0.9994 Re: 0.9998 Acc: 0.9996 F1: 0.9996
Epoch 57: Time: 0.6144 Cost: 0.3470 Pre: 0.9998 Re: 0.9998 Acc: 0.9998 F1: 0.9998
Epoch 58: Time: 0.6150 Cost: 0.3270 Pre: 1.0000 Re: 0.9998 Acc: 0.9999 F1: 0.9999
Epoch 59: Time: 0.6156 Cost: 0.3073 Pre: 1.0000 Re: 0.9998 Acc: 0.9999 F1: 0.9999
Epoch 60: Time: 0.6140 Cost: 0.2900 Pre: 1.0000 Re: 0.9998 Acc: 0.9999 F1: 0.9999


--------------------------------------------------------------------
Eval results: Cost:0.4612 Pre:0.9988 Re:0.9964 Acc:0.9976 F1:0.9976
--------------------------------------------------------------------

Epoch 61: Time: 0.6145 Cost: 0.2760 Pre: 1.0000 Re: 0.9998 Acc: 0.9999 F1: 0.9999
Epoch 62: Time: 0.6164 Cost: 0.2629 Pre: 1.0000 Re: 0.9998 Acc: 0.9999 F1: 0.9999
Epoch 63: Time: 0.6158 Cost: 0.2493 Pre: 1.0000 Re: 0.9998 Acc: 0.9999 F1: 0.9999
Epoch 64: Time: 0.6144 Cost: 0.2372 Pre: 1.0000 Re: 0.9998 Acc: 0.9999 F1: 0.9999
Epoch 65: Time: 0.6161 Cost: 0.2256 Pre: 1.0000 Re: 0.9998 Acc: 0.9999 F1: 0.9999
Epoch 66: Time: 0.6154 Cost: 0.2152 Pre: 1.0000 Re: 0.9998 Acc: 0.9999 F1: 0.9999
Epoch 67: Time: 0.6169 Cost: 0.2058 Pre: 1.0000 Re: 0.9998 Acc: 0.9999 F1: 0.9999
Epoch 68: Time: 0.6168 Cost: 0.1971 Pre: 1.0000 Re: 0.9998 Acc: 0.9999 F1: 0.9999
Epoch 69: Time: 0.6167 Cost: 0.1891 Pre: 1.0000 Re: 0.9998 Acc: 0.9999 F1: 0.9999
Epoch 70: Time: 0.6169 Cost: 0.1817 Pre: 1.0000 Re: 0.9998 Acc: 0.9999 F1: 0.9999


--------------------------------------------------------------------
Eval results: Cost:0.3589 Pre:0.9990 Re:0.9974 Acc:0.9982 F1:0.9982
--------------------------------------------------------------------

Epoch 71: Time: 0.6158 Cost: 0.1757 Pre: 1.0000 Re: 0.9998 Acc: 0.9999 F1: 0.9999
Epoch 72: Time: 0.6161 Cost: 0.1702 Pre: 1.0000 Re: 0.9998 Acc: 0.9999 F1: 0.9999
Epoch 73: Time: 0.6155 Cost: 0.1646 Pre: 1.0000 Re: 0.9998 Acc: 0.9999 F1: 0.9999
Epoch 74: Time: 0.6159 Cost: 0.1589 Pre: 1.0000 Re: 0.9998 Acc: 0.9999 F1: 0.9999
Epoch 75: Time: 0.6160 Cost: 0.1536 Pre: 1.0000 Re: 0.9998 Acc: 0.9999 F1: 0.9999
Epoch 76: Time: 0.6150 Cost: 0.1492 Pre: 1.0000 Re: 0.9998 Acc: 0.9999 F1: 0.9999
Epoch 77: Time: 0.6163 Cost: 0.1447 Pre: 1.0000 Re: 0.9998 Acc: 0.9999 F1: 0.9999
Epoch 78: Time: 0.6151 Cost: 0.1406 Pre: 1.0000 Re: 0.9998 Acc: 0.9999 F1: 0.9999
Epoch 79: Time: 0.6175 Cost: 0.1370 Pre: 1.0000 Re: 0.9998 Acc: 0.9999 F1: 0.9999
Epoch 80: Time: 0.6161 Cost: 0.1334 Pre: 1.0000 Re: 0.9998 Acc: 0.9999 F1: 0.9999


--------------------------------------------------------------------
Eval results: Cost:0.2999 Pre:0.9994 Re:0.9980 Acc:0.9987 F1:0.9987
--------------------------------------------------------------------

Epoch 81: Time: 0.6165 Cost: 0.1310 Pre: 1.0000 Re: 0.9998 Acc: 0.9999 F1: 0.9999
Epoch 82: Time: 0.6160 Cost: 0.1276 Pre: 1.0000 Re: 0.9998 Acc: 0.9999 F1: 0.9999
Epoch 83: Time: 0.6169 Cost: 0.1249 Pre: 1.0000 Re: 0.9998 Acc: 0.9999 F1: 0.9999
Epoch 84: Time: 0.6168 Cost: 0.1222 Pre: 1.0000 Re: 0.9998 Acc: 0.9999 F1: 0.9999
Epoch 85: Time: 0.6160 Cost: 0.1195 Pre: 1.0000 Re: 0.9998 Acc: 0.9999 F1: 0.9999
Epoch 86: Time: 0.6166 Cost: 0.1172 Pre: 1.0000 Re: 0.9998 Acc: 0.9999 F1: 0.9999
Epoch 87: Time: 0.6166 Cost: 0.1148 Pre: 1.0000 Re: 0.9998 Acc: 0.9999 F1: 0.9999
Epoch 88: Time: 0.6158 Cost: 0.1127 Pre: 1.0000 Re: 0.9998 Acc: 0.9999 F1: 0.9999
Epoch 89: Time: 0.6170 Cost: 0.1106 Pre: 1.0000 Re: 0.9998 Acc: 0.9999 F1: 0.9999
Epoch 90: Time: 0.6154 Cost: 0.1087 Pre: 1.0000 Re: 0.9998 Acc: 0.9999 F1: 0.9999


--------------------------------------------------------------------
Eval results: Cost:0.2725 Pre:0.9994 Re:0.9980 Acc:0.9987 F1:0.9987
--------------------------------------------------------------------

Epoch 91: Time: 0.6172 Cost: 0.1078 Pre: 1.0000 Re: 0.9998 Acc: 0.9999 F1: 0.9999
Epoch 92: Time: 0.6159 Cost: 0.1065 Pre: 1.0000 Re: 0.9998 Acc: 0.9999 F1: 0.9999
Epoch 93: Time: 0.6170 Cost: 0.1047 Pre: 1.0000 Re: 0.9998 Acc: 0.9999 F1: 0.9999
Epoch 94: Time: 0.6160 Cost: 0.1029 Pre: 1.0000 Re: 0.9998 Acc: 0.9999 F1: 0.9999
Epoch 95: Time: 0.6173 Cost: 0.1015 Pre: 1.0000 Re: 0.9998 Acc: 0.9999 F1: 0.9999
Epoch 96: Time: 0.6165 Cost: 0.1000 Pre: 1.0000 Re: 0.9998 Acc: 0.9999 F1: 0.9999
Epoch 97: Time: 0.6166 Cost: 0.0987 Pre: 1.0000 Re: 0.9998 Acc: 0.9999 F1: 0.9999
Epoch 98: Time: 0.6166 Cost: 0.0974 Pre: 1.0000 Re: 0.9998 Acc: 0.9999 F1: 0.9999
Epoch 99: Time: 0.6174 Cost: 0.0961 Pre: 1.0000 Re: 0.9998 Acc: 0.9999 F1: 0.9999
Epoch 100: Time: 0.6156 Cost: 0.0952 Pre: 1.0000 Re: 0.9998 Acc: 0.9999 F1: 0.9999


--------------------------------------------------------------------
Eval results: Cost:0.2527 Pre:0.9994 Re:0.9978 Acc:0.9986 F1:0.9986
--------------------------------------------------------------------

Epoch 101: Time: 0.6163 Cost: 0.0971 Pre: 1.0000 Re: 0.9998 Acc: 0.9999 F1: 0.9999
Epoch 102: Time: 0.6167 Cost: 0.0932 Pre: 1.0000 Re: 0.9998 Acc: 0.9999 F1: 0.9999
Epoch 103: Time: 0.6179 Cost: 0.0927 Pre: 1.0000 Re: 0.9998 Acc: 0.9999 F1: 0.9999
Epoch 104: Time: 0.6159 Cost: 0.0918 Pre: 1.0000 Re: 0.9998 Acc: 0.9999 F1: 0.9999
Epoch 105: Time: 0.6168 Cost: 0.0908 Pre: 1.0000 Re: 0.9998 Acc: 0.9999 F1: 0.9999
Epoch 106: Time: 0.6163 Cost: 0.0901 Pre: 1.0000 Re: 0.9998 Acc: 0.9999 F1: 0.9999
Epoch 107: Time: 0.6165 Cost: 0.0891 Pre: 1.0000 Re: 0.9998 Acc: 0.9999 F1: 0.9999
Epoch 108: Time: 0.6168 Cost: 0.0883 Pre: 1.0000 Re: 0.9998 Acc: 0.9999 F1: 0.9999
Epoch 109: Time: 0.6157 Cost: 0.0877 Pre: 1.0000 Re: 0.9998 Acc: 0.9999 F1: 0.9999
Epoch 110: Time: 0.6156 Cost: 0.0869 Pre: 1.0000 Re: 0.9998 Acc: 0.9999 F1: 0.9999


--------------------------------------------------------------------
Eval results: Cost:0.2540 Pre:0.9994 Re:0.9974 Acc:0.9984 F1:0.9984
--------------------------------------------------------------------

Epoch 111: Time: 0.6162 Cost: 0.0866 Pre: 1.0000 Re: 0.9998 Acc: 0.9999 F1: 0.9999
Epoch 112: Time: 0.6166 Cost: 0.0854 Pre: 1.0000 Re: 0.9998 Acc: 0.9999 F1: 0.9999
Epoch 113: Time: 0.6148 Cost: 0.0869 Pre: 1.0000 Re: 0.9998 Acc: 0.9999 F1: 0.9999
Epoch 114: Time: 0.6161 Cost: 0.0842 Pre: 1.0000 Re: 0.9998 Acc: 0.9999 F1: 0.9999
Epoch 115: Time: 0.6174 Cost: 0.0846 Pre: 1.0000 Re: 0.9998 Acc: 0.9999 F1: 0.9999
Epoch 116: Time: 0.6161 Cost: 0.0834 Pre: 1.0000 Re: 0.9998 Acc: 0.9999 F1: 0.9999
Epoch 117: Time: 0.6172 Cost: 0.0828 Pre: 1.0000 Re: 0.9998 Acc: 0.9999 F1: 0.9999
Epoch 118: Time: 0.6159 Cost: 0.0831 Pre: 1.0000 Re: 0.9998 Acc: 0.9999 F1: 0.9999
Epoch 119: Time: 0.6165 Cost: 0.0818 Pre: 1.0000 Re: 0.9998 Acc: 0.9999 F1: 0.9999
Epoch 120: Time: 0.6162 Cost: 0.0815 Pre: 1.0000 Re: 0.9998 Acc: 0.9999 F1: 0.9999


--------------------------------------------------------------------
Eval results: Cost:0.2427 Pre:0.9994 Re:0.9974 Acc:0.9984 F1:0.9984
--------------------------------------------------------------------

Epoch 121: Time: 0.6153 Cost: 0.0826 Pre: 1.0000 Re: 0.9998 Acc: 0.9999 F1: 0.9999
Epoch 122: Time: 0.6173 Cost: 0.0804 Pre: 1.0000 Re: 0.9998 Acc: 0.9999 F1: 0.9999
Epoch 123: Time: 0.6155 Cost: 0.0827 Pre: 1.0000 Re: 0.9998 Acc: 0.9999 F1: 0.9999
Epoch 124: Time: 0.6171 Cost: 0.0797 Pre: 1.0000 Re: 0.9998 Acc: 0.9999 F1: 0.9999
Epoch 125: Time: 0.6164 Cost: 0.0813 Pre: 1.0000 Re: 0.9998 Acc: 0.9999 F1: 0.9999
Epoch 126: Time: 0.6171 Cost: 0.0796 Pre: 1.0000 Re: 0.9998 Acc: 0.9999 F1: 0.9999
Epoch 127: Time: 0.6176 Cost: 0.0795 Pre: 1.0000 Re: 0.9998 Acc: 0.9999 F1: 0.9999
Epoch 128: Time: 0.6162 Cost: 0.0801 Pre: 1.0000 Re: 0.9998 Acc: 0.9999 F1: 0.9999
Epoch 129: Time: 0.6167 Cost: 0.0784 Pre: 1.0000 Re: 0.9998 Acc: 0.9999 F1: 0.9999
Epoch 130: Time: 0.6165 Cost: 0.0780 Pre: 1.0000 Re: 0.9998 Acc: 0.9999 F1: 0.9999


--------------------------------------------------------------------
Eval results: Cost:0.1891 Pre:0.9994 Re:0.9980 Acc:0.9987 F1:0.9987
--------------------------------------------------------------------

Epoch 131: Time: 0.6168 Cost: 0.0782 Pre: 1.0000 Re: 0.9998 Acc: 0.9999 F1: 0.9999
Epoch 132: Time: 0.6172 Cost: 0.0772 Pre: 1.0000 Re: 0.9998 Acc: 0.9999 F1: 0.9999
Epoch 133: Time: 0.6164 Cost: 0.0770 Pre: 1.0000 Re: 0.9998 Acc: 0.9999 F1: 0.9999
Epoch 134: Time: 0.6177 Cost: 0.0766 Pre: 1.0000 Re: 0.9998 Acc: 0.9999 F1: 0.9999
Epoch 135: Time: 0.6152 Cost: 0.0762 Pre: 1.0000 Re: 0.9998 Acc: 0.9999 F1: 0.9999
Epoch 136: Time: 0.6181 Cost: 0.0759 Pre: 1.0000 Re: 0.9998 Acc: 0.9999 F1: 0.9999
Epoch 137: Time: 0.6159 Cost: 0.0777 Pre: 1.0000 Re: 0.9998 Acc: 0.9999 F1: 0.9999
Epoch 138: Time: 0.6173 Cost: 0.0751 Pre: 1.0000 Re: 0.9998 Acc: 0.9999 F1: 0.9999
Epoch 139: Time: 0.6158 Cost: 0.0751 Pre: 1.0000 Re: 0.9998 Acc: 0.9999 F1: 0.9999
Epoch 140: Time: 0.6163 Cost: 0.0749 Pre: 1.0000 Re: 0.9998 Acc: 0.9999 F1: 0.9999


--------------------------------------------------------------------
Eval results: Cost:0.2093 Pre:0.9994 Re:0.9976 Acc:0.9985 F1:0.9985
--------------------------------------------------------------------

Epoch 141: Time: 0.6167 Cost: 0.0744 Pre: 1.0000 Re: 0.9998 Acc: 0.9999 F1: 0.9999
Epoch 142: Time: 0.6169 Cost: 0.0742 Pre: 1.0000 Re: 0.9998 Acc: 0.9999 F1: 0.9999
Epoch 143: Time: 0.6171 Cost: 0.0739 Pre: 1.0000 Re: 0.9998 Acc: 0.9999 F1: 0.9999
Epoch 144: Time: 0.6168 Cost: 0.0737 Pre: 1.0000 Re: 0.9998 Acc: 0.9999 F1: 0.9999
Epoch 145: Time: 0.6166 Cost: 0.0738 Pre: 1.0000 Re: 0.9998 Acc: 0.9999 F1: 0.9999
Epoch 146: Time: 0.6148 Cost: 0.0733 Pre: 1.0000 Re: 0.9998 Acc: 0.9999 F1: 0.9999
Epoch 147: Time: 0.6176 Cost: 0.0731 Pre: 1.0000 Re: 0.9998 Acc: 0.9999 F1: 0.9999
Epoch 148: Time: 0.6158 Cost: 0.0727 Pre: 1.0000 Re: 0.9998 Acc: 0.9999 F1: 0.9999
Epoch 149: Time: 0.6174 Cost: 0.0725 Pre: 1.0000 Re: 0.9998 Acc: 0.9999 F1: 0.9999
Epoch 150: Time: 0.6173 Cost: 0.0724 Pre: 1.0000 Re: 0.9998 Acc: 0.9999 F1: 0.9999


--------------------------------------------------------------------
Eval results: Cost:0.2017 Pre:0.9994 Re:0.9976 Acc:0.9985 F1:0.9985
--------------------------------------------------------------------

Epoch 151: Time: 0.6173 Cost: 0.0721 Pre: 1.0000 Re: 0.9998 Acc: 0.9999 F1: 0.9999
Epoch 152: Time: 0.6174 Cost: 0.0719 Pre: 1.0000 Re: 0.9998 Acc: 0.9999 F1: 0.9999
Epoch 153: Time: 0.6165 Cost: 0.0718 Pre: 1.0000 Re: 0.9998 Acc: 0.9999 F1: 0.9999
Epoch 154: Time: 0.6174 Cost: 0.0715 Pre: 1.0000 Re: 0.9998 Acc: 0.9999 F1: 0.9999
Epoch 155: Time: 0.6165 Cost: 0.0714 Pre: 1.0000 Re: 0.9998 Acc: 0.9999 F1: 0.9999
Epoch 156: Time: 0.6167 Cost: 0.0711 Pre: 1.0000 Re: 0.9998 Acc: 0.9999 F1: 0.9999
Epoch 157: Time: 0.6169 Cost: 0.0710 Pre: 1.0000 Re: 0.9998 Acc: 0.9999 F1: 0.9999
Epoch 158: Time: 0.6171 Cost: 0.0708 Pre: 1.0000 Re: 0.9998 Acc: 0.9999 F1: 0.9999
Epoch 159: Time: 0.6165 Cost: 0.0707 Pre: 1.0000 Re: 0.9998 Acc: 0.9999 F1: 0.9999
Epoch 160: Time: 0.6170 Cost: 0.0704 Pre: 1.0000 Re: 0.9998 Acc: 0.9999 F1: 0.9999


--------------------------------------------------------------------
Eval results: Cost:0.1833 Pre:0.9996 Re:0.9974 Acc:0.9985 F1:0.9985
--------------------------------------------------------------------

Epoch 161: Time: 0.6207 Cost: 0.0702 Pre: 1.0000 Re: 0.9998 Acc: 0.9999 F1: 0.9999
Epoch 162: Time: 0.6178 Cost: 0.0701 Pre: 1.0000 Re: 0.9998 Acc: 0.9999 F1: 0.9999
Epoch 163: Time: 0.6187 Cost: 0.0700 Pre: 1.0000 Re: 0.9998 Acc: 0.9999 F1: 0.9999
Epoch 164: Time: 0.6185 Cost: 0.0698 Pre: 1.0000 Re: 0.9998 Acc: 0.9999 F1: 0.9999
Epoch 165: Time: 0.6174 Cost: 0.0697 Pre: 1.0000 Re: 0.9998 Acc: 0.9999 F1: 0.9999
Epoch 166: Time: 0.6180 Cost: 0.0695 Pre: 1.0000 Re: 0.9998 Acc: 0.9999 F1: 0.9999
Epoch 167: Time: 0.6189 Cost: 0.0694 Pre: 1.0000 Re: 0.9998 Acc: 0.9999 F1: 0.9999
Epoch 168: Time: 0.6167 Cost: 0.0692 Pre: 1.0000 Re: 0.9998 Acc: 0.9999 F1: 0.9999
Epoch 169: Time: 0.6166 Cost: 0.0691 Pre: 1.0000 Re: 0.9998 Acc: 0.9999 F1: 0.9999
Epoch 170: Time: 0.6148 Cost: 0.0689 Pre: 1.0000 Re: 0.9998 Acc: 0.9999 F1: 0.9999


--------------------------------------------------------------------
Eval results: Cost:0.1835 Pre:0.9996 Re:0.9974 Acc:0.9985 F1:0.9985
--------------------------------------------------------------------

Epoch 171: Time: 0.6178 Cost: 0.0687 Pre: 1.0000 Re: 0.9998 Acc: 0.9999 F1: 0.9999
Epoch 172: Time: 0.6165 Cost: 0.0687 Pre: 1.0000 Re: 0.9998 Acc: 0.9999 F1: 0.9999
Epoch 173: Time: 0.6174 Cost: 0.0686 Pre: 1.0000 Re: 0.9998 Acc: 0.9999 F1: 0.9999
Epoch 174: Time: 0.6174 Cost: 0.0684 Pre: 1.0000 Re: 0.9998 Acc: 0.9999 F1: 0.9999
Epoch 175: Time: 0.6154 Cost: 0.0683 Pre: 1.0000 Re: 0.9998 Acc: 0.9999 F1: 0.9999
Epoch 176: Time: 0.6164 Cost: 0.0682 Pre: 1.0000 Re: 0.9998 Acc: 0.9999 F1: 0.9999
Epoch 177: Time: 0.6171 Cost: 0.0680 Pre: 1.0000 Re: 0.9998 Acc: 0.9999 F1: 0.9999
Epoch 178: Time: 0.6169 Cost: 0.0679 Pre: 1.0000 Re: 0.9998 Acc: 0.9999 F1: 0.9999
Epoch 179: Time: 0.6184 Cost: 0.0678 Pre: 1.0000 Re: 0.9998 Acc: 0.9999 F1: 0.9999
Epoch 180: Time: 0.6158 Cost: 0.0677 Pre: 1.0000 Re: 0.9998 Acc: 0.9999 F1: 0.9999


--------------------------------------------------------------------
Eval results: Cost:0.1809 Pre:0.9996 Re:0.9974 Acc:0.9985 F1:0.9985
--------------------------------------------------------------------

Epoch 181: Time: 0.6175 Cost: 0.0674 Pre: 1.0000 Re: 0.9998 Acc: 0.9999 F1: 0.9999
Epoch 182: Time: 0.6167 Cost: 0.0674 Pre: 1.0000 Re: 0.9998 Acc: 0.9999 F1: 0.9999
Epoch 183: Time: 0.6181 Cost: 0.0674 Pre: 1.0000 Re: 0.9998 Acc: 0.9999 F1: 0.9999
Epoch 184: Time: 0.6169 Cost: 0.0673 Pre: 1.0000 Re: 0.9998 Acc: 0.9999 F1: 0.9999
Epoch 185: Time: 0.6184 Cost: 0.0671 Pre: 1.0000 Re: 0.9998 Acc: 0.9999 F1: 0.9999
Epoch 186: Time: 0.6172 Cost: 0.0670 Pre: 1.0000 Re: 0.9998 Acc: 0.9999 F1: 0.9999
Epoch 187: Time: 0.6172 Cost: 0.0669 Pre: 1.0000 Re: 0.9998 Acc: 0.9999 F1: 0.9999
Epoch 188: Time: 0.6175 Cost: 0.0668 Pre: 1.0000 Re: 0.9998 Acc: 0.9999 F1: 0.9999
Epoch 189: Time: 0.6182 Cost: 0.0667 Pre: 1.0000 Re: 0.9998 Acc: 0.9999 F1: 0.9999
Epoch 190: Time: 0.6177 Cost: 0.0666 Pre: 1.0000 Re: 0.9998 Acc: 0.9999 F1: 0.9999


--------------------------------------------------------------------
Eval results: Cost:0.1770 Pre:0.9996 Re:0.9974 Acc:0.9985 F1:0.9985
--------------------------------------------------------------------

Epoch 191: Time: 0.6178 Cost: 0.0663 Pre: 1.0000 Re: 0.9998 Acc: 0.9999 F1: 0.9999
Epoch 192: Time: 0.6177 Cost: 0.0664 Pre: 1.0000 Re: 0.9998 Acc: 0.9999 F1: 0.9999
Epoch 193: Time: 0.6165 Cost: 0.0664 Pre: 1.0000 Re: 0.9998 Acc: 0.9999 F1: 0.9999
Epoch 194: Time: 0.6171 Cost: 0.0663 Pre: 1.0000 Re: 0.9998 Acc: 0.9999 F1: 0.9999
Epoch 195: Time: 0.6185 Cost: 0.0662 Pre: 1.0000 Re: 0.9998 Acc: 0.9999 F1: 0.9999
Epoch 196: Time: 0.6163 Cost: 0.0661 Pre: 1.0000 Re: 0.9998 Acc: 0.9999 F1: 0.9999
Epoch 197: Time: 0.6189 Cost: 0.0660 Pre: 1.0000 Re: 0.9998 Acc: 0.9999 F1: 0.9999
Epoch 198: Time: 0.6169 Cost: 0.0659 Pre: 1.0000 Re: 0.9998 Acc: 0.9999 F1: 0.9999
Epoch 199: Time: 0.6175 Cost: 0.0658 Pre: 1.0000 Re: 0.9998 Acc: 0.9999 F1: 0.9999
Epoch 200: Time: 0.6181 Cost: 0.0657 Pre: 1.0000 Re: 0.9998 Acc: 0.9999 F1: 0.9999


--------------------------------------------------------------------
Eval results: Cost:0.1732 Pre:0.9996 Re:0.9974 Acc:0.9985 F1:0.9985
--------------------------------------------------------------------

Epoch 201: Time: 0.6184 Cost: 0.0654 Pre: 1.0000 Re: 0.9998 Acc: 0.9999 F1: 0.9999
Epoch 202: Time: 0.6171 Cost: 0.0655 Pre: 1.0000 Re: 0.9998 Acc: 0.9999 F1: 0.9999
Epoch 203: Time: 0.6178 Cost: 0.0655 Pre: 1.0000 Re: 0.9998 Acc: 0.9999 F1: 0.9999
Epoch 204: Time: 0.6170 Cost: 0.0654 Pre: 1.0000 Re: 0.9998 Acc: 0.9999 F1: 0.9999
Epoch 205: Time: 0.6177 Cost: 0.0653 Pre: 1.0000 Re: 0.9998 Acc: 0.9999 F1: 0.9999
Epoch 206: Time: 0.6171 Cost: 0.0652 Pre: 1.0000 Re: 0.9998 Acc: 0.9999 F1: 0.9999
Epoch 207: Time: 0.6183 Cost: 0.0651 Pre: 1.0000 Re: 0.9998 Acc: 0.9999 F1: 0.9999
Epoch 208: Time: 0.6163 Cost: 0.0650 Pre: 1.0000 Re: 0.9998 Acc: 0.9999 F1: 0.9999
Epoch 209: Time: 0.6180 Cost: 0.0650 Pre: 1.0000 Re: 0.9998 Acc: 0.9999 F1: 0.9999
Epoch 210: Time: 0.6183 Cost: 0.0649 Pre: 1.0000 Re: 0.9998 Acc: 0.9999 F1: 0.9999


--------------------------------------------------------------------
Eval results: Cost:0.1701 Pre:0.9996 Re:0.9974 Acc:0.9985 F1:0.9985
--------------------------------------------------------------------

Epoch 211: Time: 0.6176 Cost: 0.0645 Pre: 1.0000 Re: 0.9998 Acc: 0.9999 F1: 0.9999
Epoch 212: Time: 0.6181 Cost: 0.0647 Pre: 1.0000 Re: 0.9998 Acc: 0.9999 F1: 0.9999
Epoch 213: Time: 0.6173 Cost: 0.0647 Pre: 1.0000 Re: 0.9998 Acc: 0.9999 F1: 0.9999
Epoch 214: Time: 0.6188 Cost: 0.0646 Pre: 1.0000 Re: 0.9998 Acc: 0.9999 F1: 0.9999
Epoch 215: Time: 0.6167 Cost: 0.0645 Pre: 1.0000 Re: 0.9998 Acc: 0.9999 F1: 0.9999
Epoch 216: Time: 0.6186 Cost: 0.0644 Pre: 1.0000 Re: 0.9998 Acc: 0.9999 F1: 0.9999
Epoch 217: Time: 0.6169 Cost: 0.0644 Pre: 1.0000 Re: 0.9998 Acc: 0.9999 F1: 0.9999
Epoch 218: Time: 0.6170 Cost: 0.0643 Pre: 1.0000 Re: 0.9998 Acc: 0.9999 F1: 0.9999
Epoch 219: Time: 0.6166 Cost: 0.0642 Pre: 1.0000 Re: 0.9998 Acc: 0.9999 F1: 0.9999
Epoch 220: Time: 0.6176 Cost: 0.0642 Pre: 1.0000 Re: 0.9998 Acc: 0.9999 F1: 0.9999


--------------------------------------------------------------------
Eval results: Cost:0.1679 Pre:0.9996 Re:0.9974 Acc:0.9985 F1:0.9985
--------------------------------------------------------------------

Epoch 221: Time: 0.6174 Cost: 0.0638 Pre: 1.0000 Re: 0.9998 Acc: 0.9999 F1: 0.9999
Epoch 222: Time: 0.6175 Cost: 0.0640 Pre: 1.0000 Re: 0.9998 Acc: 0.9999 F1: 0.9999
Epoch 223: Time: 0.6175 Cost: 0.0640 Pre: 1.0000 Re: 0.9998 Acc: 0.9999 F1: 0.9999
Epoch 224: Time: 0.6177 Cost: 0.0639 Pre: 1.0000 Re: 0.9998 Acc: 0.9999 F1: 0.9999
Epoch 225: Time: 0.6184 Cost: 0.0638 Pre: 1.0000 Re: 0.9998 Acc: 0.9999 F1: 0.9999
Epoch 226: Time: 0.6183 Cost: 0.0638 Pre: 1.0000 Re: 0.9998 Acc: 0.9999 F1: 0.9999
Epoch 227: Time: 0.6174 Cost: 0.0637 Pre: 1.0000 Re: 0.9998 Acc: 0.9999 F1: 0.9999
Epoch 228: Time: 0.6180 Cost: 0.0636 Pre: 1.0000 Re: 0.9998 Acc: 0.9999 F1: 0.9999
Epoch 229: Time: 0.6168 Cost: 0.0636 Pre: 1.0000 Re: 0.9998 Acc: 0.9999 F1: 0.9999
Epoch 230: Time: 0.6172 Cost: 0.0635 Pre: 1.0000 Re: 0.9998 Acc: 0.9999 F1: 0.9999


--------------------------------------------------------------------
Eval results: Cost:0.1665 Pre:0.9998 Re:0.9974 Acc:0.9986 F1:0.9986
--------------------------------------------------------------------

Epoch 231: Time: 0.6168 Cost: 0.0631 Pre: 1.0000 Re: 0.9998 Acc: 0.9999 F1: 0.9999
Epoch 232: Time: 0.6176 Cost: 0.0633 Pre: 1.0000 Re: 0.9998 Acc: 0.9999 F1: 0.9999
Epoch 233: Time: 0.6175 Cost: 0.0633 Pre: 1.0000 Re: 0.9998 Acc: 0.9999 F1: 0.9999
Epoch 234: Time: 0.6178 Cost: 0.0633 Pre: 1.0000 Re: 0.9998 Acc: 0.9999 F1: 0.9999
Epoch 235: Time: 0.6174 Cost: 0.0632 Pre: 1.0000 Re: 0.9998 Acc: 0.9999 F1: 0.9999
Epoch 236: Time: 0.6169 Cost: 0.0631 Pre: 1.0000 Re: 0.9998 Acc: 0.9999 F1: 0.9999
Epoch 237: Time: 0.6181 Cost: 0.0631 Pre: 1.0000 Re: 0.9998 Acc: 0.9999 F1: 0.9999
Epoch 238: Time: 0.6182 Cost: 0.0630 Pre: 1.0000 Re: 0.9998 Acc: 0.9999 F1: 0.9999
Epoch 239: Time: 0.6180 Cost: 0.0630 Pre: 1.0000 Re: 0.9998 Acc: 0.9999 F1: 0.9999
Epoch 240: Time: 0.6182 Cost: 0.0629 Pre: 1.0000 Re: 0.9998 Acc: 0.9999 F1: 0.9999


--------------------------------------------------------------------
Eval results: Cost:0.1655 Pre:0.9998 Re:0.9974 Acc:0.9986 F1:0.9986
--------------------------------------------------------------------

Epoch 241: Time: 0.6173 Cost: 0.0625 Pre: 1.0000 Re: 0.9998 Acc: 0.9999 F1: 0.9999
Epoch 242: Time: 0.6176 Cost: 0.0628 Pre: 1.0000 Re: 0.9998 Acc: 0.9999 F1: 0.9999
Epoch 243: Time: 0.6170 Cost: 0.0627 Pre: 1.0000 Re: 0.9998 Acc: 0.9999 F1: 0.9999
Epoch 244: Time: 0.6191 Cost: 0.0627 Pre: 1.0000 Re: 0.9998 Acc: 0.9999 F1: 0.9999
Epoch 245: Time: 0.6169 Cost: 0.0626 Pre: 1.0000 Re: 0.9998 Acc: 0.9999 F1: 0.9999
Epoch 246: Time: 0.6182 Cost: 0.0626 Pre: 1.0000 Re: 0.9998 Acc: 0.9999 F1: 0.9999
Epoch 247: Time: 0.6177 Cost: 0.0625 Pre: 1.0000 Re: 0.9998 Acc: 0.9999 F1: 0.9999
Epoch 248: Time: 0.6190 Cost: 0.0625 Pre: 1.0000 Re: 0.9998 Acc: 0.9999 F1: 0.9999
Epoch 249: Time: 0.6178 Cost: 0.0624 Pre: 1.0000 Re: 0.9998 Acc: 0.9999 F1: 0.9999
Epoch 250: Time: 0.6194 Cost: 0.0623 Pre: 1.0000 Re: 0.9998 Acc: 0.9999 F1: 0.9999


--------------------------------------------------------------------
Eval results: Cost:0.1649 Pre:0.9998 Re:0.9974 Acc:0.9986 F1:0.9986
--------------------------------------------------------------------

Epoch 251: Time: 0.6168 Cost: 0.0620 Pre: 1.0000 Re: 0.9998 Acc: 0.9999 F1: 0.9999
Epoch 252: Time: 0.6153 Cost: 0.0622 Pre: 1.0000 Re: 0.9998 Acc: 0.9999 F1: 0.9999
Epoch 253: Time: 0.6176 Cost: 0.0622 Pre: 1.0000 Re: 0.9998 Acc: 0.9999 F1: 0.9999
Epoch 254: Time: 0.6199 Cost: 0.0622 Pre: 1.0000 Re: 0.9998 Acc: 0.9999 F1: 0.9999
Epoch 255: Time: 0.6185 Cost: 0.0621 Pre: 1.0000 Re: 0.9998 Acc: 0.9999 F1: 0.9999
Epoch 256: Time: 0.6194 Cost: 0.0620 Pre: 1.0000 Re: 0.9998 Acc: 0.9999 F1: 0.9999
Epoch 257: Time: 0.6201 Cost: 0.0620 Pre: 1.0000 Re: 0.9998 Acc: 0.9999 F1: 0.9999
Epoch 258: Time: 0.6189 Cost: 0.0619 Pre: 1.0000 Re: 0.9998 Acc: 0.9999 F1: 0.9999
Epoch 259: Time: 0.6182 Cost: 0.0619 Pre: 1.0000 Re: 0.9998 Acc: 0.9999 F1: 0.9999
Epoch 260: Time: 0.6178 Cost: 0.0618 Pre: 1.0000 Re: 0.9998 Acc: 0.9999 F1: 0.9999


--------------------------------------------------------------------
Eval results: Cost:0.1644 Pre:0.9998 Re:0.9974 Acc:0.9986 F1:0.9986
--------------------------------------------------------------------

Epoch 261: Time: 0.6183 Cost: 0.0615 Pre: 1.0000 Re: 0.9998 Acc: 0.9999 F1: 0.9999
Epoch 262: Time: 0.6170 Cost: 0.0617 Pre: 1.0000 Re: 0.9998 Acc: 0.9999 F1: 0.9999
Epoch 263: Time: 0.6186 Cost: 0.0617 Pre: 1.0000 Re: 0.9998 Acc: 0.9999 F1: 0.9999
Epoch 264: Time: 0.6185 Cost: 0.0617 Pre: 1.0000 Re: 0.9998 Acc: 0.9999 F1: 0.9999
Epoch 265: Time: 0.6181 Cost: 0.0616 Pre: 1.0000 Re: 0.9998 Acc: 0.9999 F1: 0.9999
Epoch 266: Time: 0.6193 Cost: 0.0616 Pre: 1.0000 Re: 0.9998 Acc: 0.9999 F1: 0.9999
Epoch 267: Time: 0.6170 Cost: 0.0615 Pre: 1.0000 Re: 0.9998 Acc: 0.9999 F1: 0.9999
Epoch 268: Time: 0.6180 Cost: 0.0615 Pre: 1.0000 Re: 0.9998 Acc: 0.9999 F1: 0.9999
Epoch 269: Time: 0.6177 Cost: 0.0614 Pre: 1.0000 Re: 0.9998 Acc: 0.9999 F1: 0.9999
Epoch 270: Time: 0.6187 Cost: 0.0614 Pre: 1.0000 Re: 0.9998 Acc: 0.9999 F1: 0.9999


--------------------------------------------------------------------
Eval results: Cost:0.1640 Pre:0.9998 Re:0.9974 Acc:0.9986 F1:0.9986
--------------------------------------------------------------------

Epoch 271: Time: 0.6171 Cost: 0.0611 Pre: 1.0000 Re: 0.9998 Acc: 0.9999 F1: 0.9999
Epoch 272: Time: 0.6181 Cost: 0.0613 Pre: 1.0000 Re: 0.9998 Acc: 0.9999 F1: 0.9999
Epoch 273: Time: 0.6180 Cost: 0.0613 Pre: 1.0000 Re: 0.9998 Acc: 0.9999 F1: 0.9999
Epoch 274: Time: 0.6170 Cost: 0.0612 Pre: 1.0000 Re: 0.9998 Acc: 0.9999 F1: 0.9999
Epoch 275: Time: 0.6179 Cost: 0.0612 Pre: 1.0000 Re: 0.9998 Acc: 0.9999 F1: 0.9999
Epoch 276: Time: 0.6181 Cost: 0.0611 Pre: 1.0000 Re: 0.9998 Acc: 0.9999 F1: 0.9999
Epoch 277: Time: 0.6172 Cost: 0.0611 Pre: 1.0000 Re: 0.9998 Acc: 0.9999 F1: 0.9999
Epoch 278: Time: 0.6190 Cost: 0.0610 Pre: 1.0000 Re: 0.9998 Acc: 0.9999 F1: 0.9999
Epoch 279: Time: 0.6161 Cost: 0.0610 Pre: 1.0000 Re: 0.9998 Acc: 0.9999 F1: 0.9999
Epoch 280: Time: 0.6190 Cost: 0.0610 Pre: 1.0000 Re: 0.9998 Acc: 0.9999 F1: 0.9999


--------------------------------------------------------------------
Eval results: Cost:0.1637 Pre:0.9998 Re:0.9974 Acc:0.9986 F1:0.9986
--------------------------------------------------------------------

Epoch 281: Time: 0.6177 Cost: 0.0606 Pre: 1.0000 Re: 0.9998 Acc: 0.9999 F1: 0.9999
Epoch 282: Time: 0.6189 Cost: 0.0609 Pre: 1.0000 Re: 0.9998 Acc: 0.9999 F1: 0.9999
Epoch 283: Time: 0.6178 Cost: 0.0608 Pre: 1.0000 Re: 0.9998 Acc: 0.9999 F1: 0.9999
Epoch 284: Time: 0.6178 Cost: 0.0608 Pre: 1.0000 Re: 0.9998 Acc: 0.9999 F1: 0.9999
Epoch 285: Time: 0.6178 Cost: 0.0608 Pre: 1.0000 Re: 0.9998 Acc: 0.9999 F1: 0.9999
Epoch 286: Time: 0.6185 Cost: 0.0607 Pre: 1.0000 Re: 0.9998 Acc: 0.9999 F1: 0.9999
Epoch 287: Time: 0.6180 Cost: 0.0607 Pre: 1.0000 Re: 0.9998 Acc: 0.9999 F1: 0.9999
Epoch 288: Time: 0.6175 Cost: 0.0606 Pre: 1.0000 Re: 0.9998 Acc: 0.9999 F1: 0.9999
Epoch 289: Time: 0.6180 Cost: 0.0606 Pre: 1.0000 Re: 0.9998 Acc: 0.9999 F1: 0.9999
Epoch 290: Time: 0.6180 Cost: 0.0606 Pre: 1.0000 Re: 0.9998 Acc: 0.9999 F1: 0.9999


--------------------------------------------------------------------
Eval results: Cost:0.1633 Pre:0.9998 Re:0.9972 Acc:0.9985 F1:0.9985
--------------------------------------------------------------------

Epoch 291: Time: 0.6189 Cost: 0.0602 Pre: 1.0000 Re: 0.9998 Acc: 0.9999 F1: 0.9999
Epoch 292: Time: 0.6173 Cost: 0.0605 Pre: 1.0000 Re: 0.9998 Acc: 0.9999 F1: 0.9999
Epoch 293: Time: 0.6172 Cost: 0.0605 Pre: 1.0000 Re: 0.9998 Acc: 0.9999 F1: 0.9999
Epoch 294: Time: 0.6173 Cost: 0.0604 Pre: 1.0000 Re: 0.9998 Acc: 0.9999 F1: 0.9999
Epoch 295: Time: 0.6178 Cost: 0.0604 Pre: 1.0000 Re: 0.9998 Acc: 0.9999 F1: 0.9999
Epoch 296: Time: 0.6179 Cost: 0.0604 Pre: 1.0000 Re: 0.9998 Acc: 0.9999 F1: 0.9999
Epoch 297: Time: 0.6182 Cost: 0.0603 Pre: 1.0000 Re: 0.9998 Acc: 0.9999 F1: 0.9999
Epoch 298: Time: 0.6171 Cost: 0.0603 Pre: 1.0000 Re: 0.9998 Acc: 0.9999 F1: 0.9999
Epoch 299: Time: 0.6171 Cost: 0.0602 Pre: 1.0000 Re: 0.9998 Acc: 0.9999 F1: 0.9999
Epoch 300: Time: 0.6180 Cost: 0.0602 Pre: 1.0000 Re: 0.9998 Acc: 0.9999 F1: 0.9999


--------------------------------------------------------------------
Eval results: Cost:0.1630 Pre:0.9998 Re:0.9970 Acc:0.9984 F1:0.9984
--------------------------------------------------------------------

Epoch 301: Time: 0.6176 Cost: 0.0599 Pre: 1.0000 Re: 0.9998 Acc: 0.9999 F1: 0.9999
Epoch 302: Time: 0.6178 Cost: 0.0601 Pre: 1.0000 Re: 0.9998 Acc: 0.9999 F1: 0.9999
Epoch 303: Time: 0.6174 Cost: 0.0601 Pre: 1.0000 Re: 0.9998 Acc: 0.9999 F1: 0.9999
Epoch 304: Time: 0.6179 Cost: 0.0601 Pre: 1.0000 Re: 0.9998 Acc: 0.9999 F1: 0.9999
Epoch 305: Time: 0.6170 Cost: 0.0600 Pre: 1.0000 Re: 0.9998 Acc: 0.9999 F1: 0.9999
Epoch 306: Time: 0.6186 Cost: 0.0600 Pre: 1.0000 Re: 0.9998 Acc: 0.9999 F1: 0.9999
Epoch 307: Time: 0.6171 Cost: 0.0600 Pre: 1.0000 Re: 0.9998 Acc: 0.9999 F1: 0.9999
Epoch 308: Time: 0.6176 Cost: 0.0599 Pre: 1.0000 Re: 0.9998 Acc: 0.9999 F1: 0.9999
Epoch 309: Time: 0.6178 Cost: 0.0599 Pre: 1.0000 Re: 0.9998 Acc: 0.9999 F1: 0.9999
Epoch 310: Time: 0.6171 Cost: 0.0599 Pre: 1.0000 Re: 0.9998 Acc: 0.9999 F1: 0.9999


--------------------------------------------------------------------
Eval results: Cost:0.1627 Pre:0.9998 Re:0.9970 Acc:0.9984 F1:0.9984
--------------------------------------------------------------------

Epoch 311: Time: 0.6166 Cost: 0.0596 Pre: 1.0000 Re: 0.9998 Acc: 0.9999 F1: 0.9999
Epoch 312: Time: 0.6174 Cost: 0.0598 Pre: 1.0000 Re: 0.9998 Acc: 0.9999 F1: 0.9999
Epoch 313: Time: 0.6180 Cost: 0.0598 Pre: 1.0000 Re: 0.9998 Acc: 0.9999 F1: 0.9999
Epoch 314: Time: 0.6180 Cost: 0.0598 Pre: 1.0000 Re: 0.9998 Acc: 0.9999 F1: 0.9999
Epoch 315: Time: 0.6176 Cost: 0.0597 Pre: 1.0000 Re: 0.9998 Acc: 0.9999 F1: 0.9999
Epoch 316: Time: 0.6184 Cost: 0.0597 Pre: 1.0000 Re: 0.9998 Acc: 0.9999 F1: 0.9999
Epoch 317: Time: 0.6165 Cost: 0.0597 Pre: 1.0000 Re: 0.9998 Acc: 0.9999 F1: 0.9999
Epoch 318: Time: 0.6181 Cost: 0.0596 Pre: 1.0000 Re: 0.9998 Acc: 0.9999 F1: 0.9999
Epoch 319: Time: 0.6167 Cost: 0.0596 Pre: 1.0000 Re: 0.9998 Acc: 0.9999 F1: 0.9999
Epoch 320: Time: 0.6184 Cost: 0.0596 Pre: 1.0000 Re: 0.9998 Acc: 0.9999 F1: 0.9999


--------------------------------------------------------------------
Eval results: Cost:0.1629 Pre:0.9998 Re:0.9970 Acc:0.9984 F1:0.9984
--------------------------------------------------------------------

Epoch 321: Time: 0.6167 Cost: 0.0593 Pre: 1.0000 Re: 0.9998 Acc: 0.9999 F1: 0.9999
Epoch 322: Time: 0.6188 Cost: 0.0595 Pre: 1.0000 Re: 0.9998 Acc: 0.9999 F1: 0.9999
Epoch 323: Time: 0.6166 Cost: 0.0595 Pre: 1.0000 Re: 0.9998 Acc: 0.9999 F1: 0.9999
Epoch 324: Time: 0.6190 Cost: 0.0595 Pre: 1.0000 Re: 0.9998 Acc: 0.9999 F1: 0.9999
Epoch 325: Time: 0.6220 Cost: 0.0594 Pre: 1.0000 Re: 0.9998 Acc: 0.9999 F1: 0.9999
Epoch 326: Time: 0.6181 Cost: 0.0594 Pre: 1.0000 Re: 0.9998 Acc: 0.9999 F1: 0.9999
Epoch 327: Time: 0.6182 Cost: 0.0594 Pre: 1.0000 Re: 0.9998 Acc: 0.9999 F1: 0.9999
Epoch 328: Time: 0.6189 Cost: 0.0593 Pre: 1.0000 Re: 0.9998 Acc: 0.9999 F1: 0.9999
Epoch 329: Time: 0.6171 Cost: 0.0593 Pre: 1.0000 Re: 0.9998 Acc: 0.9999 F1: 0.9999
Epoch 330: Time: 0.6177 Cost: 0.0593 Pre: 1.0000 Re: 0.9998 Acc: 0.9999 F1: 0.9999


--------------------------------------------------------------------
Eval results: Cost:0.1654 Pre:0.9998 Re:0.9968 Acc:0.9983 F1:0.9983
--------------------------------------------------------------------

Epoch 331: Time: 0.6188 Cost: 0.0589 Pre: 1.0000 Re: 0.9998 Acc: 0.9999 F1: 0.9999
Epoch 332: Time: 0.6181 Cost: 0.0592 Pre: 1.0000 Re: 0.9998 Acc: 0.9999 F1: 0.9999
Epoch 333: Time: 0.6178 Cost: 0.0592 Pre: 1.0000 Re: 0.9998 Acc: 0.9999 F1: 0.9999
Epoch 334: Time: 0.6182 Cost: 0.0592 Pre: 1.0000 Re: 0.9998 Acc: 0.9999 F1: 0.9999
Epoch 335: Time: 0.6168 Cost: 0.0592 Pre: 1.0000 Re: 0.9998 Acc: 0.9999 F1: 0.9999
Epoch 336: Time: 0.6180 Cost: 0.0591 Pre: 1.0000 Re: 0.9998 Acc: 0.9999 F1: 0.9999
Epoch 337: Time: 0.6179 Cost: 0.0591 Pre: 1.0000 Re: 0.9998 Acc: 0.9999 F1: 0.9999
Epoch 338: Time: 0.6170 Cost: 0.0591 Pre: 1.0000 Re: 0.9998 Acc: 0.9999 F1: 0.9999
Epoch 339: Time: 0.6180 Cost: 0.0591 Pre: 1.0000 Re: 0.9998 Acc: 0.9999 F1: 0.9999
Epoch 340: Time: 0.6185 Cost: 0.0590 Pre: 1.0000 Re: 0.9998 Acc: 0.9999 F1: 0.9999


--------------------------------------------------------------------
Eval results: Cost:0.1684 Pre:0.9998 Re:0.9968 Acc:0.9983 F1:0.9983
--------------------------------------------------------------------

Epoch 341: Time: 0.6183 Cost: 0.0587 Pre: 1.0000 Re: 0.9998 Acc: 0.9999 F1: 0.9999
Epoch 342: Time: 0.6180 Cost: 0.0589 Pre: 1.0000 Re: 0.9998 Acc: 0.9999 F1: 0.9999
Epoch 343: Time: 0.6180 Cost: 0.0590 Pre: 1.0000 Re: 0.9998 Acc: 0.9999 F1: 0.9999
Epoch 344: Time: 0.6177 Cost: 0.0589 Pre: 1.0000 Re: 0.9998 Acc: 0.9999 F1: 0.9999
Epoch 345: Time: 0.6176 Cost: 0.0589 Pre: 1.0000 Re: 0.9998 Acc: 0.9999 F1: 0.9999
Epoch 346: Time: 0.6195 Cost: 0.0589 Pre: 1.0000 Re: 0.9998 Acc: 0.9999 F1: 0.9999
Epoch 347: Time: 0.6199 Cost: 0.0589 Pre: 1.0000 Re: 0.9998 Acc: 0.9999 F1: 0.9999
Epoch 348: Time: 0.6186 Cost: 0.0588 Pre: 1.0000 Re: 0.9998 Acc: 0.9999 F1: 0.9999
Epoch 349: Time: 0.6186 Cost: 0.0588 Pre: 1.0000 Re: 0.9998 Acc: 0.9999 F1: 0.9999
Epoch 350: Time: 0.6193 Cost: 0.0588 Pre: 1.0000 Re: 0.9998 Acc: 0.9999 F1: 0.9999


--------------------------------------------------------------------
Eval results: Cost:0.1698 Pre:0.9998 Re:0.9968 Acc:0.9983 F1:0.9983
--------------------------------------------------------------------

Epoch 351: Time: 0.6182 Cost: 0.0585 Pre: 1.0000 Re: 0.9998 Acc: 0.9999 F1: 0.9999
Epoch 352: Time: 0.6195 Cost: 0.0587 Pre: 1.0000 Re: 0.9998 Acc: 0.9999 F1: 0.9999
Epoch 353: Time: 0.6183 Cost: 0.0587 Pre: 1.0000 Re: 0.9998 Acc: 0.9999 F1: 0.9999
Epoch 354: Time: 0.6175 Cost: 0.0587 Pre: 1.0000 Re: 0.9998 Acc: 0.9999 F1: 0.9999
Epoch 355: Time: 0.6170 Cost: 0.0587 Pre: 1.0000 Re: 0.9998 Acc: 0.9999 F1: 0.9999
Epoch 356: Time: 0.6166 Cost: 0.0587 Pre: 1.0000 Re: 0.9998 Acc: 0.9999 F1: 0.9999
Epoch 357: Time: 0.6176 Cost: 0.0586 Pre: 1.0000 Re: 0.9998 Acc: 0.9999 F1: 0.9999
Epoch 358: Time: 0.6177 Cost: 0.0586 Pre: 1.0000 Re: 0.9998 Acc: 0.9999 F1: 0.9999
Epoch 359: Time: 0.6192 Cost: 0.0586 Pre: 1.0000 Re: 0.9998 Acc: 0.9999 F1: 0.9999
Epoch 360: Time: 0.6162 Cost: 0.0586 Pre: 1.0000 Re: 0.9998 Acc: 0.9999 F1: 0.9999


--------------------------------------------------------------------
Eval results: Cost:0.1700 Pre:0.9998 Re:0.9968 Acc:0.9983 F1:0.9983
--------------------------------------------------------------------

Early stopping...
--------------------------------------------------------------------
Eval results: Cost:0.1700 Pre:0.9998 Re:0.9968 Acc:0.9983 F1:0.9983
--------------------------------------------------------------------
Test 10000 samples take time: 3.3877
Test results: Cost:0.0182 Pre:0.9996 Re:0.9972 Acc:0.9984 F1:0.9984
--------------------------------------------------------------------

