Load data
RNN type: M Grammar: SL/SL4/10k/ Seed: 1
Model total parameters: 290
Saving hinit ... 

Epoch 0: Time: 5.2152 Cost: 59.3525 Pre: 0.5475 Re: 0.3092 Acc: 0.5268 F1: 0.3952


--------------------------------------------------------------------
Eval results: Cost:31.6552 Pre:0.7755 Re:0.4988 Acc:0.6772 F1:0.6071
--------------------------------------------------------------------

Epoch 1: Time: 5.1951 Cost: 19.6886 Pre: 0.7844 Re: 0.6674 Acc: 0.7420 F1: 0.7212
Epoch 2: Time: 5.2210 Cost: 9.7248 Pre: 0.8550 Re: 0.9084 Acc: 0.8772 F1: 0.8809
Epoch 3: Time: 5.1858 Cost: 7.0821 Pre: 0.8669 Re: 0.9718 Acc: 0.9113 F1: 0.9164
Epoch 4: Time: 5.2044 Cost: 5.8558 Pre: 0.8969 Re: 0.9812 Acc: 0.9342 F1: 0.9372
Epoch 5: Time: 5.1975 Cost: 5.0530 Pre: 0.9162 Re: 0.9860 Acc: 0.9479 F1: 0.9498
Epoch 6: Time: 5.2187 Cost: 4.4424 Pre: 0.9267 Re: 0.9912 Acc: 0.9564 F1: 0.9579
Epoch 7: Time: 5.2039 Cost: 4.0129 Pre: 0.9324 Re: 0.9958 Acc: 0.9618 F1: 0.9631
Epoch 8: Time: 5.2224 Cost: 3.6856 Pre: 0.9366 Re: 0.9986 Acc: 0.9655 F1: 0.9666
Epoch 9: Time: 5.1878 Cost: 3.4384 Pre: 0.9395 Re: 0.9992 Acc: 0.9674 F1: 0.9684
Epoch 10: Time: 5.1781 Cost: 3.1957 Pre: 0.9433 Re: 0.9990 Acc: 0.9695 F1: 0.9704


--------------------------------------------------------------------
Eval results: Cost:2.7118 Pre:0.9518 Re:0.9982 Acc:0.9738 F1:0.9744
--------------------------------------------------------------------

Epoch 11: Time: 5.1921 Cost: 2.8664 Pre: 0.9514 Re: 0.9990 Acc: 0.9740 F1: 0.9746
Epoch 12: Time: 5.2072 Cost: 2.4382 Pre: 0.9611 Re: 0.9990 Acc: 0.9793 F1: 0.9797
Epoch 13: Time: 5.1932 Cost: 2.1521 Pre: 0.9678 Re: 0.9994 Acc: 0.9831 F1: 0.9834
Epoch 14: Time: 5.2119 Cost: 1.9037 Pre: 0.9720 Re: 0.9998 Acc: 0.9855 F1: 0.9857
Epoch 15: Time: 5.2316 Cost: 1.6610 Pre: 0.9783 Re: 0.9994 Acc: 0.9886 F1: 0.9887
Epoch 16: Time: 5.2055 Cost: 1.4237 Pre: 0.9812 Re: 1.0000 Acc: 0.9904 F1: 0.9905
Epoch 17: Time: 5.2226 Cost: 1.1988 Pre: 0.9876 Re: 1.0000 Acc: 0.9937 F1: 0.9937
Epoch 18: Time: 5.2059 Cost: 0.9996 Pre: 0.9929 Re: 0.9998 Acc: 0.9963 F1: 0.9963
Epoch 19: Time: 5.2125 Cost: 0.8422 Pre: 0.9934 Re: 0.9998 Acc: 0.9966 F1: 0.9966
Epoch 20: Time: 5.1946 Cost: 0.6609 Pre: 0.9964 Re: 1.0000 Acc: 0.9982 F1: 0.9982


--------------------------------------------------------------------
Eval results: Cost:0.6276 Pre:0.9921 Re:1.0000 Acc:0.9960 F1:0.9960
--------------------------------------------------------------------

Epoch 21: Time: 5.2108 Cost: 0.5497 Pre: 0.9978 Re: 1.0000 Acc: 0.9989 F1: 0.9989
Epoch 22: Time: 5.1755 Cost: 0.4617 Pre: 0.9986 Re: 1.0000 Acc: 0.9993 F1: 0.9993
Epoch 23: Time: 5.2004 Cost: 0.3864 Pre: 0.9986 Re: 1.0000 Acc: 0.9993 F1: 0.9993
Epoch 24: Time: 5.1836 Cost: 0.3285 Pre: 0.9986 Re: 1.0000 Acc: 0.9993 F1: 0.9993
Epoch 25: Time: 5.2040 Cost: 0.5564 Pre: 0.9982 Re: 1.0000 Acc: 0.9991 F1: 0.9991
Epoch 26: Time: 5.1988 Cost: 0.2945 Pre: 0.9984 Re: 1.0000 Acc: 0.9992 F1: 0.9992
Epoch 27: Time: 5.2093 Cost: 0.2621 Pre: 0.9990 Re: 1.0000 Acc: 0.9995 F1: 0.9995
Epoch 28: Time: 5.1637 Cost: 0.2337 Pre: 0.9996 Re: 1.0000 Acc: 0.9998 F1: 0.9998
Epoch 29: Time: 5.2219 Cost: 0.1932 Pre: 0.9998 Re: 1.0000 Acc: 0.9999 F1: 0.9999
Epoch 30: Time: 5.1741 Cost: 0.1680 Pre: 1.0000 Re: 1.0000 Acc: 1.0000 F1: 1.0000


--------------------------------------------------------------------
Eval results: Cost:0.2424 Pre:0.9994 Re:0.9988 Acc:0.9991 F1:0.9991
--------------------------------------------------------------------

Epoch 31: Time: 5.1969 Cost: 0.1490 Pre: 1.0000 Re: 1.0000 Acc: 1.0000 F1: 1.0000
Epoch 32: Time: 5.1862 Cost: 0.1357 Pre: 1.0000 Re: 1.0000 Acc: 1.0000 F1: 1.0000
Epoch 33: Time: 5.1952 Cost: 0.1205 Pre: 1.0000 Re: 1.0000 Acc: 1.0000 F1: 1.0000
Epoch 34: Time: 5.1740 Cost: 0.1069 Pre: 1.0000 Re: 1.0000 Acc: 1.0000 F1: 1.0000
Epoch 35: Time: 5.1996 Cost: 0.0961 Pre: 1.0000 Re: 1.0000 Acc: 1.0000 F1: 1.0000
Epoch 36: Time: 5.1777 Cost: 0.0865 Pre: 1.0000 Re: 1.0000 Acc: 1.0000 F1: 1.0000
Epoch 37: Time: 5.2065 Cost: 0.0783 Pre: 1.0000 Re: 1.0000 Acc: 1.0000 F1: 1.0000
Epoch 38: Time: 5.2108 Cost: 0.0714 Pre: 1.0000 Re: 1.0000 Acc: 1.0000 F1: 1.0000
Epoch 39: Time: 5.2237 Cost: 0.0655 Pre: 1.0000 Re: 1.0000 Acc: 1.0000 F1: 1.0000
Epoch 40: Time: 5.1979 Cost: 0.0606 Pre: 1.0000 Re: 1.0000 Acc: 1.0000 F1: 1.0000


--------------------------------------------------------------------
Eval results: Cost:0.1203 Pre:0.9998 Re:0.9988 Acc:0.9993 F1:0.9993
--------------------------------------------------------------------

Epoch 41: Time: 5.3718 Cost: 0.0548 Pre: 1.0000 Re: 1.0000 Acc: 1.0000 F1: 1.0000
Epoch 42: Time: 5.5953 Cost: 0.0533 Pre: 1.0000 Re: 1.0000 Acc: 1.0000 F1: 1.0000
Epoch 43: Time: 5.2038 Cost: 0.0499 Pre: 1.0000 Re: 1.0000 Acc: 1.0000 F1: 1.0000
Epoch 44: Time: 5.1913 Cost: 0.0469 Pre: 1.0000 Re: 1.0000 Acc: 1.0000 F1: 1.0000
Epoch 45: Time: 5.2122 Cost: 0.0442 Pre: 1.0000 Re: 1.0000 Acc: 1.0000 F1: 1.0000
Epoch 46: Time: 5.2074 Cost: 0.0417 Pre: 1.0000 Re: 1.0000 Acc: 1.0000 F1: 1.0000
Epoch 47: Time: 5.2161 Cost: 0.0394 Pre: 1.0000 Re: 1.0000 Acc: 1.0000 F1: 1.0000
Epoch 48: Time: 5.1816 Cost: 0.0373 Pre: 1.0000 Re: 1.0000 Acc: 1.0000 F1: 1.0000
Epoch 49: Time: 5.1974 Cost: 0.0354 Pre: 1.0000 Re: 1.0000 Acc: 1.0000 F1: 1.0000
Epoch 50: Time: 5.2071 Cost: 0.0335 Pre: 1.0000 Re: 1.0000 Acc: 1.0000 F1: 1.0000


--------------------------------------------------------------------
Eval results: Cost:0.0873 Pre:0.9998 Re:0.9988 Acc:0.9993 F1:0.9993
--------------------------------------------------------------------

Epoch 51: Time: 5.1754 Cost: 0.0303 Pre: 1.0000 Re: 1.0000 Acc: 1.0000 F1: 1.0000
Epoch 52: Time: 5.2096 Cost: 0.0304 Pre: 1.0000 Re: 1.0000 Acc: 1.0000 F1: 1.0000
Epoch 53: Time: 5.1911 Cost: 0.0290 Pre: 1.0000 Re: 1.0000 Acc: 1.0000 F1: 1.0000
Epoch 54: Time: 5.1821 Cost: 0.0276 Pre: 1.0000 Re: 1.0000 Acc: 1.0000 F1: 1.0000
Epoch 55: Time: 5.1854 Cost: 0.0263 Pre: 1.0000 Re: 1.0000 Acc: 1.0000 F1: 1.0000
Epoch 56: Time: 5.2077 Cost: 0.0251 Pre: 1.0000 Re: 1.0000 Acc: 1.0000 F1: 1.0000
Epoch 57: Time: 5.1856 Cost: 0.0240 Pre: 1.0000 Re: 1.0000 Acc: 1.0000 F1: 1.0000
Epoch 58: Time: 5.2173 Cost: 0.0230 Pre: 1.0000 Re: 1.0000 Acc: 1.0000 F1: 1.0000
Epoch 59: Time: 5.1797 Cost: 0.0221 Pre: 1.0000 Re: 1.0000 Acc: 1.0000 F1: 1.0000
Epoch 60: Time: 5.2116 Cost: 0.0213 Pre: 1.0000 Re: 1.0000 Acc: 1.0000 F1: 1.0000


--------------------------------------------------------------------
Eval results: Cost:0.0756 Pre:0.9998 Re:0.9988 Acc:0.9993 F1:0.9993
--------------------------------------------------------------------

Epoch 61: Time: 5.2030 Cost: 0.0180 Pre: 1.0000 Re: 1.0000 Acc: 1.0000 F1: 1.0000
Epoch 62: Time: 5.1955 Cost: 0.0184 Pre: 1.0000 Re: 1.0000 Acc: 1.0000 F1: 1.0000
Epoch 63: Time: 5.1863 Cost: 0.0197 Pre: 1.0000 Re: 1.0000 Acc: 1.0000 F1: 1.0000
Epoch 64: Time: 5.1882 Cost: 0.0190 Pre: 1.0000 Re: 1.0000 Acc: 1.0000 F1: 1.0000
Epoch 65: Time: 5.2011 Cost: 0.0184 Pre: 1.0000 Re: 1.0000 Acc: 1.0000 F1: 1.0000
Epoch 66: Time: 5.2197 Cost: 0.0178 Pre: 1.0000 Re: 1.0000 Acc: 1.0000 F1: 1.0000
Epoch 67: Time: 5.2285 Cost: 0.0172 Pre: 1.0000 Re: 1.0000 Acc: 1.0000 F1: 1.0000
Epoch 68: Time: 5.2183 Cost: 0.0167 Pre: 1.0000 Re: 1.0000 Acc: 1.0000 F1: 1.0000
Epoch 69: Time: 5.2183 Cost: 0.0162 Pre: 1.0000 Re: 1.0000 Acc: 1.0000 F1: 1.0000
Epoch 70: Time: 5.2175 Cost: 0.0157 Pre: 1.0000 Re: 1.0000 Acc: 1.0000 F1: 1.0000


--------------------------------------------------------------------
Eval results: Cost:0.0922 Pre:0.9992 Re:0.9990 Acc:0.9991 F1:0.9991
--------------------------------------------------------------------

Epoch 71: Time: 5.1976 Cost: 0.0142 Pre: 1.0000 Re: 1.0000 Acc: 1.0000 F1: 1.0000
Epoch 72: Time: 5.2077 Cost: 0.0150 Pre: 1.0000 Re: 1.0000 Acc: 1.0000 F1: 1.0000
Epoch 73: Time: 5.1837 Cost: 0.0145 Pre: 1.0000 Re: 1.0000 Acc: 1.0000 F1: 1.0000
Epoch 74: Time: 5.2306 Cost: 0.0142 Pre: 1.0000 Re: 1.0000 Acc: 1.0000 F1: 1.0000
Epoch 75: Time: 5.1921 Cost: 0.0137 Pre: 1.0000 Re: 1.0000 Acc: 1.0000 F1: 1.0000
Epoch 76: Time: 5.2221 Cost: 0.0134 Pre: 1.0000 Re: 1.0000 Acc: 1.0000 F1: 1.0000
Epoch 77: Time: 5.2147 Cost: 0.0130 Pre: 1.0000 Re: 1.0000 Acc: 1.0000 F1: 1.0000
Epoch 78: Time: 5.2062 Cost: 0.0127 Pre: 1.0000 Re: 1.0000 Acc: 1.0000 F1: 1.0000
Epoch 79: Time: 5.2127 Cost: 0.0123 Pre: 1.0000 Re: 1.0000 Acc: 1.0000 F1: 1.0000
Epoch 80: Time: 5.2224 Cost: 0.0120 Pre: 1.0000 Re: 1.0000 Acc: 1.0000 F1: 1.0000


--------------------------------------------------------------------
Eval results: Cost:0.0946 Pre:0.9992 Re:0.9988 Acc:0.9990 F1:0.9990
--------------------------------------------------------------------

Epoch 81: Time: 5.2259 Cost: 0.0106 Pre: 1.0000 Re: 1.0000 Acc: 1.0000 F1: 1.0000
Epoch 82: Time: 5.1894 Cost: 0.0113 Pre: 1.0000 Re: 1.0000 Acc: 1.0000 F1: 1.0000
Epoch 83: Time: 5.2062 Cost: 0.0112 Pre: 1.0000 Re: 1.0000 Acc: 1.0000 F1: 1.0000
Epoch 84: Time: 5.2006 Cost: 0.0107 Pre: 1.0000 Re: 1.0000 Acc: 1.0000 F1: 1.0000
Epoch 85: Time: 5.2265 Cost: 0.0105 Pre: 1.0000 Re: 1.0000 Acc: 1.0000 F1: 1.0000
Epoch 86: Time: 5.1981 Cost: 0.0100 Pre: 1.0000 Re: 1.0000 Acc: 1.0000 F1: 1.0000
Epoch 87: Time: 5.2130 Cost: 0.0100 Pre: 1.0000 Re: 1.0000 Acc: 1.0000 F1: 1.0000
Epoch 88: Time: 5.1912 Cost: 0.0095 Pre: 1.0000 Re: 1.0000 Acc: 1.0000 F1: 1.0000
Epoch 89: Time: 5.2265 Cost: 0.0093 Pre: 1.0000 Re: 1.0000 Acc: 1.0000 F1: 1.0000
Epoch 90: Time: 5.2052 Cost: 0.0091 Pre: 1.0000 Re: 1.0000 Acc: 1.0000 F1: 1.0000


--------------------------------------------------------------------
Eval results: Cost:0.0878 Pre:0.9992 Re:0.9988 Acc:0.9990 F1:0.9990
--------------------------------------------------------------------

Epoch 91: Time: 5.1977 Cost: 0.0084 Pre: 1.0000 Re: 1.0000 Acc: 1.0000 F1: 1.0000
Epoch 92: Time: 5.2057 Cost: 0.0087 Pre: 1.0000 Re: 1.0000 Acc: 1.0000 F1: 1.0000
Epoch 93: Time: 5.2050 Cost: 0.0084 Pre: 1.0000 Re: 1.0000 Acc: 1.0000 F1: 1.0000
Epoch 94: Time: 5.2100 Cost: 0.0083 Pre: 1.0000 Re: 1.0000 Acc: 1.0000 F1: 1.0000
Epoch 95: Time: 5.2133 Cost: 0.0081 Pre: 1.0000 Re: 1.0000 Acc: 1.0000 F1: 1.0000
Epoch 96: Time: 5.1938 Cost: 0.0079 Pre: 1.0000 Re: 1.0000 Acc: 1.0000 F1: 1.0000
Epoch 97: Time: 5.2043 Cost: 0.0079 Pre: 1.0000 Re: 1.0000 Acc: 1.0000 F1: 1.0000
Epoch 98: Time: 5.1999 Cost: 0.0076 Pre: 1.0000 Re: 1.0000 Acc: 1.0000 F1: 1.0000
Epoch 99: Time: 5.2179 Cost: 0.0074 Pre: 1.0000 Re: 1.0000 Acc: 1.0000 F1: 1.0000
Epoch 100: Time: 5.2068 Cost: 0.0071 Pre: 1.0000 Re: 1.0000 Acc: 1.0000 F1: 1.0000


--------------------------------------------------------------------
Eval results: Cost:0.0867 Pre:0.9992 Re:0.9988 Acc:0.9990 F1:0.9990
--------------------------------------------------------------------

Epoch 101: Time: 5.1963 Cost: 0.0066 Pre: 1.0000 Re: 1.0000 Acc: 1.0000 F1: 1.0000
Epoch 102: Time: 5.1868 Cost: 0.0070 Pre: 1.0000 Re: 1.0000 Acc: 1.0000 F1: 1.0000
Epoch 103: Time: 5.1983 Cost: 0.0066 Pre: 1.0000 Re: 1.0000 Acc: 1.0000 F1: 1.0000
Epoch 104: Time: 5.1816 Cost: 0.0068 Pre: 1.0000 Re: 1.0000 Acc: 1.0000 F1: 1.0000
Epoch 105: Time: 5.2115 Cost: 0.0065 Pre: 1.0000 Re: 1.0000 Acc: 1.0000 F1: 1.0000
Epoch 106: Time: 5.2081 Cost: 0.0065 Pre: 1.0000 Re: 1.0000 Acc: 1.0000 F1: 1.0000
Epoch 107: Time: 5.2129 Cost: 0.0063 Pre: 1.0000 Re: 1.0000 Acc: 1.0000 F1: 1.0000
Epoch 108: Time: 5.1930 Cost: 0.0062 Pre: 1.0000 Re: 1.0000 Acc: 1.0000 F1: 1.0000
Epoch 109: Time: 5.1814 Cost: 0.0061 Pre: 1.0000 Re: 1.0000 Acc: 1.0000 F1: 1.0000
Epoch 110: Time: 5.1917 Cost: 0.0059 Pre: 1.0000 Re: 1.0000 Acc: 1.0000 F1: 1.0000


--------------------------------------------------------------------
Eval results: Cost:0.0848 Pre:0.9994 Re:0.9988 Acc:0.9991 F1:0.9991
--------------------------------------------------------------------

Epoch 111: Time: 5.1861 Cost: 0.0053 Pre: 1.0000 Re: 1.0000 Acc: 1.0000 F1: 1.0000
Epoch 112: Time: 5.2159 Cost: 0.0057 Pre: 1.0000 Re: 1.0000 Acc: 1.0000 F1: 1.0000
Epoch 113: Time: 5.1981 Cost: 0.0056 Pre: 1.0000 Re: 1.0000 Acc: 1.0000 F1: 1.0000
Epoch 114: Time: 5.2130 Cost: 0.0054 Pre: 1.0000 Re: 1.0000 Acc: 1.0000 F1: 1.0000
Epoch 115: Time: 5.1920 Cost: 0.0054 Pre: 1.0000 Re: 1.0000 Acc: 1.0000 F1: 1.0000
Epoch 116: Time: 5.2185 Cost: 0.0051 Pre: 1.0000 Re: 1.0000 Acc: 1.0000 F1: 1.0000
Epoch 117: Time: 5.2000 Cost: 0.0054 Pre: 1.0000 Re: 1.0000 Acc: 1.0000 F1: 1.0000
Epoch 118: Time: 5.2071 Cost: 0.0050 Pre: 1.0000 Re: 1.0000 Acc: 1.0000 F1: 1.0000
Epoch 119: Time: 5.1772 Cost: 0.0051 Pre: 1.0000 Re: 1.0000 Acc: 1.0000 F1: 1.0000
Epoch 120: Time: 5.2193 Cost: 0.0048 Pre: 1.0000 Re: 1.0000 Acc: 1.0000 F1: 1.0000


--------------------------------------------------------------------
Eval results: Cost:0.0816 Pre:0.9994 Re:0.9988 Acc:0.9991 F1:0.9991
--------------------------------------------------------------------

Epoch 121: Time: 5.1954 Cost: 0.0046 Pre: 1.0000 Re: 1.0000 Acc: 1.0000 F1: 1.0000
Epoch 122: Time: 5.2116 Cost: 0.0048 Pre: 1.0000 Re: 1.0000 Acc: 1.0000 F1: 1.0000
Epoch 123: Time: 5.2045 Cost: 0.0046 Pre: 1.0000 Re: 1.0000 Acc: 1.0000 F1: 1.0000
Epoch 124: Time: 5.2126 Cost: 0.0049 Pre: 1.0000 Re: 1.0000 Acc: 1.0000 F1: 1.0000
Epoch 125: Time: 5.2194 Cost: 0.0045 Pre: 1.0000 Re: 1.0000 Acc: 1.0000 F1: 1.0000
Epoch 126: Time: 5.1921 Cost: 0.0046 Pre: 1.0000 Re: 1.0000 Acc: 1.0000 F1: 1.0000
Epoch 127: Time: 5.2027 Cost: 0.0045 Pre: 1.0000 Re: 1.0000 Acc: 1.0000 F1: 1.0000
Epoch 128: Time: 5.2062 Cost: 0.0045 Pre: 1.0000 Re: 1.0000 Acc: 1.0000 F1: 1.0000
Epoch 129: Time: 5.1936 Cost: 0.0044 Pre: 1.0000 Re: 1.0000 Acc: 1.0000 F1: 1.0000
Epoch 130: Time: 5.2199 Cost: 0.0043 Pre: 1.0000 Re: 1.0000 Acc: 1.0000 F1: 1.0000


--------------------------------------------------------------------
Eval results: Cost:0.0784 Pre:0.9994 Re:0.9988 Acc:0.9991 F1:0.9991
--------------------------------------------------------------------

Epoch 131: Time: 5.1943 Cost: 0.0040 Pre: 1.0000 Re: 1.0000 Acc: 1.0000 F1: 1.0000
Epoch 132: Time: 5.2182 Cost: 0.0043 Pre: 1.0000 Re: 1.0000 Acc: 1.0000 F1: 1.0000
Epoch 133: Time: 5.1907 Cost: 0.0041 Pre: 1.0000 Re: 1.0000 Acc: 1.0000 F1: 1.0000
Epoch 134: Time: 5.2173 Cost: 0.0043 Pre: 1.0000 Re: 1.0000 Acc: 1.0000 F1: 1.0000
Epoch 135: Time: 5.2058 Cost: 0.0041 Pre: 1.0000 Re: 1.0000 Acc: 1.0000 F1: 1.0000
Epoch 136: Time: 5.2209 Cost: 0.0040 Pre: 1.0000 Re: 1.0000 Acc: 1.0000 F1: 1.0000
Epoch 137: Time: 5.1933 Cost: 0.0039 Pre: 1.0000 Re: 1.0000 Acc: 1.0000 F1: 1.0000
Epoch 138: Time: 5.2126 Cost: 0.0039 Pre: 1.0000 Re: 1.0000 Acc: 1.0000 F1: 1.0000
Epoch 139: Time: 5.2054 Cost: 0.0038 Pre: 1.0000 Re: 1.0000 Acc: 1.0000 F1: 1.0000
Epoch 140: Time: 5.2015 Cost: 0.0038 Pre: 1.0000 Re: 1.0000 Acc: 1.0000 F1: 1.0000


--------------------------------------------------------------------
Eval results: Cost:0.0716 Pre:0.9994 Re:0.9992 Acc:0.9993 F1:0.9993
--------------------------------------------------------------------

Epoch 141: Time: 5.2091 Cost: 0.0034 Pre: 1.0000 Re: 1.0000 Acc: 1.0000 F1: 1.0000
Epoch 142: Time: 5.2095 Cost: 0.0037 Pre: 1.0000 Re: 1.0000 Acc: 1.0000 F1: 1.0000
Epoch 143: Time: 5.2205 Cost: 0.0037 Pre: 1.0000 Re: 1.0000 Acc: 1.0000 F1: 1.0000
Epoch 144: Time: 5.2026 Cost: 0.0037 Pre: 1.0000 Re: 1.0000 Acc: 1.0000 F1: 1.0000
Epoch 145: Time: 5.1976 Cost: 0.0040 Pre: 1.0000 Re: 1.0000 Acc: 1.0000 F1: 1.0000
Epoch 146: Time: 5.2027 Cost: 0.0036 Pre: 1.0000 Re: 1.0000 Acc: 1.0000 F1: 1.0000
Epoch 147: Time: 5.2155 Cost: 0.0036 Pre: 1.0000 Re: 1.0000 Acc: 1.0000 F1: 1.0000
Epoch 148: Time: 5.2066 Cost: 0.0034 Pre: 1.0000 Re: 1.0000 Acc: 1.0000 F1: 1.0000
Epoch 149: Time: 5.2203 Cost: 0.0034 Pre: 1.0000 Re: 1.0000 Acc: 1.0000 F1: 1.0000
Epoch 150: Time: 5.1972 Cost: 0.0039 Pre: 1.0000 Re: 1.0000 Acc: 1.0000 F1: 1.0000


--------------------------------------------------------------------
Eval results: Cost:0.0651 Pre:0.9994 Re:0.9992 Acc:0.9993 F1:0.9993
--------------------------------------------------------------------

Epoch 151: Time: 5.1733 Cost: 0.0027 Pre: 1.0000 Re: 1.0000 Acc: 1.0000 F1: 1.0000
Epoch 152: Time: 5.1986 Cost: 0.0032 Pre: 1.0000 Re: 1.0000 Acc: 1.0000 F1: 1.0000
Epoch 153: Time: 5.1916 Cost: 0.0040 Pre: 1.0000 Re: 1.0000 Acc: 1.0000 F1: 1.0000
Epoch 154: Time: 5.1918 Cost: 0.0031 Pre: 1.0000 Re: 1.0000 Acc: 1.0000 F1: 1.0000
Epoch 155: Time: 5.1682 Cost: 0.0034 Pre: 1.0000 Re: 1.0000 Acc: 1.0000 F1: 1.0000
Epoch 156: Time: 5.2033 Cost: 0.0035 Pre: 1.0000 Re: 1.0000 Acc: 1.0000 F1: 1.0000
Epoch 157: Time: 5.1742 Cost: 0.0035 Pre: 1.0000 Re: 1.0000 Acc: 1.0000 F1: 1.0000
Epoch 158: Time: 5.2060 Cost: 0.0030 Pre: 1.0000 Re: 1.0000 Acc: 1.0000 F1: 1.0000
Epoch 159: Time: 5.1750 Cost: 0.0032 Pre: 1.0000 Re: 1.0000 Acc: 1.0000 F1: 1.0000
Epoch 160: Time: 5.2008 Cost: 0.0032 Pre: 1.0000 Re: 1.0000 Acc: 1.0000 F1: 1.0000


--------------------------------------------------------------------
Eval results: Cost:0.0379 Pre:0.9994 Re:1.0000 Acc:0.9997 F1:0.9997
--------------------------------------------------------------------

Epoch 161: Time: 5.2144 Cost: 0.0030 Pre: 1.0000 Re: 1.0000 Acc: 1.0000 F1: 1.0000
Epoch 162: Time: 5.2023 Cost: 0.0033 Pre: 1.0000 Re: 1.0000 Acc: 1.0000 F1: 1.0000
Epoch 163: Time: 5.1695 Cost: 0.0033 Pre: 1.0000 Re: 1.0000 Acc: 1.0000 F1: 1.0000
Epoch 164: Time: 5.1975 Cost: 0.0031 Pre: 1.0000 Re: 1.0000 Acc: 1.0000 F1: 1.0000
Epoch 165: Time: 5.1836 Cost: 0.0036 Pre: 1.0000 Re: 1.0000 Acc: 1.0000 F1: 1.0000
Epoch 166: Time: 5.2115 Cost: 0.0031 Pre: 1.0000 Re: 1.0000 Acc: 1.0000 F1: 1.0000
Epoch 167: Time: 5.2070 Cost: 0.0033 Pre: 1.0000 Re: 1.0000 Acc: 1.0000 F1: 1.0000
Epoch 168: Time: 5.2185 Cost: 0.0038 Pre: 1.0000 Re: 1.0000 Acc: 1.0000 F1: 1.0000
Epoch 169: Time: 5.2014 Cost: 0.0030 Pre: 1.0000 Re: 1.0000 Acc: 1.0000 F1: 1.0000
Epoch 170: Time: 5.2116 Cost: 0.0028 Pre: 1.0000 Re: 1.0000 Acc: 1.0000 F1: 1.0000


--------------------------------------------------------------------
Eval results: Cost:0.0382 Pre:0.9994 Re:1.0000 Acc:0.9997 F1:0.9997
--------------------------------------------------------------------

Epoch 171: Time: 5.1983 Cost: 0.0023 Pre: 1.0000 Re: 1.0000 Acc: 1.0000 F1: 1.0000
Epoch 172: Time: 5.1900 Cost: 0.0035 Pre: 1.0000 Re: 1.0000 Acc: 1.0000 F1: 1.0000
Epoch 173: Time: 5.1955 Cost: 0.0030 Pre: 1.0000 Re: 1.0000 Acc: 1.0000 F1: 1.0000
Epoch 174: Time: 5.8072 Cost: 0.0031 Pre: 1.0000 Re: 1.0000 Acc: 1.0000 F1: 1.0000
Epoch 175: Time: 5.2047 Cost: 0.0035 Pre: 1.0000 Re: 1.0000 Acc: 1.0000 F1: 1.0000
Epoch 176: Time: 5.2167 Cost: 0.0027 Pre: 1.0000 Re: 1.0000 Acc: 1.0000 F1: 1.0000
Epoch 177: Time: 5.2661 Cost: 0.0028 Pre: 1.0000 Re: 1.0000 Acc: 1.0000 F1: 1.0000
Epoch 178: Time: 5.2132 Cost: 0.0032 Pre: 1.0000 Re: 1.0000 Acc: 1.0000 F1: 1.0000
Epoch 179: Time: 5.2116 Cost: 0.0032 Pre: 1.0000 Re: 1.0000 Acc: 1.0000 F1: 1.0000
Epoch 180: Time: 5.2095 Cost: 0.0031 Pre: 1.0000 Re: 1.0000 Acc: 1.0000 F1: 1.0000


--------------------------------------------------------------------
Eval results: Cost:0.0374 Pre:0.9994 Re:1.0000 Acc:0.9997 F1:0.9997
--------------------------------------------------------------------

Epoch 181: Time: 5.2319 Cost: 0.0026 Pre: 1.0000 Re: 1.0000 Acc: 1.0000 F1: 1.0000
Epoch 182: Time: 5.2110 Cost: 0.0024 Pre: 1.0000 Re: 1.0000 Acc: 1.0000 F1: 1.0000
Epoch 183: Time: 5.2118 Cost: 0.0031 Pre: 1.0000 Re: 1.0000 Acc: 1.0000 F1: 1.0000
Epoch 184: Time: 5.1845 Cost: 0.0036 Pre: 1.0000 Re: 1.0000 Acc: 1.0000 F1: 1.0000
Epoch 185: Time: 5.2121 Cost: 0.0029 Pre: 1.0000 Re: 1.0000 Acc: 1.0000 F1: 1.0000
Epoch 186: Time: 5.5505 Cost: 0.0029 Pre: 1.0000 Re: 1.0000 Acc: 1.0000 F1: 1.0000
Epoch 187: Time: 5.4525 Cost: 0.0033 Pre: 1.0000 Re: 1.0000 Acc: 1.0000 F1: 1.0000
Epoch 188: Time: 5.2146 Cost: 0.0028 Pre: 1.0000 Re: 1.0000 Acc: 1.0000 F1: 1.0000
Epoch 189: Time: 5.1956 Cost: 0.0028 Pre: 1.0000 Re: 1.0000 Acc: 1.0000 F1: 1.0000
Epoch 190: Time: 5.2764 Cost: 0.0030 Pre: 1.0000 Re: 1.0000 Acc: 1.0000 F1: 1.0000


--------------------------------------------------------------------
Eval results: Cost:0.0368 Pre:0.9994 Re:1.0000 Acc:0.9997 F1:0.9997
--------------------------------------------------------------------

Epoch 191: Time: 5.1786 Cost: 0.0021 Pre: 1.0000 Re: 1.0000 Acc: 1.0000 F1: 1.0000
Epoch 192: Time: 5.7868 Cost: 0.0030 Pre: 1.0000 Re: 1.0000 Acc: 1.0000 F1: 1.0000
Epoch 193: Time: 5.1756 Cost: 0.0028 Pre: 1.0000 Re: 1.0000 Acc: 1.0000 F1: 1.0000
Epoch 194: Time: 5.2127 Cost: 0.0031 Pre: 1.0000 Re: 1.0000 Acc: 1.0000 F1: 1.0000
Epoch 195: Time: 5.2534 Cost: 0.0026 Pre: 1.0000 Re: 1.0000 Acc: 1.0000 F1: 1.0000
Epoch 196: Time: 5.2007 Cost: 0.0027 Pre: 1.0000 Re: 1.0000 Acc: 1.0000 F1: 1.0000
Epoch 197: Time: 5.1903 Cost: 0.0024 Pre: 1.0000 Re: 1.0000 Acc: 1.0000 F1: 1.0000
Epoch 198: Time: 5.2141 Cost: 0.0027 Pre: 1.0000 Re: 1.0000 Acc: 1.0000 F1: 1.0000
Epoch 199: Time: 5.7664 Cost: 0.0024 Pre: 1.0000 Re: 1.0000 Acc: 1.0000 F1: 1.0000
Epoch 200: Time: 5.2024 Cost: 0.0021 Pre: 1.0000 Re: 1.0000 Acc: 1.0000 F1: 1.0000


--------------------------------------------------------------------
Eval results: Cost:0.0367 Pre:0.9994 Re:1.0000 Acc:0.9997 F1:0.9997
--------------------------------------------------------------------

Epoch 201: Time: 5.2659 Cost: 0.0019 Pre: 1.0000 Re: 1.0000 Acc: 1.0000 F1: 1.0000
Epoch 202: Time: 5.2041 Cost: 0.0026 Pre: 1.0000 Re: 1.0000 Acc: 1.0000 F1: 1.0000
Epoch 203: Time: 5.1904 Cost: 0.0024 Pre: 1.0000 Re: 1.0000 Acc: 1.0000 F1: 1.0000
Epoch 204: Time: 5.1910 Cost: 0.0023 Pre: 1.0000 Re: 1.0000 Acc: 1.0000 F1: 1.0000
Epoch 205: Time: 5.7754 Cost: 0.0025 Pre: 1.0000 Re: 1.0000 Acc: 1.0000 F1: 1.0000
Epoch 206: Time: 5.1837 Cost: 0.0023 Pre: 1.0000 Re: 1.0000 Acc: 1.0000 F1: 1.0000
Epoch 207: Time: 5.1896 Cost: 0.0031 Pre: 1.0000 Re: 1.0000 Acc: 1.0000 F1: 1.0000
Epoch 208: Time: 5.2753 Cost: 0.0034 Pre: 1.0000 Re: 1.0000 Acc: 1.0000 F1: 1.0000
Epoch 209: Time: 5.1758 Cost: 0.0025 Pre: 1.0000 Re: 1.0000 Acc: 1.0000 F1: 1.0000
Epoch 210: Time: 5.1933 Cost: 0.0021 Pre: 1.0000 Re: 1.0000 Acc: 1.0000 F1: 1.0000


--------------------------------------------------------------------
Eval results: Cost:0.0370 Pre:0.9994 Re:1.0000 Acc:0.9997 F1:0.9997
--------------------------------------------------------------------

Epoch 211: Time: 5.7784 Cost: 0.0019 Pre: 1.0000 Re: 1.0000 Acc: 1.0000 F1: 1.0000
Epoch 212: Time: 5.2184 Cost: 0.0030 Pre: 1.0000 Re: 1.0000 Acc: 1.0000 F1: 1.0000
Epoch 213: Time: 5.1775 Cost: 0.0023 Pre: 1.0000 Re: 1.0000 Acc: 1.0000 F1: 1.0000
Epoch 214: Time: 5.2823 Cost: 0.0027 Pre: 1.0000 Re: 1.0000 Acc: 1.0000 F1: 1.0000
Epoch 215: Time: 5.1909 Cost: 0.0021 Pre: 1.0000 Re: 1.0000 Acc: 1.0000 F1: 1.0000
Epoch 216: Time: 5.2099 Cost: 0.0023 Pre: 1.0000 Re: 1.0000 Acc: 1.0000 F1: 1.0000
Epoch 217: Time: 5.1937 Cost: 0.0029 Pre: 1.0000 Re: 1.0000 Acc: 1.0000 F1: 1.0000
Epoch 218: Time: 5.1951 Cost: 0.0024 Pre: 1.0000 Re: 1.0000 Acc: 1.0000 F1: 1.0000
Epoch 219: Time: 5.2038 Cost: 0.0091 Pre: 1.0000 Re: 1.0000 Acc: 1.0000 F1: 1.0000
Epoch 220: Time: 5.1989 Cost: 0.0025 Pre: 1.0000 Re: 1.0000 Acc: 1.0000 F1: 1.0000


--------------------------------------------------------------------
Eval results: Cost:0.0059 Pre:1.0000 Re:1.0000 Acc:1.0000 F1:1.0000
--------------------------------------------------------------------

Epoch 221: Time: 5.2190 Cost: 0.0024 Pre: 1.0000 Re: 1.0000 Acc: 1.0000 F1: 1.0000
Epoch 222: Time: 5.1999 Cost: 0.0026 Pre: 1.0000 Re: 1.0000 Acc: 1.0000 F1: 1.0000
Epoch 223: Time: 5.6834 Cost: 0.0032 Pre: 1.0000 Re: 1.0000 Acc: 1.0000 F1: 1.0000
Epoch 224: Time: 5.3153 Cost: 0.0025 Pre: 1.0000 Re: 1.0000 Acc: 1.0000 F1: 1.0000
Epoch 225: Time: 5.3342 Cost: 0.0023 Pre: 1.0000 Re: 1.0000 Acc: 1.0000 F1: 1.0000
Epoch 226: Time: 5.6614 Cost: 0.0027 Pre: 1.0000 Re: 1.0000 Acc: 1.0000 F1: 1.0000
Epoch 227: Time: 5.2149 Cost: 0.0023 Pre: 1.0000 Re: 1.0000 Acc: 1.0000 F1: 1.0000
Epoch 228: Time: 5.1980 Cost: 0.0025 Pre: 1.0000 Re: 1.0000 Acc: 1.0000 F1: 1.0000
Epoch 229: Time: 5.2228 Cost: 0.0027 Pre: 1.0000 Re: 1.0000 Acc: 1.0000 F1: 1.0000
Epoch 230: Time: 5.7842 Cost: 0.0030 Pre: 1.0000 Re: 1.0000 Acc: 1.0000 F1: 1.0000


--------------------------------------------------------------------
Eval results: Cost:0.0065 Pre:1.0000 Re:1.0000 Acc:1.0000 F1:1.0000
--------------------------------------------------------------------

Epoch 231: Time: 5.1992 Cost: 0.0020 Pre: 1.0000 Re: 1.0000 Acc: 1.0000 F1: 1.0000
Epoch 232: Time: 5.2128 Cost: 0.0026 Pre: 1.0000 Re: 1.0000 Acc: 1.0000 F1: 1.0000
Epoch 233: Time: 5.1870 Cost: 0.0022 Pre: 1.0000 Re: 1.0000 Acc: 1.0000 F1: 1.0000
Epoch 234: Time: 5.2133 Cost: 0.0023 Pre: 1.0000 Re: 1.0000 Acc: 1.0000 F1: 1.0000
Epoch 235: Time: 5.1897 Cost: 0.0022 Pre: 1.0000 Re: 1.0000 Acc: 1.0000 F1: 1.0000
Epoch 236: Time: 5.2114 Cost: 0.0025 Pre: 1.0000 Re: 1.0000 Acc: 1.0000 F1: 1.0000
Epoch 237: Time: 5.1988 Cost: 0.0022 Pre: 1.0000 Re: 1.0000 Acc: 1.0000 F1: 1.0000
Epoch 238: Time: 5.2135 Cost: 0.0028 Pre: 1.0000 Re: 1.0000 Acc: 1.0000 F1: 1.0000
Epoch 239: Time: 5.1923 Cost: 0.0026 Pre: 1.0000 Re: 1.0000 Acc: 1.0000 F1: 1.0000
Epoch 240: Time: 5.2147 Cost: 0.0024 Pre: 1.0000 Re: 1.0000 Acc: 1.0000 F1: 1.0000


--------------------------------------------------------------------
Eval results: Cost:0.0071 Pre:1.0000 Re:1.0000 Acc:1.0000 F1:1.0000
--------------------------------------------------------------------

Epoch 241: Time: 5.2063 Cost: 0.0024 Pre: 1.0000 Re: 1.0000 Acc: 1.0000 F1: 1.0000
Epoch 242: Time: 5.2134 Cost: 0.0019 Pre: 1.0000 Re: 1.0000 Acc: 1.0000 F1: 1.0000
Epoch 243: Time: 5.2040 Cost: 0.0021 Pre: 1.0000 Re: 1.0000 Acc: 1.0000 F1: 1.0000
Epoch 244: Time: 5.2036 Cost: 0.0026 Pre: 1.0000 Re: 1.0000 Acc: 1.0000 F1: 1.0000
Epoch 245: Time: 5.2090 Cost: 0.0019 Pre: 1.0000 Re: 1.0000 Acc: 1.0000 F1: 1.0000
Epoch 246: Time: 5.2050 Cost: 0.0020 Pre: 1.0000 Re: 1.0000 Acc: 1.0000 F1: 1.0000
Epoch 247: Time: 5.2040 Cost: 0.0027 Pre: 1.0000 Re: 1.0000 Acc: 1.0000 F1: 1.0000
Epoch 248: Time: 5.2152 Cost: 0.0018 Pre: 1.0000 Re: 1.0000 Acc: 1.0000 F1: 1.0000
Epoch 249: Time: 5.2104 Cost: 0.0022 Pre: 1.0000 Re: 1.0000 Acc: 1.0000 F1: 1.0000
Epoch 250: Time: 5.2033 Cost: 0.0022 Pre: 1.0000 Re: 1.0000 Acc: 1.0000 F1: 1.0000


--------------------------------------------------------------------
Eval results: Cost:0.0063 Pre:1.0000 Re:1.0000 Acc:1.0000 F1:1.0000
--------------------------------------------------------------------

Epoch 251: Time: 5.1844 Cost: 0.0017 Pre: 1.0000 Re: 1.0000 Acc: 1.0000 F1: 1.0000
Epoch 252: Time: 5.2124 Cost: 0.0027 Pre: 1.0000 Re: 1.0000 Acc: 1.0000 F1: 1.0000
Epoch 253: Time: 5.1895 Cost: 0.0021 Pre: 1.0000 Re: 1.0000 Acc: 1.0000 F1: 1.0000
Epoch 254: Time: 5.1981 Cost: 0.0021 Pre: 1.0000 Re: 1.0000 Acc: 1.0000 F1: 1.0000
Epoch 255: Time: 5.1932 Cost: 0.0022 Pre: 1.0000 Re: 1.0000 Acc: 1.0000 F1: 1.0000
Epoch 256: Time: 5.2143 Cost: 0.0019 Pre: 1.0000 Re: 1.0000 Acc: 1.0000 F1: 1.0000
Epoch 257: Time: 5.1849 Cost: 0.0022 Pre: 1.0000 Re: 1.0000 Acc: 1.0000 F1: 1.0000
Epoch 258: Time: 5.2177 Cost: 0.0021 Pre: 1.0000 Re: 1.0000 Acc: 1.0000 F1: 1.0000
Epoch 259: Time: 5.4757 Cost: 0.0019 Pre: 1.0000 Re: 1.0000 Acc: 1.0000 F1: 1.0000
Epoch 260: Time: 5.1892 Cost: 0.0025 Pre: 1.0000 Re: 1.0000 Acc: 1.0000 F1: 1.0000


--------------------------------------------------------------------
Eval results: Cost:0.0061 Pre:1.0000 Re:1.0000 Acc:1.0000 F1:1.0000
--------------------------------------------------------------------

Epoch 261: Time: 5.2222 Cost: 0.0018 Pre: 1.0000 Re: 1.0000 Acc: 1.0000 F1: 1.0000
Epoch 262: Time: 5.1992 Cost: 0.0026 Pre: 1.0000 Re: 1.0000 Acc: 1.0000 F1: 1.0000
Epoch 263: Time: 5.2160 Cost: 0.0020 Pre: 1.0000 Re: 1.0000 Acc: 1.0000 F1: 1.0000
Epoch 264: Time: 5.2051 Cost: 0.0018 Pre: 1.0000 Re: 1.0000 Acc: 1.0000 F1: 1.0000
Epoch 265: Time: 5.2027 Cost: 0.0022 Pre: 1.0000 Re: 1.0000 Acc: 1.0000 F1: 1.0000
Epoch 266: Time: 5.2041 Cost: 0.0025 Pre: 1.0000 Re: 1.0000 Acc: 1.0000 F1: 1.0000
Epoch 267: Time: 5.2115 Cost: 0.0027 Pre: 1.0000 Re: 1.0000 Acc: 1.0000 F1: 1.0000
Epoch 268: Time: 5.2004 Cost: 0.0018 Pre: 1.0000 Re: 1.0000 Acc: 1.0000 F1: 1.0000
Epoch 269: Time: 5.2054 Cost: 0.0017 Pre: 1.0000 Re: 1.0000 Acc: 1.0000 F1: 1.0000
Epoch 270: Time: 5.2120 Cost: 0.0024 Pre: 1.0000 Re: 1.0000 Acc: 1.0000 F1: 1.0000


--------------------------------------------------------------------
Eval results: Cost:0.0054 Pre:1.0000 Re:1.0000 Acc:1.0000 F1:1.0000
--------------------------------------------------------------------

Epoch 271: Time: 5.1987 Cost: 0.0015 Pre: 1.0000 Re: 1.0000 Acc: 1.0000 F1: 1.0000
Epoch 272: Time: 5.2159 Cost: 0.0017 Pre: 1.0000 Re: 1.0000 Acc: 1.0000 F1: 1.0000
Epoch 273: Time: 5.2174 Cost: 0.0029 Pre: 1.0000 Re: 1.0000 Acc: 1.0000 F1: 1.0000
Epoch 274: Time: 5.2086 Cost: 0.0028 Pre: 1.0000 Re: 1.0000 Acc: 1.0000 F1: 1.0000
Epoch 275: Time: 5.2016 Cost: 0.0018 Pre: 1.0000 Re: 1.0000 Acc: 1.0000 F1: 1.0000
Epoch 276: Time: 5.2043 Cost: 0.0020 Pre: 1.0000 Re: 1.0000 Acc: 1.0000 F1: 1.0000
Epoch 277: Time: 5.2002 Cost: 0.0021 Pre: 1.0000 Re: 1.0000 Acc: 1.0000 F1: 1.0000
Epoch 278: Time: 5.2198 Cost: 0.0028 Pre: 1.0000 Re: 1.0000 Acc: 1.0000 F1: 1.0000
Epoch 279: Time: 5.2049 Cost: 0.0022 Pre: 1.0000 Re: 1.0000 Acc: 1.0000 F1: 1.0000
Epoch 280: Time: 5.2166 Cost: 0.0019 Pre: 1.0000 Re: 1.0000 Acc: 1.0000 F1: 1.0000


--------------------------------------------------------------------
Eval results: Cost:0.0065 Pre:1.0000 Re:1.0000 Acc:1.0000 F1:1.0000
--------------------------------------------------------------------

Epoch 281: Time: 5.2172 Cost: 0.0019 Pre: 1.0000 Re: 1.0000 Acc: 1.0000 F1: 1.0000
Epoch 282: Time: 5.2074 Cost: 0.0020 Pre: 1.0000 Re: 1.0000 Acc: 1.0000 F1: 1.0000
Epoch 283: Time: 5.2163 Cost: 0.0026 Pre: 1.0000 Re: 1.0000 Acc: 1.0000 F1: 1.0000
Epoch 284: Time: 5.2121 Cost: 0.0024 Pre: 1.0000 Re: 1.0000 Acc: 1.0000 F1: 1.0000
Epoch 285: Time: 5.2003 Cost: 0.0023 Pre: 1.0000 Re: 1.0000 Acc: 1.0000 F1: 1.0000
Epoch 286: Time: 5.2125 Cost: 0.0021 Pre: 1.0000 Re: 1.0000 Acc: 1.0000 F1: 1.0000
Epoch 287: Time: 5.2005 Cost: 0.0016 Pre: 1.0000 Re: 1.0000 Acc: 1.0000 F1: 1.0000
Epoch 288: Time: 5.2009 Cost: 0.0019 Pre: 1.0000 Re: 1.0000 Acc: 1.0000 F1: 1.0000
Epoch 289: Time: 5.2194 Cost: 0.0015 Pre: 1.0000 Re: 1.0000 Acc: 1.0000 F1: 1.0000
Epoch 290: Time: 5.1909 Cost: 0.0019 Pre: 1.0000 Re: 1.0000 Acc: 1.0000 F1: 1.0000


--------------------------------------------------------------------
Eval results: Cost:0.0061 Pre:1.0000 Re:1.0000 Acc:1.0000 F1:1.0000
--------------------------------------------------------------------

Epoch 291: Time: 5.2232 Cost: 0.0015 Pre: 1.0000 Re: 1.0000 Acc: 1.0000 F1: 1.0000
Epoch 292: Time: 5.2038 Cost: 0.0020 Pre: 1.0000 Re: 1.0000 Acc: 1.0000 F1: 1.0000
Epoch 293: Time: 5.2055 Cost: 0.0020 Pre: 1.0000 Re: 1.0000 Acc: 1.0000 F1: 1.0000
Epoch 294: Time: 5.2083 Cost: 0.0018 Pre: 1.0000 Re: 1.0000 Acc: 1.0000 F1: 1.0000
Epoch 295: Time: 5.2032 Cost: 0.0025 Pre: 1.0000 Re: 1.0000 Acc: 1.0000 F1: 1.0000
Epoch 296: Time: 5.2096 Cost: 0.0025 Pre: 1.0000 Re: 1.0000 Acc: 1.0000 F1: 1.0000
Epoch 297: Time: 5.2078 Cost: 0.0022 Pre: 1.0000 Re: 1.0000 Acc: 1.0000 F1: 1.0000
Epoch 298: Time: 5.2123 Cost: 0.0020 Pre: 1.0000 Re: 1.0000 Acc: 1.0000 F1: 1.0000
Epoch 299: Time: 5.2100 Cost: 0.0018 Pre: 1.0000 Re: 1.0000 Acc: 1.0000 F1: 1.0000
Epoch 300: Time: 5.2119 Cost: 0.0015 Pre: 1.0000 Re: 1.0000 Acc: 1.0000 F1: 1.0000


--------------------------------------------------------------------
Eval results: Cost:0.0060 Pre:1.0000 Re:1.0000 Acc:1.0000 F1:1.0000
--------------------------------------------------------------------

Epoch 301: Time: 5.2042 Cost: 0.0011 Pre: 1.0000 Re: 1.0000 Acc: 1.0000 F1: 1.0000
Epoch 302: Time: 5.2012 Cost: 0.0020 Pre: 1.0000 Re: 1.0000 Acc: 1.0000 F1: 1.0000
Epoch 303: Time: 5.2026 Cost: 0.0023 Pre: 1.0000 Re: 1.0000 Acc: 1.0000 F1: 1.0000
Epoch 304: Time: 5.2012 Cost: 0.0022 Pre: 1.0000 Re: 1.0000 Acc: 1.0000 F1: 1.0000
Epoch 305: Time: 5.2012 Cost: 0.0019 Pre: 1.0000 Re: 1.0000 Acc: 1.0000 F1: 1.0000
Epoch 306: Time: 5.1981 Cost: 0.0019 Pre: 1.0000 Re: 1.0000 Acc: 1.0000 F1: 1.0000
Epoch 307: Time: 5.1962 Cost: 0.0022 Pre: 1.0000 Re: 1.0000 Acc: 1.0000 F1: 1.0000
Epoch 308: Time: 5.2012 Cost: 0.0021 Pre: 1.0000 Re: 1.0000 Acc: 1.0000 F1: 1.0000
Epoch 309: Time: 5.1886 Cost: 0.0021 Pre: 1.0000 Re: 1.0000 Acc: 1.0000 F1: 1.0000
Epoch 310: Time: 5.2001 Cost: 0.0015 Pre: 1.0000 Re: 1.0000 Acc: 1.0000 F1: 1.0000


--------------------------------------------------------------------
Eval results: Cost:0.0051 Pre:1.0000 Re:1.0000 Acc:1.0000 F1:1.0000
--------------------------------------------------------------------

Epoch 311: Time: 5.1893 Cost: 0.0012 Pre: 1.0000 Re: 1.0000 Acc: 1.0000 F1: 1.0000
Epoch 312: Time: 5.2273 Cost: 0.0018 Pre: 1.0000 Re: 1.0000 Acc: 1.0000 F1: 1.0000
Epoch 313: Time: 5.2058 Cost: 0.0018 Pre: 1.0000 Re: 1.0000 Acc: 1.0000 F1: 1.0000
Epoch 314: Time: 5.2334 Cost: 0.0024 Pre: 1.0000 Re: 1.0000 Acc: 1.0000 F1: 1.0000
Epoch 315: Time: 5.1918 Cost: 0.0017 Pre: 1.0000 Re: 1.0000 Acc: 1.0000 F1: 1.0000
Epoch 316: Time: 5.2180 Cost: 0.0023 Pre: 1.0000 Re: 1.0000 Acc: 1.0000 F1: 1.0000
Epoch 317: Time: 5.1940 Cost: 0.0019 Pre: 1.0000 Re: 1.0000 Acc: 1.0000 F1: 1.0000
Epoch 318: Time: 5.2363 Cost: 0.0022 Pre: 1.0000 Re: 1.0000 Acc: 1.0000 F1: 1.0000
Epoch 319: Time: 5.2049 Cost: 0.0021 Pre: 1.0000 Re: 1.0000 Acc: 1.0000 F1: 1.0000
Epoch 320: Time: 5.2166 Cost: 0.0022 Pre: 1.0000 Re: 1.0000 Acc: 1.0000 F1: 1.0000


--------------------------------------------------------------------
Eval results: Cost:0.0050 Pre:1.0000 Re:1.0000 Acc:1.0000 F1:1.0000
--------------------------------------------------------------------

Epoch 321: Time: 5.2247 Cost: 0.0014 Pre: 1.0000 Re: 1.0000 Acc: 1.0000 F1: 1.0000
Epoch 322: Time: 5.2027 Cost: 0.0019 Pre: 1.0000 Re: 1.0000 Acc: 1.0000 F1: 1.0000
Epoch 323: Time: 5.2089 Cost: 0.0019 Pre: 1.0000 Re: 1.0000 Acc: 1.0000 F1: 1.0000
Epoch 324: Time: 5.2044 Cost: 0.0018 Pre: 1.0000 Re: 1.0000 Acc: 1.0000 F1: 1.0000
Epoch 325: Time: 5.2109 Cost: 0.0024 Pre: 1.0000 Re: 1.0000 Acc: 1.0000 F1: 1.0000
Epoch 326: Time: 5.2082 Cost: 0.0020 Pre: 1.0000 Re: 1.0000 Acc: 1.0000 F1: 1.0000
Epoch 327: Time: 5.2029 Cost: 0.0020 Pre: 1.0000 Re: 1.0000 Acc: 1.0000 F1: 1.0000
Epoch 328: Time: 5.2095 Cost: 0.0018 Pre: 1.0000 Re: 1.0000 Acc: 1.0000 F1: 1.0000
Epoch 329: Time: 5.2175 Cost: 0.0019 Pre: 1.0000 Re: 1.0000 Acc: 1.0000 F1: 1.0000
Epoch 330: Time: 5.2050 Cost: 0.0021 Pre: 1.0000 Re: 1.0000 Acc: 1.0000 F1: 1.0000


--------------------------------------------------------------------
Eval results: Cost:0.0051 Pre:1.0000 Re:1.0000 Acc:1.0000 F1:1.0000
--------------------------------------------------------------------

Epoch 331: Time: 5.2004 Cost: 0.0014 Pre: 1.0000 Re: 1.0000 Acc: 1.0000 F1: 1.0000
Epoch 332: Time: 5.2156 Cost: 0.0025 Pre: 1.0000 Re: 1.0000 Acc: 1.0000 F1: 1.0000
Epoch 333: Time: 5.2245 Cost: 0.0019 Pre: 1.0000 Re: 1.0000 Acc: 1.0000 F1: 1.0000
Epoch 334: Time: 5.2073 Cost: 0.0022 Pre: 1.0000 Re: 1.0000 Acc: 1.0000 F1: 1.0000
Epoch 335: Time: 5.2194 Cost: 0.0020 Pre: 1.0000 Re: 1.0000 Acc: 1.0000 F1: 1.0000
Epoch 336: Time: 5.2268 Cost: 0.0017 Pre: 1.0000 Re: 1.0000 Acc: 1.0000 F1: 1.0000
Epoch 337: Time: 5.1963 Cost: 0.0017 Pre: 1.0000 Re: 1.0000 Acc: 1.0000 F1: 1.0000
Epoch 338: Time: 5.2228 Cost: 0.0015 Pre: 1.0000 Re: 1.0000 Acc: 1.0000 F1: 1.0000
Epoch 339: Time: 5.1952 Cost: 0.0021 Pre: 1.0000 Re: 1.0000 Acc: 1.0000 F1: 1.0000
Epoch 340: Time: 5.2163 Cost: 0.0019 Pre: 1.0000 Re: 1.0000 Acc: 1.0000 F1: 1.0000


--------------------------------------------------------------------
Eval results: Cost:0.0057 Pre:1.0000 Re:1.0000 Acc:1.0000 F1:1.0000
--------------------------------------------------------------------

Epoch 341: Time: 5.2139 Cost: 0.0013 Pre: 1.0000 Re: 1.0000 Acc: 1.0000 F1: 1.0000
Epoch 342: Time: 5.2016 Cost: 0.0023 Pre: 1.0000 Re: 1.0000 Acc: 1.0000 F1: 1.0000
Epoch 343: Time: 5.2171 Cost: 0.0018 Pre: 1.0000 Re: 1.0000 Acc: 1.0000 F1: 1.0000
Epoch 344: Time: 5.2141 Cost: 0.0023 Pre: 1.0000 Re: 1.0000 Acc: 1.0000 F1: 1.0000
Epoch 345: Time: 5.2208 Cost: 0.0025 Pre: 1.0000 Re: 1.0000 Acc: 1.0000 F1: 1.0000
Epoch 346: Time: 5.2148 Cost: 0.0019 Pre: 1.0000 Re: 1.0000 Acc: 1.0000 F1: 1.0000
Epoch 347: Time: 5.2180 Cost: 0.0024 Pre: 1.0000 Re: 1.0000 Acc: 1.0000 F1: 1.0000
Epoch 348: Time: 5.2012 Cost: 0.0017 Pre: 1.0000 Re: 1.0000 Acc: 1.0000 F1: 1.0000
Epoch 349: Time: 5.2240 Cost: 0.0017 Pre: 1.0000 Re: 1.0000 Acc: 1.0000 F1: 1.0000
Epoch 350: Time: 5.2050 Cost: 0.0018 Pre: 1.0000 Re: 1.0000 Acc: 1.0000 F1: 1.0000


--------------------------------------------------------------------
Eval results: Cost:0.0058 Pre:1.0000 Re:1.0000 Acc:1.0000 F1:1.0000
--------------------------------------------------------------------

Epoch 351: Time: 5.1876 Cost: 0.0015 Pre: 1.0000 Re: 1.0000 Acc: 1.0000 F1: 1.0000
Epoch 352: Time: 5.1953 Cost: 0.0017 Pre: 1.0000 Re: 1.0000 Acc: 1.0000 F1: 1.0000
Epoch 353: Time: 5.1911 Cost: 0.0015 Pre: 1.0000 Re: 1.0000 Acc: 1.0000 F1: 1.0000
Epoch 354: Time: 5.2221 Cost: 0.0019 Pre: 1.0000 Re: 1.0000 Acc: 1.0000 F1: 1.0000
Epoch 355: Time: 5.1775 Cost: 0.0016 Pre: 1.0000 Re: 1.0000 Acc: 1.0000 F1: 1.0000
Epoch 356: Time: 5.2152 Cost: 0.0016 Pre: 1.0000 Re: 1.0000 Acc: 1.0000 F1: 1.0000
Epoch 357: Time: 5.1920 Cost: 0.0018 Pre: 1.0000 Re: 1.0000 Acc: 1.0000 F1: 1.0000
Epoch 358: Time: 5.2142 Cost: 0.0016 Pre: 1.0000 Re: 1.0000 Acc: 1.0000 F1: 1.0000
Epoch 359: Time: 5.1912 Cost: 0.0017 Pre: 1.0000 Re: 1.0000 Acc: 1.0000 F1: 1.0000
Epoch 360: Time: 5.2134 Cost: 0.0014 Pre: 1.0000 Re: 1.0000 Acc: 1.0000 F1: 1.0000


--------------------------------------------------------------------
Eval results: Cost:0.0046 Pre:1.0000 Re:1.0000 Acc:1.0000 F1:1.0000
--------------------------------------------------------------------

Epoch 361: Time: 5.2059 Cost: 0.0010 Pre: 1.0000 Re: 1.0000 Acc: 1.0000 F1: 1.0000
Epoch 362: Time: 5.2033 Cost: 0.0019 Pre: 1.0000 Re: 1.0000 Acc: 1.0000 F1: 1.0000
Epoch 363: Time: 5.2019 Cost: 0.0017 Pre: 1.0000 Re: 1.0000 Acc: 1.0000 F1: 1.0000
Epoch 364: Time: 5.1972 Cost: 0.0015 Pre: 1.0000 Re: 1.0000 Acc: 1.0000 F1: 1.0000
Epoch 365: Time: 5.2111 Cost: 0.0015 Pre: 1.0000 Re: 1.0000 Acc: 1.0000 F1: 1.0000
Epoch 366: Time: 5.2041 Cost: 0.0017 Pre: 1.0000 Re: 1.0000 Acc: 1.0000 F1: 1.0000
Epoch 367: Time: 5.2137 Cost: 0.0016 Pre: 1.0000 Re: 1.0000 Acc: 1.0000 F1: 1.0000
Epoch 368: Time: 5.2059 Cost: 0.0014 Pre: 1.0000 Re: 1.0000 Acc: 1.0000 F1: 1.0000
Epoch 369: Time: 5.2141 Cost: 0.0016 Pre: 1.0000 Re: 1.0000 Acc: 1.0000 F1: 1.0000
Epoch 370: Time: 5.1982 Cost: 0.0017 Pre: 1.0000 Re: 1.0000 Acc: 1.0000 F1: 1.0000


--------------------------------------------------------------------
Eval results: Cost:0.0040 Pre:1.0000 Re:1.0000 Acc:1.0000 F1:1.0000
--------------------------------------------------------------------

Epoch 371: Time: 5.2077 Cost: 0.0010 Pre: 1.0000 Re: 1.0000 Acc: 1.0000 F1: 1.0000
Epoch 372: Time: 5.2132 Cost: 0.0016 Pre: 1.0000 Re: 1.0000 Acc: 1.0000 F1: 1.0000
Epoch 373: Time: 5.2144 Cost: 0.0014 Pre: 1.0000 Re: 1.0000 Acc: 1.0000 F1: 1.0000
Epoch 374: Time: 5.2057 Cost: 0.0013 Pre: 1.0000 Re: 1.0000 Acc: 1.0000 F1: 1.0000
Epoch 375: Time: 5.2016 Cost: 0.0019 Pre: 1.0000 Re: 1.0000 Acc: 1.0000 F1: 1.0000
Epoch 376: Time: 5.2087 Cost: 0.0028 Pre: 1.0000 Re: 1.0000 Acc: 1.0000 F1: 1.0000
Epoch 377: Time: 5.2021 Cost: 0.0015 Pre: 1.0000 Re: 1.0000 Acc: 1.0000 F1: 1.0000
Epoch 378: Time: 5.1954 Cost: 0.0015 Pre: 1.0000 Re: 1.0000 Acc: 1.0000 F1: 1.0000
Epoch 379: Time: 5.2067 Cost: 0.0013 Pre: 1.0000 Re: 1.0000 Acc: 1.0000 F1: 1.0000
Epoch 380: Time: 5.2130 Cost: 0.0014 Pre: 1.0000 Re: 1.0000 Acc: 1.0000 F1: 1.0000


--------------------------------------------------------------------
Eval results: Cost:0.0058 Pre:1.0000 Re:1.0000 Acc:1.0000 F1:1.0000
--------------------------------------------------------------------

Epoch 381: Time: 5.2087 Cost: 0.0011 Pre: 1.0000 Re: 1.0000 Acc: 1.0000 F1: 1.0000
Epoch 382: Time: 5.2011 Cost: 0.0017 Pre: 1.0000 Re: 1.0000 Acc: 1.0000 F1: 1.0000
Epoch 383: Time: 5.2092 Cost: 0.0014 Pre: 1.0000 Re: 1.0000 Acc: 1.0000 F1: 1.0000
Epoch 384: Time: 5.2092 Cost: 0.0014 Pre: 1.0000 Re: 1.0000 Acc: 1.0000 F1: 1.0000
Epoch 385: Time: 5.2181 Cost: 0.0015 Pre: 1.0000 Re: 1.0000 Acc: 1.0000 F1: 1.0000
Epoch 386: Time: 5.2028 Cost: 0.0017 Pre: 1.0000 Re: 1.0000 Acc: 1.0000 F1: 1.0000
Epoch 387: Time: 5.2270 Cost: 0.0017 Pre: 1.0000 Re: 1.0000 Acc: 1.0000 F1: 1.0000
Epoch 388: Time: 5.2025 Cost: 0.0015 Pre: 1.0000 Re: 1.0000 Acc: 1.0000 F1: 1.0000
Epoch 389: Time: 5.2081 Cost: 0.0012 Pre: 1.0000 Re: 1.0000 Acc: 1.0000 F1: 1.0000
Epoch 390: Time: 5.2199 Cost: 0.0016 Pre: 1.0000 Re: 1.0000 Acc: 1.0000 F1: 1.0000


--------------------------------------------------------------------
Eval results: Cost:0.0043 Pre:1.0000 Re:1.0000 Acc:1.0000 F1:1.0000
--------------------------------------------------------------------

Epoch 391: Time: 5.2063 Cost: 0.0009 Pre: 1.0000 Re: 1.0000 Acc: 1.0000 F1: 1.0000
Epoch 392: Time: 5.2153 Cost: 0.0016 Pre: 1.0000 Re: 1.0000 Acc: 1.0000 F1: 1.0000
Epoch 393: Time: 5.2089 Cost: 0.0017 Pre: 1.0000 Re: 1.0000 Acc: 1.0000 F1: 1.0000
Epoch 394: Time: 5.2145 Cost: 0.0024 Pre: 1.0000 Re: 1.0000 Acc: 1.0000 F1: 1.0000
Epoch 395: Time: 5.2076 Cost: 0.0018 Pre: 1.0000 Re: 1.0000 Acc: 1.0000 F1: 1.0000
Epoch 396: Time: 5.2116 Cost: 0.0014 Pre: 1.0000 Re: 1.0000 Acc: 1.0000 F1: 1.0000
Epoch 397: Time: 5.2039 Cost: 0.0014 Pre: 1.0000 Re: 1.0000 Acc: 1.0000 F1: 1.0000
Epoch 398: Time: 5.2135 Cost: 0.0015 Pre: 1.0000 Re: 1.0000 Acc: 1.0000 F1: 1.0000
Epoch 399: Time: 5.2096 Cost: 0.0015 Pre: 1.0000 Re: 1.0000 Acc: 1.0000 F1: 1.0000
Epoch 400: Time: 5.2131 Cost: 0.0016 Pre: 1.0000 Re: 1.0000 Acc: 1.0000 F1: 1.0000


--------------------------------------------------------------------
Eval results: Cost:0.0062 Pre:1.0000 Re:1.0000 Acc:1.0000 F1:1.0000
--------------------------------------------------------------------

Epoch 401: Time: 5.2121 Cost: 0.0013 Pre: 1.0000 Re: 1.0000 Acc: 1.0000 F1: 1.0000
Epoch 402: Time: 5.2031 Cost: 0.0013 Pre: 1.0000 Re: 1.0000 Acc: 1.0000 F1: 1.0000
Epoch 403: Time: 5.2090 Cost: 0.0013 Pre: 1.0000 Re: 1.0000 Acc: 1.0000 F1: 1.0000
Epoch 404: Time: 5.1957 Cost: 0.0016 Pre: 1.0000 Re: 1.0000 Acc: 1.0000 F1: 1.0000
Epoch 405: Time: 5.2116 Cost: 0.0012 Pre: 1.0000 Re: 1.0000 Acc: 1.0000 F1: 1.0000
Epoch 406: Time: 5.1990 Cost: 0.0016 Pre: 1.0000 Re: 1.0000 Acc: 1.0000 F1: 1.0000
Epoch 407: Time: 5.2069 Cost: 0.0014 Pre: 1.0000 Re: 1.0000 Acc: 1.0000 F1: 1.0000
Epoch 408: Time: 5.1927 Cost: 0.0014 Pre: 1.0000 Re: 1.0000 Acc: 1.0000 F1: 1.0000
Epoch 409: Time: 5.2035 Cost: 0.0012 Pre: 1.0000 Re: 1.0000 Acc: 1.0000 F1: 1.0000
Epoch 410: Time: 5.2036 Cost: 0.0016 Pre: 1.0000 Re: 1.0000 Acc: 1.0000 F1: 1.0000


--------------------------------------------------------------------
Eval results: Cost:0.0056 Pre:1.0000 Re:1.0000 Acc:1.0000 F1:1.0000
--------------------------------------------------------------------

Epoch 411: Time: 5.2077 Cost: 0.0011 Pre: 1.0000 Re: 1.0000 Acc: 1.0000 F1: 1.0000
Epoch 412: Time: 5.2076 Cost: 0.0014 Pre: 1.0000 Re: 1.0000 Acc: 1.0000 F1: 1.0000
Epoch 413: Time: 5.2015 Cost: 0.0014 Pre: 1.0000 Re: 1.0000 Acc: 1.0000 F1: 1.0000
Epoch 414: Time: 5.2090 Cost: 0.0017 Pre: 1.0000 Re: 1.0000 Acc: 1.0000 F1: 1.0000
Epoch 415: Time: 5.2089 Cost: 0.0016 Pre: 1.0000 Re: 1.0000 Acc: 1.0000 F1: 1.0000
Epoch 416: Time: 5.2026 Cost: 0.0016 Pre: 1.0000 Re: 1.0000 Acc: 1.0000 F1: 1.0000
Epoch 417: Time: 5.2212 Cost: 0.0014 Pre: 1.0000 Re: 1.0000 Acc: 1.0000 F1: 1.0000
Epoch 418: Time: 5.2045 Cost: 0.0020 Pre: 1.0000 Re: 1.0000 Acc: 1.0000 F1: 1.0000
Epoch 419: Time: 5.2032 Cost: 0.0017 Pre: 1.0000 Re: 1.0000 Acc: 1.0000 F1: 1.0000
Epoch 420: Time: 5.2096 Cost: 0.0015 Pre: 1.0000 Re: 1.0000 Acc: 1.0000 F1: 1.0000


--------------------------------------------------------------------
Eval results: Cost:0.0065 Pre:1.0000 Re:1.0000 Acc:1.0000 F1:1.0000
--------------------------------------------------------------------

Early stopping...
--------------------------------------------------------------------
Eval results: Cost:0.0065 Pre:1.0000 Re:1.0000 Acc:1.0000 F1:1.0000
--------------------------------------------------------------------
Test 10000 samples take time: 15.9532
Test results: Cost:0.0004 Pre:1.0000 Re:1.0000 Acc:1.0000 F1:1.0000
--------------------------------------------------------------------

