Load data
RNN type: UNI Grammar: SL/SL4/10k/ Seed: 1
Model total parameters: 550
Saving hinit ... 

Epoch 0: Time: 0.4708 Cost: 89.3756 Pre: 0.5383 Re: 0.4148 Acc: 0.5295 F1: 0.4685


--------------------------------------------------------------------
Eval results: Cost:51.6376 Pre:0.5875 Re:0.6502 Acc:0.5968 F1:0.6172
--------------------------------------------------------------------

Epoch 1: Time: 0.4708 Cost: 40.6446 Pre: 0.5780 Re: 0.7310 Acc: 0.5987 F1: 0.6456
Epoch 2: Time: 0.4698 Cost: 18.6122 Pre: 0.7519 Re: 0.8970 Acc: 0.8005 F1: 0.8181
Epoch 3: Time: 0.4685 Cost: 9.5843 Pre: 0.8501 Re: 0.9480 Acc: 0.8904 F1: 0.8964
Epoch 4: Time: 0.4681 Cost: 6.5791 Pre: 0.9022 Re: 0.9740 Acc: 0.9342 F1: 0.9367
Epoch 5: Time: 0.4671 Cost: 5.6800 Pre: 0.9068 Re: 0.9850 Acc: 0.9419 F1: 0.9443
Epoch 6: Time: 0.4674 Cost: 5.0662 Pre: 0.9158 Re: 0.9916 Acc: 0.9502 F1: 0.9522
Epoch 7: Time: 0.4662 Cost: 4.6215 Pre: 0.9245 Re: 0.9936 Acc: 0.9562 F1: 0.9578
Epoch 8: Time: 0.4671 Cost: 4.2623 Pre: 0.9305 Re: 0.9964 Acc: 0.9610 F1: 0.9623
Epoch 9: Time: 0.4674 Cost: 4.0766 Pre: 0.9367 Re: 0.9976 Acc: 0.9651 F1: 0.9662
Epoch 10: Time: 0.4666 Cost: 3.8367 Pre: 0.9418 Re: 0.9992 Acc: 0.9687 F1: 0.9696


--------------------------------------------------------------------
Eval results: Cost:3.6179 Pre:0.9432 Re:0.9964 Acc:0.9682 F1:0.9691
--------------------------------------------------------------------

Epoch 11: Time: 0.4685 Cost: 3.6507 Pre: 0.9432 Re: 0.9992 Acc: 0.9695 F1: 0.9704
Epoch 12: Time: 0.4660 Cost: 3.7118 Pre: 0.9421 Re: 0.9994 Acc: 0.9690 F1: 0.9699
Epoch 13: Time: 0.4674 Cost: 3.5165 Pre: 0.9444 Re: 0.9996 Acc: 0.9704 F1: 0.9712
Epoch 14: Time: 0.4665 Cost: 3.5125 Pre: 0.9450 Re: 0.9994 Acc: 0.9706 F1: 0.9714
Epoch 15: Time: 0.4670 Cost: 3.3736 Pre: 0.9457 Re: 0.9996 Acc: 0.9711 F1: 0.9719
Epoch 16: Time: 0.4662 Cost: 3.5011 Pre: 0.9437 Re: 0.9996 Acc: 0.9700 F1: 0.9709
Epoch 17: Time: 0.4668 Cost: 3.3543 Pre: 0.9479 Re: 0.9998 Acc: 0.9724 F1: 0.9731
Epoch 18: Time: 0.4663 Cost: 3.2668 Pre: 0.9480 Re: 0.9998 Acc: 0.9725 F1: 0.9732
Epoch 19: Time: 0.4664 Cost: 3.2276 Pre: 0.9504 Re: 0.9998 Acc: 0.9738 F1: 0.9745
Epoch 20: Time: 0.4654 Cost: 3.0896 Pre: 0.9524 Re: 1.0000 Acc: 0.9750 F1: 0.9756


--------------------------------------------------------------------
Eval results: Cost:3.1194 Pre:0.9509 Re:0.9984 Acc:0.9734 F1:0.9740
--------------------------------------------------------------------

Epoch 21: Time: 0.4662 Cost: 3.0556 Pre: 0.9520 Re: 0.9998 Acc: 0.9747 F1: 0.9753
Epoch 22: Time: 0.4659 Cost: 3.0490 Pre: 0.9504 Re: 0.9998 Acc: 0.9738 F1: 0.9745
Epoch 23: Time: 0.4657 Cost: 3.0081 Pre: 0.9531 Re: 0.9998 Acc: 0.9753 F1: 0.9759
Epoch 24: Time: 0.4658 Cost: 2.9133 Pre: 0.9524 Re: 1.0000 Acc: 0.9750 F1: 0.9756
Epoch 25: Time: 0.4653 Cost: 2.8694 Pre: 0.9551 Re: 0.9998 Acc: 0.9764 F1: 0.9769
Epoch 26: Time: 0.4654 Cost: 2.8992 Pre: 0.9551 Re: 0.9998 Acc: 0.9764 F1: 0.9769
Epoch 27: Time: 0.4645 Cost: 2.7529 Pre: 0.9582 Re: 0.9998 Acc: 0.9781 F1: 0.9786
Epoch 28: Time: 0.4650 Cost: 2.7895 Pre: 0.9558 Re: 1.0000 Acc: 0.9769 F1: 0.9774
Epoch 29: Time: 0.4661 Cost: 2.6815 Pre: 0.9577 Re: 0.9998 Acc: 0.9778 F1: 0.9783
Epoch 30: Time: 0.4650 Cost: 2.6275 Pre: 0.9586 Re: 1.0000 Acc: 0.9784 F1: 0.9789


--------------------------------------------------------------------
Eval results: Cost:2.5097 Pre:0.9587 Re:0.9990 Acc:0.9780 F1:0.9785
--------------------------------------------------------------------

Epoch 31: Time: 0.4618 Cost: 2.5550 Pre: 0.9601 Re: 1.0000 Acc: 0.9792 F1: 0.9796
Epoch 32: Time: 0.4604 Cost: 2.5185 Pre: 0.9601 Re: 1.0000 Acc: 0.9792 F1: 0.9796
Epoch 33: Time: 0.4610 Cost: 2.5307 Pre: 0.9588 Re: 1.0000 Acc: 0.9785 F1: 0.9790
Epoch 34: Time: 0.4603 Cost: 2.4369 Pre: 0.9599 Re: 1.0000 Acc: 0.9791 F1: 0.9795
Epoch 35: Time: 0.4618 Cost: 2.3954 Pre: 0.9604 Re: 1.0000 Acc: 0.9794 F1: 0.9798
Epoch 36: Time: 0.4617 Cost: 2.3361 Pre: 0.9604 Re: 1.0000 Acc: 0.9794 F1: 0.9798
Epoch 37: Time: 0.4607 Cost: 2.2571 Pre: 0.9610 Re: 1.0000 Acc: 0.9797 F1: 0.9801
Epoch 38: Time: 0.4608 Cost: 2.1739 Pre: 0.9617 Re: 1.0000 Acc: 0.9801 F1: 0.9805
Epoch 39: Time: 0.4622 Cost: 2.0419 Pre: 0.9643 Re: 1.0000 Acc: 0.9815 F1: 0.9818
Epoch 40: Time: 0.4616 Cost: 1.9628 Pre: 0.9729 Re: 0.9998 Acc: 0.9860 F1: 0.9862


--------------------------------------------------------------------
Eval results: Cost:1.7291 Pre:0.9750 Re:0.9992 Acc:0.9868 F1:0.9870
--------------------------------------------------------------------

Epoch 41: Time: 0.4613 Cost: 1.8579 Pre: 0.9737 Re: 0.9998 Acc: 0.9864 F1: 0.9866
Epoch 42: Time: 0.4608 Cost: 1.6590 Pre: 0.9777 Re: 0.9998 Acc: 0.9885 F1: 0.9886
Epoch 43: Time: 0.4605 Cost: 1.4691 Pre: 0.9827 Re: 0.9996 Acc: 0.9910 F1: 0.9911
Epoch 44: Time: 0.4615 Cost: 1.2573 Pre: 0.9858 Re: 0.9998 Acc: 0.9927 F1: 0.9928
Epoch 45: Time: 0.4612 Cost: 1.1767 Pre: 0.9872 Re: 0.9998 Acc: 0.9934 F1: 0.9934
Epoch 46: Time: 0.4605 Cost: 0.9682 Pre: 0.9901 Re: 1.0000 Acc: 0.9950 F1: 0.9950
Epoch 47: Time: 0.4611 Cost: 0.8284 Pre: 0.9925 Re: 1.0000 Acc: 0.9962 F1: 0.9962
Epoch 48: Time: 0.4596 Cost: 0.7750 Pre: 0.9929 Re: 1.0000 Acc: 0.9964 F1: 0.9964
Epoch 49: Time: 0.4596 Cost: 0.7077 Pre: 0.9952 Re: 0.9998 Acc: 0.9975 F1: 0.9975
Epoch 50: Time: 0.4597 Cost: 0.6458 Pre: 0.9976 Re: 0.9996 Acc: 0.9986 F1: 0.9986


--------------------------------------------------------------------
Eval results: Cost:0.8431 Pre:0.9928 Re:0.9994 Acc:0.9961 F1:0.9961
--------------------------------------------------------------------

Epoch 51: Time: 0.4605 Cost: 0.5465 Pre: 0.9980 Re: 0.9996 Acc: 0.9988 F1: 0.9988
Epoch 52: Time: 0.4595 Cost: 0.4728 Pre: 0.9992 Re: 0.9998 Acc: 0.9995 F1: 0.9995
Epoch 53: Time: 0.4595 Cost: 0.4202 Pre: 0.9992 Re: 1.0000 Acc: 0.9996 F1: 0.9996
Epoch 54: Time: 0.4600 Cost: 0.3725 Pre: 0.9992 Re: 1.0000 Acc: 0.9996 F1: 0.9996
Epoch 55: Time: 0.4598 Cost: 0.3415 Pre: 0.9994 Re: 1.0000 Acc: 0.9997 F1: 0.9997
Epoch 56: Time: 0.4593 Cost: 0.3208 Pre: 0.9996 Re: 1.0000 Acc: 0.9998 F1: 0.9998
Epoch 57: Time: 0.4595 Cost: 0.2846 Pre: 0.9998 Re: 1.0000 Acc: 0.9999 F1: 0.9999
Epoch 58: Time: 0.4591 Cost: 0.2413 Pre: 0.9996 Re: 1.0000 Acc: 0.9998 F1: 0.9998
Epoch 59: Time: 0.4590 Cost: 0.2117 Pre: 0.9998 Re: 1.0000 Acc: 0.9999 F1: 0.9999
Epoch 60: Time: 0.4579 Cost: 0.1875 Pre: 0.9998 Re: 1.0000 Acc: 0.9999 F1: 0.9999


--------------------------------------------------------------------
Eval results: Cost:0.3788 Pre:0.9962 Re:1.0000 Acc:0.9981 F1:0.9981
--------------------------------------------------------------------

Epoch 61: Time: 0.4588 Cost: 0.1578 Pre: 0.9998 Re: 1.0000 Acc: 0.9999 F1: 0.9999
Epoch 62: Time: 0.4580 Cost: 0.1550 Pre: 0.9998 Re: 1.0000 Acc: 0.9999 F1: 0.9999
Epoch 63: Time: 0.4578 Cost: 0.1388 Pre: 0.9998 Re: 1.0000 Acc: 0.9999 F1: 0.9999
Epoch 64: Time: 0.4570 Cost: 0.1250 Pre: 1.0000 Re: 1.0000 Acc: 1.0000 F1: 1.0000
Epoch 65: Time: 0.4569 Cost: 0.1155 Pre: 1.0000 Re: 1.0000 Acc: 1.0000 F1: 1.0000
Epoch 66: Time: 0.4572 Cost: 0.1123 Pre: 1.0000 Re: 1.0000 Acc: 1.0000 F1: 1.0000
Epoch 67: Time: 0.4574 Cost: 0.1017 Pre: 1.0000 Re: 1.0000 Acc: 1.0000 F1: 1.0000
Epoch 68: Time: 0.4569 Cost: 0.0977 Pre: 1.0000 Re: 1.0000 Acc: 1.0000 F1: 1.0000
Epoch 69: Time: 0.4573 Cost: 0.0928 Pre: 1.0000 Re: 1.0000 Acc: 1.0000 F1: 1.0000
Epoch 70: Time: 0.4567 Cost: 0.0878 Pre: 1.0000 Re: 1.0000 Acc: 1.0000 F1: 1.0000


--------------------------------------------------------------------
Eval results: Cost:0.2595 Pre:0.9970 Re:1.0000 Acc:0.9985 F1:0.9985
--------------------------------------------------------------------

Epoch 71: Time: 0.4577 Cost: 0.0787 Pre: 1.0000 Re: 1.0000 Acc: 1.0000 F1: 1.0000
Epoch 72: Time: 0.4571 Cost: 0.0855 Pre: 1.0000 Re: 1.0000 Acc: 1.0000 F1: 1.0000
Epoch 73: Time: 0.4569 Cost: 0.0838 Pre: 1.0000 Re: 1.0000 Acc: 1.0000 F1: 1.0000
Epoch 74: Time: 0.4567 Cost: 0.0777 Pre: 1.0000 Re: 1.0000 Acc: 1.0000 F1: 1.0000
Epoch 75: Time: 0.4574 Cost: 0.0734 Pre: 1.0000 Re: 1.0000 Acc: 1.0000 F1: 1.0000
Epoch 76: Time: 0.4573 Cost: 0.0714 Pre: 1.0000 Re: 1.0000 Acc: 1.0000 F1: 1.0000
Epoch 77: Time: 0.4575 Cost: 0.0685 Pre: 1.0000 Re: 1.0000 Acc: 1.0000 F1: 1.0000
Epoch 78: Time: 0.4576 Cost: 0.0653 Pre: 1.0000 Re: 1.0000 Acc: 1.0000 F1: 1.0000
Epoch 79: Time: 0.4578 Cost: 0.0659 Pre: 1.0000 Re: 1.0000 Acc: 1.0000 F1: 1.0000
Epoch 80: Time: 0.4569 Cost: 0.0678 Pre: 1.0000 Re: 1.0000 Acc: 1.0000 F1: 1.0000


--------------------------------------------------------------------
Eval results: Cost:0.2043 Pre:0.9998 Re:0.9988 Acc:0.9993 F1:0.9993
--------------------------------------------------------------------

Epoch 81: Time: 0.4580 Cost: 0.0532 Pre: 1.0000 Re: 1.0000 Acc: 1.0000 F1: 1.0000
Epoch 82: Time: 0.4566 Cost: 0.0632 Pre: 1.0000 Re: 1.0000 Acc: 1.0000 F1: 1.0000
Epoch 83: Time: 0.4568 Cost: 0.0587 Pre: 1.0000 Re: 1.0000 Acc: 1.0000 F1: 1.0000
Epoch 84: Time: 0.4566 Cost: 0.0619 Pre: 1.0000 Re: 1.0000 Acc: 1.0000 F1: 1.0000
Epoch 85: Time: 0.4562 Cost: 0.0616 Pre: 1.0000 Re: 1.0000 Acc: 1.0000 F1: 1.0000
Epoch 86: Time: 0.4564 Cost: 0.0525 Pre: 1.0000 Re: 1.0000 Acc: 1.0000 F1: 1.0000
Epoch 87: Time: 0.4567 Cost: 0.0548 Pre: 1.0000 Re: 1.0000 Acc: 1.0000 F1: 1.0000
Epoch 88: Time: 0.4568 Cost: 0.0533 Pre: 1.0000 Re: 1.0000 Acc: 1.0000 F1: 1.0000
Epoch 89: Time: 0.4567 Cost: 0.0550 Pre: 1.0000 Re: 1.0000 Acc: 1.0000 F1: 1.0000
Epoch 90: Time: 0.4575 Cost: 0.0483 Pre: 1.0000 Re: 1.0000 Acc: 1.0000 F1: 1.0000


--------------------------------------------------------------------
Eval results: Cost:0.2385 Pre:0.9982 Re:0.9988 Acc:0.9985 F1:0.9985
--------------------------------------------------------------------

Epoch 91: Time: 0.4565 Cost: 0.0447 Pre: 1.0000 Re: 1.0000 Acc: 1.0000 F1: 1.0000
Epoch 92: Time: 0.4573 Cost: 0.0463 Pre: 1.0000 Re: 1.0000 Acc: 1.0000 F1: 1.0000
Epoch 93: Time: 0.4560 Cost: 0.0446 Pre: 1.0000 Re: 1.0000 Acc: 1.0000 F1: 1.0000
Epoch 94: Time: 0.4575 Cost: 0.0490 Pre: 1.0000 Re: 1.0000 Acc: 1.0000 F1: 1.0000
Epoch 95: Time: 0.4563 Cost: 0.0452 Pre: 1.0000 Re: 1.0000 Acc: 1.0000 F1: 1.0000
Epoch 96: Time: 0.4565 Cost: 0.0483 Pre: 1.0000 Re: 1.0000 Acc: 1.0000 F1: 1.0000
Epoch 97: Time: 0.4562 Cost: 0.0459 Pre: 1.0000 Re: 1.0000 Acc: 1.0000 F1: 1.0000
Epoch 98: Time: 0.4562 Cost: 0.0392 Pre: 1.0000 Re: 1.0000 Acc: 1.0000 F1: 1.0000
Epoch 99: Time: 0.4557 Cost: 0.0351 Pre: 1.0000 Re: 1.0000 Acc: 1.0000 F1: 1.0000
Epoch 100: Time: 0.4563 Cost: 0.0420 Pre: 1.0000 Re: 1.0000 Acc: 1.0000 F1: 1.0000


--------------------------------------------------------------------
Eval results: Cost:0.2198 Pre:0.9982 Re:0.9988 Acc:0.9985 F1:0.9985
--------------------------------------------------------------------

Epoch 101: Time: 0.4570 Cost: 0.0361 Pre: 1.0000 Re: 1.0000 Acc: 1.0000 F1: 1.0000
Epoch 102: Time: 0.4555 Cost: 0.0413 Pre: 1.0000 Re: 1.0000 Acc: 1.0000 F1: 1.0000
Epoch 103: Time: 0.4564 Cost: 0.0417 Pre: 1.0000 Re: 1.0000 Acc: 1.0000 F1: 1.0000
Epoch 104: Time: 0.4562 Cost: 0.0364 Pre: 1.0000 Re: 1.0000 Acc: 1.0000 F1: 1.0000
Epoch 105: Time: 0.4562 Cost: 0.0366 Pre: 1.0000 Re: 1.0000 Acc: 1.0000 F1: 1.0000
Epoch 106: Time: 0.4562 Cost: 0.0364 Pre: 1.0000 Re: 1.0000 Acc: 1.0000 F1: 1.0000
Epoch 107: Time: 0.4563 Cost: 0.0425 Pre: 1.0000 Re: 1.0000 Acc: 1.0000 F1: 1.0000
Epoch 108: Time: 0.4553 Cost: 0.0391 Pre: 1.0000 Re: 1.0000 Acc: 1.0000 F1: 1.0000
Epoch 109: Time: 0.4564 Cost: 0.0363 Pre: 1.0000 Re: 1.0000 Acc: 1.0000 F1: 1.0000
Epoch 110: Time: 0.4557 Cost: 0.0397 Pre: 1.0000 Re: 1.0000 Acc: 1.0000 F1: 1.0000


--------------------------------------------------------------------
Eval results: Cost:0.1832 Pre:1.0000 Re:0.9988 Acc:0.9994 F1:0.9994
--------------------------------------------------------------------

Epoch 111: Time: 0.4571 Cost: 0.0325 Pre: 1.0000 Re: 1.0000 Acc: 1.0000 F1: 1.0000
Epoch 112: Time: 0.4560 Cost: 0.0373 Pre: 1.0000 Re: 1.0000 Acc: 1.0000 F1: 1.0000
Epoch 113: Time: 0.4562 Cost: 0.0356 Pre: 1.0000 Re: 1.0000 Acc: 1.0000 F1: 1.0000
Epoch 114: Time: 0.4560 Cost: 0.0356 Pre: 1.0000 Re: 1.0000 Acc: 1.0000 F1: 1.0000
Epoch 115: Time: 0.4565 Cost: 0.0307 Pre: 1.0000 Re: 1.0000 Acc: 1.0000 F1: 1.0000
Epoch 116: Time: 0.4560 Cost: 0.0364 Pre: 1.0000 Re: 1.0000 Acc: 1.0000 F1: 1.0000
Epoch 117: Time: 0.4557 Cost: 0.0332 Pre: 1.0000 Re: 1.0000 Acc: 1.0000 F1: 1.0000
Epoch 118: Time: 0.4565 Cost: 0.0311 Pre: 1.0000 Re: 1.0000 Acc: 1.0000 F1: 1.0000
Epoch 119: Time: 0.4563 Cost: 0.0297 Pre: 1.0000 Re: 1.0000 Acc: 1.0000 F1: 1.0000
Epoch 120: Time: 0.4559 Cost: 0.0328 Pre: 1.0000 Re: 1.0000 Acc: 1.0000 F1: 1.0000


--------------------------------------------------------------------
Eval results: Cost:0.1508 Pre:1.0000 Re:0.9988 Acc:0.9994 F1:0.9994
--------------------------------------------------------------------

Epoch 121: Time: 0.4564 Cost: 0.0278 Pre: 1.0000 Re: 1.0000 Acc: 1.0000 F1: 1.0000
Epoch 122: Time: 0.4554 Cost: 0.0315 Pre: 1.0000 Re: 1.0000 Acc: 1.0000 F1: 1.0000
Epoch 123: Time: 0.4562 Cost: 0.0335 Pre: 1.0000 Re: 1.0000 Acc: 1.0000 F1: 1.0000
Epoch 124: Time: 0.4559 Cost: 0.0304 Pre: 1.0000 Re: 1.0000 Acc: 1.0000 F1: 1.0000
Epoch 125: Time: 0.4562 Cost: 0.0304 Pre: 1.0000 Re: 1.0000 Acc: 1.0000 F1: 1.0000
Epoch 126: Time: 0.4558 Cost: 0.0246 Pre: 1.0000 Re: 1.0000 Acc: 1.0000 F1: 1.0000
Epoch 127: Time: 0.4562 Cost: 0.0280 Pre: 1.0000 Re: 1.0000 Acc: 1.0000 F1: 1.0000
Epoch 128: Time: 0.4562 Cost: 0.0318 Pre: 1.0000 Re: 1.0000 Acc: 1.0000 F1: 1.0000
Epoch 129: Time: 0.4555 Cost: 0.0282 Pre: 1.0000 Re: 1.0000 Acc: 1.0000 F1: 1.0000
Epoch 130: Time: 0.4554 Cost: 0.0254 Pre: 1.0000 Re: 1.0000 Acc: 1.0000 F1: 1.0000


--------------------------------------------------------------------
Eval results: Cost:0.1453 Pre:1.0000 Re:0.9988 Acc:0.9994 F1:0.9994
--------------------------------------------------------------------

Epoch 131: Time: 0.4559 Cost: 0.0208 Pre: 1.0000 Re: 1.0000 Acc: 1.0000 F1: 1.0000
Epoch 132: Time: 0.4558 Cost: 0.0267 Pre: 1.0000 Re: 1.0000 Acc: 1.0000 F1: 1.0000
Epoch 133: Time: 0.4563 Cost: 0.0241 Pre: 1.0000 Re: 1.0000 Acc: 1.0000 F1: 1.0000
Epoch 134: Time: 0.4555 Cost: 0.0306 Pre: 1.0000 Re: 1.0000 Acc: 1.0000 F1: 1.0000
Epoch 135: Time: 0.4563 Cost: 0.0265 Pre: 1.0000 Re: 1.0000 Acc: 1.0000 F1: 1.0000
Epoch 136: Time: 0.4557 Cost: 0.0244 Pre: 1.0000 Re: 1.0000 Acc: 1.0000 F1: 1.0000
Epoch 137: Time: 0.4555 Cost: 0.0288 Pre: 1.0000 Re: 1.0000 Acc: 1.0000 F1: 1.0000
Epoch 138: Time: 0.4557 Cost: 0.0251 Pre: 1.0000 Re: 1.0000 Acc: 1.0000 F1: 1.0000
Epoch 139: Time: 0.4554 Cost: 0.0261 Pre: 1.0000 Re: 1.0000 Acc: 1.0000 F1: 1.0000
Epoch 140: Time: 0.4565 Cost: 0.0234 Pre: 1.0000 Re: 1.0000 Acc: 1.0000 F1: 1.0000


--------------------------------------------------------------------
Eval results: Cost:0.1610 Pre:1.0000 Re:0.9988 Acc:0.9994 F1:0.9994
--------------------------------------------------------------------

Epoch 141: Time: 0.4559 Cost: 0.0201 Pre: 1.0000 Re: 1.0000 Acc: 1.0000 F1: 1.0000
Epoch 142: Time: 0.4556 Cost: 0.0212 Pre: 1.0000 Re: 1.0000 Acc: 1.0000 F1: 1.0000
Epoch 143: Time: 0.4555 Cost: 0.0217 Pre: 1.0000 Re: 1.0000 Acc: 1.0000 F1: 1.0000
Epoch 144: Time: 0.4557 Cost: 0.0239 Pre: 1.0000 Re: 1.0000 Acc: 1.0000 F1: 1.0000
Epoch 145: Time: 0.4559 Cost: 0.0255 Pre: 1.0000 Re: 1.0000 Acc: 1.0000 F1: 1.0000
Epoch 146: Time: 0.4554 Cost: 0.0248 Pre: 1.0000 Re: 1.0000 Acc: 1.0000 F1: 1.0000
Epoch 147: Time: 0.4558 Cost: 0.0170 Pre: 1.0000 Re: 1.0000 Acc: 1.0000 F1: 1.0000
Epoch 148: Time: 0.4561 Cost: 0.0167 Pre: 1.0000 Re: 1.0000 Acc: 1.0000 F1: 1.0000
Epoch 149: Time: 0.4556 Cost: 0.0222 Pre: 1.0000 Re: 1.0000 Acc: 1.0000 F1: 1.0000
Epoch 150: Time: 0.4543 Cost: 0.0248 Pre: 1.0000 Re: 1.0000 Acc: 1.0000 F1: 1.0000


--------------------------------------------------------------------
Eval results: Cost:0.1457 Pre:1.0000 Re:0.9988 Acc:0.9994 F1:0.9994
--------------------------------------------------------------------

Epoch 151: Time: 0.4550 Cost: 0.0181 Pre: 1.0000 Re: 1.0000 Acc: 1.0000 F1: 1.0000
Epoch 152: Time: 0.4553 Cost: 0.0177 Pre: 1.0000 Re: 1.0000 Acc: 1.0000 F1: 1.0000
Epoch 153: Time: 0.4560 Cost: 0.0219 Pre: 1.0000 Re: 1.0000 Acc: 1.0000 F1: 1.0000
Epoch 154: Time: 0.4556 Cost: 0.0242 Pre: 1.0000 Re: 1.0000 Acc: 1.0000 F1: 1.0000
Epoch 155: Time: 0.4562 Cost: 0.0210 Pre: 1.0000 Re: 1.0000 Acc: 1.0000 F1: 1.0000
Epoch 156: Time: 0.4555 Cost: 0.0172 Pre: 1.0000 Re: 1.0000 Acc: 1.0000 F1: 1.0000
Epoch 157: Time: 0.4560 Cost: 0.0158 Pre: 1.0000 Re: 1.0000 Acc: 1.0000 F1: 1.0000
Epoch 158: Time: 0.4556 Cost: 0.0237 Pre: 1.0000 Re: 1.0000 Acc: 1.0000 F1: 1.0000
Epoch 159: Time: 0.4561 Cost: 0.0190 Pre: 1.0000 Re: 1.0000 Acc: 1.0000 F1: 1.0000
Epoch 160: Time: 0.4558 Cost: 0.0199 Pre: 1.0000 Re: 1.0000 Acc: 1.0000 F1: 1.0000


--------------------------------------------------------------------
Eval results: Cost:0.1464 Pre:1.0000 Re:0.9988 Acc:0.9994 F1:0.9994
--------------------------------------------------------------------

Epoch 161: Time: 0.4554 Cost: 0.0153 Pre: 1.0000 Re: 1.0000 Acc: 1.0000 F1: 1.0000
Epoch 162: Time: 0.4563 Cost: 0.0191 Pre: 1.0000 Re: 1.0000 Acc: 1.0000 F1: 1.0000
Epoch 163: Time: 0.4555 Cost: 0.0179 Pre: 1.0000 Re: 1.0000 Acc: 1.0000 F1: 1.0000
Epoch 164: Time: 0.4550 Cost: 0.0187 Pre: 1.0000 Re: 1.0000 Acc: 1.0000 F1: 1.0000
Epoch 165: Time: 0.4557 Cost: 0.0161 Pre: 1.0000 Re: 1.0000 Acc: 1.0000 F1: 1.0000
Epoch 166: Time: 0.4577 Cost: 0.0152 Pre: 1.0000 Re: 1.0000 Acc: 1.0000 F1: 1.0000
Epoch 167: Time: 0.4571 Cost: 0.0199 Pre: 1.0000 Re: 1.0000 Acc: 1.0000 F1: 1.0000
Epoch 168: Time: 0.4564 Cost: 0.0215 Pre: 1.0000 Re: 1.0000 Acc: 1.0000 F1: 1.0000
Epoch 169: Time: 0.4561 Cost: 0.0184 Pre: 1.0000 Re: 1.0000 Acc: 1.0000 F1: 1.0000
Epoch 170: Time: 0.4558 Cost: 0.0169 Pre: 1.0000 Re: 1.0000 Acc: 1.0000 F1: 1.0000


--------------------------------------------------------------------
Eval results: Cost:0.1606 Pre:1.0000 Re:0.9988 Acc:0.9994 F1:0.9994
--------------------------------------------------------------------

Epoch 171: Time: 0.4561 Cost: 0.0192 Pre: 1.0000 Re: 1.0000 Acc: 1.0000 F1: 1.0000
Epoch 172: Time: 0.4561 Cost: 0.0182 Pre: 1.0000 Re: 1.0000 Acc: 1.0000 F1: 1.0000
Epoch 173: Time: 0.4553 Cost: 0.0155 Pre: 1.0000 Re: 1.0000 Acc: 1.0000 F1: 1.0000
Epoch 174: Time: 0.4561 Cost: 0.0156 Pre: 1.0000 Re: 1.0000 Acc: 1.0000 F1: 1.0000
Epoch 175: Time: 0.4563 Cost: 0.0139 Pre: 1.0000 Re: 1.0000 Acc: 1.0000 F1: 1.0000
Epoch 176: Time: 0.4564 Cost: 0.0148 Pre: 1.0000 Re: 1.0000 Acc: 1.0000 F1: 1.0000
Epoch 177: Time: 0.4554 Cost: 0.0141 Pre: 1.0000 Re: 1.0000 Acc: 1.0000 F1: 1.0000
Epoch 178: Time: 0.4561 Cost: 0.0177 Pre: 1.0000 Re: 1.0000 Acc: 1.0000 F1: 1.0000
Epoch 179: Time: 0.4556 Cost: 0.0139 Pre: 1.0000 Re: 1.0000 Acc: 1.0000 F1: 1.0000
Epoch 180: Time: 0.4567 Cost: 0.0159 Pre: 1.0000 Re: 1.0000 Acc: 1.0000 F1: 1.0000


--------------------------------------------------------------------
Eval results: Cost:0.1432 Pre:1.0000 Re:0.9988 Acc:0.9994 F1:0.9994
--------------------------------------------------------------------

Epoch 181: Time: 0.4560 Cost: 0.0130 Pre: 1.0000 Re: 1.0000 Acc: 1.0000 F1: 1.0000
Epoch 182: Time: 0.4559 Cost: 0.0175 Pre: 1.0000 Re: 1.0000 Acc: 1.0000 F1: 1.0000
Epoch 183: Time: 0.4557 Cost: 0.0177 Pre: 1.0000 Re: 1.0000 Acc: 1.0000 F1: 1.0000
Epoch 184: Time: 0.4560 Cost: 0.0130 Pre: 1.0000 Re: 1.0000 Acc: 1.0000 F1: 1.0000
Epoch 185: Time: 0.4559 Cost: 0.0128 Pre: 1.0000 Re: 1.0000 Acc: 1.0000 F1: 1.0000
Epoch 186: Time: 0.4557 Cost: 0.0130 Pre: 1.0000 Re: 1.0000 Acc: 1.0000 F1: 1.0000
Epoch 187: Time: 0.4561 Cost: 0.0154 Pre: 1.0000 Re: 1.0000 Acc: 1.0000 F1: 1.0000
Epoch 188: Time: 0.4556 Cost: 0.0142 Pre: 1.0000 Re: 1.0000 Acc: 1.0000 F1: 1.0000
Epoch 189: Time: 0.4563 Cost: 0.0144 Pre: 1.0000 Re: 1.0000 Acc: 1.0000 F1: 1.0000
Epoch 190: Time: 0.4555 Cost: 0.0167 Pre: 1.0000 Re: 1.0000 Acc: 1.0000 F1: 1.0000


--------------------------------------------------------------------
Eval results: Cost:0.1490 Pre:1.0000 Re:0.9988 Acc:0.9994 F1:0.9994
--------------------------------------------------------------------

Epoch 191: Time: 0.4558 Cost: 0.0119 Pre: 1.0000 Re: 1.0000 Acc: 1.0000 F1: 1.0000
Epoch 192: Time: 0.4556 Cost: 0.0115 Pre: 1.0000 Re: 1.0000 Acc: 1.0000 F1: 1.0000
Epoch 193: Time: 0.4557 Cost: 0.0121 Pre: 1.0000 Re: 1.0000 Acc: 1.0000 F1: 1.0000
Epoch 194: Time: 0.4552 Cost: 0.0115 Pre: 1.0000 Re: 1.0000 Acc: 1.0000 F1: 1.0000
Epoch 195: Time: 0.4552 Cost: 0.0120 Pre: 1.0000 Re: 1.0000 Acc: 1.0000 F1: 1.0000
Epoch 196: Time: 0.4557 Cost: 0.0118 Pre: 1.0000 Re: 1.0000 Acc: 1.0000 F1: 1.0000
Epoch 197: Time: 0.4553 Cost: 0.0112 Pre: 1.0000 Re: 1.0000 Acc: 1.0000 F1: 1.0000
Epoch 198: Time: 0.4555 Cost: 0.0136 Pre: 1.0000 Re: 1.0000 Acc: 1.0000 F1: 1.0000
Epoch 199: Time: 0.4556 Cost: 0.0117 Pre: 1.0000 Re: 1.0000 Acc: 1.0000 F1: 1.0000
Epoch 200: Time: 0.4551 Cost: 0.0127 Pre: 1.0000 Re: 1.0000 Acc: 1.0000 F1: 1.0000


--------------------------------------------------------------------
Eval results: Cost:0.1577 Pre:1.0000 Re:0.9988 Acc:0.9994 F1:0.9994
--------------------------------------------------------------------

Epoch 201: Time: 0.4556 Cost: 0.0135 Pre: 1.0000 Re: 1.0000 Acc: 1.0000 F1: 1.0000
Epoch 202: Time: 0.4555 Cost: 0.0124 Pre: 1.0000 Re: 1.0000 Acc: 1.0000 F1: 1.0000
Epoch 203: Time: 0.4556 Cost: 0.0134 Pre: 1.0000 Re: 1.0000 Acc: 1.0000 F1: 1.0000
Epoch 204: Time: 0.4552 Cost: 0.0114 Pre: 1.0000 Re: 1.0000 Acc: 1.0000 F1: 1.0000
Epoch 205: Time: 0.4561 Cost: 0.0114 Pre: 1.0000 Re: 1.0000 Acc: 1.0000 F1: 1.0000
Epoch 206: Time: 0.4555 Cost: 0.0146 Pre: 1.0000 Re: 1.0000 Acc: 1.0000 F1: 1.0000
Epoch 207: Time: 0.4554 Cost: 0.0133 Pre: 1.0000 Re: 1.0000 Acc: 1.0000 F1: 1.0000
Epoch 208: Time: 0.4559 Cost: 0.0156 Pre: 1.0000 Re: 1.0000 Acc: 1.0000 F1: 1.0000
Epoch 209: Time: 0.4558 Cost: 0.0122 Pre: 1.0000 Re: 1.0000 Acc: 1.0000 F1: 1.0000
Epoch 210: Time: 0.4558 Cost: 0.0135 Pre: 1.0000 Re: 1.0000 Acc: 1.0000 F1: 1.0000


--------------------------------------------------------------------
Eval results: Cost:0.1354 Pre:1.0000 Re:0.9988 Acc:0.9994 F1:0.9994
--------------------------------------------------------------------

Epoch 211: Time: 0.4555 Cost: 0.0094 Pre: 1.0000 Re: 1.0000 Acc: 1.0000 F1: 1.0000
Epoch 212: Time: 0.4561 Cost: 0.0101 Pre: 1.0000 Re: 1.0000 Acc: 1.0000 F1: 1.0000
Epoch 213: Time: 0.4561 Cost: 0.0143 Pre: 1.0000 Re: 1.0000 Acc: 1.0000 F1: 1.0000
Epoch 214: Time: 0.4559 Cost: 0.0111 Pre: 1.0000 Re: 1.0000 Acc: 1.0000 F1: 1.0000
Epoch 215: Time: 0.4555 Cost: 0.0119 Pre: 1.0000 Re: 1.0000 Acc: 1.0000 F1: 1.0000
Epoch 216: Time: 0.4560 Cost: 0.0105 Pre: 1.0000 Re: 1.0000 Acc: 1.0000 F1: 1.0000
Epoch 217: Time: 0.4564 Cost: 0.0114 Pre: 1.0000 Re: 1.0000 Acc: 1.0000 F1: 1.0000
Epoch 218: Time: 0.4558 Cost: 0.0131 Pre: 1.0000 Re: 1.0000 Acc: 1.0000 F1: 1.0000
Epoch 219: Time: 0.4557 Cost: 0.0151 Pre: 1.0000 Re: 1.0000 Acc: 1.0000 F1: 1.0000
Epoch 220: Time: 0.4558 Cost: 0.0111 Pre: 1.0000 Re: 1.0000 Acc: 1.0000 F1: 1.0000


--------------------------------------------------------------------
Eval results: Cost:0.1493 Pre:1.0000 Re:0.9988 Acc:0.9994 F1:0.9994
--------------------------------------------------------------------

Epoch 221: Time: 0.4562 Cost: 0.0083 Pre: 1.0000 Re: 1.0000 Acc: 1.0000 F1: 1.0000
Epoch 222: Time: 0.4567 Cost: 0.0090 Pre: 1.0000 Re: 1.0000 Acc: 1.0000 F1: 1.0000
Epoch 223: Time: 0.4561 Cost: 0.0130 Pre: 1.0000 Re: 1.0000 Acc: 1.0000 F1: 1.0000
Epoch 224: Time: 0.4555 Cost: 0.0099 Pre: 1.0000 Re: 1.0000 Acc: 1.0000 F1: 1.0000
Epoch 225: Time: 0.4564 Cost: 0.0131 Pre: 1.0000 Re: 1.0000 Acc: 1.0000 F1: 1.0000
Epoch 226: Time: 0.4559 Cost: 0.0112 Pre: 1.0000 Re: 1.0000 Acc: 1.0000 F1: 1.0000
Epoch 227: Time: 0.4564 Cost: 0.0121 Pre: 1.0000 Re: 1.0000 Acc: 1.0000 F1: 1.0000
Epoch 228: Time: 0.4554 Cost: 0.0092 Pre: 1.0000 Re: 1.0000 Acc: 1.0000 F1: 1.0000
Epoch 229: Time: 0.4560 Cost: 0.0107 Pre: 1.0000 Re: 1.0000 Acc: 1.0000 F1: 1.0000
Epoch 230: Time: 0.4557 Cost: 0.0082 Pre: 1.0000 Re: 1.0000 Acc: 1.0000 F1: 1.0000


--------------------------------------------------------------------
Eval results: Cost:0.1440 Pre:1.0000 Re:0.9988 Acc:0.9994 F1:0.9994
--------------------------------------------------------------------

Epoch 231: Time: 0.4571 Cost: 0.0077 Pre: 1.0000 Re: 1.0000 Acc: 1.0000 F1: 1.0000
Epoch 232: Time: 0.4561 Cost: 0.0139 Pre: 1.0000 Re: 1.0000 Acc: 1.0000 F1: 1.0000
Epoch 233: Time: 0.4562 Cost: 0.0139 Pre: 1.0000 Re: 1.0000 Acc: 1.0000 F1: 1.0000
Epoch 234: Time: 0.4567 Cost: 0.0114 Pre: 1.0000 Re: 1.0000 Acc: 1.0000 F1: 1.0000
Epoch 235: Time: 0.4562 Cost: 0.0095 Pre: 1.0000 Re: 1.0000 Acc: 1.0000 F1: 1.0000
Epoch 236: Time: 0.4565 Cost: 0.0123 Pre: 1.0000 Re: 1.0000 Acc: 1.0000 F1: 1.0000
Epoch 237: Time: 0.4563 Cost: 0.0078 Pre: 1.0000 Re: 1.0000 Acc: 1.0000 F1: 1.0000
Epoch 238: Time: 0.4564 Cost: 0.0115 Pre: 1.0000 Re: 1.0000 Acc: 1.0000 F1: 1.0000
Epoch 239: Time: 0.4560 Cost: 0.0115 Pre: 1.0000 Re: 1.0000 Acc: 1.0000 F1: 1.0000
Epoch 240: Time: 0.4562 Cost: 0.0082 Pre: 1.0000 Re: 1.0000 Acc: 1.0000 F1: 1.0000


--------------------------------------------------------------------
Eval results: Cost:0.1514 Pre:1.0000 Re:0.9988 Acc:0.9994 F1:0.9994
--------------------------------------------------------------------

Epoch 241: Time: 0.4564 Cost: 0.0087 Pre: 1.0000 Re: 1.0000 Acc: 1.0000 F1: 1.0000
Epoch 242: Time: 0.4560 Cost: 0.0125 Pre: 1.0000 Re: 1.0000 Acc: 1.0000 F1: 1.0000
Epoch 243: Time: 0.4558 Cost: 0.0127 Pre: 1.0000 Re: 1.0000 Acc: 1.0000 F1: 1.0000
Epoch 244: Time: 0.4563 Cost: 0.0115 Pre: 1.0000 Re: 1.0000 Acc: 1.0000 F1: 1.0000
Epoch 245: Time: 0.4567 Cost: 0.0077 Pre: 1.0000 Re: 1.0000 Acc: 1.0000 F1: 1.0000
Epoch 246: Time: 0.4567 Cost: 0.0071 Pre: 1.0000 Re: 1.0000 Acc: 1.0000 F1: 1.0000
Epoch 247: Time: 0.4560 Cost: 0.0105 Pre: 1.0000 Re: 1.0000 Acc: 1.0000 F1: 1.0000
Epoch 248: Time: 0.4567 Cost: 0.0081 Pre: 1.0000 Re: 1.0000 Acc: 1.0000 F1: 1.0000
Epoch 249: Time: 0.4566 Cost: 0.0081 Pre: 1.0000 Re: 1.0000 Acc: 1.0000 F1: 1.0000
Epoch 250: Time: 0.4564 Cost: 0.0085 Pre: 1.0000 Re: 1.0000 Acc: 1.0000 F1: 1.0000


--------------------------------------------------------------------
Eval results: Cost:0.1356 Pre:1.0000 Re:0.9988 Acc:0.9994 F1:0.9994
--------------------------------------------------------------------

Epoch 251: Time: 0.4563 Cost: 0.0079 Pre: 1.0000 Re: 1.0000 Acc: 1.0000 F1: 1.0000
Epoch 252: Time: 0.4561 Cost: 0.0092 Pre: 1.0000 Re: 1.0000 Acc: 1.0000 F1: 1.0000
Epoch 253: Time: 0.4568 Cost: 0.0108 Pre: 1.0000 Re: 1.0000 Acc: 1.0000 F1: 1.0000
Epoch 254: Time: 0.4568 Cost: 0.0087 Pre: 1.0000 Re: 1.0000 Acc: 1.0000 F1: 1.0000
Epoch 255: Time: 0.4565 Cost: 0.0072 Pre: 1.0000 Re: 1.0000 Acc: 1.0000 F1: 1.0000
Epoch 256: Time: 0.4563 Cost: 0.0100 Pre: 1.0000 Re: 1.0000 Acc: 1.0000 F1: 1.0000
Epoch 257: Time: 0.4567 Cost: 0.0076 Pre: 1.0000 Re: 1.0000 Acc: 1.0000 F1: 1.0000
Epoch 258: Time: 0.4556 Cost: 0.0115 Pre: 1.0000 Re: 1.0000 Acc: 1.0000 F1: 1.0000
Epoch 259: Time: 0.4561 Cost: 0.0082 Pre: 1.0000 Re: 1.0000 Acc: 1.0000 F1: 1.0000
Epoch 260: Time: 0.4560 Cost: 0.0089 Pre: 1.0000 Re: 1.0000 Acc: 1.0000 F1: 1.0000


--------------------------------------------------------------------
Eval results: Cost:0.1405 Pre:1.0000 Re:0.9988 Acc:0.9994 F1:0.9994
--------------------------------------------------------------------

Epoch 261: Time: 0.4565 Cost: 0.0079 Pre: 1.0000 Re: 1.0000 Acc: 1.0000 F1: 1.0000
Epoch 262: Time: 0.4567 Cost: 0.0076 Pre: 1.0000 Re: 1.0000 Acc: 1.0000 F1: 1.0000
Epoch 263: Time: 0.4561 Cost: 0.0110 Pre: 1.0000 Re: 1.0000 Acc: 1.0000 F1: 1.0000
Epoch 264: Time: 0.4562 Cost: 0.0112 Pre: 1.0000 Re: 1.0000 Acc: 1.0000 F1: 1.0000
Epoch 265: Time: 0.4561 Cost: 0.0104 Pre: 1.0000 Re: 1.0000 Acc: 1.0000 F1: 1.0000
Epoch 266: Time: 0.4566 Cost: 0.0106 Pre: 1.0000 Re: 1.0000 Acc: 1.0000 F1: 1.0000
Epoch 267: Time: 0.4556 Cost: 0.0079 Pre: 1.0000 Re: 1.0000 Acc: 1.0000 F1: 1.0000
Epoch 268: Time: 0.4558 Cost: 0.0076 Pre: 1.0000 Re: 1.0000 Acc: 1.0000 F1: 1.0000
Epoch 269: Time: 0.4556 Cost: 0.0076 Pre: 1.0000 Re: 1.0000 Acc: 1.0000 F1: 1.0000
Epoch 270: Time: 0.4563 Cost: 0.0081 Pre: 1.0000 Re: 1.0000 Acc: 1.0000 F1: 1.0000


--------------------------------------------------------------------
Eval results: Cost:0.1483 Pre:1.0000 Re:0.9988 Acc:0.9994 F1:0.9994
--------------------------------------------------------------------

Epoch 271: Time: 0.4557 Cost: 0.0055 Pre: 1.0000 Re: 1.0000 Acc: 1.0000 F1: 1.0000
Epoch 272: Time: 0.4552 Cost: 0.0115 Pre: 1.0000 Re: 1.0000 Acc: 1.0000 F1: 1.0000
Epoch 273: Time: 0.4558 Cost: 0.0071 Pre: 1.0000 Re: 1.0000 Acc: 1.0000 F1: 1.0000
Epoch 274: Time: 0.4565 Cost: 0.0089 Pre: 1.0000 Re: 1.0000 Acc: 1.0000 F1: 1.0000
Epoch 275: Time: 0.4558 Cost: 0.0074 Pre: 1.0000 Re: 1.0000 Acc: 1.0000 F1: 1.0000
Epoch 276: Time: 0.4569 Cost: 0.0067 Pre: 1.0000 Re: 1.0000 Acc: 1.0000 F1: 1.0000
Epoch 277: Time: 0.4561 Cost: 0.0071 Pre: 1.0000 Re: 1.0000 Acc: 1.0000 F1: 1.0000
Epoch 278: Time: 0.4571 Cost: 0.0067 Pre: 1.0000 Re: 1.0000 Acc: 1.0000 F1: 1.0000
Epoch 279: Time: 0.4568 Cost: 0.0064 Pre: 1.0000 Re: 1.0000 Acc: 1.0000 F1: 1.0000
Epoch 280: Time: 0.4559 Cost: 0.0081 Pre: 1.0000 Re: 1.0000 Acc: 1.0000 F1: 1.0000


--------------------------------------------------------------------
Eval results: Cost:0.1515 Pre:1.0000 Re:0.9988 Acc:0.9994 F1:0.9994
--------------------------------------------------------------------

Epoch 281: Time: 0.4580 Cost: 0.0076 Pre: 1.0000 Re: 1.0000 Acc: 1.0000 F1: 1.0000
Epoch 282: Time: 0.4562 Cost: 0.0117 Pre: 1.0000 Re: 1.0000 Acc: 1.0000 F1: 1.0000
Epoch 283: Time: 0.4566 Cost: 0.0068 Pre: 1.0000 Re: 1.0000 Acc: 1.0000 F1: 1.0000
Epoch 284: Time: 0.4558 Cost: 0.0081 Pre: 1.0000 Re: 1.0000 Acc: 1.0000 F1: 1.0000
Epoch 285: Time: 0.4566 Cost: 0.0073 Pre: 1.0000 Re: 1.0000 Acc: 1.0000 F1: 1.0000
Epoch 286: Time: 0.4566 Cost: 0.0072 Pre: 1.0000 Re: 1.0000 Acc: 1.0000 F1: 1.0000
Epoch 287: Time: 0.4562 Cost: 0.0109 Pre: 1.0000 Re: 1.0000 Acc: 1.0000 F1: 1.0000
Epoch 288: Time: 0.4567 Cost: 0.0070 Pre: 1.0000 Re: 1.0000 Acc: 1.0000 F1: 1.0000
Epoch 289: Time: 0.4559 Cost: 0.0073 Pre: 1.0000 Re: 1.0000 Acc: 1.0000 F1: 1.0000
Epoch 290: Time: 0.4567 Cost: 0.0081 Pre: 1.0000 Re: 1.0000 Acc: 1.0000 F1: 1.0000


--------------------------------------------------------------------
Eval results: Cost:0.1465 Pre:1.0000 Re:0.9988 Acc:0.9994 F1:0.9994
--------------------------------------------------------------------

Epoch 291: Time: 0.4558 Cost: 0.0055 Pre: 1.0000 Re: 1.0000 Acc: 1.0000 F1: 1.0000
Epoch 292: Time: 0.4566 Cost: 0.0062 Pre: 1.0000 Re: 1.0000 Acc: 1.0000 F1: 1.0000
Epoch 293: Time: 0.4562 Cost: 0.0067 Pre: 1.0000 Re: 1.0000 Acc: 1.0000 F1: 1.0000
Epoch 294: Time: 0.4569 Cost: 0.0071 Pre: 1.0000 Re: 1.0000 Acc: 1.0000 F1: 1.0000
Epoch 295: Time: 0.4560 Cost: 0.0078 Pre: 1.0000 Re: 1.0000 Acc: 1.0000 F1: 1.0000
Epoch 296: Time: 0.4560 Cost: 0.0084 Pre: 1.0000 Re: 1.0000 Acc: 1.0000 F1: 1.0000
Epoch 297: Time: 0.4563 Cost: 0.0070 Pre: 1.0000 Re: 1.0000 Acc: 1.0000 F1: 1.0000
Epoch 298: Time: 0.4566 Cost: 0.0063 Pre: 1.0000 Re: 1.0000 Acc: 1.0000 F1: 1.0000
Epoch 299: Time: 0.4564 Cost: 0.0080 Pre: 1.0000 Re: 1.0000 Acc: 1.0000 F1: 1.0000
Epoch 300: Time: 0.4555 Cost: 0.0071 Pre: 1.0000 Re: 1.0000 Acc: 1.0000 F1: 1.0000


--------------------------------------------------------------------
Eval results: Cost:0.1548 Pre:1.0000 Re:0.9988 Acc:0.9994 F1:0.9994
--------------------------------------------------------------------

Early stopping...
--------------------------------------------------------------------
Eval results: Cost:0.1548 Pre:1.0000 Re:0.9988 Acc:0.9994 F1:0.9994
--------------------------------------------------------------------
Test 10000 samples take time: 2.9725
Test results: Cost:0.0055 Pre:1.0000 Re:0.9998 Acc:0.9999 F1:0.9999
--------------------------------------------------------------------

