Load data
RNN type: M Grammar: SL/SL2/1k/ Seed: 1
Model total parameters: 290
Saving hinit ... 

Epoch 0: Time: 0.8939 Cost: 109.7297 Pre: 0.4360 Re: 0.1840 Acc: 0.4730 F1: 0.2588


--------------------------------------------------------------------
Eval results: Cost:109.9520 Pre:0.3953 Re:0.1360 Acc:0.4640 F1:0.2024
--------------------------------------------------------------------

Epoch 1: Time: 0.8942 Cost: 94.9905 Pre: 0.4949 Re: 0.1940 Acc: 0.4980 F1: 0.2787
Epoch 2: Time: 0.8943 Cost: 80.5171 Pre: 0.5873 Re: 0.2220 Acc: 0.5330 F1: 0.3222
Epoch 3: Time: 0.8940 Cost: 69.6287 Pre: 0.6135 Re: 0.2540 Acc: 0.5470 F1: 0.3593
Epoch 4: Time: 0.8948 Cost: 60.3204 Pre: 0.6530 Re: 0.2860 Acc: 0.5670 F1: 0.3978
Epoch 5: Time: 0.8963 Cost: 51.3131 Pre: 0.6838 Re: 0.3200 Acc: 0.5860 F1: 0.4360
Epoch 6: Time: 0.8962 Cost: 42.8454 Pre: 0.7256 Re: 0.3860 Acc: 0.6200 F1: 0.5039
Epoch 7: Time: 0.8962 Cost: 35.8886 Pre: 0.7423 Re: 0.4840 Acc: 0.6580 F1: 0.5860
Epoch 8: Time: 0.8966 Cost: 30.0397 Pre: 0.7288 Re: 0.5320 Acc: 0.6670 F1: 0.6150
Epoch 9: Time: 0.8963 Cost: 25.2816 Pre: 0.7389 Re: 0.6000 Acc: 0.6940 F1: 0.6623
Epoch 10: Time: 0.8974 Cost: 21.7577 Pre: 0.7338 Re: 0.7000 Acc: 0.7230 F1: 0.7165


--------------------------------------------------------------------
Eval results: Cost:23.0376 Pre:0.6859 Re:0.7380 Acc:0.7000 F1:0.7110
--------------------------------------------------------------------

Epoch 11: Time: 0.8996 Cost: 19.5839 Pre: 0.7381 Re: 0.8060 Acc: 0.7600 F1: 0.7706
Epoch 12: Time: 0.8987 Cost: 18.3836 Pre: 0.7287 Re: 0.8540 Acc: 0.7680 F1: 0.7864
Epoch 13: Time: 0.8991 Cost: 17.5125 Pre: 0.7283 Re: 0.8740 Acc: 0.7740 F1: 0.7945
Epoch 14: Time: 0.9000 Cost: 16.8072 Pre: 0.7316 Re: 0.8940 Acc: 0.7830 F1: 0.8047
Epoch 15: Time: 0.8998 Cost: 16.2207 Pre: 0.7355 Re: 0.9120 Acc: 0.7920 F1: 0.8143
Epoch 16: Time: 0.9011 Cost: 15.7282 Pre: 0.7356 Re: 0.9180 Acc: 0.7940 F1: 0.8167
Epoch 17: Time: 0.9012 Cost: 15.3169 Pre: 0.7363 Re: 0.9160 Acc: 0.7940 F1: 0.8164
Epoch 18: Time: 0.9011 Cost: 14.9722 Pre: 0.7364 Re: 0.9220 Acc: 0.7960 F1: 0.8188
Epoch 19: Time: 0.9021 Cost: 14.6756 Pre: 0.7448 Re: 0.9340 Acc: 0.8070 F1: 0.8287
Epoch 20: Time: 0.9012 Cost: 14.4108 Pre: 0.7512 Re: 0.9360 Acc: 0.8130 F1: 0.8335


--------------------------------------------------------------------
Eval results: Cost:17.9047 Pre:0.6903 Re:0.8960 Acc:0.7470 F1:0.7798
--------------------------------------------------------------------

Epoch 21: Time: 0.9023 Cost: 14.1599 Pre: 0.7528 Re: 0.9320 Acc: 0.8130 F1: 0.8329
Epoch 22: Time: 0.9034 Cost: 13.9729 Pre: 0.7577 Re: 0.9320 Acc: 0.8170 F1: 0.8359
Epoch 23: Time: 0.9047 Cost: 13.7887 Pre: 0.7639 Re: 0.9320 Acc: 0.8220 F1: 0.8396
Epoch 24: Time: 0.9051 Cost: 13.5993 Pre: 0.7657 Re: 0.9280 Acc: 0.8220 F1: 0.8391
Epoch 25: Time: 0.9050 Cost: 13.4075 Pre: 0.7678 Re: 0.9260 Acc: 0.8230 F1: 0.8395
Epoch 26: Time: 0.9060 Cost: 13.2187 Pre: 0.7687 Re: 0.9240 Acc: 0.8230 F1: 0.8392
Epoch 27: Time: 0.9071 Cost: 13.0367 Pre: 0.7759 Re: 0.9280 Acc: 0.8300 F1: 0.8452
Epoch 28: Time: 0.9053 Cost: 12.8647 Pre: 0.7789 Re: 0.9300 Acc: 0.8330 F1: 0.8478
Epoch 29: Time: 0.9059 Cost: 12.7043 Pre: 0.7836 Re: 0.9340 Acc: 0.8380 F1: 0.8522
Epoch 30: Time: 0.9075 Cost: 12.5555 Pre: 0.7875 Re: 0.9340 Acc: 0.8410 F1: 0.8545


--------------------------------------------------------------------
Eval results: Cost:17.3430 Pre:0.7009 Re:0.8860 Acc:0.7540 F1:0.7827
--------------------------------------------------------------------

Epoch 31: Time: 0.9122 Cost: 12.4060 Pre: 0.7882 Re: 0.9380 Acc: 0.8430 F1: 0.8566
Epoch 32: Time: 0.9093 Cost: 12.3099 Pre: 0.7896 Re: 0.9380 Acc: 0.8440 F1: 0.8574
Epoch 33: Time: 0.9054 Cost: 12.2172 Pre: 0.7896 Re: 0.9380 Acc: 0.8440 F1: 0.8574
Epoch 34: Time: 0.9156 Cost: 12.1224 Pre: 0.7919 Re: 0.9360 Acc: 0.8450 F1: 0.8579
Epoch 35: Time: 0.9079 Cost: 12.0248 Pre: 0.7932 Re: 0.9360 Acc: 0.8460 F1: 0.8587
Epoch 36: Time: 0.9151 Cost: 11.9234 Pre: 0.7936 Re: 0.9380 Acc: 0.8470 F1: 0.8598
Epoch 37: Time: 0.9200 Cost: 11.8174 Pre: 0.7909 Re: 0.9380 Acc: 0.8450 F1: 0.8582
Epoch 38: Time: 0.9088 Cost: 11.7066 Pre: 0.7909 Re: 0.9380 Acc: 0.8450 F1: 0.8582
Epoch 39: Time: 0.9083 Cost: 11.5915 Pre: 0.7919 Re: 0.9440 Acc: 0.8480 F1: 0.8613
Epoch 40: Time: 0.9078 Cost: 11.4727 Pre: 0.7919 Re: 0.9440 Acc: 0.8480 F1: 0.8613


--------------------------------------------------------------------
Eval results: Cost:17.4279 Pre:0.6982 Re:0.8700 Acc:0.7470 F1:0.7747
--------------------------------------------------------------------

Epoch 41: Time: 0.9083 Cost: 11.3366 Pre: 0.7926 Re: 0.9480 Acc: 0.8500 F1: 0.8634
Epoch 42: Time: 0.9080 Cost: 11.2473 Pre: 0.7940 Re: 0.9480 Acc: 0.8510 F1: 0.8642
Epoch 43: Time: 0.9076 Cost: 11.1533 Pre: 0.7973 Re: 0.9520 Acc: 0.8550 F1: 0.8678
Epoch 44: Time: 0.9084 Cost: 11.0485 Pre: 0.7953 Re: 0.9480 Acc: 0.8520 F1: 0.8650
Epoch 45: Time: 0.9108 Cost: 10.9323 Pre: 0.8007 Re: 0.9480 Acc: 0.8560 F1: 0.8681
Epoch 46: Time: 0.9104 Cost: 10.8087 Pre: 0.8041 Re: 0.9520 Acc: 0.8600 F1: 0.8718
Epoch 47: Time: 0.9072 Cost: 10.6911 Pre: 0.8057 Re: 0.9540 Acc: 0.8620 F1: 0.8736
Epoch 48: Time: 0.9068 Cost: 10.5877 Pre: 0.8074 Re: 0.9560 Acc: 0.8640 F1: 0.8755
Epoch 49: Time: 0.9060 Cost: 10.4944 Pre: 0.8074 Re: 0.9560 Acc: 0.8640 F1: 0.8755
Epoch 50: Time: 0.9066 Cost: 10.4068 Pre: 0.8143 Re: 0.9560 Acc: 0.8690 F1: 0.8795


--------------------------------------------------------------------
Eval results: Cost:17.2315 Pre:0.7175 Re:0.8940 Acc:0.7710 F1:0.7961
--------------------------------------------------------------------

Epoch 51: Time: 0.9056 Cost: 10.3035 Pre: 0.8129 Re: 0.9560 Acc: 0.8680 F1: 0.8787
Epoch 52: Time: 0.9061 Cost: 10.2492 Pre: 0.8146 Re: 0.9580 Acc: 0.8700 F1: 0.8805
Epoch 53: Time: 0.9076 Cost: 10.1898 Pre: 0.8216 Re: 0.9580 Acc: 0.8750 F1: 0.8846
Epoch 54: Time: 0.9062 Cost: 10.1244 Pre: 0.8244 Re: 0.9580 Acc: 0.8770 F1: 0.8862
Epoch 55: Time: 0.9061 Cost: 10.0551 Pre: 0.8241 Re: 0.9560 Acc: 0.8760 F1: 0.8852
Epoch 56: Time: 0.9055 Cost: 9.9825 Pre: 0.8241 Re: 0.9560 Acc: 0.8760 F1: 0.8852
Epoch 57: Time: 0.9061 Cost: 9.9054 Pre: 0.8250 Re: 0.9620 Acc: 0.8790 F1: 0.8883
Epoch 58: Time: 0.9072 Cost: 9.8245 Pre: 0.8253 Re: 0.9640 Acc: 0.8800 F1: 0.8893
Epoch 59: Time: 0.9061 Cost: 9.7410 Pre: 0.8271 Re: 0.9660 Acc: 0.8820 F1: 0.8911
Epoch 60: Time: 0.9075 Cost: 9.6563 Pre: 0.8282 Re: 0.9640 Acc: 0.8820 F1: 0.8909


--------------------------------------------------------------------
Eval results: Cost:17.3347 Pre:0.7164 Re:0.8840 Acc:0.7670 F1:0.7914
--------------------------------------------------------------------

Epoch 61: Time: 0.9011 Cost: 9.5556 Pre: 0.8296 Re: 0.9640 Acc: 0.8830 F1: 0.8918
Epoch 62: Time: 0.9036 Cost: 9.5047 Pre: 0.8310 Re: 0.9640 Acc: 0.8840 F1: 0.8926
Epoch 63: Time: 0.9038 Cost: 9.4473 Pre: 0.8304 Re: 0.9600 Acc: 0.8820 F1: 0.8905
Epoch 64: Time: 0.9039 Cost: 9.3894 Pre: 0.8302 Re: 0.9580 Acc: 0.8810 F1: 0.8895
Epoch 65: Time: 0.9046 Cost: 9.3314 Pre: 0.8345 Re: 0.9580 Acc: 0.8840 F1: 0.8920
Epoch 66: Time: 0.9046 Cost: 9.2711 Pre: 0.8404 Re: 0.9580 Acc: 0.8880 F1: 0.8953
Epoch 67: Time: 0.9068 Cost: 9.2091 Pre: 0.8415 Re: 0.9560 Acc: 0.8880 F1: 0.8951
Epoch 68: Time: 0.9031 Cost: 9.1468 Pre: 0.8413 Re: 0.9540 Acc: 0.8870 F1: 0.8941
Epoch 69: Time: 0.9063 Cost: 9.0837 Pre: 0.8415 Re: 0.9560 Acc: 0.8880 F1: 0.8951
Epoch 70: Time: 0.9031 Cost: 9.0196 Pre: 0.8460 Re: 0.9560 Acc: 0.8910 F1: 0.8977


--------------------------------------------------------------------
Eval results: Cost:17.6835 Pre:0.7174 Re:0.8680 Acc:0.7630 F1:0.7855
--------------------------------------------------------------------

Epoch 71: Time: 0.9017 Cost: 8.9373 Pre: 0.8460 Re: 0.9560 Acc: 0.8910 F1: 0.8977
Epoch 72: Time: 0.9011 Cost: 8.8959 Pre: 0.8475 Re: 0.9560 Acc: 0.8920 F1: 0.8985
Epoch 73: Time: 0.9012 Cost: 8.8470 Pre: 0.8478 Re: 0.9580 Acc: 0.8930 F1: 0.8995
Epoch 74: Time: 0.9011 Cost: 8.7945 Pre: 0.8475 Re: 0.9560 Acc: 0.8920 F1: 0.8985
Epoch 75: Time: 0.9008 Cost: 8.7403 Pre: 0.8493 Re: 0.9580 Acc: 0.8940 F1: 0.9004
Epoch 76: Time: 0.9023 Cost: 8.6823 Pre: 0.8496 Re: 0.9600 Acc: 0.8950 F1: 0.9014
Epoch 77: Time: 0.9095 Cost: 8.6223 Pre: 0.8513 Re: 0.9620 Acc: 0.8970 F1: 0.9033
Epoch 78: Time: 0.9063 Cost: 8.5619 Pre: 0.8513 Re: 0.9620 Acc: 0.8970 F1: 0.9033
Epoch 79: Time: 0.9055 Cost: 8.5019 Pre: 0.8526 Re: 0.9600 Acc: 0.8970 F1: 0.9031
Epoch 80: Time: 0.9076 Cost: 8.4545 Pre: 0.8526 Re: 0.9600 Acc: 0.8970 F1: 0.9031


--------------------------------------------------------------------
Eval results: Cost:17.8109 Pre:0.7148 Re:0.8620 Acc:0.7590 F1:0.7815
--------------------------------------------------------------------

Epoch 81: Time: 0.9038 Cost: 8.3872 Pre: 0.8538 Re: 0.9580 Acc: 0.8970 F1: 0.9029
Epoch 82: Time: 0.9039 Cost: 8.3578 Pre: 0.8526 Re: 0.9600 Acc: 0.8970 F1: 0.9031
Epoch 83: Time: 0.9032 Cost: 8.3048 Pre: 0.8526 Re: 0.9600 Acc: 0.8970 F1: 0.9031
Epoch 84: Time: 0.9040 Cost: 8.2763 Pre: 0.8538 Re: 0.9580 Acc: 0.8970 F1: 0.9029
Epoch 85: Time: 0.9081 Cost: 8.2267 Pre: 0.8554 Re: 0.9580 Acc: 0.8980 F1: 0.9038
Epoch 86: Time: 0.9030 Cost: 8.1925 Pre: 0.8523 Re: 0.9580 Acc: 0.8960 F1: 0.9021
Epoch 87: Time: 0.9098 Cost: 8.1690 Pre: 0.8556 Re: 0.9600 Acc: 0.8990 F1: 0.9048
Epoch 88: Time: 0.9062 Cost: 8.1497 Pre: 0.8533 Re: 0.9540 Acc: 0.8950 F1: 0.9008
Epoch 89: Time: 0.9048 Cost: 8.0970 Pre: 0.8538 Re: 0.9580 Acc: 0.8970 F1: 0.9029
Epoch 90: Time: 0.9113 Cost: 8.0876 Pre: 0.8523 Re: 0.9580 Acc: 0.8960 F1: 0.9021


--------------------------------------------------------------------
Eval results: Cost:17.8313 Pre:0.7188 Re:0.8640 Acc:0.7630 F1:0.7847
--------------------------------------------------------------------

Epoch 91: Time: 0.9071 Cost: 8.0046 Pre: 0.8589 Re: 0.9620 Acc: 0.9020 F1: 0.9075
Epoch 92: Time: 0.9062 Cost: 7.9702 Pre: 0.8569 Re: 0.9580 Acc: 0.8990 F1: 0.9046
Epoch 93: Time: 0.9178 Cost: 7.9325 Pre: 0.8584 Re: 0.9580 Acc: 0.9000 F1: 0.9055
Epoch 94: Time: 0.9064 Cost: 7.8994 Pre: 0.8602 Re: 0.9600 Acc: 0.9020 F1: 0.9074
Epoch 95: Time: 0.9205 Cost: 7.8591 Pre: 0.8600 Re: 0.9580 Acc: 0.9010 F1: 0.9063
Epoch 96: Time: 0.9275 Cost: 7.8548 Pre: 0.8587 Re: 0.9600 Acc: 0.9010 F1: 0.9065
Epoch 97: Time: 0.9092 Cost: 7.8127 Pre: 0.8615 Re: 0.9580 Acc: 0.9020 F1: 0.9072
Epoch 98: Time: 0.9086 Cost: 7.8096 Pre: 0.8607 Re: 0.9640 Acc: 0.9040 F1: 0.9094
Epoch 99: Time: 0.9075 Cost: 7.7496 Pre: 0.8631 Re: 0.9580 Acc: 0.9030 F1: 0.9081
Epoch 100: Time: 0.9087 Cost: 7.7105 Pre: 0.8649 Re: 0.9600 Acc: 0.9050 F1: 0.9100


--------------------------------------------------------------------
Eval results: Cost:17.8121 Pre:0.7232 Re:0.8780 Acc:0.7710 F1:0.7931
--------------------------------------------------------------------

Epoch 101: Time: 0.9083 Cost: 7.6438 Pre: 0.8636 Re: 0.9620 Acc: 0.9050 F1: 0.9101
Epoch 102: Time: 0.9067 Cost: 7.6164 Pre: 0.8636 Re: 0.9620 Acc: 0.9050 F1: 0.9101
Epoch 103: Time: 0.9085 Cost: 7.5894 Pre: 0.8638 Re: 0.9640 Acc: 0.9060 F1: 0.9112
Epoch 104: Time: 0.9062 Cost: 7.5825 Pre: 0.8649 Re: 0.9600 Acc: 0.9050 F1: 0.9100
Epoch 105: Time: 0.9061 Cost: 7.5869 Pre: 0.8654 Re: 0.9640 Acc: 0.9070 F1: 0.9120
Epoch 106: Time: 0.9064 Cost: 7.5737 Pre: 0.8657 Re: 0.9540 Acc: 0.9030 F1: 0.9077
Epoch 107: Time: 0.9057 Cost: 7.5062 Pre: 0.8654 Re: 0.9640 Acc: 0.9070 F1: 0.9120
Epoch 108: Time: 0.9051 Cost: 7.5332 Pre: 0.8667 Re: 0.9620 Acc: 0.9070 F1: 0.9118
Epoch 109: Time: 0.9062 Cost: 7.4741 Pre: 0.8669 Re: 0.9640 Acc: 0.9080 F1: 0.9129
Epoch 110: Time: 0.9064 Cost: 7.4434 Pre: 0.8664 Re: 0.9600 Acc: 0.9060 F1: 0.9108


--------------------------------------------------------------------
Eval results: Cost:17.7255 Pre:0.7232 Re:0.8780 Acc:0.7710 F1:0.7931
--------------------------------------------------------------------

Epoch 111: Time: 0.9068 Cost: 7.3551 Pre: 0.8700 Re: 0.9640 Acc: 0.9100 F1: 0.9146
Epoch 112: Time: 0.9060 Cost: 7.3597 Pre: 0.8685 Re: 0.9640 Acc: 0.9090 F1: 0.9137
Epoch 113: Time: 0.9058 Cost: 7.3094 Pre: 0.8685 Re: 0.9640 Acc: 0.9090 F1: 0.9137
Epoch 114: Time: 0.9062 Cost: 7.2771 Pre: 0.8671 Re: 0.9660 Acc: 0.9090 F1: 0.9139
Epoch 115: Time: 0.9057 Cost: 7.2334 Pre: 0.8685 Re: 0.9640 Acc: 0.9090 F1: 0.9137
Epoch 116: Time: 0.9066 Cost: 7.2272 Pre: 0.8685 Re: 0.9640 Acc: 0.9090 F1: 0.9137
Epoch 117: Time: 0.9070 Cost: 7.2559 Pre: 0.8703 Re: 0.9660 Acc: 0.9110 F1: 0.9156
Epoch 118: Time: 0.9047 Cost: 7.1931 Pre: 0.8685 Re: 0.9640 Acc: 0.9090 F1: 0.9137
Epoch 119: Time: 0.9060 Cost: 7.2095 Pre: 0.8752 Re: 0.9680 Acc: 0.9150 F1: 0.9193
Epoch 120: Time: 0.9059 Cost: 7.1487 Pre: 0.8732 Re: 0.9640 Acc: 0.9120 F1: 0.9163


--------------------------------------------------------------------
Eval results: Cost:17.6880 Pre:0.7230 Re:0.8820 Acc:0.7720 F1:0.7946
--------------------------------------------------------------------

Epoch 121: Time: 0.9055 Cost: 7.0878 Pre: 0.8750 Re: 0.9660 Acc: 0.9140 F1: 0.9183
Epoch 122: Time: 0.9067 Cost: 7.0889 Pre: 0.8700 Re: 0.9640 Acc: 0.9100 F1: 0.9146
Epoch 123: Time: 0.9064 Cost: 7.0945 Pre: 0.8796 Re: 0.9640 Acc: 0.9160 F1: 0.9198
Epoch 124: Time: 0.9054 Cost: 7.0719 Pre: 0.8812 Re: 0.9640 Acc: 0.9170 F1: 0.9207
Epoch 125: Time: 0.9063 Cost: 7.0773 Pre: 0.8846 Re: 0.9660 Acc: 0.9200 F1: 0.9235
Epoch 126: Time: 0.9053 Cost: 7.0179 Pre: 0.8832 Re: 0.9680 Acc: 0.9200 F1: 0.9237
Epoch 127: Time: 0.9055 Cost: 6.9866 Pre: 0.8828 Re: 0.9640 Acc: 0.9180 F1: 0.9216
Epoch 128: Time: 0.9060 Cost: 6.9851 Pre: 0.8830 Re: 0.9660 Acc: 0.9190 F1: 0.9226
Epoch 129: Time: 0.9061 Cost: 7.0064 Pre: 0.8828 Re: 0.9640 Acc: 0.9180 F1: 0.9216
Epoch 130: Time: 0.9052 Cost: 6.9988 Pre: 0.8844 Re: 0.9640 Acc: 0.9190 F1: 0.9225


--------------------------------------------------------------------
Eval results: Cost:17.1034 Pre:0.7203 Re:0.8860 Acc:0.7710 F1:0.7946
--------------------------------------------------------------------

Epoch 131: Time: 0.9051 Cost: 6.9560 Pre: 0.8862 Re: 0.9660 Acc: 0.9210 F1: 0.9244
Epoch 132: Time: 0.9055 Cost: 6.9500 Pre: 0.8877 Re: 0.9640 Acc: 0.9210 F1: 0.9243
Epoch 133: Time: 0.9050 Cost: 6.9600 Pre: 0.8860 Re: 0.9640 Acc: 0.9200 F1: 0.9234
Epoch 134: Time: 0.9054 Cost: 6.8998 Pre: 0.8877 Re: 0.9640 Acc: 0.9210 F1: 0.9243
Epoch 135: Time: 0.9048 Cost: 6.8568 Pre: 0.8893 Re: 0.9640 Acc: 0.9220 F1: 0.9251
Epoch 136: Time: 0.9056 Cost: 6.8173 Pre: 0.8895 Re: 0.9660 Acc: 0.9230 F1: 0.9262
Epoch 137: Time: 0.9053 Cost: 6.7979 Pre: 0.8877 Re: 0.9640 Acc: 0.9210 F1: 0.9243
Epoch 138: Time: 0.9066 Cost: 6.7832 Pre: 0.8909 Re: 0.9640 Acc: 0.9230 F1: 0.9260
Epoch 139: Time: 0.9055 Cost: 6.7959 Pre: 0.8877 Re: 0.9640 Acc: 0.9210 F1: 0.9243
Epoch 140: Time: 0.9052 Cost: 6.7577 Pre: 0.8909 Re: 0.9640 Acc: 0.9230 F1: 0.9260


--------------------------------------------------------------------
Eval results: Cost:17.1210 Pre:0.7208 Re:0.8880 Acc:0.7720 F1:0.7957
--------------------------------------------------------------------

Epoch 141: Time: 0.9059 Cost: 6.7423 Pre: 0.8860 Re: 0.9640 Acc: 0.9200 F1: 0.9234
Epoch 142: Time: 0.9061 Cost: 6.6858 Pre: 0.8893 Re: 0.9640 Acc: 0.9220 F1: 0.9251
Epoch 143: Time: 0.9059 Cost: 6.6959 Pre: 0.8893 Re: 0.9640 Acc: 0.9220 F1: 0.9251
Epoch 144: Time: 0.9061 Cost: 6.6488 Pre: 0.8924 Re: 0.9620 Acc: 0.9230 F1: 0.9259
Epoch 145: Time: 0.9062 Cost: 6.6245 Pre: 0.8893 Re: 0.9640 Acc: 0.9220 F1: 0.9251
Epoch 146: Time: 0.9061 Cost: 6.5972 Pre: 0.8909 Re: 0.9640 Acc: 0.9230 F1: 0.9260
Epoch 147: Time: 0.9072 Cost: 6.5725 Pre: 0.8875 Re: 0.9620 Acc: 0.9200 F1: 0.9232
Epoch 148: Time: 0.9071 Cost: 6.5780 Pre: 0.8891 Re: 0.9620 Acc: 0.9210 F1: 0.9241
Epoch 149: Time: 0.9068 Cost: 6.5907 Pre: 0.8924 Re: 0.9620 Acc: 0.9230 F1: 0.9259
Epoch 150: Time: 0.9064 Cost: 6.6612 Pre: 0.8840 Re: 0.9600 Acc: 0.9170 F1: 0.9204


--------------------------------------------------------------------
Eval results: Cost:16.9078 Pre:0.7264 Re:0.8920 Acc:0.7780 F1:0.8007
--------------------------------------------------------------------

Epoch 151: Time: 0.9067 Cost: 6.7023 Pre: 0.8907 Re: 0.9620 Acc: 0.9220 F1: 0.9250
Epoch 152: Time: 0.9067 Cost: 6.6015 Pre: 0.8911 Re: 0.9660 Acc: 0.9240 F1: 0.9271
Epoch 153: Time: 0.9064 Cost: 6.5248 Pre: 0.8911 Re: 0.9660 Acc: 0.9240 F1: 0.9271
Epoch 154: Time: 0.9064 Cost: 6.4541 Pre: 0.8928 Re: 0.9660 Acc: 0.9250 F1: 0.9280
Epoch 155: Time: 0.9065 Cost: 6.5024 Pre: 0.8928 Re: 0.9660 Acc: 0.9250 F1: 0.9280
Epoch 156: Time: 0.9067 Cost: 6.4655 Pre: 0.8911 Re: 0.9660 Acc: 0.9240 F1: 0.9271
Epoch 157: Time: 0.9069 Cost: 6.4200 Pre: 0.8911 Re: 0.9660 Acc: 0.9240 F1: 0.9271
Epoch 158: Time: 0.9070 Cost: 6.4486 Pre: 0.8893 Re: 0.9800 Acc: 0.9290 F1: 0.9324
Epoch 159: Time: 0.9068 Cost: 6.3962 Pre: 0.8944 Re: 0.9660 Acc: 0.9260 F1: 0.9288
Epoch 160: Time: 0.9060 Cost: 6.4038 Pre: 0.8911 Re: 0.9660 Acc: 0.9240 F1: 0.9271


--------------------------------------------------------------------
Eval results: Cost:16.9899 Pre:0.7277 Re:0.8820 Acc:0.7760 F1:0.7975
--------------------------------------------------------------------

Epoch 161: Time: 0.9069 Cost: 6.4316 Pre: 0.8950 Re: 0.9720 Acc: 0.9290 F1: 0.9319
Epoch 162: Time: 0.9014 Cost: 6.4559 Pre: 0.8954 Re: 0.9760 Acc: 0.9310 F1: 0.9340
Epoch 163: Time: 0.9015 Cost: 6.3772 Pre: 0.8972 Re: 0.9780 Acc: 0.9330 F1: 0.9359
Epoch 164: Time: 0.9020 Cost: 6.2777 Pre: 0.9022 Re: 0.9780 Acc: 0.9360 F1: 0.9386
Epoch 165: Time: 0.9015 Cost: 6.3165 Pre: 0.9039 Re: 0.9780 Acc: 0.9370 F1: 0.9395
Epoch 166: Time: 0.9010 Cost: 6.3064 Pre: 0.9024 Re: 0.9800 Acc: 0.9370 F1: 0.9396
Epoch 167: Time: 0.9014 Cost: 6.3125 Pre: 0.8967 Re: 0.9720 Acc: 0.9300 F1: 0.9328
Epoch 168: Time: 0.9009 Cost: 6.2816 Pre: 0.9015 Re: 0.9700 Acc: 0.9320 F1: 0.9345
Epoch 169: Time: 0.9019 Cost: 6.2732 Pre: 0.9054 Re: 0.9760 Acc: 0.9370 F1: 0.9394
Epoch 170: Time: 0.9020 Cost: 6.2004 Pre: 0.8972 Re: 0.9780 Acc: 0.9330 F1: 0.9359


--------------------------------------------------------------------
Eval results: Cost:17.0243 Pre:0.7262 Re:0.8860 Acc:0.7760 F1:0.7982
--------------------------------------------------------------------

Epoch 171: Time: 0.9004 Cost: 6.1346 Pre: 0.9035 Re: 0.9740 Acc: 0.9350 F1: 0.9374
Epoch 172: Time: 0.9020 Cost: 6.3340 Pre: 0.9050 Re: 0.9720 Acc: 0.9350 F1: 0.9373
Epoch 173: Time: 0.9004 Cost: 6.3027 Pre: 0.9039 Re: 0.9780 Acc: 0.9370 F1: 0.9395
Epoch 174: Time: 0.9013 Cost: 6.2484 Pre: 0.8983 Re: 0.9720 Acc: 0.9310 F1: 0.9337
Epoch 175: Time: 0.9013 Cost: 6.1879 Pre: 0.9000 Re: 0.9720 Acc: 0.9320 F1: 0.9346
Epoch 176: Time: 0.9019 Cost: 6.1279 Pre: 0.9088 Re: 0.9760 Acc: 0.9390 F1: 0.9412
Epoch 177: Time: 0.9013 Cost: 6.0792 Pre: 0.9056 Re: 0.9780 Acc: 0.9380 F1: 0.9404
Epoch 178: Time: 0.9009 Cost: 6.0807 Pre: 0.9101 Re: 0.9720 Acc: 0.9380 F1: 0.9400
Epoch 179: Time: 0.9013 Cost: 6.1684 Pre: 0.9022 Re: 0.9780 Acc: 0.9360 F1: 0.9386
Epoch 180: Time: 0.9015 Cost: 6.1245 Pre: 0.9035 Re: 0.9740 Acc: 0.9350 F1: 0.9374


--------------------------------------------------------------------
Eval results: Cost:16.9434 Pre:0.7270 Re:0.8840 Acc:0.7760 F1:0.7978
--------------------------------------------------------------------

Epoch 181: Time: 0.9006 Cost: 6.0824 Pre: 0.9081 Re: 0.9680 Acc: 0.9350 F1: 0.9371
Epoch 182: Time: 0.9014 Cost: 6.0805 Pre: 0.9137 Re: 0.9740 Acc: 0.9410 F1: 0.9429
Epoch 183: Time: 0.9010 Cost: 6.0094 Pre: 0.9101 Re: 0.9720 Acc: 0.9380 F1: 0.9400
Epoch 184: Time: 0.9010 Cost: 6.0093 Pre: 0.9103 Re: 0.9740 Acc: 0.9390 F1: 0.9411
Epoch 185: Time: 0.9012 Cost: 6.0236 Pre: 0.9086 Re: 0.9740 Acc: 0.9380 F1: 0.9402
Epoch 186: Time: 0.9010 Cost: 6.0621 Pre: 0.9035 Re: 0.9740 Acc: 0.9350 F1: 0.9374
Epoch 187: Time: 0.9012 Cost: 6.0112 Pre: 0.9082 Re: 0.9700 Acc: 0.9360 F1: 0.9381
Epoch 188: Time: 0.9004 Cost: 6.0357 Pre: 0.9118 Re: 0.9720 Acc: 0.9390 F1: 0.9409
Epoch 189: Time: 0.9014 Cost: 5.9796 Pre: 0.9020 Re: 0.9760 Acc: 0.9350 F1: 0.9376
Epoch 190: Time: 0.9007 Cost: 5.9930 Pre: 0.9072 Re: 0.9780 Acc: 0.9390 F1: 0.9413


--------------------------------------------------------------------
Eval results: Cost:17.1333 Pre:0.7322 Re:0.8860 Acc:0.7810 F1:0.8018
--------------------------------------------------------------------

Epoch 191: Time: 0.9003 Cost: 5.9544 Pre: 0.9086 Re: 0.9740 Acc: 0.9380 F1: 0.9402
Epoch 192: Time: 0.9005 Cost: 5.9613 Pre: 0.9057 Re: 0.9800 Acc: 0.9390 F1: 0.9414
Epoch 193: Time: 0.9015 Cost: 5.8934 Pre: 0.9140 Re: 0.9780 Acc: 0.9430 F1: 0.9449
Epoch 194: Time: 0.9015 Cost: 5.9889 Pre: 0.9120 Re: 0.9740 Acc: 0.9400 F1: 0.9420
Epoch 195: Time: 0.9013 Cost: 5.9515 Pre: 0.9106 Re: 0.9780 Acc: 0.9410 F1: 0.9431
Epoch 196: Time: 0.9016 Cost: 5.8600 Pre: 0.9121 Re: 0.9760 Acc: 0.9410 F1: 0.9430
Epoch 197: Time: 0.9016 Cost: 5.8452 Pre: 0.9123 Re: 0.9780 Acc: 0.9420 F1: 0.9440
Epoch 198: Time: 0.9009 Cost: 5.7832 Pre: 0.9106 Re: 0.9780 Acc: 0.9410 F1: 0.9431
Epoch 199: Time: 0.9022 Cost: 5.8122 Pre: 0.9140 Re: 0.9780 Acc: 0.9430 F1: 0.9449
Epoch 200: Time: 0.9012 Cost: 5.8131 Pre: 0.9106 Re: 0.9780 Acc: 0.9410 F1: 0.9431


--------------------------------------------------------------------
Eval results: Cost:17.1479 Pre:0.7336 Re:0.8920 Acc:0.7840 F1:0.8051
--------------------------------------------------------------------

Epoch 201: Time: 0.9004 Cost: 5.8568 Pre: 0.9140 Re: 0.9780 Acc: 0.9430 F1: 0.9449
Epoch 202: Time: 0.9015 Cost: 5.8470 Pre: 0.9106 Re: 0.9780 Acc: 0.9410 F1: 0.9431
Epoch 203: Time: 0.9012 Cost: 5.7884 Pre: 0.9142 Re: 0.9800 Acc: 0.9440 F1: 0.9459
Epoch 204: Time: 0.9020 Cost: 5.7443 Pre: 0.9140 Re: 0.9780 Acc: 0.9430 F1: 0.9449
Epoch 205: Time: 0.9015 Cost: 5.6692 Pre: 0.9140 Re: 0.9780 Acc: 0.9430 F1: 0.9449
Epoch 206: Time: 0.9019 Cost: 5.6627 Pre: 0.9123 Re: 0.9780 Acc: 0.9420 F1: 0.9440
Epoch 207: Time: 0.9019 Cost: 5.6836 Pre: 0.9140 Re: 0.9780 Acc: 0.9430 F1: 0.9449
Epoch 208: Time: 0.9020 Cost: 5.7160 Pre: 0.9140 Re: 0.9780 Acc: 0.9430 F1: 0.9449
Epoch 209: Time: 0.9015 Cost: 5.6742 Pre: 0.9140 Re: 0.9780 Acc: 0.9430 F1: 0.9449
Epoch 210: Time: 0.9021 Cost: 5.7258 Pre: 0.9139 Re: 0.9760 Acc: 0.9420 F1: 0.9439


--------------------------------------------------------------------
Eval results: Cost:17.4591 Pre:0.7270 Re:0.8840 Acc:0.7760 F1:0.7978
--------------------------------------------------------------------

Epoch 211: Time: 0.9015 Cost: 5.6615 Pre: 0.9156 Re: 0.9760 Acc: 0.9430 F1: 0.9448
Epoch 212: Time: 0.9020 Cost: 5.5555 Pre: 0.9174 Re: 0.9780 Acc: 0.9450 F1: 0.9468
Epoch 213: Time: 0.9014 Cost: 5.5418 Pre: 0.9176 Re: 0.9800 Acc: 0.9460 F1: 0.9478
Epoch 214: Time: 0.9006 Cost: 5.5196 Pre: 0.9176 Re: 0.9800 Acc: 0.9460 F1: 0.9478
Epoch 215: Time: 0.9010 Cost: 5.5128 Pre: 0.9159 Re: 0.9800 Acc: 0.9450 F1: 0.9469
Epoch 216: Time: 0.9016 Cost: 5.5084 Pre: 0.9176 Re: 0.9800 Acc: 0.9460 F1: 0.9478
Epoch 217: Time: 0.9009 Cost: 5.6090 Pre: 0.9247 Re: 0.9820 Acc: 0.9510 F1: 0.9525
Epoch 218: Time: 0.9014 Cost: 5.5850 Pre: 0.9248 Re: 0.9840 Acc: 0.9520 F1: 0.9535
Epoch 219: Time: 0.9003 Cost: 5.6931 Pre: 0.9176 Re: 0.9800 Acc: 0.9460 F1: 0.9478
Epoch 220: Time: 0.9009 Cost: 5.6844 Pre: 0.9140 Re: 0.9780 Acc: 0.9430 F1: 0.9449


--------------------------------------------------------------------
Eval results: Cost:17.4360 Pre:0.7291 Re:0.8880 Acc:0.7790 F1:0.8007
--------------------------------------------------------------------

Early stopping...
Reading model ...


--------------------------------------------------------------------
Test 1000 samples take time: 1.7619
Test results: Cost: 1.7436 Precision: 0.7291 Recall: 0.8880 Accuracy: 0.7790 F1: 0.8007
--------------------------------------------------------------------

