Load data
RNN type: LSTM Grammar: SL/SL2/10k/ Seed: 1
Model total parameters: 4080
Saving hinit ... 

Epoch 0: Time: 1.5718 Cost: 32.7875 Pre: 0.6098 Re: 0.3542 Acc: 0.5638 F1: 0.4481


--------------------------------------------------------------------
Eval results: Cost:22.0594 Pre:0.6948 Re:0.7422 Acc:0.7081 F1:0.7177
--------------------------------------------------------------------

Epoch 1: Time: 1.5520 Cost: 21.4026 Pre: 0.6914 Re: 0.8176 Acc: 0.7263 F1: 0.7492
Epoch 2: Time: 1.5569 Cost: 18.2786 Pre: 0.7107 Re: 0.9350 Acc: 0.7772 F1: 0.8076
Epoch 3: Time: 1.5471 Cost: 14.2938 Pre: 0.7686 Re: 0.9628 Acc: 0.8365 F1: 0.8548
Epoch 4: Time: 1.5501 Cost: 12.0979 Pre: 0.7939 Re: 0.9736 Acc: 0.8604 F1: 0.8746
Epoch 5: Time: 1.5408 Cost: 10.3516 Pre: 0.8174 Re: 0.9812 Acc: 0.8810 F1: 0.8918
Epoch 6: Time: 1.5397 Cost: 9.1983 Pre: 0.8356 Re: 0.9812 Acc: 0.8941 F1: 0.9026
Epoch 7: Time: 1.5394 Cost: 8.0445 Pre: 0.8532 Re: 0.9808 Acc: 0.9060 F1: 0.9125
Epoch 8: Time: 1.5421 Cost: 7.1375 Pre: 0.8658 Re: 0.9874 Acc: 0.9172 F1: 0.9226
Epoch 9: Time: 1.5458 Cost: 6.2570 Pre: 0.8801 Re: 0.9898 Acc: 0.9275 F1: 0.9318
Epoch 10: Time: 1.5502 Cost: 5.4788 Pre: 0.8912 Re: 0.9926 Acc: 0.9357 F1: 0.9392


--------------------------------------------------------------------
Eval results: Cost:4.4859 Pre:0.9201 Re:0.9952 Acc:0.9544 F1:0.9562
--------------------------------------------------------------------

Epoch 11: Time: 1.5553 Cost: 4.8726 Pre: 0.9046 Re: 0.9954 Acc: 0.9452 F1: 0.9478
Epoch 12: Time: 1.5583 Cost: 4.3562 Pre: 0.9153 Re: 0.9966 Acc: 0.9522 F1: 0.9542
Epoch 13: Time: 1.5615 Cost: 3.8103 Pre: 0.9260 Re: 0.9984 Acc: 0.9593 F1: 0.9608
Epoch 14: Time: 1.5735 Cost: 3.3180 Pre: 0.9463 Re: 0.9982 Acc: 0.9708 F1: 0.9716
Epoch 15: Time: 1.5697 Cost: 2.9627 Pre: 0.9582 Re: 0.9994 Acc: 0.9779 F1: 0.9784
Epoch 16: Time: 1.5801 Cost: 2.6858 Pre: 0.9608 Re: 0.9994 Acc: 0.9793 F1: 0.9797
Epoch 17: Time: 1.5754 Cost: 2.3365 Pre: 0.9654 Re: 0.9996 Acc: 0.9819 F1: 0.9822
Epoch 18: Time: 1.5799 Cost: 2.0271 Pre: 0.9696 Re: 1.0000 Acc: 0.9843 F1: 0.9845
Epoch 19: Time: 1.5831 Cost: 1.7826 Pre: 0.9713 Re: 1.0000 Acc: 0.9852 F1: 0.9854
Epoch 20: Time: 1.5943 Cost: 1.6223 Pre: 0.9722 Re: 0.9996 Acc: 0.9855 F1: 0.9857


--------------------------------------------------------------------
Eval results: Cost:1.2387 Pre:0.9748 Re:1.0000 Acc:0.9871 F1:0.9873
--------------------------------------------------------------------

Epoch 21: Time: 1.5869 Cost: 1.3918 Pre: 0.9747 Re: 1.0000 Acc: 0.9870 F1: 0.9872
Epoch 22: Time: 1.5900 Cost: 1.2257 Pre: 0.9760 Re: 1.0000 Acc: 0.9877 F1: 0.9878
Epoch 23: Time: 1.5994 Cost: 1.0460 Pre: 0.9785 Re: 1.0000 Acc: 0.9890 F1: 0.9891
Epoch 24: Time: 1.5954 Cost: 0.8823 Pre: 0.9815 Re: 1.0000 Acc: 0.9906 F1: 0.9907
Epoch 25: Time: 1.5962 Cost: 0.7536 Pre: 0.9846 Re: 1.0000 Acc: 0.9922 F1: 0.9923
Epoch 26: Time: 1.6082 Cost: 0.6283 Pre: 0.9879 Re: 1.0000 Acc: 0.9939 F1: 0.9939
Epoch 27: Time: 1.6003 Cost: 0.5315 Pre: 0.9915 Re: 1.0000 Acc: 0.9957 F1: 0.9957
Epoch 28: Time: 1.6005 Cost: 0.4489 Pre: 0.9938 Re: 1.0000 Acc: 0.9969 F1: 0.9969
Epoch 29: Time: 1.6037 Cost: 0.3801 Pre: 0.9956 Re: 1.0000 Acc: 0.9978 F1: 0.9978
Epoch 30: Time: 1.6002 Cost: 0.3222 Pre: 0.9972 Re: 1.0000 Acc: 0.9986 F1: 0.9986


--------------------------------------------------------------------
Eval results: Cost:0.3140 Pre:0.9952 Re:1.0000 Acc:0.9976 F1:0.9976
--------------------------------------------------------------------

Epoch 31: Time: 1.6009 Cost: 0.2770 Pre: 0.9984 Re: 1.0000 Acc: 0.9992 F1: 0.9992
Epoch 32: Time: 1.6081 Cost: 0.2380 Pre: 0.9992 Re: 1.0000 Acc: 0.9996 F1: 0.9996
Epoch 33: Time: 1.6017 Cost: 0.2002 Pre: 0.9996 Re: 1.0000 Acc: 0.9998 F1: 0.9998
Epoch 34: Time: 1.6017 Cost: 0.1681 Pre: 0.9996 Re: 1.0000 Acc: 0.9998 F1: 0.9998
Epoch 35: Time: 1.6023 Cost: 0.1405 Pre: 1.0000 Re: 1.0000 Acc: 1.0000 F1: 1.0000
Epoch 36: Time: 1.6098 Cost: 0.1169 Pre: 1.0000 Re: 1.0000 Acc: 1.0000 F1: 1.0000
Epoch 37: Time: 1.6102 Cost: 0.0967 Pre: 1.0000 Re: 1.0000 Acc: 1.0000 F1: 1.0000
Epoch 38: Time: 1.6028 Cost: 0.0794 Pre: 1.0000 Re: 1.0000 Acc: 1.0000 F1: 1.0000
Epoch 39: Time: 1.6089 Cost: 0.0652 Pre: 1.0000 Re: 1.0000 Acc: 1.0000 F1: 1.0000
Epoch 40: Time: 1.6065 Cost: 0.0539 Pre: 1.0000 Re: 1.0000 Acc: 1.0000 F1: 1.0000


--------------------------------------------------------------------
Eval results: Cost:0.0671 Pre:1.0000 Re:1.0000 Acc:1.0000 F1:1.0000
--------------------------------------------------------------------

Epoch 41: Time: 1.6163 Cost: 0.0467 Pre: 1.0000 Re: 1.0000 Acc: 1.0000 F1: 1.0000
Epoch 42: Time: 1.6035 Cost: 0.0393 Pre: 1.0000 Re: 1.0000 Acc: 1.0000 F1: 1.0000
Epoch 43: Time: 1.6044 Cost: 0.0339 Pre: 1.0000 Re: 1.0000 Acc: 1.0000 F1: 1.0000
Epoch 44: Time: 1.6136 Cost: 0.0297 Pre: 1.0000 Re: 1.0000 Acc: 1.0000 F1: 1.0000
Epoch 45: Time: 1.6046 Cost: 0.0265 Pre: 1.0000 Re: 1.0000 Acc: 1.0000 F1: 1.0000
Epoch 46: Time: 1.6046 Cost: 0.0243 Pre: 1.0000 Re: 1.0000 Acc: 1.0000 F1: 1.0000
Epoch 47: Time: 1.6043 Cost: 0.0226 Pre: 1.0000 Re: 1.0000 Acc: 1.0000 F1: 1.0000
Epoch 48: Time: 1.6046 Cost: 0.0211 Pre: 1.0000 Re: 1.0000 Acc: 1.0000 F1: 1.0000
Epoch 49: Time: 1.6066 Cost: 0.0196 Pre: 1.0000 Re: 1.0000 Acc: 1.0000 F1: 1.0000
Epoch 50: Time: 1.6078 Cost: 0.0184 Pre: 1.0000 Re: 1.0000 Acc: 1.0000 F1: 1.0000


--------------------------------------------------------------------
Eval results: Cost:0.0177 Pre:1.0000 Re:1.0000 Acc:1.0000 F1:1.0000
--------------------------------------------------------------------

Epoch 51: Time: 1.6083 Cost: 0.0169 Pre: 1.0000 Re: 1.0000 Acc: 1.0000 F1: 1.0000
Epoch 52: Time: 1.6078 Cost: 0.0163 Pre: 1.0000 Re: 1.0000 Acc: 1.0000 F1: 1.0000
Epoch 53: Time: 1.6075 Cost: 0.0156 Pre: 1.0000 Re: 1.0000 Acc: 1.0000 F1: 1.0000
Epoch 54: Time: 1.6082 Cost: 0.0150 Pre: 1.0000 Re: 1.0000 Acc: 1.0000 F1: 1.0000
Epoch 55: Time: 1.6075 Cost: 0.0144 Pre: 1.0000 Re: 1.0000 Acc: 1.0000 F1: 1.0000
Epoch 56: Time: 1.6080 Cost: 0.0138 Pre: 1.0000 Re: 1.0000 Acc: 1.0000 F1: 1.0000
Epoch 57: Time: 1.6078 Cost: 0.0133 Pre: 1.0000 Re: 1.0000 Acc: 1.0000 F1: 1.0000
Epoch 58: Time: 1.6146 Cost: 0.0128 Pre: 1.0000 Re: 1.0000 Acc: 1.0000 F1: 1.0000
Epoch 59: Time: 1.6112 Cost: 0.0124 Pre: 1.0000 Re: 1.0000 Acc: 1.0000 F1: 1.0000
Epoch 60: Time: 1.6046 Cost: 0.0120 Pre: 1.0000 Re: 1.0000 Acc: 1.0000 F1: 1.0000


--------------------------------------------------------------------
Eval results: Cost:0.0120 Pre:1.0000 Re:1.0000 Acc:1.0000 F1:1.0000
--------------------------------------------------------------------

Epoch 61: Time: 1.6159 Cost: 0.0111 Pre: 1.0000 Re: 1.0000 Acc: 1.0000 F1: 1.0000
Epoch 62: Time: 1.6159 Cost: 0.0113 Pre: 1.0000 Re: 1.0000 Acc: 1.0000 F1: 1.0000
Epoch 63: Time: 1.6119 Cost: 0.0109 Pre: 1.0000 Re: 1.0000 Acc: 1.0000 F1: 1.0000
Epoch 64: Time: 1.6106 Cost: 0.0105 Pre: 1.0000 Re: 1.0000 Acc: 1.0000 F1: 1.0000
Epoch 65: Time: 1.6057 Cost: 0.0101 Pre: 1.0000 Re: 1.0000 Acc: 1.0000 F1: 1.0000
Epoch 66: Time: 1.6146 Cost: 0.0098 Pre: 1.0000 Re: 1.0000 Acc: 1.0000 F1: 1.0000
Epoch 67: Time: 1.6113 Cost: 0.0095 Pre: 1.0000 Re: 1.0000 Acc: 1.0000 F1: 1.0000
Epoch 68: Time: 1.6137 Cost: 0.0092 Pre: 1.0000 Re: 1.0000 Acc: 1.0000 F1: 1.0000
Epoch 69: Time: 1.6061 Cost: 0.0089 Pre: 1.0000 Re: 1.0000 Acc: 1.0000 F1: 1.0000
Epoch 70: Time: 1.6064 Cost: 0.0087 Pre: 1.0000 Re: 1.0000 Acc: 1.0000 F1: 1.0000


--------------------------------------------------------------------
Eval results: Cost:0.0096 Pre:1.0000 Re:1.0000 Acc:1.0000 F1:1.0000
--------------------------------------------------------------------

Epoch 71: Time: 1.6125 Cost: 0.0080 Pre: 1.0000 Re: 1.0000 Acc: 1.0000 F1: 1.0000
Epoch 72: Time: 1.6063 Cost: 0.0085 Pre: 1.0000 Re: 1.0000 Acc: 1.0000 F1: 1.0000
Epoch 73: Time: 1.6134 Cost: 0.0079 Pre: 1.0000 Re: 1.0000 Acc: 1.0000 F1: 1.0000
Epoch 74: Time: 1.6142 Cost: 0.0082 Pre: 1.0000 Re: 1.0000 Acc: 1.0000 F1: 1.0000
Epoch 75: Time: 1.6142 Cost: 0.0077 Pre: 1.0000 Re: 1.0000 Acc: 1.0000 F1: 1.0000
Epoch 76: Time: 1.6072 Cost: 0.0075 Pre: 1.0000 Re: 1.0000 Acc: 1.0000 F1: 1.0000
Epoch 77: Time: 1.6068 Cost: 0.0073 Pre: 1.0000 Re: 1.0000 Acc: 1.0000 F1: 1.0000
Epoch 78: Time: 1.6070 Cost: 0.0071 Pre: 1.0000 Re: 1.0000 Acc: 1.0000 F1: 1.0000
Epoch 79: Time: 1.6069 Cost: 0.0068 Pre: 1.0000 Re: 1.0000 Acc: 1.0000 F1: 1.0000
Epoch 80: Time: 1.6145 Cost: 0.0066 Pre: 1.0000 Re: 1.0000 Acc: 1.0000 F1: 1.0000


--------------------------------------------------------------------
Eval results: Cost:0.0088 Pre:1.0000 Re:1.0000 Acc:1.0000 F1:1.0000
--------------------------------------------------------------------

Epoch 81: Time: 1.6069 Cost: 0.0068 Pre: 1.0000 Re: 1.0000 Acc: 1.0000 F1: 1.0000
Epoch 82: Time: 1.6144 Cost: 0.0081 Pre: 1.0000 Re: 1.0000 Acc: 1.0000 F1: 1.0000
Epoch 83: Time: 1.6077 Cost: 0.0078 Pre: 1.0000 Re: 1.0000 Acc: 1.0000 F1: 1.0000
Epoch 84: Time: 1.6076 Cost: 0.0075 Pre: 1.0000 Re: 1.0000 Acc: 1.0000 F1: 1.0000
Epoch 85: Time: 1.6083 Cost: 0.0067 Pre: 1.0000 Re: 1.0000 Acc: 1.0000 F1: 1.0000
Epoch 86: Time: 1.6108 Cost: 0.0061 Pre: 1.0000 Re: 1.0000 Acc: 1.0000 F1: 1.0000
Epoch 87: Time: 1.6112 Cost: 0.0064 Pre: 1.0000 Re: 1.0000 Acc: 1.0000 F1: 1.0000
Epoch 88: Time: 1.6140 Cost: 0.0060 Pre: 1.0000 Re: 1.0000 Acc: 1.0000 F1: 1.0000
Epoch 89: Time: 1.6116 Cost: 0.0060 Pre: 1.0000 Re: 1.0000 Acc: 1.0000 F1: 1.0000
Epoch 90: Time: 1.6192 Cost: 0.0063 Pre: 1.0000 Re: 1.0000 Acc: 1.0000 F1: 1.0000


--------------------------------------------------------------------
Eval results: Cost:0.0061 Pre:1.0000 Re:1.0000 Acc:1.0000 F1:1.0000
--------------------------------------------------------------------

Epoch 91: Time: 1.6085 Cost: 0.0053 Pre: 1.0000 Re: 1.0000 Acc: 1.0000 F1: 1.0000
Epoch 92: Time: 1.6142 Cost: 0.0051 Pre: 1.0000 Re: 1.0000 Acc: 1.0000 F1: 1.0000
Epoch 93: Time: 1.6077 Cost: 0.0070 Pre: 1.0000 Re: 1.0000 Acc: 1.0000 F1: 1.0000
Epoch 94: Time: 1.6068 Cost: 0.0065 Pre: 1.0000 Re: 1.0000 Acc: 1.0000 F1: 1.0000
Epoch 95: Time: 1.6079 Cost: 0.0061 Pre: 1.0000 Re: 1.0000 Acc: 1.0000 F1: 1.0000
Epoch 96: Time: 1.6079 Cost: 0.0054 Pre: 1.0000 Re: 1.0000 Acc: 1.0000 F1: 1.0000
Epoch 97: Time: 1.6112 Cost: 0.0056 Pre: 1.0000 Re: 1.0000 Acc: 1.0000 F1: 1.0000
Epoch 98: Time: 1.6148 Cost: 0.0063 Pre: 1.0000 Re: 1.0000 Acc: 1.0000 F1: 1.0000
Epoch 99: Time: 1.6128 Cost: 0.0056 Pre: 1.0000 Re: 1.0000 Acc: 1.0000 F1: 1.0000
--------------------------------------------------------------------
Eval results: Cost:0.0076 Pre:1.0000 Re:1.0000 Acc:1.0000 F1:1.0000
--------------------------------------------------------------------
Test 10000 samples take time: 4.6649
Test results: Cost:0.0002 Pre:1.0000 Re:1.0000 Acc:1.0000 F1:1.0000
--------------------------------------------------------------------

