Load data
RNN type: MI Grammar: SL/SL2/10k/ Seed: 1
Model total parameters: 180
Saving hinit ... 

Epoch 0: Time: 0.3156 Cost: 45.2263 Pre: 0.6577 Re: 0.4918 Acc: 0.6179 F1: 0.5628


--------------------------------------------------------------------
Eval results: Cost:21.5930 Pre:0.6908 Re:0.8134 Acc:0.7247 F1:0.7471
--------------------------------------------------------------------

Epoch 1: Time: 0.3133 Cost: 19.7616 Pre: 0.6780 Re: 0.8844 Acc: 0.7322 F1: 0.7676
Epoch 2: Time: 0.3116 Cost: 18.3431 Pre: 0.6859 Re: 0.8966 Acc: 0.7430 F1: 0.7772
Epoch 3: Time: 0.3116 Cost: 17.2258 Pre: 0.7007 Re: 0.9056 Acc: 0.7594 F1: 0.7901
Epoch 4: Time: 0.3110 Cost: 16.0012 Pre: 0.7150 Re: 0.9226 Acc: 0.7774 F1: 0.8056
Epoch 5: Time: 0.3107 Cost: 14.7128 Pre: 0.7331 Re: 0.9498 Acc: 0.8020 F1: 0.8275
Epoch 6: Time: 0.3112 Cost: 13.4541 Pre: 0.7521 Re: 0.9656 Acc: 0.8237 F1: 0.8456
Epoch 7: Time: 0.3105 Cost: 12.0354 Pre: 0.7846 Re: 0.9638 Acc: 0.8496 F1: 0.8650
Epoch 8: Time: 0.3109 Cost: 10.4381 Pre: 0.8330 Re: 0.9708 Acc: 0.8881 F1: 0.8966
Epoch 9: Time: 0.3118 Cost: 9.4514 Pre: 0.8537 Re: 0.9746 Acc: 0.9038 F1: 0.9102
Epoch 10: Time: 0.3113 Cost: 8.6307 Pre: 0.8774 Re: 0.9734 Acc: 0.9187 F1: 0.9229


--------------------------------------------------------------------
Eval results: Cost:7.9901 Pre:0.9054 Re:0.9802 Acc:0.9389 F1:0.9413
--------------------------------------------------------------------

Epoch 11: Time: 0.3112 Cost: 7.7407 Pre: 0.8909 Re: 0.9738 Acc: 0.9273 F1: 0.9305
Epoch 12: Time: 0.3108 Cost: 6.9955 Pre: 0.9041 Re: 0.9748 Acc: 0.9357 F1: 0.9381
Epoch 13: Time: 0.3114 Cost: 6.2967 Pre: 0.9129 Re: 0.9764 Acc: 0.9416 F1: 0.9436
Epoch 14: Time: 0.3111 Cost: 5.5952 Pre: 0.9246 Re: 0.9758 Acc: 0.9481 F1: 0.9495
Epoch 15: Time: 0.3115 Cost: 4.8595 Pre: 0.9356 Re: 0.9784 Acc: 0.9555 F1: 0.9565
Epoch 16: Time: 0.3115 Cost: 4.2310 Pre: 0.9444 Re: 0.9786 Acc: 0.9605 F1: 0.9612
Epoch 17: Time: 0.3112 Cost: 3.7033 Pre: 0.9522 Re: 0.9792 Acc: 0.9650 F1: 0.9655
Epoch 18: Time: 0.3106 Cost: 3.1756 Pre: 0.9617 Re: 0.9802 Acc: 0.9706 F1: 0.9709
Epoch 19: Time: 0.3113 Cost: 2.6530 Pre: 0.9695 Re: 0.9802 Acc: 0.9747 F1: 0.9748
Epoch 20: Time: 0.3114 Cost: 2.2541 Pre: 0.9768 Re: 0.9840 Acc: 0.9803 F1: 0.9804


--------------------------------------------------------------------
Eval results: Cost:1.6574 Pre:0.9846 Re:0.9998 Acc:0.9921 F1:0.9922
--------------------------------------------------------------------

Epoch 21: Time: 0.3106 Cost: 1.9319 Pre: 0.9798 Re: 1.0000 Acc: 0.9897 F1: 0.9898
Epoch 22: Time: 0.3107 Cost: 1.7019 Pre: 0.9812 Re: 1.0000 Acc: 0.9904 F1: 0.9905
Epoch 23: Time: 0.3108 Cost: 1.5329 Pre: 0.9817 Re: 1.0000 Acc: 0.9907 F1: 0.9908
Epoch 24: Time: 0.3102 Cost: 1.3967 Pre: 0.9821 Re: 1.0000 Acc: 0.9909 F1: 0.9910
Epoch 25: Time: 0.3105 Cost: 1.2809 Pre: 0.9821 Re: 1.0000 Acc: 0.9909 F1: 0.9910
Epoch 26: Time: 0.3112 Cost: 1.1905 Pre: 0.9821 Re: 1.0000 Acc: 0.9909 F1: 0.9910
Epoch 27: Time: 0.3113 Cost: 1.1204 Pre: 0.9821 Re: 1.0000 Acc: 0.9909 F1: 0.9910
Epoch 28: Time: 0.3097 Cost: 1.0576 Pre: 0.9821 Re: 1.0000 Acc: 0.9909 F1: 0.9910
Epoch 29: Time: 0.3087 Cost: 0.9979 Pre: 0.9821 Re: 1.0000 Acc: 0.9909 F1: 0.9910
Epoch 30: Time: 0.3082 Cost: 0.9402 Pre: 0.9821 Re: 1.0000 Acc: 0.9909 F1: 0.9910


--------------------------------------------------------------------
Eval results: Cost:0.6520 Pre:0.9854 Re:1.0000 Acc:0.9926 F1:0.9927
--------------------------------------------------------------------

Epoch 31: Time: 0.3082 Cost: 0.8876 Pre: 0.9821 Re: 1.0000 Acc: 0.9909 F1: 0.9910
Epoch 32: Time: 0.3082 Cost: 0.8431 Pre: 0.9821 Re: 1.0000 Acc: 0.9909 F1: 0.9910
Epoch 33: Time: 0.3082 Cost: 0.8012 Pre: 0.9821 Re: 1.0000 Acc: 0.9909 F1: 0.9910
Epoch 34: Time: 0.3076 Cost: 0.7603 Pre: 0.9821 Re: 1.0000 Acc: 0.9909 F1: 0.9910
Epoch 35: Time: 0.3075 Cost: 0.7192 Pre: 0.9829 Re: 1.0000 Acc: 0.9913 F1: 0.9914
Epoch 36: Time: 0.3076 Cost: 0.6831 Pre: 0.9835 Re: 1.0000 Acc: 0.9916 F1: 0.9917
Epoch 37: Time: 0.3081 Cost: 0.6513 Pre: 0.9841 Re: 1.0000 Acc: 0.9919 F1: 0.9920
Epoch 38: Time: 0.3073 Cost: 0.6220 Pre: 0.9854 Re: 1.0000 Acc: 0.9926 F1: 0.9927
Epoch 39: Time: 0.3076 Cost: 0.5948 Pre: 0.9868 Re: 1.0000 Acc: 0.9933 F1: 0.9933
Epoch 40: Time: 0.3087 Cost: 0.5691 Pre: 0.9891 Re: 1.0000 Acc: 0.9945 F1: 0.9945


--------------------------------------------------------------------
Eval results: Cost:0.4108 Pre:0.9879 Re:1.0000 Acc:0.9939 F1:0.9939
--------------------------------------------------------------------

Epoch 41: Time: 0.3073 Cost: 0.5438 Pre: 0.9911 Re: 1.0000 Acc: 0.9955 F1: 0.9955
Epoch 42: Time: 0.3074 Cost: 0.5240 Pre: 0.9934 Re: 1.0000 Acc: 0.9967 F1: 0.9967
Epoch 43: Time: 0.3073 Cost: 0.5003 Pre: 0.9958 Re: 1.0000 Acc: 0.9979 F1: 0.9979
Epoch 44: Time: 0.3073 Cost: 0.4773 Pre: 0.9974 Re: 1.0000 Acc: 0.9987 F1: 0.9987
Epoch 45: Time: 0.3072 Cost: 0.4563 Pre: 0.9990 Re: 1.0000 Acc: 0.9995 F1: 0.9995
Epoch 46: Time: 0.3074 Cost: 0.4374 Pre: 0.9998 Re: 1.0000 Acc: 0.9999 F1: 0.9999
Epoch 47: Time: 0.3079 Cost: 0.4205 Pre: 1.0000 Re: 1.0000 Acc: 1.0000 F1: 1.0000
Epoch 48: Time: 0.3072 Cost: 0.4050 Pre: 1.0000 Re: 1.0000 Acc: 1.0000 F1: 1.0000
Epoch 49: Time: 0.3072 Cost: 0.3908 Pre: 1.0000 Re: 1.0000 Acc: 1.0000 F1: 1.0000
Epoch 50: Time: 0.3069 Cost: 0.3774 Pre: 1.0000 Re: 1.0000 Acc: 1.0000 F1: 1.0000


--------------------------------------------------------------------
Eval results: Cost:0.2774 Pre:1.0000 Re:1.0000 Acc:1.0000 F1:1.0000
--------------------------------------------------------------------

Epoch 51: Time: 0.3072 Cost: 0.3637 Pre: 1.0000 Re: 1.0000 Acc: 1.0000 F1: 1.0000
Epoch 52: Time: 0.3071 Cost: 0.3542 Pre: 1.0000 Re: 1.0000 Acc: 1.0000 F1: 1.0000
Epoch 53: Time: 0.3071 Cost: 0.3430 Pre: 1.0000 Re: 1.0000 Acc: 1.0000 F1: 1.0000
Epoch 54: Time: 0.3066 Cost: 0.3323 Pre: 1.0000 Re: 1.0000 Acc: 1.0000 F1: 1.0000
Epoch 55: Time: 0.3074 Cost: 0.3221 Pre: 1.0000 Re: 1.0000 Acc: 1.0000 F1: 1.0000
Epoch 56: Time: 0.3069 Cost: 0.3124 Pre: 1.0000 Re: 1.0000 Acc: 1.0000 F1: 1.0000
Epoch 57: Time: 0.3075 Cost: 0.3032 Pre: 1.0000 Re: 1.0000 Acc: 1.0000 F1: 1.0000
Epoch 58: Time: 0.3074 Cost: 0.2944 Pre: 1.0000 Re: 1.0000 Acc: 1.0000 F1: 1.0000
Epoch 59: Time: 0.3074 Cost: 0.2862 Pre: 1.0000 Re: 1.0000 Acc: 1.0000 F1: 1.0000
Epoch 60: Time: 0.3073 Cost: 0.2783 Pre: 1.0000 Re: 1.0000 Acc: 1.0000 F1: 1.0000


--------------------------------------------------------------------
Eval results: Cost:0.2027 Pre:1.0000 Re:1.0000 Acc:1.0000 F1:1.0000
--------------------------------------------------------------------

Epoch 61: Time: 0.3081 Cost: 0.2686 Pre: 1.0000 Re: 1.0000 Acc: 1.0000 F1: 1.0000
Epoch 62: Time: 0.3071 Cost: 0.2647 Pre: 1.0000 Re: 1.0000 Acc: 1.0000 F1: 1.0000
Epoch 63: Time: 0.3075 Cost: 0.2580 Pre: 1.0000 Re: 1.0000 Acc: 1.0000 F1: 1.0000
Epoch 64: Time: 0.3068 Cost: 0.2514 Pre: 1.0000 Re: 1.0000 Acc: 1.0000 F1: 1.0000
Epoch 65: Time: 0.3075 Cost: 0.2453 Pre: 1.0000 Re: 1.0000 Acc: 1.0000 F1: 1.0000
Epoch 66: Time: 0.3070 Cost: 0.2394 Pre: 1.0000 Re: 1.0000 Acc: 1.0000 F1: 1.0000
Epoch 67: Time: 0.3075 Cost: 0.2335 Pre: 1.0000 Re: 1.0000 Acc: 1.0000 F1: 1.0000
Epoch 68: Time: 0.3067 Cost: 0.2277 Pre: 1.0000 Re: 1.0000 Acc: 1.0000 F1: 1.0000
Epoch 69: Time: 0.3073 Cost: 0.2220 Pre: 1.0000 Re: 1.0000 Acc: 1.0000 F1: 1.0000
Epoch 70: Time: 0.3066 Cost: 0.2165 Pre: 1.0000 Re: 1.0000 Acc: 1.0000 F1: 1.0000


--------------------------------------------------------------------
Eval results: Cost:0.1524 Pre:1.0000 Re:1.0000 Acc:1.0000 F1:1.0000
--------------------------------------------------------------------

Epoch 71: Time: 0.3072 Cost: 0.2108 Pre: 1.0000 Re: 1.0000 Acc: 1.0000 F1: 1.0000
Epoch 72: Time: 0.3067 Cost: 0.2048 Pre: 1.0000 Re: 1.0000 Acc: 1.0000 F1: 1.0000
Epoch 73: Time: 0.3068 Cost: 0.2087 Pre: 1.0000 Re: 1.0000 Acc: 1.0000 F1: 1.0000
Epoch 74: Time: 0.3066 Cost: 0.2000 Pre: 1.0000 Re: 1.0000 Acc: 1.0000 F1: 1.0000
Epoch 75: Time: 0.3064 Cost: 0.1941 Pre: 1.0000 Re: 1.0000 Acc: 1.0000 F1: 1.0000
Epoch 76: Time: 0.3069 Cost: 0.1877 Pre: 1.0000 Re: 1.0000 Acc: 1.0000 F1: 1.0000
Epoch 77: Time: 0.3066 Cost: 0.1858 Pre: 1.0000 Re: 1.0000 Acc: 1.0000 F1: 1.0000
Epoch 78: Time: 0.3067 Cost: 0.1772 Pre: 1.0000 Re: 1.0000 Acc: 1.0000 F1: 1.0000
Epoch 79: Time: 0.3065 Cost: 0.1833 Pre: 1.0000 Re: 1.0000 Acc: 1.0000 F1: 1.0000
Epoch 80: Time: 0.3067 Cost: 0.1775 Pre: 1.0000 Re: 1.0000 Acc: 1.0000 F1: 1.0000


--------------------------------------------------------------------
Eval results: Cost:0.1194 Pre:1.0000 Re:1.0000 Acc:1.0000 F1:1.0000
--------------------------------------------------------------------

Epoch 81: Time: 0.3085 Cost: 0.1657 Pre: 1.0000 Re: 1.0000 Acc: 1.0000 F1: 1.0000
Epoch 82: Time: 0.3067 Cost: 0.1679 Pre: 1.0000 Re: 1.0000 Acc: 1.0000 F1: 1.0000
Epoch 83: Time: 0.3072 Cost: 0.1633 Pre: 1.0000 Re: 1.0000 Acc: 1.0000 F1: 1.0000
Epoch 84: Time: 0.3067 Cost: 0.1659 Pre: 1.0000 Re: 1.0000 Acc: 1.0000 F1: 1.0000
Epoch 85: Time: 0.3076 Cost: 0.1584 Pre: 1.0000 Re: 1.0000 Acc: 1.0000 F1: 1.0000
Epoch 86: Time: 0.3070 Cost: 0.1564 Pre: 1.0000 Re: 1.0000 Acc: 1.0000 F1: 1.0000
Epoch 87: Time: 0.3073 Cost: 0.1539 Pre: 1.0000 Re: 1.0000 Acc: 1.0000 F1: 1.0000
Epoch 88: Time: 0.3073 Cost: 0.1507 Pre: 1.0000 Re: 1.0000 Acc: 1.0000 F1: 1.0000
Epoch 89: Time: 0.3070 Cost: 0.1495 Pre: 1.0000 Re: 1.0000 Acc: 1.0000 F1: 1.0000
Epoch 90: Time: 0.3067 Cost: 0.1445 Pre: 1.0000 Re: 1.0000 Acc: 1.0000 F1: 1.0000


--------------------------------------------------------------------
Eval results: Cost:0.1031 Pre:1.0000 Re:1.0000 Acc:1.0000 F1:1.0000
--------------------------------------------------------------------

Epoch 91: Time: 0.3075 Cost: 0.1415 Pre: 1.0000 Re: 1.0000 Acc: 1.0000 F1: 1.0000
Epoch 92: Time: 0.3070 Cost: 0.1488 Pre: 1.0000 Re: 1.0000 Acc: 1.0000 F1: 1.0000
Epoch 93: Time: 0.3071 Cost: 0.1471 Pre: 1.0000 Re: 1.0000 Acc: 1.0000 F1: 1.0000
Epoch 94: Time: 0.3077 Cost: 0.1445 Pre: 1.0000 Re: 1.0000 Acc: 1.0000 F1: 1.0000
Epoch 95: Time: 0.3076 Cost: 0.1450 Pre: 1.0000 Re: 1.0000 Acc: 1.0000 F1: 1.0000
Epoch 96: Time: 0.3076 Cost: 0.1419 Pre: 1.0000 Re: 1.0000 Acc: 1.0000 F1: 1.0000
Epoch 97: Time: 0.3071 Cost: 0.1400 Pre: 1.0000 Re: 1.0000 Acc: 1.0000 F1: 1.0000
Epoch 98: Time: 0.3074 Cost: 0.1399 Pre: 1.0000 Re: 1.0000 Acc: 1.0000 F1: 1.0000
Epoch 99: Time: 0.3075 Cost: 0.1329 Pre: 1.0000 Re: 1.0000 Acc: 1.0000 F1: 1.0000
Epoch 100: Time: 0.3072 Cost: 0.1380 Pre: 1.0000 Re: 1.0000 Acc: 1.0000 F1: 1.0000


--------------------------------------------------------------------
Eval results: Cost:0.1025 Pre:0.9998 Re:1.0000 Acc:0.9999 F1:0.9999
--------------------------------------------------------------------

Epoch 101: Time: 0.3078 Cost: 0.1285 Pre: 1.0000 Re: 1.0000 Acc: 1.0000 F1: 1.0000
Epoch 102: Time: 0.3076 Cost: 0.1308 Pre: 1.0000 Re: 1.0000 Acc: 1.0000 F1: 1.0000
Epoch 103: Time: 0.3074 Cost: 0.1325 Pre: 1.0000 Re: 1.0000 Acc: 1.0000 F1: 1.0000
Epoch 104: Time: 0.3073 Cost: 0.1303 Pre: 1.0000 Re: 1.0000 Acc: 1.0000 F1: 1.0000
Epoch 105: Time: 0.3075 Cost: 0.1316 Pre: 1.0000 Re: 1.0000 Acc: 1.0000 F1: 1.0000
Epoch 106: Time: 0.3070 Cost: 0.1301 Pre: 1.0000 Re: 1.0000 Acc: 1.0000 F1: 1.0000
Epoch 107: Time: 0.3067 Cost: 0.1347 Pre: 1.0000 Re: 1.0000 Acc: 1.0000 F1: 1.0000
Epoch 108: Time: 0.3071 Cost: 0.1260 Pre: 1.0000 Re: 1.0000 Acc: 1.0000 F1: 1.0000
Epoch 109: Time: 0.3067 Cost: 0.1291 Pre: 1.0000 Re: 1.0000 Acc: 1.0000 F1: 1.0000
Epoch 110: Time: 0.3069 Cost: 0.1286 Pre: 1.0000 Re: 1.0000 Acc: 1.0000 F1: 1.0000


--------------------------------------------------------------------
Eval results: Cost:0.1255 Pre:0.9992 Re:1.0000 Acc:0.9996 F1:0.9996
--------------------------------------------------------------------

Epoch 111: Time: 0.3070 Cost: 0.1114 Pre: 1.0000 Re: 1.0000 Acc: 1.0000 F1: 1.0000
Epoch 112: Time: 0.3069 Cost: 0.1245 Pre: 1.0000 Re: 1.0000 Acc: 1.0000 F1: 1.0000
Epoch 113: Time: 0.3063 Cost: 0.1223 Pre: 0.9998 Re: 1.0000 Acc: 0.9999 F1: 0.9999
Epoch 114: Time: 0.3070 Cost: 0.1227 Pre: 1.0000 Re: 1.0000 Acc: 1.0000 F1: 1.0000
Epoch 115: Time: 0.3073 Cost: 0.1253 Pre: 1.0000 Re: 1.0000 Acc: 1.0000 F1: 1.0000
Epoch 116: Time: 0.3069 Cost: 0.1227 Pre: 1.0000 Re: 1.0000 Acc: 1.0000 F1: 1.0000
Epoch 117: Time: 0.3063 Cost: 0.1128 Pre: 1.0000 Re: 1.0000 Acc: 1.0000 F1: 1.0000
Epoch 118: Time: 0.3071 Cost: 0.1150 Pre: 1.0000 Re: 1.0000 Acc: 1.0000 F1: 1.0000
Epoch 119: Time: 0.3065 Cost: 0.1148 Pre: 1.0000 Re: 1.0000 Acc: 1.0000 F1: 1.0000
Epoch 120: Time: 0.3066 Cost: 0.1186 Pre: 1.0000 Re: 1.0000 Acc: 1.0000 F1: 1.0000


--------------------------------------------------------------------
Eval results: Cost:0.1071 Pre:0.9996 Re:1.0000 Acc:0.9998 F1:0.9998
--------------------------------------------------------------------

Epoch 121: Time: 0.3061 Cost: 0.1067 Pre: 0.9998 Re: 1.0000 Acc: 0.9999 F1: 0.9999
Epoch 122: Time: 0.3074 Cost: 0.1138 Pre: 1.0000 Re: 1.0000 Acc: 1.0000 F1: 1.0000
Epoch 123: Time: 0.3065 Cost: 0.1288 Pre: 1.0000 Re: 1.0000 Acc: 1.0000 F1: 1.0000
Epoch 124: Time: 0.3068 Cost: 0.1195 Pre: 1.0000 Re: 1.0000 Acc: 1.0000 F1: 1.0000
Epoch 125: Time: 0.3062 Cost: 0.1138 Pre: 1.0000 Re: 1.0000 Acc: 1.0000 F1: 1.0000
Epoch 126: Time: 0.3064 Cost: 0.1117 Pre: 0.9998 Re: 1.0000 Acc: 0.9999 F1: 0.9999
Epoch 127: Time: 0.3061 Cost: 0.1200 Pre: 1.0000 Re: 1.0000 Acc: 1.0000 F1: 1.0000
Epoch 128: Time: 0.3062 Cost: 0.1219 Pre: 1.0000 Re: 1.0000 Acc: 1.0000 F1: 1.0000
Epoch 129: Time: 0.3058 Cost: 0.1149 Pre: 1.0000 Re: 1.0000 Acc: 1.0000 F1: 1.0000
Epoch 130: Time: 0.3061 Cost: 0.1121 Pre: 0.9998 Re: 1.0000 Acc: 0.9999 F1: 0.9999


--------------------------------------------------------------------
Eval results: Cost:0.1062 Pre:0.9994 Re:1.0000 Acc:0.9997 F1:0.9997
--------------------------------------------------------------------

Epoch 131: Time: 0.3065 Cost: 0.0952 Pre: 1.0000 Re: 1.0000 Acc: 1.0000 F1: 1.0000
Epoch 132: Time: 0.3061 Cost: 0.1159 Pre: 1.0000 Re: 1.0000 Acc: 1.0000 F1: 1.0000
Epoch 133: Time: 0.3051 Cost: 0.1198 Pre: 1.0000 Re: 1.0000 Acc: 1.0000 F1: 1.0000
Epoch 134: Time: 0.3057 Cost: 0.1173 Pre: 0.9998 Re: 1.0000 Acc: 0.9999 F1: 0.9999
Epoch 135: Time: 0.3060 Cost: 0.1158 Pre: 1.0000 Re: 1.0000 Acc: 1.0000 F1: 1.0000
Epoch 136: Time: 0.3065 Cost: 0.1143 Pre: 0.9998 Re: 1.0000 Acc: 0.9999 F1: 0.9999
Epoch 137: Time: 0.3058 Cost: 0.1136 Pre: 1.0000 Re: 1.0000 Acc: 1.0000 F1: 1.0000
Epoch 138: Time: 0.3064 Cost: 0.1075 Pre: 1.0000 Re: 1.0000 Acc: 1.0000 F1: 1.0000
Epoch 139: Time: 0.3062 Cost: 0.1170 Pre: 1.0000 Re: 1.0000 Acc: 1.0000 F1: 1.0000
Epoch 140: Time: 0.3062 Cost: 0.1206 Pre: 0.9996 Re: 1.0000 Acc: 0.9998 F1: 0.9998


--------------------------------------------------------------------
Eval results: Cost:0.1049 Pre:0.9998 Re:1.0000 Acc:0.9999 F1:0.9999
--------------------------------------------------------------------

Epoch 141: Time: 0.3065 Cost: 0.0949 Pre: 1.0000 Re: 1.0000 Acc: 1.0000 F1: 1.0000
Epoch 142: Time: 0.3062 Cost: 0.1020 Pre: 1.0000 Re: 1.0000 Acc: 1.0000 F1: 1.0000
Epoch 143: Time: 0.3060 Cost: 0.1322 Pre: 0.9994 Re: 1.0000 Acc: 0.9997 F1: 0.9997
Epoch 144: Time: 0.3089 Cost: 0.1188 Pre: 0.9996 Re: 1.0000 Acc: 0.9998 F1: 0.9998
Epoch 145: Time: 0.3064 Cost: 0.1120 Pre: 1.0000 Re: 1.0000 Acc: 1.0000 F1: 1.0000
Epoch 146: Time: 0.3069 Cost: 0.1064 Pre: 1.0000 Re: 1.0000 Acc: 1.0000 F1: 1.0000
Epoch 147: Time: 0.3063 Cost: 0.1089 Pre: 1.0000 Re: 1.0000 Acc: 1.0000 F1: 1.0000
Epoch 148: Time: 0.3066 Cost: 0.1029 Pre: 1.0000 Re: 1.0000 Acc: 1.0000 F1: 1.0000
Epoch 149: Time: 0.3063 Cost: 0.1151 Pre: 1.0000 Re: 1.0000 Acc: 1.0000 F1: 1.0000
Epoch 150: Time: 0.3066 Cost: 0.1120 Pre: 1.0000 Re: 1.0000 Acc: 1.0000 F1: 1.0000


--------------------------------------------------------------------
Eval results: Cost:0.1207 Pre:0.9988 Re:1.0000 Acc:0.9994 F1:0.9994
--------------------------------------------------------------------

Epoch 151: Time: 0.3059 Cost: 0.0887 Pre: 1.0000 Re: 1.0000 Acc: 1.0000 F1: 1.0000
Epoch 152: Time: 0.3066 Cost: 0.1115 Pre: 1.0000 Re: 1.0000 Acc: 1.0000 F1: 1.0000
Epoch 153: Time: 0.3060 Cost: 0.1063 Pre: 1.0000 Re: 1.0000 Acc: 1.0000 F1: 1.0000
Epoch 154: Time: 0.3065 Cost: 0.1083 Pre: 1.0000 Re: 1.0000 Acc: 1.0000 F1: 1.0000
Epoch 155: Time: 0.3058 Cost: 0.1064 Pre: 1.0000 Re: 1.0000 Acc: 1.0000 F1: 1.0000
Epoch 156: Time: 0.3066 Cost: 0.1146 Pre: 1.0000 Re: 1.0000 Acc: 1.0000 F1: 1.0000
Epoch 157: Time: 0.3057 Cost: 0.1104 Pre: 0.9998 Re: 1.0000 Acc: 0.9999 F1: 0.9999
Epoch 158: Time: 0.3065 Cost: 0.0988 Pre: 1.0000 Re: 1.0000 Acc: 1.0000 F1: 1.0000
Epoch 159: Time: 0.3066 Cost: 0.1142 Pre: 1.0000 Re: 1.0000 Acc: 1.0000 F1: 1.0000
Epoch 160: Time: 0.3064 Cost: 0.1110 Pre: 1.0000 Re: 1.0000 Acc: 1.0000 F1: 1.0000


--------------------------------------------------------------------
Eval results: Cost:0.0924 Pre:0.9996 Re:1.0000 Acc:0.9998 F1:0.9998
--------------------------------------------------------------------

Epoch 161: Time: 0.3065 Cost: 0.0922 Pre: 0.9998 Re: 1.0000 Acc: 0.9999 F1: 0.9999
Epoch 162: Time: 0.3066 Cost: 0.1053 Pre: 1.0000 Re: 1.0000 Acc: 1.0000 F1: 1.0000
Epoch 163: Time: 0.3063 Cost: 0.1057 Pre: 1.0000 Re: 1.0000 Acc: 1.0000 F1: 1.0000
Epoch 164: Time: 0.3064 Cost: 0.1056 Pre: 0.9998 Re: 1.0000 Acc: 0.9999 F1: 0.9999
Epoch 165: Time: 0.3071 Cost: 0.1348 Pre: 1.0000 Re: 1.0000 Acc: 1.0000 F1: 1.0000
Epoch 166: Time: 0.3061 Cost: 0.0998 Pre: 1.0000 Re: 1.0000 Acc: 1.0000 F1: 1.0000
Epoch 167: Time: 0.3066 Cost: 0.1030 Pre: 1.0000 Re: 1.0000 Acc: 1.0000 F1: 1.0000
Epoch 168: Time: 0.3061 Cost: 0.1028 Pre: 1.0000 Re: 1.0000 Acc: 1.0000 F1: 1.0000
Epoch 169: Time: 0.3065 Cost: 0.1070 Pre: 1.0000 Re: 1.0000 Acc: 1.0000 F1: 1.0000
Epoch 170: Time: 0.3062 Cost: 0.1113 Pre: 1.0000 Re: 1.0000 Acc: 1.0000 F1: 1.0000


--------------------------------------------------------------------
Eval results: Cost:0.1103 Pre:1.0000 Re:1.0000 Acc:1.0000 F1:1.0000
--------------------------------------------------------------------

Epoch 171: Time: 0.3066 Cost: 0.1037 Pre: 0.9998 Re: 1.0000 Acc: 0.9999 F1: 0.9999
Epoch 172: Time: 0.3057 Cost: 0.0963 Pre: 1.0000 Re: 1.0000 Acc: 1.0000 F1: 1.0000
Epoch 173: Time: 0.3066 Cost: 0.1109 Pre: 1.0000 Re: 1.0000 Acc: 1.0000 F1: 1.0000
Epoch 174: Time: 0.3058 Cost: 0.1284 Pre: 0.9998 Re: 1.0000 Acc: 0.9999 F1: 0.9999
Epoch 175: Time: 0.3062 Cost: 0.1063 Pre: 1.0000 Re: 1.0000 Acc: 1.0000 F1: 1.0000
Epoch 176: Time: 0.3066 Cost: 0.1114 Pre: 0.9998 Re: 1.0000 Acc: 0.9999 F1: 0.9999
Epoch 177: Time: 0.3068 Cost: 0.1086 Pre: 0.9998 Re: 1.0000 Acc: 0.9999 F1: 0.9999
Epoch 178: Time: 0.3064 Cost: 0.0998 Pre: 1.0000 Re: 1.0000 Acc: 1.0000 F1: 1.0000
Epoch 179: Time: 0.3066 Cost: 0.0985 Pre: 1.0000 Re: 1.0000 Acc: 1.0000 F1: 1.0000
Epoch 180: Time: 0.3062 Cost: 0.1063 Pre: 1.0000 Re: 1.0000 Acc: 1.0000 F1: 1.0000


--------------------------------------------------------------------
Eval results: Cost:0.0963 Pre:0.9996 Re:1.0000 Acc:0.9998 F1:0.9998
--------------------------------------------------------------------

Epoch 181: Time: 0.3053 Cost: 0.0864 Pre: 1.0000 Re: 1.0000 Acc: 1.0000 F1: 1.0000
Epoch 182: Time: 0.3054 Cost: 0.1051 Pre: 1.0000 Re: 1.0000 Acc: 1.0000 F1: 1.0000
Epoch 183: Time: 0.3055 Cost: 0.1433 Pre: 1.0000 Re: 1.0000 Acc: 1.0000 F1: 1.0000
Epoch 184: Time: 0.3056 Cost: 0.1117 Pre: 0.9996 Re: 1.0000 Acc: 0.9998 F1: 0.9998
Epoch 185: Time: 0.3057 Cost: 0.1045 Pre: 0.9998 Re: 1.0000 Acc: 0.9999 F1: 0.9999
Epoch 186: Time: 0.3052 Cost: 0.1005 Pre: 1.0000 Re: 1.0000 Acc: 1.0000 F1: 1.0000
Epoch 187: Time: 0.3050 Cost: 0.0950 Pre: 0.9998 Re: 1.0000 Acc: 0.9999 F1: 0.9999
Epoch 188: Time: 0.3054 Cost: 0.1066 Pre: 1.0000 Re: 1.0000 Acc: 1.0000 F1: 1.0000
Epoch 189: Time: 0.3059 Cost: 0.0991 Pre: 1.0000 Re: 1.0000 Acc: 1.0000 F1: 1.0000
Epoch 190: Time: 0.3061 Cost: 0.0969 Pre: 1.0000 Re: 1.0000 Acc: 1.0000 F1: 1.0000


--------------------------------------------------------------------
Eval results: Cost:0.0919 Pre:0.9998 Re:1.0000 Acc:0.9999 F1:0.9999
--------------------------------------------------------------------

Epoch 191: Time: 0.3061 Cost: 0.0846 Pre: 1.0000 Re: 1.0000 Acc: 1.0000 F1: 1.0000
Epoch 192: Time: 0.3051 Cost: 0.1026 Pre: 1.0000 Re: 1.0000 Acc: 1.0000 F1: 1.0000
Epoch 193: Time: 0.3058 Cost: 0.0958 Pre: 0.9998 Re: 1.0000 Acc: 0.9999 F1: 0.9999
Epoch 194: Time: 0.3053 Cost: 0.0975 Pre: 1.0000 Re: 1.0000 Acc: 1.0000 F1: 1.0000
Epoch 195: Time: 0.3060 Cost: 0.0913 Pre: 1.0000 Re: 1.0000 Acc: 1.0000 F1: 1.0000
Epoch 196: Time: 0.3058 Cost: 0.0923 Pre: 1.0000 Re: 1.0000 Acc: 1.0000 F1: 1.0000
Epoch 197: Time: 0.3050 Cost: 0.1003 Pre: 1.0000 Re: 1.0000 Acc: 1.0000 F1: 1.0000
Epoch 198: Time: 0.3058 Cost: 0.1059 Pre: 1.0000 Re: 1.0000 Acc: 1.0000 F1: 1.0000
Epoch 199: Time: 0.3052 Cost: 0.1096 Pre: 0.9998 Re: 1.0000 Acc: 0.9999 F1: 0.9999
Epoch 200: Time: 0.3053 Cost: 0.1005 Pre: 0.9998 Re: 1.0000 Acc: 0.9999 F1: 0.9999


--------------------------------------------------------------------
Eval results: Cost:0.0953 Pre:0.9996 Re:1.0000 Acc:0.9998 F1:0.9998
--------------------------------------------------------------------

Epoch 201: Time: 0.3063 Cost: 0.0795 Pre: 1.0000 Re: 1.0000 Acc: 1.0000 F1: 1.0000
Epoch 202: Time: 0.3064 Cost: 0.0973 Pre: 0.9998 Re: 1.0000 Acc: 0.9999 F1: 0.9999
Epoch 203: Time: 0.3059 Cost: 0.0908 Pre: 1.0000 Re: 1.0000 Acc: 1.0000 F1: 1.0000
Epoch 204: Time: 0.3065 Cost: 0.1026 Pre: 1.0000 Re: 1.0000 Acc: 1.0000 F1: 1.0000
Epoch 205: Time: 0.3060 Cost: 0.0959 Pre: 0.9998 Re: 1.0000 Acc: 0.9999 F1: 0.9999
Epoch 206: Time: 0.3057 Cost: 0.1020 Pre: 1.0000 Re: 1.0000 Acc: 1.0000 F1: 1.0000
Epoch 207: Time: 0.3063 Cost: 0.0855 Pre: 0.9998 Re: 1.0000 Acc: 0.9999 F1: 0.9999
Epoch 208: Time: 0.3059 Cost: 0.0875 Pre: 1.0000 Re: 1.0000 Acc: 1.0000 F1: 1.0000
Epoch 209: Time: 0.3057 Cost: 0.0985 Pre: 1.0000 Re: 1.0000 Acc: 1.0000 F1: 1.0000
Epoch 210: Time: 0.3060 Cost: 0.0993 Pre: 1.0000 Re: 1.0000 Acc: 1.0000 F1: 1.0000


--------------------------------------------------------------------
Eval results: Cost:0.0820 Pre:0.9996 Re:1.0000 Acc:0.9998 F1:0.9998
--------------------------------------------------------------------

Epoch 211: Time: 0.3059 Cost: 0.0789 Pre: 1.0000 Re: 1.0000 Acc: 1.0000 F1: 1.0000
Epoch 212: Time: 0.3071 Cost: 0.1024 Pre: 1.0000 Re: 1.0000 Acc: 1.0000 F1: 1.0000
Epoch 213: Time: 0.3073 Cost: 0.0970 Pre: 0.9998 Re: 1.0000 Acc: 0.9999 F1: 0.9999
Epoch 214: Time: 0.3069 Cost: 0.1249 Pre: 1.0000 Re: 1.0000 Acc: 1.0000 F1: 1.0000
Epoch 215: Time: 0.3061 Cost: 0.0853 Pre: 0.9998 Re: 1.0000 Acc: 0.9999 F1: 0.9999
Epoch 216: Time: 0.3066 Cost: 0.0971 Pre: 1.0000 Re: 1.0000 Acc: 1.0000 F1: 1.0000
Epoch 217: Time: 0.3062 Cost: 0.1040 Pre: 1.0000 Re: 1.0000 Acc: 1.0000 F1: 1.0000
Epoch 218: Time: 0.3070 Cost: 0.0942 Pre: 0.9998 Re: 1.0000 Acc: 0.9999 F1: 0.9999
Epoch 219: Time: 0.3063 Cost: 0.0903 Pre: 1.0000 Re: 1.0000 Acc: 1.0000 F1: 1.0000
Epoch 220: Time: 0.3071 Cost: 0.1058 Pre: 1.0000 Re: 1.0000 Acc: 1.0000 F1: 1.0000


--------------------------------------------------------------------
Eval results: Cost:0.1030 Pre:1.0000 Re:1.0000 Acc:1.0000 F1:1.0000
--------------------------------------------------------------------

Epoch 221: Time: 0.3059 Cost: 0.0900 Pre: 1.0000 Re: 1.0000 Acc: 1.0000 F1: 1.0000
Epoch 222: Time: 0.3064 Cost: 0.1012 Pre: 1.0000 Re: 1.0000 Acc: 1.0000 F1: 1.0000
Epoch 223: Time: 0.3067 Cost: 0.1423 Pre: 0.9998 Re: 1.0000 Acc: 0.9999 F1: 0.9999
Epoch 224: Time: 0.3067 Cost: 0.0794 Pre: 1.0000 Re: 1.0000 Acc: 1.0000 F1: 1.0000
Epoch 225: Time: 0.3068 Cost: 0.0917 Pre: 1.0000 Re: 1.0000 Acc: 1.0000 F1: 1.0000
Epoch 226: Time: 0.3062 Cost: 0.0880 Pre: 1.0000 Re: 1.0000 Acc: 1.0000 F1: 1.0000
Epoch 227: Time: 0.3078 Cost: 0.1060 Pre: 1.0000 Re: 1.0000 Acc: 1.0000 F1: 1.0000
Epoch 228: Time: 0.3059 Cost: 0.0803 Pre: 0.9998 Re: 1.0000 Acc: 0.9999 F1: 0.9999
Epoch 229: Time: 0.3063 Cost: 0.0930 Pre: 1.0000 Re: 1.0000 Acc: 1.0000 F1: 1.0000
Epoch 230: Time: 0.3063 Cost: 0.1045 Pre: 0.9998 Re: 1.0000 Acc: 0.9999 F1: 0.9999


--------------------------------------------------------------------
Eval results: Cost:0.0698 Pre:0.9996 Re:1.0000 Acc:0.9998 F1:0.9998
--------------------------------------------------------------------

Epoch 231: Time: 0.3060 Cost: 0.0843 Pre: 0.9998 Re: 1.0000 Acc: 0.9999 F1: 0.9999
Epoch 232: Time: 0.3057 Cost: 0.0835 Pre: 1.0000 Re: 1.0000 Acc: 1.0000 F1: 1.0000
Epoch 233: Time: 0.3060 Cost: 0.1064 Pre: 1.0000 Re: 1.0000 Acc: 1.0000 F1: 1.0000
Epoch 234: Time: 0.3059 Cost: 0.0768 Pre: 1.0000 Re: 1.0000 Acc: 1.0000 F1: 1.0000
Epoch 235: Time: 0.3056 Cost: 0.0762 Pre: 1.0000 Re: 1.0000 Acc: 1.0000 F1: 1.0000
Epoch 236: Time: 0.3061 Cost: 0.0882 Pre: 0.9998 Re: 1.0000 Acc: 0.9999 F1: 0.9999
Epoch 237: Time: 0.3065 Cost: 0.0850 Pre: 1.0000 Re: 1.0000 Acc: 1.0000 F1: 1.0000
Epoch 238: Time: 0.3059 Cost: 0.0876 Pre: 1.0000 Re: 1.0000 Acc: 1.0000 F1: 1.0000
Epoch 239: Time: 0.3057 Cost: 0.0856 Pre: 1.0000 Re: 1.0000 Acc: 1.0000 F1: 1.0000
Epoch 240: Time: 0.3063 Cost: 0.0734 Pre: 1.0000 Re: 1.0000 Acc: 1.0000 F1: 1.0000


--------------------------------------------------------------------
Eval results: Cost:0.0883 Pre:0.9990 Re:1.0000 Acc:0.9995 F1:0.9995
--------------------------------------------------------------------

Epoch 241: Time: 0.3069 Cost: 0.0750 Pre: 1.0000 Re: 1.0000 Acc: 1.0000 F1: 1.0000
Epoch 242: Time: 0.3054 Cost: 0.0794 Pre: 1.0000 Re: 1.0000 Acc: 1.0000 F1: 1.0000
Epoch 243: Time: 0.3058 Cost: 0.0999 Pre: 1.0000 Re: 1.0000 Acc: 1.0000 F1: 1.0000
Epoch 244: Time: 0.3055 Cost: 0.0768 Pre: 1.0000 Re: 1.0000 Acc: 1.0000 F1: 1.0000
Epoch 245: Time: 0.3063 Cost: 0.0779 Pre: 1.0000 Re: 1.0000 Acc: 1.0000 F1: 1.0000
Epoch 246: Time: 0.3057 Cost: 0.0878 Pre: 1.0000 Re: 1.0000 Acc: 1.0000 F1: 1.0000
Epoch 247: Time: 0.3059 Cost: 0.0897 Pre: 0.9998 Re: 1.0000 Acc: 0.9999 F1: 0.9999
Epoch 248: Time: 0.3061 Cost: 0.0756 Pre: 1.0000 Re: 1.0000 Acc: 1.0000 F1: 1.0000
Epoch 249: Time: 0.3062 Cost: 0.0886 Pre: 1.0000 Re: 1.0000 Acc: 1.0000 F1: 1.0000
Epoch 250: Time: 0.3067 Cost: 0.0883 Pre: 1.0000 Re: 1.0000 Acc: 1.0000 F1: 1.0000


--------------------------------------------------------------------
Eval results: Cost:0.1738 Pre:0.9980 Re:1.0000 Acc:0.9990 F1:0.9990
--------------------------------------------------------------------

Early stopping...
--------------------------------------------------------------------
Eval results: Cost:0.1738 Pre:0.9980 Re:1.0000 Acc:0.9990 F1:0.9990
--------------------------------------------------------------------
Test 10000 samples take time: 2.2184
Test results: Cost:0.0086 Pre:0.9988 Re:1.0000 Acc:0.9994 F1:0.9994
--------------------------------------------------------------------

