Load data
RNN type: LSTM Grammar: SL/SL8/1k/ Seed: 1
Model total parameters: 560
Saving hinit ... 

Epoch 0: Time: 0.1487 Cost: 51.0775 Pre: 0.0000 Re: 0.0000 Acc: 0.5000 F1: 0.0000


--------------------------------------------------------------------
Eval results: Cost:56.8738 Pre:0.0000 Re:0.0000 Acc:0.5000 F1:0.0000
--------------------------------------------------------------------

Epoch 1: Time: 0.1297 Cost: 49.1587 Pre: 0.0000 Re: 0.0000 Acc: 0.5000 F1: 0.0000
Epoch 2: Time: 0.1240 Cost: 47.3806 Pre: 0.0000 Re: 0.0000 Acc: 0.5000 F1: 0.0000
Epoch 3: Time: 0.1294 Cost: 45.6363 Pre: 0.0000 Re: 0.0000 Acc: 0.5000 F1: 0.0000
Epoch 4: Time: 0.1251 Cost: 43.7152 Pre: 0.0000 Re: 0.0000 Acc: 0.5000 F1: 0.0000
Epoch 5: Time: 0.1260 Cost: 41.4675 Pre: 0.0000 Re: 0.0000 Acc: 0.5000 F1: 0.0000
Epoch 6: Time: 0.1306 Cost: 38.7638 Pre: 0.0000 Re: 0.0000 Acc: 0.5000 F1: 0.0000
Epoch 7: Time: 0.1300 Cost: 35.4897 Pre: 0.0000 Re: 0.0000 Acc: 0.5000 F1: 0.0000
Epoch 8: Time: 0.1288 Cost: 31.5884 Pre: 0.0000 Re: 0.0000 Acc: 0.5000 F1: 0.0000
Epoch 9: Time: 0.1294 Cost: 27.2219 Pre: 0.0000 Re: 0.0000 Acc: 0.5000 F1: 0.0000
Epoch 10: Time: 0.1287 Cost: 23.0241 Pre: 1.0000 Re: 0.0100 Acc: 0.5050 F1: 0.0198


--------------------------------------------------------------------
Eval results: Cost:21.5673 Pre:1.0000 Re:0.1000 Acc:0.5500 F1:0.1818
--------------------------------------------------------------------

Epoch 11: Time: 0.1273 Cost: 20.0656 Pre: 1.0000 Re: 0.2300 Acc: 0.6150 F1: 0.3740
Epoch 12: Time: 0.1263 Cost: 18.5781 Pre: 0.9900 Re: 0.3960 Acc: 0.6960 F1: 0.5657
Epoch 13: Time: 0.1279 Cost: 17.3729 Pre: 0.9936 Re: 0.6220 Acc: 0.8090 F1: 0.7651
Epoch 14: Time: 0.1263 Cost: 16.0658 Pre: 0.9970 Re: 0.6620 Acc: 0.8300 F1: 0.7957
Epoch 15: Time: 0.1315 Cost: 14.5803 Pre: 0.9972 Re: 0.7120 Acc: 0.8550 F1: 0.8308
Epoch 16: Time: 0.1262 Cost: 12.9284 Pre: 1.0000 Re: 0.7820 Acc: 0.8910 F1: 0.8777
Epoch 17: Time: 0.1255 Cost: 11.3079 Pre: 1.0000 Re: 0.8240 Acc: 0.9120 F1: 0.9035
Epoch 18: Time: 0.1255 Cost: 9.8821 Pre: 1.0000 Re: 0.8460 Acc: 0.9230 F1: 0.9166
Epoch 19: Time: 0.1330 Cost: 8.6547 Pre: 1.0000 Re: 0.8620 Acc: 0.9310 F1: 0.9259
Epoch 20: Time: 0.1345 Cost: 7.6002 Pre: 0.9977 Re: 0.8840 Acc: 0.9410 F1: 0.9374


--------------------------------------------------------------------
Eval results: Cost:6.0262 Pre:0.9978 Re:0.9080 Acc:0.9530 F1:0.9508
--------------------------------------------------------------------

Epoch 21: Time: 0.1262 Cost: 6.7301 Pre: 0.9956 Re: 0.9000 Acc: 0.9480 F1: 0.9454
Epoch 22: Time: 0.1254 Cost: 6.1853 Pre: 0.9938 Re: 0.9560 Acc: 0.9750 F1: 0.9745
Epoch 23: Time: 0.1285 Cost: 5.7411 Pre: 1.0000 Re: 0.9620 Acc: 0.9810 F1: 0.9806
Epoch 24: Time: 0.1359 Cost: 5.3135 Pre: 1.0000 Re: 0.9640 Acc: 0.9820 F1: 0.9817
Epoch 25: Time: 0.1332 Cost: 4.8809 Pre: 1.0000 Re: 0.9660 Acc: 0.9830 F1: 0.9827
Epoch 26: Time: 0.1262 Cost: 4.4458 Pre: 1.0000 Re: 0.9680 Acc: 0.9840 F1: 0.9837
Epoch 27: Time: 0.1285 Cost: 4.0147 Pre: 1.0000 Re: 0.9700 Acc: 0.9850 F1: 0.9848
Epoch 28: Time: 0.1283 Cost: 3.6036 Pre: 1.0000 Re: 0.9720 Acc: 0.9860 F1: 0.9858
Epoch 29: Time: 0.1268 Cost: 3.2238 Pre: 1.0000 Re: 0.9740 Acc: 0.9870 F1: 0.9868
Epoch 30: Time: 0.1252 Cost: 2.8785 Pre: 1.0000 Re: 0.9740 Acc: 0.9870 F1: 0.9868


--------------------------------------------------------------------
Eval results: Cost:2.7154 Pre:1.0000 Re:0.9540 Acc:0.9770 F1:0.9765
--------------------------------------------------------------------

Epoch 31: Time: 0.1252 Cost: 2.5853 Pre: 1.0000 Re: 0.9840 Acc: 0.9920 F1: 0.9919
Epoch 32: Time: 0.1332 Cost: 2.3903 Pre: 1.0000 Re: 0.9860 Acc: 0.9930 F1: 0.9930
Epoch 33: Time: 0.1297 Cost: 2.2249 Pre: 1.0000 Re: 0.9860 Acc: 0.9930 F1: 0.9930
Epoch 34: Time: 0.1283 Cost: 2.0682 Pre: 1.0000 Re: 0.9860 Acc: 0.9930 F1: 0.9930
Epoch 35: Time: 0.1369 Cost: 1.9180 Pre: 1.0000 Re: 0.9880 Acc: 0.9940 F1: 0.9940
Epoch 36: Time: 0.1315 Cost: 1.7739 Pre: 1.0000 Re: 0.9900 Acc: 0.9950 F1: 0.9950
Epoch 37: Time: 0.1341 Cost: 1.6392 Pre: 1.0000 Re: 0.9900 Acc: 0.9950 F1: 0.9950
Epoch 38: Time: 0.1328 Cost: 1.5179 Pre: 1.0000 Re: 0.9920 Acc: 0.9960 F1: 0.9960
Epoch 39: Time: 0.1330 Cost: 1.4101 Pre: 1.0000 Re: 0.9920 Acc: 0.9960 F1: 0.9960
Epoch 40: Time: 0.1367 Cost: 1.3152 Pre: 1.0000 Re: 0.9920 Acc: 0.9960 F1: 0.9960


--------------------------------------------------------------------
Eval results: Cost:1.8787 Pre:1.0000 Re:0.9620 Acc:0.9810 F1:0.9806
--------------------------------------------------------------------

Epoch 41: Time: 0.1296 Cost: 1.2338 Pre: 1.0000 Re: 0.9920 Acc: 0.9960 F1: 0.9960
Epoch 42: Time: 0.1285 Cost: 1.1821 Pre: 1.0000 Re: 0.9920 Acc: 0.9960 F1: 0.9960
Epoch 43: Time: 0.1263 Cost: 1.1367 Pre: 1.0000 Re: 0.9920 Acc: 0.9960 F1: 0.9960
Epoch 44: Time: 0.1257 Cost: 1.0928 Pre: 1.0000 Re: 0.9920 Acc: 0.9960 F1: 0.9960
Epoch 45: Time: 0.1357 Cost: 1.0495 Pre: 1.0000 Re: 0.9920 Acc: 0.9960 F1: 0.9960
Epoch 46: Time: 0.1253 Cost: 1.0058 Pre: 1.0000 Re: 0.9920 Acc: 0.9960 F1: 0.9960
Epoch 47: Time: 0.1255 Cost: 0.9625 Pre: 1.0000 Re: 0.9920 Acc: 0.9960 F1: 0.9960
Epoch 48: Time: 0.1252 Cost: 0.9208 Pre: 1.0000 Re: 0.9920 Acc: 0.9960 F1: 0.9960
Epoch 49: Time: 0.1260 Cost: 0.8812 Pre: 1.0000 Re: 0.9920 Acc: 0.9960 F1: 0.9960
Epoch 50: Time: 0.1263 Cost: 0.8439 Pre: 1.0000 Re: 0.9920 Acc: 0.9960 F1: 0.9960


--------------------------------------------------------------------
Eval results: Cost:1.5727 Pre:1.0000 Re:0.9680 Acc:0.9840 F1:0.9837
--------------------------------------------------------------------

Epoch 51: Time: 0.1333 Cost: 0.8078 Pre: 1.0000 Re: 0.9920 Acc: 0.9960 F1: 0.9960
Epoch 52: Time: 0.1290 Cost: 0.7854 Pre: 1.0000 Re: 0.9920 Acc: 0.9960 F1: 0.9960
Epoch 53: Time: 0.1369 Cost: 0.7642 Pre: 1.0000 Re: 0.9920 Acc: 0.9960 F1: 0.9960
Epoch 54: Time: 0.1265 Cost: 0.7429 Pre: 1.0000 Re: 0.9920 Acc: 0.9960 F1: 0.9960
Epoch 55: Time: 0.1302 Cost: 0.7214 Pre: 1.0000 Re: 0.9920 Acc: 0.9960 F1: 0.9960
Epoch 56: Time: 0.1300 Cost: 0.6994 Pre: 1.0000 Re: 0.9920 Acc: 0.9960 F1: 0.9960
Epoch 57: Time: 0.1272 Cost: 0.6770 Pre: 1.0000 Re: 0.9920 Acc: 0.9960 F1: 0.9960
Epoch 58: Time: 0.1333 Cost: 0.6550 Pre: 1.0000 Re: 0.9920 Acc: 0.9960 F1: 0.9960
Epoch 59: Time: 0.1326 Cost: 0.6338 Pre: 1.0000 Re: 0.9920 Acc: 0.9960 F1: 0.9960
Epoch 60: Time: 0.1305 Cost: 0.6133 Pre: 1.0000 Re: 0.9920 Acc: 0.9960 F1: 0.9960


--------------------------------------------------------------------
Eval results: Cost:1.3960 Pre:1.0000 Re:0.9700 Acc:0.9850 F1:0.9848
--------------------------------------------------------------------

Epoch 61: Time: 0.1256 Cost: 0.5920 Pre: 1.0000 Re: 0.9940 Acc: 0.9970 F1: 0.9970
Epoch 62: Time: 0.1265 Cost: 0.5800 Pre: 1.0000 Re: 0.9940 Acc: 0.9970 F1: 0.9970
Epoch 63: Time: 0.1334 Cost: 0.5677 Pre: 1.0000 Re: 0.9940 Acc: 0.9970 F1: 0.9970
Epoch 64: Time: 0.1288 Cost: 0.5552 Pre: 1.0000 Re: 0.9940 Acc: 0.9970 F1: 0.9970
Epoch 65: Time: 0.1318 Cost: 0.5427 Pre: 1.0000 Re: 0.9940 Acc: 0.9970 F1: 0.9970
Epoch 66: Time: 0.1257 Cost: 0.5297 Pre: 1.0000 Re: 0.9940 Acc: 0.9970 F1: 0.9970
Epoch 67: Time: 0.1262 Cost: 0.5161 Pre: 1.0000 Re: 0.9940 Acc: 0.9970 F1: 0.9970
Epoch 68: Time: 0.1259 Cost: 0.5027 Pre: 1.0000 Re: 0.9940 Acc: 0.9970 F1: 0.9970
Epoch 69: Time: 0.1271 Cost: 0.4894 Pre: 1.0000 Re: 0.9940 Acc: 0.9970 F1: 0.9970
Epoch 70: Time: 0.1300 Cost: 0.4764 Pre: 1.0000 Re: 0.9940 Acc: 0.9970 F1: 0.9970


--------------------------------------------------------------------
Eval results: Cost:1.2880 Pre:1.0000 Re:0.9740 Acc:0.9870 F1:0.9868
--------------------------------------------------------------------

Epoch 71: Time: 0.1331 Cost: 0.4618 Pre: 1.0000 Re: 0.9940 Acc: 0.9970 F1: 0.9970
Epoch 72: Time: 0.1256 Cost: 0.4546 Pre: 1.0000 Re: 0.9940 Acc: 0.9970 F1: 0.9970
Epoch 73: Time: 0.1321 Cost: 0.4464 Pre: 1.0000 Re: 0.9940 Acc: 0.9970 F1: 0.9970
Epoch 74: Time: 0.1298 Cost: 0.4381 Pre: 1.0000 Re: 0.9940 Acc: 0.9970 F1: 0.9970
Epoch 75: Time: 0.1330 Cost: 0.4298 Pre: 1.0000 Re: 0.9940 Acc: 0.9970 F1: 0.9970
Epoch 76: Time: 0.1252 Cost: 0.4210 Pre: 1.0000 Re: 0.9940 Acc: 0.9970 F1: 0.9970
Epoch 77: Time: 0.1250 Cost: 0.4117 Pre: 1.0000 Re: 0.9940 Acc: 0.9970 F1: 0.9970
Epoch 78: Time: 0.1253 Cost: 0.4024 Pre: 1.0000 Re: 0.9940 Acc: 0.9970 F1: 0.9970
Epoch 79: Time: 0.1309 Cost: 0.3931 Pre: 1.0000 Re: 0.9940 Acc: 0.9970 F1: 0.9970
Epoch 80: Time: 0.1255 Cost: 0.3838 Pre: 1.0000 Re: 0.9940 Acc: 0.9970 F1: 0.9970


--------------------------------------------------------------------
Eval results: Cost:1.2138 Pre:1.0000 Re:0.9740 Acc:0.9870 F1:0.9868
--------------------------------------------------------------------

Epoch 81: Time: 0.1268 Cost: 0.3729 Pre: 1.0000 Re: 0.9940 Acc: 0.9970 F1: 0.9970
Epoch 82: Time: 0.1308 Cost: 0.3679 Pre: 1.0000 Re: 0.9940 Acc: 0.9970 F1: 0.9970
Epoch 83: Time: 0.1294 Cost: 0.3619 Pre: 1.0000 Re: 0.9940 Acc: 0.9970 F1: 0.9970
Epoch 84: Time: 0.1288 Cost: 0.3560 Pre: 1.0000 Re: 0.9940 Acc: 0.9970 F1: 0.9970
Epoch 85: Time: 0.1253 Cost: 0.3501 Pre: 1.0000 Re: 0.9940 Acc: 0.9970 F1: 0.9970
Epoch 86: Time: 0.1247 Cost: 0.3436 Pre: 1.0000 Re: 0.9940 Acc: 0.9970 F1: 0.9970
Epoch 87: Time: 0.1255 Cost: 0.3368 Pre: 1.0000 Re: 0.9940 Acc: 0.9970 F1: 0.9970
Epoch 88: Time: 0.1278 Cost: 0.3299 Pre: 1.0000 Re: 0.9940 Acc: 0.9970 F1: 0.9970
Epoch 89: Time: 0.1267 Cost: 0.3230 Pre: 1.0000 Re: 0.9940 Acc: 0.9970 F1: 0.9970
Epoch 90: Time: 0.1310 Cost: 0.3161 Pre: 1.0000 Re: 0.9940 Acc: 0.9970 F1: 0.9970


--------------------------------------------------------------------
Eval results: Cost:1.1453 Pre:1.0000 Re:0.9760 Acc:0.9880 F1:0.9879
--------------------------------------------------------------------

Epoch 91: Time: 0.1383 Cost: 0.3076 Pre: 1.0000 Re: 0.9980 Acc: 0.9990 F1: 0.9990
Epoch 92: Time: 0.1359 Cost: 0.3039 Pre: 1.0000 Re: 0.9980 Acc: 0.9990 F1: 0.9990
Epoch 93: Time: 0.1250 Cost: 0.2994 Pre: 1.0000 Re: 0.9980 Acc: 0.9990 F1: 0.9990
Epoch 94: Time: 0.1280 Cost: 0.2950 Pre: 1.0000 Re: 0.9980 Acc: 0.9990 F1: 0.9990
Epoch 95: Time: 0.1293 Cost: 0.2907 Pre: 1.0000 Re: 0.9980 Acc: 0.9990 F1: 0.9990
Epoch 96: Time: 0.1327 Cost: 0.2858 Pre: 1.0000 Re: 0.9980 Acc: 0.9990 F1: 0.9990
Epoch 97: Time: 0.1311 Cost: 0.2806 Pre: 1.0000 Re: 0.9980 Acc: 0.9990 F1: 0.9990
Epoch 98: Time: 0.1266 Cost: 0.2753 Pre: 1.0000 Re: 0.9980 Acc: 0.9990 F1: 0.9990
Epoch 99: Time: 0.1381 Cost: 0.2699 Pre: 1.0000 Re: 0.9980 Acc: 0.9990 F1: 0.9990
Epoch 100: Time: 0.1297 Cost: 0.2645 Pre: 1.0000 Re: 0.9980 Acc: 0.9990 F1: 0.9990


--------------------------------------------------------------------
Eval results: Cost:1.0574 Pre:1.0000 Re:0.9780 Acc:0.9890 F1:0.9889
--------------------------------------------------------------------

Epoch 101: Time: 0.1295 Cost: 0.2577 Pre: 1.0000 Re: 0.9980 Acc: 0.9990 F1: 0.9990
Epoch 102: Time: 0.1350 Cost: 0.2548 Pre: 1.0000 Re: 0.9980 Acc: 0.9990 F1: 0.9990
Epoch 103: Time: 0.1254 Cost: 0.2513 Pre: 1.0000 Re: 0.9980 Acc: 0.9990 F1: 0.9990
Epoch 104: Time: 0.1248 Cost: 0.2479 Pre: 1.0000 Re: 0.9980 Acc: 0.9990 F1: 0.9990
Epoch 105: Time: 0.1253 Cost: 0.2444 Pre: 1.0000 Re: 0.9980 Acc: 0.9990 F1: 0.9990
Epoch 106: Time: 0.1255 Cost: 0.2403 Pre: 1.0000 Re: 0.9980 Acc: 0.9990 F1: 0.9990
Epoch 107: Time: 0.1260 Cost: 0.2359 Pre: 1.0000 Re: 0.9980 Acc: 0.9990 F1: 0.9990
Epoch 108: Time: 0.1304 Cost: 0.2313 Pre: 1.0000 Re: 0.9980 Acc: 0.9990 F1: 0.9990
Epoch 109: Time: 0.1260 Cost: 0.2263 Pre: 1.0000 Re: 0.9980 Acc: 0.9990 F1: 0.9990
Epoch 110: Time: 0.1295 Cost: 0.2211 Pre: 1.0000 Re: 0.9980 Acc: 0.9990 F1: 0.9990


--------------------------------------------------------------------
Eval results: Cost:0.9034 Pre:1.0000 Re:0.9760 Acc:0.9880 F1:0.9879
--------------------------------------------------------------------

Epoch 111: Time: 0.1336 Cost: 0.2144 Pre: 1.0000 Re: 0.9980 Acc: 0.9990 F1: 0.9990
Epoch 112: Time: 0.1291 Cost: 0.2111 Pre: 1.0000 Re: 0.9980 Acc: 0.9990 F1: 0.9990
Epoch 113: Time: 0.1327 Cost: 0.2074 Pre: 1.0000 Re: 0.9980 Acc: 0.9990 F1: 0.9990
Epoch 114: Time: 0.1302 Cost: 0.2035 Pre: 1.0000 Re: 0.9980 Acc: 0.9990 F1: 0.9990
Epoch 115: Time: 0.1277 Cost: 0.1992 Pre: 1.0000 Re: 0.9980 Acc: 0.9990 F1: 0.9990
Epoch 116: Time: 0.1293 Cost: 0.1940 Pre: 1.0000 Re: 0.9980 Acc: 0.9990 F1: 0.9990
Epoch 117: Time: 0.1296 Cost: 0.1882 Pre: 1.0000 Re: 0.9980 Acc: 0.9990 F1: 0.9990
Epoch 118: Time: 0.1357 Cost: 0.1818 Pre: 1.0000 Re: 0.9980 Acc: 0.9990 F1: 0.9990
Epoch 119: Time: 0.1270 Cost: 0.1750 Pre: 1.0000 Re: 0.9980 Acc: 0.9990 F1: 0.9990
Epoch 120: Time: 0.1313 Cost: 0.1680 Pre: 1.0000 Re: 0.9980 Acc: 0.9990 F1: 0.9990


--------------------------------------------------------------------
Eval results: Cost:0.6136 Pre:1.0000 Re:0.9820 Acc:0.9910 F1:0.9909
--------------------------------------------------------------------

Epoch 121: Time: 0.1315 Cost: 0.1594 Pre: 1.0000 Re: 0.9980 Acc: 0.9990 F1: 0.9990
Epoch 122: Time: 0.1294 Cost: 0.1553 Pre: 1.0000 Re: 0.9980 Acc: 0.9990 F1: 0.9990
Epoch 123: Time: 0.1290 Cost: 0.1514 Pre: 1.0000 Re: 0.9980 Acc: 0.9990 F1: 0.9990
Epoch 124: Time: 0.1329 Cost: 0.1475 Pre: 1.0000 Re: 0.9980 Acc: 0.9990 F1: 0.9990
Epoch 125: Time: 0.1273 Cost: 0.1435 Pre: 1.0000 Re: 0.9980 Acc: 0.9990 F1: 0.9990
Epoch 126: Time: 0.1288 Cost: 0.1391 Pre: 1.0000 Re: 0.9980 Acc: 0.9990 F1: 0.9990
Epoch 127: Time: 0.1277 Cost: 0.1346 Pre: 1.0000 Re: 0.9980 Acc: 0.9990 F1: 0.9990
Epoch 128: Time: 0.1257 Cost: 0.1300 Pre: 1.0000 Re: 0.9980 Acc: 0.9990 F1: 0.9990
Epoch 129: Time: 0.1352 Cost: 0.1254 Pre: 1.0000 Re: 1.0000 Acc: 1.0000 F1: 1.0000
Epoch 130: Time: 0.1305 Cost: 0.1209 Pre: 1.0000 Re: 1.0000 Acc: 1.0000 F1: 1.0000


--------------------------------------------------------------------
Eval results: Cost:0.4293 Pre:1.0000 Re:0.9900 Acc:0.9950 F1:0.9950
--------------------------------------------------------------------

Epoch 131: Time: 0.1345 Cost: 0.1155 Pre: 1.0000 Re: 1.0000 Acc: 1.0000 F1: 1.0000
Epoch 132: Time: 0.1393 Cost: 0.1132 Pre: 1.0000 Re: 1.0000 Acc: 1.0000 F1: 1.0000
Epoch 133: Time: 0.1306 Cost: 0.1108 Pre: 1.0000 Re: 1.0000 Acc: 1.0000 F1: 1.0000
Epoch 134: Time: 0.1377 Cost: 0.1085 Pre: 1.0000 Re: 1.0000 Acc: 1.0000 F1: 1.0000
Epoch 135: Time: 0.1267 Cost: 0.1061 Pre: 1.0000 Re: 1.0000 Acc: 1.0000 F1: 1.0000
Epoch 136: Time: 0.1266 Cost: 0.1035 Pre: 1.0000 Re: 1.0000 Acc: 1.0000 F1: 1.0000
Epoch 137: Time: 0.1351 Cost: 0.1008 Pre: 1.0000 Re: 1.0000 Acc: 1.0000 F1: 1.0000
Epoch 138: Time: 0.1284 Cost: 0.0979 Pre: 1.0000 Re: 1.0000 Acc: 1.0000 F1: 1.0000
Epoch 139: Time: 0.1285 Cost: 0.0951 Pre: 1.0000 Re: 1.0000 Acc: 1.0000 F1: 1.0000
Epoch 140: Time: 0.1280 Cost: 0.0923 Pre: 1.0000 Re: 1.0000 Acc: 1.0000 F1: 1.0000


--------------------------------------------------------------------
Eval results: Cost:0.3283 Pre:1.0000 Re:0.9920 Acc:0.9960 F1:0.9960
--------------------------------------------------------------------

Epoch 141: Time: 0.1342 Cost: 0.0889 Pre: 1.0000 Re: 1.0000 Acc: 1.0000 F1: 1.0000
Epoch 142: Time: 0.1326 Cost: 0.0876 Pre: 1.0000 Re: 1.0000 Acc: 1.0000 F1: 1.0000
Epoch 143: Time: 0.1255 Cost: 0.0860 Pre: 1.0000 Re: 1.0000 Acc: 1.0000 F1: 1.0000
Epoch 144: Time: 0.1260 Cost: 0.0846 Pre: 1.0000 Re: 1.0000 Acc: 1.0000 F1: 1.0000
Epoch 145: Time: 0.1304 Cost: 0.0831 Pre: 1.0000 Re: 1.0000 Acc: 1.0000 F1: 1.0000
Epoch 146: Time: 0.1275 Cost: 0.0815 Pre: 1.0000 Re: 1.0000 Acc: 1.0000 F1: 1.0000
Epoch 147: Time: 0.1319 Cost: 0.0798 Pre: 1.0000 Re: 1.0000 Acc: 1.0000 F1: 1.0000
Epoch 148: Time: 0.1257 Cost: 0.0780 Pre: 1.0000 Re: 1.0000 Acc: 1.0000 F1: 1.0000
Epoch 149: Time: 0.1253 Cost: 0.0761 Pre: 1.0000 Re: 1.0000 Acc: 1.0000 F1: 1.0000
Epoch 150: Time: 0.1278 Cost: 0.0743 Pre: 1.0000 Re: 1.0000 Acc: 1.0000 F1: 1.0000


--------------------------------------------------------------------
Eval results: Cost:0.2697 Pre:1.0000 Re:0.9940 Acc:0.9970 F1:0.9970
--------------------------------------------------------------------

Epoch 151: Time: 0.1362 Cost: 0.0719 Pre: 1.0000 Re: 1.0000 Acc: 1.0000 F1: 1.0000
Epoch 152: Time: 0.1413 Cost: 0.0711 Pre: 1.0000 Re: 1.0000 Acc: 1.0000 F1: 1.0000
Epoch 153: Time: 0.1403 Cost: 0.0700 Pre: 1.0000 Re: 1.0000 Acc: 1.0000 F1: 1.0000
Epoch 154: Time: 0.1306 Cost: 0.0690 Pre: 1.0000 Re: 1.0000 Acc: 1.0000 F1: 1.0000
Epoch 155: Time: 0.1238 Cost: 0.0680 Pre: 1.0000 Re: 1.0000 Acc: 1.0000 F1: 1.0000
Epoch 156: Time: 0.1242 Cost: 0.0669 Pre: 1.0000 Re: 1.0000 Acc: 1.0000 F1: 1.0000
Epoch 157: Time: 0.1261 Cost: 0.0657 Pre: 1.0000 Re: 1.0000 Acc: 1.0000 F1: 1.0000
Epoch 158: Time: 0.1361 Cost: 0.0645 Pre: 1.0000 Re: 1.0000 Acc: 1.0000 F1: 1.0000
Epoch 159: Time: 0.1306 Cost: 0.0632 Pre: 1.0000 Re: 1.0000 Acc: 1.0000 F1: 1.0000
Epoch 160: Time: 0.1298 Cost: 0.0619 Pre: 1.0000 Re: 1.0000 Acc: 1.0000 F1: 1.0000


--------------------------------------------------------------------
Eval results: Cost:0.2369 Pre:1.0000 Re:0.9940 Acc:0.9970 F1:0.9970
--------------------------------------------------------------------

Epoch 161: Time: 0.1322 Cost: 0.0602 Pre: 1.0000 Re: 1.0000 Acc: 1.0000 F1: 1.0000
Epoch 162: Time: 0.1286 Cost: 0.0597 Pre: 1.0000 Re: 1.0000 Acc: 1.0000 F1: 1.0000
Epoch 163: Time: 0.1301 Cost: 0.0588 Pre: 1.0000 Re: 1.0000 Acc: 1.0000 F1: 1.0000
Epoch 164: Time: 0.1268 Cost: 0.0582 Pre: 1.0000 Re: 1.0000 Acc: 1.0000 F1: 1.0000
Epoch 165: Time: 0.1259 Cost: 0.0575 Pre: 1.0000 Re: 1.0000 Acc: 1.0000 F1: 1.0000
Epoch 166: Time: 0.1291 Cost: 0.0567 Pre: 1.0000 Re: 1.0000 Acc: 1.0000 F1: 1.0000
Epoch 167: Time: 0.1319 Cost: 0.0559 Pre: 1.0000 Re: 1.0000 Acc: 1.0000 F1: 1.0000
Epoch 168: Time: 0.1246 Cost: 0.0550 Pre: 1.0000 Re: 1.0000 Acc: 1.0000 F1: 1.0000
Epoch 169: Time: 0.1337 Cost: 0.0541 Pre: 1.0000 Re: 1.0000 Acc: 1.0000 F1: 1.0000
Epoch 170: Time: 0.1266 Cost: 0.0532 Pre: 1.0000 Re: 1.0000 Acc: 1.0000 F1: 1.0000


--------------------------------------------------------------------
Eval results: Cost:0.2174 Pre:1.0000 Re:0.9940 Acc:0.9970 F1:0.9970
--------------------------------------------------------------------

Epoch 171: Time: 0.1265 Cost: 0.0520 Pre: 1.0000 Re: 1.0000 Acc: 1.0000 F1: 1.0000
Epoch 172: Time: 0.1367 Cost: 0.0517 Pre: 1.0000 Re: 1.0000 Acc: 1.0000 F1: 1.0000
Epoch 173: Time: 0.1307 Cost: 0.0511 Pre: 1.0000 Re: 1.0000 Acc: 1.0000 F1: 1.0000
Epoch 174: Time: 0.1331 Cost: 0.0506 Pre: 1.0000 Re: 1.0000 Acc: 1.0000 F1: 1.0000
Epoch 175: Time: 0.1326 Cost: 0.0501 Pre: 1.0000 Re: 1.0000 Acc: 1.0000 F1: 1.0000
Epoch 176: Time: 0.1436 Cost: 0.0496 Pre: 1.0000 Re: 1.0000 Acc: 1.0000 F1: 1.0000
Epoch 177: Time: 0.1341 Cost: 0.0490 Pre: 1.0000 Re: 1.0000 Acc: 1.0000 F1: 1.0000
Epoch 178: Time: 0.1269 Cost: 0.0484 Pre: 1.0000 Re: 1.0000 Acc: 1.0000 F1: 1.0000
Epoch 179: Time: 0.1347 Cost: 0.0478 Pre: 1.0000 Re: 1.0000 Acc: 1.0000 F1: 1.0000
Epoch 180: Time: 0.1306 Cost: 0.0471 Pre: 1.0000 Re: 1.0000 Acc: 1.0000 F1: 1.0000


--------------------------------------------------------------------
Eval results: Cost:0.2046 Pre:1.0000 Re:0.9940 Acc:0.9970 F1:0.9970
--------------------------------------------------------------------

Epoch 181: Time: 0.1313 Cost: 0.0463 Pre: 1.0000 Re: 1.0000 Acc: 1.0000 F1: 1.0000
Epoch 182: Time: 0.1372 Cost: 0.0461 Pre: 1.0000 Re: 1.0000 Acc: 1.0000 F1: 1.0000
Epoch 183: Time: 0.1303 Cost: 0.0456 Pre: 1.0000 Re: 1.0000 Acc: 1.0000 F1: 1.0000
Epoch 184: Time: 0.1322 Cost: 0.0453 Pre: 1.0000 Re: 1.0000 Acc: 1.0000 F1: 1.0000
Epoch 185: Time: 0.1246 Cost: 0.0450 Pre: 1.0000 Re: 1.0000 Acc: 1.0000 F1: 1.0000
Epoch 186: Time: 0.1213 Cost: 0.0446 Pre: 1.0000 Re: 1.0000 Acc: 1.0000 F1: 1.0000
Epoch 187: Time: 0.1213 Cost: 0.0442 Pre: 1.0000 Re: 1.0000 Acc: 1.0000 F1: 1.0000
Epoch 188: Time: 0.1240 Cost: 0.0438 Pre: 1.0000 Re: 1.0000 Acc: 1.0000 F1: 1.0000
Epoch 189: Time: 0.1301 Cost: 0.0433 Pre: 1.0000 Re: 1.0000 Acc: 1.0000 F1: 1.0000
Epoch 190: Time: 0.1286 Cost: 0.0428 Pre: 1.0000 Re: 1.0000 Acc: 1.0000 F1: 1.0000


--------------------------------------------------------------------
Eval results: Cost:0.1953 Pre:1.0000 Re:0.9940 Acc:0.9970 F1:0.9970
--------------------------------------------------------------------

Epoch 191: Time: 0.1253 Cost: 0.0422 Pre: 1.0000 Re: 1.0000 Acc: 1.0000 F1: 1.0000
Epoch 192: Time: 0.1253 Cost: 0.0421 Pre: 1.0000 Re: 1.0000 Acc: 1.0000 F1: 1.0000
Epoch 193: Time: 0.1287 Cost: 0.0418 Pre: 1.0000 Re: 1.0000 Acc: 1.0000 F1: 1.0000
Epoch 194: Time: 0.1248 Cost: 0.0415 Pre: 1.0000 Re: 1.0000 Acc: 1.0000 F1: 1.0000
Epoch 195: Time: 0.1285 Cost: 0.0413 Pre: 1.0000 Re: 1.0000 Acc: 1.0000 F1: 1.0000
Epoch 196: Time: 0.1376 Cost: 0.0410 Pre: 1.0000 Re: 1.0000 Acc: 1.0000 F1: 1.0000
Epoch 197: Time: 0.1329 Cost: 0.0407 Pre: 1.0000 Re: 1.0000 Acc: 1.0000 F1: 1.0000
Epoch 198: Time: 0.1272 Cost: 0.0404 Pre: 1.0000 Re: 1.0000 Acc: 1.0000 F1: 1.0000
Epoch 199: Time: 0.1321 Cost: 0.0400 Pre: 1.0000 Re: 1.0000 Acc: 1.0000 F1: 1.0000
Epoch 200: Time: 0.1320 Cost: 0.0397 Pre: 1.0000 Re: 1.0000 Acc: 1.0000 F1: 1.0000


--------------------------------------------------------------------
Eval results: Cost:0.1881 Pre:1.0000 Re:0.9940 Acc:0.9970 F1:0.9970
--------------------------------------------------------------------

Epoch 201: Time: 0.1331 Cost: 0.0392 Pre: 1.0000 Re: 1.0000 Acc: 1.0000 F1: 1.0000
Epoch 202: Time: 0.1387 Cost: 0.0391 Pre: 1.0000 Re: 1.0000 Acc: 1.0000 F1: 1.0000
Epoch 203: Time: 0.1372 Cost: 0.0389 Pre: 1.0000 Re: 1.0000 Acc: 1.0000 F1: 1.0000
Epoch 204: Time: 0.1256 Cost: 0.0387 Pre: 1.0000 Re: 1.0000 Acc: 1.0000 F1: 1.0000
Epoch 205: Time: 0.1288 Cost: 0.0385 Pre: 1.0000 Re: 1.0000 Acc: 1.0000 F1: 1.0000
Epoch 206: Time: 0.1352 Cost: 0.0383 Pre: 1.0000 Re: 1.0000 Acc: 1.0000 F1: 1.0000
Epoch 207: Time: 0.1351 Cost: 0.0381 Pre: 1.0000 Re: 1.0000 Acc: 1.0000 F1: 1.0000
Epoch 208: Time: 0.1261 Cost: 0.0378 Pre: 1.0000 Re: 1.0000 Acc: 1.0000 F1: 1.0000
Epoch 209: Time: 0.1272 Cost: 0.0376 Pre: 1.0000 Re: 1.0000 Acc: 1.0000 F1: 1.0000
Epoch 210: Time: 0.1309 Cost: 0.0373 Pre: 1.0000 Re: 1.0000 Acc: 1.0000 F1: 1.0000


--------------------------------------------------------------------
Eval results: Cost:0.1822 Pre:1.0000 Re:0.9940 Acc:0.9970 F1:0.9970
--------------------------------------------------------------------

Epoch 211: Time: 0.1374 Cost: 0.0370 Pre: 1.0000 Re: 1.0000 Acc: 1.0000 F1: 1.0000
Epoch 212: Time: 0.1340 Cost: 0.0369 Pre: 1.0000 Re: 1.0000 Acc: 1.0000 F1: 1.0000
Epoch 213: Time: 0.1326 Cost: 0.0367 Pre: 1.0000 Re: 1.0000 Acc: 1.0000 F1: 1.0000
Epoch 214: Time: 0.1285 Cost: 0.0365 Pre: 1.0000 Re: 1.0000 Acc: 1.0000 F1: 1.0000
Epoch 215: Time: 0.1285 Cost: 0.0364 Pre: 1.0000 Re: 1.0000 Acc: 1.0000 F1: 1.0000
Epoch 216: Time: 0.1261 Cost: 0.0362 Pre: 1.0000 Re: 1.0000 Acc: 1.0000 F1: 1.0000
Epoch 217: Time: 0.1246 Cost: 0.0361 Pre: 1.0000 Re: 1.0000 Acc: 1.0000 F1: 1.0000
Epoch 218: Time: 0.1298 Cost: 0.0359 Pre: 1.0000 Re: 1.0000 Acc: 1.0000 F1: 1.0000
Epoch 219: Time: 0.1273 Cost: 0.0357 Pre: 1.0000 Re: 1.0000 Acc: 1.0000 F1: 1.0000
Epoch 220: Time: 0.1247 Cost: 0.0354 Pre: 1.0000 Re: 1.0000 Acc: 1.0000 F1: 1.0000


--------------------------------------------------------------------
Eval results: Cost:0.1773 Pre:1.0000 Re:0.9940 Acc:0.9970 F1:0.9970
--------------------------------------------------------------------

Epoch 221: Time: 0.1332 Cost: 0.0352 Pre: 1.0000 Re: 1.0000 Acc: 1.0000 F1: 1.0000
Epoch 222: Time: 0.1285 Cost: 0.0351 Pre: 1.0000 Re: 1.0000 Acc: 1.0000 F1: 1.0000
Epoch 223: Time: 0.1300 Cost: 0.0349 Pre: 1.0000 Re: 1.0000 Acc: 1.0000 F1: 1.0000
Epoch 224: Time: 0.1275 Cost: 0.0348 Pre: 1.0000 Re: 1.0000 Acc: 1.0000 F1: 1.0000
Epoch 225: Time: 0.1293 Cost: 0.0347 Pre: 1.0000 Re: 1.0000 Acc: 1.0000 F1: 1.0000
Epoch 226: Time: 0.1340 Cost: 0.0346 Pre: 1.0000 Re: 1.0000 Acc: 1.0000 F1: 1.0000
Epoch 227: Time: 0.1312 Cost: 0.0344 Pre: 1.0000 Re: 1.0000 Acc: 1.0000 F1: 1.0000
Epoch 228: Time: 0.1387 Cost: 0.0343 Pre: 1.0000 Re: 1.0000 Acc: 1.0000 F1: 1.0000
Epoch 229: Time: 0.1287 Cost: 0.0341 Pre: 1.0000 Re: 1.0000 Acc: 1.0000 F1: 1.0000
Epoch 230: Time: 0.1255 Cost: 0.0339 Pre: 1.0000 Re: 1.0000 Acc: 1.0000 F1: 1.0000


--------------------------------------------------------------------
Eval results: Cost:0.1731 Pre:1.0000 Re:0.9940 Acc:0.9970 F1:0.9970
--------------------------------------------------------------------

Epoch 231: Time: 0.1324 Cost: 0.0337 Pre: 1.0000 Re: 1.0000 Acc: 1.0000 F1: 1.0000
Epoch 232: Time: 0.1274 Cost: 0.0337 Pre: 1.0000 Re: 1.0000 Acc: 1.0000 F1: 1.0000
Epoch 233: Time: 0.1250 Cost: 0.0335 Pre: 1.0000 Re: 1.0000 Acc: 1.0000 F1: 1.0000
Epoch 234: Time: 0.1253 Cost: 0.0334 Pre: 1.0000 Re: 1.0000 Acc: 1.0000 F1: 1.0000
Epoch 235: Time: 0.1233 Cost: 0.0333 Pre: 1.0000 Re: 1.0000 Acc: 1.0000 F1: 1.0000
Epoch 236: Time: 0.1280 Cost: 0.0332 Pre: 1.0000 Re: 1.0000 Acc: 1.0000 F1: 1.0000
Epoch 237: Time: 0.1308 Cost: 0.0331 Pre: 1.0000 Re: 1.0000 Acc: 1.0000 F1: 1.0000
Epoch 238: Time: 0.1258 Cost: 0.0330 Pre: 1.0000 Re: 1.0000 Acc: 1.0000 F1: 1.0000
Epoch 239: Time: 0.1296 Cost: 0.0328 Pre: 1.0000 Re: 1.0000 Acc: 1.0000 F1: 1.0000
Epoch 240: Time: 0.1314 Cost: 0.0327 Pre: 1.0000 Re: 1.0000 Acc: 1.0000 F1: 1.0000


--------------------------------------------------------------------
Eval results: Cost:0.1696 Pre:1.0000 Re:0.9940 Acc:0.9970 F1:0.9970
--------------------------------------------------------------------

Epoch 241: Time: 0.1321 Cost: 0.0325 Pre: 1.0000 Re: 1.0000 Acc: 1.0000 F1: 1.0000
Epoch 242: Time: 0.1250 Cost: 0.0324 Pre: 1.0000 Re: 1.0000 Acc: 1.0000 F1: 1.0000
Epoch 243: Time: 0.1276 Cost: 0.0323 Pre: 1.0000 Re: 1.0000 Acc: 1.0000 F1: 1.0000
Epoch 244: Time: 0.1260 Cost: 0.0322 Pre: 1.0000 Re: 1.0000 Acc: 1.0000 F1: 1.0000
Epoch 245: Time: 0.1327 Cost: 0.0322 Pre: 1.0000 Re: 1.0000 Acc: 1.0000 F1: 1.0000
Epoch 246: Time: 0.1296 Cost: 0.0321 Pre: 1.0000 Re: 1.0000 Acc: 1.0000 F1: 1.0000
Epoch 247: Time: 0.1339 Cost: 0.0320 Pre: 1.0000 Re: 1.0000 Acc: 1.0000 F1: 1.0000
Epoch 248: Time: 0.1311 Cost: 0.0319 Pre: 1.0000 Re: 1.0000 Acc: 1.0000 F1: 1.0000
Epoch 249: Time: 0.1372 Cost: 0.0318 Pre: 1.0000 Re: 1.0000 Acc: 1.0000 F1: 1.0000
Epoch 250: Time: 0.1376 Cost: 0.0316 Pre: 1.0000 Re: 1.0000 Acc: 1.0000 F1: 1.0000


--------------------------------------------------------------------
Eval results: Cost:0.1666 Pre:1.0000 Re:0.9940 Acc:0.9970 F1:0.9970
--------------------------------------------------------------------

Epoch 251: Time: 0.1257 Cost: 0.0315 Pre: 1.0000 Re: 1.0000 Acc: 1.0000 F1: 1.0000
Epoch 252: Time: 0.1371 Cost: 0.0314 Pre: 1.0000 Re: 1.0000 Acc: 1.0000 F1: 1.0000
Epoch 253: Time: 0.1389 Cost: 0.0313 Pre: 1.0000 Re: 1.0000 Acc: 1.0000 F1: 1.0000
Epoch 254: Time: 0.1338 Cost: 0.0313 Pre: 1.0000 Re: 1.0000 Acc: 1.0000 F1: 1.0000
Epoch 255: Time: 0.1409 Cost: 0.0312 Pre: 1.0000 Re: 1.0000 Acc: 1.0000 F1: 1.0000
Epoch 256: Time: 0.1385 Cost: 0.0311 Pre: 1.0000 Re: 1.0000 Acc: 1.0000 F1: 1.0000
Epoch 257: Time: 0.1311 Cost: 0.0310 Pre: 1.0000 Re: 1.0000 Acc: 1.0000 F1: 1.0000
Epoch 258: Time: 0.1282 Cost: 0.0309 Pre: 1.0000 Re: 1.0000 Acc: 1.0000 F1: 1.0000
Epoch 259: Time: 0.1237 Cost: 0.0308 Pre: 1.0000 Re: 1.0000 Acc: 1.0000 F1: 1.0000
Epoch 260: Time: 0.1255 Cost: 0.0307 Pre: 1.0000 Re: 1.0000 Acc: 1.0000 F1: 1.0000


--------------------------------------------------------------------
Eval results: Cost:0.1641 Pre:1.0000 Re:0.9940 Acc:0.9970 F1:0.9970
--------------------------------------------------------------------

Epoch 261: Time: 0.1302 Cost: 0.0306 Pre: 1.0000 Re: 1.0000 Acc: 1.0000 F1: 1.0000
Epoch 262: Time: 0.1313 Cost: 0.0306 Pre: 1.0000 Re: 1.0000 Acc: 1.0000 F1: 1.0000
Epoch 263: Time: 0.1320 Cost: 0.0305 Pre: 1.0000 Re: 1.0000 Acc: 1.0000 F1: 1.0000
Epoch 264: Time: 0.1307 Cost: 0.0304 Pre: 1.0000 Re: 1.0000 Acc: 1.0000 F1: 1.0000
Epoch 265: Time: 0.1314 Cost: 0.0303 Pre: 1.0000 Re: 1.0000 Acc: 1.0000 F1: 1.0000
Epoch 266: Time: 0.1334 Cost: 0.0303 Pre: 1.0000 Re: 1.0000 Acc: 1.0000 F1: 1.0000
Epoch 267: Time: 0.1250 Cost: 0.0302 Pre: 1.0000 Re: 1.0000 Acc: 1.0000 F1: 1.0000
Epoch 268: Time: 0.1348 Cost: 0.0301 Pre: 1.0000 Re: 1.0000 Acc: 1.0000 F1: 1.0000
Epoch 269: Time: 0.1321 Cost: 0.0300 Pre: 1.0000 Re: 1.0000 Acc: 1.0000 F1: 1.0000
Epoch 270: Time: 0.1274 Cost: 0.0299 Pre: 1.0000 Re: 1.0000 Acc: 1.0000 F1: 1.0000


--------------------------------------------------------------------
Eval results: Cost:0.1619 Pre:1.0000 Re:0.9940 Acc:0.9970 F1:0.9970
--------------------------------------------------------------------

Epoch 271: Time: 0.1264 Cost: 0.0298 Pre: 1.0000 Re: 1.0000 Acc: 1.0000 F1: 1.0000
Epoch 272: Time: 0.1256 Cost: 0.0298 Pre: 1.0000 Re: 1.0000 Acc: 1.0000 F1: 1.0000
Epoch 273: Time: 0.1296 Cost: 0.0297 Pre: 1.0000 Re: 1.0000 Acc: 1.0000 F1: 1.0000
Epoch 274: Time: 0.1331 Cost: 0.0297 Pre: 1.0000 Re: 1.0000 Acc: 1.0000 F1: 1.0000
Epoch 275: Time: 0.1336 Cost: 0.0296 Pre: 1.0000 Re: 1.0000 Acc: 1.0000 F1: 1.0000
Epoch 276: Time: 0.1285 Cost: 0.0296 Pre: 1.0000 Re: 1.0000 Acc: 1.0000 F1: 1.0000
Epoch 277: Time: 0.1336 Cost: 0.0295 Pre: 1.0000 Re: 1.0000 Acc: 1.0000 F1: 1.0000
Epoch 278: Time: 0.1346 Cost: 0.0294 Pre: 1.0000 Re: 1.0000 Acc: 1.0000 F1: 1.0000
Epoch 279: Time: 0.1299 Cost: 0.0293 Pre: 1.0000 Re: 1.0000 Acc: 1.0000 F1: 1.0000
Epoch 280: Time: 0.1306 Cost: 0.0293 Pre: 1.0000 Re: 1.0000 Acc: 1.0000 F1: 1.0000


--------------------------------------------------------------------
Eval results: Cost:0.1600 Pre:1.0000 Re:0.9940 Acc:0.9970 F1:0.9970
--------------------------------------------------------------------

Epoch 281: Time: 0.1312 Cost: 0.0291 Pre: 1.0000 Re: 1.0000 Acc: 1.0000 F1: 1.0000
Epoch 282: Time: 0.1343 Cost: 0.0291 Pre: 1.0000 Re: 1.0000 Acc: 1.0000 F1: 1.0000
Epoch 283: Time: 0.1362 Cost: 0.0291 Pre: 1.0000 Re: 1.0000 Acc: 1.0000 F1: 1.0000
Epoch 284: Time: 0.1385 Cost: 0.0290 Pre: 1.0000 Re: 1.0000 Acc: 1.0000 F1: 1.0000
Epoch 285: Time: 0.1276 Cost: 0.0290 Pre: 1.0000 Re: 1.0000 Acc: 1.0000 F1: 1.0000
Epoch 286: Time: 0.1265 Cost: 0.0289 Pre: 1.0000 Re: 1.0000 Acc: 1.0000 F1: 1.0000
Epoch 287: Time: 0.1261 Cost: 0.0289 Pre: 1.0000 Re: 1.0000 Acc: 1.0000 F1: 1.0000
Epoch 288: Time: 0.1249 Cost: 0.0288 Pre: 1.0000 Re: 1.0000 Acc: 1.0000 F1: 1.0000
Epoch 289: Time: 0.1295 Cost: 0.0287 Pre: 1.0000 Re: 1.0000 Acc: 1.0000 F1: 1.0000
Epoch 290: Time: 0.1301 Cost: 0.0287 Pre: 1.0000 Re: 1.0000 Acc: 1.0000 F1: 1.0000


--------------------------------------------------------------------
Eval results: Cost:0.1584 Pre:1.0000 Re:0.9940 Acc:0.9970 F1:0.9970
--------------------------------------------------------------------

Epoch 291: Time: 0.1345 Cost: 0.0286 Pre: 1.0000 Re: 1.0000 Acc: 1.0000 F1: 1.0000
Epoch 292: Time: 0.1336 Cost: 0.0285 Pre: 1.0000 Re: 1.0000 Acc: 1.0000 F1: 1.0000
Epoch 293: Time: 0.1265 Cost: 0.0285 Pre: 1.0000 Re: 1.0000 Acc: 1.0000 F1: 1.0000
Epoch 294: Time: 0.1251 Cost: 0.0284 Pre: 1.0000 Re: 1.0000 Acc: 1.0000 F1: 1.0000
Epoch 295: Time: 0.1312 Cost: 0.0284 Pre: 1.0000 Re: 1.0000 Acc: 1.0000 F1: 1.0000
Epoch 296: Time: 0.1397 Cost: 0.0284 Pre: 1.0000 Re: 1.0000 Acc: 1.0000 F1: 1.0000
Epoch 297: Time: 0.1329 Cost: 0.0283 Pre: 1.0000 Re: 1.0000 Acc: 1.0000 F1: 1.0000
Epoch 298: Time: 0.1319 Cost: 0.0282 Pre: 1.0000 Re: 1.0000 Acc: 1.0000 F1: 1.0000
Epoch 299: Time: 0.1304 Cost: 0.0282 Pre: 1.0000 Re: 1.0000 Acc: 1.0000 F1: 1.0000
Epoch 300: Time: 0.1247 Cost: 0.0281 Pre: 1.0000 Re: 1.0000 Acc: 1.0000 F1: 1.0000


--------------------------------------------------------------------
Eval results: Cost:0.1569 Pre:1.0000 Re:0.9940 Acc:0.9970 F1:0.9970
--------------------------------------------------------------------

Epoch 301: Time: 0.1250 Cost: 0.0280 Pre: 1.0000 Re: 1.0000 Acc: 1.0000 F1: 1.0000
Epoch 302: Time: 0.1246 Cost: 0.0280 Pre: 1.0000 Re: 1.0000 Acc: 1.0000 F1: 1.0000
Epoch 303: Time: 0.1256 Cost: 0.0280 Pre: 1.0000 Re: 1.0000 Acc: 1.0000 F1: 1.0000
Epoch 304: Time: 0.1294 Cost: 0.0279 Pre: 1.0000 Re: 1.0000 Acc: 1.0000 F1: 1.0000
Epoch 305: Time: 0.1292 Cost: 0.0279 Pre: 1.0000 Re: 1.0000 Acc: 1.0000 F1: 1.0000
Epoch 306: Time: 0.1258 Cost: 0.0278 Pre: 1.0000 Re: 1.0000 Acc: 1.0000 F1: 1.0000
Epoch 307: Time: 0.1347 Cost: 0.0278 Pre: 1.0000 Re: 1.0000 Acc: 1.0000 F1: 1.0000
Epoch 308: Time: 0.1278 Cost: 0.0277 Pre: 1.0000 Re: 1.0000 Acc: 1.0000 F1: 1.0000
Epoch 309: Time: 0.1301 Cost: 0.0277 Pre: 1.0000 Re: 1.0000 Acc: 1.0000 F1: 1.0000
Epoch 310: Time: 0.1303 Cost: 0.0276 Pre: 1.0000 Re: 1.0000 Acc: 1.0000 F1: 1.0000


--------------------------------------------------------------------
Eval results: Cost:0.1556 Pre:1.0000 Re:0.9940 Acc:0.9970 F1:0.9970
--------------------------------------------------------------------

Epoch 311: Time: 0.1256 Cost: 0.0275 Pre: 1.0000 Re: 1.0000 Acc: 1.0000 F1: 1.0000
Epoch 312: Time: 0.1281 Cost: 0.0275 Pre: 1.0000 Re: 1.0000 Acc: 1.0000 F1: 1.0000
Epoch 313: Time: 0.1280 Cost: 0.0275 Pre: 1.0000 Re: 1.0000 Acc: 1.0000 F1: 1.0000
Epoch 314: Time: 0.1312 Cost: 0.0275 Pre: 1.0000 Re: 1.0000 Acc: 1.0000 F1: 1.0000
Epoch 315: Time: 0.1266 Cost: 0.0274 Pre: 1.0000 Re: 1.0000 Acc: 1.0000 F1: 1.0000
Epoch 316: Time: 0.1256 Cost: 0.0274 Pre: 1.0000 Re: 1.0000 Acc: 1.0000 F1: 1.0000
Epoch 317: Time: 0.1325 Cost: 0.0273 Pre: 1.0000 Re: 1.0000 Acc: 1.0000 F1: 1.0000
Epoch 318: Time: 0.1280 Cost: 0.0273 Pre: 1.0000 Re: 1.0000 Acc: 1.0000 F1: 1.0000
Epoch 319: Time: 0.1272 Cost: 0.0272 Pre: 1.0000 Re: 1.0000 Acc: 1.0000 F1: 1.0000
Epoch 320: Time: 0.1329 Cost: 0.0272 Pre: 1.0000 Re: 1.0000 Acc: 1.0000 F1: 1.0000


--------------------------------------------------------------------
Eval results: Cost:0.1545 Pre:1.0000 Re:0.9940 Acc:0.9970 F1:0.9970
--------------------------------------------------------------------

Epoch 321: Time: 0.1306 Cost: 0.0271 Pre: 1.0000 Re: 1.0000 Acc: 1.0000 F1: 1.0000
Epoch 322: Time: 0.1335 Cost: 0.0271 Pre: 1.0000 Re: 1.0000 Acc: 1.0000 F1: 1.0000
Epoch 323: Time: 0.1246 Cost: 0.0271 Pre: 1.0000 Re: 1.0000 Acc: 1.0000 F1: 1.0000
Epoch 324: Time: 0.1316 Cost: 0.0270 Pre: 1.0000 Re: 1.0000 Acc: 1.0000 F1: 1.0000
Epoch 325: Time: 0.1263 Cost: 0.0270 Pre: 1.0000 Re: 1.0000 Acc: 1.0000 F1: 1.0000
Epoch 326: Time: 0.1284 Cost: 0.0270 Pre: 1.0000 Re: 1.0000 Acc: 1.0000 F1: 1.0000
Epoch 327: Time: 0.1250 Cost: 0.0269 Pre: 1.0000 Re: 1.0000 Acc: 1.0000 F1: 1.0000
Epoch 328: Time: 0.1311 Cost: 0.0269 Pre: 1.0000 Re: 1.0000 Acc: 1.0000 F1: 1.0000
Epoch 329: Time: 0.1253 Cost: 0.0268 Pre: 1.0000 Re: 1.0000 Acc: 1.0000 F1: 1.0000
Epoch 330: Time: 0.1365 Cost: 0.0268 Pre: 1.0000 Re: 1.0000 Acc: 1.0000 F1: 1.0000


--------------------------------------------------------------------
Eval results: Cost:0.1535 Pre:1.0000 Re:0.9940 Acc:0.9970 F1:0.9970
--------------------------------------------------------------------

Epoch 331: Time: 0.1255 Cost: 0.0267 Pre: 1.0000 Re: 1.0000 Acc: 1.0000 F1: 1.0000
Epoch 332: Time: 0.1303 Cost: 0.0267 Pre: 1.0000 Re: 1.0000 Acc: 1.0000 F1: 1.0000
Epoch 333: Time: 0.1290 Cost: 0.0267 Pre: 1.0000 Re: 1.0000 Acc: 1.0000 F1: 1.0000
Epoch 334: Time: 0.1249 Cost: 0.0266 Pre: 1.0000 Re: 1.0000 Acc: 1.0000 F1: 1.0000
Epoch 335: Time: 0.1249 Cost: 0.0266 Pre: 1.0000 Re: 1.0000 Acc: 1.0000 F1: 1.0000
Epoch 336: Time: 0.1252 Cost: 0.0266 Pre: 1.0000 Re: 1.0000 Acc: 1.0000 F1: 1.0000
Epoch 337: Time: 0.1313 Cost: 0.0266 Pre: 1.0000 Re: 1.0000 Acc: 1.0000 F1: 1.0000
Epoch 338: Time: 0.1251 Cost: 0.0265 Pre: 1.0000 Re: 1.0000 Acc: 1.0000 F1: 1.0000
Epoch 339: Time: 0.1354 Cost: 0.0265 Pre: 1.0000 Re: 1.0000 Acc: 1.0000 F1: 1.0000
Epoch 340: Time: 0.1254 Cost: 0.0264 Pre: 1.0000 Re: 1.0000 Acc: 1.0000 F1: 1.0000


--------------------------------------------------------------------
Eval results: Cost:0.1526 Pre:1.0000 Re:0.9940 Acc:0.9970 F1:0.9970
--------------------------------------------------------------------

Epoch 341: Time: 0.1312 Cost: 0.0264 Pre: 1.0000 Re: 1.0000 Acc: 1.0000 F1: 1.0000
Epoch 342: Time: 0.1303 Cost: 0.0264 Pre: 1.0000 Re: 1.0000 Acc: 1.0000 F1: 1.0000
Epoch 343: Time: 0.1336 Cost: 0.0263 Pre: 1.0000 Re: 1.0000 Acc: 1.0000 F1: 1.0000
Epoch 344: Time: 0.1262 Cost: 0.0263 Pre: 1.0000 Re: 1.0000 Acc: 1.0000 F1: 1.0000
Epoch 345: Time: 0.1308 Cost: 0.0263 Pre: 1.0000 Re: 1.0000 Acc: 1.0000 F1: 1.0000
Epoch 346: Time: 0.1259 Cost: 0.0262 Pre: 1.0000 Re: 1.0000 Acc: 1.0000 F1: 1.0000
Epoch 347: Time: 0.1313 Cost: 0.0262 Pre: 1.0000 Re: 1.0000 Acc: 1.0000 F1: 1.0000
Epoch 348: Time: 0.1347 Cost: 0.0262 Pre: 1.0000 Re: 1.0000 Acc: 1.0000 F1: 1.0000
Epoch 349: Time: 0.1338 Cost: 0.0261 Pre: 1.0000 Re: 1.0000 Acc: 1.0000 F1: 1.0000
Epoch 350: Time: 0.1263 Cost: 0.0261 Pre: 1.0000 Re: 1.0000 Acc: 1.0000 F1: 1.0000


--------------------------------------------------------------------
Eval results: Cost:0.1517 Pre:1.0000 Re:0.9960 Acc:0.9980 F1:0.9980
--------------------------------------------------------------------

Epoch 351: Time: 0.1283 Cost: 0.0260 Pre: 1.0000 Re: 1.0000 Acc: 1.0000 F1: 1.0000
Epoch 352: Time: 0.1305 Cost: 0.0260 Pre: 1.0000 Re: 1.0000 Acc: 1.0000 F1: 1.0000
Epoch 353: Time: 0.1319 Cost: 0.0260 Pre: 1.0000 Re: 1.0000 Acc: 1.0000 F1: 1.0000
Epoch 354: Time: 0.1284 Cost: 0.0260 Pre: 1.0000 Re: 1.0000 Acc: 1.0000 F1: 1.0000
Epoch 355: Time: 0.1303 Cost: 0.0259 Pre: 1.0000 Re: 1.0000 Acc: 1.0000 F1: 1.0000
Epoch 356: Time: 0.1278 Cost: 0.0259 Pre: 1.0000 Re: 1.0000 Acc: 1.0000 F1: 1.0000
Epoch 357: Time: 0.1250 Cost: 0.0259 Pre: 1.0000 Re: 1.0000 Acc: 1.0000 F1: 1.0000
Epoch 358: Time: 0.1330 Cost: 0.0259 Pre: 1.0000 Re: 1.0000 Acc: 1.0000 F1: 1.0000
Epoch 359: Time: 0.1251 Cost: 0.0258 Pre: 1.0000 Re: 1.0000 Acc: 1.0000 F1: 1.0000
Epoch 360: Time: 0.1248 Cost: 0.0258 Pre: 1.0000 Re: 1.0000 Acc: 1.0000 F1: 1.0000


--------------------------------------------------------------------
Eval results: Cost:0.1510 Pre:1.0000 Re:0.9960 Acc:0.9980 F1:0.9980
--------------------------------------------------------------------

Epoch 361: Time: 0.1302 Cost: 0.0257 Pre: 1.0000 Re: 1.0000 Acc: 1.0000 F1: 1.0000
Epoch 362: Time: 0.1318 Cost: 0.0257 Pre: 1.0000 Re: 1.0000 Acc: 1.0000 F1: 1.0000
Epoch 363: Time: 0.1274 Cost: 0.0257 Pre: 1.0000 Re: 1.0000 Acc: 1.0000 F1: 1.0000
Epoch 364: Time: 0.1302 Cost: 0.0257 Pre: 1.0000 Re: 1.0000 Acc: 1.0000 F1: 1.0000
Epoch 365: Time: 0.1278 Cost: 0.0257 Pre: 1.0000 Re: 1.0000 Acc: 1.0000 F1: 1.0000
Epoch 366: Time: 0.1249 Cost: 0.0256 Pre: 1.0000 Re: 1.0000 Acc: 1.0000 F1: 1.0000
Epoch 367: Time: 0.1284 Cost: 0.0256 Pre: 1.0000 Re: 1.0000 Acc: 1.0000 F1: 1.0000
Epoch 368: Time: 0.1301 Cost: 0.0256 Pre: 1.0000 Re: 1.0000 Acc: 1.0000 F1: 1.0000
Epoch 369: Time: 0.1266 Cost: 0.0255 Pre: 1.0000 Re: 1.0000 Acc: 1.0000 F1: 1.0000
Epoch 370: Time: 0.1388 Cost: 0.0255 Pre: 1.0000 Re: 1.0000 Acc: 1.0000 F1: 1.0000


--------------------------------------------------------------------
Eval results: Cost:0.1503 Pre:1.0000 Re:0.9960 Acc:0.9980 F1:0.9980
--------------------------------------------------------------------

Epoch 371: Time: 0.1286 Cost: 0.0255 Pre: 1.0000 Re: 1.0000 Acc: 1.0000 F1: 1.0000
Epoch 372: Time: 0.1248 Cost: 0.0254 Pre: 1.0000 Re: 1.0000 Acc: 1.0000 F1: 1.0000
Epoch 373: Time: 0.1250 Cost: 0.0254 Pre: 1.0000 Re: 1.0000 Acc: 1.0000 F1: 1.0000
Epoch 374: Time: 0.1246 Cost: 0.0254 Pre: 1.0000 Re: 1.0000 Acc: 1.0000 F1: 1.0000
Epoch 375: Time: 0.1265 Cost: 0.0254 Pre: 1.0000 Re: 1.0000 Acc: 1.0000 F1: 1.0000
Epoch 376: Time: 0.1321 Cost: 0.0254 Pre: 1.0000 Re: 1.0000 Acc: 1.0000 F1: 1.0000
Epoch 377: Time: 0.1281 Cost: 0.0253 Pre: 1.0000 Re: 1.0000 Acc: 1.0000 F1: 1.0000
Epoch 378: Time: 0.1250 Cost: 0.0253 Pre: 1.0000 Re: 1.0000 Acc: 1.0000 F1: 1.0000
Epoch 379: Time: 0.1252 Cost: 0.0253 Pre: 1.0000 Re: 1.0000 Acc: 1.0000 F1: 1.0000
Epoch 380: Time: 0.1250 Cost: 0.0252 Pre: 1.0000 Re: 1.0000 Acc: 1.0000 F1: 1.0000


--------------------------------------------------------------------
Eval results: Cost:0.1497 Pre:1.0000 Re:0.9960 Acc:0.9980 F1:0.9980
--------------------------------------------------------------------

Epoch 381: Time: 0.1330 Cost: 0.0252 Pre: 1.0000 Re: 1.0000 Acc: 1.0000 F1: 1.0000
Epoch 382: Time: 0.1264 Cost: 0.0252 Pre: 1.0000 Re: 1.0000 Acc: 1.0000 F1: 1.0000
Epoch 383: Time: 0.1251 Cost: 0.0252 Pre: 1.0000 Re: 1.0000 Acc: 1.0000 F1: 1.0000
Epoch 384: Time: 0.1278 Cost: 0.0251 Pre: 1.0000 Re: 1.0000 Acc: 1.0000 F1: 1.0000
Epoch 385: Time: 0.1264 Cost: 0.0251 Pre: 1.0000 Re: 1.0000 Acc: 1.0000 F1: 1.0000
Epoch 386: Time: 0.1337 Cost: 0.0251 Pre: 1.0000 Re: 1.0000 Acc: 1.0000 F1: 1.0000
Epoch 387: Time: 0.1326 Cost: 0.0251 Pre: 1.0000 Re: 1.0000 Acc: 1.0000 F1: 1.0000
Epoch 388: Time: 0.1319 Cost: 0.0251 Pre: 1.0000 Re: 1.0000 Acc: 1.0000 F1: 1.0000
Epoch 389: Time: 0.1294 Cost: 0.0250 Pre: 1.0000 Re: 1.0000 Acc: 1.0000 F1: 1.0000
Epoch 390: Time: 0.1269 Cost: 0.0250 Pre: 1.0000 Re: 1.0000 Acc: 1.0000 F1: 1.0000


--------------------------------------------------------------------
Eval results: Cost:0.1492 Pre:1.0000 Re:0.9960 Acc:0.9980 F1:0.9980
--------------------------------------------------------------------

Epoch 391: Time: 0.1295 Cost: 0.0249 Pre: 1.0000 Re: 1.0000 Acc: 1.0000 F1: 1.0000
Epoch 392: Time: 0.1301 Cost: 0.0249 Pre: 1.0000 Re: 1.0000 Acc: 1.0000 F1: 1.0000
Epoch 393: Time: 0.1263 Cost: 0.0249 Pre: 1.0000 Re: 1.0000 Acc: 1.0000 F1: 1.0000
Epoch 394: Time: 0.1336 Cost: 0.0249 Pre: 1.0000 Re: 1.0000 Acc: 1.0000 F1: 1.0000
Epoch 395: Time: 0.1258 Cost: 0.0249 Pre: 1.0000 Re: 1.0000 Acc: 1.0000 F1: 1.0000
Epoch 396: Time: 0.1366 Cost: 0.0249 Pre: 1.0000 Re: 1.0000 Acc: 1.0000 F1: 1.0000
Epoch 397: Time: 0.1329 Cost: 0.0248 Pre: 1.0000 Re: 1.0000 Acc: 1.0000 F1: 1.0000
Epoch 398: Time: 0.1306 Cost: 0.0248 Pre: 1.0000 Re: 1.0000 Acc: 1.0000 F1: 1.0000
Epoch 399: Time: 0.1303 Cost: 0.0248 Pre: 1.0000 Re: 1.0000 Acc: 1.0000 F1: 1.0000
Epoch 400: Time: 0.1373 Cost: 0.0248 Pre: 1.0000 Re: 1.0000 Acc: 1.0000 F1: 1.0000


--------------------------------------------------------------------
Eval results: Cost:0.1486 Pre:1.0000 Re:0.9960 Acc:0.9980 F1:0.9980
--------------------------------------------------------------------

Epoch 401: Time: 0.1348 Cost: 0.0247 Pre: 1.0000 Re: 1.0000 Acc: 1.0000 F1: 1.0000
Epoch 402: Time: 0.1359 Cost: 0.0247 Pre: 1.0000 Re: 1.0000 Acc: 1.0000 F1: 1.0000
Epoch 403: Time: 0.1278 Cost: 0.0247 Pre: 1.0000 Re: 1.0000 Acc: 1.0000 F1: 1.0000
Epoch 404: Time: 0.1261 Cost: 0.0247 Pre: 1.0000 Re: 1.0000 Acc: 1.0000 F1: 1.0000
Epoch 405: Time: 0.1267 Cost: 0.0247 Pre: 1.0000 Re: 1.0000 Acc: 1.0000 F1: 1.0000
Epoch 406: Time: 0.1344 Cost: 0.0246 Pre: 1.0000 Re: 1.0000 Acc: 1.0000 F1: 1.0000
Epoch 407: Time: 0.1309 Cost: 0.0246 Pre: 1.0000 Re: 1.0000 Acc: 1.0000 F1: 1.0000
Epoch 408: Time: 0.1262 Cost: 0.0246 Pre: 1.0000 Re: 1.0000 Acc: 1.0000 F1: 1.0000
Epoch 409: Time: 0.1274 Cost: 0.0246 Pre: 1.0000 Re: 1.0000 Acc: 1.0000 F1: 1.0000
Epoch 410: Time: 0.1258 Cost: 0.0246 Pre: 1.0000 Re: 1.0000 Acc: 1.0000 F1: 1.0000


--------------------------------------------------------------------
Eval results: Cost:0.1482 Pre:1.0000 Re:0.9960 Acc:0.9980 F1:0.9980
--------------------------------------------------------------------

Epoch 411: Time: 0.1254 Cost: 0.0245 Pre: 1.0000 Re: 1.0000 Acc: 1.0000 F1: 1.0000
Epoch 412: Time: 0.1289 Cost: 0.0245 Pre: 1.0000 Re: 1.0000 Acc: 1.0000 F1: 1.0000
Epoch 413: Time: 0.1250 Cost: 0.0245 Pre: 1.0000 Re: 1.0000 Acc: 1.0000 F1: 1.0000
Epoch 414: Time: 0.1273 Cost: 0.0245 Pre: 1.0000 Re: 1.0000 Acc: 1.0000 F1: 1.0000
Epoch 415: Time: 0.1335 Cost: 0.0245 Pre: 1.0000 Re: 1.0000 Acc: 1.0000 F1: 1.0000
Epoch 416: Time: 0.1285 Cost: 0.0244 Pre: 1.0000 Re: 1.0000 Acc: 1.0000 F1: 1.0000
Epoch 417: Time: 0.1320 Cost: 0.0244 Pre: 1.0000 Re: 1.0000 Acc: 1.0000 F1: 1.0000
Epoch 418: Time: 0.1272 Cost: 0.0244 Pre: 1.0000 Re: 1.0000 Acc: 1.0000 F1: 1.0000
Epoch 419: Time: 0.1344 Cost: 0.0244 Pre: 1.0000 Re: 1.0000 Acc: 1.0000 F1: 1.0000
Epoch 420: Time: 0.1331 Cost: 0.0243 Pre: 1.0000 Re: 1.0000 Acc: 1.0000 F1: 1.0000


--------------------------------------------------------------------
Eval results: Cost:0.1478 Pre:1.0000 Re:0.9960 Acc:0.9980 F1:0.9980
--------------------------------------------------------------------

Epoch 421: Time: 0.1403 Cost: 0.0243 Pre: 1.0000 Re: 1.0000 Acc: 1.0000 F1: 1.0000
Epoch 422: Time: 0.1360 Cost: 0.0243 Pre: 1.0000 Re: 1.0000 Acc: 1.0000 F1: 1.0000
Epoch 423: Time: 0.1403 Cost: 0.0243 Pre: 1.0000 Re: 1.0000 Acc: 1.0000 F1: 1.0000
Epoch 424: Time: 0.1338 Cost: 0.0243 Pre: 1.0000 Re: 1.0000 Acc: 1.0000 F1: 1.0000
Epoch 425: Time: 0.1318 Cost: 0.0243 Pre: 1.0000 Re: 1.0000 Acc: 1.0000 F1: 1.0000
Epoch 426: Time: 0.1294 Cost: 0.0242 Pre: 1.0000 Re: 1.0000 Acc: 1.0000 F1: 1.0000
Epoch 427: Time: 0.1310 Cost: 0.0242 Pre: 1.0000 Re: 1.0000 Acc: 1.0000 F1: 1.0000
Epoch 428: Time: 0.1328 Cost: 0.0242 Pre: 1.0000 Re: 1.0000 Acc: 1.0000 F1: 1.0000
Epoch 429: Time: 0.1306 Cost: 0.0242 Pre: 1.0000 Re: 1.0000 Acc: 1.0000 F1: 1.0000
Epoch 430: Time: 0.1352 Cost: 0.0242 Pre: 1.0000 Re: 1.0000 Acc: 1.0000 F1: 1.0000


--------------------------------------------------------------------
Eval results: Cost:0.1474 Pre:1.0000 Re:0.9960 Acc:0.9980 F1:0.9980
--------------------------------------------------------------------

Epoch 431: Time: 0.1251 Cost: 0.0241 Pre: 1.0000 Re: 1.0000 Acc: 1.0000 F1: 1.0000
Epoch 432: Time: 0.1283 Cost: 0.0241 Pre: 1.0000 Re: 1.0000 Acc: 1.0000 F1: 1.0000
Epoch 433: Time: 0.1369 Cost: 0.0241 Pre: 1.0000 Re: 1.0000 Acc: 1.0000 F1: 1.0000
Epoch 434: Time: 0.1284 Cost: 0.0241 Pre: 1.0000 Re: 1.0000 Acc: 1.0000 F1: 1.0000
Epoch 435: Time: 0.1332 Cost: 0.0241 Pre: 1.0000 Re: 1.0000 Acc: 1.0000 F1: 1.0000
Epoch 436: Time: 0.1334 Cost: 0.0241 Pre: 1.0000 Re: 1.0000 Acc: 1.0000 F1: 1.0000
Epoch 437: Time: 0.1299 Cost: 0.0240 Pre: 1.0000 Re: 1.0000 Acc: 1.0000 F1: 1.0000
Epoch 438: Time: 0.1305 Cost: 0.0240 Pre: 1.0000 Re: 1.0000 Acc: 1.0000 F1: 1.0000
Epoch 439: Time: 0.1307 Cost: 0.0240 Pre: 1.0000 Re: 1.0000 Acc: 1.0000 F1: 1.0000
Epoch 440: Time: 0.1304 Cost: 0.0240 Pre: 1.0000 Re: 1.0000 Acc: 1.0000 F1: 1.0000


--------------------------------------------------------------------
Eval results: Cost:0.1470 Pre:1.0000 Re:0.9960 Acc:0.9980 F1:0.9980
--------------------------------------------------------------------

Epoch 441: Time: 0.1291 Cost: 0.0240 Pre: 1.0000 Re: 1.0000 Acc: 1.0000 F1: 1.0000
Epoch 442: Time: 0.1301 Cost: 0.0239 Pre: 1.0000 Re: 1.0000 Acc: 1.0000 F1: 1.0000
Epoch 443: Time: 0.1352 Cost: 0.0239 Pre: 1.0000 Re: 1.0000 Acc: 1.0000 F1: 1.0000
Epoch 444: Time: 0.1268 Cost: 0.0239 Pre: 1.0000 Re: 1.0000 Acc: 1.0000 F1: 1.0000
Epoch 445: Time: 0.1248 Cost: 0.0239 Pre: 1.0000 Re: 1.0000 Acc: 1.0000 F1: 1.0000
Epoch 446: Time: 0.1269 Cost: 0.0239 Pre: 1.0000 Re: 1.0000 Acc: 1.0000 F1: 1.0000
Epoch 447: Time: 0.1263 Cost: 0.0239 Pre: 1.0000 Re: 1.0000 Acc: 1.0000 F1: 1.0000
Epoch 448: Time: 0.1287 Cost: 0.0239 Pre: 1.0000 Re: 1.0000 Acc: 1.0000 F1: 1.0000
Epoch 449: Time: 0.1330 Cost: 0.0238 Pre: 1.0000 Re: 1.0000 Acc: 1.0000 F1: 1.0000
Epoch 450: Time: 0.1298 Cost: 0.0238 Pre: 1.0000 Re: 1.0000 Acc: 1.0000 F1: 1.0000


--------------------------------------------------------------------
Eval results: Cost:0.1467 Pre:1.0000 Re:0.9960 Acc:0.9980 F1:0.9980
--------------------------------------------------------------------

Epoch 451: Time: 0.1402 Cost: 0.0238 Pre: 1.0000 Re: 1.0000 Acc: 1.0000 F1: 1.0000
Epoch 452: Time: 0.1306 Cost: 0.0238 Pre: 1.0000 Re: 1.0000 Acc: 1.0000 F1: 1.0000
Epoch 453: Time: 0.1313 Cost: 0.0238 Pre: 1.0000 Re: 1.0000 Acc: 1.0000 F1: 1.0000
Epoch 454: Time: 0.1280 Cost: 0.0238 Pre: 1.0000 Re: 1.0000 Acc: 1.0000 F1: 1.0000
Epoch 455: Time: 0.1279 Cost: 0.0237 Pre: 1.0000 Re: 1.0000 Acc: 1.0000 F1: 1.0000
Epoch 456: Time: 0.1414 Cost: 0.0237 Pre: 1.0000 Re: 1.0000 Acc: 1.0000 F1: 1.0000
Epoch 457: Time: 0.1313 Cost: 0.0237 Pre: 1.0000 Re: 1.0000 Acc: 1.0000 F1: 1.0000
Epoch 458: Time: 0.1362 Cost: 0.0237 Pre: 1.0000 Re: 1.0000 Acc: 1.0000 F1: 1.0000
Epoch 459: Time: 0.1283 Cost: 0.0237 Pre: 1.0000 Re: 1.0000 Acc: 1.0000 F1: 1.0000
Epoch 460: Time: 0.1307 Cost: 0.0237 Pre: 1.0000 Re: 1.0000 Acc: 1.0000 F1: 1.0000


--------------------------------------------------------------------
Eval results: Cost:0.1464 Pre:1.0000 Re:0.9960 Acc:0.9980 F1:0.9980
--------------------------------------------------------------------

Epoch 461: Time: 0.1270 Cost: 0.0236 Pre: 1.0000 Re: 1.0000 Acc: 1.0000 F1: 1.0000
Epoch 462: Time: 0.1258 Cost: 0.0236 Pre: 1.0000 Re: 1.0000 Acc: 1.0000 F1: 1.0000
Epoch 463: Time: 0.1269 Cost: 0.0236 Pre: 1.0000 Re: 1.0000 Acc: 1.0000 F1: 1.0000
Epoch 464: Time: 0.1277 Cost: 0.0236 Pre: 1.0000 Re: 1.0000 Acc: 1.0000 F1: 1.0000
Epoch 465: Time: 0.1288 Cost: 0.0236 Pre: 1.0000 Re: 1.0000 Acc: 1.0000 F1: 1.0000
Epoch 466: Time: 0.1295 Cost: 0.0236 Pre: 1.0000 Re: 1.0000 Acc: 1.0000 F1: 1.0000
Epoch 467: Time: 0.1288 Cost: 0.0236 Pre: 1.0000 Re: 1.0000 Acc: 1.0000 F1: 1.0000
Epoch 468: Time: 0.1320 Cost: 0.0235 Pre: 1.0000 Re: 1.0000 Acc: 1.0000 F1: 1.0000
Epoch 469: Time: 0.1305 Cost: 0.0235 Pre: 1.0000 Re: 1.0000 Acc: 1.0000 F1: 1.0000
Epoch 470: Time: 0.1270 Cost: 0.0235 Pre: 1.0000 Re: 1.0000 Acc: 1.0000 F1: 1.0000


--------------------------------------------------------------------
Eval results: Cost:0.1461 Pre:1.0000 Re:0.9960 Acc:0.9980 F1:0.9980
--------------------------------------------------------------------

Epoch 471: Time: 0.1268 Cost: 0.0235 Pre: 1.0000 Re: 1.0000 Acc: 1.0000 F1: 1.0000
Epoch 472: Time: 0.1263 Cost: 0.0235 Pre: 1.0000 Re: 1.0000 Acc: 1.0000 F1: 1.0000
Epoch 473: Time: 0.1367 Cost: 0.0235 Pre: 1.0000 Re: 1.0000 Acc: 1.0000 F1: 1.0000
Epoch 474: Time: 0.1254 Cost: 0.0235 Pre: 1.0000 Re: 1.0000 Acc: 1.0000 F1: 1.0000
Epoch 475: Time: 0.1300 Cost: 0.0234 Pre: 1.0000 Re: 1.0000 Acc: 1.0000 F1: 1.0000
Epoch 476: Time: 0.1315 Cost: 0.0234 Pre: 1.0000 Re: 1.0000 Acc: 1.0000 F1: 1.0000
Epoch 477: Time: 0.1268 Cost: 0.0234 Pre: 1.0000 Re: 1.0000 Acc: 1.0000 F1: 1.0000
Epoch 478: Time: 0.1295 Cost: 0.0234 Pre: 1.0000 Re: 1.0000 Acc: 1.0000 F1: 1.0000
Epoch 479: Time: 0.1276 Cost: 0.0234 Pre: 1.0000 Re: 1.0000 Acc: 1.0000 F1: 1.0000
Epoch 480: Time: 0.1328 Cost: 0.0234 Pre: 1.0000 Re: 1.0000 Acc: 1.0000 F1: 1.0000


--------------------------------------------------------------------
Eval results: Cost:0.1458 Pre:1.0000 Re:0.9960 Acc:0.9980 F1:0.9980
--------------------------------------------------------------------

Epoch 481: Time: 0.1324 Cost: 0.0233 Pre: 1.0000 Re: 1.0000 Acc: 1.0000 F1: 1.0000
Epoch 482: Time: 0.1251 Cost: 0.0233 Pre: 1.0000 Re: 1.0000 Acc: 1.0000 F1: 1.0000
Epoch 483: Time: 0.1266 Cost: 0.0233 Pre: 1.0000 Re: 1.0000 Acc: 1.0000 F1: 1.0000
Epoch 484: Time: 0.1287 Cost: 0.0233 Pre: 1.0000 Re: 1.0000 Acc: 1.0000 F1: 1.0000
Epoch 485: Time: 0.1271 Cost: 0.0233 Pre: 1.0000 Re: 1.0000 Acc: 1.0000 F1: 1.0000
Epoch 486: Time: 0.1354 Cost: 0.0233 Pre: 1.0000 Re: 1.0000 Acc: 1.0000 F1: 1.0000
Epoch 487: Time: 0.1386 Cost: 0.0233 Pre: 1.0000 Re: 1.0000 Acc: 1.0000 F1: 1.0000
Epoch 488: Time: 0.1348 Cost: 0.0233 Pre: 1.0000 Re: 1.0000 Acc: 1.0000 F1: 1.0000
Epoch 489: Time: 0.1287 Cost: 0.0232 Pre: 1.0000 Re: 1.0000 Acc: 1.0000 F1: 1.0000
Epoch 490: Time: 0.1296 Cost: 0.0232 Pre: 1.0000 Re: 1.0000 Acc: 1.0000 F1: 1.0000


--------------------------------------------------------------------
Eval results: Cost:0.1456 Pre:1.0000 Re:0.9960 Acc:0.9980 F1:0.9980
--------------------------------------------------------------------

Epoch 491: Time: 0.1385 Cost: 0.0232 Pre: 1.0000 Re: 1.0000 Acc: 1.0000 F1: 1.0000
Epoch 492: Time: 0.1290 Cost: 0.0232 Pre: 1.0000 Re: 1.0000 Acc: 1.0000 F1: 1.0000
Epoch 493: Time: 0.1311 Cost: 0.0232 Pre: 1.0000 Re: 1.0000 Acc: 1.0000 F1: 1.0000
Epoch 494: Time: 0.1327 Cost: 0.0232 Pre: 1.0000 Re: 1.0000 Acc: 1.0000 F1: 1.0000
Epoch 495: Time: 0.1267 Cost: 0.0232 Pre: 1.0000 Re: 1.0000 Acc: 1.0000 F1: 1.0000
Epoch 496: Time: 0.1285 Cost: 0.0232 Pre: 1.0000 Re: 1.0000 Acc: 1.0000 F1: 1.0000
Epoch 497: Time: 0.1303 Cost: 0.0231 Pre: 1.0000 Re: 1.0000 Acc: 1.0000 F1: 1.0000
Epoch 498: Time: 0.1284 Cost: 0.0231 Pre: 1.0000 Re: 1.0000 Acc: 1.0000 F1: 1.0000
Epoch 499: Time: 0.1299 Cost: 0.0231 Pre: 1.0000 Re: 1.0000 Acc: 1.0000 F1: 1.0000
Reading model ...
--------------------------------------------------------------------
Test 1000 samples take time: 0.5554
Test results: Cost: 0.0145 Precision: 1.0000 Recall: 0.9960 Accuracy: 0.9980 F1: 0.9980
--------------------------------------------------------------------

