Load data
RNN type: GRU Grammar: SL/SL8/10k/ Seed: 1
Model total parameters: 420
Saving hinit ... 

Epoch 0: Time: 0.3829 Cost: 41.3167 Pre: 0.7532 Re: 0.1672 Acc: 0.5562 F1: 0.2736


--------------------------------------------------------------------
Eval results: Cost:16.1536 Pre:0.8346 Re:0.6086 Acc:0.7440 F1:0.7039
--------------------------------------------------------------------

Epoch 1: Time: 0.3899 Cost: 11.1898 Pre: 0.8452 Re: 0.8946 Acc: 0.8654 F1: 0.8692
Epoch 2: Time: 0.3930 Cost: 4.7514 Pre: 0.9234 Re: 0.9930 Acc: 0.9553 F1: 0.9569
Epoch 3: Time: 0.3964 Cost: 1.2736 Pre: 0.9972 Re: 0.9960 Acc: 0.9966 F1: 0.9966
Epoch 4: Time: 0.3977 Cost: 0.6236 Pre: 0.9986 Re: 0.9976 Acc: 0.9981 F1: 0.9981
Epoch 5: Time: 0.3980 Cost: 0.4283 Pre: 0.9992 Re: 0.9974 Acc: 0.9983 F1: 0.9983
Epoch 6: Time: 0.3979 Cost: 0.3400 Pre: 0.9992 Re: 0.9972 Acc: 0.9982 F1: 0.9982
Epoch 7: Time: 0.3977 Cost: 0.2873 Pre: 0.9994 Re: 0.9972 Acc: 0.9983 F1: 0.9983
Epoch 8: Time: 0.3980 Cost: 0.2518 Pre: 0.9994 Re: 0.9972 Acc: 0.9983 F1: 0.9983
Epoch 9: Time: 0.3988 Cost: 0.2264 Pre: 0.9996 Re: 0.9974 Acc: 0.9985 F1: 0.9985
Epoch 10: Time: 0.3984 Cost: 0.2073 Pre: 0.9998 Re: 0.9974 Acc: 0.9986 F1: 0.9986


--------------------------------------------------------------------
Eval results: Cost:0.1892 Pre:0.9992 Re:0.9988 Acc:0.9990 F1:0.9990
--------------------------------------------------------------------

Epoch 11: Time: 0.3981 Cost: 0.1927 Pre: 0.9998 Re: 0.9974 Acc: 0.9986 F1: 0.9986
Epoch 12: Time: 0.3982 Cost: 0.1818 Pre: 0.9998 Re: 0.9974 Acc: 0.9986 F1: 0.9986
Epoch 13: Time: 0.3979 Cost: 0.1717 Pre: 0.9998 Re: 0.9974 Acc: 0.9986 F1: 0.9986
Epoch 14: Time: 0.3981 Cost: 0.1631 Pre: 0.9998 Re: 0.9974 Acc: 0.9986 F1: 0.9986
Epoch 15: Time: 0.3987 Cost: 0.1556 Pre: 0.9998 Re: 0.9974 Acc: 0.9986 F1: 0.9986
Epoch 16: Time: 0.3984 Cost: 0.1490 Pre: 0.9998 Re: 0.9974 Acc: 0.9986 F1: 0.9986
Epoch 17: Time: 0.3987 Cost: 0.1432 Pre: 0.9998 Re: 0.9976 Acc: 0.9987 F1: 0.9987
Epoch 18: Time: 0.3992 Cost: 0.1381 Pre: 0.9998 Re: 0.9976 Acc: 0.9987 F1: 0.9987
Epoch 19: Time: 0.3984 Cost: 0.1335 Pre: 0.9998 Re: 0.9976 Acc: 0.9987 F1: 0.9987
Epoch 20: Time: 0.3985 Cost: 0.1293 Pre: 0.9998 Re: 0.9976 Acc: 0.9987 F1: 0.9987


--------------------------------------------------------------------
Eval results: Cost:0.1250 Pre:0.9994 Re:0.9992 Acc:0.9993 F1:0.9993
--------------------------------------------------------------------

Epoch 21: Time: 0.3982 Cost: 0.1252 Pre: 0.9998 Re: 0.9978 Acc: 0.9988 F1: 0.9988
Epoch 22: Time: 0.3988 Cost: 0.1225 Pre: 0.9998 Re: 0.9980 Acc: 0.9989 F1: 0.9989
Epoch 23: Time: 0.3984 Cost: 0.1191 Pre: 0.9998 Re: 0.9980 Acc: 0.9989 F1: 0.9989
Epoch 24: Time: 0.3990 Cost: 0.1160 Pre: 0.9998 Re: 0.9980 Acc: 0.9989 F1: 0.9989
Epoch 25: Time: 0.3985 Cost: 0.1131 Pre: 0.9998 Re: 0.9980 Acc: 0.9989 F1: 0.9989
Epoch 26: Time: 0.3985 Cost: 0.1103 Pre: 0.9998 Re: 0.9980 Acc: 0.9989 F1: 0.9989
Epoch 27: Time: 0.3981 Cost: 0.1077 Pre: 0.9998 Re: 0.9980 Acc: 0.9989 F1: 0.9989
Epoch 28: Time: 0.3982 Cost: 0.1052 Pre: 0.9998 Re: 0.9980 Acc: 0.9989 F1: 0.9989
Epoch 29: Time: 0.3991 Cost: 0.1029 Pre: 0.9998 Re: 0.9980 Acc: 0.9989 F1: 0.9989
Epoch 30: Time: 0.3975 Cost: 0.1007 Pre: 0.9998 Re: 0.9980 Acc: 0.9989 F1: 0.9989


--------------------------------------------------------------------
Eval results: Cost:0.0989 Pre:0.9994 Re:0.9994 Acc:0.9994 F1:0.9994
--------------------------------------------------------------------

Epoch 31: Time: 0.3989 Cost: 0.0979 Pre: 0.9998 Re: 0.9984 Acc: 0.9991 F1: 0.9991
Epoch 32: Time: 0.3991 Cost: 0.0967 Pre: 0.9998 Re: 0.9984 Acc: 0.9991 F1: 0.9991
Epoch 33: Time: 0.3981 Cost: 0.0947 Pre: 0.9998 Re: 0.9984 Acc: 0.9991 F1: 0.9991
Epoch 34: Time: 0.3991 Cost: 0.0928 Pre: 0.9998 Re: 0.9984 Acc: 0.9991 F1: 0.9991
Epoch 35: Time: 0.3985 Cost: 0.0908 Pre: 0.9998 Re: 0.9984 Acc: 0.9991 F1: 0.9991
Epoch 36: Time: 0.3989 Cost: 0.0889 Pre: 0.9998 Re: 0.9984 Acc: 0.9991 F1: 0.9991
Epoch 37: Time: 0.3986 Cost: 0.0870 Pre: 0.9998 Re: 0.9984 Acc: 0.9991 F1: 0.9991
Epoch 38: Time: 0.3987 Cost: 0.0852 Pre: 0.9998 Re: 0.9984 Acc: 0.9991 F1: 0.9991
Epoch 39: Time: 0.3985 Cost: 0.0832 Pre: 0.9998 Re: 0.9984 Acc: 0.9991 F1: 0.9991
Epoch 40: Time: 0.3987 Cost: 0.0813 Pre: 0.9998 Re: 0.9986 Acc: 0.9992 F1: 0.9992


--------------------------------------------------------------------
Eval results: Cost:0.0791 Pre:0.9994 Re:0.9996 Acc:0.9995 F1:0.9995
--------------------------------------------------------------------

Epoch 41: Time: 0.3987 Cost: 0.0791 Pre: 0.9998 Re: 0.9988 Acc: 0.9993 F1: 0.9993
Epoch 42: Time: 0.3985 Cost: 0.0773 Pre: 0.9998 Re: 0.9988 Acc: 0.9993 F1: 0.9993
Epoch 43: Time: 0.3982 Cost: 0.0750 Pre: 0.9998 Re: 0.9988 Acc: 0.9993 F1: 0.9993
Epoch 44: Time: 0.3980 Cost: 0.0725 Pre: 0.9998 Re: 0.9988 Acc: 0.9993 F1: 0.9993
Epoch 45: Time: 0.3982 Cost: 0.0699 Pre: 0.9998 Re: 0.9990 Acc: 0.9994 F1: 0.9994
Epoch 46: Time: 0.3981 Cost: 0.0671 Pre: 0.9998 Re: 0.9990 Acc: 0.9994 F1: 0.9994
Epoch 47: Time: 0.3984 Cost: 0.0642 Pre: 0.9998 Re: 0.9994 Acc: 0.9996 F1: 0.9996
Epoch 48: Time: 0.3974 Cost: 0.0614 Pre: 0.9998 Re: 0.9994 Acc: 0.9996 F1: 0.9996
Epoch 49: Time: 0.3985 Cost: 0.0587 Pre: 0.9998 Re: 0.9994 Acc: 0.9996 F1: 0.9996
Epoch 50: Time: 0.3977 Cost: 0.0562 Pre: 0.9998 Re: 0.9994 Acc: 0.9996 F1: 0.9996


--------------------------------------------------------------------
Eval results: Cost:0.0601 Pre:0.9994 Re:0.9996 Acc:0.9995 F1:0.9995
--------------------------------------------------------------------

Epoch 51: Time: 0.3983 Cost: 0.0541 Pre: 0.9998 Re: 0.9994 Acc: 0.9996 F1: 0.9996
Epoch 52: Time: 0.3980 Cost: 0.0522 Pre: 0.9998 Re: 0.9994 Acc: 0.9996 F1: 0.9996
Epoch 53: Time: 0.4001 Cost: 0.0504 Pre: 0.9998 Re: 0.9994 Acc: 0.9996 F1: 0.9996
Epoch 54: Time: 0.4001 Cost: 0.0488 Pre: 0.9998 Re: 0.9994 Acc: 0.9996 F1: 0.9996
Epoch 55: Time: 0.3991 Cost: 0.0474 Pre: 0.9998 Re: 0.9994 Acc: 0.9996 F1: 0.9996
Epoch 56: Time: 0.3993 Cost: 0.0460 Pre: 0.9998 Re: 0.9994 Acc: 0.9996 F1: 0.9996
Epoch 57: Time: 0.3994 Cost: 0.0448 Pre: 0.9998 Re: 0.9994 Acc: 0.9996 F1: 0.9996
Epoch 58: Time: 0.3990 Cost: 0.0436 Pre: 0.9998 Re: 0.9994 Acc: 0.9996 F1: 0.9996
Epoch 59: Time: 0.3998 Cost: 0.0425 Pre: 0.9998 Re: 0.9994 Acc: 0.9996 F1: 0.9996
Epoch 60: Time: 0.3992 Cost: 0.0415 Pre: 0.9998 Re: 0.9994 Acc: 0.9996 F1: 0.9996


--------------------------------------------------------------------
Eval results: Cost:0.0460 Pre:0.9994 Re:0.9996 Acc:0.9995 F1:0.9995
--------------------------------------------------------------------

Epoch 61: Time: 0.4000 Cost: 0.0406 Pre: 0.9998 Re: 0.9994 Acc: 0.9996 F1: 0.9996
Epoch 62: Time: 0.3998 Cost: 0.0397 Pre: 0.9998 Re: 0.9994 Acc: 0.9996 F1: 0.9996
Epoch 63: Time: 0.3995 Cost: 0.0389 Pre: 0.9998 Re: 0.9994 Acc: 0.9996 F1: 0.9996
Epoch 64: Time: 0.3994 Cost: 0.0381 Pre: 0.9998 Re: 0.9996 Acc: 0.9997 F1: 0.9997
Epoch 65: Time: 0.3991 Cost: 0.0373 Pre: 0.9998 Re: 0.9996 Acc: 0.9997 F1: 0.9997
Epoch 66: Time: 0.3988 Cost: 0.0366 Pre: 0.9998 Re: 0.9996 Acc: 0.9997 F1: 0.9997
Epoch 67: Time: 0.3990 Cost: 0.0359 Pre: 0.9998 Re: 0.9996 Acc: 0.9997 F1: 0.9997
Epoch 68: Time: 0.3989 Cost: 0.0353 Pre: 0.9998 Re: 0.9996 Acc: 0.9997 F1: 0.9997
Epoch 69: Time: 0.3995 Cost: 0.0347 Pre: 0.9998 Re: 0.9996 Acc: 0.9997 F1: 0.9997
Epoch 70: Time: 0.3991 Cost: 0.0341 Pre: 1.0000 Re: 0.9996 Acc: 0.9998 F1: 0.9998


--------------------------------------------------------------------
Eval results: Cost:0.0382 Pre:0.9996 Re:0.9996 Acc:0.9996 F1:0.9996
--------------------------------------------------------------------

Epoch 71: Time: 0.3990 Cost: 0.0335 Pre: 1.0000 Re: 0.9996 Acc: 0.9998 F1: 0.9998
Epoch 72: Time: 0.3993 Cost: 0.0330 Pre: 1.0000 Re: 0.9996 Acc: 0.9998 F1: 0.9998
Epoch 73: Time: 0.3990 Cost: 0.0325 Pre: 1.0000 Re: 0.9996 Acc: 0.9998 F1: 0.9998
Epoch 74: Time: 0.3990 Cost: 0.0320 Pre: 1.0000 Re: 0.9996 Acc: 0.9998 F1: 0.9998
Epoch 75: Time: 0.3990 Cost: 0.0315 Pre: 1.0000 Re: 0.9998 Acc: 0.9999 F1: 0.9999
Epoch 76: Time: 0.3995 Cost: 0.0310 Pre: 1.0000 Re: 0.9998 Acc: 0.9999 F1: 0.9999
Epoch 77: Time: 0.3990 Cost: 0.0306 Pre: 1.0000 Re: 0.9998 Acc: 0.9999 F1: 0.9999
Epoch 78: Time: 0.3994 Cost: 0.0301 Pre: 1.0000 Re: 0.9998 Acc: 0.9999 F1: 0.9999
Epoch 79: Time: 0.3993 Cost: 0.0297 Pre: 1.0000 Re: 0.9998 Acc: 0.9999 F1: 0.9999
Epoch 80: Time: 0.3993 Cost: 0.0292 Pre: 1.0000 Re: 0.9998 Acc: 0.9999 F1: 0.9999


--------------------------------------------------------------------
Eval results: Cost:0.0339 Pre:0.9998 Re:0.9996 Acc:0.9997 F1:0.9997
--------------------------------------------------------------------

Epoch 81: Time: 0.3978 Cost: 0.0287 Pre: 1.0000 Re: 0.9998 Acc: 0.9999 F1: 0.9999
Epoch 82: Time: 0.3986 Cost: 0.0284 Pre: 1.0000 Re: 0.9998 Acc: 0.9999 F1: 0.9999
Epoch 83: Time: 0.3995 Cost: 0.0280 Pre: 1.0000 Re: 0.9998 Acc: 0.9999 F1: 0.9999
Epoch 84: Time: 0.3995 Cost: 0.0276 Pre: 1.0000 Re: 0.9998 Acc: 0.9999 F1: 0.9999
Epoch 85: Time: 0.3991 Cost: 0.0272 Pre: 1.0000 Re: 0.9998 Acc: 0.9999 F1: 0.9999
Epoch 86: Time: 0.3990 Cost: 0.0269 Pre: 1.0000 Re: 0.9998 Acc: 0.9999 F1: 0.9999
Epoch 87: Time: 0.3992 Cost: 0.0265 Pre: 1.0000 Re: 0.9998 Acc: 0.9999 F1: 0.9999
Epoch 88: Time: 0.3993 Cost: 0.0262 Pre: 1.0000 Re: 0.9998 Acc: 0.9999 F1: 0.9999
Epoch 89: Time: 0.3989 Cost: 0.0258 Pre: 1.0000 Re: 0.9998 Acc: 0.9999 F1: 0.9999
Epoch 90: Time: 0.3993 Cost: 0.0255 Pre: 1.0000 Re: 0.9998 Acc: 0.9999 F1: 0.9999


--------------------------------------------------------------------
Eval results: Cost:0.0295 Pre:0.9998 Re:0.9998 Acc:0.9998 F1:0.9998
--------------------------------------------------------------------

Epoch 91: Time: 0.3993 Cost: 0.0249 Pre: 1.0000 Re: 0.9998 Acc: 0.9999 F1: 0.9999
Epoch 92: Time: 0.3988 Cost: 0.0249 Pre: 1.0000 Re: 0.9998 Acc: 0.9999 F1: 0.9999
Epoch 93: Time: 0.3991 Cost: 0.0245 Pre: 1.0000 Re: 0.9998 Acc: 0.9999 F1: 0.9999
Epoch 94: Time: 0.3994 Cost: 0.0242 Pre: 1.0000 Re: 0.9998 Acc: 0.9999 F1: 0.9999
Epoch 95: Time: 0.3988 Cost: 0.0239 Pre: 1.0000 Re: 0.9998 Acc: 0.9999 F1: 0.9999
Epoch 96: Time: 0.3992 Cost: 0.0236 Pre: 1.0000 Re: 0.9998 Acc: 0.9999 F1: 0.9999
Epoch 97: Time: 0.3991 Cost: 0.0233 Pre: 1.0000 Re: 0.9998 Acc: 0.9999 F1: 0.9999
Epoch 98: Time: 0.3991 Cost: 0.0230 Pre: 1.0000 Re: 0.9998 Acc: 0.9999 F1: 0.9999
Epoch 99: Time: 0.3991 Cost: 0.0228 Pre: 1.0000 Re: 0.9998 Acc: 0.9999 F1: 0.9999
Epoch 100: Time: 0.3994 Cost: 0.0225 Pre: 1.0000 Re: 0.9998 Acc: 0.9999 F1: 0.9999


--------------------------------------------------------------------
Eval results: Cost:0.0266 Pre:0.9998 Re:0.9998 Acc:0.9998 F1:0.9998
--------------------------------------------------------------------

Epoch 101: Time: 0.3995 Cost: 0.0219 Pre: 1.0000 Re: 0.9998 Acc: 0.9999 F1: 0.9999
Epoch 102: Time: 0.3992 Cost: 0.0220 Pre: 1.0000 Re: 0.9998 Acc: 0.9999 F1: 0.9999
Epoch 103: Time: 0.3994 Cost: 0.0217 Pre: 1.0000 Re: 0.9998 Acc: 0.9999 F1: 0.9999
Epoch 104: Time: 0.3994 Cost: 0.0215 Pre: 1.0000 Re: 0.9998 Acc: 0.9999 F1: 0.9999
Epoch 105: Time: 0.3987 Cost: 0.0212 Pre: 1.0000 Re: 0.9998 Acc: 0.9999 F1: 0.9999
Epoch 106: Time: 0.3990 Cost: 0.0210 Pre: 1.0000 Re: 0.9998 Acc: 0.9999 F1: 0.9999
Epoch 107: Time: 0.3992 Cost: 0.0208 Pre: 1.0000 Re: 0.9998 Acc: 0.9999 F1: 0.9999
Epoch 108: Time: 0.3989 Cost: 0.0206 Pre: 1.0000 Re: 0.9998 Acc: 0.9999 F1: 0.9999
Epoch 109: Time: 0.3987 Cost: 0.0203 Pre: 1.0000 Re: 0.9998 Acc: 0.9999 F1: 0.9999
Epoch 110: Time: 0.3989 Cost: 0.0201 Pre: 1.0000 Re: 0.9998 Acc: 0.9999 F1: 0.9999


--------------------------------------------------------------------
Eval results: Cost:0.0239 Pre:1.0000 Re:0.9998 Acc:0.9999 F1:0.9999
--------------------------------------------------------------------

Epoch 111: Time: 0.3990 Cost: 0.0195 Pre: 1.0000 Re: 0.9998 Acc: 0.9999 F1: 0.9999
Epoch 112: Time: 0.3996 Cost: 0.0197 Pre: 1.0000 Re: 0.9998 Acc: 0.9999 F1: 0.9999
Epoch 113: Time: 0.3993 Cost: 0.0196 Pre: 1.0000 Re: 0.9998 Acc: 0.9999 F1: 0.9999
Epoch 114: Time: 0.3996 Cost: 0.0194 Pre: 1.0000 Re: 0.9998 Acc: 0.9999 F1: 0.9999
Epoch 115: Time: 0.3993 Cost: 0.0192 Pre: 1.0000 Re: 0.9998 Acc: 0.9999 F1: 0.9999
Epoch 116: Time: 0.3995 Cost: 0.0190 Pre: 1.0000 Re: 0.9998 Acc: 0.9999 F1: 0.9999
Epoch 117: Time: 0.3987 Cost: 0.0188 Pre: 1.0000 Re: 0.9998 Acc: 0.9999 F1: 0.9999
Epoch 118: Time: 0.3985 Cost: 0.0186 Pre: 1.0000 Re: 0.9998 Acc: 0.9999 F1: 0.9999
Epoch 119: Time: 0.3978 Cost: 0.0184 Pre: 1.0000 Re: 0.9998 Acc: 0.9999 F1: 0.9999
Epoch 120: Time: 0.3987 Cost: 0.0183 Pre: 1.0000 Re: 0.9998 Acc: 0.9999 F1: 0.9999


--------------------------------------------------------------------
Eval results: Cost:0.0215 Pre:1.0000 Re:0.9998 Acc:0.9999 F1:0.9999
--------------------------------------------------------------------

Epoch 121: Time: 0.3990 Cost: 0.0176 Pre: 1.0000 Re: 0.9998 Acc: 0.9999 F1: 0.9999
Epoch 122: Time: 0.3997 Cost: 0.0179 Pre: 1.0000 Re: 0.9998 Acc: 0.9999 F1: 0.9999
Epoch 123: Time: 0.3986 Cost: 0.0178 Pre: 1.0000 Re: 0.9998 Acc: 0.9999 F1: 0.9999
Epoch 124: Time: 0.4000 Cost: 0.0176 Pre: 1.0000 Re: 0.9998 Acc: 0.9999 F1: 0.9999
Epoch 125: Time: 0.3990 Cost: 0.0175 Pre: 1.0000 Re: 0.9998 Acc: 0.9999 F1: 0.9999
Epoch 126: Time: 0.3998 Cost: 0.0173 Pre: 1.0000 Re: 0.9998 Acc: 0.9999 F1: 0.9999
Epoch 127: Time: 0.3993 Cost: 0.0171 Pre: 1.0000 Re: 0.9998 Acc: 0.9999 F1: 0.9999
Epoch 128: Time: 0.3998 Cost: 0.0170 Pre: 1.0000 Re: 0.9998 Acc: 0.9999 F1: 0.9999
Epoch 129: Time: 0.3992 Cost: 0.0168 Pre: 1.0000 Re: 0.9998 Acc: 0.9999 F1: 0.9999
Epoch 130: Time: 0.3994 Cost: 0.0167 Pre: 1.0000 Re: 0.9998 Acc: 0.9999 F1: 0.9999


--------------------------------------------------------------------
Eval results: Cost:0.0195 Pre:1.0000 Re:0.9998 Acc:0.9999 F1:0.9999
--------------------------------------------------------------------

Epoch 131: Time: 0.3994 Cost: 0.0161 Pre: 1.0000 Re: 0.9998 Acc: 0.9999 F1: 0.9999
Epoch 132: Time: 0.3992 Cost: 0.0164 Pre: 1.0000 Re: 0.9998 Acc: 0.9999 F1: 0.9999
Epoch 133: Time: 0.3988 Cost: 0.0163 Pre: 1.0000 Re: 0.9998 Acc: 0.9999 F1: 0.9999
Epoch 134: Time: 0.3994 Cost: 0.0161 Pre: 1.0000 Re: 0.9998 Acc: 0.9999 F1: 0.9999
Epoch 135: Time: 0.3992 Cost: 0.0160 Pre: 1.0000 Re: 0.9998 Acc: 0.9999 F1: 0.9999
Epoch 136: Time: 0.3994 Cost: 0.0158 Pre: 1.0000 Re: 0.9998 Acc: 0.9999 F1: 0.9999
Epoch 137: Time: 0.3991 Cost: 0.0157 Pre: 1.0000 Re: 0.9998 Acc: 0.9999 F1: 0.9999
Epoch 138: Time: 0.3994 Cost: 0.0156 Pre: 1.0000 Re: 0.9998 Acc: 0.9999 F1: 0.9999
Epoch 139: Time: 0.3989 Cost: 0.0154 Pre: 1.0000 Re: 0.9998 Acc: 0.9999 F1: 0.9999
Epoch 140: Time: 0.3993 Cost: 0.0153 Pre: 1.0000 Re: 0.9998 Acc: 0.9999 F1: 0.9999


--------------------------------------------------------------------
Eval results: Cost:0.0176 Pre:1.0000 Re:0.9998 Acc:0.9999 F1:0.9999
--------------------------------------------------------------------

Epoch 141: Time: 0.3990 Cost: 0.0149 Pre: 1.0000 Re: 0.9998 Acc: 0.9999 F1: 0.9999
Epoch 142: Time: 0.3993 Cost: 0.0150 Pre: 1.0000 Re: 0.9998 Acc: 0.9999 F1: 0.9999
Epoch 143: Time: 0.3990 Cost: 0.0149 Pre: 1.0000 Re: 0.9998 Acc: 0.9999 F1: 0.9999
Epoch 144: Time: 0.3994 Cost: 0.0148 Pre: 1.0000 Re: 0.9998 Acc: 0.9999 F1: 0.9999
Epoch 145: Time: 0.3989 Cost: 0.0147 Pre: 1.0000 Re: 0.9998 Acc: 0.9999 F1: 0.9999
Epoch 146: Time: 0.3991 Cost: 0.0146 Pre: 1.0000 Re: 0.9998 Acc: 0.9999 F1: 0.9999
Epoch 147: Time: 0.3989 Cost: 0.0145 Pre: 1.0000 Re: 0.9998 Acc: 0.9999 F1: 0.9999
Epoch 148: Time: 0.3992 Cost: 0.0143 Pre: 1.0000 Re: 0.9998 Acc: 0.9999 F1: 0.9999
Epoch 149: Time: 0.3979 Cost: 0.0142 Pre: 1.0000 Re: 0.9998 Acc: 0.9999 F1: 0.9999
Epoch 150: Time: 0.3984 Cost: 0.0141 Pre: 1.0000 Re: 0.9998 Acc: 0.9999 F1: 0.9999


--------------------------------------------------------------------
Eval results: Cost:0.0162 Pre:1.0000 Re:0.9998 Acc:0.9999 F1:0.9999
--------------------------------------------------------------------

Epoch 151: Time: 0.3989 Cost: 0.0138 Pre: 1.0000 Re: 0.9998 Acc: 0.9999 F1: 0.9999
Epoch 152: Time: 0.3991 Cost: 0.0139 Pre: 1.0000 Re: 0.9998 Acc: 0.9999 F1: 0.9999
Epoch 153: Time: 0.3995 Cost: 0.0138 Pre: 1.0000 Re: 0.9998 Acc: 0.9999 F1: 0.9999
Epoch 154: Time: 0.4021 Cost: 0.0137 Pre: 1.0000 Re: 0.9998 Acc: 0.9999 F1: 0.9999
Epoch 155: Time: 0.3992 Cost: 0.0136 Pre: 1.0000 Re: 0.9998 Acc: 0.9999 F1: 0.9999
Epoch 156: Time: 0.3994 Cost: 0.0135 Pre: 1.0000 Re: 0.9998 Acc: 0.9999 F1: 0.9999
Epoch 157: Time: 0.3992 Cost: 0.0134 Pre: 1.0000 Re: 0.9998 Acc: 0.9999 F1: 0.9999
Epoch 158: Time: 0.3997 Cost: 0.0133 Pre: 1.0000 Re: 0.9998 Acc: 0.9999 F1: 0.9999
Epoch 159: Time: 0.3989 Cost: 0.0132 Pre: 1.0000 Re: 0.9998 Acc: 0.9999 F1: 0.9999
Epoch 160: Time: 0.3991 Cost: 0.0131 Pre: 1.0000 Re: 0.9998 Acc: 0.9999 F1: 0.9999


--------------------------------------------------------------------
Eval results: Cost:0.0154 Pre:1.0000 Re:0.9998 Acc:0.9999 F1:0.9999
--------------------------------------------------------------------

Epoch 161: Time: 0.3994 Cost: 0.0129 Pre: 1.0000 Re: 0.9998 Acc: 0.9999 F1: 0.9999
Epoch 162: Time: 0.3994 Cost: 0.0129 Pre: 1.0000 Re: 0.9998 Acc: 0.9999 F1: 0.9999
Epoch 163: Time: 0.3994 Cost: 0.0128 Pre: 1.0000 Re: 0.9998 Acc: 0.9999 F1: 0.9999
Epoch 164: Time: 0.3993 Cost: 0.0128 Pre: 1.0000 Re: 0.9998 Acc: 0.9999 F1: 0.9999
Epoch 165: Time: 0.3995 Cost: 0.0127 Pre: 1.0000 Re: 0.9998 Acc: 0.9999 F1: 0.9999
Epoch 166: Time: 0.3996 Cost: 0.0126 Pre: 1.0000 Re: 0.9998 Acc: 0.9999 F1: 0.9999
Epoch 167: Time: 0.3994 Cost: 0.0125 Pre: 1.0000 Re: 0.9998 Acc: 0.9999 F1: 0.9999
Epoch 168: Time: 0.3998 Cost: 0.0124 Pre: 1.0000 Re: 0.9998 Acc: 0.9999 F1: 0.9999
Epoch 169: Time: 0.3993 Cost: 0.0123 Pre: 1.0000 Re: 0.9998 Acc: 0.9999 F1: 0.9999
Epoch 170: Time: 0.3996 Cost: 0.0122 Pre: 1.0000 Re: 0.9998 Acc: 0.9999 F1: 0.9999


--------------------------------------------------------------------
Eval results: Cost:0.0155 Pre:1.0000 Re:0.9998 Acc:0.9999 F1:0.9999
--------------------------------------------------------------------

Epoch 171: Time: 0.3994 Cost: 0.0119 Pre: 1.0000 Re: 0.9998 Acc: 0.9999 F1: 0.9999
Epoch 172: Time: 0.3996 Cost: 0.0120 Pre: 1.0000 Re: 0.9998 Acc: 0.9999 F1: 0.9999
Epoch 173: Time: 0.3993 Cost: 0.0119 Pre: 1.0000 Re: 0.9998 Acc: 0.9999 F1: 0.9999
Epoch 174: Time: 0.3998 Cost: 0.0118 Pre: 1.0000 Re: 0.9998 Acc: 0.9999 F1: 0.9999
Epoch 175: Time: 0.3984 Cost: 0.0117 Pre: 1.0000 Re: 0.9998 Acc: 0.9999 F1: 0.9999
Epoch 176: Time: 0.3991 Cost: 0.0116 Pre: 1.0000 Re: 0.9998 Acc: 0.9999 F1: 0.9999
Epoch 177: Time: 0.3995 Cost: 0.0115 Pre: 1.0000 Re: 0.9998 Acc: 0.9999 F1: 0.9999
Epoch 178: Time: 0.3994 Cost: 0.0114 Pre: 1.0000 Re: 0.9998 Acc: 0.9999 F1: 0.9999
Epoch 179: Time: 0.3998 Cost: 0.0113 Pre: 1.0000 Re: 0.9998 Acc: 0.9999 F1: 0.9999
Epoch 180: Time: 0.3994 Cost: 0.0112 Pre: 1.0000 Re: 0.9998 Acc: 0.9999 F1: 0.9999


--------------------------------------------------------------------
Eval results: Cost:0.0150 Pre:1.0000 Re:0.9998 Acc:0.9999 F1:0.9999
--------------------------------------------------------------------

Epoch 181: Time: 0.3997 Cost: 0.0109 Pre: 1.0000 Re: 0.9998 Acc: 0.9999 F1: 0.9999
Epoch 182: Time: 0.3995 Cost: 0.0110 Pre: 1.0000 Re: 0.9998 Acc: 0.9999 F1: 0.9999
Epoch 183: Time: 0.3996 Cost: 0.0109 Pre: 1.0000 Re: 0.9998 Acc: 0.9999 F1: 0.9999
Epoch 184: Time: 0.3989 Cost: 0.0108 Pre: 1.0000 Re: 0.9998 Acc: 0.9999 F1: 0.9999
Epoch 185: Time: 0.3996 Cost: 0.0107 Pre: 1.0000 Re: 0.9998 Acc: 0.9999 F1: 0.9999
Epoch 186: Time: 0.3994 Cost: 0.0106 Pre: 1.0000 Re: 0.9998 Acc: 0.9999 F1: 0.9999
Epoch 187: Time: 0.3999 Cost: 0.0105 Pre: 1.0000 Re: 0.9998 Acc: 0.9999 F1: 0.9999
Epoch 188: Time: 0.3994 Cost: 0.0104 Pre: 1.0000 Re: 0.9998 Acc: 0.9999 F1: 0.9999
Epoch 189: Time: 0.3993 Cost: 0.0103 Pre: 1.0000 Re: 0.9998 Acc: 0.9999 F1: 0.9999
Epoch 190: Time: 0.3997 Cost: 0.0102 Pre: 1.0000 Re: 0.9998 Acc: 0.9999 F1: 0.9999


--------------------------------------------------------------------
Eval results: Cost:0.0145 Pre:1.0000 Re:0.9998 Acc:0.9999 F1:0.9999
--------------------------------------------------------------------

Epoch 191: Time: 0.4002 Cost: 0.0100 Pre: 1.0000 Re: 0.9998 Acc: 0.9999 F1: 0.9999
Epoch 192: Time: 0.3998 Cost: 0.0100 Pre: 1.0000 Re: 0.9998 Acc: 0.9999 F1: 0.9999
Epoch 193: Time: 0.3999 Cost: 0.0099 Pre: 1.0000 Re: 0.9998 Acc: 0.9999 F1: 0.9999
Epoch 194: Time: 0.4000 Cost: 0.0098 Pre: 1.0000 Re: 0.9998 Acc: 0.9999 F1: 0.9999
Epoch 195: Time: 0.4002 Cost: 0.0097 Pre: 1.0000 Re: 0.9998 Acc: 0.9999 F1: 0.9999
Epoch 196: Time: 0.4002 Cost: 0.0096 Pre: 1.0000 Re: 0.9998 Acc: 0.9999 F1: 0.9999
Epoch 197: Time: 0.4014 Cost: 0.0095 Pre: 1.0000 Re: 0.9998 Acc: 0.9999 F1: 0.9999
Epoch 198: Time: 0.4008 Cost: 0.0094 Pre: 1.0000 Re: 0.9998 Acc: 0.9999 F1: 0.9999
Epoch 199: Time: 0.4008 Cost: 0.0093 Pre: 1.0000 Re: 0.9998 Acc: 0.9999 F1: 0.9999
Epoch 200: Time: 0.4004 Cost: 0.0092 Pre: 1.0000 Re: 0.9998 Acc: 0.9999 F1: 0.9999


--------------------------------------------------------------------
Eval results: Cost:0.0142 Pre:1.0000 Re:0.9998 Acc:0.9999 F1:0.9999
--------------------------------------------------------------------

Epoch 201: Time: 0.4005 Cost: 0.0090 Pre: 1.0000 Re: 0.9998 Acc: 0.9999 F1: 0.9999
Epoch 202: Time: 0.4007 Cost: 0.0090 Pre: 1.0000 Re: 0.9998 Acc: 0.9999 F1: 0.9999
Epoch 203: Time: 0.4001 Cost: 0.0089 Pre: 1.0000 Re: 0.9998 Acc: 0.9999 F1: 0.9999
Epoch 204: Time: 0.4004 Cost: 0.0088 Pre: 1.0000 Re: 0.9998 Acc: 0.9999 F1: 0.9999
Epoch 205: Time: 0.4006 Cost: 0.0087 Pre: 1.0000 Re: 0.9998 Acc: 0.9999 F1: 0.9999
Epoch 206: Time: 0.4000 Cost: 0.0086 Pre: 1.0000 Re: 0.9998 Acc: 0.9999 F1: 0.9999
Epoch 207: Time: 0.4003 Cost: 0.0085 Pre: 1.0000 Re: 0.9998 Acc: 0.9999 F1: 0.9999
Epoch 208: Time: 0.4003 Cost: 0.0084 Pre: 1.0000 Re: 0.9998 Acc: 0.9999 F1: 0.9999
Epoch 209: Time: 0.3998 Cost: 0.0083 Pre: 1.0000 Re: 0.9998 Acc: 0.9999 F1: 0.9999
Epoch 210: Time: 0.4000 Cost: 0.0082 Pre: 1.0000 Re: 0.9998 Acc: 0.9999 F1: 0.9999


--------------------------------------------------------------------
Eval results: Cost:0.0139 Pre:1.0000 Re:0.9998 Acc:0.9999 F1:0.9999
--------------------------------------------------------------------

Epoch 211: Time: 0.3994 Cost: 0.0079 Pre: 1.0000 Re: 0.9998 Acc: 0.9999 F1: 0.9999
Epoch 212: Time: 0.3997 Cost: 0.0079 Pre: 1.0000 Re: 0.9998 Acc: 0.9999 F1: 0.9999
Epoch 213: Time: 0.4000 Cost: 0.0078 Pre: 1.0000 Re: 0.9998 Acc: 0.9999 F1: 0.9999
Epoch 214: Time: 0.4006 Cost: 0.0077 Pre: 1.0000 Re: 0.9998 Acc: 0.9999 F1: 0.9999
Epoch 215: Time: 0.3998 Cost: 0.0076 Pre: 1.0000 Re: 0.9998 Acc: 0.9999 F1: 0.9999
Epoch 216: Time: 0.4001 Cost: 0.0075 Pre: 1.0000 Re: 0.9998 Acc: 0.9999 F1: 0.9999
Epoch 217: Time: 0.3997 Cost: 0.0074 Pre: 1.0000 Re: 0.9998 Acc: 0.9999 F1: 0.9999
Epoch 218: Time: 0.4002 Cost: 0.0073 Pre: 1.0000 Re: 0.9998 Acc: 0.9999 F1: 0.9999
Epoch 219: Time: 0.3999 Cost: 0.0072 Pre: 1.0000 Re: 0.9998 Acc: 0.9999 F1: 0.9999
Epoch 220: Time: 0.3998 Cost: 0.0071 Pre: 1.0000 Re: 0.9998 Acc: 0.9999 F1: 0.9999


--------------------------------------------------------------------
Eval results: Cost:0.0142 Pre:1.0000 Re:0.9998 Acc:0.9999 F1:0.9999
--------------------------------------------------------------------

Epoch 221: Time: 0.3998 Cost: 0.0067 Pre: 1.0000 Re: 0.9998 Acc: 0.9999 F1: 0.9999
Epoch 222: Time: 0.3998 Cost: 0.0068 Pre: 1.0000 Re: 0.9998 Acc: 0.9999 F1: 0.9999
Epoch 223: Time: 0.3996 Cost: 0.0068 Pre: 1.0000 Re: 0.9998 Acc: 0.9999 F1: 0.9999
Epoch 224: Time: 0.3999 Cost: 0.0067 Pre: 1.0000 Re: 0.9998 Acc: 0.9999 F1: 0.9999
Epoch 225: Time: 0.4000 Cost: 0.0066 Pre: 1.0000 Re: 0.9998 Acc: 0.9999 F1: 0.9999
Epoch 226: Time: 0.3998 Cost: 0.0065 Pre: 1.0000 Re: 0.9998 Acc: 0.9999 F1: 0.9999
Epoch 227: Time: 0.4002 Cost: 0.0064 Pre: 1.0000 Re: 0.9998 Acc: 0.9999 F1: 0.9999
Epoch 228: Time: 0.4003 Cost: 0.0063 Pre: 1.0000 Re: 0.9998 Acc: 0.9999 F1: 0.9999
Epoch 229: Time: 0.4000 Cost: 0.0061 Pre: 1.0000 Re: 0.9998 Acc: 0.9999 F1: 0.9999
Epoch 230: Time: 0.4000 Cost: 0.0060 Pre: 1.0000 Re: 0.9998 Acc: 0.9999 F1: 0.9999


--------------------------------------------------------------------
Eval results: Cost:0.0153 Pre:1.0000 Re:0.9998 Acc:0.9999 F1:0.9999
--------------------------------------------------------------------

Epoch 231: Time: 0.3999 Cost: 0.0054 Pre: 1.0000 Re: 0.9998 Acc: 0.9999 F1: 0.9999
Epoch 232: Time: 0.4000 Cost: 0.0058 Pre: 1.0000 Re: 0.9998 Acc: 0.9999 F1: 0.9999
Epoch 233: Time: 0.4004 Cost: 0.0057 Pre: 1.0000 Re: 0.9998 Acc: 0.9999 F1: 0.9999
Epoch 234: Time: 0.4001 Cost: 0.0056 Pre: 1.0000 Re: 0.9998 Acc: 0.9999 F1: 0.9999
Epoch 235: Time: 0.3999 Cost: 0.0055 Pre: 1.0000 Re: 0.9998 Acc: 0.9999 F1: 0.9999
Epoch 236: Time: 0.4002 Cost: 0.0054 Pre: 1.0000 Re: 0.9998 Acc: 0.9999 F1: 0.9999
Epoch 237: Time: 0.3998 Cost: 0.0053 Pre: 1.0000 Re: 0.9998 Acc: 0.9999 F1: 0.9999
Epoch 238: Time: 0.4000 Cost: 0.0052 Pre: 1.0000 Re: 0.9998 Acc: 0.9999 F1: 0.9999
Epoch 239: Time: 0.4001 Cost: 0.0051 Pre: 1.0000 Re: 0.9998 Acc: 0.9999 F1: 0.9999
Epoch 240: Time: 0.4002 Cost: 0.0050 Pre: 1.0000 Re: 0.9998 Acc: 0.9999 F1: 0.9999


--------------------------------------------------------------------
Eval results: Cost:0.0172 Pre:1.0000 Re:0.9998 Acc:0.9999 F1:0.9999
--------------------------------------------------------------------

Epoch 241: Time: 0.4000 Cost: 0.0043 Pre: 1.0000 Re: 1.0000 Acc: 1.0000 F1: 1.0000
Epoch 242: Time: 0.3999 Cost: 0.0048 Pre: 1.0000 Re: 1.0000 Acc: 1.0000 F1: 1.0000
Epoch 243: Time: 0.3999 Cost: 0.0047 Pre: 1.0000 Re: 0.9998 Acc: 0.9999 F1: 0.9999
Epoch 244: Time: 0.4006 Cost: 0.0047 Pre: 1.0000 Re: 1.0000 Acc: 1.0000 F1: 1.0000
Epoch 245: Time: 0.4003 Cost: 0.0046 Pre: 1.0000 Re: 1.0000 Acc: 1.0000 F1: 1.0000
Epoch 246: Time: 0.4005 Cost: 0.0045 Pre: 1.0000 Re: 1.0000 Acc: 1.0000 F1: 1.0000
Epoch 247: Time: 0.4003 Cost: 0.0044 Pre: 1.0000 Re: 1.0000 Acc: 1.0000 F1: 1.0000
Epoch 248: Time: 0.4005 Cost: 0.0043 Pre: 1.0000 Re: 1.0000 Acc: 1.0000 F1: 1.0000
Epoch 249: Time: 0.4002 Cost: 0.0042 Pre: 1.0000 Re: 1.0000 Acc: 1.0000 F1: 1.0000
Epoch 250: Time: 0.4004 Cost: 0.0041 Pre: 1.0000 Re: 1.0000 Acc: 1.0000 F1: 1.0000


--------------------------------------------------------------------
Eval results: Cost:0.0187 Pre:1.0000 Re:0.9998 Acc:0.9999 F1:0.9999
--------------------------------------------------------------------

Epoch 251: Time: 0.4004 Cost: 0.0034 Pre: 1.0000 Re: 1.0000 Acc: 1.0000 F1: 1.0000
Epoch 252: Time: 0.4006 Cost: 0.0039 Pre: 1.0000 Re: 1.0000 Acc: 1.0000 F1: 1.0000
Epoch 253: Time: 0.4002 Cost: 0.0039 Pre: 1.0000 Re: 1.0000 Acc: 1.0000 F1: 1.0000
Epoch 254: Time: 0.4006 Cost: 0.0038 Pre: 1.0000 Re: 1.0000 Acc: 1.0000 F1: 1.0000
Epoch 255: Time: 0.4001 Cost: 0.0038 Pre: 1.0000 Re: 1.0000 Acc: 1.0000 F1: 1.0000
Epoch 256: Time: 0.4005 Cost: 0.0037 Pre: 1.0000 Re: 1.0000 Acc: 1.0000 F1: 1.0000
Epoch 257: Time: 0.4000 Cost: 0.0036 Pre: 1.0000 Re: 1.0000 Acc: 1.0000 F1: 1.0000
Epoch 258: Time: 0.4007 Cost: 0.0035 Pre: 1.0000 Re: 1.0000 Acc: 1.0000 F1: 1.0000
Epoch 259: Time: 0.4004 Cost: 0.0035 Pre: 1.0000 Re: 1.0000 Acc: 1.0000 F1: 1.0000
Epoch 260: Time: 0.4007 Cost: 0.0034 Pre: 1.0000 Re: 1.0000 Acc: 1.0000 F1: 1.0000


--------------------------------------------------------------------
Eval results: Cost:0.0197 Pre:0.9998 Re:0.9998 Acc:0.9998 F1:0.9998
--------------------------------------------------------------------

Epoch 261: Time: 0.4004 Cost: 0.0028 Pre: 1.0000 Re: 1.0000 Acc: 1.0000 F1: 1.0000
Epoch 262: Time: 0.3999 Cost: 0.0032 Pre: 1.0000 Re: 1.0000 Acc: 1.0000 F1: 1.0000
Epoch 263: Time: 0.4003 Cost: 0.0032 Pre: 1.0000 Re: 1.0000 Acc: 1.0000 F1: 1.0000
Epoch 264: Time: 0.4005 Cost: 0.0032 Pre: 1.0000 Re: 1.0000 Acc: 1.0000 F1: 1.0000
Epoch 265: Time: 0.4005 Cost: 0.0031 Pre: 1.0000 Re: 1.0000 Acc: 1.0000 F1: 1.0000
Epoch 266: Time: 0.4005 Cost: 0.0030 Pre: 1.0000 Re: 1.0000 Acc: 1.0000 F1: 1.0000
Epoch 267: Time: 0.4006 Cost: 0.0030 Pre: 1.0000 Re: 1.0000 Acc: 1.0000 F1: 1.0000
Epoch 268: Time: 0.4004 Cost: 0.0029 Pre: 1.0000 Re: 1.0000 Acc: 1.0000 F1: 1.0000
Epoch 269: Time: 0.4007 Cost: 0.0029 Pre: 1.0000 Re: 1.0000 Acc: 1.0000 F1: 1.0000
Epoch 270: Time: 0.4002 Cost: 0.0028 Pre: 1.0000 Re: 1.0000 Acc: 1.0000 F1: 1.0000


--------------------------------------------------------------------
Eval results: Cost:0.0207 Pre:0.9998 Re:0.9998 Acc:0.9998 F1:0.9998
--------------------------------------------------------------------

Early stopping...
--------------------------------------------------------------------
Eval results: Cost:0.0207 Pre:0.9998 Re:0.9998 Acc:0.9998 F1:0.9998
--------------------------------------------------------------------
Test 10000 samples take time: 2.3406
Test results: Cost:0.0072 Pre:0.9988 Re:0.9994 Acc:0.9991 F1:0.9991
--------------------------------------------------------------------

