Load data
RNN type: UNI Grammar: SL/SL8/10k/ Seed: 1
Model total parameters: 550
Saving hinit ... 

Epoch 0: Time: 0.4719 Cost: 92.9333 Pre: 0.4711 Re: 0.3714 Acc: 0.4772 F1: 0.4153


--------------------------------------------------------------------
Eval results: Cost:58.6794 Pre:0.6294 Re:0.5614 Acc:0.6154 F1:0.5934
--------------------------------------------------------------------

Epoch 1: Time: 0.4705 Cost: 45.6729 Pre: 0.6787 Re: 0.6058 Acc: 0.6595 F1: 0.6402
Epoch 2: Time: 0.4690 Cost: 12.3758 Pre: 0.8530 Re: 0.9144 Acc: 0.8784 F1: 0.8826
Epoch 3: Time: 0.4686 Cost: 3.2979 Pre: 0.9669 Re: 0.9810 Acc: 0.9737 F1: 0.9739
Epoch 4: Time: 0.4679 Cost: 2.1060 Pre: 0.9699 Re: 0.9912 Acc: 0.9802 F1: 0.9804
Epoch 5: Time: 0.4682 Cost: 1.6163 Pre: 0.9719 Re: 0.9944 Acc: 0.9828 F1: 0.9830
Epoch 6: Time: 0.4682 Cost: 1.2608 Pre: 0.9799 Re: 0.9964 Acc: 0.9880 F1: 0.9881
Epoch 7: Time: 0.4679 Cost: 1.0671 Pre: 0.9830 Re: 0.9968 Acc: 0.9898 F1: 0.9899
Epoch 8: Time: 0.4674 Cost: 0.9537 Pre: 0.9840 Re: 0.9974 Acc: 0.9906 F1: 0.9907
Epoch 9: Time: 0.4671 Cost: 0.8729 Pre: 0.9848 Re: 0.9976 Acc: 0.9911 F1: 0.9912
Epoch 10: Time: 0.4674 Cost: 0.8103 Pre: 0.9875 Re: 0.9978 Acc: 0.9926 F1: 0.9926


--------------------------------------------------------------------
Eval results: Cost:1.3042 Pre:0.9690 Re:0.9992 Acc:0.9836 F1:0.9839
--------------------------------------------------------------------

Epoch 11: Time: 0.4669 Cost: 0.7562 Pre: 0.9895 Re: 0.9980 Acc: 0.9937 F1: 0.9937
Epoch 12: Time: 0.4667 Cost: 0.7265 Pre: 0.9915 Re: 0.9982 Acc: 0.9948 F1: 0.9948
Epoch 13: Time: 0.4662 Cost: 0.6909 Pre: 0.9915 Re: 0.9982 Acc: 0.9948 F1: 0.9948
Epoch 14: Time: 0.4655 Cost: 0.6620 Pre: 0.9915 Re: 0.9982 Acc: 0.9948 F1: 0.9948
Epoch 15: Time: 0.4662 Cost: 0.6374 Pre: 0.9915 Re: 0.9982 Acc: 0.9948 F1: 0.9948
Epoch 16: Time: 0.4667 Cost: 0.6165 Pre: 0.9917 Re: 0.9982 Acc: 0.9949 F1: 0.9949
Epoch 17: Time: 0.4653 Cost: 0.5973 Pre: 0.9917 Re: 0.9982 Acc: 0.9949 F1: 0.9949
Epoch 18: Time: 0.4660 Cost: 0.5756 Pre: 0.9917 Re: 0.9984 Acc: 0.9950 F1: 0.9950
Epoch 19: Time: 0.4653 Cost: 0.5538 Pre: 0.9917 Re: 0.9986 Acc: 0.9951 F1: 0.9951
Epoch 20: Time: 0.4646 Cost: 0.5306 Pre: 0.9917 Re: 0.9986 Acc: 0.9951 F1: 0.9951


--------------------------------------------------------------------
Eval results: Cost:0.8175 Pre:0.9825 Re:0.9998 Acc:0.9910 F1:0.9911
--------------------------------------------------------------------

Epoch 21: Time: 0.4647 Cost: 0.4913 Pre: 0.9917 Re: 0.9988 Acc: 0.9952 F1: 0.9952
Epoch 22: Time: 0.4654 Cost: 0.4735 Pre: 0.9917 Re: 0.9988 Acc: 0.9952 F1: 0.9952
Epoch 23: Time: 0.4657 Cost: 0.4329 Pre: 0.9928 Re: 0.9988 Acc: 0.9958 F1: 0.9958
Epoch 24: Time: 0.4650 Cost: 0.3838 Pre: 0.9944 Re: 0.9990 Acc: 0.9967 F1: 0.9967
Epoch 25: Time: 0.4645 Cost: 0.3428 Pre: 0.9960 Re: 0.9990 Acc: 0.9975 F1: 0.9975
Epoch 26: Time: 0.4641 Cost: 0.3173 Pre: 0.9962 Re: 0.9990 Acc: 0.9976 F1: 0.9976
Epoch 27: Time: 0.4641 Cost: 0.3028 Pre: 0.9962 Re: 0.9990 Acc: 0.9976 F1: 0.9976
Epoch 28: Time: 0.4646 Cost: 0.2936 Pre: 0.9962 Re: 0.9990 Acc: 0.9976 F1: 0.9976
Epoch 29: Time: 0.4635 Cost: 0.2818 Pre: 0.9962 Re: 0.9990 Acc: 0.9976 F1: 0.9976
Epoch 30: Time: 0.4636 Cost: 0.2715 Pre: 0.9962 Re: 0.9990 Acc: 0.9976 F1: 0.9976


--------------------------------------------------------------------
Eval results: Cost:0.3282 Pre:0.9942 Re:0.9998 Acc:0.9970 F1:0.9970
--------------------------------------------------------------------

Epoch 31: Time: 0.4627 Cost: 0.2450 Pre: 0.9962 Re: 0.9990 Acc: 0.9976 F1: 0.9976
Epoch 32: Time: 0.4625 Cost: 0.2282 Pre: 0.9966 Re: 0.9990 Acc: 0.9978 F1: 0.9978
Epoch 33: Time: 0.4622 Cost: 0.2064 Pre: 0.9970 Re: 0.9992 Acc: 0.9981 F1: 0.9981
Epoch 34: Time: 0.4624 Cost: 0.2038 Pre: 0.9984 Re: 0.9992 Acc: 0.9988 F1: 0.9988
Epoch 35: Time: 0.4623 Cost: 0.1711 Pre: 0.9990 Re: 0.9992 Acc: 0.9991 F1: 0.9991
Epoch 36: Time: 0.4630 Cost: 0.1705 Pre: 0.9990 Re: 0.9992 Acc: 0.9991 F1: 0.9991
Epoch 37: Time: 0.4651 Cost: 0.1467 Pre: 0.9990 Re: 0.9992 Acc: 0.9991 F1: 0.9991
Epoch 38: Time: 0.4638 Cost: 0.1531 Pre: 0.9992 Re: 0.9992 Acc: 0.9992 F1: 0.9992
Epoch 39: Time: 0.4634 Cost: 0.1296 Pre: 0.9994 Re: 0.9992 Acc: 0.9993 F1: 0.9993
Epoch 40: Time: 0.4630 Cost: 0.1243 Pre: 0.9994 Re: 0.9992 Acc: 0.9993 F1: 0.9993


--------------------------------------------------------------------
Eval results: Cost:0.1899 Pre:0.9976 Re:0.9998 Acc:0.9987 F1:0.9987
--------------------------------------------------------------------

Epoch 41: Time: 0.4601 Cost: 0.1137 Pre: 0.9996 Re: 0.9992 Acc: 0.9994 F1: 0.9994
Epoch 42: Time: 0.4594 Cost: 0.1185 Pre: 0.9996 Re: 0.9992 Acc: 0.9994 F1: 0.9994
Epoch 43: Time: 0.4603 Cost: 0.1289 Pre: 0.9996 Re: 0.9992 Acc: 0.9994 F1: 0.9994
Epoch 44: Time: 0.4592 Cost: 0.1080 Pre: 0.9996 Re: 0.9992 Acc: 0.9994 F1: 0.9994
Epoch 45: Time: 0.4595 Cost: 0.1086 Pre: 0.9996 Re: 0.9992 Acc: 0.9994 F1: 0.9994
Epoch 46: Time: 0.4593 Cost: 0.1136 Pre: 0.9996 Re: 0.9992 Acc: 0.9994 F1: 0.9994
Epoch 47: Time: 0.4587 Cost: 0.0975 Pre: 0.9996 Re: 0.9992 Acc: 0.9994 F1: 0.9994
Epoch 48: Time: 0.4597 Cost: 0.1053 Pre: 0.9998 Re: 0.9992 Acc: 0.9995 F1: 0.9995
Epoch 49: Time: 0.4588 Cost: 0.0900 Pre: 0.9998 Re: 0.9992 Acc: 0.9995 F1: 0.9995
Epoch 50: Time: 0.4587 Cost: 0.1049 Pre: 0.9998 Re: 0.9992 Acc: 0.9995 F1: 0.9995


--------------------------------------------------------------------
Eval results: Cost:0.1337 Pre:0.9984 Re:0.9996 Acc:0.9990 F1:0.9990
--------------------------------------------------------------------

Epoch 51: Time: 0.4589 Cost: 0.0841 Pre: 0.9998 Re: 0.9992 Acc: 0.9995 F1: 0.9995
Epoch 52: Time: 0.4592 Cost: 0.0856 Pre: 0.9998 Re: 0.9992 Acc: 0.9995 F1: 0.9995
Epoch 53: Time: 0.4587 Cost: 0.0837 Pre: 0.9998 Re: 0.9992 Acc: 0.9995 F1: 0.9995
Epoch 54: Time: 0.4583 Cost: 0.0951 Pre: 0.9998 Re: 0.9992 Acc: 0.9995 F1: 0.9995
Epoch 55: Time: 0.4584 Cost: 0.0804 Pre: 0.9998 Re: 0.9992 Acc: 0.9995 F1: 0.9995
Epoch 56: Time: 0.4588 Cost: 0.0786 Pre: 0.9998 Re: 0.9992 Acc: 0.9995 F1: 0.9995
Epoch 57: Time: 0.4589 Cost: 0.0807 Pre: 0.9998 Re: 0.9992 Acc: 0.9995 F1: 0.9995
Epoch 58: Time: 0.4583 Cost: 0.0771 Pre: 0.9998 Re: 0.9992 Acc: 0.9995 F1: 0.9995
Epoch 59: Time: 0.4583 Cost: 0.0879 Pre: 0.9998 Re: 0.9992 Acc: 0.9995 F1: 0.9995
Epoch 60: Time: 0.4582 Cost: 0.0725 Pre: 0.9998 Re: 0.9992 Acc: 0.9995 F1: 0.9995


--------------------------------------------------------------------
Eval results: Cost:0.1050 Pre:0.9984 Re:0.9998 Acc:0.9991 F1:0.9991
--------------------------------------------------------------------

Epoch 61: Time: 0.4588 Cost: 0.0669 Pre: 0.9998 Re: 0.9992 Acc: 0.9995 F1: 0.9995
Epoch 62: Time: 0.4583 Cost: 0.0809 Pre: 0.9998 Re: 0.9992 Acc: 0.9995 F1: 0.9995
Epoch 63: Time: 0.4582 Cost: 0.0748 Pre: 0.9998 Re: 0.9994 Acc: 0.9996 F1: 0.9996
Epoch 64: Time: 0.4586 Cost: 0.0732 Pre: 0.9998 Re: 0.9994 Acc: 0.9996 F1: 0.9996
Epoch 65: Time: 0.4580 Cost: 0.0683 Pre: 0.9998 Re: 0.9992 Acc: 0.9995 F1: 0.9995
Epoch 66: Time: 0.4590 Cost: 0.0729 Pre: 0.9998 Re: 0.9992 Acc: 0.9995 F1: 0.9995
Epoch 67: Time: 0.4580 Cost: 0.0679 Pre: 0.9998 Re: 0.9992 Acc: 0.9995 F1: 0.9995
Epoch 68: Time: 0.4579 Cost: 0.0694 Pre: 0.9998 Re: 0.9992 Acc: 0.9995 F1: 0.9995
Epoch 69: Time: 0.4581 Cost: 0.0760 Pre: 0.9998 Re: 0.9994 Acc: 0.9996 F1: 0.9996
Epoch 70: Time: 0.4582 Cost: 0.0665 Pre: 0.9998 Re: 0.9992 Acc: 0.9995 F1: 0.9995


--------------------------------------------------------------------
Eval results: Cost:0.1012 Pre:0.9986 Re:0.9998 Acc:0.9992 F1:0.9992
--------------------------------------------------------------------

Epoch 71: Time: 0.4581 Cost: 0.0619 Pre: 0.9998 Re: 0.9994 Acc: 0.9996 F1: 0.9996
Epoch 72: Time: 0.4585 Cost: 0.0704 Pre: 0.9998 Re: 0.9994 Acc: 0.9996 F1: 0.9996
Epoch 73: Time: 0.4583 Cost: 0.0629 Pre: 0.9998 Re: 0.9994 Acc: 0.9996 F1: 0.9996
Epoch 74: Time: 0.4584 Cost: 0.0641 Pre: 0.9998 Re: 0.9992 Acc: 0.9995 F1: 0.9995
Epoch 75: Time: 0.4588 Cost: 0.0630 Pre: 0.9998 Re: 0.9994 Acc: 0.9996 F1: 0.9996
Epoch 76: Time: 0.4583 Cost: 0.0623 Pre: 0.9998 Re: 0.9994 Acc: 0.9996 F1: 0.9996
Epoch 77: Time: 0.4585 Cost: 0.0649 Pre: 0.9998 Re: 0.9994 Acc: 0.9996 F1: 0.9996
Epoch 78: Time: 0.4580 Cost: 0.0577 Pre: 0.9998 Re: 0.9994 Acc: 0.9996 F1: 0.9996
Epoch 79: Time: 0.4581 Cost: 0.0647 Pre: 0.9998 Re: 0.9994 Acc: 0.9996 F1: 0.9996
Epoch 80: Time: 0.4580 Cost: 0.0641 Pre: 0.9998 Re: 0.9996 Acc: 0.9997 F1: 0.9997


--------------------------------------------------------------------
Eval results: Cost:0.0807 Pre:0.9988 Re:0.9998 Acc:0.9993 F1:0.9993
--------------------------------------------------------------------

Epoch 81: Time: 0.4584 Cost: 0.0569 Pre: 0.9998 Re: 0.9996 Acc: 0.9997 F1: 0.9997
Epoch 82: Time: 0.4580 Cost: 0.0588 Pre: 0.9998 Re: 0.9994 Acc: 0.9996 F1: 0.9996
Epoch 83: Time: 0.4584 Cost: 0.0601 Pre: 0.9998 Re: 0.9994 Acc: 0.9996 F1: 0.9996
Epoch 84: Time: 0.4586 Cost: 0.0596 Pre: 0.9998 Re: 0.9996 Acc: 0.9997 F1: 0.9997
Epoch 85: Time: 0.4588 Cost: 0.0660 Pre: 0.9998 Re: 0.9996 Acc: 0.9997 F1: 0.9997
Epoch 86: Time: 0.4581 Cost: 0.0565 Pre: 0.9998 Re: 0.9996 Acc: 0.9997 F1: 0.9997
Epoch 87: Time: 0.4578 Cost: 0.0621 Pre: 0.9998 Re: 0.9996 Acc: 0.9997 F1: 0.9997
Epoch 88: Time: 0.4576 Cost: 0.0615 Pre: 0.9998 Re: 0.9996 Acc: 0.9997 F1: 0.9997
Epoch 89: Time: 0.4581 Cost: 0.0602 Pre: 0.9998 Re: 0.9996 Acc: 0.9997 F1: 0.9997
Epoch 90: Time: 0.4576 Cost: 0.0556 Pre: 0.9998 Re: 0.9996 Acc: 0.9997 F1: 0.9997


--------------------------------------------------------------------
Eval results: Cost:0.0750 Pre:0.9990 Re:0.9998 Acc:0.9994 F1:0.9994
--------------------------------------------------------------------

Epoch 91: Time: 0.4580 Cost: 0.0524 Pre: 0.9998 Re: 0.9996 Acc: 0.9997 F1: 0.9997
Epoch 92: Time: 0.4575 Cost: 0.0601 Pre: 0.9998 Re: 0.9996 Acc: 0.9997 F1: 0.9997
Epoch 93: Time: 0.4572 Cost: 0.0570 Pre: 0.9998 Re: 0.9996 Acc: 0.9997 F1: 0.9997
Epoch 94: Time: 0.4580 Cost: 0.0567 Pre: 0.9998 Re: 0.9996 Acc: 0.9997 F1: 0.9997
Epoch 95: Time: 0.4583 Cost: 0.0542 Pre: 0.9998 Re: 0.9996 Acc: 0.9997 F1: 0.9997
Epoch 96: Time: 0.4583 Cost: 0.0645 Pre: 0.9998 Re: 0.9996 Acc: 0.9997 F1: 0.9997
Epoch 97: Time: 0.4588 Cost: 0.0566 Pre: 0.9998 Re: 0.9996 Acc: 0.9997 F1: 0.9997
Epoch 98: Time: 0.4579 Cost: 0.0611 Pre: 0.9998 Re: 0.9996 Acc: 0.9997 F1: 0.9997
Epoch 99: Time: 0.4577 Cost: 0.0506 Pre: 0.9998 Re: 0.9996 Acc: 0.9997 F1: 0.9997
Epoch 100: Time: 0.4568 Cost: 0.0572 Pre: 0.9998 Re: 0.9996 Acc: 0.9997 F1: 0.9997


--------------------------------------------------------------------
Eval results: Cost:0.0740 Pre:0.9990 Re:0.9998 Acc:0.9994 F1:0.9994
--------------------------------------------------------------------

Epoch 101: Time: 0.4576 Cost: 0.0512 Pre: 0.9998 Re: 0.9996 Acc: 0.9997 F1: 0.9997
Epoch 102: Time: 0.4571 Cost: 0.0590 Pre: 0.9998 Re: 0.9996 Acc: 0.9997 F1: 0.9997
Epoch 103: Time: 0.4575 Cost: 0.0500 Pre: 0.9998 Re: 0.9996 Acc: 0.9997 F1: 0.9997
Epoch 104: Time: 0.4576 Cost: 0.0597 Pre: 0.9998 Re: 0.9996 Acc: 0.9997 F1: 0.9997
Epoch 105: Time: 0.4575 Cost: 0.0518 Pre: 0.9998 Re: 0.9996 Acc: 0.9997 F1: 0.9997
Epoch 106: Time: 0.4563 Cost: 0.0516 Pre: 0.9998 Re: 0.9996 Acc: 0.9997 F1: 0.9997
Epoch 107: Time: 0.4561 Cost: 0.0504 Pre: 0.9998 Re: 0.9996 Acc: 0.9997 F1: 0.9997
Epoch 108: Time: 0.4577 Cost: 0.0521 Pre: 0.9998 Re: 0.9996 Acc: 0.9997 F1: 0.9997
Epoch 109: Time: 0.4577 Cost: 0.0515 Pre: 0.9998 Re: 0.9996 Acc: 0.9997 F1: 0.9997
Epoch 110: Time: 0.4572 Cost: 0.0498 Pre: 0.9998 Re: 0.9996 Acc: 0.9997 F1: 0.9997


--------------------------------------------------------------------
Eval results: Cost:0.0644 Pre:0.9990 Re:0.9998 Acc:0.9994 F1:0.9994
--------------------------------------------------------------------

Epoch 111: Time: 0.4578 Cost: 0.0507 Pre: 0.9998 Re: 0.9996 Acc: 0.9997 F1: 0.9997
Epoch 112: Time: 0.4573 Cost: 0.0480 Pre: 0.9998 Re: 0.9996 Acc: 0.9997 F1: 0.9997
Epoch 113: Time: 0.4574 Cost: 0.0490 Pre: 0.9998 Re: 0.9996 Acc: 0.9997 F1: 0.9997
Epoch 114: Time: 0.4574 Cost: 0.0539 Pre: 0.9998 Re: 0.9996 Acc: 0.9997 F1: 0.9997
Epoch 115: Time: 0.4575 Cost: 0.0461 Pre: 0.9998 Re: 0.9996 Acc: 0.9997 F1: 0.9997
Epoch 116: Time: 0.4569 Cost: 0.0543 Pre: 0.9998 Re: 0.9996 Acc: 0.9997 F1: 0.9997
Epoch 117: Time: 0.4573 Cost: 0.0459 Pre: 0.9998 Re: 0.9996 Acc: 0.9997 F1: 0.9997
Epoch 118: Time: 0.4571 Cost: 0.0495 Pre: 0.9998 Re: 0.9996 Acc: 0.9997 F1: 0.9997
Epoch 119: Time: 0.4574 Cost: 0.0557 Pre: 0.9998 Re: 0.9996 Acc: 0.9997 F1: 0.9997
Epoch 120: Time: 0.4570 Cost: 0.0476 Pre: 0.9998 Re: 0.9996 Acc: 0.9997 F1: 0.9997


--------------------------------------------------------------------
Eval results: Cost:0.0612 Pre:0.9992 Re:0.9998 Acc:0.9995 F1:0.9995
--------------------------------------------------------------------

Epoch 121: Time: 0.4572 Cost: 0.0506 Pre: 0.9998 Re: 0.9996 Acc: 0.9997 F1: 0.9997
Epoch 122: Time: 0.4576 Cost: 0.0459 Pre: 0.9998 Re: 0.9996 Acc: 0.9997 F1: 0.9997
Epoch 123: Time: 0.4571 Cost: 0.0456 Pre: 0.9998 Re: 0.9996 Acc: 0.9997 F1: 0.9997
Epoch 124: Time: 0.4579 Cost: 0.0462 Pre: 0.9998 Re: 0.9996 Acc: 0.9997 F1: 0.9997
Epoch 125: Time: 0.4575 Cost: 0.0506 Pre: 0.9998 Re: 0.9996 Acc: 0.9997 F1: 0.9997
Epoch 126: Time: 0.4566 Cost: 0.0473 Pre: 0.9998 Re: 0.9996 Acc: 0.9997 F1: 0.9997
Epoch 127: Time: 0.4577 Cost: 0.0448 Pre: 0.9998 Re: 0.9996 Acc: 0.9997 F1: 0.9997
Epoch 128: Time: 0.4579 Cost: 0.0507 Pre: 0.9998 Re: 0.9996 Acc: 0.9997 F1: 0.9997
Epoch 129: Time: 0.4568 Cost: 0.0501 Pre: 0.9998 Re: 0.9996 Acc: 0.9997 F1: 0.9997
Epoch 130: Time: 0.4570 Cost: 0.0443 Pre: 0.9998 Re: 0.9996 Acc: 0.9997 F1: 0.9997


--------------------------------------------------------------------
Eval results: Cost:0.0586 Pre:0.9992 Re:0.9998 Acc:0.9995 F1:0.9995
--------------------------------------------------------------------

Epoch 131: Time: 0.4571 Cost: 0.0427 Pre: 0.9998 Re: 0.9996 Acc: 0.9997 F1: 0.9997
Epoch 132: Time: 0.4564 Cost: 0.0429 Pre: 0.9998 Re: 0.9996 Acc: 0.9997 F1: 0.9997
Epoch 133: Time: 0.4575 Cost: 0.0512 Pre: 0.9998 Re: 0.9996 Acc: 0.9997 F1: 0.9997
Epoch 134: Time: 0.4568 Cost: 0.0442 Pre: 0.9998 Re: 0.9996 Acc: 0.9997 F1: 0.9997
Epoch 135: Time: 0.4553 Cost: 0.0435 Pre: 0.9998 Re: 0.9996 Acc: 0.9997 F1: 0.9997
Epoch 136: Time: 0.4571 Cost: 0.0488 Pre: 0.9998 Re: 0.9996 Acc: 0.9997 F1: 0.9997
Epoch 137: Time: 0.4563 Cost: 0.0461 Pre: 0.9998 Re: 0.9996 Acc: 0.9997 F1: 0.9997
Epoch 138: Time: 0.4577 Cost: 0.0428 Pre: 0.9998 Re: 0.9996 Acc: 0.9997 F1: 0.9997
Epoch 139: Time: 0.4563 Cost: 0.0495 Pre: 0.9998 Re: 0.9996 Acc: 0.9997 F1: 0.9997
Epoch 140: Time: 0.4570 Cost: 0.0353 Pre: 1.0000 Re: 0.9996 Acc: 0.9998 F1: 0.9998


--------------------------------------------------------------------
Eval results: Cost:0.0596 Pre:0.9992 Re:0.9998 Acc:0.9995 F1:0.9995
--------------------------------------------------------------------

Epoch 141: Time: 0.4571 Cost: 0.0422 Pre: 0.9998 Re: 0.9996 Acc: 0.9997 F1: 0.9997
Epoch 142: Time: 0.4569 Cost: 0.0406 Pre: 0.9998 Re: 0.9996 Acc: 0.9997 F1: 0.9997
Epoch 143: Time: 0.4560 Cost: 0.0425 Pre: 0.9998 Re: 0.9996 Acc: 0.9997 F1: 0.9997
Epoch 144: Time: 0.4570 Cost: 0.0470 Pre: 0.9998 Re: 0.9996 Acc: 0.9997 F1: 0.9997
Epoch 145: Time: 0.4569 Cost: 0.0419 Pre: 0.9998 Re: 0.9996 Acc: 0.9997 F1: 0.9997
Epoch 146: Time: 0.4568 Cost: 0.0492 Pre: 0.9998 Re: 0.9996 Acc: 0.9997 F1: 0.9997
Epoch 147: Time: 0.4571 Cost: 0.0425 Pre: 0.9998 Re: 0.9996 Acc: 0.9997 F1: 0.9997
Epoch 148: Time: 0.4571 Cost: 0.0461 Pre: 0.9998 Re: 0.9996 Acc: 0.9997 F1: 0.9997
Epoch 149: Time: 0.4570 Cost: 0.2053 Pre: 0.9998 Re: 0.9996 Acc: 0.9997 F1: 0.9997
Epoch 150: Time: 0.4564 Cost: 0.2779 Pre: 0.9998 Re: 0.9996 Acc: 0.9997 F1: 0.9997


--------------------------------------------------------------------
Eval results: Cost:0.0624 Pre:0.9994 Re:0.9996 Acc:0.9995 F1:0.9995
--------------------------------------------------------------------

Epoch 151: Time: 0.4563 Cost: 0.0331 Pre: 1.0000 Re: 0.9996 Acc: 0.9998 F1: 0.9998
Epoch 152: Time: 0.4556 Cost: 0.0447 Pre: 0.9998 Re: 0.9996 Acc: 0.9997 F1: 0.9997
Epoch 153: Time: 0.4564 Cost: 0.1174 Pre: 0.9994 Re: 0.9996 Acc: 0.9995 F1: 0.9995
Epoch 154: Time: 0.4563 Cost: 0.0417 Pre: 0.9998 Re: 0.9996 Acc: 0.9997 F1: 0.9997
Epoch 155: Time: 0.4566 Cost: 0.0430 Pre: 0.9998 Re: 0.9996 Acc: 0.9997 F1: 0.9997
Epoch 156: Time: 0.4565 Cost: 0.0386 Pre: 0.9998 Re: 0.9996 Acc: 0.9997 F1: 0.9997
Epoch 157: Time: 0.4569 Cost: 0.0403 Pre: 0.9998 Re: 0.9996 Acc: 0.9997 F1: 0.9997
Epoch 158: Time: 0.4563 Cost: 0.0411 Pre: 0.9998 Re: 0.9996 Acc: 0.9997 F1: 0.9997
Epoch 159: Time: 0.4567 Cost: 0.0395 Pre: 0.9998 Re: 0.9996 Acc: 0.9997 F1: 0.9997
Epoch 160: Time: 0.4564 Cost: 0.0409 Pre: 0.9998 Re: 0.9996 Acc: 0.9997 F1: 0.9997


--------------------------------------------------------------------
Eval results: Cost:0.0549 Pre:0.9992 Re:0.9998 Acc:0.9995 F1:0.9995
--------------------------------------------------------------------

Epoch 161: Time: 0.4564 Cost: 0.0419 Pre: 0.9998 Re: 0.9996 Acc: 0.9997 F1: 0.9997
Epoch 162: Time: 0.4559 Cost: 0.0391 Pre: 0.9998 Re: 0.9996 Acc: 0.9997 F1: 0.9997
Epoch 163: Time: 0.4556 Cost: 0.0404 Pre: 0.9998 Re: 0.9996 Acc: 0.9997 F1: 0.9997
Epoch 164: Time: 0.4562 Cost: 0.0396 Pre: 0.9998 Re: 0.9996 Acc: 0.9997 F1: 0.9997
Epoch 165: Time: 0.4555 Cost: 0.0407 Pre: 0.9998 Re: 0.9996 Acc: 0.9997 F1: 0.9997
Epoch 166: Time: 0.4558 Cost: 0.0405 Pre: 0.9998 Re: 0.9996 Acc: 0.9997 F1: 0.9997
Epoch 167: Time: 0.4563 Cost: 0.0397 Pre: 0.9998 Re: 0.9996 Acc: 0.9997 F1: 0.9997
Epoch 168: Time: 0.4568 Cost: 0.0399 Pre: 0.9998 Re: 0.9996 Acc: 0.9997 F1: 0.9997
Epoch 169: Time: 0.4563 Cost: 0.0452 Pre: 0.9998 Re: 0.9996 Acc: 0.9997 F1: 0.9997
Epoch 170: Time: 0.4566 Cost: 0.0327 Pre: 1.0000 Re: 0.9996 Acc: 0.9998 F1: 0.9998


--------------------------------------------------------------------
Eval results: Cost:0.0525 Pre:0.9994 Re:0.9998 Acc:0.9996 F1:0.9996
--------------------------------------------------------------------

Epoch 171: Time: 0.4572 Cost: 0.0381 Pre: 0.9998 Re: 0.9996 Acc: 0.9997 F1: 0.9997
Epoch 172: Time: 0.4555 Cost: 0.0376 Pre: 0.9998 Re: 0.9996 Acc: 0.9997 F1: 0.9997
Epoch 173: Time: 0.4569 Cost: 0.0399 Pre: 0.9998 Re: 0.9996 Acc: 0.9997 F1: 0.9997
Epoch 174: Time: 0.4558 Cost: 0.0376 Pre: 0.9998 Re: 0.9996 Acc: 0.9997 F1: 0.9997
Epoch 175: Time: 0.4557 Cost: 0.0394 Pre: 0.9998 Re: 0.9996 Acc: 0.9997 F1: 0.9997
Epoch 176: Time: 0.4553 Cost: 0.0412 Pre: 0.9998 Re: 0.9996 Acc: 0.9997 F1: 0.9997
Epoch 177: Time: 0.4561 Cost: 0.0365 Pre: 0.9998 Re: 0.9998 Acc: 0.9998 F1: 0.9998
Epoch 178: Time: 0.4562 Cost: 0.0419 Pre: 0.9998 Re: 0.9998 Acc: 0.9998 F1: 0.9998
Epoch 179: Time: 0.4567 Cost: 0.0369 Pre: 0.9998 Re: 0.9998 Acc: 0.9998 F1: 0.9998
Epoch 180: Time: 0.4555 Cost: 0.0382 Pre: 0.9998 Re: 0.9998 Acc: 0.9998 F1: 0.9998


--------------------------------------------------------------------
Eval results: Cost:0.0524 Pre:0.9994 Re:0.9998 Acc:0.9996 F1:0.9996
--------------------------------------------------------------------

Epoch 181: Time: 0.4551 Cost: 0.0392 Pre: 0.9998 Re: 0.9998 Acc: 0.9998 F1: 0.9998
Epoch 182: Time: 0.4559 Cost: 0.0363 Pre: 0.9998 Re: 0.9998 Acc: 0.9998 F1: 0.9998
Epoch 183: Time: 0.4556 Cost: 0.0380 Pre: 0.9998 Re: 0.9998 Acc: 0.9998 F1: 0.9998
Epoch 184: Time: 0.4559 Cost: 0.0421 Pre: 0.9998 Re: 0.9998 Acc: 0.9998 F1: 0.9998
Epoch 185: Time: 0.4562 Cost: 0.3753 Pre: 0.9998 Re: 0.9998 Acc: 0.9998 F1: 0.9998
Epoch 186: Time: 0.4561 Cost: 0.0294 Pre: 1.0000 Re: 0.9998 Acc: 0.9999 F1: 0.9999
Epoch 187: Time: 0.4559 Cost: 0.1534 Pre: 1.0000 Re: 0.9998 Acc: 0.9999 F1: 0.9999
Epoch 188: Time: 0.4559 Cost: 0.0476 Pre: 1.0000 Re: 0.9998 Acc: 0.9999 F1: 0.9999
Epoch 189: Time: 0.4555 Cost: 0.1498 Pre: 1.0000 Re: 0.9998 Acc: 0.9999 F1: 0.9999
Epoch 190: Time: 0.4555 Cost: 0.0461 Pre: 1.0000 Re: 0.9996 Acc: 0.9998 F1: 0.9998


--------------------------------------------------------------------
Eval results: Cost:0.0535 Pre:0.9994 Re:0.9998 Acc:0.9996 F1:0.9996
--------------------------------------------------------------------

Epoch 191: Time: 0.4560 Cost: 0.0348 Pre: 1.0000 Re: 0.9998 Acc: 0.9999 F1: 0.9999
Epoch 192: Time: 0.4559 Cost: 0.1185 Pre: 0.9998 Re: 0.9998 Acc: 0.9998 F1: 0.9998
Epoch 193: Time: 0.4557 Cost: 0.0291 Pre: 1.0000 Re: 0.9998 Acc: 0.9999 F1: 0.9999
Epoch 194: Time: 0.4559 Cost: 0.2412 Pre: 0.9998 Re: 0.9998 Acc: 0.9998 F1: 0.9998
Epoch 195: Time: 0.4557 Cost: 0.0285 Pre: 1.0000 Re: 0.9998 Acc: 0.9999 F1: 0.9999
Epoch 196: Time: 0.4557 Cost: 0.0817 Pre: 1.0000 Re: 0.9998 Acc: 0.9999 F1: 0.9999
Epoch 197: Time: 0.4562 Cost: 0.0312 Pre: 1.0000 Re: 0.9998 Acc: 0.9999 F1: 0.9999
Epoch 198: Time: 0.4555 Cost: 0.0497 Pre: 1.0000 Re: 0.9998 Acc: 0.9999 F1: 0.9999
Epoch 199: Time: 0.4558 Cost: 0.0406 Pre: 1.0000 Re: 0.9998 Acc: 0.9999 F1: 0.9999
Epoch 200: Time: 0.4552 Cost: 0.0350 Pre: 1.0000 Re: 0.9998 Acc: 0.9999 F1: 0.9999


--------------------------------------------------------------------
Eval results: Cost:0.0491 Pre:0.9994 Re:0.9998 Acc:0.9996 F1:0.9996
--------------------------------------------------------------------

Epoch 201: Time: 0.4567 Cost: 0.0758 Pre: 1.0000 Re: 0.9998 Acc: 0.9999 F1: 0.9999
Epoch 202: Time: 0.4561 Cost: 0.0309 Pre: 1.0000 Re: 0.9998 Acc: 0.9999 F1: 0.9999
Epoch 203: Time: 0.4552 Cost: 0.0423 Pre: 1.0000 Re: 0.9998 Acc: 0.9999 F1: 0.9999
Epoch 204: Time: 0.4554 Cost: 0.0369 Pre: 1.0000 Re: 0.9998 Acc: 0.9999 F1: 0.9999
Epoch 205: Time: 0.4556 Cost: 0.0476 Pre: 1.0000 Re: 0.9998 Acc: 0.9999 F1: 0.9999
Epoch 206: Time: 0.4557 Cost: 0.0336 Pre: 1.0000 Re: 0.9998 Acc: 0.9999 F1: 0.9999
Epoch 207: Time: 0.4554 Cost: 0.1248 Pre: 0.9998 Re: 0.9998 Acc: 0.9998 F1: 0.9998
Epoch 208: Time: 0.4555 Cost: 0.0266 Pre: 1.0000 Re: 0.9998 Acc: 0.9999 F1: 0.9999
Epoch 209: Time: 0.4552 Cost: 0.0383 Pre: 1.0000 Re: 0.9998 Acc: 0.9999 F1: 0.9999
Epoch 210: Time: 0.4550 Cost: 0.0320 Pre: 1.0000 Re: 0.9998 Acc: 0.9999 F1: 0.9999


--------------------------------------------------------------------
Eval results: Cost:0.0504 Pre:0.9996 Re:0.9994 Acc:0.9995 F1:0.9995
--------------------------------------------------------------------

Epoch 211: Time: 0.4567 Cost: 0.0460 Pre: 1.0000 Re: 0.9998 Acc: 0.9999 F1: 0.9999
Epoch 212: Time: 0.4553 Cost: 0.0304 Pre: 1.0000 Re: 0.9998 Acc: 0.9999 F1: 0.9999
Epoch 213: Time: 0.4554 Cost: 0.0713 Pre: 1.0000 Re: 0.9998 Acc: 0.9999 F1: 0.9999
Epoch 214: Time: 0.4555 Cost: 0.0278 Pre: 1.0000 Re: 0.9998 Acc: 0.9999 F1: 0.9999
Epoch 215: Time: 0.4553 Cost: 0.0328 Pre: 1.0000 Re: 0.9998 Acc: 0.9999 F1: 0.9999
Epoch 216: Time: 0.4557 Cost: 0.0266 Pre: 1.0000 Re: 0.9998 Acc: 0.9999 F1: 0.9999
Epoch 217: Time: 0.4555 Cost: 0.0285 Pre: 1.0000 Re: 0.9998 Acc: 0.9999 F1: 0.9999
Epoch 218: Time: 0.4560 Cost: 0.0277 Pre: 1.0000 Re: 0.9998 Acc: 0.9999 F1: 0.9999
Epoch 219: Time: 0.4556 Cost: 0.0274 Pre: 1.0000 Re: 0.9998 Acc: 0.9999 F1: 0.9999
Epoch 220: Time: 0.4561 Cost: 0.0276 Pre: 1.0000 Re: 0.9998 Acc: 0.9999 F1: 0.9999


--------------------------------------------------------------------
Eval results: Cost:0.0504 Pre:0.9996 Re:0.9994 Acc:0.9995 F1:0.9995
--------------------------------------------------------------------

Epoch 221: Time: 0.4561 Cost: 0.0263 Pre: 1.0000 Re: 0.9998 Acc: 0.9999 F1: 0.9999
Epoch 222: Time: 0.4567 Cost: 0.0285 Pre: 1.0000 Re: 0.9998 Acc: 0.9999 F1: 0.9999
Epoch 223: Time: 0.4556 Cost: 0.0320 Pre: 1.0000 Re: 0.9998 Acc: 0.9999 F1: 0.9999
Epoch 224: Time: 0.4558 Cost: 0.0284 Pre: 1.0000 Re: 0.9998 Acc: 0.9999 F1: 0.9999
Epoch 225: Time: 0.4552 Cost: 0.0258 Pre: 1.0000 Re: 0.9998 Acc: 0.9999 F1: 0.9999
Epoch 226: Time: 0.4560 Cost: 0.0256 Pre: 1.0000 Re: 0.9998 Acc: 0.9999 F1: 0.9999
Epoch 227: Time: 0.4557 Cost: 0.0388 Pre: 1.0000 Re: 0.9998 Acc: 0.9999 F1: 0.9999
Epoch 228: Time: 0.4563 Cost: 0.0296 Pre: 1.0000 Re: 0.9998 Acc: 0.9999 F1: 0.9999
Epoch 229: Time: 0.4562 Cost: 0.0747 Pre: 1.0000 Re: 0.9998 Acc: 0.9999 F1: 0.9999
Epoch 230: Time: 0.4559 Cost: 0.0250 Pre: 1.0000 Re: 0.9998 Acc: 0.9999 F1: 0.9999


--------------------------------------------------------------------
Eval results: Cost:0.0531 Pre:0.9996 Re:0.9994 Acc:0.9995 F1:0.9995
--------------------------------------------------------------------

Epoch 231: Time: 0.4560 Cost: 0.0303 Pre: 1.0000 Re: 0.9998 Acc: 0.9999 F1: 0.9999
Epoch 232: Time: 0.4569 Cost: 0.0259 Pre: 1.0000 Re: 0.9998 Acc: 0.9999 F1: 0.9999
Epoch 233: Time: 0.4560 Cost: 0.0383 Pre: 1.0000 Re: 0.9998 Acc: 0.9999 F1: 0.9999
Epoch 234: Time: 0.4569 Cost: 0.0264 Pre: 1.0000 Re: 0.9998 Acc: 0.9999 F1: 0.9999
Epoch 235: Time: 0.4562 Cost: 0.0809 Pre: 0.9998 Re: 0.9998 Acc: 0.9998 F1: 0.9998
Epoch 236: Time: 0.4560 Cost: 0.0229 Pre: 1.0000 Re: 0.9998 Acc: 0.9999 F1: 0.9999
Epoch 237: Time: 0.4558 Cost: 0.0247 Pre: 1.0000 Re: 0.9998 Acc: 0.9999 F1: 0.9999
Epoch 238: Time: 0.4555 Cost: 0.0240 Pre: 1.0000 Re: 0.9998 Acc: 0.9999 F1: 0.9999
Epoch 239: Time: 0.4562 Cost: 0.0240 Pre: 1.0000 Re: 0.9998 Acc: 0.9999 F1: 0.9999
Epoch 240: Time: 0.4557 Cost: 0.0291 Pre: 1.0000 Re: 0.9998 Acc: 0.9999 F1: 0.9999


--------------------------------------------------------------------
Eval results: Cost:0.0530 Pre:0.9996 Re:0.9994 Acc:0.9995 F1:0.9995
--------------------------------------------------------------------

Epoch 241: Time: 0.4581 Cost: 0.0244 Pre: 1.0000 Re: 0.9998 Acc: 0.9999 F1: 0.9999
Epoch 242: Time: 0.4574 Cost: 0.0277 Pre: 1.0000 Re: 0.9998 Acc: 0.9999 F1: 0.9999
Epoch 243: Time: 0.4562 Cost: 0.0234 Pre: 1.0000 Re: 0.9998 Acc: 0.9999 F1: 0.9999
Epoch 244: Time: 0.4558 Cost: 0.0229 Pre: 1.0000 Re: 0.9998 Acc: 0.9999 F1: 0.9999
Epoch 245: Time: 0.4560 Cost: 0.0233 Pre: 1.0000 Re: 0.9998 Acc: 0.9999 F1: 0.9999
Epoch 246: Time: 0.4567 Cost: 0.0236 Pre: 1.0000 Re: 0.9998 Acc: 0.9999 F1: 0.9999
Epoch 247: Time: 0.4577 Cost: 0.0230 Pre: 1.0000 Re: 0.9998 Acc: 0.9999 F1: 0.9999
Epoch 248: Time: 0.4561 Cost: 0.0214 Pre: 1.0000 Re: 0.9998 Acc: 0.9999 F1: 0.9999
Epoch 249: Time: 0.4559 Cost: 0.0236 Pre: 1.0000 Re: 0.9998 Acc: 0.9999 F1: 0.9999
Epoch 250: Time: 0.4562 Cost: 0.0230 Pre: 1.0000 Re: 0.9998 Acc: 0.9999 F1: 0.9999


--------------------------------------------------------------------
Eval results: Cost:0.0594 Pre:0.9996 Re:0.9994 Acc:0.9995 F1:0.9995
--------------------------------------------------------------------

Epoch 251: Time: 0.4570 Cost: 0.0209 Pre: 1.0000 Re: 0.9998 Acc: 0.9999 F1: 0.9999
Epoch 252: Time: 0.4567 Cost: 0.0272 Pre: 1.0000 Re: 0.9998 Acc: 0.9999 F1: 0.9999
Epoch 253: Time: 0.4561 Cost: 0.0221 Pre: 1.0000 Re: 0.9998 Acc: 0.9999 F1: 0.9999
Epoch 254: Time: 0.4562 Cost: 0.0212 Pre: 1.0000 Re: 0.9998 Acc: 0.9999 F1: 0.9999
Epoch 255: Time: 0.4566 Cost: 0.0212 Pre: 1.0000 Re: 0.9998 Acc: 0.9999 F1: 0.9999
Epoch 256: Time: 0.4568 Cost: 0.0225 Pre: 1.0000 Re: 0.9998 Acc: 0.9999 F1: 0.9999
Epoch 257: Time: 0.4561 Cost: 0.0220 Pre: 1.0000 Re: 0.9998 Acc: 0.9999 F1: 0.9999
Epoch 258: Time: 0.4572 Cost: 0.0221 Pre: 1.0000 Re: 0.9998 Acc: 0.9999 F1: 0.9999
Epoch 259: Time: 0.4569 Cost: 0.0220 Pre: 1.0000 Re: 0.9998 Acc: 0.9999 F1: 0.9999
Epoch 260: Time: 0.4566 Cost: 0.0233 Pre: 1.0000 Re: 0.9998 Acc: 0.9999 F1: 0.9999


--------------------------------------------------------------------
Eval results: Cost:0.0544 Pre:0.9996 Re:0.9994 Acc:0.9995 F1:0.9995
--------------------------------------------------------------------

Epoch 261: Time: 0.4567 Cost: 0.0236 Pre: 1.0000 Re: 0.9998 Acc: 0.9999 F1: 0.9999
Epoch 262: Time: 0.4559 Cost: 0.0235 Pre: 1.0000 Re: 0.9998 Acc: 0.9999 F1: 0.9999
Epoch 263: Time: 0.4562 Cost: 0.0203 Pre: 1.0000 Re: 0.9998 Acc: 0.9999 F1: 0.9999
Epoch 264: Time: 0.4564 Cost: 0.0214 Pre: 1.0000 Re: 0.9998 Acc: 0.9999 F1: 0.9999
Epoch 265: Time: 0.4577 Cost: 0.0216 Pre: 1.0000 Re: 0.9998 Acc: 0.9999 F1: 0.9999
Epoch 266: Time: 0.4562 Cost: 0.0214 Pre: 1.0000 Re: 0.9998 Acc: 0.9999 F1: 0.9999
Epoch 267: Time: 0.4564 Cost: 0.0236 Pre: 1.0000 Re: 0.9998 Acc: 0.9999 F1: 0.9999
Epoch 268: Time: 0.4565 Cost: 0.0208 Pre: 1.0000 Re: 0.9998 Acc: 0.9999 F1: 0.9999
Epoch 269: Time: 0.4573 Cost: 0.0229 Pre: 1.0000 Re: 0.9998 Acc: 0.9999 F1: 0.9999
Epoch 270: Time: 0.4564 Cost: 0.0211 Pre: 1.0000 Re: 0.9998 Acc: 0.9999 F1: 0.9999


--------------------------------------------------------------------
Eval results: Cost:0.0591 Pre:0.9996 Re:0.9994 Acc:0.9995 F1:0.9995
--------------------------------------------------------------------

Epoch 271: Time: 0.4566 Cost: 0.0201 Pre: 1.0000 Re: 0.9998 Acc: 0.9999 F1: 0.9999
Epoch 272: Time: 0.4561 Cost: 0.0215 Pre: 1.0000 Re: 0.9998 Acc: 0.9999 F1: 0.9999
Epoch 273: Time: 0.4564 Cost: 0.0213 Pre: 1.0000 Re: 0.9998 Acc: 0.9999 F1: 0.9999
Epoch 274: Time: 0.4560 Cost: 0.0216 Pre: 1.0000 Re: 0.9998 Acc: 0.9999 F1: 0.9999
Epoch 275: Time: 0.4577 Cost: 0.0212 Pre: 1.0000 Re: 0.9998 Acc: 0.9999 F1: 0.9999
Epoch 276: Time: 0.4565 Cost: 0.0205 Pre: 1.0000 Re: 0.9998 Acc: 0.9999 F1: 0.9999
Epoch 277: Time: 0.4562 Cost: 0.0211 Pre: 1.0000 Re: 0.9998 Acc: 0.9999 F1: 0.9999
Epoch 278: Time: 0.4570 Cost: 0.0211 Pre: 1.0000 Re: 0.9998 Acc: 0.9999 F1: 0.9999
Epoch 279: Time: 0.4573 Cost: 0.0207 Pre: 1.0000 Re: 0.9998 Acc: 0.9999 F1: 0.9999
Epoch 280: Time: 0.4563 Cost: 0.0203 Pre: 1.0000 Re: 0.9998 Acc: 0.9999 F1: 0.9999


--------------------------------------------------------------------
Eval results: Cost:0.0584 Pre:0.9996 Re:0.9994 Acc:0.9995 F1:0.9995
--------------------------------------------------------------------

Epoch 281: Time: 0.4566 Cost: 0.0190 Pre: 1.0000 Re: 0.9998 Acc: 0.9999 F1: 0.9999
Epoch 282: Time: 0.4565 Cost: 0.0195 Pre: 1.0000 Re: 0.9998 Acc: 0.9999 F1: 0.9999
Epoch 283: Time: 0.4555 Cost: 0.0206 Pre: 1.0000 Re: 0.9998 Acc: 0.9999 F1: 0.9999
Epoch 284: Time: 0.4567 Cost: 0.0197 Pre: 1.0000 Re: 0.9998 Acc: 0.9999 F1: 0.9999
Epoch 285: Time: 0.4556 Cost: 0.0211 Pre: 1.0000 Re: 0.9998 Acc: 0.9999 F1: 0.9999
Epoch 286: Time: 0.4560 Cost: 0.0208 Pre: 1.0000 Re: 0.9998 Acc: 0.9999 F1: 0.9999
Epoch 287: Time: 0.4560 Cost: 0.0200 Pre: 1.0000 Re: 0.9998 Acc: 0.9999 F1: 0.9999
Epoch 288: Time: 0.4561 Cost: 0.0206 Pre: 1.0000 Re: 0.9998 Acc: 0.9999 F1: 0.9999
Epoch 289: Time: 0.4558 Cost: 0.0202 Pre: 1.0000 Re: 0.9998 Acc: 0.9999 F1: 0.9999
Epoch 290: Time: 0.4562 Cost: 0.0201 Pre: 1.0000 Re: 0.9998 Acc: 0.9999 F1: 0.9999


--------------------------------------------------------------------
Eval results: Cost:0.0562 Pre:0.9996 Re:0.9994 Acc:0.9995 F1:0.9995
--------------------------------------------------------------------

Epoch 291: Time: 0.4578 Cost: 0.0183 Pre: 1.0000 Re: 0.9998 Acc: 0.9999 F1: 0.9999
Epoch 292: Time: 0.4561 Cost: 0.0191 Pre: 1.0000 Re: 0.9998 Acc: 0.9999 F1: 0.9999
Epoch 293: Time: 0.4563 Cost: 0.0197 Pre: 1.0000 Re: 0.9998 Acc: 0.9999 F1: 0.9999
Epoch 294: Time: 0.4558 Cost: 0.0202 Pre: 1.0000 Re: 0.9998 Acc: 0.9999 F1: 0.9999
Epoch 295: Time: 0.4558 Cost: 0.0193 Pre: 1.0000 Re: 0.9998 Acc: 0.9999 F1: 0.9999
Epoch 296: Time: 0.4564 Cost: 0.0201 Pre: 1.0000 Re: 0.9998 Acc: 0.9999 F1: 0.9999
Epoch 297: Time: 0.4568 Cost: 0.0192 Pre: 1.0000 Re: 0.9998 Acc: 0.9999 F1: 0.9999
Epoch 298: Time: 0.4557 Cost: 0.0198 Pre: 1.0000 Re: 0.9998 Acc: 0.9999 F1: 0.9999
Epoch 299: Time: 0.4561 Cost: 0.0188 Pre: 1.0000 Re: 0.9998 Acc: 0.9999 F1: 0.9999
Epoch 300: Time: 0.4564 Cost: 0.0193 Pre: 1.0000 Re: 0.9998 Acc: 0.9999 F1: 0.9999


--------------------------------------------------------------------
Eval results: Cost:0.0551 Pre:0.9996 Re:0.9994 Acc:0.9995 F1:0.9995
--------------------------------------------------------------------

Epoch 301: Time: 0.4563 Cost: 0.0172 Pre: 1.0000 Re: 0.9998 Acc: 0.9999 F1: 0.9999
Epoch 302: Time: 0.4562 Cost: 0.0192 Pre: 1.0000 Re: 0.9998 Acc: 0.9999 F1: 0.9999
Epoch 303: Time: 0.4560 Cost: 0.0187 Pre: 1.0000 Re: 0.9998 Acc: 0.9999 F1: 0.9999
Epoch 304: Time: 0.4567 Cost: 0.0182 Pre: 1.0000 Re: 0.9998 Acc: 0.9999 F1: 0.9999
Epoch 305: Time: 0.4562 Cost: 0.0189 Pre: 1.0000 Re: 0.9998 Acc: 0.9999 F1: 0.9999
Epoch 306: Time: 0.4555 Cost: 0.0182 Pre: 1.0000 Re: 0.9998 Acc: 0.9999 F1: 0.9999
Epoch 307: Time: 0.4559 Cost: 0.0186 Pre: 1.0000 Re: 0.9998 Acc: 0.9999 F1: 0.9999
Epoch 308: Time: 0.4574 Cost: 0.0181 Pre: 1.0000 Re: 0.9998 Acc: 0.9999 F1: 0.9999
Epoch 309: Time: 0.4559 Cost: 0.0185 Pre: 1.0000 Re: 0.9998 Acc: 0.9999 F1: 0.9999
Epoch 310: Time: 0.4563 Cost: 0.0179 Pre: 1.0000 Re: 0.9998 Acc: 0.9999 F1: 0.9999


--------------------------------------------------------------------
Eval results: Cost:0.0554 Pre:0.9996 Re:0.9994 Acc:0.9995 F1:0.9995
--------------------------------------------------------------------

Epoch 311: Time: 0.4564 Cost: 0.0167 Pre: 1.0000 Re: 0.9998 Acc: 0.9999 F1: 0.9999
Epoch 312: Time: 0.4561 Cost: 0.0183 Pre: 1.0000 Re: 0.9998 Acc: 0.9999 F1: 0.9999
Epoch 313: Time: 0.4568 Cost: 0.0174 Pre: 1.0000 Re: 0.9998 Acc: 0.9999 F1: 0.9999
Epoch 314: Time: 0.4556 Cost: 0.0185 Pre: 1.0000 Re: 0.9998 Acc: 0.9999 F1: 0.9999
Epoch 315: Time: 0.4558 Cost: 0.0174 Pre: 1.0000 Re: 0.9998 Acc: 0.9999 F1: 0.9999
Epoch 316: Time: 0.4564 Cost: 0.0182 Pre: 1.0000 Re: 0.9998 Acc: 0.9999 F1: 0.9999
Epoch 317: Time: 0.4552 Cost: 0.0177 Pre: 1.0000 Re: 0.9998 Acc: 0.9999 F1: 0.9999
Epoch 318: Time: 0.4556 Cost: 0.0184 Pre: 1.0000 Re: 0.9998 Acc: 0.9999 F1: 0.9999
Epoch 319: Time: 0.4563 Cost: 0.0178 Pre: 1.0000 Re: 0.9998 Acc: 0.9999 F1: 0.9999
Epoch 320: Time: 0.4573 Cost: 0.0186 Pre: 1.0000 Re: 0.9998 Acc: 0.9999 F1: 0.9999


--------------------------------------------------------------------
Eval results: Cost:0.0521 Pre:0.9996 Re:0.9994 Acc:0.9995 F1:0.9995
--------------------------------------------------------------------

Epoch 321: Time: 0.4576 Cost: 0.0166 Pre: 1.0000 Re: 0.9998 Acc: 0.9999 F1: 0.9999
Epoch 322: Time: 0.4564 Cost: 0.0173 Pre: 1.0000 Re: 0.9998 Acc: 0.9999 F1: 0.9999
Epoch 323: Time: 0.4561 Cost: 0.0177 Pre: 1.0000 Re: 0.9998 Acc: 0.9999 F1: 0.9999
Epoch 324: Time: 0.4562 Cost: 0.0169 Pre: 1.0000 Re: 0.9998 Acc: 0.9999 F1: 0.9999
Epoch 325: Time: 0.4560 Cost: 0.0178 Pre: 1.0000 Re: 0.9998 Acc: 0.9999 F1: 0.9999
Epoch 326: Time: 0.4556 Cost: 0.0164 Pre: 1.0000 Re: 0.9998 Acc: 0.9999 F1: 0.9999
Epoch 327: Time: 0.4561 Cost: 0.0163 Pre: 1.0000 Re: 0.9998 Acc: 0.9999 F1: 0.9999
Epoch 328: Time: 0.4554 Cost: 0.0171 Pre: 1.0000 Re: 0.9998 Acc: 0.9999 F1: 0.9999
Epoch 329: Time: 0.4567 Cost: 0.0172 Pre: 1.0000 Re: 0.9998 Acc: 0.9999 F1: 0.9999
Epoch 330: Time: 0.4552 Cost: 0.0166 Pre: 1.0000 Re: 0.9998 Acc: 0.9999 F1: 0.9999


--------------------------------------------------------------------
Eval results: Cost:0.0521 Pre:0.9996 Re:0.9994 Acc:0.9995 F1:0.9995
--------------------------------------------------------------------

Epoch 331: Time: 0.4563 Cost: 0.0154 Pre: 1.0000 Re: 0.9998 Acc: 0.9999 F1: 0.9999
Epoch 332: Time: 0.4557 Cost: 0.0171 Pre: 1.0000 Re: 0.9998 Acc: 0.9999 F1: 0.9999
Epoch 333: Time: 0.4552 Cost: 0.0162 Pre: 1.0000 Re: 0.9998 Acc: 0.9999 F1: 0.9999
Epoch 334: Time: 0.4554 Cost: 0.0176 Pre: 1.0000 Re: 0.9998 Acc: 0.9999 F1: 0.9999
Epoch 335: Time: 0.4555 Cost: 0.0162 Pre: 1.0000 Re: 0.9998 Acc: 0.9999 F1: 0.9999
Epoch 336: Time: 0.4569 Cost: 0.0172 Pre: 1.0000 Re: 0.9998 Acc: 0.9999 F1: 0.9999
Epoch 337: Time: 0.4559 Cost: 0.0160 Pre: 1.0000 Re: 0.9998 Acc: 0.9999 F1: 0.9999
Epoch 338: Time: 0.4567 Cost: 0.0160 Pre: 1.0000 Re: 0.9998 Acc: 0.9999 F1: 0.9999
Epoch 339: Time: 0.4567 Cost: 0.0157 Pre: 1.0000 Re: 0.9998 Acc: 0.9999 F1: 0.9999
Epoch 340: Time: 0.4557 Cost: 0.0157 Pre: 1.0000 Re: 0.9998 Acc: 0.9999 F1: 0.9999


--------------------------------------------------------------------
Eval results: Cost:0.0547 Pre:0.9996 Re:0.9994 Acc:0.9995 F1:0.9995
--------------------------------------------------------------------

Early stopping...
--------------------------------------------------------------------
Eval results: Cost:0.0547 Pre:0.9996 Re:0.9994 Acc:0.9995 F1:0.9995
--------------------------------------------------------------------
Test 10000 samples take time: 2.8076
Test results: Cost:0.0101 Pre:0.9994 Re:0.9988 Acc:0.9991 F1:0.9991
--------------------------------------------------------------------

