Load data
RNN type: LSTM Grammar: SL/SL4/1k/ Seed: 1
Model total parameters: 560
Saving hinit ... 

Epoch 0: Time: 0.0594 Cost: 54.3324 Pre: 0.0000 Re: 0.0000 Acc: 0.5000 F1: 0.0000


--------------------------------------------------------------------
Eval results: Cost:55.1423 Pre:0.0000 Re:0.0000 Acc:0.5000 F1:0.0000
--------------------------------------------------------------------

Epoch 1: Time: 0.0585 Cost: 52.1926 Pre: 0.0000 Re: 0.0000 Acc: 0.5000 F1: 0.0000
Epoch 2: Time: 0.0587 Cost: 50.0249 Pre: 0.0000 Re: 0.0000 Acc: 0.5000 F1: 0.0000
Epoch 3: Time: 0.0581 Cost: 47.7221 Pre: 0.0000 Re: 0.0000 Acc: 0.5000 F1: 0.0000
Epoch 4: Time: 0.0586 Cost: 44.9730 Pre: 0.0000 Re: 0.0000 Acc: 0.5000 F1: 0.0000
Epoch 5: Time: 0.0586 Cost: 41.4741 Pre: 0.0000 Re: 0.0000 Acc: 0.5000 F1: 0.0000
Epoch 6: Time: 0.0597 Cost: 37.0024 Pre: 0.0000 Re: 0.0000 Acc: 0.5000 F1: 0.0000
Epoch 7: Time: 0.0598 Cost: 31.7342 Pre: 0.0000 Re: 0.0000 Acc: 0.5000 F1: 0.0000
Epoch 8: Time: 0.0615 Cost: 26.7342 Pre: 0.0000 Re: 0.0000 Acc: 0.5000 F1: 0.0000
Epoch 9: Time: 0.0619 Cost: 23.0062 Pre: 0.9524 Re: 0.0800 Acc: 0.5380 F1: 0.1476
Epoch 10: Time: 0.0626 Cost: 20.7414 Pre: 0.8595 Re: 0.4160 Acc: 0.6740 F1: 0.5606


--------------------------------------------------------------------
Eval results: Cost:20.7056 Pre:0.7872 Re:0.5180 Acc:0.6890 F1:0.6248
--------------------------------------------------------------------

Epoch 11: Time: 0.0633 Cost: 19.7242 Pre: 0.8583 Re: 0.6300 Acc: 0.7630 F1: 0.7266
Epoch 12: Time: 0.0620 Cost: 19.3064 Pre: 0.8610 Re: 0.6940 Acc: 0.7910 F1: 0.7685
Epoch 13: Time: 0.0621 Cost: 18.9058 Pre: 0.8617 Re: 0.7100 Acc: 0.7980 F1: 0.7785
Epoch 14: Time: 0.0619 Cost: 18.4050 Pre: 0.8644 Re: 0.7140 Acc: 0.8010 F1: 0.7820
Epoch 15: Time: 0.0618 Cost: 17.8050 Pre: 0.8665 Re: 0.7140 Acc: 0.8020 F1: 0.7829
Epoch 16: Time: 0.0618 Cost: 17.1153 Pre: 0.8783 Re: 0.7220 Acc: 0.8110 F1: 0.7925
Epoch 17: Time: 0.0621 Cost: 16.3404 Pre: 0.8935 Re: 0.7380 Acc: 0.8250 F1: 0.8083
Epoch 18: Time: 0.0616 Cost: 15.4922 Pre: 0.9053 Re: 0.7460 Acc: 0.8340 F1: 0.8180
Epoch 19: Time: 0.0615 Cost: 14.6070 Pre: 0.9117 Re: 0.7640 Acc: 0.8450 F1: 0.8313
Epoch 20: Time: 0.0615 Cost: 13.7358 Pre: 0.9175 Re: 0.7780 Acc: 0.8540 F1: 0.8420


--------------------------------------------------------------------
Eval results: Cost:14.3399 Pre:0.8560 Re:0.8320 Acc:0.8460 F1:0.8438
--------------------------------------------------------------------

Epoch 21: Time: 0.0616 Cost: 12.9863 Pre: 0.9211 Re: 0.7940 Acc: 0.8630 F1: 0.8528
Epoch 22: Time: 0.0615 Cost: 12.5284 Pre: 0.9220 Re: 0.8040 Acc: 0.8680 F1: 0.8590
Epoch 23: Time: 0.0615 Cost: 12.1837 Pre: 0.9224 Re: 0.8080 Acc: 0.8700 F1: 0.8614
Epoch 24: Time: 0.0622 Cost: 11.8550 Pre: 0.9226 Re: 0.8100 Acc: 0.8710 F1: 0.8626
Epoch 25: Time: 0.0620 Cost: 11.5139 Pre: 0.9229 Re: 0.8140 Acc: 0.8730 F1: 0.8650
Epoch 26: Time: 0.0616 Cost: 11.1570 Pre: 0.9234 Re: 0.8200 Acc: 0.8760 F1: 0.8686
Epoch 27: Time: 0.0616 Cost: 10.7912 Pre: 0.9238 Re: 0.8240 Acc: 0.8780 F1: 0.8710
Epoch 28: Time: 0.0617 Cost: 10.4271 Pre: 0.9222 Re: 0.8300 Acc: 0.8800 F1: 0.8737
Epoch 29: Time: 0.0620 Cost: 10.0747 Pre: 0.9229 Re: 0.8380 Acc: 0.8840 F1: 0.8784
Epoch 30: Time: 0.0617 Cost: 9.7415 Pre: 0.9229 Re: 0.8380 Acc: 0.8840 F1: 0.8784


--------------------------------------------------------------------
Eval results: Cost:11.0091 Pre:0.8637 Re:0.9000 Acc:0.8790 F1:0.8815
--------------------------------------------------------------------

Epoch 31: Time: 0.0616 Cost: 9.4557 Pre: 0.9232 Re: 0.8420 Acc: 0.8860 F1: 0.8808
Epoch 32: Time: 0.0615 Cost: 9.2798 Pre: 0.9236 Re: 0.8460 Acc: 0.8880 F1: 0.8831
Epoch 33: Time: 0.0620 Cost: 9.1453 Pre: 0.9236 Re: 0.8460 Acc: 0.8880 F1: 0.8831
Epoch 34: Time: 0.0625 Cost: 9.0138 Pre: 0.9237 Re: 0.8480 Acc: 0.8890 F1: 0.8843
Epoch 35: Time: 0.0615 Cost: 8.8729 Pre: 0.9224 Re: 0.8560 Acc: 0.8920 F1: 0.8880
Epoch 36: Time: 0.0616 Cost: 8.7196 Pre: 0.9234 Re: 0.8680 Acc: 0.8980 F1: 0.8948
Epoch 37: Time: 0.0629 Cost: 8.5549 Pre: 0.9239 Re: 0.8740 Acc: 0.9010 F1: 0.8983
Epoch 38: Time: 0.0614 Cost: 8.3816 Pre: 0.9241 Re: 0.8760 Acc: 0.9020 F1: 0.8994
Epoch 39: Time: 0.0614 Cost: 8.2029 Pre: 0.9244 Re: 0.8800 Acc: 0.9040 F1: 0.9016
Epoch 40: Time: 0.0614 Cost: 8.0220 Pre: 0.9244 Re: 0.8800 Acc: 0.9040 F1: 0.9016


--------------------------------------------------------------------
Eval results: Cost:9.6388 Pre:0.8636 Re:0.9240 Acc:0.8890 F1:0.8928
--------------------------------------------------------------------

Epoch 41: Time: 0.0615 Cost: 7.8553 Pre: 0.9248 Re: 0.8860 Acc: 0.9070 F1: 0.9050
Epoch 42: Time: 0.0616 Cost: 7.7459 Pre: 0.9252 Re: 0.8900 Acc: 0.9090 F1: 0.9072
Epoch 43: Time: 0.0620 Cost: 7.6568 Pre: 0.9255 Re: 0.8940 Acc: 0.9110 F1: 0.9095
Epoch 44: Time: 0.0614 Cost: 7.5659 Pre: 0.9259 Re: 0.9000 Acc: 0.9140 F1: 0.9128
Epoch 45: Time: 0.0614 Cost: 7.4657 Pre: 0.9262 Re: 0.9040 Acc: 0.9160 F1: 0.9150
Epoch 46: Time: 0.0615 Cost: 7.3540 Pre: 0.9262 Re: 0.9040 Acc: 0.9160 F1: 0.9150
Epoch 47: Time: 0.0626 Cost: 7.2312 Pre: 0.9264 Re: 0.9060 Acc: 0.9170 F1: 0.9161
Epoch 48: Time: 0.0616 Cost: 7.0991 Pre: 0.9273 Re: 0.9180 Acc: 0.9230 F1: 0.9226
Epoch 49: Time: 0.0614 Cost: 6.9604 Pre: 0.9277 Re: 0.9240 Acc: 0.9260 F1: 0.9259
Epoch 50: Time: 0.0615 Cost: 6.8180 Pre: 0.9281 Re: 0.9300 Acc: 0.9290 F1: 0.9291


--------------------------------------------------------------------
Eval results: Cost:8.7456 Pre:0.8655 Re:0.9520 Acc:0.9020 F1:0.9067
--------------------------------------------------------------------

Epoch 51: Time: 0.0622 Cost: 6.6854 Pre: 0.9266 Re: 0.9340 Acc: 0.9300 F1: 0.9303
Epoch 52: Time: 0.0619 Cost: 6.5977 Pre: 0.9269 Re: 0.9380 Acc: 0.9320 F1: 0.9324
Epoch 53: Time: 0.0614 Cost: 6.5261 Pre: 0.9269 Re: 0.9380 Acc: 0.9320 F1: 0.9324
Epoch 54: Time: 0.0619 Cost: 6.4536 Pre: 0.9273 Re: 0.9440 Acc: 0.9350 F1: 0.9356
Epoch 55: Time: 0.0614 Cost: 6.3744 Pre: 0.9276 Re: 0.9480 Acc: 0.9370 F1: 0.9377
Epoch 56: Time: 0.0616 Cost: 6.2875 Pre: 0.9276 Re: 0.9480 Acc: 0.9370 F1: 0.9377
Epoch 57: Time: 0.0615 Cost: 6.1940 Pre: 0.9279 Re: 0.9520 Acc: 0.9390 F1: 0.9398
Epoch 58: Time: 0.0621 Cost: 6.0963 Pre: 0.9298 Re: 0.9540 Acc: 0.9410 F1: 0.9418
Epoch 59: Time: 0.0616 Cost: 5.9974 Pre: 0.9300 Re: 0.9560 Acc: 0.9420 F1: 0.9428
Epoch 60: Time: 0.0624 Cost: 5.8998 Pre: 0.9283 Re: 0.9580 Acc: 0.9420 F1: 0.9429


--------------------------------------------------------------------
Eval results: Cost:8.1104 Pre:0.8676 Re:0.9700 Acc:0.9110 F1:0.9160
--------------------------------------------------------------------

Epoch 61: Time: 0.0616 Cost: 5.8117 Pre: 0.9283 Re: 0.9580 Acc: 0.9420 F1: 0.9429
Epoch 62: Time: 0.0615 Cost: 5.7545 Pre: 0.9283 Re: 0.9580 Acc: 0.9420 F1: 0.9429
Epoch 63: Time: 0.0616 Cost: 5.7079 Pre: 0.9283 Re: 0.9580 Acc: 0.9420 F1: 0.9429
Epoch 64: Time: 0.0615 Cost: 5.6612 Pre: 0.9283 Re: 0.9580 Acc: 0.9420 F1: 0.9429
Epoch 65: Time: 0.0617 Cost: 5.6113 Pre: 0.9284 Re: 0.9600 Acc: 0.9430 F1: 0.9440
Epoch 66: Time: 0.0620 Cost: 5.5576 Pre: 0.9284 Re: 0.9600 Acc: 0.9430 F1: 0.9440
Epoch 67: Time: 0.0617 Cost: 5.5011 Pre: 0.9284 Re: 0.9600 Acc: 0.9430 F1: 0.9440
Epoch 68: Time: 0.0620 Cost: 5.4430 Pre: 0.9284 Re: 0.9600 Acc: 0.9430 F1: 0.9440
Epoch 69: Time: 0.0615 Cost: 5.3846 Pre: 0.9284 Re: 0.9600 Acc: 0.9430 F1: 0.9440
Epoch 70: Time: 0.0620 Cost: 5.3272 Pre: 0.9284 Re: 0.9600 Acc: 0.9430 F1: 0.9440


--------------------------------------------------------------------
Eval results: Cost:7.7442 Pre:0.8706 Re:0.9820 Acc:0.9180 F1:0.9229
--------------------------------------------------------------------

Epoch 71: Time: 0.0629 Cost: 5.2734 Pre: 0.9284 Re: 0.9600 Acc: 0.9430 F1: 0.9440
Epoch 72: Time: 0.0617 Cost: 5.2378 Pre: 0.9266 Re: 0.9600 Acc: 0.9420 F1: 0.9430
Epoch 73: Time: 0.0620 Cost: 5.2073 Pre: 0.9266 Re: 0.9600 Acc: 0.9420 F1: 0.9430
Epoch 74: Time: 0.0621 Cost: 5.1761 Pre: 0.9266 Re: 0.9600 Acc: 0.9420 F1: 0.9430
Epoch 75: Time: 0.0617 Cost: 5.1425 Pre: 0.9266 Re: 0.9600 Acc: 0.9420 F1: 0.9430
Epoch 76: Time: 0.0632 Cost: 5.1063 Pre: 0.9266 Re: 0.9600 Acc: 0.9420 F1: 0.9430
Epoch 77: Time: 0.0618 Cost: 5.0679 Pre: 0.9266 Re: 0.9600 Acc: 0.9420 F1: 0.9430
Epoch 78: Time: 0.0617 Cost: 5.0280 Pre: 0.9266 Re: 0.9600 Acc: 0.9420 F1: 0.9430
Epoch 79: Time: 0.0620 Cost: 4.9873 Pre: 0.9266 Re: 0.9600 Acc: 0.9420 F1: 0.9430
Epoch 80: Time: 0.0618 Cost: 4.9464 Pre: 0.9266 Re: 0.9600 Acc: 0.9420 F1: 0.9430


--------------------------------------------------------------------
Eval results: Cost:7.4990 Pre:0.8723 Re:0.9840 Acc:0.9200 F1:0.9248
--------------------------------------------------------------------

Epoch 81: Time: 0.0618 Cost: 4.9064 Pre: 0.9286 Re: 0.9620 Acc: 0.9440 F1: 0.9450
Epoch 82: Time: 0.0618 Cost: 4.8800 Pre: 0.9286 Re: 0.9620 Acc: 0.9440 F1: 0.9450
Epoch 83: Time: 0.0627 Cost: 4.8564 Pre: 0.9286 Re: 0.9620 Acc: 0.9440 F1: 0.9450
Epoch 84: Time: 0.0618 Cost: 4.8320 Pre: 0.9286 Re: 0.9620 Acc: 0.9440 F1: 0.9450
Epoch 85: Time: 0.0618 Cost: 4.8056 Pre: 0.9286 Re: 0.9620 Acc: 0.9440 F1: 0.9450
Epoch 86: Time: 0.0617 Cost: 4.7768 Pre: 0.9286 Re: 0.9620 Acc: 0.9440 F1: 0.9450
Epoch 87: Time: 0.0624 Cost: 4.7460 Pre: 0.9286 Re: 0.9620 Acc: 0.9440 F1: 0.9450
Epoch 88: Time: 0.0619 Cost: 4.7137 Pre: 0.9286 Re: 0.9620 Acc: 0.9440 F1: 0.9450
Epoch 89: Time: 0.0617 Cost: 4.6803 Pre: 0.9286 Re: 0.9620 Acc: 0.9440 F1: 0.9450
Epoch 90: Time: 0.0621 Cost: 4.6463 Pre: 0.9286 Re: 0.9620 Acc: 0.9440 F1: 0.9450


--------------------------------------------------------------------
Eval results: Cost:7.2792 Pre:0.8726 Re:0.9860 Acc:0.9210 F1:0.9258
--------------------------------------------------------------------

Epoch 91: Time: 0.0618 Cost: 4.6121 Pre: 0.9286 Re: 0.9620 Acc: 0.9440 F1: 0.9450
Epoch 92: Time: 0.0618 Cost: 4.5900 Pre: 0.9286 Re: 0.9620 Acc: 0.9440 F1: 0.9450
Epoch 93: Time: 0.0623 Cost: 4.5698 Pre: 0.9304 Re: 0.9620 Acc: 0.9450 F1: 0.9459
Epoch 94: Time: 0.0619 Cost: 4.5488 Pre: 0.9304 Re: 0.9620 Acc: 0.9450 F1: 0.9459
Epoch 95: Time: 0.0621 Cost: 4.5261 Pre: 0.9304 Re: 0.9620 Acc: 0.9450 F1: 0.9459
Epoch 96: Time: 0.0619 Cost: 4.5012 Pre: 0.9312 Re: 0.9740 Acc: 0.9510 F1: 0.9521
Epoch 97: Time: 0.0621 Cost: 4.4744 Pre: 0.9321 Re: 0.9880 Acc: 0.9580 F1: 0.9592
Epoch 98: Time: 0.0621 Cost: 4.4463 Pre: 0.9321 Re: 0.9880 Acc: 0.9580 F1: 0.9592
Epoch 99: Time: 0.0624 Cost: 4.4172 Pre: 0.9321 Re: 0.9880 Acc: 0.9580 F1: 0.9592
Epoch 100: Time: 0.0620 Cost: 4.3876 Pre: 0.9321 Re: 0.9880 Acc: 0.9580 F1: 0.9592


--------------------------------------------------------------------
Eval results: Cost:7.0637 Pre:0.8757 Re:0.9860 Acc:0.9230 F1:0.9276
--------------------------------------------------------------------

Epoch 101: Time: 0.0620 Cost: 4.3573 Pre: 0.9321 Re: 0.9880 Acc: 0.9580 F1: 0.9592
Epoch 102: Time: 0.0619 Cost: 4.3384 Pre: 0.9321 Re: 0.9880 Acc: 0.9580 F1: 0.9592
Epoch 103: Time: 0.0624 Cost: 4.3209 Pre: 0.9321 Re: 0.9880 Acc: 0.9580 F1: 0.9592
Epoch 104: Time: 0.0620 Cost: 4.3028 Pre: 0.9321 Re: 0.9880 Acc: 0.9580 F1: 0.9592
Epoch 105: Time: 0.0624 Cost: 4.2831 Pre: 0.9321 Re: 0.9880 Acc: 0.9580 F1: 0.9592
Epoch 106: Time: 0.0625 Cost: 4.2616 Pre: 0.9321 Re: 0.9880 Acc: 0.9580 F1: 0.9592
Epoch 107: Time: 0.0621 Cost: 4.2385 Pre: 0.9322 Re: 0.9900 Acc: 0.9590 F1: 0.9602
Epoch 108: Time: 0.0621 Cost: 4.2142 Pre: 0.9323 Re: 0.9920 Acc: 0.9600 F1: 0.9612
Epoch 109: Time: 0.0620 Cost: 4.1892 Pre: 0.9323 Re: 0.9920 Acc: 0.9600 F1: 0.9612
Epoch 110: Time: 0.0623 Cost: 4.1637 Pre: 0.9323 Re: 0.9920 Acc: 0.9600 F1: 0.9612


--------------------------------------------------------------------
Eval results: Cost:6.8597 Pre:0.8757 Re:0.9860 Acc:0.9230 F1:0.9276
--------------------------------------------------------------------

Epoch 111: Time: 0.0627 Cost: 4.1375 Pre: 0.9323 Re: 0.9920 Acc: 0.9600 F1: 0.9612
Epoch 112: Time: 0.0622 Cost: 4.1215 Pre: 0.9323 Re: 0.9920 Acc: 0.9600 F1: 0.9612
Epoch 113: Time: 0.0620 Cost: 4.1069 Pre: 0.9323 Re: 0.9920 Acc: 0.9600 F1: 0.9612
Epoch 114: Time: 0.0621 Cost: 4.0916 Pre: 0.9325 Re: 0.9940 Acc: 0.9610 F1: 0.9622
Epoch 115: Time: 0.0631 Cost: 4.0749 Pre: 0.9325 Re: 0.9940 Acc: 0.9610 F1: 0.9622
Epoch 116: Time: 0.0629 Cost: 4.0566 Pre: 0.9325 Re: 0.9940 Acc: 0.9610 F1: 0.9622
Epoch 117: Time: 0.0621 Cost: 4.0370 Pre: 0.9325 Re: 0.9940 Acc: 0.9610 F1: 0.9622
Epoch 118: Time: 0.0625 Cost: 4.0164 Pre: 0.9325 Re: 0.9940 Acc: 0.9610 F1: 0.9622
Epoch 119: Time: 0.0622 Cost: 3.9952 Pre: 0.9325 Re: 0.9940 Acc: 0.9610 F1: 0.9622
Epoch 120: Time: 0.0629 Cost: 3.9735 Pre: 0.9325 Re: 0.9940 Acc: 0.9610 F1: 0.9622


--------------------------------------------------------------------
Eval results: Cost:6.6691 Pre:0.8772 Re:0.9860 Acc:0.9240 F1:0.9284
--------------------------------------------------------------------

Epoch 121: Time: 0.0625 Cost: 3.9507 Pre: 0.9325 Re: 0.9940 Acc: 0.9610 F1: 0.9622
Epoch 122: Time: 0.0621 Cost: 3.9374 Pre: 0.9325 Re: 0.9940 Acc: 0.9610 F1: 0.9622
Epoch 123: Time: 0.0623 Cost: 3.9250 Pre: 0.9325 Re: 0.9940 Acc: 0.9610 F1: 0.9622
Epoch 124: Time: 0.0629 Cost: 3.9119 Pre: 0.9325 Re: 0.9940 Acc: 0.9610 F1: 0.9622
Epoch 125: Time: 0.0622 Cost: 3.8976 Pre: 0.9325 Re: 0.9940 Acc: 0.9610 F1: 0.9622
Epoch 126: Time: 0.0621 Cost: 3.8819 Pre: 0.9325 Re: 0.9940 Acc: 0.9610 F1: 0.9622
Epoch 127: Time: 0.0633 Cost: 3.8651 Pre: 0.9325 Re: 0.9940 Acc: 0.9610 F1: 0.9622
Epoch 128: Time: 0.0621 Cost: 3.8473 Pre: 0.9326 Re: 0.9960 Acc: 0.9620 F1: 0.9632
Epoch 129: Time: 0.0620 Cost: 3.8288 Pre: 0.9326 Re: 0.9960 Acc: 0.9620 F1: 0.9632
Epoch 130: Time: 0.0636 Cost: 3.8098 Pre: 0.9326 Re: 0.9960 Acc: 0.9620 F1: 0.9632


--------------------------------------------------------------------
Eval results: Cost:6.4886 Pre:0.8772 Re:0.9860 Acc:0.9240 F1:0.9284
--------------------------------------------------------------------

Epoch 131: Time: 0.0621 Cost: 3.7891 Pre: 0.9326 Re: 0.9960 Acc: 0.9620 F1: 0.9632
Epoch 132: Time: 0.0626 Cost: 3.7774 Pre: 0.9326 Re: 0.9960 Acc: 0.9620 F1: 0.9632
Epoch 133: Time: 0.0622 Cost: 3.7663 Pre: 0.9326 Re: 0.9960 Acc: 0.9620 F1: 0.9632
Epoch 134: Time: 0.0621 Cost: 3.7545 Pre: 0.9326 Re: 0.9960 Acc: 0.9620 F1: 0.9632
Epoch 135: Time: 0.0629 Cost: 3.7415 Pre: 0.9326 Re: 0.9960 Acc: 0.9620 F1: 0.9632
Epoch 136: Time: 0.0626 Cost: 3.7272 Pre: 0.9326 Re: 0.9960 Acc: 0.9620 F1: 0.9632
Epoch 137: Time: 0.0622 Cost: 3.7117 Pre: 0.9326 Re: 0.9960 Acc: 0.9620 F1: 0.9632
Epoch 138: Time: 0.0621 Cost: 3.6951 Pre: 0.9326 Re: 0.9960 Acc: 0.9620 F1: 0.9632
Epoch 139: Time: 0.0622 Cost: 3.6776 Pre: 0.9327 Re: 0.9980 Acc: 0.9630 F1: 0.9643
Epoch 140: Time: 0.0621 Cost: 3.6594 Pre: 0.9327 Re: 0.9980 Acc: 0.9630 F1: 0.9643


--------------------------------------------------------------------
Eval results: Cost:6.3078 Pre:0.8774 Re:0.9880 Acc:0.9250 F1:0.9294
--------------------------------------------------------------------

Epoch 141: Time: 0.0634 Cost: 3.6391 Pre: 0.9327 Re: 0.9980 Acc: 0.9630 F1: 0.9643
Epoch 142: Time: 0.0623 Cost: 3.6277 Pre: 0.9327 Re: 0.9980 Acc: 0.9630 F1: 0.9643
Epoch 143: Time: 0.0622 Cost: 3.6164 Pre: 0.9327 Re: 0.9980 Acc: 0.9630 F1: 0.9643
Epoch 144: Time: 0.0623 Cost: 3.6045 Pre: 0.9327 Re: 0.9980 Acc: 0.9630 F1: 0.9643
Epoch 145: Time: 0.0622 Cost: 3.5914 Pre: 0.9327 Re: 0.9980 Acc: 0.9630 F1: 0.9643
Epoch 146: Time: 0.0627 Cost: 3.5766 Pre: 0.9327 Re: 0.9980 Acc: 0.9630 F1: 0.9643
Epoch 147: Time: 0.0627 Cost: 3.5607 Pre: 0.9327 Re: 0.9980 Acc: 0.9630 F1: 0.9643
Epoch 148: Time: 0.0623 Cost: 3.5435 Pre: 0.9327 Re: 0.9980 Acc: 0.9630 F1: 0.9643
Epoch 149: Time: 0.0622 Cost: 3.5255 Pre: 0.9327 Re: 0.9980 Acc: 0.9630 F1: 0.9643
Epoch 150: Time: 0.0622 Cost: 3.5068 Pre: 0.9327 Re: 0.9980 Acc: 0.9630 F1: 0.9643


--------------------------------------------------------------------
Eval results: Cost:6.1134 Pre:0.8774 Re:0.9880 Acc:0.9250 F1:0.9294
--------------------------------------------------------------------

Epoch 151: Time: 0.0623 Cost: 3.4861 Pre: 0.9327 Re: 0.9980 Acc: 0.9630 F1: 0.9643
Epoch 152: Time: 0.0632 Cost: 3.4745 Pre: 0.9327 Re: 0.9980 Acc: 0.9630 F1: 0.9643
Epoch 153: Time: 0.0622 Cost: 3.4624 Pre: 0.9327 Re: 0.9980 Acc: 0.9630 F1: 0.9643
Epoch 154: Time: 0.0623 Cost: 3.4503 Pre: 0.9327 Re: 0.9980 Acc: 0.9630 F1: 0.9643
Epoch 155: Time: 0.0623 Cost: 3.4367 Pre: 0.9327 Re: 0.9980 Acc: 0.9630 F1: 0.9643
Epoch 156: Time: 0.0626 Cost: 3.4219 Pre: 0.9327 Re: 0.9980 Acc: 0.9630 F1: 0.9643
Epoch 157: Time: 0.0623 Cost: 3.4059 Pre: 0.9327 Re: 0.9980 Acc: 0.9630 F1: 0.9643
Epoch 158: Time: 0.0629 Cost: 3.3889 Pre: 0.9327 Re: 0.9980 Acc: 0.9630 F1: 0.9643
Epoch 159: Time: 0.0625 Cost: 3.3710 Pre: 0.9327 Re: 0.9980 Acc: 0.9630 F1: 0.9643
Epoch 160: Time: 0.0627 Cost: 3.3526 Pre: 0.9327 Re: 0.9980 Acc: 0.9630 F1: 0.9643


--------------------------------------------------------------------
Eval results: Cost:5.9178 Pre:0.8855 Re:0.9900 Acc:0.9310 F1:0.9348
--------------------------------------------------------------------

Epoch 161: Time: 0.0632 Cost: 3.3322 Pre: 0.9327 Re: 0.9980 Acc: 0.9630 F1: 0.9643
Epoch 162: Time: 0.0624 Cost: 3.3203 Pre: 0.9327 Re: 0.9980 Acc: 0.9630 F1: 0.9643
Epoch 163: Time: 0.0631 Cost: 3.3073 Pre: 0.9345 Re: 0.9980 Acc: 0.9640 F1: 0.9652
Epoch 164: Time: 0.0624 Cost: 3.2950 Pre: 0.9345 Re: 0.9980 Acc: 0.9640 F1: 0.9652
Epoch 165: Time: 0.0627 Cost: 3.2807 Pre: 0.9362 Re: 0.9980 Acc: 0.9650 F1: 0.9661
Epoch 166: Time: 0.0628 Cost: 3.2656 Pre: 0.9362 Re: 0.9980 Acc: 0.9650 F1: 0.9661
Epoch 167: Time: 0.0624 Cost: 3.2491 Pre: 0.9380 Re: 0.9980 Acc: 0.9660 F1: 0.9671
Epoch 168: Time: 0.0632 Cost: 3.2319 Pre: 0.9380 Re: 0.9980 Acc: 0.9660 F1: 0.9671
Epoch 169: Time: 0.0625 Cost: 3.2138 Pre: 0.9380 Re: 0.9980 Acc: 0.9660 F1: 0.9671
Epoch 170: Time: 0.0629 Cost: 3.1954 Pre: 0.9380 Re: 0.9980 Acc: 0.9660 F1: 0.9671


--------------------------------------------------------------------
Eval results: Cost:5.7439 Pre:0.8855 Re:0.9900 Acc:0.9310 F1:0.9348
--------------------------------------------------------------------

Epoch 171: Time: 0.0629 Cost: 3.1754 Pre: 0.9380 Re: 0.9980 Acc: 0.9660 F1: 0.9671
Epoch 172: Time: 0.0624 Cost: 3.1637 Pre: 0.9380 Re: 0.9980 Acc: 0.9660 F1: 0.9671
Epoch 173: Time: 0.0632 Cost: 3.1504 Pre: 0.9380 Re: 0.9980 Acc: 0.9660 F1: 0.9671
Epoch 174: Time: 0.0633 Cost: 3.1389 Pre: 0.9380 Re: 0.9980 Acc: 0.9660 F1: 0.9671
Epoch 175: Time: 0.0628 Cost: 3.1247 Pre: 0.9380 Re: 0.9980 Acc: 0.9660 F1: 0.9671
Epoch 176: Time: 0.0628 Cost: 3.1104 Pre: 0.9380 Re: 0.9980 Acc: 0.9660 F1: 0.9671
Epoch 177: Time: 0.0626 Cost: 3.0946 Pre: 0.9380 Re: 0.9980 Acc: 0.9660 F1: 0.9671
Epoch 178: Time: 0.0626 Cost: 3.0783 Pre: 0.9397 Re: 0.9980 Acc: 0.9670 F1: 0.9680
Epoch 179: Time: 0.0626 Cost: 3.0614 Pre: 0.9397 Re: 0.9980 Acc: 0.9670 F1: 0.9680
Epoch 180: Time: 0.0632 Cost: 3.0440 Pre: 0.9397 Re: 0.9980 Acc: 0.9670 F1: 0.9680


--------------------------------------------------------------------
Eval results: Cost:5.5960 Pre:0.8871 Re:0.9900 Acc:0.9320 F1:0.9357
--------------------------------------------------------------------

Epoch 181: Time: 0.0649 Cost: 3.0255 Pre: 0.9397 Re: 0.9980 Acc: 0.9670 F1: 0.9680
Epoch 182: Time: 0.0633 Cost: 3.0144 Pre: 0.9397 Re: 0.9980 Acc: 0.9670 F1: 0.9680
Epoch 183: Time: 0.0637 Cost: 3.0024 Pre: 0.9415 Re: 0.9980 Acc: 0.9680 F1: 0.9689
Epoch 184: Time: 0.0638 Cost: 2.9914 Pre: 0.9433 Re: 0.9980 Acc: 0.9690 F1: 0.9699
Epoch 185: Time: 0.0627 Cost: 2.9779 Pre: 0.9433 Re: 0.9980 Acc: 0.9690 F1: 0.9699
Epoch 186: Time: 0.0626 Cost: 2.9641 Pre: 0.9433 Re: 0.9980 Acc: 0.9690 F1: 0.9699
Epoch 187: Time: 0.0627 Cost: 2.9489 Pre: 0.9433 Re: 0.9980 Acc: 0.9690 F1: 0.9699
Epoch 188: Time: 0.0628 Cost: 2.9326 Pre: 0.9433 Re: 0.9980 Acc: 0.9690 F1: 0.9699
Epoch 189: Time: 0.0627 Cost: 2.9156 Pre: 0.9433 Re: 0.9980 Acc: 0.9690 F1: 0.9699
Epoch 190: Time: 0.0627 Cost: 2.8978 Pre: 0.9433 Re: 0.9980 Acc: 0.9690 F1: 0.9699


--------------------------------------------------------------------
Eval results: Cost:5.4433 Pre:0.8889 Re:0.9920 Acc:0.9340 F1:0.9376
--------------------------------------------------------------------

Epoch 191: Time: 0.0632 Cost: 2.8782 Pre: 0.9433 Re: 0.9980 Acc: 0.9690 F1: 0.9699
Epoch 192: Time: 0.0628 Cost: 2.8664 Pre: 0.9433 Re: 0.9980 Acc: 0.9690 F1: 0.9699
Epoch 193: Time: 0.0628 Cost: 2.8530 Pre: 0.9433 Re: 0.9980 Acc: 0.9690 F1: 0.9699
Epoch 194: Time: 0.0634 Cost: 2.8399 Pre: 0.9433 Re: 0.9980 Acc: 0.9690 F1: 0.9699
Epoch 195: Time: 0.0632 Cost: 2.8235 Pre: 0.9433 Re: 0.9980 Acc: 0.9690 F1: 0.9699
Epoch 196: Time: 0.0630 Cost: 2.8052 Pre: 0.9433 Re: 0.9980 Acc: 0.9690 F1: 0.9699
Epoch 197: Time: 0.0628 Cost: 2.7845 Pre: 0.9433 Re: 0.9980 Acc: 0.9690 F1: 0.9699
Epoch 198: Time: 0.0629 Cost: 2.7621 Pre: 0.9451 Re: 0.9980 Acc: 0.9700 F1: 0.9708
Epoch 199: Time: 0.0628 Cost: 2.7401 Pre: 0.9451 Re: 0.9980 Acc: 0.9700 F1: 0.9708
Epoch 200: Time: 0.0628 Cost: 2.7194 Pre: 0.9451 Re: 0.9980 Acc: 0.9700 F1: 0.9708


--------------------------------------------------------------------
Eval results: Cost:5.2467 Pre:0.8905 Re:0.9920 Acc:0.9350 F1:0.9385
--------------------------------------------------------------------

Epoch 201: Time: 0.0628 Cost: 2.6989 Pre: 0.9451 Re: 0.9980 Acc: 0.9700 F1: 0.9708
Epoch 202: Time: 0.0631 Cost: 2.6878 Pre: 0.9451 Re: 0.9980 Acc: 0.9700 F1: 0.9708
Epoch 203: Time: 0.0628 Cost: 2.6747 Pre: 0.9452 Re: 1.0000 Acc: 0.9710 F1: 0.9718
Epoch 204: Time: 0.0629 Cost: 2.6640 Pre: 0.9452 Re: 1.0000 Acc: 0.9710 F1: 0.9718
Epoch 205: Time: 0.0629 Cost: 2.6499 Pre: 0.9452 Re: 1.0000 Acc: 0.9710 F1: 0.9718
Epoch 206: Time: 0.0633 Cost: 2.6358 Pre: 0.9452 Re: 1.0000 Acc: 0.9710 F1: 0.9718
Epoch 207: Time: 0.0647 Cost: 2.6203 Pre: 0.9470 Re: 1.0000 Acc: 0.9720 F1: 0.9728
Epoch 208: Time: 0.0636 Cost: 2.6035 Pre: 0.9470 Re: 1.0000 Acc: 0.9720 F1: 0.9728
Epoch 209: Time: 0.0629 Cost: 2.5860 Pre: 0.9470 Re: 1.0000 Acc: 0.9720 F1: 0.9728
Epoch 210: Time: 0.0636 Cost: 2.5675 Pre: 0.9470 Re: 1.0000 Acc: 0.9720 F1: 0.9728


--------------------------------------------------------------------
Eval results: Cost:5.0414 Pre:0.8937 Re:0.9920 Acc:0.9370 F1:0.9403
--------------------------------------------------------------------

Epoch 211: Time: 0.0629 Cost: 2.5460 Pre: 0.9470 Re: 1.0000 Acc: 0.9720 F1: 0.9728
Epoch 212: Time: 0.0630 Cost: 2.5350 Pre: 0.9470 Re: 1.0000 Acc: 0.9720 F1: 0.9728
Epoch 213: Time: 0.0640 Cost: 2.5220 Pre: 0.9470 Re: 1.0000 Acc: 0.9720 F1: 0.9728
Epoch 214: Time: 0.0629 Cost: 2.5103 Pre: 0.9470 Re: 1.0000 Acc: 0.9720 F1: 0.9728
Epoch 215: Time: 0.0636 Cost: 2.4952 Pre: 0.9488 Re: 1.0000 Acc: 0.9730 F1: 0.9737
Epoch 216: Time: 0.0629 Cost: 2.4797 Pre: 0.9488 Re: 1.0000 Acc: 0.9730 F1: 0.9737
Epoch 217: Time: 0.0628 Cost: 2.4624 Pre: 0.9488 Re: 1.0000 Acc: 0.9730 F1: 0.9737
Epoch 218: Time: 0.0629 Cost: 2.4433 Pre: 0.9488 Re: 1.0000 Acc: 0.9730 F1: 0.9737
Epoch 219: Time: 0.0631 Cost: 2.4230 Pre: 0.9488 Re: 1.0000 Acc: 0.9730 F1: 0.9737
Epoch 220: Time: 0.0628 Cost: 2.4012 Pre: 0.9488 Re: 1.0000 Acc: 0.9730 F1: 0.9737


--------------------------------------------------------------------
Eval results: Cost:4.7966 Pre:0.8953 Re:0.9920 Acc:0.9380 F1:0.9412
--------------------------------------------------------------------

Epoch 221: Time: 0.0630 Cost: 2.3749 Pre: 0.9488 Re: 1.0000 Acc: 0.9730 F1: 0.9737
Epoch 222: Time: 0.0628 Cost: 2.3617 Pre: 0.9488 Re: 1.0000 Acc: 0.9730 F1: 0.9737
Epoch 223: Time: 0.0628 Cost: 2.3464 Pre: 0.9488 Re: 1.0000 Acc: 0.9730 F1: 0.9737
Epoch 224: Time: 0.0632 Cost: 2.3315 Pre: 0.9506 Re: 1.0000 Acc: 0.9740 F1: 0.9747
Epoch 225: Time: 0.0631 Cost: 2.3129 Pre: 0.9506 Re: 1.0000 Acc: 0.9740 F1: 0.9747
Epoch 226: Time: 0.0633 Cost: 2.2932 Pre: 0.9506 Re: 1.0000 Acc: 0.9740 F1: 0.9747
Epoch 227: Time: 0.0628 Cost: 2.2709 Pre: 0.9506 Re: 1.0000 Acc: 0.9740 F1: 0.9747
Epoch 228: Time: 0.0639 Cost: 2.2465 Pre: 0.9506 Re: 1.0000 Acc: 0.9740 F1: 0.9747
Epoch 229: Time: 0.0630 Cost: 2.2204 Pre: 0.9506 Re: 1.0000 Acc: 0.9740 F1: 0.9747
Epoch 230: Time: 0.0629 Cost: 2.1925 Pre: 0.9506 Re: 1.0000 Acc: 0.9740 F1: 0.9747


--------------------------------------------------------------------
Eval results: Cost:4.4732 Pre:0.8969 Re:0.9920 Acc:0.9390 F1:0.9421
--------------------------------------------------------------------

Epoch 231: Time: 0.0630 Cost: 2.1596 Pre: 0.9506 Re: 1.0000 Acc: 0.9740 F1: 0.9747
Epoch 232: Time: 0.0633 Cost: 2.1434 Pre: 0.9542 Re: 1.0000 Acc: 0.9760 F1: 0.9766
Epoch 233: Time: 0.0636 Cost: 2.1242 Pre: 0.9560 Re: 1.0000 Acc: 0.9770 F1: 0.9775
Epoch 234: Time: 0.0629 Cost: 2.1062 Pre: 0.9560 Re: 1.0000 Acc: 0.9770 F1: 0.9775
Epoch 235: Time: 0.0633 Cost: 2.0838 Pre: 0.9560 Re: 1.0000 Acc: 0.9770 F1: 0.9775
Epoch 236: Time: 0.0652 Cost: 2.0607 Pre: 0.9597 Re: 1.0000 Acc: 0.9790 F1: 0.9794
Epoch 237: Time: 0.0630 Cost: 2.0354 Pre: 0.9597 Re: 1.0000 Acc: 0.9790 F1: 0.9794
Epoch 238: Time: 0.0630 Cost: 2.0090 Pre: 0.9615 Re: 1.0000 Acc: 0.9800 F1: 0.9804
Epoch 239: Time: 0.0638 Cost: 1.9818 Pre: 0.9615 Re: 1.0000 Acc: 0.9800 F1: 0.9804
Epoch 240: Time: 0.0631 Cost: 1.9541 Pre: 0.9615 Re: 1.0000 Acc: 0.9800 F1: 0.9804


--------------------------------------------------------------------
Eval results: Cost:4.1288 Pre:0.9084 Re:0.9920 Acc:0.9460 F1:0.9484
--------------------------------------------------------------------

Epoch 241: Time: 0.0630 Cost: 1.9232 Pre: 0.9615 Re: 1.0000 Acc: 0.9800 F1: 0.9804
Epoch 242: Time: 0.0645 Cost: 1.9094 Pre: 0.9615 Re: 1.0000 Acc: 0.9800 F1: 0.9804
Epoch 243: Time: 0.0640 Cost: 1.8929 Pre: 0.9653 Re: 1.0000 Acc: 0.9820 F1: 0.9823
Epoch 244: Time: 0.0630 Cost: 1.8782 Pre: 0.9653 Re: 1.0000 Acc: 0.9820 F1: 0.9823
Epoch 245: Time: 0.0634 Cost: 1.8592 Pre: 0.9653 Re: 1.0000 Acc: 0.9820 F1: 0.9823
Epoch 246: Time: 0.0631 Cost: 1.8409 Pre: 0.9671 Re: 1.0000 Acc: 0.9830 F1: 0.9833
Epoch 247: Time: 0.0630 Cost: 1.8204 Pre: 0.9671 Re: 1.0000 Acc: 0.9830 F1: 0.9833
Epoch 248: Time: 0.0630 Cost: 1.7995 Pre: 0.9690 Re: 1.0000 Acc: 0.9840 F1: 0.9843
Epoch 249: Time: 0.0630 Cost: 1.7781 Pre: 0.9709 Re: 1.0000 Acc: 0.9850 F1: 0.9852
Epoch 250: Time: 0.0631 Cost: 1.7562 Pre: 0.9709 Re: 1.0000 Acc: 0.9850 F1: 0.9852


--------------------------------------------------------------------
Eval results: Cost:3.8497 Pre:0.9254 Re:0.9920 Acc:0.9560 F1:0.9575
--------------------------------------------------------------------

Epoch 251: Time: 0.0631 Cost: 1.7306 Pre: 0.9709 Re: 1.0000 Acc: 0.9850 F1: 0.9852
Epoch 252: Time: 0.0629 Cost: 1.7201 Pre: 0.9709 Re: 1.0000 Acc: 0.9850 F1: 0.9852
Epoch 253: Time: 0.0630 Cost: 1.7065 Pre: 0.9709 Re: 1.0000 Acc: 0.9850 F1: 0.9852
Epoch 254: Time: 0.0629 Cost: 1.6947 Pre: 0.9728 Re: 1.0000 Acc: 0.9860 F1: 0.9862
Epoch 255: Time: 0.0633 Cost: 1.6791 Pre: 0.9747 Re: 1.0000 Acc: 0.9870 F1: 0.9872
Epoch 256: Time: 0.0630 Cost: 1.6640 Pre: 0.9747 Re: 1.0000 Acc: 0.9870 F1: 0.9872
Epoch 257: Time: 0.0630 Cost: 1.6472 Pre: 0.9766 Re: 1.0000 Acc: 0.9880 F1: 0.9881
Epoch 258: Time: 0.0629 Cost: 1.6301 Pre: 0.9766 Re: 1.0000 Acc: 0.9880 F1: 0.9881
Epoch 259: Time: 0.0633 Cost: 1.6124 Pre: 0.9785 Re: 1.0000 Acc: 0.9890 F1: 0.9891
Epoch 260: Time: 0.0630 Cost: 1.5943 Pre: 0.9785 Re: 1.0000 Acc: 0.9890 F1: 0.9891


--------------------------------------------------------------------
Eval results: Cost:3.6327 Pre:0.9288 Re:0.9920 Acc:0.9580 F1:0.9594
--------------------------------------------------------------------

Epoch 261: Time: 0.0632 Cost: 1.5725 Pre: 0.9785 Re: 1.0000 Acc: 0.9890 F1: 0.9891
Epoch 262: Time: 0.0640 Cost: 1.5640 Pre: 0.9804 Re: 1.0000 Acc: 0.9900 F1: 0.9901
Epoch 263: Time: 0.0630 Cost: 1.5530 Pre: 0.9823 Re: 1.0000 Acc: 0.9910 F1: 0.9911
Epoch 264: Time: 0.0629 Cost: 1.5428 Pre: 0.9862 Re: 1.0000 Acc: 0.9930 F1: 0.9930
Epoch 265: Time: 0.0638 Cost: 1.5299 Pre: 0.9862 Re: 1.0000 Acc: 0.9930 F1: 0.9930
Epoch 266: Time: 0.0636 Cost: 1.5171 Pre: 0.9862 Re: 1.0000 Acc: 0.9930 F1: 0.9930
Epoch 267: Time: 0.0632 Cost: 1.5031 Pre: 0.9862 Re: 1.0000 Acc: 0.9930 F1: 0.9930
Epoch 268: Time: 0.0633 Cost: 1.4888 Pre: 0.9862 Re: 1.0000 Acc: 0.9930 F1: 0.9930
Epoch 269: Time: 0.0630 Cost: 1.4740 Pre: 0.9862 Re: 1.0000 Acc: 0.9930 F1: 0.9930
Epoch 270: Time: 0.0635 Cost: 1.4589 Pre: 0.9881 Re: 1.0000 Acc: 0.9940 F1: 0.9940


--------------------------------------------------------------------
Eval results: Cost:3.4521 Pre:0.9358 Re:0.9920 Acc:0.9620 F1:0.9631
--------------------------------------------------------------------

Epoch 271: Time: 0.0632 Cost: 1.4399 Pre: 0.9862 Re: 1.0000 Acc: 0.9930 F1: 0.9930
Epoch 272: Time: 0.0636 Cost: 1.4331 Pre: 0.9881 Re: 1.0000 Acc: 0.9940 F1: 0.9940
Epoch 273: Time: 0.0630 Cost: 1.4242 Pre: 0.9881 Re: 1.0000 Acc: 0.9940 F1: 0.9940
Epoch 274: Time: 0.0630 Cost: 1.4153 Pre: 0.9881 Re: 1.0000 Acc: 0.9940 F1: 0.9940
Epoch 275: Time: 0.0629 Cost: 1.4044 Pre: 0.9881 Re: 1.0000 Acc: 0.9940 F1: 0.9940
Epoch 276: Time: 0.0637 Cost: 1.3935 Pre: 0.9881 Re: 1.0000 Acc: 0.9940 F1: 0.9940
Epoch 277: Time: 0.0629 Cost: 1.3819 Pre: 0.9881 Re: 1.0000 Acc: 0.9940 F1: 0.9940
Epoch 278: Time: 0.0633 Cost: 1.3698 Pre: 0.9881 Re: 1.0000 Acc: 0.9940 F1: 0.9940
Epoch 279: Time: 0.0631 Cost: 1.3573 Pre: 0.9881 Re: 1.0000 Acc: 0.9940 F1: 0.9940
Epoch 280: Time: 0.0631 Cost: 1.3446 Pre: 0.9881 Re: 0.9980 Acc: 0.9930 F1: 0.9930


--------------------------------------------------------------------
Eval results: Cost:3.2942 Pre:0.9412 Re:0.9920 Acc:0.9650 F1:0.9659
--------------------------------------------------------------------

Epoch 281: Time: 0.0640 Cost: 1.3281 Pre: 0.9881 Re: 0.9980 Acc: 0.9930 F1: 0.9930
Epoch 282: Time: 0.0630 Cost: 1.3226 Pre: 0.9881 Re: 0.9980 Acc: 0.9930 F1: 0.9930
Epoch 283: Time: 0.0629 Cost: 1.3153 Pre: 0.9881 Re: 0.9980 Acc: 0.9930 F1: 0.9930
Epoch 284: Time: 0.0630 Cost: 1.3074 Pre: 0.9881 Re: 0.9980 Acc: 0.9930 F1: 0.9930
Epoch 285: Time: 0.0637 Cost: 1.2983 Pre: 0.9881 Re: 0.9980 Acc: 0.9930 F1: 0.9930
Epoch 286: Time: 0.0630 Cost: 1.2890 Pre: 0.9881 Re: 0.9980 Acc: 0.9930 F1: 0.9930
Epoch 287: Time: 0.0629 Cost: 1.2792 Pre: 0.9881 Re: 0.9980 Acc: 0.9930 F1: 0.9930
Epoch 288: Time: 0.0629 Cost: 1.2690 Pre: 0.9881 Re: 0.9980 Acc: 0.9930 F1: 0.9930
Epoch 289: Time: 0.0629 Cost: 1.2584 Pre: 0.9881 Re: 0.9980 Acc: 0.9930 F1: 0.9930
Epoch 290: Time: 0.0632 Cost: 1.2476 Pre: 0.9881 Re: 0.9980 Acc: 0.9930 F1: 0.9930


--------------------------------------------------------------------
Eval results: Cost:3.1534 Pre:0.9430 Re:0.9920 Acc:0.9660 F1:0.9669
--------------------------------------------------------------------

Epoch 291: Time: 0.0633 Cost: 1.2332 Pre: 0.9881 Re: 0.9980 Acc: 0.9930 F1: 0.9930
Epoch 292: Time: 0.0629 Cost: 1.2288 Pre: 0.9881 Re: 0.9980 Acc: 0.9930 F1: 0.9930
Epoch 293: Time: 0.0638 Cost: 1.2228 Pre: 0.9881 Re: 0.9980 Acc: 0.9930 F1: 0.9930
Epoch 294: Time: 0.0628 Cost: 1.2159 Pre: 0.9881 Re: 0.9980 Acc: 0.9930 F1: 0.9930
Epoch 295: Time: 0.0633 Cost: 1.2081 Pre: 0.9881 Re: 0.9980 Acc: 0.9930 F1: 0.9930
Epoch 296: Time: 0.0629 Cost: 1.2003 Pre: 0.9881 Re: 0.9980 Acc: 0.9930 F1: 0.9930
Epoch 297: Time: 0.0629 Cost: 1.1921 Pre: 0.9881 Re: 0.9980 Acc: 0.9930 F1: 0.9930
Epoch 298: Time: 0.0629 Cost: 1.1834 Pre: 0.9881 Re: 0.9980 Acc: 0.9930 F1: 0.9930
Epoch 299: Time: 0.0632 Cost: 1.1744 Pre: 0.9881 Re: 0.9980 Acc: 0.9930 F1: 0.9930
Epoch 300: Time: 0.0633 Cost: 1.1652 Pre: 0.9901 Re: 0.9980 Acc: 0.9940 F1: 0.9940


--------------------------------------------------------------------
Eval results: Cost:3.0289 Pre:0.9484 Re:0.9920 Acc:0.9690 F1:0.9697
--------------------------------------------------------------------

Epoch 301: Time: 0.0634 Cost: 1.1526 Pre: 0.9901 Re: 0.9980 Acc: 0.9940 F1: 0.9940
Epoch 302: Time: 0.0633 Cost: 1.1491 Pre: 0.9901 Re: 0.9980 Acc: 0.9940 F1: 0.9940
Epoch 303: Time: 0.0632 Cost: 1.1441 Pre: 0.9901 Re: 0.9980 Acc: 0.9940 F1: 0.9940
Epoch 304: Time: 0.0629 Cost: 1.1380 Pre: 0.9901 Re: 0.9980 Acc: 0.9940 F1: 0.9940
Epoch 305: Time: 0.0629 Cost: 1.1315 Pre: 0.9901 Re: 0.9980 Acc: 0.9940 F1: 0.9940
Epoch 306: Time: 0.0643 Cost: 1.1249 Pre: 0.9901 Re: 0.9980 Acc: 0.9940 F1: 0.9940
Epoch 307: Time: 0.0629 Cost: 1.1179 Pre: 0.9901 Re: 0.9980 Acc: 0.9940 F1: 0.9940
Epoch 308: Time: 0.0633 Cost: 1.1105 Pre: 0.9901 Re: 0.9980 Acc: 0.9940 F1: 0.9940
Epoch 309: Time: 0.0635 Cost: 1.1028 Pre: 0.9901 Re: 0.9980 Acc: 0.9940 F1: 0.9940
Epoch 310: Time: 0.0633 Cost: 1.0950 Pre: 0.9901 Re: 0.9980 Acc: 0.9940 F1: 0.9940


--------------------------------------------------------------------
Eval results: Cost:2.9217 Pre:0.9484 Re:0.9920 Acc:0.9690 F1:0.9697
--------------------------------------------------------------------

Epoch 311: Time: 0.0629 Cost: 1.0839 Pre: 0.9901 Re: 0.9980 Acc: 0.9940 F1: 0.9940
Epoch 312: Time: 0.0628 Cost: 1.0812 Pre: 0.9901 Re: 0.9980 Acc: 0.9940 F1: 0.9940
Epoch 313: Time: 0.0632 Cost: 1.0769 Pre: 0.9901 Re: 0.9980 Acc: 0.9940 F1: 0.9940
Epoch 314: Time: 0.0629 Cost: 1.0716 Pre: 0.9901 Re: 0.9980 Acc: 0.9940 F1: 0.9940
Epoch 315: Time: 0.0632 Cost: 1.0661 Pre: 0.9901 Re: 0.9980 Acc: 0.9940 F1: 0.9940
Epoch 316: Time: 0.0629 Cost: 1.0605 Pre: 0.9901 Re: 0.9980 Acc: 0.9940 F1: 0.9940
Epoch 317: Time: 0.0649 Cost: 1.0546 Pre: 0.9901 Re: 0.9980 Acc: 0.9940 F1: 0.9940
Epoch 318: Time: 0.0629 Cost: 1.0483 Pre: 0.9901 Re: 0.9980 Acc: 0.9940 F1: 0.9940
Epoch 319: Time: 0.0632 Cost: 1.0416 Pre: 0.9901 Re: 0.9980 Acc: 0.9940 F1: 0.9940
Epoch 320: Time: 0.0630 Cost: 1.0349 Pre: 0.9901 Re: 0.9980 Acc: 0.9940 F1: 0.9940


--------------------------------------------------------------------
Eval results: Cost:2.8300 Pre:0.9538 Re:0.9920 Acc:0.9720 F1:0.9725
--------------------------------------------------------------------

Epoch 321: Time: 0.0630 Cost: 1.0249 Pre: 0.9901 Re: 0.9980 Acc: 0.9940 F1: 0.9940
Epoch 322: Time: 0.0629 Cost: 1.0227 Pre: 0.9901 Re: 1.0000 Acc: 0.9950 F1: 0.9950
Epoch 323: Time: 0.0628 Cost: 1.0191 Pre: 0.9901 Re: 1.0000 Acc: 0.9950 F1: 0.9950
Epoch 324: Time: 0.0632 Cost: 1.0145 Pre: 0.9901 Re: 1.0000 Acc: 0.9950 F1: 0.9950
Epoch 325: Time: 0.0639 Cost: 1.0097 Pre: 0.9901 Re: 1.0000 Acc: 0.9950 F1: 0.9950
Epoch 326: Time: 0.0633 Cost: 1.0049 Pre: 0.9901 Re: 1.0000 Acc: 0.9950 F1: 0.9950
Epoch 327: Time: 0.0628 Cost: 0.9999 Pre: 0.9921 Re: 1.0000 Acc: 0.9960 F1: 0.9960
Epoch 328: Time: 0.0631 Cost: 0.9943 Pre: 0.9921 Re: 1.0000 Acc: 0.9960 F1: 0.9960
Epoch 329: Time: 0.0628 Cost: 0.9885 Pre: 0.9921 Re: 1.0000 Acc: 0.9960 F1: 0.9960
Epoch 330: Time: 0.0629 Cost: 0.9826 Pre: 0.9921 Re: 1.0000 Acc: 0.9960 F1: 0.9960


--------------------------------------------------------------------
Eval results: Cost:2.7481 Pre:0.9538 Re:0.9920 Acc:0.9720 F1:0.9725
--------------------------------------------------------------------

Epoch 331: Time: 0.0632 Cost: 0.9735 Pre: 0.9921 Re: 1.0000 Acc: 0.9960 F1: 0.9960
Epoch 332: Time: 0.0629 Cost: 0.9717 Pre: 0.9921 Re: 1.0000 Acc: 0.9960 F1: 0.9960
Epoch 333: Time: 0.0632 Cost: 0.9685 Pre: 0.9921 Re: 1.0000 Acc: 0.9960 F1: 0.9960
Epoch 334: Time: 0.0630 Cost: 0.9645 Pre: 0.9921 Re: 1.0000 Acc: 0.9960 F1: 0.9960
Epoch 335: Time: 0.0635 Cost: 0.9603 Pre: 0.9921 Re: 1.0000 Acc: 0.9960 F1: 0.9960
Epoch 336: Time: 0.0629 Cost: 0.9562 Pre: 0.9921 Re: 1.0000 Acc: 0.9960 F1: 0.9960
Epoch 337: Time: 0.0637 Cost: 0.9518 Pre: 0.9921 Re: 1.0000 Acc: 0.9960 F1: 0.9960
Epoch 338: Time: 0.0629 Cost: 0.9469 Pre: 0.9921 Re: 1.0000 Acc: 0.9960 F1: 0.9960
Epoch 339: Time: 0.0640 Cost: 0.9418 Pre: 0.9921 Re: 1.0000 Acc: 0.9960 F1: 0.9960
Epoch 340: Time: 0.0629 Cost: 0.9366 Pre: 0.9921 Re: 1.0000 Acc: 0.9960 F1: 0.9960


--------------------------------------------------------------------
Eval results: Cost:2.6670 Pre:0.9575 Re:0.9920 Acc:0.9740 F1:0.9745
--------------------------------------------------------------------

Epoch 341: Time: 0.0629 Cost: 0.9283 Pre: 0.9921 Re: 1.0000 Acc: 0.9960 F1: 0.9960
Epoch 342: Time: 0.0628 Cost: 0.9269 Pre: 0.9921 Re: 1.0000 Acc: 0.9960 F1: 0.9960
Epoch 343: Time: 0.0639 Cost: 0.9241 Pre: 0.9921 Re: 1.0000 Acc: 0.9960 F1: 0.9960
Epoch 344: Time: 0.0631 Cost: 0.9205 Pre: 0.9921 Re: 1.0000 Acc: 0.9960 F1: 0.9960
Epoch 345: Time: 0.0628 Cost: 0.9169 Pre: 0.9921 Re: 1.0000 Acc: 0.9960 F1: 0.9960
Epoch 346: Time: 0.0636 Cost: 0.9133 Pre: 0.9921 Re: 1.0000 Acc: 0.9960 F1: 0.9960
Epoch 347: Time: 0.0629 Cost: 0.9095 Pre: 0.9921 Re: 1.0000 Acc: 0.9960 F1: 0.9960
Epoch 348: Time: 0.0634 Cost: 0.9052 Pre: 0.9921 Re: 1.0000 Acc: 0.9960 F1: 0.9960
Epoch 349: Time: 0.0629 Cost: 0.9006 Pre: 0.9921 Re: 1.0000 Acc: 0.9960 F1: 0.9960
Epoch 350: Time: 0.0631 Cost: 0.8959 Pre: 0.9921 Re: 1.0000 Acc: 0.9960 F1: 0.9960


--------------------------------------------------------------------
Eval results: Cost:2.5880 Pre:0.9594 Re:0.9920 Acc:0.9750 F1:0.9754
--------------------------------------------------------------------

Epoch 351: Time: 0.0630 Cost: 0.8883 Pre: 0.9921 Re: 1.0000 Acc: 0.9960 F1: 0.9960
Epoch 352: Time: 0.0628 Cost: 0.8872 Pre: 0.9921 Re: 1.0000 Acc: 0.9960 F1: 0.9960
Epoch 353: Time: 0.0643 Cost: 0.8847 Pre: 0.9921 Re: 1.0000 Acc: 0.9960 F1: 0.9960
Epoch 354: Time: 0.0628 Cost: 0.8815 Pre: 0.9921 Re: 1.0000 Acc: 0.9960 F1: 0.9960
Epoch 355: Time: 0.0629 Cost: 0.8784 Pre: 0.9921 Re: 1.0000 Acc: 0.9960 F1: 0.9960
Epoch 356: Time: 0.0629 Cost: 0.8753 Pre: 0.9921 Re: 1.0000 Acc: 0.9960 F1: 0.9960
Epoch 357: Time: 0.0636 Cost: 0.8719 Pre: 0.9921 Re: 1.0000 Acc: 0.9960 F1: 0.9960
Epoch 358: Time: 0.0632 Cost: 0.8681 Pre: 0.9921 Re: 1.0000 Acc: 0.9960 F1: 0.9960
Epoch 359: Time: 0.0629 Cost: 0.8640 Pre: 0.9921 Re: 1.0000 Acc: 0.9960 F1: 0.9960
Epoch 360: Time: 0.0629 Cost: 0.8598 Pre: 0.9921 Re: 1.0000 Acc: 0.9960 F1: 0.9960


--------------------------------------------------------------------
Eval results: Cost:2.5112 Pre:0.9594 Re:0.9920 Acc:0.9750 F1:0.9754
--------------------------------------------------------------------

Epoch 361: Time: 0.0641 Cost: 0.8527 Pre: 0.9921 Re: 1.0000 Acc: 0.9960 F1: 0.9960
Epoch 362: Time: 0.0628 Cost: 0.8518 Pre: 0.9921 Re: 1.0000 Acc: 0.9960 F1: 0.9960
Epoch 363: Time: 0.0628 Cost: 0.8496 Pre: 0.9921 Re: 1.0000 Acc: 0.9960 F1: 0.9960
Epoch 364: Time: 0.0636 Cost: 0.8468 Pre: 0.9921 Re: 1.0000 Acc: 0.9960 F1: 0.9960
Epoch 365: Time: 0.0628 Cost: 0.8440 Pre: 0.9921 Re: 1.0000 Acc: 0.9960 F1: 0.9960
Epoch 366: Time: 0.0628 Cost: 0.8413 Pre: 0.9921 Re: 1.0000 Acc: 0.9960 F1: 0.9960
Epoch 367: Time: 0.0628 Cost: 0.8383 Pre: 0.9921 Re: 1.0000 Acc: 0.9960 F1: 0.9960
Epoch 368: Time: 0.0627 Cost: 0.8349 Pre: 0.9921 Re: 1.0000 Acc: 0.9960 F1: 0.9960
Epoch 369: Time: 0.0633 Cost: 0.8312 Pre: 0.9921 Re: 1.0000 Acc: 0.9960 F1: 0.9960
Epoch 370: Time: 0.0633 Cost: 0.8274 Pre: 0.9921 Re: 1.0000 Acc: 0.9960 F1: 0.9960


--------------------------------------------------------------------
Eval results: Cost:2.4382 Pre:0.9594 Re:0.9920 Acc:0.9750 F1:0.9754
--------------------------------------------------------------------

Epoch 371: Time: 0.0628 Cost: 0.8208 Pre: 0.9921 Re: 1.0000 Acc: 0.9960 F1: 0.9960
Epoch 372: Time: 0.0631 Cost: 0.8201 Pre: 0.9921 Re: 1.0000 Acc: 0.9960 F1: 0.9960
Epoch 373: Time: 0.0635 Cost: 0.8180 Pre: 0.9921 Re: 1.0000 Acc: 0.9960 F1: 0.9960
Epoch 374: Time: 0.0629 Cost: 0.8155 Pre: 0.9921 Re: 1.0000 Acc: 0.9960 F1: 0.9960
Epoch 375: Time: 0.0633 Cost: 0.8131 Pre: 0.9921 Re: 1.0000 Acc: 0.9960 F1: 0.9960
Epoch 376: Time: 0.0629 Cost: 0.8106 Pre: 0.9921 Re: 1.0000 Acc: 0.9960 F1: 0.9960
Epoch 377: Time: 0.0631 Cost: 0.8080 Pre: 0.9921 Re: 1.0000 Acc: 0.9960 F1: 0.9960
Epoch 378: Time: 0.0632 Cost: 0.8049 Pre: 0.9921 Re: 1.0000 Acc: 0.9960 F1: 0.9960
Epoch 379: Time: 0.0628 Cost: 0.8015 Pre: 0.9921 Re: 1.0000 Acc: 0.9960 F1: 0.9960
Epoch 380: Time: 0.0631 Cost: 0.7981 Pre: 0.9921 Re: 1.0000 Acc: 0.9960 F1: 0.9960


--------------------------------------------------------------------
Eval results: Cost:2.3701 Pre:0.9595 Re:0.9940 Acc:0.9760 F1:0.9764
--------------------------------------------------------------------

Epoch 381: Time: 0.0639 Cost: 0.7919 Pre: 0.9921 Re: 1.0000 Acc: 0.9960 F1: 0.9960
Epoch 382: Time: 0.0628 Cost: 0.7913 Pre: 0.9921 Re: 1.0000 Acc: 0.9960 F1: 0.9960
Epoch 383: Time: 0.0628 Cost: 0.7893 Pre: 0.9921 Re: 1.0000 Acc: 0.9960 F1: 0.9960
Epoch 384: Time: 0.0629 Cost: 0.7871 Pre: 0.9921 Re: 1.0000 Acc: 0.9960 F1: 0.9960
Epoch 385: Time: 0.0628 Cost: 0.7849 Pre: 0.9921 Re: 1.0000 Acc: 0.9960 F1: 0.9960
Epoch 386: Time: 0.0636 Cost: 0.7827 Pre: 0.9921 Re: 1.0000 Acc: 0.9960 F1: 0.9960
Epoch 387: Time: 0.0628 Cost: 0.7803 Pre: 0.9921 Re: 1.0000 Acc: 0.9960 F1: 0.9960
Epoch 388: Time: 0.0634 Cost: 0.7775 Pre: 0.9921 Re: 1.0000 Acc: 0.9960 F1: 0.9960
Epoch 389: Time: 0.0629 Cost: 0.7744 Pre: 0.9921 Re: 1.0000 Acc: 0.9960 F1: 0.9960
Epoch 390: Time: 0.0630 Cost: 0.7712 Pre: 0.9921 Re: 1.0000 Acc: 0.9960 F1: 0.9960


--------------------------------------------------------------------
Eval results: Cost:2.3069 Pre:0.9595 Re:0.9940 Acc:0.9760 F1:0.9764
--------------------------------------------------------------------

Epoch 391: Time: 0.0630 Cost: 0.7654 Pre: 0.9921 Re: 1.0000 Acc: 0.9960 F1: 0.9960
Epoch 392: Time: 0.0637 Cost: 0.7649 Pre: 0.9921 Re: 1.0000 Acc: 0.9960 F1: 0.9960
Epoch 393: Time: 0.0638 Cost: 0.7630 Pre: 0.9921 Re: 1.0000 Acc: 0.9960 F1: 0.9960
Epoch 394: Time: 0.0629 Cost: 0.7609 Pre: 0.9921 Re: 1.0000 Acc: 0.9960 F1: 0.9960
Epoch 395: Time: 0.0629 Cost: 0.7589 Pre: 0.9921 Re: 1.0000 Acc: 0.9960 F1: 0.9960
Epoch 396: Time: 0.0629 Cost: 0.7569 Pre: 0.9921 Re: 1.0000 Acc: 0.9960 F1: 0.9960
Epoch 397: Time: 0.0632 Cost: 0.7547 Pre: 0.9921 Re: 1.0000 Acc: 0.9960 F1: 0.9960
Epoch 398: Time: 0.0629 Cost: 0.7521 Pre: 0.9921 Re: 1.0000 Acc: 0.9960 F1: 0.9960
Epoch 399: Time: 0.0629 Cost: 0.7493 Pre: 0.9921 Re: 1.0000 Acc: 0.9960 F1: 0.9960
Epoch 400: Time: 0.0634 Cost: 0.7464 Pre: 0.9921 Re: 1.0000 Acc: 0.9960 F1: 0.9960


--------------------------------------------------------------------
Eval results: Cost:2.2482 Pre:0.9613 Re:0.9940 Acc:0.9770 F1:0.9774
--------------------------------------------------------------------

Epoch 401: Time: 0.0630 Cost: 0.7409 Pre: 0.9921 Re: 1.0000 Acc: 0.9960 F1: 0.9960
Epoch 402: Time: 0.0636 Cost: 0.7404 Pre: 0.9921 Re: 1.0000 Acc: 0.9960 F1: 0.9960
Epoch 403: Time: 0.0634 Cost: 0.7386 Pre: 0.9921 Re: 1.0000 Acc: 0.9960 F1: 0.9960
Epoch 404: Time: 0.0630 Cost: 0.7366 Pre: 0.9921 Re: 1.0000 Acc: 0.9960 F1: 0.9960
Epoch 405: Time: 0.0636 Cost: 0.7348 Pre: 0.9921 Re: 1.0000 Acc: 0.9960 F1: 0.9960
Epoch 406: Time: 0.0647 Cost: 0.7330 Pre: 0.9921 Re: 1.0000 Acc: 0.9960 F1: 0.9960
Epoch 407: Time: 0.0629 Cost: 0.7309 Pre: 0.9921 Re: 1.0000 Acc: 0.9960 F1: 0.9960
Epoch 408: Time: 0.0629 Cost: 0.7285 Pre: 0.9921 Re: 1.0000 Acc: 0.9960 F1: 0.9960
Epoch 409: Time: 0.0629 Cost: 0.7258 Pre: 0.9921 Re: 1.0000 Acc: 0.9960 F1: 0.9960
Epoch 410: Time: 0.0628 Cost: 0.7231 Pre: 0.9921 Re: 1.0000 Acc: 0.9960 F1: 0.9960


--------------------------------------------------------------------
Eval results: Cost:2.1940 Pre:0.9650 Re:0.9940 Acc:0.9790 F1:0.9793
--------------------------------------------------------------------

Epoch 411: Time: 0.0637 Cost: 0.7180 Pre: 0.9921 Re: 1.0000 Acc: 0.9960 F1: 0.9960
Epoch 412: Time: 0.0629 Cost: 0.7175 Pre: 0.9921 Re: 1.0000 Acc: 0.9960 F1: 0.9960
Epoch 413: Time: 0.0632 Cost: 0.7157 Pre: 0.9940 Re: 1.0000 Acc: 0.9970 F1: 0.9970
Epoch 414: Time: 0.0639 Cost: 0.7139 Pre: 0.9940 Re: 1.0000 Acc: 0.9970 F1: 0.9970
Epoch 415: Time: 0.0630 Cost: 0.7123 Pre: 0.9940 Re: 1.0000 Acc: 0.9970 F1: 0.9970
Epoch 416: Time: 0.0629 Cost: 0.7105 Pre: 0.9940 Re: 1.0000 Acc: 0.9970 F1: 0.9970
Epoch 417: Time: 0.0633 Cost: 0.7086 Pre: 0.9940 Re: 1.0000 Acc: 0.9970 F1: 0.9970
Epoch 418: Time: 0.0636 Cost: 0.7063 Pre: 0.9940 Re: 1.0000 Acc: 0.9970 F1: 0.9970
Epoch 419: Time: 0.0643 Cost: 0.7038 Pre: 0.9940 Re: 1.0000 Acc: 0.9970 F1: 0.9970
Epoch 420: Time: 0.0628 Cost: 0.7013 Pre: 0.9940 Re: 1.0000 Acc: 0.9970 F1: 0.9970


--------------------------------------------------------------------
Eval results: Cost:2.1442 Pre:0.9669 Re:0.9940 Acc:0.9800 F1:0.9803
--------------------------------------------------------------------

Epoch 421: Time: 0.0629 Cost: 0.6965 Pre: 0.9940 Re: 1.0000 Acc: 0.9970 F1: 0.9970
Epoch 422: Time: 0.0629 Cost: 0.6959 Pre: 0.9940 Re: 1.0000 Acc: 0.9970 F1: 0.9970
Epoch 423: Time: 0.0636 Cost: 0.6942 Pre: 0.9940 Re: 1.0000 Acc: 0.9970 F1: 0.9970
Epoch 424: Time: 0.0628 Cost: 0.6925 Pre: 0.9940 Re: 1.0000 Acc: 0.9970 F1: 0.9970
Epoch 425: Time: 0.0629 Cost: 0.6910 Pre: 0.9940 Re: 1.0000 Acc: 0.9970 F1: 0.9970
Epoch 426: Time: 0.0629 Cost: 0.6893 Pre: 0.9940 Re: 1.0000 Acc: 0.9970 F1: 0.9970
Epoch 427: Time: 0.0628 Cost: 0.6875 Pre: 0.9940 Re: 1.0000 Acc: 0.9970 F1: 0.9970
Epoch 428: Time: 0.0635 Cost: 0.6853 Pre: 0.9940 Re: 1.0000 Acc: 0.9970 F1: 0.9970
Epoch 429: Time: 0.0629 Cost: 0.6830 Pre: 0.9940 Re: 1.0000 Acc: 0.9970 F1: 0.9970
Epoch 430: Time: 0.0637 Cost: 0.6806 Pre: 0.9940 Re: 1.0000 Acc: 0.9970 F1: 0.9970


--------------------------------------------------------------------
Eval results: Cost:2.0987 Pre:0.9669 Re:0.9940 Acc:0.9800 F1:0.9803
--------------------------------------------------------------------

Epoch 431: Time: 0.0631 Cost: 0.6761 Pre: 0.9940 Re: 1.0000 Acc: 0.9970 F1: 0.9970
Epoch 432: Time: 0.0629 Cost: 0.6755 Pre: 0.9940 Re: 1.0000 Acc: 0.9970 F1: 0.9970
Epoch 433: Time: 0.0635 Cost: 0.6740 Pre: 0.9940 Re: 1.0000 Acc: 0.9970 F1: 0.9970
Epoch 434: Time: 0.0628 Cost: 0.6722 Pre: 0.9940 Re: 1.0000 Acc: 0.9970 F1: 0.9970
Epoch 435: Time: 0.0629 Cost: 0.6709 Pre: 0.9940 Re: 1.0000 Acc: 0.9970 F1: 0.9970
Epoch 436: Time: 0.0635 Cost: 0.6693 Pre: 0.9940 Re: 1.0000 Acc: 0.9970 F1: 0.9970
Epoch 437: Time: 0.0628 Cost: 0.6675 Pre: 0.9940 Re: 1.0000 Acc: 0.9970 F1: 0.9970
Epoch 438: Time: 0.0632 Cost: 0.6655 Pre: 0.9940 Re: 1.0000 Acc: 0.9970 F1: 0.9970
Epoch 439: Time: 0.0631 Cost: 0.6634 Pre: 0.9940 Re: 1.0000 Acc: 0.9970 F1: 0.9970
Epoch 440: Time: 0.0637 Cost: 0.6611 Pre: 0.9940 Re: 1.0000 Acc: 0.9970 F1: 0.9970


--------------------------------------------------------------------
Eval results: Cost:2.0576 Pre:0.9669 Re:0.9940 Acc:0.9800 F1:0.9803
--------------------------------------------------------------------

Epoch 441: Time: 0.0629 Cost: 0.6569 Pre: 0.9940 Re: 1.0000 Acc: 0.9970 F1: 0.9970
Epoch 442: Time: 0.0633 Cost: 0.6562 Pre: 0.9940 Re: 1.0000 Acc: 0.9970 F1: 0.9970
Epoch 443: Time: 0.0628 Cost: 0.6548 Pre: 0.9940 Re: 1.0000 Acc: 0.9970 F1: 0.9970
Epoch 444: Time: 0.0637 Cost: 0.6531 Pre: 0.9940 Re: 1.0000 Acc: 0.9970 F1: 0.9970
Epoch 445: Time: 0.0629 Cost: 0.6519 Pre: 0.9940 Re: 1.0000 Acc: 0.9970 F1: 0.9970
Epoch 446: Time: 0.0636 Cost: 0.6505 Pre: 0.9940 Re: 1.0000 Acc: 0.9970 F1: 0.9970
Epoch 447: Time: 0.0634 Cost: 0.6488 Pre: 0.9940 Re: 1.0000 Acc: 0.9970 F1: 0.9970
Epoch 448: Time: 0.0629 Cost: 0.6469 Pre: 0.9940 Re: 1.0000 Acc: 0.9970 F1: 0.9970
Epoch 449: Time: 0.0633 Cost: 0.6449 Pre: 0.9940 Re: 1.0000 Acc: 0.9970 F1: 0.9970
Epoch 450: Time: 0.0634 Cost: 0.6428 Pre: 0.9940 Re: 1.0000 Acc: 0.9970 F1: 0.9970


--------------------------------------------------------------------
Eval results: Cost:2.0205 Pre:0.9669 Re:0.9940 Acc:0.9800 F1:0.9803
--------------------------------------------------------------------

Epoch 451: Time: 0.0629 Cost: 0.6388 Pre: 0.9940 Re: 1.0000 Acc: 0.9970 F1: 0.9970
Epoch 452: Time: 0.0629 Cost: 0.6380 Pre: 0.9940 Re: 1.0000 Acc: 0.9970 F1: 0.9970
Epoch 453: Time: 0.0628 Cost: 0.6368 Pre: 0.9940 Re: 1.0000 Acc: 0.9970 F1: 0.9970
Epoch 454: Time: 0.0629 Cost: 0.6352 Pre: 0.9940 Re: 1.0000 Acc: 0.9970 F1: 0.9970
Epoch 455: Time: 0.0629 Cost: 0.6341 Pre: 0.9940 Re: 1.0000 Acc: 0.9970 F1: 0.9970
Epoch 456: Time: 0.0636 Cost: 0.6328 Pre: 0.9940 Re: 1.0000 Acc: 0.9970 F1: 0.9970
Epoch 457: Time: 0.0629 Cost: 0.6312 Pre: 0.9940 Re: 1.0000 Acc: 0.9970 F1: 0.9970
Epoch 458: Time: 0.0628 Cost: 0.6294 Pre: 0.9940 Re: 1.0000 Acc: 0.9970 F1: 0.9970
Epoch 459: Time: 0.0630 Cost: 0.6276 Pre: 0.9940 Re: 1.0000 Acc: 0.9970 F1: 0.9970
Epoch 460: Time: 0.0633 Cost: 0.6256 Pre: 0.9940 Re: 1.0000 Acc: 0.9970 F1: 0.9970


--------------------------------------------------------------------
Eval results: Cost:1.9868 Pre:0.9669 Re:0.9940 Acc:0.9800 F1:0.9803
--------------------------------------------------------------------

Epoch 461: Time: 0.0630 Cost: 0.6219 Pre: 0.9940 Re: 1.0000 Acc: 0.9970 F1: 0.9970
Epoch 462: Time: 0.0643 Cost: 0.6211 Pre: 0.9940 Re: 1.0000 Acc: 0.9970 F1: 0.9970
Epoch 463: Time: 0.0632 Cost: 0.6200 Pre: 0.9940 Re: 1.0000 Acc: 0.9970 F1: 0.9970
Epoch 464: Time: 0.0633 Cost: 0.6185 Pre: 0.9940 Re: 1.0000 Acc: 0.9970 F1: 0.9970
Epoch 465: Time: 0.0630 Cost: 0.6175 Pre: 0.9940 Re: 1.0000 Acc: 0.9970 F1: 0.9970
Epoch 466: Time: 0.0629 Cost: 0.6163 Pre: 0.9940 Re: 1.0000 Acc: 0.9970 F1: 0.9970
Epoch 467: Time: 0.0629 Cost: 0.6148 Pre: 0.9940 Re: 1.0000 Acc: 0.9970 F1: 0.9970
Epoch 468: Time: 0.0633 Cost: 0.6132 Pre: 0.9940 Re: 1.0000 Acc: 0.9970 F1: 0.9970
Epoch 469: Time: 0.0629 Cost: 0.6115 Pre: 0.9940 Re: 1.0000 Acc: 0.9970 F1: 0.9970
Epoch 470: Time: 0.0629 Cost: 0.6097 Pre: 0.9940 Re: 1.0000 Acc: 0.9970 F1: 0.9970


--------------------------------------------------------------------
Eval results: Cost:1.9555 Pre:0.9669 Re:0.9940 Acc:0.9800 F1:0.9803
--------------------------------------------------------------------

Epoch 471: Time: 0.0629 Cost: 0.6063 Pre: 0.9940 Re: 1.0000 Acc: 0.9970 F1: 0.9970
Epoch 472: Time: 0.0635 Cost: 0.6055 Pre: 0.9940 Re: 1.0000 Acc: 0.9970 F1: 0.9970
Epoch 473: Time: 0.0648 Cost: 0.6043 Pre: 0.9940 Re: 1.0000 Acc: 0.9970 F1: 0.9970
Epoch 474: Time: 0.0629 Cost: 0.6029 Pre: 0.9940 Re: 1.0000 Acc: 0.9970 F1: 0.9970
Epoch 475: Time: 0.0628 Cost: 0.6021 Pre: 0.9940 Re: 1.0000 Acc: 0.9970 F1: 0.9970
Epoch 476: Time: 0.0630 Cost: 0.6010 Pre: 0.9940 Re: 1.0000 Acc: 0.9970 F1: 0.9970
Epoch 477: Time: 0.0630 Cost: 0.5996 Pre: 0.9940 Re: 1.0000 Acc: 0.9970 F1: 0.9970
Epoch 478: Time: 0.0644 Cost: 0.5982 Pre: 0.9940 Re: 1.0000 Acc: 0.9970 F1: 0.9970
Epoch 479: Time: 0.0630 Cost: 0.5967 Pre: 0.9940 Re: 1.0000 Acc: 0.9970 F1: 0.9970
Epoch 480: Time: 0.0632 Cost: 0.5950 Pre: 0.9940 Re: 1.0000 Acc: 0.9970 F1: 0.9970


--------------------------------------------------------------------
Eval results: Cost:1.9256 Pre:0.9669 Re:0.9940 Acc:0.9800 F1:0.9803
--------------------------------------------------------------------

Epoch 481: Time: 0.0633 Cost: 0.5920 Pre: 0.9940 Re: 1.0000 Acc: 0.9970 F1: 0.9970
Epoch 482: Time: 0.0636 Cost: 0.5913 Pre: 0.9940 Re: 1.0000 Acc: 0.9970 F1: 0.9970
Epoch 483: Time: 0.0629 Cost: 0.5898 Pre: 0.9940 Re: 1.0000 Acc: 0.9970 F1: 0.9970
Epoch 484: Time: 0.0631 Cost: 0.5887 Pre: 0.9940 Re: 1.0000 Acc: 0.9970 F1: 0.9970
Epoch 485: Time: 0.0634 Cost: 0.5879 Pre: 0.9940 Re: 1.0000 Acc: 0.9970 F1: 0.9970
Epoch 486: Time: 0.0629 Cost: 0.5868 Pre: 0.9940 Re: 1.0000 Acc: 0.9970 F1: 0.9970
Epoch 487: Time: 0.0637 Cost: 0.5857 Pre: 0.9940 Re: 1.0000 Acc: 0.9970 F1: 0.9970
Epoch 488: Time: 0.0632 Cost: 0.5844 Pre: 0.9940 Re: 1.0000 Acc: 0.9970 F1: 0.9970
Epoch 489: Time: 0.0628 Cost: 0.5830 Pre: 0.9940 Re: 1.0000 Acc: 0.9970 F1: 0.9970
Epoch 490: Time: 0.0633 Cost: 0.5814 Pre: 0.9940 Re: 1.0000 Acc: 0.9970 F1: 0.9970


--------------------------------------------------------------------
Eval results: Cost:1.8960 Pre:0.9669 Re:0.9940 Acc:0.9800 F1:0.9803
--------------------------------------------------------------------

Epoch 491: Time: 0.0628 Cost: 0.5789 Pre: 0.9940 Re: 1.0000 Acc: 0.9970 F1: 0.9970
Epoch 492: Time: 0.0629 Cost: 0.5784 Pre: 0.9940 Re: 1.0000 Acc: 0.9970 F1: 0.9970
Epoch 493: Time: 0.0629 Cost: 0.5764 Pre: 0.9940 Re: 1.0000 Acc: 0.9970 F1: 0.9970
Epoch 494: Time: 0.0633 Cost: 0.5758 Pre: 0.9940 Re: 1.0000 Acc: 0.9970 F1: 0.9970
Epoch 495: Time: 0.0630 Cost: 0.5747 Pre: 0.9940 Re: 1.0000 Acc: 0.9970 F1: 0.9970
Epoch 496: Time: 0.0642 Cost: 0.5737 Pre: 0.9940 Re: 1.0000 Acc: 0.9970 F1: 0.9970
Epoch 497: Time: 0.0630 Cost: 0.5729 Pre: 0.9940 Re: 1.0000 Acc: 0.9970 F1: 0.9970
Epoch 498: Time: 0.0629 Cost: 0.5717 Pre: 0.9940 Re: 1.0000 Acc: 0.9970 F1: 0.9970
Epoch 499: Time: 0.0629 Cost: 0.5704 Pre: 0.9940 Re: 1.0000 Acc: 0.9970 F1: 0.9970
--------------------------------------------------------------------
Eval results: Cost:1.8705 Pre:0.9671 Re:0.9980 Acc:0.9820 F1:0.9823
--------------------------------------------------------------------
Test 1000 samples take time: 0.3462
Test results: Cost:0.7440 Pre:0.8757 Re:0.9860 Acc:0.9230 F1:0.9276
--------------------------------------------------------------------

