Load data
RNN type: O2 Grammar: SL/SL4/1k/ Seed: 1
Model total parameters: 410
Saving hinit ... 

Epoch 0: Time: 0.1205 Cost: 34.2591 Pre: 1.0000 Re: 0.0140 Acc: 0.5070 F1: 0.0276


--------------------------------------------------------------------
Eval results: Cost:31.2861 Pre:0.0000 Re:0.0000 Acc:0.5000 F1:0.0000
--------------------------------------------------------------------

Epoch 1: Time: 0.1237 Cost: 30.1319 Pre: 1.0000 Re: 0.0140 Acc: 0.5070 F1: 0.0276
Epoch 2: Time: 0.1195 Cost: 26.8635 Pre: 1.0000 Re: 0.0220 Acc: 0.5110 F1: 0.0431
Epoch 3: Time: 0.1251 Cost: 23.9207 Pre: 0.8824 Re: 0.0300 Acc: 0.5130 F1: 0.0580
Epoch 4: Time: 0.1141 Cost: 20.8701 Pre: 0.7765 Re: 0.1320 Acc: 0.5470 F1: 0.2256
Epoch 5: Time: 0.1226 Cost: 17.7475 Pre: 0.8824 Re: 0.3900 Acc: 0.6690 F1: 0.5409
Epoch 6: Time: 0.1230 Cost: 14.9346 Pre: 0.8791 Re: 0.6400 Acc: 0.7760 F1: 0.7407
Epoch 7: Time: 0.1177 Cost: 12.5295 Pre: 0.8840 Re: 0.8080 Acc: 0.8510 F1: 0.8443
Epoch 8: Time: 0.1153 Cost: 10.4855 Pre: 0.8817 Re: 0.8940 Acc: 0.8870 F1: 0.8878
Epoch 9: Time: 0.1174 Cost: 8.9307 Pre: 0.8836 Re: 0.9260 Acc: 0.9020 F1: 0.9043
Epoch 10: Time: 0.1235 Cost: 7.7623 Pre: 0.9172 Re: 0.9300 Acc: 0.9230 F1: 0.9235


--------------------------------------------------------------------
Eval results: Cost:8.9816 Pre:0.8644 Re:0.9560 Acc:0.9030 F1:0.9079
--------------------------------------------------------------------

Epoch 11: Time: 0.1185 Cost: 6.9055 Pre: 0.9172 Re: 0.9300 Acc: 0.9230 F1: 0.9235
Epoch 12: Time: 0.1184 Cost: 6.3321 Pre: 0.9176 Re: 0.9360 Acc: 0.9260 F1: 0.9267
Epoch 13: Time: 0.1189 Cost: 5.8955 Pre: 0.9208 Re: 0.9540 Acc: 0.9360 F1: 0.9371
Epoch 14: Time: 0.1272 Cost: 5.5351 Pre: 0.9197 Re: 0.9620 Acc: 0.9390 F1: 0.9404
Epoch 15: Time: 0.1145 Cost: 5.2293 Pre: 0.9228 Re: 0.9800 Acc: 0.9490 F1: 0.9505
Epoch 16: Time: 0.1193 Cost: 4.9636 Pre: 0.9252 Re: 0.9900 Acc: 0.9550 F1: 0.9565
Epoch 17: Time: 0.1165 Cost: 4.7274 Pre: 0.9287 Re: 0.9900 Acc: 0.9570 F1: 0.9584
Epoch 18: Time: 0.1178 Cost: 4.5143 Pre: 0.9290 Re: 0.9940 Acc: 0.9590 F1: 0.9604
Epoch 19: Time: 0.1288 Cost: 4.3202 Pre: 0.9291 Re: 0.9960 Acc: 0.9600 F1: 0.9614
Epoch 20: Time: 0.1166 Cost: 4.1421 Pre: 0.9291 Re: 0.9960 Acc: 0.9600 F1: 0.9614


--------------------------------------------------------------------
Eval results: Cost:6.4587 Pre:0.8750 Re:0.9940 Acc:0.9260 F1:0.9307
--------------------------------------------------------------------

Epoch 21: Time: 0.1208 Cost: 3.9819 Pre: 0.9292 Re: 0.9980 Acc: 0.9610 F1: 0.9624
Epoch 22: Time: 0.1154 Cost: 3.8618 Pre: 0.9292 Re: 0.9980 Acc: 0.9610 F1: 0.9624
Epoch 23: Time: 0.1159 Cost: 3.7501 Pre: 0.9327 Re: 0.9980 Acc: 0.9630 F1: 0.9643
Epoch 24: Time: 0.1168 Cost: 3.6360 Pre: 0.9327 Re: 0.9980 Acc: 0.9630 F1: 0.9643
Epoch 25: Time: 0.1158 Cost: 3.5144 Pre: 0.9327 Re: 0.9980 Acc: 0.9630 F1: 0.9643
Epoch 26: Time: 0.1172 Cost: 3.3854 Pre: 0.9328 Re: 1.0000 Acc: 0.9640 F1: 0.9653
Epoch 27: Time: 0.1171 Cost: 3.2483 Pre: 0.9346 Re: 1.0000 Acc: 0.9650 F1: 0.9662
Epoch 28: Time: 0.1251 Cost: 3.1020 Pre: 0.9346 Re: 1.0000 Acc: 0.9650 F1: 0.9662
Epoch 29: Time: 0.1166 Cost: 2.9456 Pre: 0.9363 Re: 1.0000 Acc: 0.9660 F1: 0.9671
Epoch 30: Time: 0.1184 Cost: 2.7791 Pre: 0.9363 Re: 1.0000 Acc: 0.9660 F1: 0.9671


--------------------------------------------------------------------
Eval results: Cost:4.4866 Pre:0.8787 Re:1.0000 Acc:0.9310 F1:0.9355
--------------------------------------------------------------------

Epoch 31: Time: 0.1152 Cost: 2.6094 Pre: 0.9363 Re: 1.0000 Acc: 0.9660 F1: 0.9671
Epoch 32: Time: 0.1240 Cost: 2.4763 Pre: 0.9452 Re: 1.0000 Acc: 0.9710 F1: 0.9718
Epoch 33: Time: 0.1173 Cost: 2.3477 Pre: 0.9597 Re: 1.0000 Acc: 0.9790 F1: 0.9794
Epoch 34: Time: 0.1160 Cost: 2.2129 Pre: 0.9653 Re: 1.0000 Acc: 0.9820 F1: 0.9823
Epoch 35: Time: 0.1223 Cost: 2.0710 Pre: 0.9671 Re: 1.0000 Acc: 0.9830 F1: 0.9833
Epoch 36: Time: 0.1290 Cost: 1.9271 Pre: 0.9709 Re: 1.0000 Acc: 0.9850 F1: 0.9852
Epoch 37: Time: 0.1188 Cost: 1.7896 Pre: 0.9709 Re: 1.0000 Acc: 0.9850 F1: 0.9852
Epoch 38: Time: 0.1188 Cost: 1.6631 Pre: 0.9785 Re: 1.0000 Acc: 0.9890 F1: 0.9891
Epoch 39: Time: 0.1179 Cost: 1.5489 Pre: 0.9804 Re: 1.0000 Acc: 0.9900 F1: 0.9901
Epoch 40: Time: 0.1221 Cost: 1.4414 Pre: 0.9804 Re: 1.0000 Acc: 0.9900 F1: 0.9901


--------------------------------------------------------------------
Eval results: Cost:2.8477 Pre:0.9398 Re:1.0000 Acc:0.9680 F1:0.9690
--------------------------------------------------------------------

Epoch 41: Time: 0.1201 Cost: 1.3102 Pre: 0.9862 Re: 1.0000 Acc: 0.9930 F1: 0.9930
Epoch 42: Time: 0.1178 Cost: 1.2303 Pre: 0.9862 Re: 1.0000 Acc: 0.9930 F1: 0.9930
Epoch 43: Time: 0.1194 Cost: 1.0974 Pre: 0.9881 Re: 1.0000 Acc: 0.9940 F1: 0.9940
Epoch 44: Time: 0.1241 Cost: 1.0398 Pre: 0.9881 Re: 1.0000 Acc: 0.9940 F1: 0.9940
Epoch 45: Time: 0.1202 Cost: 1.0052 Pre: 0.9881 Re: 1.0000 Acc: 0.9940 F1: 0.9940
Epoch 46: Time: 0.1210 Cost: 0.9693 Pre: 0.9881 Re: 1.0000 Acc: 0.9940 F1: 0.9940
Epoch 47: Time: 0.1193 Cost: 0.9355 Pre: 0.9881 Re: 1.0000 Acc: 0.9940 F1: 0.9940
Epoch 48: Time: 0.1231 Cost: 0.9029 Pre: 0.9881 Re: 1.0000 Acc: 0.9940 F1: 0.9940
Epoch 49: Time: 0.1245 Cost: 0.8761 Pre: 0.9881 Re: 1.0000 Acc: 0.9940 F1: 0.9940
Epoch 50: Time: 0.1206 Cost: 0.8677 Pre: 0.9881 Re: 1.0000 Acc: 0.9940 F1: 0.9940


--------------------------------------------------------------------
Eval results: Cost:2.6982 Pre:0.9397 Re:0.9980 Acc:0.9670 F1:0.9680
--------------------------------------------------------------------

Epoch 51: Time: 0.1223 Cost: 0.8593 Pre: 0.9881 Re: 1.0000 Acc: 0.9940 F1: 0.9940
Epoch 52: Time: 0.1172 Cost: 0.8128 Pre: 0.9881 Re: 1.0000 Acc: 0.9940 F1: 0.9940
Epoch 53: Time: 0.1183 Cost: 0.7964 Pre: 0.9881 Re: 1.0000 Acc: 0.9940 F1: 0.9940
Epoch 54: Time: 0.1226 Cost: 0.7994 Pre: 0.9881 Re: 1.0000 Acc: 0.9940 F1: 0.9940
Epoch 55: Time: 0.1212 Cost: 0.8184 Pre: 0.9901 Re: 1.0000 Acc: 0.9950 F1: 0.9950
Epoch 56: Time: 0.1205 Cost: 0.7437 Pre: 0.9921 Re: 1.0000 Acc: 0.9960 F1: 0.9960
Epoch 57: Time: 0.1177 Cost: 0.7270 Pre: 0.9921 Re: 1.0000 Acc: 0.9960 F1: 0.9960
Epoch 58: Time: 0.1191 Cost: 0.7370 Pre: 0.9901 Re: 1.0000 Acc: 0.9950 F1: 0.9950
Epoch 59: Time: 0.1189 Cost: 0.7527 Pre: 0.9921 Re: 1.0000 Acc: 0.9960 F1: 0.9960
Epoch 60: Time: 0.1170 Cost: 0.6818 Pre: 0.9921 Re: 1.0000 Acc: 0.9960 F1: 0.9960


--------------------------------------------------------------------
Eval results: Cost:2.6264 Pre:0.9451 Re:0.9980 Acc:0.9700 F1:0.9708
--------------------------------------------------------------------

Epoch 61: Time: 0.1228 Cost: 0.6615 Pre: 0.9921 Re: 1.0000 Acc: 0.9960 F1: 0.9960
Epoch 62: Time: 0.1240 Cost: 0.6775 Pre: 0.9921 Re: 1.0000 Acc: 0.9960 F1: 0.9960
Epoch 63: Time: 0.1152 Cost: 0.7027 Pre: 0.9921 Re: 1.0000 Acc: 0.9960 F1: 0.9960
Epoch 64: Time: 0.1190 Cost: 0.6334 Pre: 0.9921 Re: 1.0000 Acc: 0.9960 F1: 0.9960
Epoch 65: Time: 0.1218 Cost: 0.6155 Pre: 0.9940 Re: 1.0000 Acc: 0.9970 F1: 0.9970
Epoch 66: Time: 0.1205 Cost: 0.6198 Pre: 0.9940 Re: 1.0000 Acc: 0.9970 F1: 0.9970
Epoch 67: Time: 0.1162 Cost: 0.6592 Pre: 0.9940 Re: 1.0000 Acc: 0.9970 F1: 0.9970
Epoch 68: Time: 0.1196 Cost: 0.5874 Pre: 0.9940 Re: 1.0000 Acc: 0.9970 F1: 0.9970
Epoch 69: Time: 0.1164 Cost: 0.5715 Pre: 0.9940 Re: 1.0000 Acc: 0.9970 F1: 0.9970
Epoch 70: Time: 0.1207 Cost: 0.5571 Pre: 0.9940 Re: 1.0000 Acc: 0.9970 F1: 0.9970


--------------------------------------------------------------------
Eval results: Cost:2.5853 Pre:0.9451 Re:0.9980 Acc:0.9700 F1:0.9708
--------------------------------------------------------------------

Epoch 71: Time: 0.1212 Cost: 0.5433 Pre: 0.9940 Re: 1.0000 Acc: 0.9970 F1: 0.9970
Epoch 72: Time: 0.1187 Cost: 0.5378 Pre: 0.9940 Re: 1.0000 Acc: 0.9970 F1: 0.9970
Epoch 73: Time: 0.1220 Cost: 0.5625 Pre: 0.9940 Re: 1.0000 Acc: 0.9970 F1: 0.9970
Epoch 74: Time: 0.1186 Cost: 0.5605 Pre: 0.9940 Re: 1.0000 Acc: 0.9970 F1: 0.9970
Epoch 75: Time: 0.1159 Cost: 0.5520 Pre: 0.9940 Re: 1.0000 Acc: 0.9970 F1: 0.9970
Epoch 76: Time: 0.1165 Cost: 0.5175 Pre: 0.9940 Re: 1.0000 Acc: 0.9970 F1: 0.9970
Epoch 77: Time: 0.1195 Cost: 0.5494 Pre: 0.9921 Re: 1.0000 Acc: 0.9960 F1: 0.9960
Epoch 78: Time: 0.1247 Cost: 0.5697 Pre: 0.9940 Re: 1.0000 Acc: 0.9970 F1: 0.9970
Epoch 79: Time: 0.1160 Cost: 0.5124 Pre: 0.9940 Re: 1.0000 Acc: 0.9970 F1: 0.9970
Epoch 80: Time: 0.1205 Cost: 0.5280 Pre: 0.9940 Re: 1.0000 Acc: 0.9970 F1: 0.9970


--------------------------------------------------------------------
Eval results: Cost:2.6114 Pre:0.9451 Re:0.9980 Acc:0.9700 F1:0.9708
--------------------------------------------------------------------

Epoch 81: Time: 0.1165 Cost: 0.5366 Pre: 0.9940 Re: 1.0000 Acc: 0.9970 F1: 0.9970
Epoch 82: Time: 0.1157 Cost: 0.5947 Pre: 0.9940 Re: 1.0000 Acc: 0.9970 F1: 0.9970
Epoch 83: Time: 0.1238 Cost: 0.4975 Pre: 0.9940 Re: 1.0000 Acc: 0.9970 F1: 0.9970
Epoch 84: Time: 0.1173 Cost: 0.5011 Pre: 0.9940 Re: 1.0000 Acc: 0.9970 F1: 0.9970
Epoch 85: Time: 0.1179 Cost: 0.5016 Pre: 0.9940 Re: 1.0000 Acc: 0.9970 F1: 0.9970
Epoch 86: Time: 0.1218 Cost: 0.5447 Pre: 0.9940 Re: 1.0000 Acc: 0.9970 F1: 0.9970
Epoch 87: Time: 0.1191 Cost: 0.4785 Pre: 0.9940 Re: 1.0000 Acc: 0.9970 F1: 0.9970
Epoch 88: Time: 0.1156 Cost: 0.4738 Pre: 0.9940 Re: 1.0000 Acc: 0.9970 F1: 0.9970
Epoch 89: Time: 0.1147 Cost: 0.4645 Pre: 0.9940 Re: 1.0000 Acc: 0.9970 F1: 0.9970
Epoch 90: Time: 0.1151 Cost: 0.4670 Pre: 0.9940 Re: 1.0000 Acc: 0.9970 F1: 0.9970


--------------------------------------------------------------------
Eval results: Cost:2.4918 Pre:0.9487 Re:0.9980 Acc:0.9720 F1:0.9727
--------------------------------------------------------------------

Epoch 91: Time: 0.1194 Cost: 0.4564 Pre: 0.9940 Re: 1.0000 Acc: 0.9970 F1: 0.9970
Epoch 92: Time: 0.1246 Cost: 0.4732 Pre: 0.9940 Re: 1.0000 Acc: 0.9970 F1: 0.9970
Epoch 93: Time: 0.1249 Cost: 0.5136 Pre: 0.9940 Re: 1.0000 Acc: 0.9970 F1: 0.9970
Epoch 94: Time: 0.1255 Cost: 0.4606 Pre: 0.9940 Re: 1.0000 Acc: 0.9970 F1: 0.9970
Epoch 95: Time: 0.1159 Cost: 0.4732 Pre: 0.9940 Re: 1.0000 Acc: 0.9970 F1: 0.9970
Epoch 96: Time: 0.1211 Cost: 0.4800 Pre: 0.9940 Re: 1.0000 Acc: 0.9970 F1: 0.9970
Epoch 97: Time: 0.1202 Cost: 0.5124 Pre: 0.9940 Re: 1.0000 Acc: 0.9970 F1: 0.9970
Epoch 98: Time: 0.1271 Cost: 0.4615 Pre: 0.9940 Re: 1.0000 Acc: 0.9970 F1: 0.9970
Epoch 99: Time: 0.1208 Cost: 0.4740 Pre: 0.9940 Re: 1.0000 Acc: 0.9970 F1: 0.9970
Epoch 100: Time: 0.1252 Cost: 0.4678 Pre: 0.9940 Re: 1.0000 Acc: 0.9970 F1: 0.9970


--------------------------------------------------------------------
Eval results: Cost:2.4185 Pre:0.9541 Re:0.9980 Acc:0.9750 F1:0.9756
--------------------------------------------------------------------

Epoch 101: Time: 0.1159 Cost: 0.5044 Pre: 0.9940 Re: 1.0000 Acc: 0.9970 F1: 0.9970
Epoch 102: Time: 0.1162 Cost: 0.4486 Pre: 0.9940 Re: 1.0000 Acc: 0.9970 F1: 0.9970
Epoch 103: Time: 0.1156 Cost: 0.4672 Pre: 0.9940 Re: 1.0000 Acc: 0.9970 F1: 0.9970
Epoch 104: Time: 0.1150 Cost: 0.4467 Pre: 0.9940 Re: 1.0000 Acc: 0.9970 F1: 0.9970
Epoch 105: Time: 0.1221 Cost: 0.4785 Pre: 0.9940 Re: 1.0000 Acc: 0.9970 F1: 0.9970
Epoch 106: Time: 0.1273 Cost: 0.4242 Pre: 0.9940 Re: 1.0000 Acc: 0.9970 F1: 0.9970
Epoch 107: Time: 0.1186 Cost: 0.4295 Pre: 0.9940 Re: 1.0000 Acc: 0.9970 F1: 0.9970
Epoch 108: Time: 0.1156 Cost: 0.4147 Pre: 0.9940 Re: 1.0000 Acc: 0.9970 F1: 0.9970
Epoch 109: Time: 0.1173 Cost: 0.4105 Pre: 0.9940 Re: 1.0000 Acc: 0.9970 F1: 0.9970
Epoch 110: Time: 0.1189 Cost: 0.4007 Pre: 0.9940 Re: 1.0000 Acc: 0.9970 F1: 0.9970


--------------------------------------------------------------------
Eval results: Cost:2.4394 Pre:0.9487 Re:0.9980 Acc:0.9720 F1:0.9727
--------------------------------------------------------------------

Epoch 111: Time: 0.1211 Cost: 0.4058 Pre: 0.9940 Re: 1.0000 Acc: 0.9970 F1: 0.9970
Epoch 112: Time: 0.1227 Cost: 0.4255 Pre: 0.9940 Re: 1.0000 Acc: 0.9970 F1: 0.9970
Epoch 113: Time: 0.1166 Cost: 0.3967 Pre: 0.9940 Re: 1.0000 Acc: 0.9970 F1: 0.9970
Epoch 114: Time: 0.1168 Cost: 0.3906 Pre: 0.9940 Re: 1.0000 Acc: 0.9970 F1: 0.9970
Epoch 115: Time: 0.1180 Cost: 0.4156 Pre: 0.9940 Re: 1.0000 Acc: 0.9970 F1: 0.9970
Epoch 116: Time: 0.1213 Cost: 0.3832 Pre: 0.9940 Re: 1.0000 Acc: 0.9970 F1: 0.9970
Epoch 117: Time: 0.1193 Cost: 0.3799 Pre: 0.9960 Re: 1.0000 Acc: 0.9980 F1: 0.9980
Epoch 118: Time: 0.1205 Cost: 0.4147 Pre: 0.9960 Re: 1.0000 Acc: 0.9980 F1: 0.9980
Epoch 119: Time: 0.1215 Cost: 0.3955 Pre: 0.9960 Re: 1.0000 Acc: 0.9980 F1: 0.9980
Epoch 120: Time: 0.1199 Cost: 0.3705 Pre: 0.9960 Re: 1.0000 Acc: 0.9980 F1: 0.9980


--------------------------------------------------------------------
Eval results: Cost:2.3565 Pre:0.9541 Re:0.9980 Acc:0.9750 F1:0.9756
--------------------------------------------------------------------

Epoch 121: Time: 0.1210 Cost: 0.3928 Pre: 0.9960 Re: 1.0000 Acc: 0.9980 F1: 0.9980
Epoch 122: Time: 0.1217 Cost: 0.3744 Pre: 0.9960 Re: 1.0000 Acc: 0.9980 F1: 0.9980
Epoch 123: Time: 0.1216 Cost: 0.3639 Pre: 0.9960 Re: 1.0000 Acc: 0.9980 F1: 0.9980
Epoch 124: Time: 0.1206 Cost: 0.3746 Pre: 0.9960 Re: 1.0000 Acc: 0.9980 F1: 0.9980
Epoch 125: Time: 0.1228 Cost: 0.3697 Pre: 0.9960 Re: 1.0000 Acc: 0.9980 F1: 0.9980
Epoch 126: Time: 0.1205 Cost: 0.3609 Pre: 0.9960 Re: 1.0000 Acc: 0.9980 F1: 0.9980
Epoch 127: Time: 0.1147 Cost: 0.3776 Pre: 0.9960 Re: 1.0000 Acc: 0.9980 F1: 0.9980
Epoch 128: Time: 0.1170 Cost: 0.3669 Pre: 0.9960 Re: 1.0000 Acc: 0.9980 F1: 0.9980
Epoch 129: Time: 0.1142 Cost: 0.3571 Pre: 0.9960 Re: 1.0000 Acc: 0.9980 F1: 0.9980
Epoch 130: Time: 0.1155 Cost: 0.3779 Pre: 0.9960 Re: 1.0000 Acc: 0.9980 F1: 0.9980


--------------------------------------------------------------------
Eval results: Cost:2.4217 Pre:0.9505 Re:0.9980 Acc:0.9730 F1:0.9737
--------------------------------------------------------------------

Epoch 131: Time: 0.1184 Cost: 0.3593 Pre: 0.9960 Re: 1.0000 Acc: 0.9980 F1: 0.9980
Epoch 132: Time: 0.1167 Cost: 0.3423 Pre: 0.9960 Re: 1.0000 Acc: 0.9980 F1: 0.9980
Epoch 133: Time: 0.1204 Cost: 0.3324 Pre: 0.9960 Re: 1.0000 Acc: 0.9980 F1: 0.9980
Epoch 134: Time: 0.1203 Cost: 0.3333 Pre: 0.9960 Re: 1.0000 Acc: 0.9980 F1: 0.9980
Epoch 135: Time: 0.1149 Cost: 0.3381 Pre: 0.9960 Re: 1.0000 Acc: 0.9980 F1: 0.9980
Epoch 136: Time: 0.1151 Cost: 0.3303 Pre: 0.9960 Re: 1.0000 Acc: 0.9980 F1: 0.9980
Epoch 137: Time: 0.1219 Cost: 0.3289 Pre: 0.9960 Re: 1.0000 Acc: 0.9980 F1: 0.9980
Epoch 138: Time: 0.1212 Cost: 0.3311 Pre: 0.9960 Re: 1.0000 Acc: 0.9980 F1: 0.9980
Epoch 139: Time: 0.1186 Cost: 0.3385 Pre: 0.9960 Re: 1.0000 Acc: 0.9980 F1: 0.9980
Epoch 140: Time: 0.1148 Cost: 0.3285 Pre: 0.9960 Re: 1.0000 Acc: 0.9980 F1: 0.9980


--------------------------------------------------------------------
Eval results: Cost:2.3008 Pre:0.9541 Re:0.9980 Acc:0.9750 F1:0.9756
--------------------------------------------------------------------

Epoch 141: Time: 0.1242 Cost: 0.3396 Pre: 0.9960 Re: 1.0000 Acc: 0.9980 F1: 0.9980
Epoch 142: Time: 0.1166 Cost: 0.3344 Pre: 0.9960 Re: 1.0000 Acc: 0.9980 F1: 0.9980
Epoch 143: Time: 0.1247 Cost: 0.3237 Pre: 0.9960 Re: 1.0000 Acc: 0.9980 F1: 0.9980
Epoch 144: Time: 0.1175 Cost: 0.3220 Pre: 0.9960 Re: 1.0000 Acc: 0.9980 F1: 0.9980
Epoch 145: Time: 0.1236 Cost: 0.3230 Pre: 0.9960 Re: 1.0000 Acc: 0.9980 F1: 0.9980
Epoch 146: Time: 0.1185 Cost: 0.3152 Pre: 0.9960 Re: 1.0000 Acc: 0.9980 F1: 0.9980
Epoch 147: Time: 0.1154 Cost: 0.3162 Pre: 0.9960 Re: 1.0000 Acc: 0.9980 F1: 0.9980
Epoch 148: Time: 0.1181 Cost: 0.3436 Pre: 0.9960 Re: 1.0000 Acc: 0.9980 F1: 0.9980
Epoch 149: Time: 0.1168 Cost: 0.3207 Pre: 0.9960 Re: 1.0000 Acc: 0.9980 F1: 0.9980
Epoch 150: Time: 0.1173 Cost: 0.3122 Pre: 0.9960 Re: 1.0000 Acc: 0.9980 F1: 0.9980


--------------------------------------------------------------------
Eval results: Cost:2.3032 Pre:0.9541 Re:0.9980 Acc:0.9750 F1:0.9756
--------------------------------------------------------------------

Epoch 151: Time: 0.1204 Cost: 0.3085 Pre: 0.9960 Re: 1.0000 Acc: 0.9980 F1: 0.9980
Epoch 152: Time: 0.1223 Cost: 0.3264 Pre: 0.9960 Re: 1.0000 Acc: 0.9980 F1: 0.9980
Epoch 153: Time: 0.1187 Cost: 0.3211 Pre: 0.9960 Re: 1.0000 Acc: 0.9980 F1: 0.9980
Epoch 154: Time: 0.1223 Cost: 0.3087 Pre: 0.9960 Re: 1.0000 Acc: 0.9980 F1: 0.9980
Epoch 155: Time: 0.1210 Cost: 0.3182 Pre: 0.9960 Re: 1.0000 Acc: 0.9980 F1: 0.9980
Epoch 156: Time: 0.1208 Cost: 0.3141 Pre: 0.9960 Re: 1.0000 Acc: 0.9980 F1: 0.9980
Epoch 157: Time: 0.1151 Cost: 0.3045 Pre: 0.9960 Re: 1.0000 Acc: 0.9980 F1: 0.9980
Epoch 158: Time: 0.1185 Cost: 0.3007 Pre: 0.9960 Re: 1.0000 Acc: 0.9980 F1: 0.9980
Epoch 159: Time: 0.1237 Cost: 0.3132 Pre: 0.9960 Re: 1.0000 Acc: 0.9980 F1: 0.9980
Epoch 160: Time: 0.1214 Cost: 0.2989 Pre: 0.9960 Re: 1.0000 Acc: 0.9980 F1: 0.9980


--------------------------------------------------------------------
Eval results: Cost:2.3348 Pre:0.9505 Re:0.9980 Acc:0.9730 F1:0.9737
--------------------------------------------------------------------

Epoch 161: Time: 0.1242 Cost: 0.3039 Pre: 0.9960 Re: 1.0000 Acc: 0.9980 F1: 0.9980
Epoch 162: Time: 0.1208 Cost: 0.3227 Pre: 0.9960 Re: 1.0000 Acc: 0.9980 F1: 0.9980
Epoch 163: Time: 0.1234 Cost: 0.3123 Pre: 0.9960 Re: 1.0000 Acc: 0.9980 F1: 0.9980
Epoch 164: Time: 0.1195 Cost: 0.2962 Pre: 0.9960 Re: 1.0000 Acc: 0.9980 F1: 0.9980
Epoch 165: Time: 0.1176 Cost: 0.2965 Pre: 0.9960 Re: 1.0000 Acc: 0.9980 F1: 0.9980
Epoch 166: Time: 0.1184 Cost: 0.2979 Pre: 0.9960 Re: 1.0000 Acc: 0.9980 F1: 0.9980
Epoch 167: Time: 0.1171 Cost: 0.2920 Pre: 0.9960 Re: 1.0000 Acc: 0.9980 F1: 0.9980
Epoch 168: Time: 0.1143 Cost: 0.2879 Pre: 0.9960 Re: 1.0000 Acc: 0.9980 F1: 0.9980
Epoch 169: Time: 0.1166 Cost: 0.2940 Pre: 0.9960 Re: 1.0000 Acc: 0.9980 F1: 0.9980
Epoch 170: Time: 0.1173 Cost: 0.2908 Pre: 0.9960 Re: 1.0000 Acc: 0.9980 F1: 0.9980


--------------------------------------------------------------------
Eval results: Cost:2.3388 Pre:0.9505 Re:0.9980 Acc:0.9730 F1:0.9737
--------------------------------------------------------------------

Epoch 171: Time: 0.1198 Cost: 0.2863 Pre: 0.9960 Re: 1.0000 Acc: 0.9980 F1: 0.9980
Epoch 172: Time: 0.1186 Cost: 0.2881 Pre: 0.9960 Re: 1.0000 Acc: 0.9980 F1: 0.9980
Epoch 173: Time: 0.1149 Cost: 0.3105 Pre: 0.9960 Re: 1.0000 Acc: 0.9980 F1: 0.9980
Epoch 174: Time: 0.1149 Cost: 0.2791 Pre: 0.9960 Re: 1.0000 Acc: 0.9980 F1: 0.9980
Epoch 175: Time: 0.1207 Cost: 0.2878 Pre: 0.9960 Re: 1.0000 Acc: 0.9980 F1: 0.9980
Epoch 176: Time: 0.1177 Cost: 0.3073 Pre: 0.9960 Re: 1.0000 Acc: 0.9980 F1: 0.9980
Epoch 177: Time: 0.1298 Cost: 0.2798 Pre: 0.9960 Re: 1.0000 Acc: 0.9980 F1: 0.9980
Epoch 178: Time: 0.1178 Cost: 0.2865 Pre: 0.9960 Re: 1.0000 Acc: 0.9980 F1: 0.9980
Epoch 179: Time: 0.1179 Cost: 0.2865 Pre: 0.9960 Re: 1.0000 Acc: 0.9980 F1: 0.9980
Epoch 180: Time: 0.1164 Cost: 0.2741 Pre: 0.9960 Re: 1.0000 Acc: 0.9980 F1: 0.9980


--------------------------------------------------------------------
Eval results: Cost:2.2823 Pre:0.9523 Re:0.9980 Acc:0.9740 F1:0.9746
--------------------------------------------------------------------

Epoch 181: Time: 0.1249 Cost: 0.2777 Pre: 0.9960 Re: 1.0000 Acc: 0.9980 F1: 0.9980
Epoch 182: Time: 0.1144 Cost: 0.2730 Pre: 0.9960 Re: 1.0000 Acc: 0.9980 F1: 0.9980
Epoch 183: Time: 0.1156 Cost: 0.2840 Pre: 0.9960 Re: 1.0000 Acc: 0.9980 F1: 0.9980
Epoch 184: Time: 0.1190 Cost: 0.2845 Pre: 0.9960 Re: 1.0000 Acc: 0.9980 F1: 0.9980
Epoch 185: Time: 0.1196 Cost: 0.2740 Pre: 0.9960 Re: 1.0000 Acc: 0.9980 F1: 0.9980
Epoch 186: Time: 0.1221 Cost: 0.2802 Pre: 0.9960 Re: 1.0000 Acc: 0.9980 F1: 0.9980
Epoch 187: Time: 0.1184 Cost: 0.2808 Pre: 0.9960 Re: 1.0000 Acc: 0.9980 F1: 0.9980
Epoch 188: Time: 0.1191 Cost: 0.2879 Pre: 0.9960 Re: 1.0000 Acc: 0.9980 F1: 0.9980
Epoch 189: Time: 0.1277 Cost: 0.2781 Pre: 0.9960 Re: 1.0000 Acc: 0.9980 F1: 0.9980
Epoch 190: Time: 0.1217 Cost: 0.2801 Pre: 0.9960 Re: 1.0000 Acc: 0.9980 F1: 0.9980


--------------------------------------------------------------------
Eval results: Cost:2.2373 Pre:0.9541 Re:0.9980 Acc:0.9750 F1:0.9756
--------------------------------------------------------------------

Epoch 191: Time: 0.1199 Cost: 0.2972 Pre: 0.9960 Re: 1.0000 Acc: 0.9980 F1: 0.9980
Epoch 192: Time: 0.1229 Cost: 0.2824 Pre: 0.9960 Re: 1.0000 Acc: 0.9980 F1: 0.9980
Epoch 193: Time: 0.1256 Cost: 0.2694 Pre: 0.9960 Re: 1.0000 Acc: 0.9980 F1: 0.9980
Epoch 194: Time: 0.1242 Cost: 0.2643 Pre: 0.9960 Re: 1.0000 Acc: 0.9980 F1: 0.9980
Epoch 195: Time: 0.1175 Cost: 0.2643 Pre: 0.9960 Re: 1.0000 Acc: 0.9980 F1: 0.9980
Epoch 196: Time: 0.1187 Cost: 0.2626 Pre: 0.9960 Re: 1.0000 Acc: 0.9980 F1: 0.9980
Epoch 197: Time: 0.1199 Cost: 0.2746 Pre: 0.9960 Re: 1.0000 Acc: 0.9980 F1: 0.9980
Epoch 198: Time: 0.1232 Cost: 0.2761 Pre: 0.9960 Re: 1.0000 Acc: 0.9980 F1: 0.9980
Epoch 199: Time: 0.1217 Cost: 0.2671 Pre: 0.9960 Re: 1.0000 Acc: 0.9980 F1: 0.9980
Epoch 200: Time: 0.1187 Cost: 0.2705 Pre: 0.9960 Re: 1.0000 Acc: 0.9980 F1: 0.9980


--------------------------------------------------------------------
Eval results: Cost:2.2364 Pre:0.9542 Re:1.0000 Acc:0.9760 F1:0.9766
--------------------------------------------------------------------

Epoch 201: Time: 0.1190 Cost: 0.2892 Pre: 0.9960 Re: 1.0000 Acc: 0.9980 F1: 0.9980
Epoch 202: Time: 0.1200 Cost: 0.2652 Pre: 0.9960 Re: 1.0000 Acc: 0.9980 F1: 0.9980
Epoch 203: Time: 0.1217 Cost: 0.2588 Pre: 0.9960 Re: 1.0000 Acc: 0.9980 F1: 0.9980
Epoch 204: Time: 0.1205 Cost: 0.2775 Pre: 0.9960 Re: 1.0000 Acc: 0.9980 F1: 0.9980
Epoch 205: Time: 0.1245 Cost: 0.2674 Pre: 0.9960 Re: 1.0000 Acc: 0.9980 F1: 0.9980
Epoch 206: Time: 0.1179 Cost: 0.2620 Pre: 0.9960 Re: 1.0000 Acc: 0.9980 F1: 0.9980
Epoch 207: Time: 0.1204 Cost: 0.2579 Pre: 0.9960 Re: 1.0000 Acc: 0.9980 F1: 0.9980
Epoch 208: Time: 0.1208 Cost: 0.2645 Pre: 0.9960 Re: 1.0000 Acc: 0.9980 F1: 0.9980
Epoch 209: Time: 0.1230 Cost: 0.2640 Pre: 0.9960 Re: 1.0000 Acc: 0.9980 F1: 0.9980
Epoch 210: Time: 0.1164 Cost: 0.2842 Pre: 0.9960 Re: 1.0000 Acc: 0.9980 F1: 0.9980


--------------------------------------------------------------------
Eval results: Cost:2.2866 Pre:0.9524 Re:1.0000 Acc:0.9750 F1:0.9756
--------------------------------------------------------------------

Epoch 211: Time: 0.1160 Cost: 0.2802 Pre: 0.9960 Re: 1.0000 Acc: 0.9980 F1: 0.9980
Epoch 212: Time: 0.1206 Cost: 0.2621 Pre: 0.9960 Re: 1.0000 Acc: 0.9980 F1: 0.9980
Epoch 213: Time: 0.1197 Cost: 0.2576 Pre: 0.9960 Re: 1.0000 Acc: 0.9980 F1: 0.9980
Epoch 214: Time: 0.1187 Cost: 0.2527 Pre: 0.9960 Re: 1.0000 Acc: 0.9980 F1: 0.9980
Epoch 215: Time: 0.1164 Cost: 0.2541 Pre: 0.9960 Re: 1.0000 Acc: 0.9980 F1: 0.9980
Epoch 216: Time: 0.1273 Cost: 0.2595 Pre: 0.9960 Re: 1.0000 Acc: 0.9980 F1: 0.9980
Epoch 217: Time: 0.1276 Cost: 0.2697 Pre: 0.9960 Re: 1.0000 Acc: 0.9980 F1: 0.9980
Epoch 218: Time: 0.1269 Cost: 0.2506 Pre: 0.9960 Re: 1.0000 Acc: 0.9980 F1: 0.9980
Epoch 219: Time: 0.1170 Cost: 0.2511 Pre: 0.9960 Re: 1.0000 Acc: 0.9980 F1: 0.9980
Epoch 220: Time: 0.1208 Cost: 0.2534 Pre: 0.9960 Re: 1.0000 Acc: 0.9980 F1: 0.9980


--------------------------------------------------------------------
Eval results: Cost:2.2831 Pre:0.9524 Re:1.0000 Acc:0.9750 F1:0.9756
--------------------------------------------------------------------

Epoch 221: Time: 0.1175 Cost: 0.2630 Pre: 0.9960 Re: 1.0000 Acc: 0.9980 F1: 0.9980
Epoch 222: Time: 0.1169 Cost: 0.2509 Pre: 0.9960 Re: 1.0000 Acc: 0.9980 F1: 0.9980
Epoch 223: Time: 0.1146 Cost: 0.2411 Pre: 0.9960 Re: 1.0000 Acc: 0.9980 F1: 0.9980
Epoch 224: Time: 0.1193 Cost: 0.2420 Pre: 0.9960 Re: 1.0000 Acc: 0.9980 F1: 0.9980
Epoch 225: Time: 0.1239 Cost: 0.2444 Pre: 0.9960 Re: 1.0000 Acc: 0.9980 F1: 0.9980
Epoch 226: Time: 0.1208 Cost: 0.2533 Pre: 0.9960 Re: 1.0000 Acc: 0.9980 F1: 0.9980
Epoch 227: Time: 0.1163 Cost: 0.2549 Pre: 0.9960 Re: 1.0000 Acc: 0.9980 F1: 0.9980
Epoch 228: Time: 0.1158 Cost: 0.2441 Pre: 0.9960 Re: 1.0000 Acc: 0.9980 F1: 0.9980
Epoch 229: Time: 0.1200 Cost: 0.2431 Pre: 0.9960 Re: 1.0000 Acc: 0.9980 F1: 0.9980
Epoch 230: Time: 0.1175 Cost: 0.2467 Pre: 0.9960 Re: 1.0000 Acc: 0.9980 F1: 0.9980


--------------------------------------------------------------------
Eval results: Cost:2.2427 Pre:0.9542 Re:1.0000 Acc:0.9760 F1:0.9766
--------------------------------------------------------------------

Epoch 231: Time: 0.1212 Cost: 0.2494 Pre: 0.9960 Re: 1.0000 Acc: 0.9980 F1: 0.9980
Epoch 232: Time: 0.1226 Cost: 0.2527 Pre: 0.9960 Re: 1.0000 Acc: 0.9980 F1: 0.9980
Epoch 233: Time: 0.1175 Cost: 0.2439 Pre: 0.9960 Re: 1.0000 Acc: 0.9980 F1: 0.9980
Epoch 234: Time: 0.1160 Cost: 0.2384 Pre: 0.9960 Re: 1.0000 Acc: 0.9980 F1: 0.9980
Epoch 235: Time: 0.1268 Cost: 0.2414 Pre: 0.9960 Re: 1.0000 Acc: 0.9980 F1: 0.9980
Epoch 236: Time: 0.1181 Cost: 0.2521 Pre: 0.9960 Re: 1.0000 Acc: 0.9980 F1: 0.9980
Epoch 237: Time: 0.1176 Cost: 0.2416 Pre: 0.9960 Re: 1.0000 Acc: 0.9980 F1: 0.9980
Epoch 238: Time: 0.1201 Cost: 0.2424 Pre: 0.9960 Re: 1.0000 Acc: 0.9980 F1: 0.9980
Epoch 239: Time: 0.1205 Cost: 0.2562 Pre: 0.9960 Re: 1.0000 Acc: 0.9980 F1: 0.9980
Epoch 240: Time: 0.1174 Cost: 0.2529 Pre: 0.9960 Re: 1.0000 Acc: 0.9980 F1: 0.9980


--------------------------------------------------------------------
Eval results: Cost:2.3009 Pre:0.9506 Re:1.0000 Acc:0.9740 F1:0.9747
--------------------------------------------------------------------

Epoch 241: Time: 0.1152 Cost: 0.2410 Pre: 0.9960 Re: 1.0000 Acc: 0.9980 F1: 0.9980
Epoch 242: Time: 0.1158 Cost: 0.2346 Pre: 0.9960 Re: 1.0000 Acc: 0.9980 F1: 0.9980
Epoch 243: Time: 0.1191 Cost: 0.2410 Pre: 0.9960 Re: 1.0000 Acc: 0.9980 F1: 0.9980
Epoch 244: Time: 0.1191 Cost: 0.2463 Pre: 0.9960 Re: 1.0000 Acc: 0.9980 F1: 0.9980
Epoch 245: Time: 0.1213 Cost: 0.2415 Pre: 0.9960 Re: 1.0000 Acc: 0.9980 F1: 0.9980
Epoch 246: Time: 0.1223 Cost: 0.2317 Pre: 0.9960 Re: 1.0000 Acc: 0.9980 F1: 0.9980
Epoch 247: Time: 0.1218 Cost: 0.2305 Pre: 0.9960 Re: 1.0000 Acc: 0.9980 F1: 0.9980
Epoch 248: Time: 0.1147 Cost: 0.2317 Pre: 0.9960 Re: 1.0000 Acc: 0.9980 F1: 0.9980
Epoch 249: Time: 0.1207 Cost: 0.2411 Pre: 0.9960 Re: 1.0000 Acc: 0.9980 F1: 0.9980
Epoch 250: Time: 0.1194 Cost: 0.2495 Pre: 0.9960 Re: 1.0000 Acc: 0.9980 F1: 0.9980


--------------------------------------------------------------------
Eval results: Cost:2.2559 Pre:0.9542 Re:1.0000 Acc:0.9760 F1:0.9766
--------------------------------------------------------------------

Epoch 251: Time: 0.1219 Cost: 0.2389 Pre: 0.9960 Re: 1.0000 Acc: 0.9980 F1: 0.9980
Epoch 252: Time: 0.1225 Cost: 0.2466 Pre: 0.9960 Re: 1.0000 Acc: 0.9980 F1: 0.9980
Epoch 253: Time: 0.1279 Cost: 0.2409 Pre: 0.9960 Re: 1.0000 Acc: 0.9980 F1: 0.9980
Epoch 254: Time: 0.1215 Cost: 0.2251 Pre: 0.9960 Re: 1.0000 Acc: 0.9980 F1: 0.9980
Epoch 255: Time: 0.1255 Cost: 0.2264 Pre: 0.9960 Re: 1.0000 Acc: 0.9980 F1: 0.9980
Epoch 256: Time: 0.1167 Cost: 0.2329 Pre: 0.9960 Re: 1.0000 Acc: 0.9980 F1: 0.9980
Epoch 257: Time: 0.1208 Cost: 0.2269 Pre: 0.9960 Re: 1.0000 Acc: 0.9980 F1: 0.9980
Epoch 258: Time: 0.1165 Cost: 0.2317 Pre: 0.9960 Re: 1.0000 Acc: 0.9980 F1: 0.9980
Epoch 259: Time: 0.1176 Cost: 0.2387 Pre: 0.9960 Re: 1.0000 Acc: 0.9980 F1: 0.9980
Epoch 260: Time: 0.1289 Cost: 0.2417 Pre: 0.9960 Re: 1.0000 Acc: 0.9980 F1: 0.9980


--------------------------------------------------------------------
Eval results: Cost:2.2730 Pre:0.9524 Re:1.0000 Acc:0.9750 F1:0.9756
--------------------------------------------------------------------

Epoch 261: Time: 0.1161 Cost: 0.2322 Pre: 0.9960 Re: 1.0000 Acc: 0.9980 F1: 0.9980
Epoch 262: Time: 0.1172 Cost: 0.2223 Pre: 0.9960 Re: 1.0000 Acc: 0.9980 F1: 0.9980
Epoch 263: Time: 0.1184 Cost: 0.2235 Pre: 0.9960 Re: 1.0000 Acc: 0.9980 F1: 0.9980
Epoch 264: Time: 0.1152 Cost: 0.2243 Pre: 0.9960 Re: 1.0000 Acc: 0.9980 F1: 0.9980
Epoch 265: Time: 0.1159 Cost: 0.2265 Pre: 0.9960 Re: 1.0000 Acc: 0.9980 F1: 0.9980
Epoch 266: Time: 0.1153 Cost: 0.2286 Pre: 0.9960 Re: 1.0000 Acc: 0.9980 F1: 0.9980
Epoch 267: Time: 0.1181 Cost: 0.2205 Pre: 0.9960 Re: 1.0000 Acc: 0.9980 F1: 0.9980
Epoch 268: Time: 0.1247 Cost: 0.2213 Pre: 0.9960 Re: 1.0000 Acc: 0.9980 F1: 0.9980
Epoch 269: Time: 0.1230 Cost: 0.2322 Pre: 0.9960 Re: 1.0000 Acc: 0.9980 F1: 0.9980
Epoch 270: Time: 0.1193 Cost: 0.2423 Pre: 0.9960 Re: 1.0000 Acc: 0.9980 F1: 0.9980


--------------------------------------------------------------------
Eval results: Cost:2.2668 Pre:0.9524 Re:1.0000 Acc:0.9750 F1:0.9756
--------------------------------------------------------------------

Epoch 271: Time: 0.1223 Cost: 0.2287 Pre: 0.9960 Re: 1.0000 Acc: 0.9980 F1: 0.9980
Epoch 272: Time: 0.1350 Cost: 0.2168 Pre: 0.9960 Re: 1.0000 Acc: 0.9980 F1: 0.9980
Epoch 273: Time: 0.1274 Cost: 0.2201 Pre: 0.9960 Re: 1.0000 Acc: 0.9980 F1: 0.9980
Epoch 274: Time: 0.1182 Cost: 0.2260 Pre: 0.9960 Re: 1.0000 Acc: 0.9980 F1: 0.9980
Epoch 275: Time: 0.1169 Cost: 0.2272 Pre: 0.9960 Re: 1.0000 Acc: 0.9980 F1: 0.9980
Epoch 276: Time: 0.1177 Cost: 0.2171 Pre: 0.9960 Re: 1.0000 Acc: 0.9980 F1: 0.9980
Epoch 277: Time: 0.1185 Cost: 0.2142 Pre: 0.9960 Re: 1.0000 Acc: 0.9980 F1: 0.9980
Epoch 278: Time: 0.1162 Cost: 0.2175 Pre: 0.9960 Re: 1.0000 Acc: 0.9980 F1: 0.9980
Epoch 279: Time: 0.1164 Cost: 0.2227 Pre: 0.9960 Re: 1.0000 Acc: 0.9980 F1: 0.9980
Epoch 280: Time: 0.1187 Cost: 0.2392 Pre: 0.9960 Re: 1.0000 Acc: 0.9980 F1: 0.9980


--------------------------------------------------------------------
Eval results: Cost:2.2186 Pre:0.9524 Re:1.0000 Acc:0.9750 F1:0.9756
--------------------------------------------------------------------

Epoch 281: Time: 0.1177 Cost: 0.2304 Pre: 0.9960 Re: 1.0000 Acc: 0.9980 F1: 0.9980
Epoch 282: Time: 0.1225 Cost: 0.2233 Pre: 0.9960 Re: 1.0000 Acc: 0.9980 F1: 0.9980
Epoch 283: Time: 0.1192 Cost: 0.2191 Pre: 0.9960 Re: 1.0000 Acc: 0.9980 F1: 0.9980
Epoch 284: Time: 0.1171 Cost: 0.2163 Pre: 0.9960 Re: 1.0000 Acc: 0.9980 F1: 0.9980
Epoch 285: Time: 0.1170 Cost: 0.2124 Pre: 0.9960 Re: 1.0000 Acc: 0.9980 F1: 0.9980
Epoch 286: Time: 0.1256 Cost: 0.2110 Pre: 0.9960 Re: 1.0000 Acc: 0.9980 F1: 0.9980
Epoch 287: Time: 0.1245 Cost: 0.2140 Pre: 0.9960 Re: 1.0000 Acc: 0.9980 F1: 0.9980
Epoch 288: Time: 0.1167 Cost: 0.2198 Pre: 0.9960 Re: 1.0000 Acc: 0.9980 F1: 0.9980
Epoch 289: Time: 0.1188 Cost: 0.2324 Pre: 0.9960 Re: 1.0000 Acc: 0.9980 F1: 0.9980
Epoch 290: Time: 0.1234 Cost: 0.2264 Pre: 0.9960 Re: 1.0000 Acc: 0.9980 F1: 0.9980


--------------------------------------------------------------------
Eval results: Cost:2.2654 Pre:0.9506 Re:1.0000 Acc:0.9740 F1:0.9747
--------------------------------------------------------------------

Epoch 291: Time: 0.1200 Cost: 0.2208 Pre: 0.9960 Re: 1.0000 Acc: 0.9980 F1: 0.9980
Epoch 292: Time: 0.1194 Cost: 0.2172 Pre: 0.9960 Re: 1.0000 Acc: 0.9980 F1: 0.9980
Epoch 293: Time: 0.1181 Cost: 0.2118 Pre: 0.9960 Re: 1.0000 Acc: 0.9980 F1: 0.9980
Epoch 294: Time: 0.1149 Cost: 0.2125 Pre: 0.9960 Re: 1.0000 Acc: 0.9980 F1: 0.9980
Epoch 295: Time: 0.1207 Cost: 0.2154 Pre: 0.9960 Re: 1.0000 Acc: 0.9980 F1: 0.9980
Epoch 296: Time: 0.1183 Cost: 0.2146 Pre: 0.9960 Re: 1.0000 Acc: 0.9980 F1: 0.9980
Epoch 297: Time: 0.1164 Cost: 0.2132 Pre: 0.9960 Re: 1.0000 Acc: 0.9980 F1: 0.9980
Epoch 298: Time: 0.1184 Cost: 0.2156 Pre: 0.9960 Re: 1.0000 Acc: 0.9980 F1: 0.9980
Epoch 299: Time: 0.1158 Cost: 0.2138 Pre: 0.9960 Re: 1.0000 Acc: 0.9980 F1: 0.9980
Epoch 300: Time: 0.1152 Cost: 0.2178 Pre: 0.9960 Re: 1.0000 Acc: 0.9980 F1: 0.9980


--------------------------------------------------------------------
Eval results: Cost:2.2247 Pre:0.9524 Re:1.0000 Acc:0.9750 F1:0.9756
--------------------------------------------------------------------

Epoch 301: Time: 0.1176 Cost: 0.2126 Pre: 0.9960 Re: 1.0000 Acc: 0.9980 F1: 0.9980
Epoch 302: Time: 0.1207 Cost: 0.2051 Pre: 0.9960 Re: 1.0000 Acc: 0.9980 F1: 0.9980
Epoch 303: Time: 0.1191 Cost: 0.2007 Pre: 0.9960 Re: 1.0000 Acc: 0.9980 F1: 0.9980
Epoch 304: Time: 0.1168 Cost: 0.2029 Pre: 0.9960 Re: 1.0000 Acc: 0.9980 F1: 0.9980
Epoch 305: Time: 0.1150 Cost: 0.2101 Pre: 0.9960 Re: 1.0000 Acc: 0.9980 F1: 0.9980
Epoch 306: Time: 0.1155 Cost: 0.2088 Pre: 0.9960 Re: 1.0000 Acc: 0.9980 F1: 0.9980
Epoch 307: Time: 0.1182 Cost: 0.2117 Pre: 0.9960 Re: 1.0000 Acc: 0.9980 F1: 0.9980
Epoch 308: Time: 0.1163 Cost: 0.2099 Pre: 0.9960 Re: 1.0000 Acc: 0.9980 F1: 0.9980
Epoch 309: Time: 0.1144 Cost: 0.2116 Pre: 0.9960 Re: 1.0000 Acc: 0.9980 F1: 0.9980
Epoch 310: Time: 0.1212 Cost: 0.2239 Pre: 0.9960 Re: 1.0000 Acc: 0.9980 F1: 0.9980


--------------------------------------------------------------------
Eval results: Cost:2.2158 Pre:0.9524 Re:1.0000 Acc:0.9750 F1:0.9756
--------------------------------------------------------------------

Epoch 311: Time: 0.1235 Cost: 0.2218 Pre: 0.9960 Re: 1.0000 Acc: 0.9980 F1: 0.9980
Epoch 312: Time: 0.1201 Cost: 0.2061 Pre: 0.9960 Re: 1.0000 Acc: 0.9980 F1: 0.9980
Epoch 313: Time: 0.1148 Cost: 0.2064 Pre: 0.9960 Re: 1.0000 Acc: 0.9980 F1: 0.9980
Epoch 314: Time: 0.1176 Cost: 0.2071 Pre: 0.9960 Re: 1.0000 Acc: 0.9980 F1: 0.9980
Epoch 315: Time: 0.1194 Cost: 0.2002 Pre: 0.9960 Re: 1.0000 Acc: 0.9980 F1: 0.9980
Epoch 316: Time: 0.1170 Cost: 0.1977 Pre: 0.9960 Re: 1.0000 Acc: 0.9980 F1: 0.9980
Epoch 317: Time: 0.1154 Cost: 0.1992 Pre: 0.9960 Re: 1.0000 Acc: 0.9980 F1: 0.9980
Epoch 318: Time: 0.1183 Cost: 0.1997 Pre: 0.9960 Re: 1.0000 Acc: 0.9980 F1: 0.9980
Epoch 319: Time: 0.1148 Cost: 0.2217 Pre: 0.9960 Re: 1.0000 Acc: 0.9980 F1: 0.9980
Epoch 320: Time: 0.1179 Cost: 0.2201 Pre: 0.9960 Re: 1.0000 Acc: 0.9980 F1: 0.9980


--------------------------------------------------------------------
Eval results: Cost:2.2605 Pre:0.9506 Re:1.0000 Acc:0.9740 F1:0.9747
--------------------------------------------------------------------

Epoch 321: Time: 0.1176 Cost: 0.2086 Pre: 0.9960 Re: 1.0000 Acc: 0.9980 F1: 0.9980
Epoch 322: Time: 0.1186 Cost: 0.2059 Pre: 0.9960 Re: 1.0000 Acc: 0.9980 F1: 0.9980
Epoch 323: Time: 0.1219 Cost: 0.2069 Pre: 0.9960 Re: 1.0000 Acc: 0.9980 F1: 0.9980
Epoch 324: Time: 0.1169 Cost: 0.1969 Pre: 0.9960 Re: 1.0000 Acc: 0.9980 F1: 0.9980
Epoch 325: Time: 0.1200 Cost: 0.1930 Pre: 0.9960 Re: 1.0000 Acc: 0.9980 F1: 0.9980
Epoch 326: Time: 0.1273 Cost: 0.1948 Pre: 0.9960 Re: 1.0000 Acc: 0.9980 F1: 0.9980
Epoch 327: Time: 0.1183 Cost: 0.1964 Pre: 0.9960 Re: 1.0000 Acc: 0.9980 F1: 0.9980
Epoch 328: Time: 0.1260 Cost: 0.2166 Pre: 0.9960 Re: 1.0000 Acc: 0.9980 F1: 0.9980
Epoch 329: Time: 0.1275 Cost: 0.2106 Pre: 0.9960 Re: 1.0000 Acc: 0.9980 F1: 0.9980
Epoch 330: Time: 0.1205 Cost: 0.2033 Pre: 0.9960 Re: 1.0000 Acc: 0.9980 F1: 0.9980


--------------------------------------------------------------------
Eval results: Cost:2.2480 Pre:0.9506 Re:1.0000 Acc:0.9740 F1:0.9747
--------------------------------------------------------------------

Epoch 331: Time: 0.1188 Cost: 0.2100 Pre: 0.9960 Re: 1.0000 Acc: 0.9980 F1: 0.9980
Epoch 332: Time: 0.1146 Cost: 0.2246 Pre: 0.9960 Re: 1.0000 Acc: 0.9980 F1: 0.9980
Epoch 333: Time: 0.1176 Cost: 0.1968 Pre: 0.9960 Re: 1.0000 Acc: 0.9980 F1: 0.9980
Epoch 334: Time: 0.1183 Cost: 0.1921 Pre: 0.9960 Re: 1.0000 Acc: 0.9980 F1: 0.9980
Epoch 335: Time: 0.1264 Cost: 0.1929 Pre: 0.9960 Re: 1.0000 Acc: 0.9980 F1: 0.9980
Epoch 336: Time: 0.1160 Cost: 0.1955 Pre: 0.9960 Re: 1.0000 Acc: 0.9980 F1: 0.9980
Epoch 337: Time: 0.1170 Cost: 0.2065 Pre: 0.9960 Re: 1.0000 Acc: 0.9980 F1: 0.9980
Epoch 338: Time: 0.1170 Cost: 0.1911 Pre: 0.9960 Re: 1.0000 Acc: 0.9980 F1: 0.9980
Epoch 339: Time: 0.1272 Cost: 0.1893 Pre: 0.9960 Re: 1.0000 Acc: 0.9980 F1: 0.9980
Epoch 340: Time: 0.1166 Cost: 0.1891 Pre: 0.9960 Re: 1.0000 Acc: 0.9980 F1: 0.9980


--------------------------------------------------------------------
Eval results: Cost:2.2769 Pre:0.9488 Re:1.0000 Acc:0.9730 F1:0.9737
--------------------------------------------------------------------

Early stopping...
Reading model ...
--------------------------------------------------------------------
Test 1000 samples take time: 0.3775
Test results: Cost: 0.2277 Precision: 0.9488 Recall: 1.0000 Accuracy: 0.9730 F1: 0.9737
--------------------------------------------------------------------

