Load data
RNN type: SRN Grammar: SP/SP8/1k/ Seed: 1
Model total parameters: 150
Saving hinit ... 

Epoch 0: Time: 0.0265 Cost: 66.7098 Pre: 0.3956 Re: 0.6180 Acc: 0.3370 F1: 0.4824


--------------------------------------------------------------------
Eval results: Cost:45.7165 Pre:0.4957 Re:0.9180 Acc:0.4920 F1:0.6438
--------------------------------------------------------------------

Epoch 1: Time: 0.0259 Cost: 61.6420 Pre: 0.4021 Re: 0.6080 Acc: 0.3520 F1: 0.4841
Epoch 2: Time: 0.0260 Cost: 56.5460 Pre: 0.4176 Re: 0.5980 Acc: 0.3820 F1: 0.4918
Epoch 3: Time: 0.0259 Cost: 51.4704 Pre: 0.4446 Re: 0.5700 Acc: 0.4290 F1: 0.4996
Epoch 4: Time: 0.0260 Cost: 47.1001 Pre: 0.5500 Re: 0.6600 Acc: 0.5600 F1: 0.6000
Epoch 5: Time: 0.0260 Cost: 43.3048 Pre: 0.6155 Re: 0.7140 Acc: 0.6340 F1: 0.6611
Epoch 6: Time: 0.0259 Cost: 39.7973 Pre: 0.6318 Re: 0.7240 Acc: 0.6510 F1: 0.6747
Epoch 7: Time: 0.0259 Cost: 36.9961 Pre: 0.6322 Re: 0.7220 Acc: 0.6510 F1: 0.6741
Epoch 8: Time: 0.0259 Cost: 34.3080 Pre: 0.6472 Re: 0.7300 Acc: 0.6660 F1: 0.6861
Epoch 9: Time: 0.0259 Cost: 31.7051 Pre: 0.6589 Re: 0.7340 Acc: 0.6770 F1: 0.6944
Epoch 10: Time: 0.0260 Cost: 29.4923 Pre: 0.6637 Re: 0.7420 Acc: 0.6830 F1: 0.7007


--------------------------------------------------------------------
Eval results: Cost:28.6459 Pre:0.6646 Re:0.8560 Acc:0.7120 F1:0.7483
--------------------------------------------------------------------

Epoch 11: Time: 0.0259 Cost: 27.6452 Pre: 0.6727 Re: 0.7440 Acc: 0.6910 F1: 0.7066
Epoch 12: Time: 0.0259 Cost: 26.2631 Pre: 0.6750 Re: 0.7520 Acc: 0.6950 F1: 0.7114
Epoch 13: Time: 0.0259 Cost: 25.0242 Pre: 0.6848 Re: 0.7560 Acc: 0.7040 F1: 0.7186
Epoch 14: Time: 0.0259 Cost: 23.8616 Pre: 0.6991 Re: 0.7620 Acc: 0.7170 F1: 0.7292
Epoch 15: Time: 0.0259 Cost: 22.6957 Pre: 0.7108 Re: 0.7620 Acc: 0.7260 F1: 0.7355
Epoch 16: Time: 0.0259 Cost: 21.5429 Pre: 0.7215 Re: 0.7720 Acc: 0.7370 F1: 0.7459
Epoch 17: Time: 0.0259 Cost: 20.3813 Pre: 0.7318 Re: 0.7860 Acc: 0.7490 F1: 0.7580
Epoch 18: Time: 0.0259 Cost: 19.2522 Pre: 0.7458 Re: 0.7980 Acc: 0.7630 F1: 0.7710
Epoch 19: Time: 0.0259 Cost: 18.2175 Pre: 0.7668 Re: 0.8220 Acc: 0.7860 F1: 0.7934
Epoch 20: Time: 0.0259 Cost: 17.3135 Pre: 0.7841 Re: 0.8860 Acc: 0.8210 F1: 0.8319


--------------------------------------------------------------------
Eval results: Cost:21.5096 Pre:0.7562 Re:0.8560 Acc:0.7900 F1:0.8030
--------------------------------------------------------------------

Epoch 21: Time: 0.0258 Cost: 16.5401 Pre: 0.7893 Re: 0.9140 Acc: 0.8350 F1: 0.8471
Epoch 22: Time: 0.0259 Cost: 16.0176 Pre: 0.7924 Re: 0.9160 Acc: 0.8380 F1: 0.8497
Epoch 23: Time: 0.0258 Cost: 15.5477 Pre: 0.7958 Re: 0.9200 Acc: 0.8420 F1: 0.8534
Epoch 24: Time: 0.0258 Cost: 15.0914 Pre: 0.7976 Re: 0.9220 Acc: 0.8440 F1: 0.8553
Epoch 25: Time: 0.0258 Cost: 14.6595 Pre: 0.8000 Re: 0.9280 Acc: 0.8480 F1: 0.8593
Epoch 26: Time: 0.0258 Cost: 14.2527 Pre: 0.8014 Re: 0.9280 Acc: 0.8490 F1: 0.8601
Epoch 27: Time: 0.0258 Cost: 13.8667 Pre: 0.8021 Re: 0.9320 Acc: 0.8510 F1: 0.8622
Epoch 28: Time: 0.0258 Cost: 13.5066 Pre: 0.8041 Re: 0.9360 Acc: 0.8540 F1: 0.8651
Epoch 29: Time: 0.0257 Cost: 13.1702 Pre: 0.8128 Re: 0.9380 Acc: 0.8610 F1: 0.8709
Epoch 30: Time: 0.0257 Cost: 12.8529 Pre: 0.8103 Re: 0.9400 Acc: 0.8600 F1: 0.8704


--------------------------------------------------------------------
Eval results: Cost:17.1839 Pre:0.7755 Re:0.8500 Acc:0.8020 F1:0.8111
--------------------------------------------------------------------

Epoch 31: Time: 0.0258 Cost: 12.5420 Pre: 0.8107 Re: 0.9420 Acc: 0.8610 F1: 0.8714
Epoch 32: Time: 0.0257 Cost: 12.3831 Pre: 0.8116 Re: 0.9480 Acc: 0.8640 F1: 0.8745
Epoch 33: Time: 0.0257 Cost: 12.2068 Pre: 0.8127 Re: 0.9460 Acc: 0.8640 F1: 0.8743
Epoch 34: Time: 0.0257 Cost: 12.0209 Pre: 0.8130 Re: 0.9480 Acc: 0.8650 F1: 0.8753
Epoch 35: Time: 0.0257 Cost: 11.8395 Pre: 0.8176 Re: 0.9500 Acc: 0.8690 F1: 0.8788
Epoch 36: Time: 0.0257 Cost: 11.6458 Pre: 0.8169 Re: 0.9460 Acc: 0.8670 F1: 0.8767
Epoch 37: Time: 0.0257 Cost: 11.4340 Pre: 0.8201 Re: 0.9480 Acc: 0.8700 F1: 0.8794
Epoch 38: Time: 0.0257 Cost: 11.2158 Pre: 0.8215 Re: 0.9480 Acc: 0.8710 F1: 0.8802
Epoch 39: Time: 0.0257 Cost: 10.9892 Pre: 0.8275 Re: 0.9500 Acc: 0.8760 F1: 0.8845
Epoch 40: Time: 0.0257 Cost: 10.7512 Pre: 0.8267 Re: 0.9540 Acc: 0.8770 F1: 0.8858


--------------------------------------------------------------------
Eval results: Cost:14.7016 Pre:0.8041 Re:0.8620 Acc:0.8260 F1:0.8320
--------------------------------------------------------------------

Epoch 41: Time: 0.0257 Cost: 10.4965 Pre: 0.8273 Re: 0.9580 Acc: 0.8790 F1: 0.8879
Epoch 42: Time: 0.0256 Cost: 10.3614 Pre: 0.8287 Re: 0.9580 Acc: 0.8800 F1: 0.8887
Epoch 43: Time: 0.0257 Cost: 10.2059 Pre: 0.8316 Re: 0.9580 Acc: 0.8820 F1: 0.8903
Epoch 44: Time: 0.0257 Cost: 10.0367 Pre: 0.8360 Re: 0.9580 Acc: 0.8850 F1: 0.8928
Epoch 45: Time: 0.0257 Cost: 9.8675 Pre: 0.8362 Re: 0.9600 Acc: 0.8860 F1: 0.8939
Epoch 46: Time: 0.0257 Cost: 9.6884 Pre: 0.8360 Re: 0.9580 Acc: 0.8850 F1: 0.8928
Epoch 47: Time: 0.0257 Cost: 9.5046 Pre: 0.8406 Re: 0.9600 Acc: 0.8890 F1: 0.8964
Epoch 48: Time: 0.0257 Cost: 9.3289 Pre: 0.8404 Re: 0.9580 Acc: 0.8880 F1: 0.8953
Epoch 49: Time: 0.0257 Cost: 9.1615 Pre: 0.8398 Re: 0.9540 Acc: 0.8860 F1: 0.8933
Epoch 50: Time: 0.0257 Cost: 9.0051 Pre: 0.8428 Re: 0.9540 Acc: 0.8880 F1: 0.8949


--------------------------------------------------------------------
Eval results: Cost:12.8413 Pre:0.8423 Re:0.8760 Acc:0.8560 F1:0.8588
--------------------------------------------------------------------

Epoch 51: Time: 0.0257 Cost: 8.8539 Pre: 0.8433 Re: 0.9580 Acc: 0.8900 F1: 0.8970
Epoch 52: Time: 0.0257 Cost: 8.7864 Pre: 0.8445 Re: 0.9560 Acc: 0.8900 F1: 0.8968
Epoch 53: Time: 0.0257 Cost: 8.7114 Pre: 0.8500 Re: 0.9520 Acc: 0.8920 F1: 0.8981
Epoch 54: Time: 0.0257 Cost: 8.6351 Pre: 0.8518 Re: 0.9540 Acc: 0.8940 F1: 0.9000
Epoch 55: Time: 0.0257 Cost: 8.5644 Pre: 0.8518 Re: 0.9540 Acc: 0.8940 F1: 0.9000
Epoch 56: Time: 0.0257 Cost: 8.4849 Pre: 0.8561 Re: 0.9520 Acc: 0.8960 F1: 0.9015
Epoch 57: Time: 0.0257 Cost: 8.3961 Pre: 0.8590 Re: 0.9500 Acc: 0.8970 F1: 0.9022
Epoch 58: Time: 0.0257 Cost: 8.3046 Pre: 0.8613 Re: 0.9560 Acc: 0.9010 F1: 0.9062
Epoch 59: Time: 0.0257 Cost: 8.2073 Pre: 0.8615 Re: 0.9580 Acc: 0.9020 F1: 0.9072
Epoch 60: Time: 0.0257 Cost: 8.1074 Pre: 0.8618 Re: 0.9600 Acc: 0.9030 F1: 0.9082


--------------------------------------------------------------------
Eval results: Cost:11.9094 Pre:0.8580 Re:0.8820 Acc:0.8680 F1:0.8698
--------------------------------------------------------------------

Epoch 61: Time: 0.0257 Cost: 7.9963 Pre: 0.8638 Re: 0.9640 Acc: 0.9060 F1: 0.9112
Epoch 62: Time: 0.0256 Cost: 7.9507 Pre: 0.8638 Re: 0.9640 Acc: 0.9060 F1: 0.9112
Epoch 63: Time: 0.0258 Cost: 7.8881 Pre: 0.8700 Re: 0.9640 Acc: 0.9100 F1: 0.9146
Epoch 64: Time: 0.0257 Cost: 7.8225 Pre: 0.8700 Re: 0.9640 Acc: 0.9100 F1: 0.9146
Epoch 65: Time: 0.0257 Cost: 7.7650 Pre: 0.8716 Re: 0.9640 Acc: 0.9110 F1: 0.9155
Epoch 66: Time: 0.0257 Cost: 7.6947 Pre: 0.8761 Re: 0.9620 Acc: 0.9130 F1: 0.9171
Epoch 67: Time: 0.0257 Cost: 7.6140 Pre: 0.8761 Re: 0.9620 Acc: 0.9130 F1: 0.9171
Epoch 68: Time: 0.0257 Cost: 7.5319 Pre: 0.8777 Re: 0.9620 Acc: 0.9140 F1: 0.9179
Epoch 69: Time: 0.0257 Cost: 7.4440 Pre: 0.8793 Re: 0.9620 Acc: 0.9150 F1: 0.9188
Epoch 70: Time: 0.0259 Cost: 7.3564 Pre: 0.8812 Re: 0.9640 Acc: 0.9170 F1: 0.9207


--------------------------------------------------------------------
Eval results: Cost:11.0899 Pre:0.8723 Re:0.8880 Acc:0.8790 F1:0.8801
--------------------------------------------------------------------

Epoch 71: Time: 0.0257 Cost: 7.2621 Pre: 0.8798 Re: 0.9660 Acc: 0.9170 F1: 0.9209
Epoch 72: Time: 0.0257 Cost: 7.2198 Pre: 0.8796 Re: 0.9640 Acc: 0.9160 F1: 0.9198
Epoch 73: Time: 0.0257 Cost: 7.1658 Pre: 0.8810 Re: 0.9620 Acc: 0.9160 F1: 0.9197
Epoch 74: Time: 0.0257 Cost: 7.1160 Pre: 0.8810 Re: 0.9620 Acc: 0.9160 F1: 0.9197
Epoch 75: Time: 0.0257 Cost: 7.0703 Pre: 0.8812 Re: 0.9640 Acc: 0.9170 F1: 0.9207
Epoch 76: Time: 0.0257 Cost: 7.0135 Pre: 0.8842 Re: 0.9620 Acc: 0.9180 F1: 0.9215
Epoch 77: Time: 0.0257 Cost: 6.9547 Pre: 0.8846 Re: 0.9660 Acc: 0.9200 F1: 0.9235
Epoch 78: Time: 0.0257 Cost: 6.8922 Pre: 0.8844 Re: 0.9640 Acc: 0.9190 F1: 0.9225
Epoch 79: Time: 0.0257 Cost: 6.8267 Pre: 0.8860 Re: 0.9640 Acc: 0.9200 F1: 0.9234
Epoch 80: Time: 0.0257 Cost: 6.7606 Pre: 0.8877 Re: 0.9640 Acc: 0.9210 F1: 0.9243


--------------------------------------------------------------------
Eval results: Cost:10.4011 Pre:0.8802 Re:0.8960 Acc:0.8870 F1:0.8880
--------------------------------------------------------------------

Epoch 81: Time: 0.0257 Cost: 6.6861 Pre: 0.8895 Re: 0.9660 Acc: 0.9230 F1: 0.9262
Epoch 82: Time: 0.0258 Cost: 6.6513 Pre: 0.8897 Re: 0.9680 Acc: 0.9240 F1: 0.9272
Epoch 83: Time: 0.0257 Cost: 6.6083 Pre: 0.8911 Re: 0.9660 Acc: 0.9240 F1: 0.9271
Epoch 84: Time: 0.0258 Cost: 6.5679 Pre: 0.8913 Re: 0.9680 Acc: 0.9250 F1: 0.9281
Epoch 85: Time: 0.0257 Cost: 6.5278 Pre: 0.8930 Re: 0.9680 Acc: 0.9260 F1: 0.9290
Epoch 86: Time: 0.0257 Cost: 6.4793 Pre: 0.8930 Re: 0.9680 Acc: 0.9260 F1: 0.9290
Epoch 87: Time: 0.0257 Cost: 6.4278 Pre: 0.8946 Re: 0.9680 Acc: 0.9270 F1: 0.9299
Epoch 88: Time: 0.0257 Cost: 6.3714 Pre: 0.8948 Re: 0.9700 Acc: 0.9280 F1: 0.9309
Epoch 89: Time: 0.0257 Cost: 6.3126 Pre: 0.8948 Re: 0.9700 Acc: 0.9280 F1: 0.9309
Epoch 90: Time: 0.0258 Cost: 6.2514 Pre: 0.8948 Re: 0.9700 Acc: 0.9280 F1: 0.9309


--------------------------------------------------------------------
Eval results: Cost:9.8053 Pre:0.8986 Re:0.9040 Acc:0.9010 F1:0.9013
--------------------------------------------------------------------

Epoch 91: Time: 0.0257 Cost: 6.1815 Pre: 0.8950 Re: 0.9720 Acc: 0.9290 F1: 0.9319
Epoch 92: Time: 0.0257 Cost: 6.1495 Pre: 0.8969 Re: 0.9740 Acc: 0.9310 F1: 0.9338
Epoch 93: Time: 0.0257 Cost: 6.1084 Pre: 0.8983 Re: 0.9720 Acc: 0.9310 F1: 0.9337
Epoch 94: Time: 0.0257 Cost: 6.0709 Pre: 0.8983 Re: 0.9720 Acc: 0.9310 F1: 0.9337
Epoch 95: Time: 0.0257 Cost: 6.0331 Pre: 0.8983 Re: 0.9720 Acc: 0.9310 F1: 0.9337
Epoch 96: Time: 0.0257 Cost: 5.9882 Pre: 0.8983 Re: 0.9720 Acc: 0.9310 F1: 0.9337
Epoch 97: Time: 0.0257 Cost: 5.9393 Pre: 0.9000 Re: 0.9720 Acc: 0.9320 F1: 0.9346
Epoch 98: Time: 0.0257 Cost: 5.8866 Pre: 0.9000 Re: 0.9720 Acc: 0.9320 F1: 0.9346
Epoch 99: Time: 0.0257 Cost: 5.8313 Pre: 0.8998 Re: 0.9700 Acc: 0.9310 F1: 0.9336
Epoch 100: Time: 0.0257 Cost: 5.7734 Pre: 0.9015 Re: 0.9700 Acc: 0.9320 F1: 0.9345


--------------------------------------------------------------------
Eval results: Cost:9.3806 Pre:0.9022 Re:0.9040 Acc:0.9030 F1:0.9031
--------------------------------------------------------------------

Epoch 101: Time: 0.0257 Cost: 5.7071 Pre: 0.9017 Re: 0.9720 Acc: 0.9330 F1: 0.9355
Epoch 102: Time: 0.0257 Cost: 5.6797 Pre: 0.9015 Re: 0.9700 Acc: 0.9320 F1: 0.9345
Epoch 103: Time: 0.0257 Cost: 5.6420 Pre: 0.9015 Re: 0.9700 Acc: 0.9320 F1: 0.9345
Epoch 104: Time: 0.0257 Cost: 5.6085 Pre: 0.9017 Re: 0.9720 Acc: 0.9330 F1: 0.9355
Epoch 105: Time: 0.0257 Cost: 5.5753 Pre: 0.9019 Re: 0.9740 Acc: 0.9340 F1: 0.9365
Epoch 106: Time: 0.0257 Cost: 5.5356 Pre: 0.9035 Re: 0.9740 Acc: 0.9350 F1: 0.9374
Epoch 107: Time: 0.0257 Cost: 5.4902 Pre: 0.9035 Re: 0.9740 Acc: 0.9350 F1: 0.9374
Epoch 108: Time: 0.0257 Cost: 5.4435 Pre: 0.9019 Re: 0.9740 Acc: 0.9340 F1: 0.9365
Epoch 109: Time: 0.0257 Cost: 5.3910 Pre: 0.9019 Re: 0.9740 Acc: 0.9340 F1: 0.9365
Epoch 110: Time: 0.0257 Cost: 5.3385 Pre: 0.9035 Re: 0.9740 Acc: 0.9350 F1: 0.9374


--------------------------------------------------------------------
Eval results: Cost:9.0974 Pre:0.9058 Re:0.9040 Acc:0.9050 F1:0.9049
--------------------------------------------------------------------

Epoch 111: Time: 0.0257 Cost: 5.2759 Pre: 0.9020 Re: 0.9760 Acc: 0.9350 F1: 0.9376
Epoch 112: Time: 0.0257 Cost: 5.2552 Pre: 0.9069 Re: 0.9740 Acc: 0.9370 F1: 0.9392
Epoch 113: Time: 0.0256 Cost: 5.2211 Pre: 0.9104 Re: 0.9760 Acc: 0.9400 F1: 0.9421
Epoch 114: Time: 0.0257 Cost: 5.1927 Pre: 0.9121 Re: 0.9760 Acc: 0.9410 F1: 0.9430
Epoch 115: Time: 0.0257 Cost: 5.1659 Pre: 0.9120 Re: 0.9740 Acc: 0.9400 F1: 0.9420
Epoch 116: Time: 0.0257 Cost: 5.1330 Pre: 0.9156 Re: 0.9760 Acc: 0.9430 F1: 0.9448
Epoch 117: Time: 0.0257 Cost: 5.0942 Pre: 0.9171 Re: 0.9740 Acc: 0.9430 F1: 0.9447
Epoch 118: Time: 0.0257 Cost: 5.0553 Pre: 0.9173 Re: 0.9760 Acc: 0.9440 F1: 0.9457
Epoch 119: Time: 0.0256 Cost: 5.0096 Pre: 0.9173 Re: 0.9760 Acc: 0.9440 F1: 0.9457
Epoch 120: Time: 0.0257 Cost: 4.9645 Pre: 0.9208 Re: 0.9760 Acc: 0.9460 F1: 0.9476


--------------------------------------------------------------------
Eval results: Cost:9.0913 Pre:0.9124 Re:0.8960 Acc:0.9050 F1:0.9041
--------------------------------------------------------------------

Epoch 121: Time: 0.0257 Cost: 4.9075 Pre: 0.9190 Re: 0.9760 Acc: 0.9450 F1: 0.9467
Epoch 122: Time: 0.0257 Cost: 4.8924 Pre: 0.9189 Re: 0.9740 Acc: 0.9440 F1: 0.9456
Epoch 123: Time: 0.0256 Cost: 4.8632 Pre: 0.9259 Re: 0.9740 Acc: 0.9480 F1: 0.9493
Epoch 124: Time: 0.0257 Cost: 4.8402 Pre: 0.9242 Re: 0.9760 Acc: 0.9480 F1: 0.9494
Epoch 125: Time: 0.0257 Cost: 4.8187 Pre: 0.9276 Re: 0.9740 Acc: 0.9490 F1: 0.9502
Epoch 126: Time: 0.0256 Cost: 4.7923 Pre: 0.9276 Re: 0.9740 Acc: 0.9490 F1: 0.9502
Epoch 127: Time: 0.0257 Cost: 4.7605 Pre: 0.9294 Re: 0.9740 Acc: 0.9500 F1: 0.9512
Epoch 128: Time: 0.0256 Cost: 4.7289 Pre: 0.9294 Re: 0.9740 Acc: 0.9500 F1: 0.9512
Epoch 129: Time: 0.0256 Cost: 4.6918 Pre: 0.9294 Re: 0.9740 Acc: 0.9500 F1: 0.9512
Epoch 130: Time: 0.0256 Cost: 4.6546 Pre: 0.9312 Re: 0.9740 Acc: 0.9510 F1: 0.9521


--------------------------------------------------------------------
Eval results: Cost:8.8371 Pre:0.9139 Re:0.8920 Acc:0.9040 F1:0.9028
--------------------------------------------------------------------

Epoch 131: Time: 0.0256 Cost: 4.6057 Pre: 0.9295 Re: 0.9760 Acc: 0.9510 F1: 0.9522
Epoch 132: Time: 0.0256 Cost: 4.5953 Pre: 0.9331 Re: 0.9760 Acc: 0.9530 F1: 0.9541
Epoch 133: Time: 0.0256 Cost: 4.5708 Pre: 0.9364 Re: 0.9720 Acc: 0.9530 F1: 0.9539
Epoch 134: Time: 0.0257 Cost: 4.5529 Pre: 0.9365 Re: 0.9740 Acc: 0.9540 F1: 0.9549
Epoch 135: Time: 0.0256 Cost: 4.5356 Pre: 0.9365 Re: 0.9740 Acc: 0.9540 F1: 0.9549
Epoch 136: Time: 0.0256 Cost: 4.5153 Pre: 0.9365 Re: 0.9740 Acc: 0.9540 F1: 0.9549
Epoch 137: Time: 0.0256 Cost: 4.4897 Pre: 0.9382 Re: 0.9720 Acc: 0.9540 F1: 0.9548
Epoch 138: Time: 0.0256 Cost: 4.4645 Pre: 0.9382 Re: 0.9720 Acc: 0.9540 F1: 0.9548
Epoch 139: Time: 0.0256 Cost: 4.4349 Pre: 0.9382 Re: 0.9720 Acc: 0.9540 F1: 0.9548
Epoch 140: Time: 0.0256 Cost: 4.4044 Pre: 0.9382 Re: 0.9720 Acc: 0.9540 F1: 0.9548


--------------------------------------------------------------------
Eval results: Cost:8.6679 Pre:0.9193 Re:0.8880 Acc:0.9050 F1:0.9034
--------------------------------------------------------------------

Epoch 141: Time: 0.0256 Cost: 4.3615 Pre: 0.9382 Re: 0.9720 Acc: 0.9540 F1: 0.9548
Epoch 142: Time: 0.0256 Cost: 4.3541 Pre: 0.9382 Re: 0.9720 Acc: 0.9540 F1: 0.9548
Epoch 143: Time: 0.0256 Cost: 4.3322 Pre: 0.9419 Re: 0.9720 Acc: 0.9560 F1: 0.9567
Epoch 144: Time: 0.0256 Cost: 4.3175 Pre: 0.9419 Re: 0.9720 Acc: 0.9560 F1: 0.9567
Epoch 145: Time: 0.0256 Cost: 4.3024 Pre: 0.9419 Re: 0.9720 Acc: 0.9560 F1: 0.9567
Epoch 146: Time: 0.0256 Cost: 4.2858 Pre: 0.9419 Re: 0.9720 Acc: 0.9560 F1: 0.9567
Epoch 147: Time: 0.0256 Cost: 4.2640 Pre: 0.9419 Re: 0.9720 Acc: 0.9560 F1: 0.9567
Epoch 148: Time: 0.0256 Cost: 4.2432 Pre: 0.9437 Re: 0.9720 Acc: 0.9570 F1: 0.9576
Epoch 149: Time: 0.0256 Cost: 4.2185 Pre: 0.9455 Re: 0.9720 Acc: 0.9580 F1: 0.9586
Epoch 150: Time: 0.0257 Cost: 4.1928 Pre: 0.9455 Re: 0.9720 Acc: 0.9580 F1: 0.9586


--------------------------------------------------------------------
Eval results: Cost:8.5715 Pre:0.9244 Re:0.8800 Acc:0.9040 F1:0.9016
--------------------------------------------------------------------

Epoch 151: Time: 0.0256 Cost: 4.1540 Pre: 0.9437 Re: 0.9720 Acc: 0.9570 F1: 0.9576
Epoch 152: Time: 0.0256 Cost: 4.1492 Pre: 0.9437 Re: 0.9720 Acc: 0.9570 F1: 0.9576
Epoch 153: Time: 0.0256 Cost: 4.1295 Pre: 0.9474 Re: 0.9720 Acc: 0.9590 F1: 0.9595
Epoch 154: Time: 0.0256 Cost: 4.1174 Pre: 0.9474 Re: 0.9720 Acc: 0.9590 F1: 0.9595
Epoch 155: Time: 0.0256 Cost: 4.1047 Pre: 0.9474 Re: 0.9720 Acc: 0.9590 F1: 0.9595
Epoch 156: Time: 0.0256 Cost: 4.0914 Pre: 0.9474 Re: 0.9720 Acc: 0.9590 F1: 0.9595
Epoch 157: Time: 0.0256 Cost: 4.0728 Pre: 0.9474 Re: 0.9720 Acc: 0.9590 F1: 0.9595
Epoch 158: Time: 0.0256 Cost: 4.0559 Pre: 0.9474 Re: 0.9720 Acc: 0.9590 F1: 0.9595
Epoch 159: Time: 0.0255 Cost: 4.0355 Pre: 0.9474 Re: 0.9720 Acc: 0.9590 F1: 0.9595
Epoch 160: Time: 0.0256 Cost: 4.0139 Pre: 0.9511 Re: 0.9720 Acc: 0.9610 F1: 0.9614


--------------------------------------------------------------------
Eval results: Cost:8.5094 Pre:0.9295 Re:0.8700 Acc:0.9020 F1:0.8988
--------------------------------------------------------------------

Epoch 161: Time: 0.0256 Cost: 3.9783 Pre: 0.9492 Re: 0.9720 Acc: 0.9600 F1: 0.9605
Epoch 162: Time: 0.0255 Cost: 3.9754 Pre: 0.9475 Re: 0.9740 Acc: 0.9600 F1: 0.9606
Epoch 163: Time: 0.0255 Cost: 3.9573 Pre: 0.9567 Re: 0.9720 Acc: 0.9640 F1: 0.9643
Epoch 164: Time: 0.0257 Cost: 3.9478 Pre: 0.9567 Re: 0.9720 Acc: 0.9640 F1: 0.9643
Epoch 165: Time: 0.0256 Cost: 3.9370 Pre: 0.9567 Re: 0.9720 Acc: 0.9640 F1: 0.9643
Epoch 166: Time: 0.0256 Cost: 3.9268 Pre: 0.9567 Re: 0.9720 Acc: 0.9640 F1: 0.9643
Epoch 167: Time: 0.0256 Cost: 3.9110 Pre: 0.9605 Re: 0.9720 Acc: 0.9660 F1: 0.9662
Epoch 168: Time: 0.0256 Cost: 3.8974 Pre: 0.9605 Re: 0.9720 Acc: 0.9660 F1: 0.9662
Epoch 169: Time: 0.0256 Cost: 3.8807 Pre: 0.9606 Re: 0.9740 Acc: 0.9670 F1: 0.9672
Epoch 170: Time: 0.0256 Cost: 3.8623 Pre: 0.9606 Re: 0.9740 Acc: 0.9670 F1: 0.9672


--------------------------------------------------------------------
Eval results: Cost:8.4595 Pre:0.9383 Re:0.8520 Acc:0.8980 F1:0.8931
--------------------------------------------------------------------

Epoch 171: Time: 0.0255 Cost: 3.8291 Pre: 0.9549 Re: 0.9740 Acc: 0.9640 F1: 0.9644
Epoch 172: Time: 0.0256 Cost: 3.8270 Pre: 0.9606 Re: 0.9740 Acc: 0.9670 F1: 0.9672
Epoch 173: Time: 0.0256 Cost: 3.8097 Pre: 0.9644 Re: 0.9740 Acc: 0.9690 F1: 0.9692
Epoch 174: Time: 0.0256 Cost: 3.8030 Pre: 0.9644 Re: 0.9740 Acc: 0.9690 F1: 0.9692
Epoch 175: Time: 0.0256 Cost: 3.7936 Pre: 0.9644 Re: 0.9740 Acc: 0.9690 F1: 0.9692
Epoch 176: Time: 0.0255 Cost: 3.7861 Pre: 0.9663 Re: 0.9740 Acc: 0.9700 F1: 0.9701
Epoch 177: Time: 0.0255 Cost: 3.7728 Pre: 0.9663 Re: 0.9740 Acc: 0.9700 F1: 0.9701
Epoch 178: Time: 0.0255 Cost: 3.7620 Pre: 0.9682 Re: 0.9740 Acc: 0.9710 F1: 0.9711
Epoch 179: Time: 0.0255 Cost: 3.7488 Pre: 0.9681 Re: 0.9720 Acc: 0.9700 F1: 0.9701
Epoch 180: Time: 0.0255 Cost: 3.7331 Pre: 0.9681 Re: 0.9720 Acc: 0.9700 F1: 0.9701


--------------------------------------------------------------------
Eval results: Cost:8.4111 Pre:0.9425 Re:0.8520 Acc:0.9000 F1:0.8950
--------------------------------------------------------------------

Epoch 181: Time: 0.0256 Cost: 3.7021 Pre: 0.9587 Re: 0.9760 Acc: 0.9670 F1: 0.9673
Epoch 182: Time: 0.0255 Cost: 3.6998 Pre: 0.9681 Re: 0.9720 Acc: 0.9700 F1: 0.9701
Epoch 183: Time: 0.0256 Cost: 3.6826 Pre: 0.9681 Re: 0.9720 Acc: 0.9700 F1: 0.9701
Epoch 184: Time: 0.0256 Cost: 3.6788 Pre: 0.9663 Re: 0.9740 Acc: 0.9700 F1: 0.9701
Epoch 185: Time: 0.0255 Cost: 3.6706 Pre: 0.9681 Re: 0.9720 Acc: 0.9700 F1: 0.9701
Epoch 186: Time: 0.0255 Cost: 3.6657 Pre: 0.9662 Re: 0.9720 Acc: 0.9690 F1: 0.9691
Epoch 187: Time: 0.0255 Cost: 3.6550 Pre: 0.9663 Re: 0.9740 Acc: 0.9700 F1: 0.9701
Epoch 188: Time: 0.0255 Cost: 3.6466 Pre: 0.9663 Re: 0.9740 Acc: 0.9700 F1: 0.9701
Epoch 189: Time: 0.0255 Cost: 3.6369 Pre: 0.9663 Re: 0.9740 Acc: 0.9700 F1: 0.9701
Epoch 190: Time: 0.0255 Cost: 3.6236 Pre: 0.9663 Re: 0.9740 Acc: 0.9700 F1: 0.9701


--------------------------------------------------------------------
Eval results: Cost:8.3632 Pre:0.9461 Re:0.8420 Acc:0.8970 F1:0.8910
--------------------------------------------------------------------

Epoch 191: Time: 0.0255 Cost: 3.5944 Pre: 0.9587 Re: 0.9760 Acc: 0.9670 F1: 0.9673
Epoch 192: Time: 0.0255 Cost: 3.5908 Pre: 0.9682 Re: 0.9740 Acc: 0.9710 F1: 0.9711
Epoch 193: Time: 0.0255 Cost: 3.5738 Pre: 0.9663 Re: 0.9740 Acc: 0.9700 F1: 0.9701
Epoch 194: Time: 0.0255 Cost: 3.5725 Pre: 0.9661 Re: 0.9700 Acc: 0.9680 F1: 0.9681
Epoch 195: Time: 0.0255 Cost: 3.5654 Pre: 0.9663 Re: 0.9740 Acc: 0.9700 F1: 0.9701
Epoch 196: Time: 0.0255 Cost: 3.5627 Pre: 0.9662 Re: 0.9720 Acc: 0.9690 F1: 0.9691
Epoch 197: Time: 0.0255 Cost: 3.5548 Pre: 0.9662 Re: 0.9720 Acc: 0.9690 F1: 0.9691
Epoch 198: Time: 0.0255 Cost: 3.5483 Pre: 0.9662 Re: 0.9720 Acc: 0.9690 F1: 0.9691
Epoch 199: Time: 0.0255 Cost: 3.5416 Pre: 0.9662 Re: 0.9720 Acc: 0.9690 F1: 0.9691
Epoch 200: Time: 0.0255 Cost: 3.5305 Pre: 0.9662 Re: 0.9720 Acc: 0.9690 F1: 0.9691


--------------------------------------------------------------------
Eval results: Cost:8.3190 Pre:0.9480 Re:0.8380 Acc:0.8960 F1:0.8896
--------------------------------------------------------------------

Epoch 201: Time: 0.0256 Cost: 3.5012 Pre: 0.9625 Re: 0.9740 Acc: 0.9680 F1: 0.9682
Epoch 202: Time: 0.0255 Cost: 3.4961 Pre: 0.9701 Re: 0.9720 Acc: 0.9710 F1: 0.9710
Epoch 203: Time: 0.0255 Cost: 3.4803 Pre: 0.9681 Re: 0.9720 Acc: 0.9700 F1: 0.9701
Epoch 204: Time: 0.0255 Cost: 3.4807 Pre: 0.9681 Re: 0.9700 Acc: 0.9690 F1: 0.9690
Epoch 205: Time: 0.0256 Cost: 3.4749 Pre: 0.9700 Re: 0.9700 Acc: 0.9700 F1: 0.9700
Epoch 206: Time: 0.0255 Cost: 3.4737 Pre: 0.9700 Re: 0.9700 Acc: 0.9700 F1: 0.9700
Epoch 207: Time: 0.0255 Cost: 3.4684 Pre: 0.9701 Re: 0.9740 Acc: 0.9720 F1: 0.9721
Epoch 208: Time: 0.0255 Cost: 3.4633 Pre: 0.9701 Re: 0.9740 Acc: 0.9720 F1: 0.9721
Epoch 209: Time: 0.0255 Cost: 3.4588 Pre: 0.9701 Re: 0.9740 Acc: 0.9720 F1: 0.9721
Epoch 210: Time: 0.0255 Cost: 3.4495 Pre: 0.9701 Re: 0.9740 Acc: 0.9720 F1: 0.9721


--------------------------------------------------------------------
Eval results: Cost:8.2795 Pre:0.9501 Re:0.8380 Acc:0.8970 F1:0.8905
--------------------------------------------------------------------

Epoch 211: Time: 0.0256 Cost: 3.4181 Pre: 0.9644 Re: 0.9760 Acc: 0.9700 F1: 0.9702
Epoch 212: Time: 0.0255 Cost: 3.4120 Pre: 0.9721 Re: 0.9740 Acc: 0.9730 F1: 0.9730
Epoch 213: Time: 0.0255 Cost: 3.3982 Pre: 0.9701 Re: 0.9720 Acc: 0.9710 F1: 0.9710
Epoch 214: Time: 0.0255 Cost: 3.3994 Pre: 0.9701 Re: 0.9720 Acc: 0.9710 F1: 0.9710
Epoch 215: Time: 0.0255 Cost: 3.3952 Pre: 0.9701 Re: 0.9720 Acc: 0.9710 F1: 0.9710
Epoch 216: Time: 0.0255 Cost: 3.3950 Pre: 0.9701 Re: 0.9720 Acc: 0.9710 F1: 0.9710
Epoch 217: Time: 0.0255 Cost: 3.3921 Pre: 0.9701 Re: 0.9740 Acc: 0.9720 F1: 0.9721
Epoch 218: Time: 0.0255 Cost: 3.3881 Pre: 0.9701 Re: 0.9740 Acc: 0.9720 F1: 0.9721
Epoch 219: Time: 0.0256 Cost: 3.3849 Pre: 0.9701 Re: 0.9740 Acc: 0.9720 F1: 0.9721
Epoch 220: Time: 0.0255 Cost: 3.3769 Pre: 0.9701 Re: 0.9740 Acc: 0.9720 F1: 0.9721


--------------------------------------------------------------------
Eval results: Cost:8.2436 Pre:0.9541 Re:0.8320 Acc:0.8960 F1:0.8889
--------------------------------------------------------------------

Epoch 221: Time: 0.0255 Cost: 3.3424 Pre: 0.9663 Re: 0.9740 Acc: 0.9700 F1: 0.9701
Epoch 222: Time: 0.0255 Cost: 3.3356 Pre: 0.9720 Re: 0.9720 Acc: 0.9720 F1: 0.9720
Epoch 223: Time: 0.0255 Cost: 3.3242 Pre: 0.9701 Re: 0.9720 Acc: 0.9710 F1: 0.9710
Epoch 224: Time: 0.0255 Cost: 3.3258 Pre: 0.9700 Re: 0.9700 Acc: 0.9700 F1: 0.9700
Epoch 225: Time: 0.0255 Cost: 3.3231 Pre: 0.9700 Re: 0.9700 Acc: 0.9700 F1: 0.9700
Epoch 226: Time: 0.0255 Cost: 3.3237 Pre: 0.9700 Re: 0.9700 Acc: 0.9700 F1: 0.9700
Epoch 227: Time: 0.0255 Cost: 3.3227 Pre: 0.9701 Re: 0.9720 Acc: 0.9710 F1: 0.9710
Epoch 228: Time: 0.0255 Cost: 3.3197 Pre: 0.9701 Re: 0.9720 Acc: 0.9710 F1: 0.9710
Epoch 229: Time: 0.0255 Cost: 3.3172 Pre: 0.9720 Re: 0.9720 Acc: 0.9720 F1: 0.9720
Epoch 230: Time: 0.0255 Cost: 3.3102 Pre: 0.9720 Re: 0.9720 Acc: 0.9720 F1: 0.9720


--------------------------------------------------------------------
Eval results: Cost:8.2106 Pre:0.9540 Re:0.8300 Acc:0.8950 F1:0.8877
--------------------------------------------------------------------

Epoch 231: Time: 0.0255 Cost: 3.2721 Pre: 0.9682 Re: 0.9740 Acc: 0.9710 F1: 0.9711
Epoch 232: Time: 0.0255 Cost: 3.2650 Pre: 0.9759 Re: 0.9700 Acc: 0.9730 F1: 0.9729
Epoch 233: Time: 0.0255 Cost: 3.2560 Pre: 0.9739 Re: 0.9720 Acc: 0.9730 F1: 0.9730
Epoch 234: Time: 0.0255 Cost: 3.2578 Pre: 0.9759 Re: 0.9700 Acc: 0.9730 F1: 0.9729
Epoch 235: Time: 0.0255 Cost: 3.2564 Pre: 0.9739 Re: 0.9700 Acc: 0.9720 F1: 0.9719
Epoch 236: Time: 0.0255 Cost: 3.2579 Pre: 0.9739 Re: 0.9700 Acc: 0.9720 F1: 0.9719
Epoch 237: Time: 0.0255 Cost: 3.2583 Pre: 0.9739 Re: 0.9700 Acc: 0.9720 F1: 0.9719
Epoch 238: Time: 0.0255 Cost: 3.2561 Pre: 0.9739 Re: 0.9720 Acc: 0.9730 F1: 0.9730
Epoch 239: Time: 0.0255 Cost: 3.2541 Pre: 0.9739 Re: 0.9720 Acc: 0.9730 F1: 0.9730
Epoch 240: Time: 0.0255 Cost: 3.2477 Pre: 0.9759 Re: 0.9720 Acc: 0.9740 F1: 0.9739


--------------------------------------------------------------------
Eval results: Cost:8.1799 Pre:0.9538 Re:0.8260 Acc:0.8930 F1:0.8853
--------------------------------------------------------------------

Epoch 241: Time: 0.0256 Cost: 3.2060 Pre: 0.9721 Re: 0.9740 Acc: 0.9730 F1: 0.9730
Epoch 242: Time: 0.0255 Cost: 3.1989 Pre: 0.9759 Re: 0.9700 Acc: 0.9730 F1: 0.9729
Epoch 243: Time: 0.0255 Cost: 3.1920 Pre: 0.9778 Re: 0.9700 Acc: 0.9740 F1: 0.9739
Epoch 244: Time: 0.0255 Cost: 3.1941 Pre: 0.9758 Re: 0.9680 Acc: 0.9720 F1: 0.9719
Epoch 245: Time: 0.0255 Cost: 3.1937 Pre: 0.9758 Re: 0.9680 Acc: 0.9720 F1: 0.9719
Epoch 246: Time: 0.0255 Cost: 3.1962 Pre: 0.9758 Re: 0.9680 Acc: 0.9720 F1: 0.9719
Epoch 247: Time: 0.0255 Cost: 3.1976 Pre: 0.9758 Re: 0.9680 Acc: 0.9720 F1: 0.9719
Epoch 248: Time: 0.0258 Cost: 3.1961 Pre: 0.9758 Re: 0.9680 Acc: 0.9720 F1: 0.9719
Epoch 249: Time: 0.0255 Cost: 3.1946 Pre: 0.9759 Re: 0.9700 Acc: 0.9730 F1: 0.9729
Epoch 250: Time: 0.0255 Cost: 3.1884 Pre: 0.9759 Re: 0.9700 Acc: 0.9730 F1: 0.9729


--------------------------------------------------------------------
Eval results: Cost:8.1519 Pre:0.9582 Re:0.8260 Acc:0.8950 F1:0.8872
--------------------------------------------------------------------

Epoch 251: Time: 0.0255 Cost: 3.1434 Pre: 0.9740 Re: 0.9740 Acc: 0.9740 F1: 0.9740
Epoch 252: Time: 0.0255 Cost: 3.1364 Pre: 0.9758 Re: 0.9680 Acc: 0.9720 F1: 0.9719
Epoch 253: Time: 0.0255 Cost: 3.1312 Pre: 0.9798 Re: 0.9700 Acc: 0.9750 F1: 0.9749
Epoch 254: Time: 0.0255 Cost: 3.1337 Pre: 0.9759 Re: 0.9700 Acc: 0.9730 F1: 0.9729
Epoch 255: Time: 0.0255 Cost: 3.1342 Pre: 0.9778 Re: 0.9680 Acc: 0.9730 F1: 0.9729
Epoch 256: Time: 0.0255 Cost: 3.1378 Pre: 0.9778 Re: 0.9680 Acc: 0.9730 F1: 0.9729
Epoch 257: Time: 0.0256 Cost: 3.1397 Pre: 0.9778 Re: 0.9680 Acc: 0.9730 F1: 0.9729
Epoch 258: Time: 0.0255 Cost: 3.1389 Pre: 0.9778 Re: 0.9680 Acc: 0.9730 F1: 0.9729
Epoch 259: Time: 0.0255 Cost: 3.1379 Pre: 0.9778 Re: 0.9680 Acc: 0.9730 F1: 0.9729
Epoch 260: Time: 0.0255 Cost: 3.1317 Pre: 0.9778 Re: 0.9700 Acc: 0.9740 F1: 0.9739


--------------------------------------------------------------------
Eval results: Cost:8.1272 Pre:0.9605 Re:0.8260 Acc:0.8960 F1:0.8882
--------------------------------------------------------------------

Epoch 261: Time: 0.0255 Cost: 3.0838 Pre: 0.9779 Re: 0.9720 Acc: 0.9750 F1: 0.9749
Epoch 262: Time: 0.0255 Cost: 3.0773 Pre: 0.9759 Re: 0.9700 Acc: 0.9730 F1: 0.9729
Epoch 263: Time: 0.0255 Cost: 3.0733 Pre: 0.9798 Re: 0.9700 Acc: 0.9750 F1: 0.9749
Epoch 264: Time: 0.0255 Cost: 3.0763 Pre: 0.9778 Re: 0.9700 Acc: 0.9740 F1: 0.9739
Epoch 265: Time: 0.0255 Cost: 3.0773 Pre: 0.9778 Re: 0.9700 Acc: 0.9740 F1: 0.9739
Epoch 266: Time: 0.0255 Cost: 3.0822 Pre: 0.9778 Re: 0.9680 Acc: 0.9730 F1: 0.9729
Epoch 267: Time: 0.0255 Cost: 3.0845 Pre: 0.9778 Re: 0.9680 Acc: 0.9730 F1: 0.9729
Epoch 268: Time: 0.0255 Cost: 3.0842 Pre: 0.9778 Re: 0.9680 Acc: 0.9730 F1: 0.9729
Epoch 269: Time: 0.0255 Cost: 3.0839 Pre: 0.9777 Re: 0.9660 Acc: 0.9720 F1: 0.9718
Epoch 270: Time: 0.0255 Cost: 3.0775 Pre: 0.9777 Re: 0.9660 Acc: 0.9720 F1: 0.9718


--------------------------------------------------------------------
Eval results: Cost:8.1072 Pre:0.9606 Re:0.8280 Acc:0.8970 F1:0.8894
--------------------------------------------------------------------

Epoch 271: Time: 0.0255 Cost: 3.0271 Pre: 0.9778 Re: 0.9700 Acc: 0.9740 F1: 0.9739
Epoch 272: Time: 0.0255 Cost: 3.0213 Pre: 0.9778 Re: 0.9680 Acc: 0.9730 F1: 0.9729
Epoch 273: Time: 0.0255 Cost: 3.0181 Pre: 0.9798 Re: 0.9680 Acc: 0.9740 F1: 0.9738
Epoch 274: Time: 0.0258 Cost: 3.0217 Pre: 0.9778 Re: 0.9680 Acc: 0.9730 F1: 0.9729
Epoch 275: Time: 0.0255 Cost: 3.0230 Pre: 0.9778 Re: 0.9680 Acc: 0.9730 F1: 0.9729
Epoch 276: Time: 0.0255 Cost: 3.0292 Pre: 0.9778 Re: 0.9680 Acc: 0.9730 F1: 0.9729
Epoch 277: Time: 0.0255 Cost: 3.0318 Pre: 0.9777 Re: 0.9660 Acc: 0.9720 F1: 0.9718
Epoch 278: Time: 0.0255 Cost: 3.0319 Pre: 0.9777 Re: 0.9660 Acc: 0.9720 F1: 0.9718
Epoch 279: Time: 0.0255 Cost: 3.0323 Pre: 0.9777 Re: 0.9660 Acc: 0.9720 F1: 0.9718
Epoch 280: Time: 0.0255 Cost: 3.0258 Pre: 0.9777 Re: 0.9660 Acc: 0.9720 F1: 0.9718


--------------------------------------------------------------------
Eval results: Cost:8.0934 Pre:0.9581 Re:0.8240 Acc:0.8940 F1:0.8860
--------------------------------------------------------------------

Epoch 281: Time: 0.0255 Cost: 2.9734 Pre: 0.9778 Re: 0.9680 Acc: 0.9730 F1: 0.9729
Epoch 282: Time: 0.0255 Cost: 2.9684 Pre: 0.9778 Re: 0.9680 Acc: 0.9730 F1: 0.9729
Epoch 283: Time: 0.0255 Cost: 2.9656 Pre: 0.9798 Re: 0.9680 Acc: 0.9740 F1: 0.9738
Epoch 284: Time: 0.0255 Cost: 2.9699 Pre: 0.9778 Re: 0.9680 Acc: 0.9730 F1: 0.9729
Epoch 285: Time: 0.0255 Cost: 2.9712 Pre: 0.9778 Re: 0.9680 Acc: 0.9730 F1: 0.9729
Epoch 286: Time: 0.0255 Cost: 2.9786 Pre: 0.9778 Re: 0.9680 Acc: 0.9730 F1: 0.9729
Epoch 287: Time: 0.0255 Cost: 2.9816 Pre: 0.9778 Re: 0.9680 Acc: 0.9730 F1: 0.9729
Epoch 288: Time: 0.0255 Cost: 2.9818 Pre: 0.9777 Re: 0.9640 Acc: 0.9710 F1: 0.9708
Epoch 289: Time: 0.0255 Cost: 2.9830 Pre: 0.9777 Re: 0.9640 Acc: 0.9710 F1: 0.9708
Epoch 290: Time: 0.0254 Cost: 2.9766 Pre: 0.9777 Re: 0.9640 Acc: 0.9710 F1: 0.9708


--------------------------------------------------------------------
Eval results: Cost:8.0875 Pre:0.9624 Re:0.8200 Acc:0.8940 F1:0.8855
--------------------------------------------------------------------

Epoch 291: Time: 0.0255 Cost: 2.9228 Pre: 0.9778 Re: 0.9680 Acc: 0.9730 F1: 0.9729
Epoch 292: Time: 0.0254 Cost: 2.9187 Pre: 0.9778 Re: 0.9700 Acc: 0.9740 F1: 0.9739
Epoch 293: Time: 0.0255 Cost: 2.9158 Pre: 0.9798 Re: 0.9680 Acc: 0.9740 F1: 0.9738
Epoch 294: Time: 0.0255 Cost: 2.9208 Pre: 0.9798 Re: 0.9680 Acc: 0.9740 F1: 0.9738
Epoch 295: Time: 0.0254 Cost: 2.9219 Pre: 0.9778 Re: 0.9680 Acc: 0.9730 F1: 0.9729
Epoch 296: Time: 0.0254 Cost: 2.9303 Pre: 0.9777 Re: 0.9660 Acc: 0.9720 F1: 0.9718
Epoch 297: Time: 0.0255 Cost: 2.9339 Pre: 0.9777 Re: 0.9660 Acc: 0.9720 F1: 0.9718
Epoch 298: Time: 0.0255 Cost: 2.9340 Pre: 0.9777 Re: 0.9660 Acc: 0.9720 F1: 0.9718
Epoch 299: Time: 0.0255 Cost: 2.9360 Pre: 0.9777 Re: 0.9640 Acc: 0.9710 F1: 0.9708
Epoch 300: Time: 0.0255 Cost: 2.9301 Pre: 0.9777 Re: 0.9660 Acc: 0.9720 F1: 0.9718


--------------------------------------------------------------------
Eval results: Cost:8.0904 Pre:0.9602 Re:0.8200 Acc:0.8930 F1:0.8846
--------------------------------------------------------------------

Epoch 301: Time: 0.0254 Cost: 2.8751 Pre: 0.9777 Re: 0.9660 Acc: 0.9720 F1: 0.9718
Epoch 302: Time: 0.0255 Cost: 2.8720 Pre: 0.9758 Re: 0.9680 Acc: 0.9720 F1: 0.9719
Epoch 303: Time: 0.0255 Cost: 2.8687 Pre: 0.9798 Re: 0.9680 Acc: 0.9740 F1: 0.9738
Epoch 304: Time: 0.0257 Cost: 2.8744 Pre: 0.9798 Re: 0.9680 Acc: 0.9740 F1: 0.9738
Epoch 305: Time: 0.0255 Cost: 2.8749 Pre: 0.9798 Re: 0.9680 Acc: 0.9740 F1: 0.9738
Epoch 306: Time: 0.0255 Cost: 2.8842 Pre: 0.9777 Re: 0.9660 Acc: 0.9720 F1: 0.9718
Epoch 307: Time: 0.0254 Cost: 2.8886 Pre: 0.9777 Re: 0.9660 Acc: 0.9720 F1: 0.9718
Epoch 308: Time: 0.0255 Cost: 2.8885 Pre: 0.9777 Re: 0.9640 Acc: 0.9710 F1: 0.9708
Epoch 309: Time: 0.0255 Cost: 2.8910 Pre: 0.9797 Re: 0.9640 Acc: 0.9720 F1: 0.9718
Epoch 310: Time: 0.0255 Cost: 2.8860 Pre: 0.9797 Re: 0.9640 Acc: 0.9720 F1: 0.9718


--------------------------------------------------------------------
Eval results: Cost:8.1018 Pre:0.9600 Re:0.8160 Acc:0.8910 F1:0.8822
--------------------------------------------------------------------

Epoch 311: Time: 0.0255 Cost: 2.8303 Pre: 0.9817 Re: 0.9680 Acc: 0.9750 F1: 0.9748
Epoch 312: Time: 0.0255 Cost: 2.8281 Pre: 0.9758 Re: 0.9660 Acc: 0.9710 F1: 0.9709
Epoch 313: Time: 0.0255 Cost: 2.8240 Pre: 0.9817 Re: 0.9640 Acc: 0.9730 F1: 0.9728
Epoch 314: Time: 0.0255 Cost: 2.8304 Pre: 0.9797 Re: 0.9640 Acc: 0.9720 F1: 0.9718
Epoch 315: Time: 0.0255 Cost: 2.8302 Pre: 0.9817 Re: 0.9640 Acc: 0.9730 F1: 0.9728
Epoch 316: Time: 0.0255 Cost: 2.8400 Pre: 0.9797 Re: 0.9640 Acc: 0.9720 F1: 0.9718
Epoch 317: Time: 0.0255 Cost: 2.8454 Pre: 0.9817 Re: 0.9640 Acc: 0.9730 F1: 0.9728
Epoch 318: Time: 0.0255 Cost: 2.8450 Pre: 0.9797 Re: 0.9640 Acc: 0.9720 F1: 0.9718
Epoch 319: Time: 0.0255 Cost: 2.8477 Pre: 0.9797 Re: 0.9640 Acc: 0.9720 F1: 0.9718
Epoch 320: Time: 0.0255 Cost: 2.8439 Pre: 0.9817 Re: 0.9660 Acc: 0.9740 F1: 0.9738


--------------------------------------------------------------------
Eval results: Cost:8.1201 Pre:0.9599 Re:0.8140 Acc:0.8900 F1:0.8810
--------------------------------------------------------------------

Epoch 321: Time: 0.0255 Cost: 2.7882 Pre: 0.9837 Re: 0.9660 Acc: 0.9750 F1: 0.9748
Epoch 322: Time: 0.0255 Cost: 2.7868 Pre: 0.9758 Re: 0.9660 Acc: 0.9710 F1: 0.9709
Epoch 323: Time: 0.0255 Cost: 2.7817 Pre: 0.9817 Re: 0.9640 Acc: 0.9730 F1: 0.9728
Epoch 324: Time: 0.0255 Cost: 2.7888 Pre: 0.9797 Re: 0.9660 Acc: 0.9730 F1: 0.9728
Epoch 325: Time: 0.0255 Cost: 2.7876 Pre: 0.9837 Re: 0.9640 Acc: 0.9740 F1: 0.9737
Epoch 326: Time: 0.0255 Cost: 2.7977 Pre: 0.9817 Re: 0.9660 Acc: 0.9740 F1: 0.9738
Epoch 327: Time: 0.0255 Cost: 2.8041 Pre: 0.9837 Re: 0.9640 Acc: 0.9740 F1: 0.9737
Epoch 328: Time: 0.0255 Cost: 2.8035 Pre: 0.9817 Re: 0.9640 Acc: 0.9730 F1: 0.9728
Epoch 329: Time: 0.0255 Cost: 2.8061 Pre: 0.9837 Re: 0.9660 Acc: 0.9750 F1: 0.9748
Epoch 330: Time: 0.0255 Cost: 2.8035 Pre: 0.9817 Re: 0.9680 Acc: 0.9750 F1: 0.9748


--------------------------------------------------------------------
Eval results: Cost:8.1427 Pre:0.9599 Re:0.8140 Acc:0.8900 F1:0.8810
--------------------------------------------------------------------

Epoch 331: Time: 0.0255 Cost: 2.7486 Pre: 0.9837 Re: 0.9680 Acc: 0.9760 F1: 0.9758
Epoch 332: Time: 0.0255 Cost: 2.7475 Pre: 0.9758 Re: 0.9660 Acc: 0.9710 F1: 0.9709
Epoch 333: Time: 0.0255 Cost: 2.7417 Pre: 0.9817 Re: 0.9660 Acc: 0.9740 F1: 0.9738
Epoch 334: Time: 0.0255 Cost: 2.7491 Pre: 0.9817 Re: 0.9660 Acc: 0.9740 F1: 0.9738
Epoch 335: Time: 0.0255 Cost: 2.7470 Pre: 0.9817 Re: 0.9660 Acc: 0.9740 F1: 0.9738
Epoch 336: Time: 0.0255 Cost: 2.7570 Pre: 0.9817 Re: 0.9660 Acc: 0.9740 F1: 0.9738
Epoch 337: Time: 0.0255 Cost: 2.7644 Pre: 0.9837 Re: 0.9680 Acc: 0.9760 F1: 0.9758
Epoch 338: Time: 0.0255 Cost: 2.7639 Pre: 0.9837 Re: 0.9680 Acc: 0.9760 F1: 0.9758
Epoch 339: Time: 0.0255 Cost: 2.7662 Pre: 0.9837 Re: 0.9680 Acc: 0.9760 F1: 0.9758
Epoch 340: Time: 0.0255 Cost: 2.7646 Pre: 0.9837 Re: 0.9680 Acc: 0.9760 F1: 0.9758


--------------------------------------------------------------------
Eval results: Cost:8.1675 Pre:0.9575 Re:0.8120 Acc:0.8880 F1:0.8788
--------------------------------------------------------------------

Epoch 341: Time: 0.0255 Cost: 2.7112 Pre: 0.9858 Re: 0.9700 Acc: 0.9780 F1: 0.9778
Epoch 342: Time: 0.0255 Cost: 2.7102 Pre: 0.9798 Re: 0.9680 Acc: 0.9740 F1: 0.9738
Epoch 343: Time: 0.0255 Cost: 2.7038 Pre: 0.9837 Re: 0.9660 Acc: 0.9750 F1: 0.9748
Epoch 344: Time: 0.0255 Cost: 2.7113 Pre: 0.9817 Re: 0.9660 Acc: 0.9740 F1: 0.9738
Epoch 345: Time: 0.0254 Cost: 2.7084 Pre: 0.9837 Re: 0.9680 Acc: 0.9760 F1: 0.9758
Epoch 346: Time: 0.0255 Cost: 2.7181 Pre: 0.9817 Re: 0.9660 Acc: 0.9740 F1: 0.9738
Epoch 347: Time: 0.0255 Cost: 2.7261 Pre: 0.9817 Re: 0.9680 Acc: 0.9750 F1: 0.9748
Epoch 348: Time: 0.0255 Cost: 2.7260 Pre: 0.9837 Re: 0.9680 Acc: 0.9760 F1: 0.9758
Epoch 349: Time: 0.0255 Cost: 2.7280 Pre: 0.9857 Re: 0.9680 Acc: 0.9770 F1: 0.9768
Epoch 350: Time: 0.0255 Cost: 2.7270 Pre: 0.9857 Re: 0.9680 Acc: 0.9770 F1: 0.9768


--------------------------------------------------------------------
Eval results: Cost:8.1943 Pre:0.9597 Re:0.8100 Acc:0.8880 F1:0.8785
--------------------------------------------------------------------

Epoch 351: Time: 0.0255 Cost: 2.6755 Pre: 0.9858 Re: 0.9720 Acc: 0.9790 F1: 0.9789
Epoch 352: Time: 0.0254 Cost: 2.6748 Pre: 0.9817 Re: 0.9680 Acc: 0.9750 F1: 0.9748
Epoch 353: Time: 0.0254 Cost: 2.6677 Pre: 0.9837 Re: 0.9660 Acc: 0.9750 F1: 0.9748
Epoch 354: Time: 0.0254 Cost: 2.6755 Pre: 0.9837 Re: 0.9680 Acc: 0.9760 F1: 0.9758
Epoch 355: Time: 0.0254 Cost: 2.6716 Pre: 0.9837 Re: 0.9680 Acc: 0.9760 F1: 0.9758
Epoch 356: Time: 0.0255 Cost: 2.6810 Pre: 0.9837 Re: 0.9680 Acc: 0.9760 F1: 0.9758
Epoch 357: Time: 0.0255 Cost: 2.6894 Pre: 0.9857 Re: 0.9680 Acc: 0.9770 F1: 0.9768
Epoch 358: Time: 0.0254 Cost: 2.6895 Pre: 0.9877 Re: 0.9660 Acc: 0.9770 F1: 0.9767
Epoch 359: Time: 0.0254 Cost: 2.6912 Pre: 0.9857 Re: 0.9680 Acc: 0.9770 F1: 0.9768
Epoch 360: Time: 0.0255 Cost: 2.6909 Pre: 0.9878 Re: 0.9680 Acc: 0.9780 F1: 0.9778


--------------------------------------------------------------------
Eval results: Cost:8.2238 Pre:0.9619 Re:0.8080 Acc:0.8880 F1:0.8783
--------------------------------------------------------------------

Epoch 361: Time: 0.0255 Cost: 2.6414 Pre: 0.9858 Re: 0.9720 Acc: 0.9790 F1: 0.9789
Epoch 362: Time: 0.0255 Cost: 2.6412 Pre: 0.9818 Re: 0.9700 Acc: 0.9760 F1: 0.9759
Epoch 363: Time: 0.0254 Cost: 2.6334 Pre: 0.9838 Re: 0.9700 Acc: 0.9770 F1: 0.9768
Epoch 364: Time: 0.0255 Cost: 2.6418 Pre: 0.9838 Re: 0.9700 Acc: 0.9770 F1: 0.9768
Epoch 365: Time: 0.0254 Cost: 2.6366 Pre: 0.9838 Re: 0.9700 Acc: 0.9770 F1: 0.9768
Epoch 366: Time: 0.0254 Cost: 2.6457 Pre: 0.9857 Re: 0.9680 Acc: 0.9770 F1: 0.9768
Epoch 367: Time: 0.0255 Cost: 2.6544 Pre: 0.9857 Re: 0.9680 Acc: 0.9770 F1: 0.9768
Epoch 368: Time: 0.0255 Cost: 2.6543 Pre: 0.9857 Re: 0.9680 Acc: 0.9770 F1: 0.9768
Epoch 369: Time: 0.0255 Cost: 2.6557 Pre: 0.9858 Re: 0.9700 Acc: 0.9780 F1: 0.9778
Epoch 370: Time: 0.0254 Cost: 2.6561 Pre: 0.9858 Re: 0.9700 Acc: 0.9780 F1: 0.9778


--------------------------------------------------------------------
Eval results: Cost:8.2558 Pre:0.9618 Re:0.8060 Acc:0.8870 F1:0.8770
--------------------------------------------------------------------

Epoch 371: Time: 0.0255 Cost: 2.6089 Pre: 0.9858 Re: 0.9720 Acc: 0.9790 F1: 0.9789
Epoch 372: Time: 0.0255 Cost: 2.6094 Pre: 0.9818 Re: 0.9720 Acc: 0.9770 F1: 0.9769
Epoch 373: Time: 0.0255 Cost: 2.6008 Pre: 0.9838 Re: 0.9700 Acc: 0.9770 F1: 0.9768
Epoch 374: Time: 0.0255 Cost: 2.6102 Pre: 0.9837 Re: 0.9680 Acc: 0.9760 F1: 0.9758
Epoch 375: Time: 0.0254 Cost: 2.6034 Pre: 0.9838 Re: 0.9700 Acc: 0.9770 F1: 0.9768
Epoch 376: Time: 0.0254 Cost: 2.6124 Pre: 0.9857 Re: 0.9680 Acc: 0.9770 F1: 0.9768
Epoch 377: Time: 0.0255 Cost: 2.6212 Pre: 0.9858 Re: 0.9700 Acc: 0.9780 F1: 0.9778
Epoch 378: Time: 0.0255 Cost: 2.6206 Pre: 0.9857 Re: 0.9680 Acc: 0.9770 F1: 0.9768
Epoch 379: Time: 0.0255 Cost: 2.6213 Pre: 0.9858 Re: 0.9700 Acc: 0.9780 F1: 0.9778
Epoch 380: Time: 0.0255 Cost: 2.6226 Pre: 0.9858 Re: 0.9700 Acc: 0.9780 F1: 0.9778


--------------------------------------------------------------------
Eval results: Cost:8.2896 Pre:0.9619 Re:0.8080 Acc:0.8880 F1:0.8783
--------------------------------------------------------------------

Epoch 381: Time: 0.0255 Cost: 2.5779 Pre: 0.9858 Re: 0.9720 Acc: 0.9790 F1: 0.9789
Epoch 382: Time: 0.0255 Cost: 2.5794 Pre: 0.9818 Re: 0.9700 Acc: 0.9760 F1: 0.9759
Epoch 383: Time: 0.0255 Cost: 2.5701 Pre: 0.9838 Re: 0.9700 Acc: 0.9770 F1: 0.9768
Epoch 384: Time: 0.0255 Cost: 2.5806 Pre: 0.9838 Re: 0.9700 Acc: 0.9770 F1: 0.9768
Epoch 385: Time: 0.0255 Cost: 2.5724 Pre: 0.9838 Re: 0.9700 Acc: 0.9770 F1: 0.9768
Epoch 386: Time: 0.0255 Cost: 2.5812 Pre: 0.9857 Re: 0.9680 Acc: 0.9770 F1: 0.9768
Epoch 387: Time: 0.0255 Cost: 2.5899 Pre: 0.9858 Re: 0.9720 Acc: 0.9790 F1: 0.9789
Epoch 388: Time: 0.0255 Cost: 2.5882 Pre: 0.9858 Re: 0.9700 Acc: 0.9780 F1: 0.9778
Epoch 389: Time: 0.0255 Cost: 2.5880 Pre: 0.9858 Re: 0.9700 Acc: 0.9780 F1: 0.9778
Epoch 390: Time: 0.0254 Cost: 2.5904 Pre: 0.9858 Re: 0.9700 Acc: 0.9780 F1: 0.9778


--------------------------------------------------------------------
Eval results: Cost:8.3254 Pre:0.9639 Re:0.8020 Acc:0.8860 F1:0.8755
--------------------------------------------------------------------

Epoch 391: Time: 0.0255 Cost: 2.5486 Pre: 0.9838 Re: 0.9700 Acc: 0.9770 F1: 0.9768
Epoch 392: Time: 0.0255 Cost: 2.5511 Pre: 0.9818 Re: 0.9700 Acc: 0.9760 F1: 0.9759
Epoch 393: Time: 0.0255 Cost: 2.5412 Pre: 0.9858 Re: 0.9700 Acc: 0.9780 F1: 0.9778
Epoch 394: Time: 0.0255 Cost: 2.5531 Pre: 0.9858 Re: 0.9720 Acc: 0.9790 F1: 0.9789
Epoch 395: Time: 0.0255 Cost: 2.5436 Pre: 0.9858 Re: 0.9700 Acc: 0.9780 F1: 0.9778
Epoch 396: Time: 0.0255 Cost: 2.5522 Pre: 0.9858 Re: 0.9720 Acc: 0.9790 F1: 0.9789
Epoch 397: Time: 0.0255 Cost: 2.5606 Pre: 0.9858 Re: 0.9720 Acc: 0.9790 F1: 0.9789
Epoch 398: Time: 0.0255 Cost: 2.5574 Pre: 0.9858 Re: 0.9700 Acc: 0.9780 F1: 0.9778
Epoch 399: Time: 0.0255 Cost: 2.5560 Pre: 0.9858 Re: 0.9720 Acc: 0.9790 F1: 0.9789
Epoch 400: Time: 0.0255 Cost: 2.5599 Pre: 0.9858 Re: 0.9720 Acc: 0.9790 F1: 0.9789


--------------------------------------------------------------------
Eval results: Cost:8.3647 Pre:0.9663 Re:0.8040 Acc:0.8880 F1:0.8777
--------------------------------------------------------------------

Epoch 401: Time: 0.0255 Cost: 2.5211 Pre: 0.9858 Re: 0.9700 Acc: 0.9780 F1: 0.9778
Epoch 402: Time: 0.0255 Cost: 2.5246 Pre: 0.9818 Re: 0.9720 Acc: 0.9770 F1: 0.9769
Epoch 403: Time: 0.0255 Cost: 2.5143 Pre: 0.9858 Re: 0.9700 Acc: 0.9780 F1: 0.9778
Epoch 404: Time: 0.0254 Cost: 2.5278 Pre: 0.9858 Re: 0.9720 Acc: 0.9790 F1: 0.9789
Epoch 405: Time: 0.0254 Cost: 2.5175 Pre: 0.9858 Re: 0.9700 Acc: 0.9780 F1: 0.9778
Epoch 406: Time: 0.0255 Cost: 2.5256 Pre: 0.9858 Re: 0.9720 Acc: 0.9790 F1: 0.9789
Epoch 407: Time: 0.0255 Cost: 2.5334 Pre: 0.9858 Re: 0.9720 Acc: 0.9790 F1: 0.9789
Epoch 408: Time: 0.0255 Cost: 2.5282 Pre: 0.9858 Re: 0.9700 Acc: 0.9780 F1: 0.9778
Epoch 409: Time: 0.0255 Cost: 2.5253 Pre: 0.9878 Re: 0.9720 Acc: 0.9800 F1: 0.9798
Epoch 410: Time: 0.0255 Cost: 2.5314 Pre: 0.9858 Re: 0.9720 Acc: 0.9790 F1: 0.9789


--------------------------------------------------------------------
Eval results: Cost:8.4105 Pre:0.9663 Re:0.8020 Acc:0.8870 F1:0.8765
--------------------------------------------------------------------

Epoch 411: Time: 0.0255 Cost: 2.4958 Pre: 0.9857 Re: 0.9680 Acc: 0.9770 F1: 0.9768
Epoch 412: Time: 0.0255 Cost: 2.5002 Pre: 0.9838 Re: 0.9720 Acc: 0.9780 F1: 0.9779
Epoch 413: Time: 0.0255 Cost: 2.4896 Pre: 0.9857 Re: 0.9660 Acc: 0.9760 F1: 0.9758
Epoch 414: Time: 0.0255 Cost: 2.5053 Pre: 0.9858 Re: 0.9720 Acc: 0.9790 F1: 0.9789
Epoch 415: Time: 0.0255 Cost: 2.4946 Pre: 0.9857 Re: 0.9680 Acc: 0.9770 F1: 0.9768
Epoch 416: Time: 0.0255 Cost: 2.5019 Pre: 0.9858 Re: 0.9720 Acc: 0.9790 F1: 0.9789
Epoch 417: Time: 0.0255 Cost: 2.5086 Pre: 0.9878 Re: 0.9720 Acc: 0.9800 F1: 0.9798
Epoch 418: Time: 0.0255 Cost: 2.5007 Pre: 0.9878 Re: 0.9700 Acc: 0.9790 F1: 0.9788
Epoch 419: Time: 0.0255 Cost: 2.4964 Pre: 0.9878 Re: 0.9720 Acc: 0.9800 F1: 0.9798
Epoch 420: Time: 0.0255 Cost: 2.5055 Pre: 0.9878 Re: 0.9720 Acc: 0.9800 F1: 0.9798


--------------------------------------------------------------------
Eval results: Cost:8.4659 Pre:0.9662 Re:0.8000 Acc:0.8860 F1:0.8753
--------------------------------------------------------------------

Epoch 421: Time: 0.0255 Cost: 2.4734 Pre: 0.9857 Re: 0.9660 Acc: 0.9760 F1: 0.9758
Epoch 422: Time: 0.0255 Cost: 2.4787 Pre: 0.9858 Re: 0.9720 Acc: 0.9790 F1: 0.9789
Epoch 423: Time: 0.0255 Cost: 2.4682 Pre: 0.9857 Re: 0.9660 Acc: 0.9760 F1: 0.9758
Epoch 424: Time: 0.0255 Cost: 2.4867 Pre: 0.9858 Re: 0.9700 Acc: 0.9780 F1: 0.9778
Epoch 425: Time: 0.0255 Cost: 2.4762 Pre: 0.9857 Re: 0.9660 Acc: 0.9760 F1: 0.9758
Epoch 426: Time: 0.0255 Cost: 2.4823 Pre: 0.9858 Re: 0.9700 Acc: 0.9780 F1: 0.9778
Epoch 427: Time: 0.0255 Cost: 2.4866 Pre: 0.9878 Re: 0.9700 Acc: 0.9790 F1: 0.9788
Epoch 428: Time: 0.0255 Cost: 2.4748 Pre: 0.9878 Re: 0.9680 Acc: 0.9780 F1: 0.9778
Epoch 429: Time: 0.0255 Cost: 2.4696 Pre: 0.9898 Re: 0.9700 Acc: 0.9800 F1: 0.9798
Epoch 430: Time: 0.0255 Cost: 2.4827 Pre: 0.9878 Re: 0.9720 Acc: 0.9800 F1: 0.9798


--------------------------------------------------------------------
Eval results: Cost:8.5317 Pre:0.9659 Re:0.7940 Acc:0.8830 F1:0.8716
--------------------------------------------------------------------

Epoch 431: Time: 0.0255 Cost: 2.4558 Pre: 0.9857 Re: 0.9660 Acc: 0.9760 F1: 0.9758
Epoch 432: Time: 0.0255 Cost: 2.4615 Pre: 0.9838 Re: 0.9700 Acc: 0.9770 F1: 0.9768
Epoch 433: Time: 0.0255 Cost: 2.4523 Pre: 0.9877 Re: 0.9660 Acc: 0.9770 F1: 0.9767
Epoch 434: Time: 0.0255 Cost: 2.4736 Pre: 0.9858 Re: 0.9700 Acc: 0.9780 F1: 0.9778
Epoch 435: Time: 0.0255 Cost: 2.4649 Pre: 0.9877 Re: 0.9660 Acc: 0.9770 F1: 0.9767
Epoch 436: Time: 0.0255 Cost: 2.4690 Pre: 0.9858 Re: 0.9700 Acc: 0.9780 F1: 0.9778
Epoch 437: Time: 0.0255 Cost: 2.4677 Pre: 0.9857 Re: 0.9680 Acc: 0.9770 F1: 0.9768
Epoch 438: Time: 0.0255 Cost: 2.4497 Pre: 0.9877 Re: 0.9660 Acc: 0.9770 F1: 0.9767
Epoch 439: Time: 0.0255 Cost: 2.4462 Pre: 0.9898 Re: 0.9700 Acc: 0.9800 F1: 0.9798
Epoch 440: Time: 0.0255 Cost: 2.4632 Pre: 0.9878 Re: 0.9700 Acc: 0.9790 F1: 0.9788


--------------------------------------------------------------------
Eval results: Cost:8.6005 Pre:0.9657 Re:0.7880 Acc:0.8800 F1:0.8678
--------------------------------------------------------------------

Epoch 441: Time: 0.0255 Cost: 2.4460 Pre: 0.9898 Re: 0.9660 Acc: 0.9780 F1: 0.9777
Epoch 442: Time: 0.0255 Cost: 2.4499 Pre: 0.9818 Re: 0.9700 Acc: 0.9760 F1: 0.9759
Epoch 443: Time: 0.0255 Cost: 2.4453 Pre: 0.9897 Re: 0.9640 Acc: 0.9770 F1: 0.9767
Epoch 444: Time: 0.0255 Cost: 2.4665 Pre: 0.9858 Re: 0.9720 Acc: 0.9790 F1: 0.9789
Epoch 445: Time: 0.0255 Cost: 2.4628 Pre: 0.9877 Re: 0.9640 Acc: 0.9760 F1: 0.9757
Epoch 446: Time: 0.0255 Cost: 2.4627 Pre: 0.9838 Re: 0.9720 Acc: 0.9780 F1: 0.9779
Epoch 447: Time: 0.0255 Cost: 2.4513 Pre: 0.9878 Re: 0.9680 Acc: 0.9780 F1: 0.9778
Epoch 448: Time: 0.0255 Cost: 2.4244 Pre: 0.9898 Re: 0.9660 Acc: 0.9780 F1: 0.9777
Epoch 449: Time: 0.0255 Cost: 2.4268 Pre: 0.9898 Re: 0.9700 Acc: 0.9800 F1: 0.9798
Epoch 450: Time: 0.0255 Cost: 2.4458 Pre: 0.9878 Re: 0.9680 Acc: 0.9780 F1: 0.9778


--------------------------------------------------------------------
Eval results: Cost:8.6394 Pre:0.9681 Re:0.7880 Acc:0.8810 F1:0.8688
--------------------------------------------------------------------

Epoch 451: Time: 0.0255 Cost: 2.4418 Pre: 0.9918 Re: 0.9620 Acc: 0.9770 F1: 0.9766
Epoch 452: Time: 0.0255 Cost: 2.4395 Pre: 0.9818 Re: 0.9700 Acc: 0.9760 F1: 0.9759
Epoch 453: Time: 0.0255 Cost: 2.4414 Pre: 0.9918 Re: 0.9620 Acc: 0.9770 F1: 0.9766
Epoch 454: Time: 0.0255 Cost: 2.4562 Pre: 0.9838 Re: 0.9720 Acc: 0.9780 F1: 0.9779
Epoch 455: Time: 0.0256 Cost: 2.4599 Pre: 0.9877 Re: 0.9640 Acc: 0.9760 F1: 0.9757
Epoch 456: Time: 0.0255 Cost: 2.4524 Pre: 0.9838 Re: 0.9720 Acc: 0.9780 F1: 0.9779
Epoch 457: Time: 0.0255 Cost: 2.4347 Pre: 0.9857 Re: 0.9680 Acc: 0.9770 F1: 0.9768
Epoch 458: Time: 0.0255 Cost: 2.4013 Pre: 0.9877 Re: 0.9660 Acc: 0.9770 F1: 0.9767
Epoch 459: Time: 0.0255 Cost: 2.4086 Pre: 0.9898 Re: 0.9680 Acc: 0.9790 F1: 0.9788
Epoch 460: Time: 0.0255 Cost: 2.4274 Pre: 0.9898 Re: 0.9680 Acc: 0.9790 F1: 0.9788


--------------------------------------------------------------------
Eval results: Cost:8.6323 Pre:0.9681 Re:0.7880 Acc:0.8810 F1:0.8688
--------------------------------------------------------------------

Epoch 461: Time: 0.0255 Cost: 2.4288 Pre: 0.9918 Re: 0.9620 Acc: 0.9770 F1: 0.9766
Epoch 462: Time: 0.0255 Cost: 2.4214 Pre: 0.9818 Re: 0.9720 Acc: 0.9770 F1: 0.9769
Epoch 463: Time: 0.0255 Cost: 2.4257 Pre: 0.9918 Re: 0.9620 Acc: 0.9770 F1: 0.9766
Epoch 464: Time: 0.0255 Cost: 2.4359 Pre: 0.9838 Re: 0.9720 Acc: 0.9780 F1: 0.9779
Epoch 465: Time: 0.0255 Cost: 2.4437 Pre: 0.9877 Re: 0.9640 Acc: 0.9760 F1: 0.9757
Epoch 466: Time: 0.0255 Cost: 2.4300 Pre: 0.9858 Re: 0.9720 Acc: 0.9790 F1: 0.9789
Epoch 467: Time: 0.0255 Cost: 2.4157 Pre: 0.9878 Re: 0.9680 Acc: 0.9780 F1: 0.9778
Epoch 468: Time: 0.0255 Cost: 2.3829 Pre: 0.9898 Re: 0.9660 Acc: 0.9780 F1: 0.9777
Epoch 469: Time: 0.0255 Cost: 2.3887 Pre: 0.9898 Re: 0.9680 Acc: 0.9790 F1: 0.9788
Epoch 470: Time: 0.0255 Cost: 2.4087 Pre: 0.9898 Re: 0.9680 Acc: 0.9790 F1: 0.9788


--------------------------------------------------------------------
Eval results: Cost:8.6503 Pre:0.9657 Re:0.7880 Acc:0.8800 F1:0.8678
--------------------------------------------------------------------

Epoch 471: Time: 0.0255 Cost: 2.4138 Pre: 0.9918 Re: 0.9620 Acc: 0.9770 F1: 0.9766
Epoch 472: Time: 0.0255 Cost: 2.4027 Pre: 0.9818 Re: 0.9720 Acc: 0.9770 F1: 0.9769
Epoch 473: Time: 0.0255 Cost: 2.4091 Pre: 0.9918 Re: 0.9620 Acc: 0.9770 F1: 0.9766
Epoch 474: Time: 0.0255 Cost: 2.4150 Pre: 0.9838 Re: 0.9720 Acc: 0.9780 F1: 0.9779
Epoch 475: Time: 0.0254 Cost: 2.4262 Pre: 0.9877 Re: 0.9640 Acc: 0.9760 F1: 0.9757
Epoch 476: Time: 0.0255 Cost: 2.4060 Pre: 0.9858 Re: 0.9720 Acc: 0.9790 F1: 0.9789
Epoch 477: Time: 0.0255 Cost: 2.3962 Pre: 0.9878 Re: 0.9680 Acc: 0.9780 F1: 0.9778
Epoch 478: Time: 0.0255 Cost: 2.3661 Pre: 0.9918 Re: 0.9660 Acc: 0.9790 F1: 0.9787
Epoch 479: Time: 0.0255 Cost: 2.3688 Pre: 0.9898 Re: 0.9680 Acc: 0.9790 F1: 0.9788
Epoch 480: Time: 0.0255 Cost: 2.3902 Pre: 0.9898 Re: 0.9680 Acc: 0.9790 F1: 0.9788


--------------------------------------------------------------------
Eval results: Cost:8.6798 Pre:0.9657 Re:0.7880 Acc:0.8800 F1:0.8678
--------------------------------------------------------------------

Epoch 481: Time: 0.0255 Cost: 2.4000 Pre: 0.9918 Re: 0.9620 Acc: 0.9770 F1: 0.9766
Epoch 482: Time: 0.0255 Cost: 2.3845 Pre: 0.9838 Re: 0.9700 Acc: 0.9770 F1: 0.9768
Epoch 483: Time: 0.0255 Cost: 2.3927 Pre: 0.9918 Re: 0.9620 Acc: 0.9770 F1: 0.9766
Epoch 484: Time: 0.0255 Cost: 2.3940 Pre: 0.9858 Re: 0.9720 Acc: 0.9790 F1: 0.9789
Epoch 485: Time: 0.0255 Cost: 2.4082 Pre: 0.9877 Re: 0.9640 Acc: 0.9760 F1: 0.9757
Epoch 486: Time: 0.0255 Cost: 2.3818 Pre: 0.9858 Re: 0.9720 Acc: 0.9790 F1: 0.9789
Epoch 487: Time: 0.0255 Cost: 2.3766 Pre: 0.9878 Re: 0.9680 Acc: 0.9780 F1: 0.9778
Epoch 488: Time: 0.0255 Cost: 2.3503 Pre: 0.9918 Re: 0.9660 Acc: 0.9790 F1: 0.9787
Epoch 489: Time: 0.0255 Cost: 2.3492 Pre: 0.9898 Re: 0.9680 Acc: 0.9790 F1: 0.9788
Epoch 490: Time: 0.0255 Cost: 2.3717 Pre: 0.9898 Re: 0.9680 Acc: 0.9790 F1: 0.9788


--------------------------------------------------------------------
Eval results: Cost:8.7128 Pre:0.9655 Re:0.7840 Acc:0.8780 F1:0.8653
--------------------------------------------------------------------

Epoch 491: Time: 0.0255 Cost: 2.3859 Pre: 0.9918 Re: 0.9620 Acc: 0.9770 F1: 0.9766
Epoch 492: Time: 0.0255 Cost: 2.3659 Pre: 0.9838 Re: 0.9700 Acc: 0.9770 F1: 0.9768
Epoch 493: Time: 0.0255 Cost: 2.3753 Pre: 0.9918 Re: 0.9620 Acc: 0.9770 F1: 0.9766
Epoch 494: Time: 0.0255 Cost: 2.3724 Pre: 0.9858 Re: 0.9700 Acc: 0.9780 F1: 0.9778
Epoch 495: Time: 0.0255 Cost: 2.3885 Pre: 0.9877 Re: 0.9640 Acc: 0.9760 F1: 0.9757
Epoch 496: Time: 0.0255 Cost: 2.3570 Pre: 0.9858 Re: 0.9700 Acc: 0.9780 F1: 0.9778
Epoch 497: Time: 0.0255 Cost: 2.3571 Pre: 0.9878 Re: 0.9680 Acc: 0.9780 F1: 0.9778
Epoch 498: Time: 0.0255 Cost: 2.3354 Pre: 0.9918 Re: 0.9660 Acc: 0.9790 F1: 0.9787
Epoch 499: Time: 0.0255 Cost: 2.3297 Pre: 0.9918 Re: 0.9680 Acc: 0.9800 F1: 0.9798
--------------------------------------------------------------------
Eval results: Cost:8.8111 Pre:0.9652 Re:0.7760 Acc:0.8740 F1:0.8603
--------------------------------------------------------------------
Test 1000 samples take time: 0.1375
Test results: Cost:2.7686 Pre:0.9649 Re:0.1100 Acc:0.5530 F1:0.1975
--------------------------------------------------------------------

