Load data
RNN type: UNI Grammar: SP/SP8/1k/ Seed: 1
Model total parameters: 550
Saving hinit ... 

Epoch 0: Time: 0.0481 Cost: 114.0490 Pre: 0.2838 Re: 0.2900 Acc: 0.2790 F1: 0.2868


--------------------------------------------------------------------
Eval results: Cost:107.7190 Pre:0.3750 Re:0.4440 Acc:0.3520 F1:0.4066
--------------------------------------------------------------------

Epoch 1: Time: 0.0476 Cost: 106.9877 Pre: 0.2989 Re: 0.3120 Acc: 0.2900 F1: 0.3053
Epoch 2: Time: 0.0476 Cost: 102.8756 Pre: 0.3075 Re: 0.3260 Acc: 0.2960 F1: 0.3165
Epoch 3: Time: 0.0475 Cost: 98.7268 Pre: 0.3134 Re: 0.3360 Acc: 0.3000 F1: 0.3243
Epoch 4: Time: 0.0477 Cost: 95.8430 Pre: 0.3284 Re: 0.3540 Acc: 0.3150 F1: 0.3407
Epoch 5: Time: 0.0477 Cost: 91.9641 Pre: 0.3633 Re: 0.4120 Acc: 0.3450 F1: 0.3861
Epoch 6: Time: 0.0476 Cost: 88.7851 Pre: 0.3697 Re: 0.4200 Acc: 0.3520 F1: 0.3933
Epoch 7: Time: 0.0476 Cost: 85.3369 Pre: 0.3672 Re: 0.4120 Acc: 0.3510 F1: 0.3883
Epoch 8: Time: 0.0476 Cost: 81.9736 Pre: 0.3766 Re: 0.4180 Acc: 0.3630 F1: 0.3962
Epoch 9: Time: 0.0476 Cost: 77.9362 Pre: 0.3955 Re: 0.4200 Acc: 0.3890 F1: 0.4074
Epoch 10: Time: 0.0477 Cost: 74.1611 Pre: 0.4123 Re: 0.4280 Acc: 0.4090 F1: 0.4200


--------------------------------------------------------------------
Eval results: Cost:79.8212 Pre:0.4528 Re:0.5080 Acc:0.4470 F1:0.4788
--------------------------------------------------------------------

Epoch 11: Time: 0.0477 Cost: 70.6883 Pre: 0.4306 Re: 0.4280 Acc: 0.4310 F1: 0.4293
Epoch 12: Time: 0.0476 Cost: 67.1955 Pre: 0.4753 Re: 0.4820 Acc: 0.4750 F1: 0.4786
Epoch 13: Time: 0.0476 Cost: 63.6868 Pre: 0.5528 Re: 0.6180 Acc: 0.5590 F1: 0.5836
Epoch 14: Time: 0.0476 Cost: 59.9036 Pre: 0.5615 Re: 0.6120 Acc: 0.5670 F1: 0.5856
Epoch 15: Time: 0.0476 Cost: 55.6410 Pre: 0.5849 Re: 0.6200 Acc: 0.5900 F1: 0.6019
Epoch 16: Time: 0.0476 Cost: 52.0009 Pre: 0.6058 Re: 0.6240 Acc: 0.6090 F1: 0.6148
Epoch 17: Time: 0.0476 Cost: 48.1198 Pre: 0.6393 Re: 0.6240 Acc: 0.6360 F1: 0.6316
Epoch 18: Time: 0.0475 Cost: 44.5007 Pre: 0.6971 Re: 0.6260 Acc: 0.6770 F1: 0.6596
Epoch 19: Time: 0.0475 Cost: 40.8047 Pre: 0.7518 Re: 0.6420 Acc: 0.7150 F1: 0.6926
Epoch 20: Time: 0.0476 Cost: 37.9544 Pre: 0.7802 Re: 0.6460 Acc: 0.7320 F1: 0.7068


--------------------------------------------------------------------
Eval results: Cost:45.0349 Pre:0.7351 Re:0.5440 Acc:0.6740 F1:0.6253
--------------------------------------------------------------------

Epoch 21: Time: 0.0476 Cost: 35.3836 Pre: 0.7906 Re: 0.6420 Acc: 0.7360 F1: 0.7086
Epoch 22: Time: 0.0475 Cost: 32.9653 Pre: 0.8088 Re: 0.6600 Acc: 0.7520 F1: 0.7269
Epoch 23: Time: 0.0476 Cost: 31.0253 Pre: 0.8151 Re: 0.6700 Acc: 0.7590 F1: 0.7355
Epoch 24: Time: 0.0475 Cost: 29.0706 Pre: 0.8104 Re: 0.6840 Acc: 0.7620 F1: 0.7419
Epoch 25: Time: 0.0475 Cost: 27.1230 Pre: 0.8140 Re: 0.7000 Acc: 0.7700 F1: 0.7527
Epoch 26: Time: 0.0475 Cost: 24.7538 Pre: 0.8209 Re: 0.7060 Acc: 0.7760 F1: 0.7591
Epoch 27: Time: 0.0475 Cost: 22.8892 Pre: 0.8190 Re: 0.7240 Acc: 0.7820 F1: 0.7686
Epoch 28: Time: 0.0476 Cost: 21.2327 Pre: 0.8109 Re: 0.7460 Acc: 0.7860 F1: 0.7771
Epoch 29: Time: 0.0475 Cost: 19.7826 Pre: 0.8126 Re: 0.7720 Acc: 0.7970 F1: 0.7918
Epoch 30: Time: 0.0475 Cost: 18.3913 Pre: 0.8178 Re: 0.7900 Acc: 0.8070 F1: 0.8037


--------------------------------------------------------------------
Eval results: Cost:23.5577 Pre:0.7859 Re:0.7120 Acc:0.7590 F1:0.7471
--------------------------------------------------------------------

Epoch 31: Time: 0.0475 Cost: 17.2157 Pre: 0.8191 Re: 0.8060 Acc: 0.8140 F1: 0.8125
Epoch 32: Time: 0.0475 Cost: 16.0609 Pre: 0.8259 Re: 0.8160 Acc: 0.8220 F1: 0.8209
Epoch 33: Time: 0.0475 Cost: 14.6990 Pre: 0.8272 Re: 0.8520 Acc: 0.8370 F1: 0.8394
Epoch 34: Time: 0.0474 Cost: 13.4713 Pre: 0.8287 Re: 0.8900 Acc: 0.8530 F1: 0.8582
Epoch 35: Time: 0.0474 Cost: 12.6036 Pre: 0.8278 Re: 0.9040 Acc: 0.8580 F1: 0.8642
Epoch 36: Time: 0.0474 Cost: 11.8952 Pre: 0.8213 Re: 0.9100 Acc: 0.8560 F1: 0.8634
Epoch 37: Time: 0.0474 Cost: 11.4558 Pre: 0.8246 Re: 0.9120 Acc: 0.8590 F1: 0.8661
Epoch 38: Time: 0.0473 Cost: 11.0532 Pre: 0.8294 Re: 0.9140 Acc: 0.8630 F1: 0.8696
Epoch 39: Time: 0.0474 Cost: 10.6765 Pre: 0.8321 Re: 0.9220 Acc: 0.8680 F1: 0.8748
Epoch 40: Time: 0.0474 Cost: 10.3606 Pre: 0.8342 Re: 0.9260 Acc: 0.8710 F1: 0.8777


--------------------------------------------------------------------
Eval results: Cost:14.3748 Pre:0.8123 Re:0.8480 Acc:0.8260 F1:0.8297
--------------------------------------------------------------------

Epoch 41: Time: 0.0474 Cost: 10.0510 Pre: 0.8384 Re: 0.9340 Acc: 0.8770 F1: 0.8836
Epoch 42: Time: 0.0474 Cost: 9.8449 Pre: 0.8448 Re: 0.9360 Acc: 0.8820 F1: 0.8880
Epoch 43: Time: 0.0475 Cost: 9.6369 Pre: 0.8448 Re: 0.9360 Acc: 0.8820 F1: 0.8880
Epoch 44: Time: 0.0474 Cost: 9.4303 Pre: 0.8463 Re: 0.9360 Acc: 0.8830 F1: 0.8889
Epoch 45: Time: 0.0474 Cost: 9.2214 Pre: 0.8543 Re: 0.9380 Acc: 0.8890 F1: 0.8942
Epoch 46: Time: 0.0474 Cost: 9.0153 Pre: 0.8558 Re: 0.9380 Acc: 0.8900 F1: 0.8950
Epoch 47: Time: 0.0474 Cost: 8.8139 Pre: 0.8595 Re: 0.9420 Acc: 0.8940 F1: 0.8989
Epoch 48: Time: 0.0475 Cost: 8.6078 Pre: 0.8681 Re: 0.9480 Acc: 0.9020 F1: 0.9063
Epoch 49: Time: 0.0475 Cost: 8.4127 Pre: 0.8729 Re: 0.9480 Acc: 0.9050 F1: 0.9089
Epoch 50: Time: 0.0474 Cost: 8.2241 Pre: 0.8729 Re: 0.9480 Acc: 0.9050 F1: 0.9089


--------------------------------------------------------------------
Eval results: Cost:14.3676 Pre:0.8238 Re:0.8320 Acc:0.8270 F1:0.8279
--------------------------------------------------------------------

Epoch 51: Time: 0.0474 Cost: 8.0551 Pre: 0.8780 Re: 0.9500 Acc: 0.9090 F1: 0.9126
Epoch 52: Time: 0.0474 Cost: 7.9476 Pre: 0.8782 Re: 0.9520 Acc: 0.9100 F1: 0.9136
Epoch 53: Time: 0.0474 Cost: 7.8247 Pre: 0.8817 Re: 0.9540 Acc: 0.9130 F1: 0.9164
Epoch 54: Time: 0.0474 Cost: 7.7220 Pre: 0.8838 Re: 0.9580 Acc: 0.9160 F1: 0.9194
Epoch 55: Time: 0.0475 Cost: 7.6087 Pre: 0.8854 Re: 0.9580 Acc: 0.9170 F1: 0.9203
Epoch 56: Time: 0.0474 Cost: 7.4891 Pre: 0.8893 Re: 0.9640 Acc: 0.9220 F1: 0.9251
Epoch 57: Time: 0.0474 Cost: 7.3761 Pre: 0.8891 Re: 0.9620 Acc: 0.9210 F1: 0.9241
Epoch 58: Time: 0.0476 Cost: 7.2845 Pre: 0.8860 Re: 0.9640 Acc: 0.9200 F1: 0.9234
Epoch 59: Time: 0.0474 Cost: 7.1918 Pre: 0.8856 Re: 0.9600 Acc: 0.9180 F1: 0.9213
Epoch 60: Time: 0.0474 Cost: 7.0875 Pre: 0.8875 Re: 0.9620 Acc: 0.9200 F1: 0.9232


--------------------------------------------------------------------
Eval results: Cost:14.6500 Pre:0.8272 Re:0.8140 Acc:0.8220 F1:0.8206
--------------------------------------------------------------------

Epoch 61: Time: 0.0474 Cost: 6.9845 Pre: 0.8862 Re: 0.9660 Acc: 0.9210 F1: 0.9244
Epoch 62: Time: 0.0473 Cost: 6.9118 Pre: 0.8893 Re: 0.9640 Acc: 0.9220 F1: 0.9251
Epoch 63: Time: 0.0474 Cost: 6.8530 Pre: 0.8897 Re: 0.9680 Acc: 0.9240 F1: 0.9272
Epoch 64: Time: 0.0473 Cost: 6.8110 Pre: 0.8899 Re: 0.9700 Acc: 0.9250 F1: 0.9282
Epoch 65: Time: 0.0474 Cost: 6.7181 Pre: 0.8901 Re: 0.9720 Acc: 0.9260 F1: 0.9293
Epoch 66: Time: 0.0474 Cost: 6.6816 Pre: 0.8934 Re: 0.9720 Acc: 0.9280 F1: 0.9310
Epoch 67: Time: 0.0475 Cost: 6.6291 Pre: 0.8917 Re: 0.9720 Acc: 0.9270 F1: 0.9301
Epoch 68: Time: 0.0474 Cost: 6.5586 Pre: 0.8915 Re: 0.9700 Acc: 0.9260 F1: 0.9291
Epoch 69: Time: 0.0474 Cost: 6.5467 Pre: 0.8950 Re: 0.9720 Acc: 0.9290 F1: 0.9319
Epoch 70: Time: 0.0474 Cost: 6.4585 Pre: 0.8952 Re: 0.9740 Acc: 0.9300 F1: 0.9330


--------------------------------------------------------------------
Eval results: Cost:15.1265 Pre:0.8204 Re:0.8040 Acc:0.8140 F1:0.8121
--------------------------------------------------------------------

Epoch 71: Time: 0.0473 Cost: 6.3008 Pre: 0.8934 Re: 0.9720 Acc: 0.9280 F1: 0.9310
Epoch 72: Time: 0.0474 Cost: 6.2760 Pre: 0.8934 Re: 0.9720 Acc: 0.9280 F1: 0.9310
Epoch 73: Time: 0.0474 Cost: 6.2126 Pre: 0.9000 Re: 0.9720 Acc: 0.9320 F1: 0.9346
Epoch 74: Time: 0.0474 Cost: 6.1255 Pre: 0.8967 Re: 0.9720 Acc: 0.9300 F1: 0.9328
Epoch 75: Time: 0.0475 Cost: 6.1453 Pre: 0.8967 Re: 0.9720 Acc: 0.9300 F1: 0.9328
Epoch 76: Time: 0.0474 Cost: 6.0866 Pre: 0.8967 Re: 0.9720 Acc: 0.9300 F1: 0.9328
Epoch 77: Time: 0.0475 Cost: 6.0499 Pre: 0.8934 Re: 0.9720 Acc: 0.9280 F1: 0.9310
Epoch 78: Time: 0.0474 Cost: 6.0091 Pre: 0.8967 Re: 0.9720 Acc: 0.9300 F1: 0.9328
Epoch 79: Time: 0.0474 Cost: 5.9465 Pre: 0.9000 Re: 0.9720 Acc: 0.9320 F1: 0.9346
Epoch 80: Time: 0.0474 Cost: 5.8959 Pre: 0.9037 Re: 0.9760 Acc: 0.9360 F1: 0.9385


--------------------------------------------------------------------
Eval results: Cost:15.5499 Pre:0.8144 Re:0.7900 Acc:0.8050 F1:0.8020
--------------------------------------------------------------------

Epoch 81: Time: 0.0475 Cost: 5.8343 Pre: 0.9071 Re: 0.9760 Acc: 0.9380 F1: 0.9403
Epoch 82: Time: 0.0475 Cost: 5.7645 Pre: 0.9104 Re: 0.9760 Acc: 0.9400 F1: 0.9421
Epoch 83: Time: 0.0474 Cost: 5.7234 Pre: 0.9091 Re: 0.9800 Acc: 0.9410 F1: 0.9432
Epoch 84: Time: 0.0474 Cost: 5.6859 Pre: 0.9106 Re: 0.9780 Acc: 0.9410 F1: 0.9431
Epoch 85: Time: 0.0474 Cost: 5.6863 Pre: 0.9088 Re: 0.9760 Acc: 0.9390 F1: 0.9412
Epoch 86: Time: 0.0474 Cost: 5.7353 Pre: 0.9041 Re: 0.9800 Acc: 0.9380 F1: 0.9405
Epoch 87: Time: 0.0474 Cost: 5.7500 Pre: 0.9072 Re: 0.9780 Acc: 0.9390 F1: 0.9413
Epoch 88: Time: 0.0474 Cost: 5.7249 Pre: 0.9056 Re: 0.9780 Acc: 0.9380 F1: 0.9404
Epoch 89: Time: 0.0474 Cost: 5.6033 Pre: 0.9109 Re: 0.9820 Acc: 0.9430 F1: 0.9451
Epoch 90: Time: 0.0474 Cost: 5.5246 Pre: 0.9093 Re: 0.9820 Acc: 0.9420 F1: 0.9442


--------------------------------------------------------------------
Eval results: Cost:15.9819 Pre:0.8228 Re:0.7800 Acc:0.8060 F1:0.8008
--------------------------------------------------------------------

Epoch 91: Time: 0.0474 Cost: 5.5047 Pre: 0.9109 Re: 0.9820 Acc: 0.9430 F1: 0.9451
Epoch 92: Time: 0.0474 Cost: 5.4505 Pre: 0.9160 Re: 0.9820 Acc: 0.9460 F1: 0.9479
Epoch 93: Time: 0.0473 Cost: 5.4504 Pre: 0.9178 Re: 0.9820 Acc: 0.9470 F1: 0.9488
Epoch 94: Time: 0.0502 Cost: 5.3840 Pre: 0.9160 Re: 0.9820 Acc: 0.9460 F1: 0.9479
Epoch 95: Time: 0.0474 Cost: 5.3521 Pre: 0.9160 Re: 0.9820 Acc: 0.9460 F1: 0.9479
Epoch 96: Time: 0.0474 Cost: 5.3696 Pre: 0.9195 Re: 0.9820 Acc: 0.9480 F1: 0.9497
Epoch 97: Time: 0.0474 Cost: 5.3644 Pre: 0.9143 Re: 0.9820 Acc: 0.9450 F1: 0.9470
Epoch 98: Time: 0.0474 Cost: 5.3335 Pre: 0.9195 Re: 0.9820 Acc: 0.9480 F1: 0.9497
Epoch 99: Time: 0.0474 Cost: 5.1941 Pre: 0.9213 Re: 0.9840 Acc: 0.9500 F1: 0.9516
Epoch 100: Time: 0.0473 Cost: 5.1806 Pre: 0.9229 Re: 0.9820 Acc: 0.9500 F1: 0.9516


--------------------------------------------------------------------
Eval results: Cost:16.3138 Pre:0.8277 Re:0.7780 Acc:0.8080 F1:0.8021
--------------------------------------------------------------------

Epoch 101: Time: 0.0474 Cost: 5.1696 Pre: 0.9232 Re: 0.9860 Acc: 0.9520 F1: 0.9536
Epoch 102: Time: 0.0473 Cost: 5.1298 Pre: 0.9231 Re: 0.9840 Acc: 0.9510 F1: 0.9526
Epoch 103: Time: 0.0474 Cost: 5.1067 Pre: 0.9229 Re: 0.9820 Acc: 0.9500 F1: 0.9516
Epoch 104: Time: 0.0474 Cost: 5.1605 Pre: 0.9266 Re: 0.9840 Acc: 0.9530 F1: 0.9544
Epoch 105: Time: 0.0475 Cost: 5.1205 Pre: 0.9213 Re: 0.9840 Acc: 0.9500 F1: 0.9516
Epoch 106: Time: 0.0474 Cost: 5.0580 Pre: 0.9248 Re: 0.9840 Acc: 0.9520 F1: 0.9535
Epoch 107: Time: 0.0474 Cost: 5.0503 Pre: 0.9247 Re: 0.9820 Acc: 0.9510 F1: 0.9525
Epoch 108: Time: 0.0474 Cost: 5.0077 Pre: 0.9283 Re: 0.9840 Acc: 0.9540 F1: 0.9553
Epoch 109: Time: 0.0474 Cost: 5.1181 Pre: 0.9248 Re: 0.9840 Acc: 0.9520 F1: 0.9535
Epoch 110: Time: 0.0474 Cost: 5.1279 Pre: 0.9213 Re: 0.9840 Acc: 0.9500 F1: 0.9516


--------------------------------------------------------------------
Eval results: Cost:16.3072 Pre:0.8211 Re:0.7800 Acc:0.8050 F1:0.8000
--------------------------------------------------------------------

Epoch 111: Time: 0.0474 Cost: 5.1911 Pre: 0.9130 Re: 0.9860 Acc: 0.9460 F1: 0.9481
Epoch 112: Time: 0.0473 Cost: 5.1138 Pre: 0.9164 Re: 0.9860 Acc: 0.9480 F1: 0.9499
Epoch 113: Time: 0.0474 Cost: 4.9823 Pre: 0.9231 Re: 0.9840 Acc: 0.9510 F1: 0.9526
Epoch 114: Time: 0.0474 Cost: 4.9355 Pre: 0.9248 Re: 0.9840 Acc: 0.9520 F1: 0.9535
Epoch 115: Time: 0.0474 Cost: 4.8792 Pre: 0.9248 Re: 0.9840 Acc: 0.9520 F1: 0.9535
Epoch 116: Time: 0.0475 Cost: 4.8540 Pre: 0.9266 Re: 0.9840 Acc: 0.9530 F1: 0.9544
Epoch 117: Time: 0.0473 Cost: 4.8551 Pre: 0.9283 Re: 0.9840 Acc: 0.9540 F1: 0.9553
Epoch 118: Time: 0.0474 Cost: 4.8170 Pre: 0.9248 Re: 0.9840 Acc: 0.9520 F1: 0.9535
Epoch 119: Time: 0.0474 Cost: 4.9066 Pre: 0.9251 Re: 0.9880 Acc: 0.9540 F1: 0.9555
Epoch 120: Time: 0.0473 Cost: 4.9968 Pre: 0.9216 Re: 0.9880 Acc: 0.9520 F1: 0.9537


--------------------------------------------------------------------
Eval results: Cost:16.6091 Pre:0.8301 Re:0.7720 Acc:0.8070 F1:0.8000
--------------------------------------------------------------------

Epoch 121: Time: 0.0475 Cost: 5.0697 Pre: 0.9162 Re: 0.9840 Acc: 0.9470 F1: 0.9489
Epoch 122: Time: 0.0474 Cost: 4.9629 Pre: 0.9234 Re: 0.9880 Acc: 0.9530 F1: 0.9546
Epoch 123: Time: 0.0474 Cost: 4.9150 Pre: 0.9267 Re: 0.9860 Acc: 0.9540 F1: 0.9554
Epoch 124: Time: 0.0474 Cost: 4.8295 Pre: 0.9284 Re: 0.9860 Acc: 0.9550 F1: 0.9564
Epoch 125: Time: 0.0474 Cost: 4.7873 Pre: 0.9267 Re: 0.9860 Acc: 0.9540 F1: 0.9554
Epoch 126: Time: 0.0473 Cost: 4.7568 Pre: 0.9284 Re: 0.9860 Acc: 0.9550 F1: 0.9564
Epoch 127: Time: 0.0474 Cost: 4.8089 Pre: 0.9284 Re: 0.9860 Acc: 0.9550 F1: 0.9564
Epoch 128: Time: 0.0474 Cost: 4.7842 Pre: 0.9250 Re: 0.9860 Acc: 0.9530 F1: 0.9545
Epoch 129: Time: 0.0474 Cost: 4.8423 Pre: 0.9215 Re: 0.9860 Acc: 0.9510 F1: 0.9527
Epoch 130: Time: 0.0474 Cost: 4.8457 Pre: 0.9232 Re: 0.9860 Acc: 0.9520 F1: 0.9536


--------------------------------------------------------------------
Eval results: Cost:16.4085 Pre:0.8235 Re:0.7840 Acc:0.8080 F1:0.8033
--------------------------------------------------------------------

Epoch 131: Time: 0.0475 Cost: 4.8099 Pre: 0.9250 Re: 0.9860 Acc: 0.9530 F1: 0.9545
Epoch 132: Time: 0.0474 Cost: 4.7591 Pre: 0.9267 Re: 0.9860 Acc: 0.9540 F1: 0.9554
Epoch 133: Time: 0.0474 Cost: 4.7166 Pre: 0.9267 Re: 0.9860 Acc: 0.9540 F1: 0.9554
Epoch 134: Time: 0.0474 Cost: 4.6568 Pre: 0.9284 Re: 0.9860 Acc: 0.9550 F1: 0.9564
Epoch 135: Time: 0.0475 Cost: 4.6264 Pre: 0.9284 Re: 0.9860 Acc: 0.9550 F1: 0.9564
Epoch 136: Time: 0.0474 Cost: 4.6808 Pre: 0.9284 Re: 0.9860 Acc: 0.9550 F1: 0.9564
Epoch 137: Time: 0.0473 Cost: 4.6326 Pre: 0.9302 Re: 0.9860 Acc: 0.9560 F1: 0.9573
Epoch 138: Time: 0.0474 Cost: 4.6403 Pre: 0.9284 Re: 0.9860 Acc: 0.9550 F1: 0.9564
Epoch 139: Time: 0.0474 Cost: 4.6097 Pre: 0.9284 Re: 0.9860 Acc: 0.9550 F1: 0.9564
Epoch 140: Time: 0.0474 Cost: 4.6411 Pre: 0.9284 Re: 0.9860 Acc: 0.9550 F1: 0.9564


--------------------------------------------------------------------
Eval results: Cost:16.6004 Pre:0.8283 Re:0.7720 Acc:0.8060 F1:0.7992
--------------------------------------------------------------------

Epoch 141: Time: 0.0474 Cost: 4.7039 Pre: 0.9267 Re: 0.9860 Acc: 0.9540 F1: 0.9554
Epoch 142: Time: 0.0474 Cost: 4.5902 Pre: 0.9302 Re: 0.9860 Acc: 0.9560 F1: 0.9573
Epoch 143: Time: 0.0474 Cost: 4.5647 Pre: 0.9319 Re: 0.9860 Acc: 0.9570 F1: 0.9582
Epoch 144: Time: 0.0475 Cost: 4.5056 Pre: 0.9319 Re: 0.9860 Acc: 0.9570 F1: 0.9582
Epoch 145: Time: 0.0474 Cost: 4.4775 Pre: 0.9337 Re: 0.9860 Acc: 0.9580 F1: 0.9591
Epoch 146: Time: 0.0478 Cost: 4.4399 Pre: 0.9337 Re: 0.9860 Acc: 0.9580 F1: 0.9591
Epoch 147: Time: 0.0474 Cost: 4.5127 Pre: 0.9302 Re: 0.9860 Acc: 0.9560 F1: 0.9573
Epoch 148: Time: 0.0474 Cost: 4.6414 Pre: 0.9232 Re: 0.9860 Acc: 0.9520 F1: 0.9536
Epoch 149: Time: 0.0474 Cost: 4.5292 Pre: 0.9302 Re: 0.9860 Acc: 0.9560 F1: 0.9573
Epoch 150: Time: 0.0474 Cost: 4.4902 Pre: 0.9302 Re: 0.9860 Acc: 0.9560 F1: 0.9573


--------------------------------------------------------------------
Eval results: Cost:16.5259 Pre:0.8287 Re:0.7740 Acc:0.8070 F1:0.8004
--------------------------------------------------------------------

Epoch 151: Time: 0.0473 Cost: 4.4470 Pre: 0.9319 Re: 0.9860 Acc: 0.9570 F1: 0.9582
Epoch 152: Time: 0.0474 Cost: 4.4631 Pre: 0.9319 Re: 0.9860 Acc: 0.9570 F1: 0.9582
Epoch 153: Time: 0.0474 Cost: 4.4526 Pre: 0.9303 Re: 0.9880 Acc: 0.9570 F1: 0.9583
Epoch 154: Time: 0.0474 Cost: 4.4389 Pre: 0.9338 Re: 0.9880 Acc: 0.9590 F1: 0.9602
Epoch 155: Time: 0.0474 Cost: 4.4062 Pre: 0.9338 Re: 0.9880 Acc: 0.9590 F1: 0.9602
Epoch 156: Time: 0.0474 Cost: 4.3880 Pre: 0.9321 Re: 0.9880 Acc: 0.9580 F1: 0.9592
Epoch 157: Time: 0.0474 Cost: 4.4917 Pre: 0.9321 Re: 0.9880 Acc: 0.9580 F1: 0.9592
Epoch 158: Time: 0.0473 Cost: 4.4474 Pre: 0.9321 Re: 0.9880 Acc: 0.9580 F1: 0.9592
Epoch 159: Time: 0.0474 Cost: 4.5195 Pre: 0.9268 Re: 0.9880 Acc: 0.9550 F1: 0.9564
Epoch 160: Time: 0.0474 Cost: 4.5588 Pre: 0.9303 Re: 0.9880 Acc: 0.9570 F1: 0.9583


--------------------------------------------------------------------
Eval results: Cost:16.7037 Pre:0.8230 Re:0.7720 Acc:0.8030 F1:0.7967
--------------------------------------------------------------------

Epoch 161: Time: 0.0475 Cost: 4.4065 Pre: 0.9321 Re: 0.9880 Acc: 0.9580 F1: 0.9592
Epoch 162: Time: 0.0474 Cost: 4.3979 Pre: 0.9321 Re: 0.9880 Acc: 0.9580 F1: 0.9592
Epoch 163: Time: 0.0475 Cost: 4.3326 Pre: 0.9321 Re: 0.9880 Acc: 0.9580 F1: 0.9592
Epoch 164: Time: 0.0474 Cost: 4.3140 Pre: 0.9356 Re: 0.9880 Acc: 0.9600 F1: 0.9611
Epoch 165: Time: 0.0475 Cost: 4.3089 Pre: 0.9321 Re: 0.9880 Acc: 0.9580 F1: 0.9592
Epoch 166: Time: 0.0473 Cost: 4.3089 Pre: 0.9321 Re: 0.9880 Acc: 0.9580 F1: 0.9592
Epoch 167: Time: 0.0474 Cost: 4.3394 Pre: 0.9321 Re: 0.9880 Acc: 0.9580 F1: 0.9592
Epoch 168: Time: 0.0475 Cost: 4.2810 Pre: 0.9356 Re: 0.9880 Acc: 0.9600 F1: 0.9611
Epoch 169: Time: 0.0474 Cost: 4.4069 Pre: 0.9338 Re: 0.9880 Acc: 0.9590 F1: 0.9602
Epoch 170: Time: 0.0475 Cost: 4.3683 Pre: 0.9374 Re: 0.9880 Acc: 0.9610 F1: 0.9620


--------------------------------------------------------------------
Eval results: Cost:16.6175 Pre:0.8235 Re:0.7840 Acc:0.8080 F1:0.8033
--------------------------------------------------------------------

Epoch 171: Time: 0.0474 Cost: 4.2963 Pre: 0.9374 Re: 0.9880 Acc: 0.9610 F1: 0.9620
Epoch 172: Time: 0.0474 Cost: 4.3421 Pre: 0.9356 Re: 0.9880 Acc: 0.9600 F1: 0.9611
Epoch 173: Time: 0.0474 Cost: 4.2536 Pre: 0.9374 Re: 0.9880 Acc: 0.9610 F1: 0.9620
Epoch 174: Time: 0.0474 Cost: 4.1894 Pre: 0.9374 Re: 0.9880 Acc: 0.9610 F1: 0.9620
Epoch 175: Time: 0.0473 Cost: 4.1504 Pre: 0.9356 Re: 0.9880 Acc: 0.9600 F1: 0.9611
Epoch 176: Time: 0.0472 Cost: 4.1847 Pre: 0.9374 Re: 0.9880 Acc: 0.9610 F1: 0.9620
Epoch 177: Time: 0.0472 Cost: 4.1936 Pre: 0.9374 Re: 0.9880 Acc: 0.9610 F1: 0.9620
Epoch 178: Time: 0.0472 Cost: 4.2806 Pre: 0.9338 Re: 0.9880 Acc: 0.9590 F1: 0.9602
Epoch 179: Time: 0.0472 Cost: 4.2211 Pre: 0.9356 Re: 0.9880 Acc: 0.9600 F1: 0.9611
Epoch 180: Time: 0.0473 Cost: 4.3305 Pre: 0.9321 Re: 0.9880 Acc: 0.9580 F1: 0.9592


--------------------------------------------------------------------
Eval results: Cost:16.5250 Pre:0.8184 Re:0.7840 Acc:0.8050 F1:0.8008
--------------------------------------------------------------------

Epoch 181: Time: 0.0472 Cost: 4.2912 Pre: 0.9356 Re: 0.9880 Acc: 0.9600 F1: 0.9611
Epoch 182: Time: 0.0474 Cost: 4.3798 Pre: 0.9321 Re: 0.9880 Acc: 0.9580 F1: 0.9592
Epoch 183: Time: 0.0474 Cost: 4.3897 Pre: 0.9321 Re: 0.9880 Acc: 0.9580 F1: 0.9592
Epoch 184: Time: 0.0474 Cost: 4.2812 Pre: 0.9338 Re: 0.9880 Acc: 0.9590 F1: 0.9602
Epoch 185: Time: 0.0474 Cost: 4.2122 Pre: 0.9338 Re: 0.9880 Acc: 0.9590 F1: 0.9602
Epoch 186: Time: 0.0473 Cost: 4.1441 Pre: 0.9356 Re: 0.9880 Acc: 0.9600 F1: 0.9611
Epoch 187: Time: 0.0474 Cost: 4.1154 Pre: 0.9374 Re: 0.9880 Acc: 0.9610 F1: 0.9620
Epoch 188: Time: 0.0474 Cost: 4.1291 Pre: 0.9374 Re: 0.9880 Acc: 0.9610 F1: 0.9620
Epoch 189: Time: 0.0474 Cost: 4.0985 Pre: 0.9410 Re: 0.9880 Acc: 0.9630 F1: 0.9639
Epoch 190: Time: 0.0473 Cost: 4.1570 Pre: 0.9392 Re: 0.9880 Acc: 0.9620 F1: 0.9630


--------------------------------------------------------------------
Eval results: Cost:17.3650 Pre:0.8218 Re:0.7840 Acc:0.8070 F1:0.8025
--------------------------------------------------------------------

Epoch 191: Time: 0.0475 Cost: 4.3777 Pre: 0.9338 Re: 0.9880 Acc: 0.9590 F1: 0.9602
Epoch 192: Time: 0.0474 Cost: 4.1598 Pre: 0.9374 Re: 0.9880 Acc: 0.9610 F1: 0.9620
Epoch 193: Time: 0.0474 Cost: 4.1194 Pre: 0.9374 Re: 0.9880 Acc: 0.9610 F1: 0.9620
Epoch 194: Time: 0.0473 Cost: 4.0415 Pre: 0.9427 Re: 0.9880 Acc: 0.9640 F1: 0.9648
Epoch 195: Time: 0.0474 Cost: 4.0243 Pre: 0.9426 Re: 0.9860 Acc: 0.9630 F1: 0.9638
Epoch 196: Time: 0.0474 Cost: 3.9534 Pre: 0.9427 Re: 0.9880 Acc: 0.9640 F1: 0.9648
Epoch 197: Time: 0.0474 Cost: 3.9517 Pre: 0.9427 Re: 0.9880 Acc: 0.9640 F1: 0.9648
Epoch 198: Time: 0.0474 Cost: 3.9465 Pre: 0.9427 Re: 0.9880 Acc: 0.9640 F1: 0.9648
Epoch 199: Time: 0.0475 Cost: 3.9338 Pre: 0.9427 Re: 0.9880 Acc: 0.9640 F1: 0.9648
Epoch 200: Time: 0.0473 Cost: 4.0520 Pre: 0.9374 Re: 0.9880 Acc: 0.9610 F1: 0.9620


--------------------------------------------------------------------
Eval results: Cost:16.5631 Pre:0.8195 Re:0.7900 Acc:0.8080 F1:0.8045
--------------------------------------------------------------------

Epoch 201: Time: 0.0475 Cost: 4.1816 Pre: 0.9338 Re: 0.9880 Acc: 0.9590 F1: 0.9602
Epoch 202: Time: 0.0474 Cost: 3.9741 Pre: 0.9427 Re: 0.9880 Acc: 0.9640 F1: 0.9648
Epoch 203: Time: 0.0475 Cost: 3.9706 Pre: 0.9410 Re: 0.9880 Acc: 0.9630 F1: 0.9639
Epoch 204: Time: 0.0474 Cost: 3.8942 Pre: 0.9446 Re: 0.9880 Acc: 0.9650 F1: 0.9658
Epoch 205: Time: 0.0474 Cost: 3.8727 Pre: 0.9427 Re: 0.9880 Acc: 0.9640 F1: 0.9648
Epoch 206: Time: 0.0474 Cost: 3.8832 Pre: 0.9410 Re: 0.9880 Acc: 0.9630 F1: 0.9639
Epoch 207: Time: 0.0474 Cost: 3.9007 Pre: 0.9410 Re: 0.9880 Acc: 0.9630 F1: 0.9639
Epoch 208: Time: 0.0474 Cost: 3.8607 Pre: 0.9429 Re: 0.9900 Acc: 0.9650 F1: 0.9659
Epoch 209: Time: 0.0473 Cost: 3.8248 Pre: 0.9410 Re: 0.9880 Acc: 0.9630 F1: 0.9639
Epoch 210: Time: 0.0474 Cost: 3.9057 Pre: 0.9429 Re: 0.9900 Acc: 0.9650 F1: 0.9659


--------------------------------------------------------------------
Eval results: Cost:17.3760 Pre:0.8213 Re:0.7720 Acc:0.8020 F1:0.7959
--------------------------------------------------------------------

Epoch 211: Time: 0.0475 Cost: 3.9245 Pre: 0.9427 Re: 0.9880 Acc: 0.9640 F1: 0.9648
Epoch 212: Time: 0.0475 Cost: 3.9054 Pre: 0.9429 Re: 0.9900 Acc: 0.9650 F1: 0.9659
Epoch 213: Time: 0.0474 Cost: 3.8397 Pre: 0.9429 Re: 0.9900 Acc: 0.9650 F1: 0.9659
Epoch 214: Time: 0.0474 Cost: 3.7561 Pre: 0.9447 Re: 0.9900 Acc: 0.9660 F1: 0.9668
Epoch 215: Time: 0.0475 Cost: 3.7148 Pre: 0.9447 Re: 0.9900 Acc: 0.9660 F1: 0.9668
Epoch 216: Time: 0.0474 Cost: 3.6932 Pre: 0.9448 Re: 0.9920 Acc: 0.9670 F1: 0.9678
Epoch 217: Time: 0.0474 Cost: 3.6834 Pre: 0.9466 Re: 0.9920 Acc: 0.9680 F1: 0.9688
Epoch 218: Time: 0.0474 Cost: 3.7141 Pre: 0.9430 Re: 0.9920 Acc: 0.9660 F1: 0.9669
Epoch 219: Time: 0.0475 Cost: 3.8015 Pre: 0.9411 Re: 0.9900 Acc: 0.9640 F1: 0.9649
Epoch 220: Time: 0.0474 Cost: 3.8022 Pre: 0.9393 Re: 0.9900 Acc: 0.9630 F1: 0.9640


--------------------------------------------------------------------
Eval results: Cost:17.4939 Pre:0.8220 Re:0.7760 Acc:0.8040 F1:0.7984
--------------------------------------------------------------------

Epoch 221: Time: 0.0475 Cost: 3.8177 Pre: 0.9447 Re: 0.9900 Acc: 0.9660 F1: 0.9668
Epoch 222: Time: 0.0474 Cost: 3.7705 Pre: 0.9394 Re: 0.9920 Acc: 0.9640 F1: 0.9650
Epoch 223: Time: 0.0474 Cost: 3.6926 Pre: 0.9430 Re: 0.9920 Acc: 0.9660 F1: 0.9669
Epoch 224: Time: 0.0474 Cost: 3.6448 Pre: 0.9430 Re: 0.9920 Acc: 0.9660 F1: 0.9669
Epoch 225: Time: 0.0474 Cost: 3.6533 Pre: 0.9448 Re: 0.9920 Acc: 0.9670 F1: 0.9678
Epoch 226: Time: 0.0474 Cost: 3.6348 Pre: 0.9465 Re: 0.9900 Acc: 0.9670 F1: 0.9677
Epoch 227: Time: 0.0474 Cost: 3.6659 Pre: 0.9448 Re: 0.9920 Acc: 0.9670 F1: 0.9678
Epoch 228: Time: 0.0475 Cost: 3.6893 Pre: 0.9466 Re: 0.9920 Acc: 0.9680 F1: 0.9688
Epoch 229: Time: 0.0475 Cost: 3.7936 Pre: 0.9430 Re: 0.9920 Acc: 0.9660 F1: 0.9669
Epoch 230: Time: 0.0474 Cost: 3.8930 Pre: 0.9393 Re: 0.9900 Acc: 0.9630 F1: 0.9640


--------------------------------------------------------------------
Eval results: Cost:17.0052 Pre:0.8305 Re:0.7840 Acc:0.8120 F1:0.8066
--------------------------------------------------------------------

Epoch 231: Time: 0.0474 Cost: 3.9843 Pre: 0.9429 Re: 0.9900 Acc: 0.9650 F1: 0.9659
Epoch 232: Time: 0.0474 Cost: 3.7939 Pre: 0.9448 Re: 0.9920 Acc: 0.9670 F1: 0.9678
Epoch 233: Time: 0.0474 Cost: 3.6819 Pre: 0.9466 Re: 0.9920 Acc: 0.9680 F1: 0.9688
Epoch 234: Time: 0.0474 Cost: 3.5959 Pre: 0.9484 Re: 0.9920 Acc: 0.9690 F1: 0.9697
Epoch 235: Time: 0.0474 Cost: 3.5883 Pre: 0.9466 Re: 0.9920 Acc: 0.9680 F1: 0.9688
Epoch 236: Time: 0.0474 Cost: 3.7322 Pre: 0.9448 Re: 0.9920 Acc: 0.9670 F1: 0.9678
Epoch 237: Time: 0.0474 Cost: 3.6449 Pre: 0.9465 Re: 0.9900 Acc: 0.9670 F1: 0.9677
Epoch 238: Time: 0.0475 Cost: 3.6224 Pre: 0.9448 Re: 0.9920 Acc: 0.9670 F1: 0.9678
Epoch 239: Time: 0.0474 Cost: 3.7240 Pre: 0.9411 Re: 0.9900 Acc: 0.9640 F1: 0.9649
Epoch 240: Time: 0.0474 Cost: 3.6330 Pre: 0.9448 Re: 0.9920 Acc: 0.9670 F1: 0.9678


--------------------------------------------------------------------
Eval results: Cost:17.2650 Pre:0.8189 Re:0.7780 Acc:0.8030 F1:0.7979
--------------------------------------------------------------------

Epoch 241: Time: 0.0474 Cost: 3.6636 Pre: 0.9429 Re: 0.9900 Acc: 0.9650 F1: 0.9659
Epoch 242: Time: 0.0474 Cost: 3.6508 Pre: 0.9447 Re: 0.9900 Acc: 0.9660 F1: 0.9668
Epoch 243: Time: 0.0474 Cost: 3.5625 Pre: 0.9466 Re: 0.9920 Acc: 0.9680 F1: 0.9688
Epoch 244: Time: 0.0474 Cost: 3.5033 Pre: 0.9466 Re: 0.9920 Acc: 0.9680 F1: 0.9688
Epoch 245: Time: 0.0474 Cost: 3.4620 Pre: 0.9465 Re: 0.9900 Acc: 0.9670 F1: 0.9677
Epoch 246: Time: 0.0474 Cost: 3.4813 Pre: 0.9465 Re: 0.9900 Acc: 0.9670 F1: 0.9677
Epoch 247: Time: 0.0474 Cost: 3.6007 Pre: 0.9448 Re: 0.9920 Acc: 0.9670 F1: 0.9678
Epoch 248: Time: 0.0474 Cost: 3.6715 Pre: 0.9447 Re: 0.9900 Acc: 0.9660 F1: 0.9668
Epoch 249: Time: 0.0474 Cost: 3.7833 Pre: 0.9448 Re: 0.9920 Acc: 0.9670 F1: 0.9678
Epoch 250: Time: 0.0474 Cost: 3.7212 Pre: 0.9447 Re: 0.9900 Acc: 0.9660 F1: 0.9668


--------------------------------------------------------------------
Eval results: Cost:17.6832 Pre:0.8108 Re:0.7800 Acc:0.7990 F1:0.7951
--------------------------------------------------------------------

Epoch 251: Time: 0.0474 Cost: 3.6785 Pre: 0.9484 Re: 0.9920 Acc: 0.9690 F1: 0.9697
Epoch 252: Time: 0.0474 Cost: 3.6151 Pre: 0.9485 Re: 0.9940 Acc: 0.9700 F1: 0.9707
Epoch 253: Time: 0.0474 Cost: 3.5138 Pre: 0.9502 Re: 0.9920 Acc: 0.9700 F1: 0.9706
Epoch 254: Time: 0.0474 Cost: 3.4570 Pre: 0.9520 Re: 0.9920 Acc: 0.9710 F1: 0.9716
Epoch 255: Time: 0.0474 Cost: 3.4816 Pre: 0.9520 Re: 0.9920 Acc: 0.9710 F1: 0.9716
Epoch 256: Time: 0.0474 Cost: 3.4734 Pre: 0.9502 Re: 0.9920 Acc: 0.9700 F1: 0.9706
Epoch 257: Time: 0.0474 Cost: 3.5258 Pre: 0.9448 Re: 0.9920 Acc: 0.9670 F1: 0.9678
Epoch 258: Time: 0.0474 Cost: 3.6133 Pre: 0.9466 Re: 0.9920 Acc: 0.9680 F1: 0.9688
Epoch 259: Time: 0.0474 Cost: 3.5371 Pre: 0.9519 Re: 0.9900 Acc: 0.9700 F1: 0.9706
Epoch 260: Time: 0.0474 Cost: 3.5480 Pre: 0.9466 Re: 0.9920 Acc: 0.9680 F1: 0.9688


--------------------------------------------------------------------
Eval results: Cost:17.9466 Pre:0.8147 Re:0.7740 Acc:0.7990 F1:0.7938
--------------------------------------------------------------------

Epoch 261: Time: 0.0474 Cost: 3.6620 Pre: 0.9447 Re: 0.9900 Acc: 0.9660 F1: 0.9668
Epoch 262: Time: 0.0474 Cost: 3.5721 Pre: 0.9484 Re: 0.9920 Acc: 0.9690 F1: 0.9697
Epoch 263: Time: 0.0474 Cost: 3.5379 Pre: 0.9465 Re: 0.9900 Acc: 0.9670 F1: 0.9677
Epoch 264: Time: 0.0474 Cost: 3.4456 Pre: 0.9484 Re: 0.9920 Acc: 0.9690 F1: 0.9697
Epoch 265: Time: 0.0474 Cost: 3.4900 Pre: 0.9465 Re: 0.9900 Acc: 0.9670 F1: 0.9677
Epoch 266: Time: 0.0474 Cost: 3.4371 Pre: 0.9465 Re: 0.9900 Acc: 0.9670 F1: 0.9677
Epoch 267: Time: 0.0474 Cost: 3.5208 Pre: 0.9430 Re: 0.9920 Acc: 0.9660 F1: 0.9669
Epoch 268: Time: 0.0474 Cost: 3.5446 Pre: 0.9429 Re: 0.9900 Acc: 0.9650 F1: 0.9659
Epoch 269: Time: 0.0475 Cost: 3.5147 Pre: 0.9447 Re: 0.9900 Acc: 0.9660 F1: 0.9668
Epoch 270: Time: 0.0474 Cost: 3.4123 Pre: 0.9483 Re: 0.9900 Acc: 0.9680 F1: 0.9687


--------------------------------------------------------------------
Eval results: Cost:17.7352 Pre:0.8109 Re:0.7720 Acc:0.7960 F1:0.7910
--------------------------------------------------------------------

Epoch 271: Time: 0.0474 Cost: 3.4156 Pre: 0.9465 Re: 0.9900 Acc: 0.9670 F1: 0.9677
Epoch 272: Time: 0.0474 Cost: 3.3392 Pre: 0.9465 Re: 0.9900 Acc: 0.9670 F1: 0.9677
Epoch 273: Time: 0.0474 Cost: 3.2886 Pre: 0.9465 Re: 0.9900 Acc: 0.9670 F1: 0.9677
Epoch 274: Time: 0.0475 Cost: 3.3251 Pre: 0.9465 Re: 0.9900 Acc: 0.9670 F1: 0.9677
Epoch 275: Time: 0.0475 Cost: 3.4521 Pre: 0.9483 Re: 0.9900 Acc: 0.9680 F1: 0.9687
Epoch 276: Time: 0.0474 Cost: 3.3805 Pre: 0.9519 Re: 0.9900 Acc: 0.9700 F1: 0.9706
Epoch 277: Time: 0.0474 Cost: 3.3719 Pre: 0.9501 Re: 0.9900 Acc: 0.9690 F1: 0.9696
Epoch 278: Time: 0.0474 Cost: 3.3536 Pre: 0.9501 Re: 0.9900 Acc: 0.9690 F1: 0.9696
Epoch 279: Time: 0.0474 Cost: 3.4043 Pre: 0.9447 Re: 0.9900 Acc: 0.9660 F1: 0.9668
Epoch 280: Time: 0.0474 Cost: 3.3312 Pre: 0.9501 Re: 0.9900 Acc: 0.9690 F1: 0.9696


--------------------------------------------------------------------
Eval results: Cost:17.9632 Pre:0.8140 Re:0.7700 Acc:0.7970 F1:0.7914
--------------------------------------------------------------------

Epoch 281: Time: 0.0474 Cost: 3.2948 Pre: 0.9519 Re: 0.9900 Acc: 0.9700 F1: 0.9706
Epoch 282: Time: 0.0474 Cost: 3.2301 Pre: 0.9519 Re: 0.9900 Acc: 0.9700 F1: 0.9706
Epoch 283: Time: 0.0474 Cost: 3.2087 Pre: 0.9538 Re: 0.9920 Acc: 0.9720 F1: 0.9725
Epoch 284: Time: 0.0474 Cost: 3.2102 Pre: 0.9538 Re: 0.9900 Acc: 0.9710 F1: 0.9715
Epoch 285: Time: 0.0474 Cost: 3.2102 Pre: 0.9538 Re: 0.9900 Acc: 0.9710 F1: 0.9715
Epoch 286: Time: 0.0474 Cost: 3.2849 Pre: 0.9519 Re: 0.9900 Acc: 0.9700 F1: 0.9706
Epoch 287: Time: 0.0474 Cost: 3.2638 Pre: 0.9538 Re: 0.9920 Acc: 0.9720 F1: 0.9725
Epoch 288: Time: 0.0474 Cost: 3.2707 Pre: 0.9519 Re: 0.9900 Acc: 0.9700 F1: 0.9706
Epoch 289: Time: 0.0473 Cost: 3.3485 Pre: 0.9519 Re: 0.9900 Acc: 0.9700 F1: 0.9706
Epoch 290: Time: 0.0473 Cost: 3.3237 Pre: 0.9501 Re: 0.9900 Acc: 0.9690 F1: 0.9696


--------------------------------------------------------------------
Eval results: Cost:18.1325 Pre:0.8087 Re:0.7780 Acc:0.7970 F1:0.7931
--------------------------------------------------------------------

Epoch 291: Time: 0.0474 Cost: 3.3795 Pre: 0.9483 Re: 0.9900 Acc: 0.9680 F1: 0.9687
Epoch 292: Time: 0.0473 Cost: 3.2410 Pre: 0.9519 Re: 0.9900 Acc: 0.9700 F1: 0.9706
Epoch 293: Time: 0.0474 Cost: 3.1508 Pre: 0.9502 Re: 0.9920 Acc: 0.9700 F1: 0.9706
Epoch 294: Time: 0.0475 Cost: 3.1556 Pre: 0.9520 Re: 0.9920 Acc: 0.9710 F1: 0.9716
Epoch 295: Time: 0.0474 Cost: 3.1066 Pre: 0.9538 Re: 0.9900 Acc: 0.9710 F1: 0.9715
Epoch 296: Time: 0.0474 Cost: 3.1016 Pre: 0.9538 Re: 0.9900 Acc: 0.9710 F1: 0.9715
Epoch 297: Time: 0.0475 Cost: 3.2247 Pre: 0.9501 Re: 0.9900 Acc: 0.9690 F1: 0.9696
Epoch 298: Time: 0.0475 Cost: 3.2880 Pre: 0.9501 Re: 0.9900 Acc: 0.9690 F1: 0.9696
Epoch 299: Time: 0.0475 Cost: 3.2790 Pre: 0.9538 Re: 0.9900 Acc: 0.9710 F1: 0.9715
Epoch 300: Time: 0.0475 Cost: 3.1444 Pre: 0.9538 Re: 0.9900 Acc: 0.9710 F1: 0.9715


--------------------------------------------------------------------
Eval results: Cost:18.0348 Pre:0.8143 Re:0.7720 Acc:0.7980 F1:0.7926
--------------------------------------------------------------------

Epoch 301: Time: 0.0474 Cost: 3.1729 Pre: 0.9538 Re: 0.9900 Acc: 0.9710 F1: 0.9715
Epoch 302: Time: 0.0474 Cost: 3.1162 Pre: 0.9538 Re: 0.9900 Acc: 0.9710 F1: 0.9715
Epoch 303: Time: 0.0474 Cost: 3.2543 Pre: 0.9502 Re: 0.9920 Acc: 0.9700 F1: 0.9706
Epoch 304: Time: 0.0474 Cost: 3.2752 Pre: 0.9519 Re: 0.9900 Acc: 0.9700 F1: 0.9706
Epoch 305: Time: 0.0473 Cost: 3.2040 Pre: 0.9556 Re: 0.9900 Acc: 0.9720 F1: 0.9725
Epoch 306: Time: 0.0473 Cost: 3.1966 Pre: 0.9538 Re: 0.9900 Acc: 0.9710 F1: 0.9715
Epoch 307: Time: 0.0474 Cost: 3.1442 Pre: 0.9519 Re: 0.9900 Acc: 0.9700 F1: 0.9706
Epoch 308: Time: 0.0475 Cost: 3.0959 Pre: 0.9519 Re: 0.9900 Acc: 0.9700 F1: 0.9706
Epoch 309: Time: 0.0474 Cost: 3.1505 Pre: 0.9556 Re: 0.9900 Acc: 0.9720 F1: 0.9725
Epoch 310: Time: 0.0475 Cost: 3.2051 Pre: 0.9538 Re: 0.9900 Acc: 0.9710 F1: 0.9715


--------------------------------------------------------------------
Eval results: Cost:18.3943 Pre:0.8110 Re:0.7640 Acc:0.7930 F1:0.7868
--------------------------------------------------------------------

Epoch 311: Time: 0.0475 Cost: 3.1941 Pre: 0.9519 Re: 0.9900 Acc: 0.9700 F1: 0.9706
Epoch 312: Time: 0.0474 Cost: 3.0872 Pre: 0.9520 Re: 0.9920 Acc: 0.9710 F1: 0.9716
Epoch 313: Time: 0.0474 Cost: 3.1034 Pre: 0.9519 Re: 0.9900 Acc: 0.9700 F1: 0.9706
Epoch 314: Time: 0.0474 Cost: 3.2293 Pre: 0.9519 Re: 0.9900 Acc: 0.9700 F1: 0.9706
Epoch 315: Time: 0.0475 Cost: 3.1120 Pre: 0.9538 Re: 0.9900 Acc: 0.9710 F1: 0.9715
Epoch 316: Time: 0.0475 Cost: 3.0494 Pre: 0.9538 Re: 0.9900 Acc: 0.9710 F1: 0.9715
Epoch 317: Time: 0.0474 Cost: 3.0868 Pre: 0.9556 Re: 0.9900 Acc: 0.9720 F1: 0.9725
Epoch 318: Time: 0.0474 Cost: 3.0611 Pre: 0.9556 Re: 0.9900 Acc: 0.9720 F1: 0.9725
Epoch 319: Time: 0.0474 Cost: 3.1461 Pre: 0.9538 Re: 0.9900 Acc: 0.9710 F1: 0.9715
Epoch 320: Time: 0.0474 Cost: 3.2638 Pre: 0.9538 Re: 0.9920 Acc: 0.9720 F1: 0.9725


--------------------------------------------------------------------
Eval results: Cost:17.9766 Pre:0.8050 Re:0.7680 Acc:0.7910 F1:0.7861
--------------------------------------------------------------------

Epoch 321: Time: 0.0474 Cost: 3.2484 Pre: 0.9556 Re: 0.9900 Acc: 0.9720 F1: 0.9725
Epoch 322: Time: 0.0475 Cost: 3.1557 Pre: 0.9538 Re: 0.9900 Acc: 0.9710 F1: 0.9715
Epoch 323: Time: 0.0474 Cost: 3.0880 Pre: 0.9574 Re: 0.9900 Acc: 0.9730 F1: 0.9735
Epoch 324: Time: 0.0475 Cost: 3.0630 Pre: 0.9593 Re: 0.9900 Acc: 0.9740 F1: 0.9744
Epoch 325: Time: 0.0475 Cost: 3.0081 Pre: 0.9575 Re: 0.9920 Acc: 0.9740 F1: 0.9745
Epoch 326: Time: 0.0475 Cost: 3.0318 Pre: 0.9574 Re: 0.9900 Acc: 0.9730 F1: 0.9735
Epoch 327: Time: 0.0474 Cost: 3.0087 Pre: 0.9574 Re: 0.9900 Acc: 0.9730 F1: 0.9735
Epoch 328: Time: 0.0474 Cost: 3.0854 Pre: 0.9538 Re: 0.9900 Acc: 0.9710 F1: 0.9715
Epoch 329: Time: 0.0476 Cost: 3.2815 Pre: 0.9483 Re: 0.9900 Acc: 0.9680 F1: 0.9687
Epoch 330: Time: 0.0475 Cost: 3.3052 Pre: 0.9519 Re: 0.9900 Acc: 0.9700 F1: 0.9706


--------------------------------------------------------------------
Eval results: Cost:19.0322 Pre:0.8017 Re:0.7600 Acc:0.7860 F1:0.7803
--------------------------------------------------------------------

Epoch 331: Time: 0.0474 Cost: 3.5450 Pre: 0.9483 Re: 0.9900 Acc: 0.9680 F1: 0.9687
Epoch 332: Time: 0.0475 Cost: 3.3178 Pre: 0.9538 Re: 0.9900 Acc: 0.9710 F1: 0.9715
Epoch 333: Time: 0.0474 Cost: 3.1690 Pre: 0.9538 Re: 0.9900 Acc: 0.9710 F1: 0.9715
Epoch 334: Time: 0.0474 Cost: 3.2003 Pre: 0.9556 Re: 0.9900 Acc: 0.9720 F1: 0.9725
Epoch 335: Time: 0.0474 Cost: 3.1628 Pre: 0.9538 Re: 0.9900 Acc: 0.9710 F1: 0.9715
Epoch 336: Time: 0.0475 Cost: 3.0694 Pre: 0.9538 Re: 0.9900 Acc: 0.9710 F1: 0.9715
Epoch 337: Time: 0.0475 Cost: 3.0859 Pre: 0.9556 Re: 0.9900 Acc: 0.9720 F1: 0.9725
Epoch 338: Time: 0.0475 Cost: 2.9891 Pre: 0.9574 Re: 0.9900 Acc: 0.9730 F1: 0.9735
Epoch 339: Time: 0.0474 Cost: 3.0283 Pre: 0.9538 Re: 0.9900 Acc: 0.9710 F1: 0.9715
Epoch 340: Time: 0.0474 Cost: 3.0066 Pre: 0.9574 Re: 0.9900 Acc: 0.9730 F1: 0.9735


--------------------------------------------------------------------
Eval results: Cost:18.5248 Pre:0.8093 Re:0.7640 Acc:0.7920 F1:0.7860
--------------------------------------------------------------------

Epoch 341: Time: 0.0474 Cost: 3.0252 Pre: 0.9575 Re: 0.9920 Acc: 0.9740 F1: 0.9745
Epoch 342: Time: 0.0474 Cost: 2.9780 Pre: 0.9575 Re: 0.9920 Acc: 0.9740 F1: 0.9745
Epoch 343: Time: 0.0474 Cost: 3.0111 Pre: 0.9557 Re: 0.9920 Acc: 0.9730 F1: 0.9735
Epoch 344: Time: 0.0474 Cost: 3.0220 Pre: 0.9556 Re: 0.9900 Acc: 0.9720 F1: 0.9725
Epoch 345: Time: 0.0475 Cost: 3.1597 Pre: 0.9556 Re: 0.9900 Acc: 0.9720 F1: 0.9725
Epoch 346: Time: 0.0474 Cost: 2.9967 Pre: 0.9594 Re: 0.9920 Acc: 0.9750 F1: 0.9754
Epoch 347: Time: 0.0474 Cost: 3.1314 Pre: 0.9538 Re: 0.9920 Acc: 0.9720 F1: 0.9725
Epoch 348: Time: 0.0474 Cost: 3.0914 Pre: 0.9555 Re: 0.9880 Acc: 0.9710 F1: 0.9715
Epoch 349: Time: 0.0474 Cost: 3.0554 Pre: 0.9574 Re: 0.9900 Acc: 0.9730 F1: 0.9735
Epoch 350: Time: 0.0474 Cost: 2.9927 Pre: 0.9574 Re: 0.9900 Acc: 0.9730 F1: 0.9735


--------------------------------------------------------------------
Eval results: Cost:18.8807 Pre:0.8051 Re:0.7600 Acc:0.7880 F1:0.7819
--------------------------------------------------------------------

Epoch 351: Time: 0.0475 Cost: 3.1113 Pre: 0.9557 Re: 0.9920 Acc: 0.9730 F1: 0.9735
Epoch 352: Time: 0.0474 Cost: 2.9901 Pre: 0.9574 Re: 0.9900 Acc: 0.9730 F1: 0.9735
Epoch 353: Time: 0.0475 Cost: 2.9665 Pre: 0.9575 Re: 0.9920 Acc: 0.9740 F1: 0.9745
Epoch 354: Time: 0.0475 Cost: 2.9287 Pre: 0.9574 Re: 0.9900 Acc: 0.9730 F1: 0.9735
Epoch 355: Time: 0.0476 Cost: 2.8620 Pre: 0.9575 Re: 0.9920 Acc: 0.9740 F1: 0.9745
Epoch 356: Time: 0.0474 Cost: 2.9107 Pre: 0.9556 Re: 0.9900 Acc: 0.9720 F1: 0.9725
Epoch 357: Time: 0.0475 Cost: 2.8563 Pre: 0.9594 Re: 0.9920 Acc: 0.9750 F1: 0.9754
Epoch 358: Time: 0.0474 Cost: 2.9269 Pre: 0.9593 Re: 0.9900 Acc: 0.9740 F1: 0.9744
Epoch 359: Time: 0.0474 Cost: 2.9874 Pre: 0.9594 Re: 0.9920 Acc: 0.9750 F1: 0.9754
Epoch 360: Time: 0.0474 Cost: 2.9900 Pre: 0.9594 Re: 0.9920 Acc: 0.9750 F1: 0.9754


--------------------------------------------------------------------
Eval results: Cost:18.7875 Pre:0.8025 Re:0.7640 Acc:0.7880 F1:0.7828
--------------------------------------------------------------------

Epoch 361: Time: 0.0474 Cost: 3.0453 Pre: 0.9574 Re: 0.9900 Acc: 0.9730 F1: 0.9735
Epoch 362: Time: 0.0474 Cost: 3.0408 Pre: 0.9575 Re: 0.9920 Acc: 0.9740 F1: 0.9745
Epoch 363: Time: 0.0474 Cost: 3.0483 Pre: 0.9575 Re: 0.9920 Acc: 0.9740 F1: 0.9745
Epoch 364: Time: 0.0475 Cost: 2.9505 Pre: 0.9557 Re: 0.9920 Acc: 0.9730 F1: 0.9735
Epoch 365: Time: 0.0476 Cost: 2.9429 Pre: 0.9612 Re: 0.9920 Acc: 0.9760 F1: 0.9764
Epoch 366: Time: 0.0477 Cost: 2.9610 Pre: 0.9594 Re: 0.9920 Acc: 0.9750 F1: 0.9754
Epoch 367: Time: 0.0476 Cost: 2.9332 Pre: 0.9574 Re: 0.9900 Acc: 0.9730 F1: 0.9735
Epoch 368: Time: 0.0474 Cost: 2.9319 Pre: 0.9575 Re: 0.9920 Acc: 0.9740 F1: 0.9745
Epoch 369: Time: 0.0474 Cost: 2.8610 Pre: 0.9612 Re: 0.9920 Acc: 0.9760 F1: 0.9764
Epoch 370: Time: 0.0474 Cost: 2.8522 Pre: 0.9594 Re: 0.9920 Acc: 0.9750 F1: 0.9754


--------------------------------------------------------------------
Eval results: Cost:18.8150 Pre:0.8050 Re:0.7680 Acc:0.7910 F1:0.7861
--------------------------------------------------------------------

Epoch 371: Time: 0.0475 Cost: 2.8104 Pre: 0.9595 Re: 0.9940 Acc: 0.9760 F1: 0.9764
Epoch 372: Time: 0.0475 Cost: 2.7599 Pre: 0.9594 Re: 0.9920 Acc: 0.9750 F1: 0.9754
Epoch 373: Time: 0.0474 Cost: 2.7590 Pre: 0.9613 Re: 0.9940 Acc: 0.9770 F1: 0.9774
Epoch 374: Time: 0.0474 Cost: 2.8396 Pre: 0.9612 Re: 0.9920 Acc: 0.9760 F1: 0.9764
Epoch 375: Time: 0.0475 Cost: 2.8163 Pre: 0.9595 Re: 0.9940 Acc: 0.9760 F1: 0.9764
Epoch 376: Time: 0.0474 Cost: 2.8340 Pre: 0.9631 Re: 0.9920 Acc: 0.9770 F1: 0.9773
Epoch 377: Time: 0.0475 Cost: 2.9326 Pre: 0.9575 Re: 0.9920 Acc: 0.9740 F1: 0.9745
Epoch 378: Time: 0.0474 Cost: 3.0300 Pre: 0.9557 Re: 0.9920 Acc: 0.9730 F1: 0.9735
Epoch 379: Time: 0.0475 Cost: 2.9994 Pre: 0.9595 Re: 0.9940 Acc: 0.9760 F1: 0.9764
Epoch 380: Time: 0.0474 Cost: 2.8870 Pre: 0.9613 Re: 0.9940 Acc: 0.9770 F1: 0.9774


--------------------------------------------------------------------
Eval results: Cost:18.7850 Pre:0.8079 Re:0.7740 Acc:0.7950 F1:0.7906
--------------------------------------------------------------------

Epoch 381: Time: 0.0474 Cost: 2.9939 Pre: 0.9576 Re: 0.9940 Acc: 0.9750 F1: 0.9755
Epoch 382: Time: 0.0475 Cost: 2.8346 Pre: 0.9632 Re: 0.9940 Acc: 0.9780 F1: 0.9783
Epoch 383: Time: 0.0475 Cost: 2.8351 Pre: 0.9632 Re: 0.9940 Acc: 0.9780 F1: 0.9783
Epoch 384: Time: 0.0475 Cost: 2.8697 Pre: 0.9613 Re: 0.9940 Acc: 0.9770 F1: 0.9774
Epoch 385: Time: 0.0474 Cost: 2.9179 Pre: 0.9576 Re: 0.9940 Acc: 0.9750 F1: 0.9755
Epoch 386: Time: 0.0474 Cost: 2.8461 Pre: 0.9613 Re: 0.9940 Acc: 0.9770 F1: 0.9774
Epoch 387: Time: 0.0474 Cost: 2.8947 Pre: 0.9613 Re: 0.9940 Acc: 0.9770 F1: 0.9774
Epoch 388: Time: 0.0474 Cost: 3.0330 Pre: 0.9576 Re: 0.9940 Acc: 0.9750 F1: 0.9755
Epoch 389: Time: 0.0474 Cost: 2.9700 Pre: 0.9576 Re: 0.9940 Acc: 0.9750 F1: 0.9755
Epoch 390: Time: 0.0474 Cost: 2.8972 Pre: 0.9576 Re: 0.9940 Acc: 0.9750 F1: 0.9755


--------------------------------------------------------------------
Eval results: Cost:19.2600 Pre:0.8077 Re:0.7560 Acc:0.7880 F1:0.7810
--------------------------------------------------------------------

Epoch 391: Time: 0.0475 Cost: 2.8715 Pre: 0.9613 Re: 0.9940 Acc: 0.9770 F1: 0.9774
Epoch 392: Time: 0.0474 Cost: 2.9016 Pre: 0.9576 Re: 0.9940 Acc: 0.9750 F1: 0.9755
Epoch 393: Time: 0.0476 Cost: 2.9409 Pre: 0.9594 Re: 0.9920 Acc: 0.9750 F1: 0.9754
Epoch 394: Time: 0.0474 Cost: 2.8370 Pre: 0.9594 Re: 0.9920 Acc: 0.9750 F1: 0.9754
Epoch 395: Time: 0.0474 Cost: 2.7472 Pre: 0.9613 Re: 0.9940 Acc: 0.9770 F1: 0.9774
Epoch 396: Time: 0.0474 Cost: 2.8455 Pre: 0.9577 Re: 0.9960 Acc: 0.9760 F1: 0.9765
Epoch 397: Time: 0.0474 Cost: 2.7336 Pre: 0.9613 Re: 0.9940 Acc: 0.9770 F1: 0.9774
Epoch 398: Time: 0.0475 Cost: 2.7250 Pre: 0.9613 Re: 0.9940 Acc: 0.9770 F1: 0.9774
Epoch 399: Time: 0.0474 Cost: 2.7238 Pre: 0.9613 Re: 0.9940 Acc: 0.9770 F1: 0.9774
Epoch 400: Time: 0.0474 Cost: 2.8751 Pre: 0.9595 Re: 0.9940 Acc: 0.9760 F1: 0.9764


--------------------------------------------------------------------
Eval results: Cost:19.2895 Pre:0.8108 Re:0.7540 Acc:0.7890 F1:0.7813
--------------------------------------------------------------------

Epoch 401: Time: 0.0475 Cost: 3.0583 Pre: 0.9521 Re: 0.9940 Acc: 0.9720 F1: 0.9726
Epoch 402: Time: 0.0475 Cost: 3.0613 Pre: 0.9503 Re: 0.9940 Acc: 0.9710 F1: 0.9717
Epoch 403: Time: 0.0475 Cost: 2.9136 Pre: 0.9576 Re: 0.9940 Acc: 0.9750 F1: 0.9755
Epoch 404: Time: 0.0475 Cost: 2.8833 Pre: 0.9576 Re: 0.9940 Acc: 0.9750 F1: 0.9755
Epoch 405: Time: 0.0475 Cost: 2.7585 Pre: 0.9613 Re: 0.9940 Acc: 0.9770 F1: 0.9774
Epoch 406: Time: 0.0474 Cost: 2.7436 Pre: 0.9614 Re: 0.9960 Acc: 0.9780 F1: 0.9784
Epoch 407: Time: 0.0474 Cost: 2.9047 Pre: 0.9595 Re: 0.9960 Acc: 0.9770 F1: 0.9774
Epoch 408: Time: 0.0474 Cost: 3.1203 Pre: 0.9576 Re: 0.9940 Acc: 0.9750 F1: 0.9755
Epoch 409: Time: 0.0474 Cost: 3.0010 Pre: 0.9575 Re: 0.9920 Acc: 0.9740 F1: 0.9745
Epoch 410: Time: 0.0474 Cost: 2.8679 Pre: 0.9576 Re: 0.9940 Acc: 0.9750 F1: 0.9755


--------------------------------------------------------------------
Eval results: Cost:19.1823 Pre:0.8090 Re:0.7540 Acc:0.7880 F1:0.7805
--------------------------------------------------------------------

Epoch 411: Time: 0.0474 Cost: 2.7321 Pre: 0.9595 Re: 0.9940 Acc: 0.9760 F1: 0.9764
Epoch 412: Time: 0.0475 Cost: 2.7173 Pre: 0.9595 Re: 0.9940 Acc: 0.9760 F1: 0.9764
Epoch 413: Time: 0.0475 Cost: 2.6924 Pre: 0.9595 Re: 0.9940 Acc: 0.9760 F1: 0.9764
Epoch 414: Time: 0.0475 Cost: 2.6635 Pre: 0.9595 Re: 0.9940 Acc: 0.9760 F1: 0.9764
Epoch 415: Time: 0.0475 Cost: 2.6287 Pre: 0.9613 Re: 0.9940 Acc: 0.9770 F1: 0.9774
Epoch 416: Time: 0.0474 Cost: 2.6209 Pre: 0.9614 Re: 0.9960 Acc: 0.9780 F1: 0.9784
Epoch 417: Time: 0.0474 Cost: 2.6249 Pre: 0.9632 Re: 0.9960 Acc: 0.9790 F1: 0.9794
Epoch 418: Time: 0.0474 Cost: 2.6557 Pre: 0.9595 Re: 0.9960 Acc: 0.9770 F1: 0.9774
Epoch 419: Time: 0.0475 Cost: 2.6982 Pre: 0.9632 Re: 0.9960 Acc: 0.9790 F1: 0.9794
Epoch 420: Time: 0.0474 Cost: 2.9238 Pre: 0.9557 Re: 0.9920 Acc: 0.9730 F1: 0.9735


--------------------------------------------------------------------
Eval results: Cost:19.7016 Pre:0.8117 Re:0.7500 Acc:0.7880 F1:0.7796
--------------------------------------------------------------------

Epoch 421: Time: 0.0475 Cost: 3.0640 Pre: 0.9538 Re: 0.9920 Acc: 0.9720 F1: 0.9725
Epoch 422: Time: 0.0474 Cost: 2.9042 Pre: 0.9558 Re: 0.9940 Acc: 0.9740 F1: 0.9745
Epoch 423: Time: 0.0474 Cost: 2.7915 Pre: 0.9613 Re: 0.9940 Acc: 0.9770 F1: 0.9774
Epoch 424: Time: 0.0474 Cost: 2.6790 Pre: 0.9632 Re: 0.9960 Acc: 0.9790 F1: 0.9794
Epoch 425: Time: 0.0474 Cost: 2.6469 Pre: 0.9632 Re: 0.9940 Acc: 0.9780 F1: 0.9783
Epoch 426: Time: 0.0475 Cost: 2.8160 Pre: 0.9577 Re: 0.9960 Acc: 0.9760 F1: 0.9765
Epoch 427: Time: 0.0475 Cost: 2.8521 Pre: 0.9595 Re: 0.9940 Acc: 0.9760 F1: 0.9764
Epoch 428: Time: 0.0474 Cost: 2.7849 Pre: 0.9614 Re: 0.9960 Acc: 0.9780 F1: 0.9784
Epoch 429: Time: 0.0474 Cost: 2.7059 Pre: 0.9632 Re: 0.9960 Acc: 0.9790 F1: 0.9794
Epoch 430: Time: 0.0474 Cost: 2.6917 Pre: 0.9632 Re: 0.9960 Acc: 0.9790 F1: 0.9794


--------------------------------------------------------------------
Eval results: Cost:19.1067 Pre:0.8172 Re:0.7600 Acc:0.7950 F1:0.7876
--------------------------------------------------------------------

Epoch 431: Time: 0.0476 Cost: 2.5941 Pre: 0.9614 Re: 0.9960 Acc: 0.9780 F1: 0.9784
Epoch 432: Time: 0.0475 Cost: 2.6781 Pre: 0.9614 Re: 0.9960 Acc: 0.9780 F1: 0.9784
Epoch 433: Time: 0.0476 Cost: 2.8112 Pre: 0.9577 Re: 0.9960 Acc: 0.9760 F1: 0.9765
Epoch 434: Time: 0.0475 Cost: 2.7958 Pre: 0.9614 Re: 0.9960 Acc: 0.9780 F1: 0.9784
Epoch 435: Time: 0.0475 Cost: 2.7073 Pre: 0.9632 Re: 0.9960 Acc: 0.9790 F1: 0.9794
Epoch 436: Time: 0.0474 Cost: 2.6149 Pre: 0.9651 Re: 0.9960 Acc: 0.9800 F1: 0.9803
Epoch 437: Time: 0.0475 Cost: 2.5820 Pre: 0.9632 Re: 0.9960 Acc: 0.9790 F1: 0.9794
Epoch 438: Time: 0.0476 Cost: 2.6227 Pre: 0.9614 Re: 0.9960 Acc: 0.9780 F1: 0.9784
Epoch 439: Time: 0.0475 Cost: 2.6319 Pre: 0.9614 Re: 0.9960 Acc: 0.9780 F1: 0.9784
Epoch 440: Time: 0.0474 Cost: 2.7189 Pre: 0.9595 Re: 0.9960 Acc: 0.9770 F1: 0.9774


--------------------------------------------------------------------
Eval results: Cost:19.2355 Pre:0.8190 Re:0.7600 Acc:0.7960 F1:0.7884
--------------------------------------------------------------------

Epoch 441: Time: 0.0474 Cost: 2.6556 Pre: 0.9614 Re: 0.9960 Acc: 0.9780 F1: 0.9784
Epoch 442: Time: 0.0475 Cost: 2.7038 Pre: 0.9614 Re: 0.9960 Acc: 0.9780 F1: 0.9784
Epoch 443: Time: 0.0475 Cost: 2.6671 Pre: 0.9632 Re: 0.9960 Acc: 0.9790 F1: 0.9794
Epoch 444: Time: 0.0474 Cost: 2.6061 Pre: 0.9651 Re: 0.9960 Acc: 0.9800 F1: 0.9803
Epoch 445: Time: 0.0474 Cost: 2.5451 Pre: 0.9651 Re: 0.9960 Acc: 0.9800 F1: 0.9803
Epoch 446: Time: 0.0475 Cost: 2.5307 Pre: 0.9651 Re: 0.9960 Acc: 0.9800 F1: 0.9803
Epoch 447: Time: 0.0474 Cost: 2.5609 Pre: 0.9614 Re: 0.9960 Acc: 0.9780 F1: 0.9784
Epoch 448: Time: 0.0474 Cost: 2.6302 Pre: 0.9632 Re: 0.9960 Acc: 0.9790 F1: 0.9794
Epoch 449: Time: 0.0474 Cost: 2.8790 Pre: 0.9595 Re: 0.9940 Acc: 0.9760 F1: 0.9764
Epoch 450: Time: 0.0474 Cost: 3.0395 Pre: 0.9595 Re: 0.9960 Acc: 0.9770 F1: 0.9774


--------------------------------------------------------------------
Eval results: Cost:18.9464 Pre:0.8101 Re:0.7680 Acc:0.7940 F1:0.7885
--------------------------------------------------------------------

Epoch 451: Time: 0.0474 Cost: 2.9948 Pre: 0.9577 Re: 0.9960 Acc: 0.9760 F1: 0.9765
Epoch 452: Time: 0.0474 Cost: 2.8148 Pre: 0.9614 Re: 0.9960 Acc: 0.9780 F1: 0.9784
Epoch 453: Time: 0.0475 Cost: 2.7204 Pre: 0.9614 Re: 0.9960 Acc: 0.9780 F1: 0.9784
Epoch 454: Time: 0.0475 Cost: 2.6547 Pre: 0.9632 Re: 0.9960 Acc: 0.9790 F1: 0.9794
Epoch 455: Time: 0.0475 Cost: 2.6059 Pre: 0.9632 Re: 0.9960 Acc: 0.9790 F1: 0.9794
Epoch 456: Time: 0.0475 Cost: 2.5675 Pre: 0.9670 Re: 0.9960 Acc: 0.9810 F1: 0.9813
Epoch 457: Time: 0.0475 Cost: 2.6084 Pre: 0.9632 Re: 0.9960 Acc: 0.9790 F1: 0.9794
Epoch 458: Time: 0.0474 Cost: 2.7149 Pre: 0.9632 Re: 0.9940 Acc: 0.9780 F1: 0.9783
Epoch 459: Time: 0.0474 Cost: 2.8465 Pre: 0.9613 Re: 0.9940 Acc: 0.9770 F1: 0.9774
Epoch 460: Time: 0.0475 Cost: 2.8565 Pre: 0.9559 Re: 0.9960 Acc: 0.9750 F1: 0.9755


--------------------------------------------------------------------
Eval results: Cost:19.5500 Pre:0.8097 Re:0.7660 Acc:0.7930 F1:0.7873
--------------------------------------------------------------------

Epoch 461: Time: 0.0475 Cost: 2.8466 Pre: 0.9577 Re: 0.9960 Acc: 0.9760 F1: 0.9765
Epoch 462: Time: 0.0474 Cost: 2.7932 Pre: 0.9614 Re: 0.9960 Acc: 0.9780 F1: 0.9784
Epoch 463: Time: 0.0474 Cost: 2.6932 Pre: 0.9595 Re: 0.9960 Acc: 0.9770 F1: 0.9774
Epoch 464: Time: 0.0475 Cost: 2.6096 Pre: 0.9595 Re: 0.9960 Acc: 0.9770 F1: 0.9774
Epoch 465: Time: 0.0475 Cost: 2.5195 Pre: 0.9632 Re: 0.9960 Acc: 0.9790 F1: 0.9794
Epoch 466: Time: 0.0475 Cost: 2.5229 Pre: 0.9632 Re: 0.9960 Acc: 0.9790 F1: 0.9794
Epoch 467: Time: 0.0475 Cost: 2.5761 Pre: 0.9651 Re: 0.9960 Acc: 0.9800 F1: 0.9803
Epoch 468: Time: 0.0474 Cost: 2.7740 Pre: 0.9614 Re: 0.9960 Acc: 0.9780 F1: 0.9784
Epoch 469: Time: 0.0475 Cost: 2.7822 Pre: 0.9614 Re: 0.9960 Acc: 0.9780 F1: 0.9784
Epoch 470: Time: 0.0475 Cost: 2.7887 Pre: 0.9632 Re: 0.9960 Acc: 0.9790 F1: 0.9794


--------------------------------------------------------------------
Eval results: Cost:19.4594 Pre:0.8025 Re:0.7640 Acc:0.7880 F1:0.7828
--------------------------------------------------------------------

Epoch 471: Time: 0.0475 Cost: 2.6978 Pre: 0.9651 Re: 0.9960 Acc: 0.9800 F1: 0.9803
Epoch 472: Time: 0.0475 Cost: 2.5802 Pre: 0.9669 Re: 0.9940 Acc: 0.9800 F1: 0.9803
Epoch 473: Time: 0.0475 Cost: 2.6232 Pre: 0.9651 Re: 0.9960 Acc: 0.9800 F1: 0.9803
Epoch 474: Time: 0.0475 Cost: 2.5867 Pre: 0.9632 Re: 0.9960 Acc: 0.9790 F1: 0.9794
Epoch 475: Time: 0.0474 Cost: 2.4902 Pre: 0.9632 Re: 0.9960 Acc: 0.9790 F1: 0.9794
Epoch 476: Time: 0.0475 Cost: 2.4711 Pre: 0.9651 Re: 0.9960 Acc: 0.9800 F1: 0.9803
Epoch 477: Time: 0.0475 Cost: 2.4592 Pre: 0.9651 Re: 0.9960 Acc: 0.9800 F1: 0.9803
Epoch 478: Time: 0.0475 Cost: 2.4467 Pre: 0.9670 Re: 0.9960 Acc: 0.9810 F1: 0.9813
Epoch 479: Time: 0.0475 Cost: 2.4176 Pre: 0.9670 Re: 0.9960 Acc: 0.9810 F1: 0.9813
Epoch 480: Time: 0.0475 Cost: 2.5123 Pre: 0.9651 Re: 0.9960 Acc: 0.9800 F1: 0.9803


--------------------------------------------------------------------
Eval results: Cost:19.8853 Pre:0.8047 Re:0.7500 Acc:0.7840 F1:0.7764
--------------------------------------------------------------------

Epoch 481: Time: 0.0475 Cost: 2.5644 Pre: 0.9632 Re: 0.9960 Acc: 0.9790 F1: 0.9794
Epoch 482: Time: 0.0475 Cost: 2.4863 Pre: 0.9651 Re: 0.9960 Acc: 0.9800 F1: 0.9803
Epoch 483: Time: 0.0475 Cost: 2.4537 Pre: 0.9670 Re: 0.9960 Acc: 0.9810 F1: 0.9813
Epoch 484: Time: 0.0474 Cost: 2.4403 Pre: 0.9651 Re: 0.9960 Acc: 0.9800 F1: 0.9803
Epoch 485: Time: 0.0475 Cost: 2.3689 Pre: 0.9670 Re: 0.9960 Acc: 0.9810 F1: 0.9813
Epoch 486: Time: 0.0474 Cost: 2.3664 Pre: 0.9670 Re: 0.9960 Acc: 0.9810 F1: 0.9813
Epoch 487: Time: 0.0475 Cost: 2.4658 Pre: 0.9632 Re: 0.9960 Acc: 0.9790 F1: 0.9794
Epoch 488: Time: 0.0475 Cost: 2.5377 Pre: 0.9651 Re: 0.9960 Acc: 0.9800 F1: 0.9803
Epoch 489: Time: 0.0476 Cost: 2.5259 Pre: 0.9632 Re: 0.9960 Acc: 0.9790 F1: 0.9794
Epoch 490: Time: 0.0475 Cost: 2.5847 Pre: 0.9632 Re: 0.9960 Acc: 0.9790 F1: 0.9794


--------------------------------------------------------------------
Eval results: Cost:20.0452 Pre:0.8108 Re:0.7540 Acc:0.7890 F1:0.7813
--------------------------------------------------------------------

Epoch 491: Time: 0.0475 Cost: 2.4937 Pre: 0.9651 Re: 0.9960 Acc: 0.9800 F1: 0.9803
Epoch 492: Time: 0.0475 Cost: 2.5033 Pre: 0.9651 Re: 0.9960 Acc: 0.9800 F1: 0.9803
Epoch 493: Time: 0.0474 Cost: 2.4710 Pre: 0.9651 Re: 0.9960 Acc: 0.9800 F1: 0.9803
Epoch 494: Time: 0.0475 Cost: 2.4372 Pre: 0.9651 Re: 0.9960 Acc: 0.9800 F1: 0.9803
Epoch 495: Time: 0.0475 Cost: 2.4939 Pre: 0.9651 Re: 0.9960 Acc: 0.9800 F1: 0.9803
Epoch 496: Time: 0.0475 Cost: 2.4722 Pre: 0.9651 Re: 0.9960 Acc: 0.9800 F1: 0.9803
Epoch 497: Time: 0.0475 Cost: 2.4707 Pre: 0.9651 Re: 0.9960 Acc: 0.9800 F1: 0.9803
Epoch 498: Time: 0.0474 Cost: 2.4515 Pre: 0.9651 Re: 0.9960 Acc: 0.9800 F1: 0.9803
Epoch 499: Time: 0.0475 Cost: 2.4087 Pre: 0.9651 Re: 0.9960 Acc: 0.9800 F1: 0.9803
--------------------------------------------------------------------
Eval results: Cost:19.6663 Pre:0.8128 Re:0.7640 Acc:0.7940 F1:0.7876
--------------------------------------------------------------------
Test 1000 samples take time: 0.2771
Test results: Cost:2.7488 Pre:0.6343 Re:0.8220 Acc:0.6740 F1:0.7160
--------------------------------------------------------------------

