Load data
RNN type: O2 Grammar: SP/SP4/10k/ Seed: 1
Model total parameters: 3875
Saving hinit ... 

Epoch 0: Time: 0.9916 Cost: 31.4887 Pre: 0.7275 Re: 0.4368 Acc: 0.6366 F1: 0.5459


--------------------------------------------------------------------
Eval results: Cost:17.9641 Pre:0.7226 Re:0.7956 Acc:0.7451 F1:0.7574
--------------------------------------------------------------------

Epoch 1: Time: 0.9714 Cost: 14.6994 Pre: 0.7919 Re: 0.7992 Acc: 0.7946 F1: 0.7955
Epoch 2: Time: 0.9729 Cost: 10.1471 Pre: 0.8733 Re: 0.8702 Acc: 0.8720 F1: 0.8718
Epoch 3: Time: 0.9748 Cost: 6.2962 Pre: 0.9381 Re: 0.9246 Acc: 0.9318 F1: 0.9313
Epoch 4: Time: 0.9852 Cost: 4.4340 Pre: 0.9696 Re: 0.9510 Acc: 0.9606 F1: 0.9602
Epoch 5: Time: 1.0031 Cost: 2.7919 Pre: 0.9876 Re: 0.9734 Acc: 0.9806 F1: 0.9805
Epoch 6: Time: 1.0044 Cost: 1.6675 Pre: 0.9938 Re: 0.9872 Acc: 0.9905 F1: 0.9905
Epoch 7: Time: 1.0101 Cost: 0.9676 Pre: 0.9982 Re: 0.9948 Acc: 0.9965 F1: 0.9965
Epoch 8: Time: 1.0089 Cost: 0.5610 Pre: 0.9994 Re: 0.9988 Acc: 0.9991 F1: 0.9991
Epoch 9: Time: 1.0089 Cost: 0.3434 Pre: 0.9996 Re: 0.9998 Acc: 0.9997 F1: 0.9997
Epoch 10: Time: 1.0119 Cost: 0.2500 Pre: 0.9998 Re: 0.9996 Acc: 0.9997 F1: 0.9997


--------------------------------------------------------------------
Eval results: Cost:0.2923 Pre:1.0000 Re:0.9996 Acc:0.9998 F1:0.9998
--------------------------------------------------------------------

Epoch 11: Time: 1.0128 Cost: 0.1640 Pre: 1.0000 Re: 0.9998 Acc: 0.9999 F1: 0.9999
Epoch 12: Time: 1.0087 Cost: 0.1112 Pre: 1.0000 Re: 1.0000 Acc: 1.0000 F1: 1.0000
Epoch 13: Time: 1.0077 Cost: 0.0799 Pre: 1.0000 Re: 1.0000 Acc: 1.0000 F1: 1.0000
Epoch 14: Time: 1.0167 Cost: 0.1310 Pre: 0.9998 Re: 0.9994 Acc: 0.9996 F1: 0.9996
Epoch 15: Time: 1.0080 Cost: 0.0656 Pre: 1.0000 Re: 0.9998 Acc: 0.9999 F1: 0.9999
Epoch 16: Time: 1.0134 Cost: 0.0904 Pre: 1.0000 Re: 0.9994 Acc: 0.9997 F1: 0.9997
Epoch 17: Time: 1.0090 Cost: 0.0791 Pre: 0.9998 Re: 1.0000 Acc: 0.9999 F1: 0.9999
Epoch 18: Time: 1.0110 Cost: 0.0396 Pre: 1.0000 Re: 1.0000 Acc: 1.0000 F1: 1.0000
Epoch 19: Time: 1.0116 Cost: 0.0300 Pre: 1.0000 Re: 1.0000 Acc: 1.0000 F1: 1.0000
Epoch 20: Time: 1.0186 Cost: 0.0362 Pre: 1.0000 Re: 0.9998 Acc: 0.9999 F1: 0.9999


--------------------------------------------------------------------
Eval results: Cost:0.4027 Pre:1.0000 Re:0.9916 Acc:0.9958 F1:0.9958
--------------------------------------------------------------------

Epoch 21: Time: 1.0135 Cost: 0.1310 Pre: 0.9998 Re: 0.9990 Acc: 0.9994 F1: 0.9994
Epoch 22: Time: 1.0086 Cost: 0.0259 Pre: 1.0000 Re: 1.0000 Acc: 1.0000 F1: 1.0000
Epoch 23: Time: 1.0119 Cost: 0.0218 Pre: 1.0000 Re: 1.0000 Acc: 1.0000 F1: 1.0000
Epoch 24: Time: 1.0163 Cost: 0.0289 Pre: 1.0000 Re: 0.9998 Acc: 0.9999 F1: 0.9999
Epoch 25: Time: 1.0161 Cost: 0.0411 Pre: 0.9998 Re: 1.0000 Acc: 0.9999 F1: 0.9999
Epoch 26: Time: 1.0179 Cost: 0.0169 Pre: 1.0000 Re: 1.0000 Acc: 1.0000 F1: 1.0000
Epoch 27: Time: 1.0130 Cost: 0.0301 Pre: 1.0000 Re: 0.9998 Acc: 0.9999 F1: 0.9999
Epoch 28: Time: 1.0206 Cost: 0.0263 Pre: 1.0000 Re: 0.9998 Acc: 0.9999 F1: 0.9999
Epoch 29: Time: 1.0224 Cost: 0.0261 Pre: 1.0000 Re: 0.9998 Acc: 0.9999 F1: 0.9999
Epoch 30: Time: 1.0113 Cost: 0.1995 Pre: 1.0000 Re: 0.9972 Acc: 0.9986 F1: 0.9986


--------------------------------------------------------------------
Eval results: Cost:0.0147 Pre:1.0000 Re:1.0000 Acc:1.0000 F1:1.0000
--------------------------------------------------------------------

Epoch 31: Time: 1.0167 Cost: 0.0124 Pre: 1.0000 Re: 1.0000 Acc: 1.0000 F1: 1.0000
Epoch 32: Time: 1.0125 Cost: 0.0241 Pre: 1.0000 Re: 0.9998 Acc: 0.9999 F1: 0.9999
Epoch 33: Time: 1.0113 Cost: 0.0308 Pre: 1.0000 Re: 1.0000 Acc: 1.0000 F1: 1.0000
Epoch 34: Time: 1.0192 Cost: 0.0125 Pre: 1.0000 Re: 1.0000 Acc: 1.0000 F1: 1.0000
Epoch 35: Time: 1.0182 Cost: 0.0117 Pre: 1.0000 Re: 1.0000 Acc: 1.0000 F1: 1.0000
Epoch 36: Time: 1.0185 Cost: 0.0098 Pre: 1.0000 Re: 1.0000 Acc: 1.0000 F1: 1.0000
Epoch 37: Time: 1.0237 Cost: 0.0107 Pre: 1.0000 Re: 1.0000 Acc: 1.0000 F1: 1.0000
Epoch 38: Time: 1.0235 Cost: 0.0191 Pre: 1.0000 Re: 0.9998 Acc: 0.9999 F1: 0.9999
Epoch 39: Time: 1.0159 Cost: 0.0315 Pre: 1.0000 Re: 0.9996 Acc: 0.9998 F1: 0.9998
Epoch 40: Time: 1.0151 Cost: 0.0104 Pre: 1.0000 Re: 1.0000 Acc: 1.0000 F1: 1.0000


--------------------------------------------------------------------
Eval results: Cost:0.0076 Pre:1.0000 Re:1.0000 Acc:1.0000 F1:1.0000
--------------------------------------------------------------------

Epoch 41: Time: 1.0151 Cost: 0.0080 Pre: 1.0000 Re: 1.0000 Acc: 1.0000 F1: 1.0000
Epoch 42: Time: 1.0218 Cost: 0.0146 Pre: 1.0000 Re: 1.0000 Acc: 1.0000 F1: 1.0000
Epoch 43: Time: 1.0213 Cost: 0.0092 Pre: 1.0000 Re: 1.0000 Acc: 1.0000 F1: 1.0000
Epoch 44: Time: 1.0130 Cost: 0.0093 Pre: 1.0000 Re: 1.0000 Acc: 1.0000 F1: 1.0000
Epoch 45: Time: 1.0202 Cost: 0.0082 Pre: 1.0000 Re: 1.0000 Acc: 1.0000 F1: 1.0000
Epoch 46: Time: 1.0066 Cost: 0.0081 Pre: 1.0000 Re: 1.0000 Acc: 1.0000 F1: 1.0000
Epoch 47: Time: 1.0143 Cost: 0.0093 Pre: 1.0000 Re: 1.0000 Acc: 1.0000 F1: 1.0000
Epoch 48: Time: 1.0068 Cost: 0.0070 Pre: 1.0000 Re: 1.0000 Acc: 1.0000 F1: 1.0000
Epoch 49: Time: 1.0100 Cost: 0.0072 Pre: 1.0000 Re: 1.0000 Acc: 1.0000 F1: 1.0000
Epoch 50: Time: 1.0186 Cost: 0.0060 Pre: 1.0000 Re: 1.0000 Acc: 1.0000 F1: 1.0000


--------------------------------------------------------------------
Eval results: Cost:0.0055 Pre:1.0000 Re:1.0000 Acc:1.0000 F1:1.0000
--------------------------------------------------------------------

Epoch 51: Time: 1.0158 Cost: 0.0290 Pre: 0.9998 Re: 0.9996 Acc: 0.9997 F1: 0.9997
Epoch 52: Time: 1.0199 Cost: 0.0066 Pre: 1.0000 Re: 1.0000 Acc: 1.0000 F1: 1.0000
Epoch 53: Time: 1.0186 Cost: 0.0060 Pre: 1.0000 Re: 1.0000 Acc: 1.0000 F1: 1.0000
Epoch 54: Time: 1.0151 Cost: 0.0058 Pre: 1.0000 Re: 1.0000 Acc: 1.0000 F1: 1.0000
Epoch 55: Time: 1.0086 Cost: 0.0057 Pre: 1.0000 Re: 1.0000 Acc: 1.0000 F1: 1.0000
Epoch 56: Time: 1.0171 Cost: 0.0374 Pre: 1.0000 Re: 0.9996 Acc: 0.9998 F1: 0.9998
Epoch 57: Time: 1.0141 Cost: 0.0076 Pre: 1.0000 Re: 1.0000 Acc: 1.0000 F1: 1.0000
Epoch 58: Time: 1.0148 Cost: 0.0054 Pre: 1.0000 Re: 1.0000 Acc: 1.0000 F1: 1.0000
Epoch 59: Time: 1.0124 Cost: 0.0057 Pre: 1.0000 Re: 1.0000 Acc: 1.0000 F1: 1.0000
Epoch 60: Time: 1.0167 Cost: 0.0052 Pre: 1.0000 Re: 1.0000 Acc: 1.0000 F1: 1.0000


--------------------------------------------------------------------
Eval results: Cost:0.0045 Pre:1.0000 Re:1.0000 Acc:1.0000 F1:1.0000
--------------------------------------------------------------------

Epoch 61: Time: 1.0197 Cost: 0.0686 Pre: 1.0000 Re: 0.9988 Acc: 0.9994 F1: 0.9994
Epoch 62: Time: 1.0190 Cost: 0.0074 Pre: 1.0000 Re: 1.0000 Acc: 1.0000 F1: 1.0000
Epoch 63: Time: 1.0179 Cost: 0.0177 Pre: 1.0000 Re: 1.0000 Acc: 1.0000 F1: 1.0000
Epoch 64: Time: 1.0175 Cost: 0.0052 Pre: 1.0000 Re: 1.0000 Acc: 1.0000 F1: 1.0000
Epoch 65: Time: 1.0148 Cost: 0.0055 Pre: 1.0000 Re: 1.0000 Acc: 1.0000 F1: 1.0000
Epoch 66: Time: 1.0182 Cost: 0.0049 Pre: 1.0000 Re: 1.0000 Acc: 1.0000 F1: 1.0000
Epoch 67: Time: 1.0154 Cost: 0.0101 Pre: 1.0000 Re: 1.0000 Acc: 1.0000 F1: 1.0000
Epoch 68: Time: 1.0112 Cost: 0.0051 Pre: 1.0000 Re: 1.0000 Acc: 1.0000 F1: 1.0000
Epoch 69: Time: 1.0071 Cost: 0.0053 Pre: 1.0000 Re: 1.0000 Acc: 1.0000 F1: 1.0000
Epoch 70: Time: 1.0115 Cost: 0.0051 Pre: 1.0000 Re: 1.0000 Acc: 1.0000 F1: 1.0000


--------------------------------------------------------------------
Eval results: Cost:0.0036 Pre:1.0000 Re:1.0000 Acc:1.0000 F1:1.0000
--------------------------------------------------------------------

Epoch 71: Time: 1.0060 Cost: 0.0041 Pre: 1.0000 Re: 1.0000 Acc: 1.0000 F1: 1.0000
Epoch 72: Time: 1.0160 Cost: 0.0049 Pre: 1.0000 Re: 1.0000 Acc: 1.0000 F1: 1.0000
Epoch 73: Time: 1.0133 Cost: 0.0050 Pre: 1.0000 Re: 1.0000 Acc: 1.0000 F1: 1.0000
Epoch 74: Time: 1.0204 Cost: 0.0038 Pre: 1.0000 Re: 1.0000 Acc: 1.0000 F1: 1.0000
Epoch 75: Time: 1.0169 Cost: 0.0162 Pre: 1.0000 Re: 0.9998 Acc: 0.9999 F1: 0.9999
Epoch 76: Time: 1.0093 Cost: 0.0044 Pre: 1.0000 Re: 1.0000 Acc: 1.0000 F1: 1.0000
Epoch 77: Time: 1.0143 Cost: 0.0037 Pre: 1.0000 Re: 1.0000 Acc: 1.0000 F1: 1.0000
Epoch 78: Time: 1.0144 Cost: 0.0161 Pre: 1.0000 Re: 0.9998 Acc: 0.9999 F1: 0.9999
Epoch 79: Time: 1.0132 Cost: 0.0044 Pre: 1.0000 Re: 1.0000 Acc: 1.0000 F1: 1.0000
Epoch 80: Time: 1.0083 Cost: 0.0034 Pre: 1.0000 Re: 1.0000 Acc: 1.0000 F1: 1.0000


--------------------------------------------------------------------
Eval results: Cost:0.0024 Pre:1.0000 Re:1.0000 Acc:1.0000 F1:1.0000
--------------------------------------------------------------------

Epoch 81: Time: 1.0168 Cost: 0.0052 Pre: 1.0000 Re: 1.0000 Acc: 1.0000 F1: 1.0000
Epoch 82: Time: 1.0178 Cost: 0.0035 Pre: 1.0000 Re: 1.0000 Acc: 1.0000 F1: 1.0000
Epoch 83: Time: 1.0240 Cost: 0.0031 Pre: 1.0000 Re: 1.0000 Acc: 1.0000 F1: 1.0000
Epoch 84: Time: 1.0230 Cost: 0.0042 Pre: 1.0000 Re: 1.0000 Acc: 1.0000 F1: 1.0000
Epoch 85: Time: 1.0115 Cost: 0.0031 Pre: 1.0000 Re: 1.0000 Acc: 1.0000 F1: 1.0000
Epoch 86: Time: 1.0083 Cost: 0.0036 Pre: 1.0000 Re: 1.0000 Acc: 1.0000 F1: 1.0000
Epoch 87: Time: 1.0105 Cost: 0.0151 Pre: 1.0000 Re: 0.9998 Acc: 0.9999 F1: 0.9999
Epoch 88: Time: 1.0081 Cost: 0.0028 Pre: 1.0000 Re: 1.0000 Acc: 1.0000 F1: 1.0000
Epoch 89: Time: 1.0151 Cost: 0.0038 Pre: 1.0000 Re: 1.0000 Acc: 1.0000 F1: 1.0000
Epoch 90: Time: 1.0165 Cost: 0.0076 Pre: 1.0000 Re: 1.0000 Acc: 1.0000 F1: 1.0000


--------------------------------------------------------------------
Eval results: Cost:0.0061 Pre:1.0000 Re:1.0000 Acc:1.0000 F1:1.0000
--------------------------------------------------------------------

Epoch 91: Time: 1.0152 Cost: 0.0035 Pre: 1.0000 Re: 1.0000 Acc: 1.0000 F1: 1.0000
Epoch 92: Time: 1.0225 Cost: 0.0034 Pre: 1.0000 Re: 1.0000 Acc: 1.0000 F1: 1.0000
Epoch 93: Time: 1.0085 Cost: 0.0039 Pre: 1.0000 Re: 1.0000 Acc: 1.0000 F1: 1.0000
Epoch 94: Time: 1.0247 Cost: 0.0027 Pre: 1.0000 Re: 1.0000 Acc: 1.0000 F1: 1.0000
Epoch 95: Time: 1.0216 Cost: 0.0040 Pre: 1.0000 Re: 1.0000 Acc: 1.0000 F1: 1.0000
Epoch 96: Time: 1.0154 Cost: 0.0144 Pre: 1.0000 Re: 0.9998 Acc: 0.9999 F1: 0.9999
Epoch 97: Time: 1.0071 Cost: 0.0174 Pre: 1.0000 Re: 0.9998 Acc: 0.9999 F1: 0.9999
Epoch 98: Time: 1.0164 Cost: 0.0032 Pre: 1.0000 Re: 1.0000 Acc: 1.0000 F1: 1.0000
Epoch 99: Time: 1.0193 Cost: 0.0028 Pre: 1.0000 Re: 1.0000 Acc: 1.0000 F1: 1.0000
--------------------------------------------------------------------
Eval results: Cost:0.0021 Pre:1.0000 Re:1.0000 Acc:1.0000 F1:1.0000
--------------------------------------------------------------------
Test 10000 samples take time: 3.0028
Test results: Cost:0.0002 Pre:1.0000 Re:1.0000 Acc:1.0000 F1:1.0000
--------------------------------------------------------------------

