G:g1, model:MI tanh, load all data and stored hidden activations


--------------------------------------------------------------------
Begin DFA extraction with n_state:2
Done fitting takes time: 0.0401
==Minimized===

This DFA has 2 states
States: ['2', '1']
Alphabet: set(['1', '0'])
Starting state: 1
Accepting states: ['2']
Transition function:
	1	2
1 	1	1
0 	2	2
Current state: 1
Currently accepting: False

Precision: 0.0000 Recall: 0.0000 Accuracy: 0.4957 F1: 0.0000


--------------------------------------------------------------------
Begin DFA extraction with n_state:3
Done fitting takes time: 0.0955
==Minimized===

This DFA has 1 states
States: ['1']
Alphabet: set(['1', '0'])
Starting state: 1
Accepting states: []
Transition function:
	1
1 	1
0 	1
Current state: 1
Currently accepting: False

Precision: 0.0000 Recall: 0.0000 Accuracy: 0.9763 F1: 0.0000


--------------------------------------------------------------------
Begin DFA extraction with n_state:4
Done fitting takes time: 0.0578
==Minimized===

This DFA has 1 states
States: ['1']
Alphabet: set(['1', '0'])
Starting state: 1
Accepting states: []
Transition function:
	1
1 	1
0 	1
Current state: 1
Currently accepting: False

Precision: 0.0000 Recall: 0.0000 Accuracy: 0.9763 F1: 0.0000


--------------------------------------------------------------------
Begin DFA extraction with n_state:5
Done fitting takes time: 0.0865
==Minimized===

This DFA has 1 states
States: ['1']
Alphabet: set(['1', '0'])
Starting state: 1
Accepting states: []
Transition function:
	1
1 	1
0 	1
Current state: 1
Currently accepting: False

Precision: 0.0000 Recall: 0.0000 Accuracy: 0.9763 F1: 0.0000


--------------------------------------------------------------------
Begin DFA extraction with n_state:6
Done fitting takes time: 0.0736
==Minimized===

This DFA has 1 states
States: ['1']
Alphabet: set(['1', '0'])
Starting state: 1
Accepting states: []
Transition function:
	1
1 	1
0 	1
Current state: 1
Currently accepting: False

Precision: 0.0000 Recall: 0.0000 Accuracy: 0.9763 F1: 0.0000


--------------------------------------------------------------------
Begin DFA extraction with n_state:7
Done fitting takes time: 0.0911
==Minimized===

This DFA has 1 states
States: ['1']
Alphabet: set(['1', '0'])
Starting state: 1
Accepting states: []
Transition function:
	1
1 	1
0 	1
Current state: 1
Currently accepting: False

Precision: 0.0000 Recall: 0.0000 Accuracy: 0.9763 F1: 0.0000


--------------------------------------------------------------------
Begin DFA extraction with n_state:8
Done fitting takes time: 0.0420
==Minimized===

This DFA has 1 states
States: ['1']
Alphabet: set(['1', '0'])
Starting state: 1
Accepting states: []
Transition function:
	1
1 	1
0 	1
Current state: 1
Currently accepting: False

Precision: 0.0000 Recall: 0.0000 Accuracy: 0.9763 F1: 0.0000


--------------------------------------------------------------------
Begin DFA extraction with n_state:9
Done fitting takes time: 0.0430
==Minimized===

This DFA has 1 states
States: ['1']
Alphabet: set(['1', '0'])
Starting state: 1
Accepting states: []
Transition function:
	1
1 	1
0 	1
Current state: 1
Currently accepting: False

Precision: 0.0000 Recall: 0.0000 Accuracy: 0.9763 F1: 0.0000


--------------------------------------------------------------------
Begin DFA extraction with n_state:10
Done fitting takes time: 0.0371
==Minimized===

This DFA has 1 states
States: ['1']
Alphabet: set(['1', '0'])
Starting state: 1
Accepting states: []
Transition function:
	1
1 	1
0 	1
Current state: 1
Currently accepting: False

Precision: 0.0000 Recall: 0.0000 Accuracy: 0.9763 F1: 0.0000


--------------------------------------------------------------------
Begin DFA extraction with n_state:11
Done fitting takes time: 0.0379
==Minimized===

This DFA has 1 states
States: ['1']
Alphabet: set(['1', '0'])
Starting state: 1
Accepting states: []
Transition function:
	1
1 	1
0 	1
Current state: 1
Currently accepting: False

Precision: 0.0000 Recall: 0.0000 Accuracy: 0.9763 F1: 0.0000


--------------------------------------------------------------------
Begin DFA extraction with n_state:12
Done fitting takes time: 0.0484
==Minimized===

This DFA has 1 states
States: ['1']
Alphabet: set(['1', '0'])
Starting state: 1
Accepting states: []
Transition function:
	1
1 	1
0 	1
Current state: 1
Currently accepting: False

Precision: 0.0000 Recall: 0.0000 Accuracy: 0.9763 F1: 0.0000


--------------------------------------------------------------------
Begin DFA extraction with n_state:13
Done fitting takes time: 0.0507
==Minimized===

This DFA has 1 states
States: ['1']
Alphabet: set(['1', '0'])
Starting state: 1
Accepting states: []
Transition function:
	1
1 	1
0 	1
Current state: 1
Currently accepting: False

Precision: 0.0000 Recall: 0.0000 Accuracy: 0.9763 F1: 0.0000


--------------------------------------------------------------------
Begin DFA extraction with n_state:14
Done fitting takes time: 0.1201
==Minimized===

This DFA has 3 states
States: ['11', '10', '14']
Alphabet: set(['1', '0'])
Starting state: 14
Accepting states: ['11']
Transition function:
	10	11	14
1 	10	11	11
0 	10	10	10
Current state: 14
Currently accepting: False

Precision: 1.0000 Recall: 1.0000 Accuracy: 1.0000 F1: 1.0000


--------------------------------------------------------------------
Begin DFA extraction with n_state:15
Done fitting takes time: 0.0675
==Minimized===

This DFA has 3 states
States: ['11', '10', '14']
Alphabet: set(['1', '0'])
Starting state: 14
Accepting states: ['11']
Transition function:
	10	11	14
1 	10	11	11
0 	10	10	10
Current state: 14
Currently accepting: False

Precision: 1.0000 Recall: 1.0000 Accuracy: 1.0000 F1: 1.0000


--------------------------------------------------------------------
Begin DFA extraction with n_state:16
Done fitting takes time: 0.1183
==Minimized===

This DFA has 3 states
States: ['11', '10', '14']
Alphabet: set(['1', '0'])
Starting state: 14
Accepting states: ['11']
Transition function:
	10	11	14
1 	10	11	11
0 	10	10	10
Current state: 14
Currently accepting: False

Precision: 1.0000 Recall: 1.0000 Accuracy: 1.0000 F1: 1.0000


--------------------------------------------------------------------
Begin DFA extraction with n_state:17
Done fitting takes time: 0.0644
==Minimized===

This DFA has 3 states
States: ['11', '10', '14']
Alphabet: set(['1', '0'])
Starting state: 14
Accepting states: ['11']
Transition function:
	10	11	14
1 	10	11	11
0 	10	10	10
Current state: 14
Currently accepting: False

Precision: 1.0000 Recall: 1.0000 Accuracy: 1.0000 F1: 1.0000


--------------------------------------------------------------------
Begin DFA extraction with n_state:18
Done fitting takes time: 0.0599
==Minimized===

This DFA has 3 states
States: ['11', '10', '14']
Alphabet: set(['1', '0'])
Starting state: 14
Accepting states: ['11']
Transition function:
	10	11	14
1 	10	11	11
0 	10	10	10
Current state: 14
Currently accepting: False

Precision: 1.0000 Recall: 1.0000 Accuracy: 1.0000 F1: 1.0000


--------------------------------------------------------------------
Begin DFA extraction with n_state:19
Done fitting takes time: 0.1043
==Minimized===

This DFA has 3 states
States: ['11', '15', '14']
Alphabet: set(['1', '0'])
Starting state: 14
Accepting states: ['11']
Transition function:
	11	14	15
1 	11	11	15
0 	15	15	15
Current state: 14
Currently accepting: False

Precision: 1.0000 Recall: 1.0000 Accuracy: 1.0000 F1: 1.0000
[ 0.  0.  0.  0.  0.  0.  0.  0.  0.  0.  0.  0.  1.  1.  1.  1.  1.  1.]


[[ 0.          0.          0.          0.          0.          0.          0.
   0.          1.          1.          1.          1.          1.          1.
   1.          1.          1.          1.        ]
 [ 0.          0.          0.          0.          0.          0.          0.
   0.          0.          0.          0.          0.          0.
   0.30769231  0.30769231  0.30769231  0.30769231  0.30769231]
 [ 0.          0.          0.          1.          1.          1.          1.
   1.          1.          1.          1.          1.          1.          1.
   1.          1.          1.          1.        ]
 [ 0.          0.          0.          0.          0.          1.          1.
   1.          1.          1.          1.          1.          1.          1.
   1.          1.          1.          1.        ]
 [ 0.          0.          0.          0.          0.          1.          1.
   1.          1.          1.          1.          1.          1.          1.
   1.          1.          1.          1.        ]
 [ 0.          0.          0.          1.          1.          1.          1.
   1.          1.          1.          1.          1.          1.          1.
   1.          1.          1.          1.        ]
 [ 0.          0.          0.          0.          0.          0.          0.
   0.          0.          0.          0.          0.          1.          1.
   1.          1.          1.          1.        ]
 [ 0.          0.          0.          0.          0.          0.          1.
   1.          0.          1.          1.          1.          1.          1.
   1.          1.          1.          1.        ]
 [ 0.          0.          0.          0.          0.          0.          0.
   0.          0.          0.          0.          0.          0.          0.
   0.          0.          0.          0.        ]]
