G:g1, model:O2 sigmoid, load all data and stored hidden activations


--------------------------------------------------------------------
Begin DFA extraction with n_state:2
Done fitting takes time: 0.0290
==Minimized===

This DFA has 2 states
States: ['1', '2']
Alphabet: set(['1', '0'])
Starting state: 2
Accepting states: ['1']
Transition function:
	1	2
1 	1	1
0 	2	2
Current state: 2
Currently accepting: False

Precision: 0.0456 Recall: 1.0000 Accuracy: 0.5043 F1: 0.0873


--------------------------------------------------------------------
Begin DFA extraction with n_state:3
Done fitting takes time: 0.0570
==Minimized===

This DFA has 1 states
States: ['1']
Alphabet: set(['1', '0'])
Starting state: 1
Accepting states: []
Transition function:
	1
1 	1
0 	1
Current state: 1
Currently accepting: False

Precision: 0.0000 Recall: 0.0000 Accuracy: 0.9763 F1: 0.0000


--------------------------------------------------------------------
Begin DFA extraction with n_state:4
Done fitting takes time: 0.0317
==Minimized===

This DFA has 1 states
States: ['1']
Alphabet: set(['1', '0'])
Starting state: 1
Accepting states: []
Transition function:
	1
1 	1
0 	1
Current state: 1
Currently accepting: False

Precision: 0.0000 Recall: 0.0000 Accuracy: 0.9763 F1: 0.0000


--------------------------------------------------------------------
Begin DFA extraction with n_state:5
Done fitting takes time: 0.0305
==Minimized===

This DFA has 3 states
States: ['3', '1', '5']
Alphabet: set(['1', '0'])
Starting state: 5
Accepting states: ['3']
Transition function:
	1	3	5
1 	1	3	3
0 	1	1	1
Current state: 5
Currently accepting: False

Precision: 1.0000 Recall: 1.0000 Accuracy: 1.0000 F1: 1.0000


--------------------------------------------------------------------
Begin DFA extraction with n_state:6
Done fitting takes time: 0.0306
==Minimized===

This DFA has 3 states
States: ['3', '1', '5']
Alphabet: set(['1', '0'])
Starting state: 5
Accepting states: ['3']
Transition function:
	1	3	5
1 	1	3	3
0 	1	1	1
Current state: 5
Currently accepting: False

Precision: 1.0000 Recall: 1.0000 Accuracy: 1.0000 F1: 1.0000


--------------------------------------------------------------------
Begin DFA extraction with n_state:7
Done fitting takes time: 0.0317
==Minimized===

This DFA has 3 states
States: ['3', '1', '5']
Alphabet: set(['1', '0'])
Starting state: 5
Accepting states: ['3']
Transition function:
	1	3	5
1 	1	3	3
0 	1	1	1
Current state: 5
Currently accepting: False

Precision: 1.0000 Recall: 1.0000 Accuracy: 1.0000 F1: 1.0000


--------------------------------------------------------------------
Begin DFA extraction with n_state:8
Done fitting takes time: 0.0344
==Minimized===

This DFA has 3 states
States: ['8', '1', '5']
Alphabet: set(['1', '0'])
Starting state: 5
Accepting states: ['8']
Transition function:
	1	5	8
1 	1	8	8
0 	1	1	1
Current state: 5
Currently accepting: False

Precision: 1.0000 Recall: 1.0000 Accuracy: 1.0000 F1: 1.0000


--------------------------------------------------------------------
Begin DFA extraction with n_state:9
Done fitting takes time: 0.0631
==Minimized===

This DFA has 3 states
States: ['8', '1', '5']
Alphabet: set(['1', '0'])
Starting state: 5
Accepting states: ['8']
Transition function:
	1	5	8
1 	1	8	8
0 	1	1	1
Current state: 5
Currently accepting: False

Precision: 1.0000 Recall: 1.0000 Accuracy: 1.0000 F1: 1.0000


--------------------------------------------------------------------
Begin DFA extraction with n_state:10
Done fitting takes time: 0.0391
==Minimized===

This DFA has 3 states
States: ['8', '10', '5']
Alphabet: set(['1', '0'])
Starting state: 5
Accepting states: ['8']
Transition function:
	10	5	8
1 	10	8	8
0 	10	10	10
Current state: 5
Currently accepting: False

Precision: 1.0000 Recall: 1.0000 Accuracy: 1.0000 F1: 1.0000


--------------------------------------------------------------------
Begin DFA extraction with n_state:11
Done fitting takes time: 0.0504
==Minimized===

This DFA has 3 states
States: ['8', '11', '5']
Alphabet: set(['1', '0'])
Starting state: 5
Accepting states: ['8']
Transition function:
	11	5	8
1 	11	8	8
0 	11	11	11
Current state: 5
Currently accepting: False

Precision: 1.0000 Recall: 1.0000 Accuracy: 1.0000 F1: 1.0000


--------------------------------------------------------------------
Begin DFA extraction with n_state:12
Done fitting takes time: 0.0608
==Minimized===

This DFA has 3 states
States: ['8', '11', '5']
Alphabet: set(['1', '0'])
Starting state: 5
Accepting states: ['8']
Transition function:
	11	5	8
1 	11	8	8
0 	11	11	11
Current state: 5
Currently accepting: False

Precision: 1.0000 Recall: 1.0000 Accuracy: 1.0000 F1: 1.0000


--------------------------------------------------------------------
Begin DFA extraction with n_state:13
Done fitting takes time: 0.0375
==Minimized===

This DFA has 3 states
States: ['8', '11', '5']
Alphabet: set(['1', '0'])
Starting state: 5
Accepting states: ['8']
Transition function:
	11	5	8
1 	11	8	8
0 	11	11	11
Current state: 5
Currently accepting: False

Precision: 1.0000 Recall: 1.0000 Accuracy: 1.0000 F1: 1.0000


--------------------------------------------------------------------
Begin DFA extraction with n_state:14
Done fitting takes time: 0.0975
==Minimized===

This DFA has 3 states
States: ['8', '11', '5']
Alphabet: set(['1', '0'])
Starting state: 5
Accepting states: ['8']
Transition function:
	11	5	8
1 	11	8	8
0 	11	11	11
Current state: 5
Currently accepting: False

Precision: 1.0000 Recall: 1.0000 Accuracy: 1.0000 F1: 1.0000


--------------------------------------------------------------------
Begin DFA extraction with n_state:15
Done fitting takes time: 0.0522
==Minimized===

This DFA has 3 states
States: ['8', '11', '5']
Alphabet: set(['1', '0'])
Starting state: 5
Accepting states: ['8']
Transition function:
	11	5	8
1 	11	8	8
0 	11	11	11
Current state: 5
Currently accepting: False

Precision: 1.0000 Recall: 1.0000 Accuracy: 1.0000 F1: 1.0000


--------------------------------------------------------------------
Begin DFA extraction with n_state:16
Done fitting takes time: 0.1038
==Minimized===

This DFA has 3 states
States: ['8', '11', '5']
Alphabet: set(['1', '0'])
Starting state: 5
Accepting states: ['8']
Transition function:
	11	5	8
1 	11	8	8
0 	11	11	11
Current state: 5
Currently accepting: False

Precision: 1.0000 Recall: 1.0000 Accuracy: 1.0000 F1: 1.0000


--------------------------------------------------------------------
Begin DFA extraction with n_state:17
Done fitting takes time: 0.0470
==Minimized===

This DFA has 3 states
States: ['8', '11', '5']
Alphabet: set(['1', '0'])
Starting state: 5
Accepting states: ['8']
Transition function:
	11	5	8
1 	11	8	8
0 	11	11	11
Current state: 5
Currently accepting: False

Precision: 1.0000 Recall: 1.0000 Accuracy: 1.0000 F1: 1.0000


--------------------------------------------------------------------
Begin DFA extraction with n_state:18
Done fitting takes time: 0.0843
==Minimized===

This DFA has 3 states
States: ['8', '11', '5']
Alphabet: set(['1', '0'])
Starting state: 5
Accepting states: ['8']
Transition function:
	11	5	8
1 	11	8	8
0 	11	11	11
Current state: 5
Currently accepting: False

Precision: 1.0000 Recall: 1.0000 Accuracy: 1.0000 F1: 1.0000


--------------------------------------------------------------------
Begin DFA extraction with n_state:19
Done fitting takes time: 0.1344
==Minimized===

This DFA has 3 states
States: ['8', '11', '5']
Alphabet: set(['1', '0'])
Starting state: 5
Accepting states: ['8']
Transition function:
	11	5	8
1 	11	8	8
0 	11	11	11
Current state: 5
Currently accepting: False

Precision: 1.0000 Recall: 1.0000 Accuracy: 1.0000 F1: 1.0000
[ 0.08730159  0.          0.          1.          1.          1.          1.
  1.          1.          1.          1.          1.          1.          1.
  1.          1.          1.          1.        ]


[[ 0.          0.          0.          1.          1.          1.          1.
   1.          1.          1.          1.          1.          1.          1.
   1.          1.          1.          1.        ]
 [ 0.          0.          0.          0.          0.          0.          0.
   0.          0.          0.          0.          0.          0.16666667
   0.16666667  0.30769231  0.30769231  0.58333333  0.58333333]
 [ 0.08730159  0.          0.          1.          1.          1.          1.
   1.          1.          1.          1.          1.          1.          1.
   1.          1.          1.          1.        ]
 [ 0.          0.          0.          0.          0.          0.          0.
   0.          0.          0.          0.          0.          0.          0.
   0.          0.          0.          0.        ]
 [ 0.          0.          0.          1.          1.          1.          1.
   1.          1.          1.          1.          1.          1.          1.
   1.          1.          1.          1.        ]
 [ 0.          0.          0.          1.          1.          1.          1.
   1.          1.          1.          1.          1.          1.          1.
   1.          1.          1.          1.        ]
 [ 0.          0.          0.          0.          0.          0.          0.
   0.          0.          0.          0.          0.          0.          0.
   0.          0.          0.          0.        ]
 [ 0.          0.          0.          0.          0.          0.          0.
   0.          0.          0.          0.          0.          0.          0.
   0.          0.          0.          0.        ]
 [ 0.          0.          0.          0.          0.          0.          0.
   0.          0.          0.          0.          0.          0.          0.
   0.          0.          0.          0.        ]]
