G:g1, model:SRN sigmoid, load all data and stored hidden activations


--------------------------------------------------------------------
Begin DFA extraction with n_state:2
Done fitting takes time: 0.0506
==Minimized===

This DFA has 1 states
States: ['1']
Alphabet: set(['1', '0'])
Starting state: 1
Accepting states: []
Transition function:
	1
1 	1
0 	1
Current state: 1
Currently accepting: False

Precision: 0.0000 Recall: 0.0000 Accuracy: 0.9763 F1: 0.0000


--------------------------------------------------------------------
Begin DFA extraction with n_state:3
Done fitting takes time: 0.0272
==Minimized===

This DFA has 1 states
States: ['1']
Alphabet: set(['1', '0'])
Starting state: 1
Accepting states: []
Transition function:
	1
1 	1
0 	1
Current state: 1
Currently accepting: False

Precision: 0.0000 Recall: 0.0000 Accuracy: 0.9763 F1: 0.0000


--------------------------------------------------------------------
Begin DFA extraction with n_state:4
Done fitting takes time: 0.0937
==Minimized===

This DFA has 1 states
States: ['1']
Alphabet: set(['1', '0'])
Starting state: 1
Accepting states: []
Transition function:
	1
1 	1
0 	1
Current state: 1
Currently accepting: False

Precision: 0.0000 Recall: 0.0000 Accuracy: 0.9763 F1: 0.0000


--------------------------------------------------------------------
Begin DFA extraction with n_state:5
Done fitting takes time: 0.0977
==Minimized===

This DFA has 3 states
States: ['2', '1', '5']
Alphabet: set(['1', '0'])
Starting state: 5
Accepting states: ['2']
Transition function:
	1	2	5
1 	1	2	2
0 	1	1	1
Current state: 5
Currently accepting: False

Precision: 1.0000 Recall: 1.0000 Accuracy: 1.0000 F1: 1.0000


--------------------------------------------------------------------
Begin DFA extraction with n_state:6
Done fitting takes time: 0.0322
==Minimized===

This DFA has 3 states
States: ['2', '1', '5']
Alphabet: set(['1', '0'])
Starting state: 5
Accepting states: ['2']
Transition function:
	1	2	5
1 	1	2	2
0 	1	1	1
Current state: 5
Currently accepting: False

Precision: 1.0000 Recall: 1.0000 Accuracy: 1.0000 F1: 1.0000


--------------------------------------------------------------------
Begin DFA extraction with n_state:7
Done fitting takes time: 0.0620
==Minimized===

This DFA has 3 states
States: ['2', '1', '5']
Alphabet: set(['1', '0'])
Starting state: 5
Accepting states: ['2']
Transition function:
	1	2	5
1 	1	2	2
0 	1	1	1
Current state: 5
Currently accepting: False

Precision: 1.0000 Recall: 1.0000 Accuracy: 1.0000 F1: 1.0000


--------------------------------------------------------------------
Begin DFA extraction with n_state:8
Done fitting takes time: 0.0833
==Minimized===

This DFA has 3 states
States: ['2', '1', '5']
Alphabet: set(['1', '0'])
Starting state: 5
Accepting states: ['2']
Transition function:
	1	2	5
1 	1	2	2
0 	1	1	1
Current state: 5
Currently accepting: False

Precision: 1.0000 Recall: 1.0000 Accuracy: 1.0000 F1: 1.0000


--------------------------------------------------------------------
Begin DFA extraction with n_state:9
Done fitting takes time: 0.0978
==Minimized===

This DFA has 3 states
States: ['2', '1', '5']
Alphabet: set(['1', '0'])
Starting state: 5
Accepting states: ['2']
Transition function:
	1	2	5
1 	1	2	2
0 	1	1	1
Current state: 5
Currently accepting: False

Precision: 1.0000 Recall: 1.0000 Accuracy: 1.0000 F1: 1.0000


--------------------------------------------------------------------
Begin DFA extraction with n_state:10
Done fitting takes time: 0.0371
==Minimized===

This DFA has 3 states
States: ['10', '1', '5']
Alphabet: set(['1', '0'])
Starting state: 5
Accepting states: ['10']
Transition function:
	1	10	5
1 	1	10	10
0 	1	1	1
Current state: 5
Currently accepting: False

Precision: 1.0000 Recall: 1.0000 Accuracy: 1.0000 F1: 1.0000


--------------------------------------------------------------------
Begin DFA extraction with n_state:11
Done fitting takes time: 0.0808
==Minimized===

This DFA has 3 states
States: ['10', '11', '5']
Alphabet: set(['1', '0'])
Starting state: 5
Accepting states: ['10']
Transition function:
	10	11	5
1 	10	11	10
0 	11	11	11
Current state: 5
Currently accepting: False

Precision: 1.0000 Recall: 1.0000 Accuracy: 1.0000 F1: 1.0000


--------------------------------------------------------------------
Begin DFA extraction with n_state:12
Done fitting takes time: 0.0831
==Minimized===

This DFA has 3 states
States: ['10', '11', '5']
Alphabet: set(['1', '0'])
Starting state: 5
Accepting states: ['10']
Transition function:
	10	11	5
1 	10	11	10
0 	11	11	11
Current state: 5
Currently accepting: False

Precision: 1.0000 Recall: 1.0000 Accuracy: 1.0000 F1: 1.0000


--------------------------------------------------------------------
Begin DFA extraction with n_state:13
Done fitting takes time: 0.1072
==Minimized===

This DFA has 3 states
States: ['10', '11', '5']
Alphabet: set(['1', '0'])
Starting state: 5
Accepting states: ['10']
Transition function:
	10	11	5
1 	10	11	10
0 	11	11	11
Current state: 5
Currently accepting: False

Precision: 1.0000 Recall: 1.0000 Accuracy: 1.0000 F1: 1.0000


--------------------------------------------------------------------
Begin DFA extraction with n_state:14
Done fitting takes time: 0.1050
==Minimized===

This DFA has 3 states
States: ['10', '11', '5']
Alphabet: set(['1', '0'])
Starting state: 5
Accepting states: ['10']
Transition function:
	10	11	5
1 	10	11	10
0 	11	11	11
Current state: 5
Currently accepting: False

Precision: 1.0000 Recall: 1.0000 Accuracy: 1.0000 F1: 1.0000


--------------------------------------------------------------------
Begin DFA extraction with n_state:15
Done fitting takes time: 0.0954
==Minimized===

This DFA has 3 states
States: ['10', '11', '5']
Alphabet: set(['1', '0'])
Starting state: 5
Accepting states: ['10']
Transition function:
	10	11	5
1 	10	11	10
0 	11	11	11
Current state: 5
Currently accepting: False

Precision: 1.0000 Recall: 1.0000 Accuracy: 1.0000 F1: 1.0000


--------------------------------------------------------------------
Begin DFA extraction with n_state:16
Done fitting takes time: 0.0461
==Minimized===

This DFA has 3 states
States: ['10', '11', '5']
Alphabet: set(['1', '0'])
Starting state: 5
Accepting states: ['10']
Transition function:
	10	11	5
1 	10	11	10
0 	11	11	11
Current state: 5
Currently accepting: False

Precision: 1.0000 Recall: 1.0000 Accuracy: 1.0000 F1: 1.0000


--------------------------------------------------------------------
Begin DFA extraction with n_state:17
Done fitting takes time: 0.0779
==Minimized===

This DFA has 3 states
States: ['10', '11', '5']
Alphabet: set(['1', '0'])
Starting state: 5
Accepting states: ['10']
Transition function:
	10	11	5
1 	10	11	10
0 	11	11	11
Current state: 5
Currently accepting: False

Precision: 1.0000 Recall: 1.0000 Accuracy: 1.0000 F1: 1.0000


--------------------------------------------------------------------
Begin DFA extraction with n_state:18
Done fitting takes time: 0.0528
==Minimized===

This DFA has 3 states
States: ['10', '11', '5']
Alphabet: set(['1', '0'])
Starting state: 5
Accepting states: ['10']
Transition function:
	10	11	5
1 	10	11	10
0 	11	11	11
Current state: 5
Currently accepting: False

Precision: 1.0000 Recall: 1.0000 Accuracy: 1.0000 F1: 1.0000


--------------------------------------------------------------------
Begin DFA extraction with n_state:19
Done fitting takes time: 0.0432
==Minimized===

This DFA has 3 states
States: ['10', '11', '5']
Alphabet: set(['1', '0'])
Starting state: 5
Accepting states: ['10']
Transition function:
	10	11	5
1 	10	11	10
0 	11	11	11
Current state: 5
Currently accepting: False

Precision: 1.0000 Recall: 1.0000 Accuracy: 1.0000 F1: 1.0000
[ 0.  0.  0.  1.  1.  1.  1.  1.  1.  1.  1.  1.  1.  1.  1.  1.  1.  1.]


[[ 0.  0.  0.  1.  1.  1.  1.  1.  1.  1.  1.  1.  1.  1.  1.  1.  1.  1.]
 [ 0.  0.  0.  0.  0.  0.  0.  0.  0.  0.  0.  0.  0.  0.  0.  0.  0.  0.]
 [ 0.  0.  0.  0.  0.  0.  0.  0.  0.  0.  0.  0.  0.  0.  0.  0.  0.  0.]
 [ 0.  0.  0.  0.  0.  0.  0.  0.  0.  0.  0.  0.  0.  0.  0.  0.  0.  0.]
 [ 0.  0.  0.  0.  0.  0.  0.  0.  0.  0.  0.  0.  0.  0.  0.  0.  0.  0.]
 [ 0.  0.  0.  0.  0.  0.  0.  0.  0.  0.  0.  0.  0.  0.  0.  0.  0.  0.]
 [ 0.  0.  0.  0.  0.  0.  0.  0.  0.  0.  0.  0.  0.  0.  0.  0.  0.  0.]
 [ 0.  0.  0.  0.  0.  0.  0.  0.  0.  0.  0.  0.  0.  0.  0.  0.  0.  0.]
 [ 0.  0.  0.  0.  0.  0.  0.  0.  0.  0.  0.  0.  0.  0.  0.  0.  0.  0.]]
