G:g1, model:SRN tanh, load all data and stored hidden activations


--------------------------------------------------------------------
Begin DFA extraction with n_state:2
Done fitting takes time: 0.0813
==Minimized===

This DFA has 1 states
States: ['2']
Alphabet: set(['1', '0'])
Starting state: 2
Accepting states: []
Transition function:
	2
1 	2
0 	2
Current state: 2
Currently accepting: False

Precision: 0.0000 Recall: 0.0000 Accuracy: 0.9763 F1: 0.0000


--------------------------------------------------------------------
Begin DFA extraction with n_state:3
Done fitting takes time: 0.0531
==Minimized===

This DFA has 1 states
States: ['2']
Alphabet: set(['1', '0'])
Starting state: 2
Accepting states: []
Transition function:
	2
1 	2
0 	2
Current state: 2
Currently accepting: False

Precision: 0.0000 Recall: 0.0000 Accuracy: 0.9763 F1: 0.0000


--------------------------------------------------------------------
Begin DFA extraction with n_state:4
Done fitting takes time: 0.0932
==Minimized===

This DFA has 2 states
States: ['3', '2']
Alphabet: set(['1', '0'])
Starting state: 2
Accepting states: ['3']
Transition function:
	2	3
1 	2	3
0 	3	2
Current state: 2
Currently accepting: False

Precision: 0.0000 Recall: 0.0000 Accuracy: 0.4655 F1: 0.0000


--------------------------------------------------------------------
Begin DFA extraction with n_state:5
Done fitting takes time: 0.1017
==Minimized===

This DFA has 1 states
States: ['2']
Alphabet: set(['1', '0'])
Starting state: 2
Accepting states: []
Transition function:
	2
1 	2
0 	2
Current state: 2
Currently accepting: False

Precision: 0.0000 Recall: 0.0000 Accuracy: 0.9763 F1: 0.0000


--------------------------------------------------------------------
Begin DFA extraction with n_state:6
Done fitting takes time: 0.0331
==Minimized===

This DFA has 1 states
States: ['2']
Alphabet: set(['1', '0'])
Starting state: 2
Accepting states: []
Transition function:
	2
1 	2
0 	2
Current state: 2
Currently accepting: False

Precision: 0.0000 Recall: 0.0000 Accuracy: 0.9763 F1: 0.0000


--------------------------------------------------------------------
Begin DFA extraction with n_state:7
Done fitting takes time: 0.0893
==Minimized===

This DFA has 1 states
States: ['1']
Alphabet: set(['1', '0'])
Starting state: 1
Accepting states: []
Transition function:
	1
1 	1
0 	1
Current state: 1
Currently accepting: False

Precision: 0.0000 Recall: 0.0000 Accuracy: 0.9763 F1: 0.0000


--------------------------------------------------------------------
Begin DFA extraction with n_state:8
Done fitting takes time: 0.0909
==Minimized===

This DFA has 1 states
States: ['1']
Alphabet: set(['1', '0'])
Starting state: 1
Accepting states: []
Transition function:
	1
1 	1
0 	1
Current state: 1
Currently accepting: False

Precision: 0.0000 Recall: 0.0000 Accuracy: 0.9763 F1: 0.0000


--------------------------------------------------------------------
Begin DFA extraction with n_state:9
Done fitting takes time: 0.0916
==Minimized===

This DFA has 1 states
States: ['1']
Alphabet: set(['1', '0'])
Starting state: 1
Accepting states: []
Transition function:
	1
1 	1
0 	1
Current state: 1
Currently accepting: False

Precision: 0.0000 Recall: 0.0000 Accuracy: 0.9763 F1: 0.0000


--------------------------------------------------------------------
Begin DFA extraction with n_state:10
Done fitting takes time: 0.0709
==Minimized===

This DFA has 1 states
States: ['2']
Alphabet: set(['1', '0'])
Starting state: 2
Accepting states: []
Transition function:
	2
1 	2
0 	2
Current state: 2
Currently accepting: False

Precision: 0.0000 Recall: 0.0000 Accuracy: 0.9763 F1: 0.0000


--------------------------------------------------------------------
Begin DFA extraction with n_state:11
Done fitting takes time: 0.1002
==Minimized===

This DFA has 1 states
States: ['11']
Alphabet: set(['1', '0'])
Starting state: 11
Accepting states: []
Transition function:
	11
1 	11
0 	11
Current state: 11
Currently accepting: False

Precision: 0.0000 Recall: 0.0000 Accuracy: 0.9763 F1: 0.0000


--------------------------------------------------------------------
Begin DFA extraction with n_state:12
Done fitting takes time: 0.0740
==Minimized===

This DFA has 1 states
States: ['11']
Alphabet: set(['1', '0'])
Starting state: 11
Accepting states: []
Transition function:
	11
1 	11
0 	11
Current state: 11
Currently accepting: False

Precision: 0.0000 Recall: 0.0000 Accuracy: 0.9763 F1: 0.0000


--------------------------------------------------------------------
Begin DFA extraction with n_state:13
Done fitting takes time: 0.0391
==Minimized===

This DFA has 1 states
States: ['11']
Alphabet: set(['1', '0'])
Starting state: 11
Accepting states: []
Transition function:
	11
1 	11
0 	11
Current state: 11
Currently accepting: False

Precision: 0.0000 Recall: 0.0000 Accuracy: 0.9763 F1: 0.0000


--------------------------------------------------------------------
Begin DFA extraction with n_state:14
Done fitting takes time: 0.0714
==Minimized===

This DFA has 1 states
States: ['11']
Alphabet: set(['1', '0'])
Starting state: 11
Accepting states: []
Transition function:
	11
1 	11
0 	11
Current state: 11
Currently accepting: False

Precision: 0.0000 Recall: 0.0000 Accuracy: 0.9763 F1: 0.0000


--------------------------------------------------------------------
Begin DFA extraction with n_state:15
Done fitting takes time: 0.1027
==Minimized===

This DFA has 4 states
States: ['3', '7', '11', '14']
Alphabet: set(['1', '0'])
Starting state: 14
Accepting states: ['3', '7']
Transition function:
	11	14	3	7
1 	11	7	11	3
0 	11	11	11	11
Current state: 14
Currently accepting: False

Precision: 1.0000 Recall: 0.1818 Accuracy: 0.9806 F1: 0.3077


--------------------------------------------------------------------
Begin DFA extraction with n_state:16
Done fitting takes time: 0.0398
==Minimized===

This DFA has 4 states
States: ['3', '7', '11', '14']
Alphabet: set(['1', '0'])
Starting state: 14
Accepting states: ['3', '7']
Transition function:
	11	14	3	7
1 	11	7	11	3
0 	11	11	11	11
Current state: 14
Currently accepting: False

Precision: 1.0000 Recall: 0.1818 Accuracy: 0.9806 F1: 0.3077


--------------------------------------------------------------------
Begin DFA extraction with n_state:17
Done fitting takes time: 0.0945
==Minimized===

This DFA has 4 states
States: ['3', '7', '11', '14']
Alphabet: set(['1', '0'])
Starting state: 14
Accepting states: ['3', '7']
Transition function:
	11	14	3	7
1 	11	7	11	3
0 	11	11	11	11
Current state: 14
Currently accepting: False

Precision: 1.0000 Recall: 0.1818 Accuracy: 0.9806 F1: 0.3077


--------------------------------------------------------------------
Begin DFA extraction with n_state:18
Done fitting takes time: 0.0471
==Minimized===

This DFA has 4 states
States: ['3', '7', '11', '14']
Alphabet: set(['1', '0'])
Starting state: 14
Accepting states: ['3', '7']
Transition function:
	11	14	3	7
1 	11	7	11	3
0 	11	11	11	11
Current state: 14
Currently accepting: False

Precision: 1.0000 Recall: 0.1818 Accuracy: 0.9806 F1: 0.3077


--------------------------------------------------------------------
Begin DFA extraction with n_state:19
Done fitting takes time: 0.0648
==Minimized===

This DFA has 4 states
States: ['3', '7', '11', '14']
Alphabet: set(['1', '0'])
Starting state: 14
Accepting states: ['3', '7']
Transition function:
	11	14	3	7
1 	11	7	11	3
0 	11	11	11	11
Current state: 14
Currently accepting: False

Precision: 1.0000 Recall: 0.1818 Accuracy: 0.9806 F1: 0.3077
[ 0.          0.          0.          0.          0.          0.          0.
  0.          0.          0.          0.          0.          0.
  0.30769231  0.30769231  0.30769231  0.30769231  0.30769231]


[[ 0.          0.          0.          0.          0.          0.          0.
   0.          1.          1.          1.          1.          1.          1.
   1.          1.          1.          1.        ]
 [ 0.          0.          0.          0.          0.          0.          0.
   0.          0.          0.          0.          0.          0.
   0.30769231  0.30769231  0.30769231  0.30769231  0.30769231]
 [ 0.          0.          0.          1.          1.          1.          1.
   1.          1.          1.          1.          1.          1.          1.
   1.          1.          1.          1.        ]
 [ 0.          0.          0.          0.          0.          1.          1.
   1.          1.          1.          1.          1.          1.          1.
   1.          1.          1.          1.        ]
 [ 0.          0.          0.          0.          0.          0.          0.
   0.          0.          0.          0.          0.          1.          1.
   1.          1.          1.          1.        ]
 [ 0.          0.          0.          0.          0.          0.          0.
   0.          0.          0.          0.          0.          0.          0.
   0.          0.          0.          0.        ]
 [ 0.          0.          0.          0.          0.          0.          0.
   0.          1.          0.          1.          1.          1.          1.
   1.          1.          1.          1.        ]]
