G:g1, model:UNI tanh, load all data and stored hidden activations


--------------------------------------------------------------------
Begin DFA extraction with n_state:2
Done fitting takes time: 0.0379
==Minimized===

This DFA has 1 states
States: ['1']
Alphabet: set(['1', '0'])
Starting state: 1
Accepting states: []
Transition function:
	1
1 	1
0 	1
Current state: 1
Currently accepting: False

Precision: 0.0000 Recall: 0.0000 Accuracy: 0.9763 F1: 0.0000


--------------------------------------------------------------------
Begin DFA extraction with n_state:3
Done fitting takes time: 0.0490
==Minimized===

This DFA has 1 states
States: ['1']
Alphabet: set(['1', '0'])
Starting state: 1
Accepting states: []
Transition function:
	1
1 	1
0 	1
Current state: 1
Currently accepting: False

Precision: 0.0000 Recall: 0.0000 Accuracy: 0.9763 F1: 0.0000


--------------------------------------------------------------------
Begin DFA extraction with n_state:4
Done fitting takes time: 0.0681
==Minimized===

This DFA has 1 states
States: ['1']
Alphabet: set(['1', '0'])
Starting state: 1
Accepting states: []
Transition function:
	1
1 	1
0 	1
Current state: 1
Currently accepting: False

Precision: 0.0000 Recall: 0.0000 Accuracy: 0.9763 F1: 0.0000


--------------------------------------------------------------------
Begin DFA extraction with n_state:5
Done fitting takes time: 0.0336
==Minimized===

This DFA has 3 states
States: ['2', '1', '3']
Alphabet: set(['1', '0'])
Starting state: 3
Accepting states: ['2']
Transition function:
	1	2	3
1 	1	2	2
0 	1	1	1
Current state: 3
Currently accepting: False

Precision: 1.0000 Recall: 1.0000 Accuracy: 1.0000 F1: 1.0000


--------------------------------------------------------------------
Begin DFA extraction with n_state:6
Done fitting takes time: 0.0885
==Minimized===

This DFA has 3 states
States: ['2', '1', '3']
Alphabet: set(['1', '0'])
Starting state: 3
Accepting states: ['2']
Transition function:
	1	2	3
1 	1	2	2
0 	1	1	1
Current state: 3
Currently accepting: False

Precision: 1.0000 Recall: 1.0000 Accuracy: 1.0000 F1: 1.0000


--------------------------------------------------------------------
Begin DFA extraction with n_state:7
Done fitting takes time: 0.0738
==Minimized===

This DFA has 3 states
States: ['2', '1', '3']
Alphabet: set(['1', '0'])
Starting state: 3
Accepting states: ['2']
Transition function:
	1	2	3
1 	1	2	2
0 	1	1	1
Current state: 3
Currently accepting: False

Precision: 1.0000 Recall: 1.0000 Accuracy: 1.0000 F1: 1.0000


--------------------------------------------------------------------
Begin DFA extraction with n_state:8
Done fitting takes time: 0.0884
==Minimized===

This DFA has 3 states
States: ['2', '1', '3']
Alphabet: set(['1', '0'])
Starting state: 3
Accepting states: ['2']
Transition function:
	1	2	3
1 	1	2	2
0 	1	1	1
Current state: 3
Currently accepting: False

Precision: 1.0000 Recall: 1.0000 Accuracy: 1.0000 F1: 1.0000


--------------------------------------------------------------------
Begin DFA extraction with n_state:9
Done fitting takes time: 0.0340
==Minimized===

This DFA has 3 states
States: ['2', '1', '3']
Alphabet: set(['1', '0'])
Starting state: 3
Accepting states: ['2']
Transition function:
	1	2	3
1 	1	2	2
0 	1	1	1
Current state: 3
Currently accepting: False

Precision: 1.0000 Recall: 1.0000 Accuracy: 1.0000 F1: 1.0000


--------------------------------------------------------------------
Begin DFA extraction with n_state:10
Done fitting takes time: 0.0353
==Minimized===

This DFA has 3 states
States: ['2', '10', '3']
Alphabet: set(['1', '0'])
Starting state: 3
Accepting states: ['2']
Transition function:
	10	2	3
1 	10	2	2
0 	10	10	10
Current state: 3
Currently accepting: False

Precision: 1.0000 Recall: 1.0000 Accuracy: 1.0000 F1: 1.0000


--------------------------------------------------------------------
Begin DFA extraction with n_state:11
Done fitting takes time: 0.0572
==Minimized===

This DFA has 3 states
States: ['2', '11', '3']
Alphabet: set(['1', '0'])
Starting state: 3
Accepting states: ['2']
Transition function:
	11	2	3
1 	11	2	2
0 	11	11	11
Current state: 3
Currently accepting: False

Precision: 1.0000 Recall: 1.0000 Accuracy: 1.0000 F1: 1.0000


--------------------------------------------------------------------
Begin DFA extraction with n_state:12
Done fitting takes time: 0.0497
==Minimized===

This DFA has 3 states
States: ['2', '11', '3']
Alphabet: set(['1', '0'])
Starting state: 3
Accepting states: ['2']
Transition function:
	11	2	3
1 	11	2	2
0 	11	11	11
Current state: 3
Currently accepting: False

Precision: 1.0000 Recall: 1.0000 Accuracy: 1.0000 F1: 1.0000


--------------------------------------------------------------------
Begin DFA extraction with n_state:13
Done fitting takes time: 0.0430
==Minimized===

This DFA has 3 states
States: ['2', '11', '3']
Alphabet: set(['1', '0'])
Starting state: 3
Accepting states: ['2']
Transition function:
	11	2	3
1 	11	2	2
0 	11	11	11
Current state: 3
Currently accepting: False

Precision: 1.0000 Recall: 1.0000 Accuracy: 1.0000 F1: 1.0000


--------------------------------------------------------------------
Begin DFA extraction with n_state:14
Done fitting takes time: 0.0551
==Minimized===

This DFA has 3 states
States: ['2', '11', '3']
Alphabet: set(['1', '0'])
Starting state: 3
Accepting states: ['2']
Transition function:
	11	2	3
1 	11	2	2
0 	11	11	11
Current state: 3
Currently accepting: False

Precision: 1.0000 Recall: 1.0000 Accuracy: 1.0000 F1: 1.0000


--------------------------------------------------------------------
Begin DFA extraction with n_state:15
Done fitting takes time: 0.0452
==Minimized===

This DFA has 3 states
States: ['2', '11', '3']
Alphabet: set(['1', '0'])
Starting state: 3
Accepting states: ['2']
Transition function:
	11	2	3
1 	11	2	2
0 	11	11	11
Current state: 3
Currently accepting: False

Precision: 1.0000 Recall: 1.0000 Accuracy: 1.0000 F1: 1.0000


--------------------------------------------------------------------
Begin DFA extraction with n_state:16
Done fitting takes time: 0.1632
==Minimized===

This DFA has 3 states
States: ['2', '11', '3']
Alphabet: set(['1', '0'])
Starting state: 3
Accepting states: ['2']
Transition function:
	11	2	3
1 	11	2	2
0 	11	11	11
Current state: 3
Currently accepting: False

Precision: 1.0000 Recall: 1.0000 Accuracy: 1.0000 F1: 1.0000


--------------------------------------------------------------------
Begin DFA extraction with n_state:17
Done fitting takes time: 0.0507
==Minimized===

This DFA has 3 states
States: ['2', '11', '3']
Alphabet: set(['1', '0'])
Starting state: 3
Accepting states: ['2']
Transition function:
	11	2	3
1 	11	2	2
0 	11	11	11
Current state: 3
Currently accepting: False

Precision: 1.0000 Recall: 1.0000 Accuracy: 1.0000 F1: 1.0000


--------------------------------------------------------------------
Begin DFA extraction with n_state:18
Done fitting takes time: 0.0478
==Minimized===

This DFA has 3 states
States: ['2', '11', '3']
Alphabet: set(['1', '0'])
Starting state: 3
Accepting states: ['2']
Transition function:
	11	2	3
1 	11	2	2
0 	11	11	11
Current state: 3
Currently accepting: False

Precision: 1.0000 Recall: 1.0000 Accuracy: 1.0000 F1: 1.0000


--------------------------------------------------------------------
Begin DFA extraction with n_state:19
Done fitting takes time: 0.1230
==Minimized===

This DFA has 3 states
States: ['2', '11', '3']
Alphabet: set(['1', '0'])
Starting state: 3
Accepting states: ['2']
Transition function:
	11	2	3
1 	11	2	2
0 	11	11	11
Current state: 3
Currently accepting: False

Precision: 1.0000 Recall: 1.0000 Accuracy: 1.0000 F1: 1.0000
[ 0.  0.  0.  1.  1.  1.  1.  1.  1.  1.  1.  1.  1.  1.  1.  1.  1.  1.]


[[ 0.          0.          0.          0.          1.          0.          1.
   1.          1.          1.          1.          1.          1.          1.
   1.          1.          1.          1.        ]
 [ 0.          0.          0.          0.          0.          0.          0.
   1.          0.          0.          0.          0.          0.          0.
   0.          0.          0.          0.        ]
 [ 0.          0.          0.          0.          0.          0.          0.
   0.          0.          0.          0.          0.          0.          0.
   0.          0.          0.          0.        ]
 [ 0.          0.          0.          0.          0.          0.          0.
   0.          0.          0.          0.          0.          0.          0.
   0.          0.          0.          0.        ]
 [ 0.08730159  0.          0.          1.          1.          1.          1.
   1.          1.          1.          1.          1.          1.          1.
   1.          1.          1.          1.        ]
 [ 0.          0.          0.          1.          1.          1.          1.
   1.          1.          1.          1.          1.          1.          1.
   1.          1.          1.          1.        ]
 [ 0.          0.          0.          0.          0.          0.          0.
   0.          0.          0.          0.          0.          0.          0.
   0.          0.          0.          0.        ]
 [ 0.          0.          0.          0.          0.          0.          0.
   0.          0.          0.          0.          0.          0.          0.
   0.          0.          0.          0.        ]
 [ 0.          0.          0.          0.          0.          0.          0.
   0.          0.          0.          0.          0.          0.          0.
   0.          0.          0.          0.        ]]
