G:g1, model:UNI tanh, load all data and stored hidden activations


--------------------------------------------------------------------
Begin DFA extraction with n_state:2
Done fitting takes time: 0.0300
==Minimized===

This DFA has 2 states
States: ['2', '1']
Alphabet: set(['1', '0'])
Starting state: 1
Accepting states: ['2']
Transition function:
	1	2
1 	1	1
0 	2	2
Current state: 1
Currently accepting: False

Precision: 0.0000 Recall: 0.0000 Accuracy: 0.4957 F1: 0.0000


--------------------------------------------------------------------
Begin DFA extraction with n_state:3
Done fitting takes time: 0.0291
==Minimized===

This DFA has 1 states
States: ['1']
Alphabet: set(['1', '0'])
Starting state: 1
Accepting states: []
Transition function:
	1
1 	1
0 	1
Current state: 1
Currently accepting: False

Precision: 0.0000 Recall: 0.0000 Accuracy: 0.9763 F1: 0.0000


--------------------------------------------------------------------
Begin DFA extraction with n_state:4
Done fitting takes time: 0.0476
==Minimized===

This DFA has 3 states
States: ['3', '1', '4']
Alphabet: set(['1', '0'])
Starting state: 4
Accepting states: ['3']
Transition function:
	1	3	4
1 	1	3	3
0 	1	1	1
Current state: 4
Currently accepting: False

Precision: 1.0000 Recall: 1.0000 Accuracy: 1.0000 F1: 1.0000


--------------------------------------------------------------------
Begin DFA extraction with n_state:5
Done fitting takes time: 0.0559
==Minimized===

This DFA has 3 states
States: ['3', '1', '4']
Alphabet: set(['1', '0'])
Starting state: 4
Accepting states: ['3']
Transition function:
	1	3	4
1 	1	3	3
0 	1	1	1
Current state: 4
Currently accepting: False

Precision: 1.0000 Recall: 1.0000 Accuracy: 1.0000 F1: 1.0000


--------------------------------------------------------------------
Begin DFA extraction with n_state:6
Done fitting takes time: 0.0319
==Minimized===

This DFA has 3 states
States: ['3', '1', '4']
Alphabet: set(['1', '0'])
Starting state: 4
Accepting states: ['3']
Transition function:
	1	3	4
1 	1	3	3
0 	1	1	1
Current state: 4
Currently accepting: False

Precision: 1.0000 Recall: 1.0000 Accuracy: 1.0000 F1: 1.0000


--------------------------------------------------------------------
Begin DFA extraction with n_state:7
Done fitting takes time: 0.0404
==Minimized===

This DFA has 3 states
States: ['3', '1', '4']
Alphabet: set(['1', '0'])
Starting state: 4
Accepting states: ['3']
Transition function:
	1	3	4
1 	1	3	3
0 	1	1	1
Current state: 4
Currently accepting: False

Precision: 1.0000 Recall: 1.0000 Accuracy: 1.0000 F1: 1.0000


--------------------------------------------------------------------
Begin DFA extraction with n_state:8
Done fitting takes time: 0.0738
==Minimized===

This DFA has 3 states
States: ['3', '1', '4']
Alphabet: set(['1', '0'])
Starting state: 4
Accepting states: ['3']
Transition function:
	1	3	4
1 	1	3	3
0 	1	1	1
Current state: 4
Currently accepting: False

Precision: 1.0000 Recall: 1.0000 Accuracy: 1.0000 F1: 1.0000


--------------------------------------------------------------------
Begin DFA extraction with n_state:9
Done fitting takes time: 0.0441
==Minimized===

This DFA has 3 states
States: ['3', '1', '4']
Alphabet: set(['1', '0'])
Starting state: 4
Accepting states: ['3']
Transition function:
	1	3	4
1 	1	3	3
0 	1	1	1
Current state: 4
Currently accepting: False

Precision: 1.0000 Recall: 1.0000 Accuracy: 1.0000 F1: 1.0000


--------------------------------------------------------------------
Begin DFA extraction with n_state:10
Done fitting takes time: 0.0349
==Minimized===

This DFA has 3 states
States: ['3', '1', '4']
Alphabet: set(['1', '0'])
Starting state: 4
Accepting states: ['3']
Transition function:
	1	3	4
1 	1	3	3
0 	1	1	1
Current state: 4
Currently accepting: False

Precision: 1.0000 Recall: 1.0000 Accuracy: 1.0000 F1: 1.0000


--------------------------------------------------------------------
Begin DFA extraction with n_state:11
Done fitting takes time: 0.0650
==Minimized===

This DFA has 3 states
States: ['11', '10', '4']
Alphabet: set(['1', '0'])
Starting state: 4
Accepting states: ['11']
Transition function:
	10	11	4
1 	10	11	11
0 	10	10	10
Current state: 4
Currently accepting: False

Precision: 1.0000 Recall: 1.0000 Accuracy: 1.0000 F1: 1.0000


--------------------------------------------------------------------
Begin DFA extraction with n_state:12
Done fitting takes time: 0.0879
==Minimized===

This DFA has 3 states
States: ['11', '10', '4']
Alphabet: set(['1', '0'])
Starting state: 4
Accepting states: ['11']
Transition function:
	10	11	4
1 	10	11	11
0 	10	10	10
Current state: 4
Currently accepting: False

Precision: 1.0000 Recall: 1.0000 Accuracy: 1.0000 F1: 1.0000


--------------------------------------------------------------------
Begin DFA extraction with n_state:13
Done fitting takes time: 0.0393
==Minimized===

This DFA has 3 states
States: ['11', '12', '4']
Alphabet: set(['1', '0'])
Starting state: 4
Accepting states: ['11']
Transition function:
	11	12	4
1 	11	12	11
0 	12	12	12
Current state: 4
Currently accepting: False

Precision: 1.0000 Recall: 1.0000 Accuracy: 1.0000 F1: 1.0000


--------------------------------------------------------------------
Begin DFA extraction with n_state:14
Done fitting takes time: 0.0377
==Minimized===

This DFA has 3 states
States: ['11', '12', '4']
Alphabet: set(['1', '0'])
Starting state: 4
Accepting states: ['11']
Transition function:
	11	12	4
1 	11	12	11
0 	12	12	12
Current state: 4
Currently accepting: False

Precision: 1.0000 Recall: 1.0000 Accuracy: 1.0000 F1: 1.0000


--------------------------------------------------------------------
Begin DFA extraction with n_state:15
Done fitting takes time: 0.0388
==Minimized===

This DFA has 3 states
States: ['11', '10', '4']
Alphabet: set(['1', '0'])
Starting state: 4
Accepting states: ['11']
Transition function:
	10	11	4
1 	10	11	11
0 	10	10	10
Current state: 4
Currently accepting: False

Precision: 1.0000 Recall: 1.0000 Accuracy: 1.0000 F1: 1.0000


--------------------------------------------------------------------
Begin DFA extraction with n_state:16
Done fitting takes time: 0.0456
==Minimized===

This DFA has 3 states
States: ['11', '13', '12']
Alphabet: set(['1', '0'])
Starting state: 13
Accepting states: ['11']
Transition function:
	11	12	13
1 	11	12	11
0 	12	12	12
Current state: 13
Currently accepting: False

Precision: 1.0000 Recall: 1.0000 Accuracy: 1.0000 F1: 1.0000


--------------------------------------------------------------------
Begin DFA extraction with n_state:17
Done fitting takes time: 0.0387
==Minimized===

This DFA has 3 states
States: ['11', '12', '4']
Alphabet: set(['1', '0'])
Starting state: 4
Accepting states: ['11']
Transition function:
	11	12	4
1 	11	12	11
0 	12	12	12
Current state: 4
Currently accepting: False

Precision: 1.0000 Recall: 1.0000 Accuracy: 1.0000 F1: 1.0000


--------------------------------------------------------------------
Begin DFA extraction with n_state:18
Done fitting takes time: 0.0395
==Minimized===

This DFA has 3 states
States: ['11', '10', '4']
Alphabet: set(['1', '0'])
Starting state: 4
Accepting states: ['11']
Transition function:
	10	11	4
1 	10	11	11
0 	10	10	10
Current state: 4
Currently accepting: False

Precision: 1.0000 Recall: 1.0000 Accuracy: 1.0000 F1: 1.0000


--------------------------------------------------------------------
Begin DFA extraction with n_state:19
Done fitting takes time: 0.0417
==Minimized===

This DFA has 3 states
States: ['11', '10', '4']
Alphabet: set(['1', '0'])
Starting state: 4
Accepting states: ['11']
Transition function:
	10	11	4
1 	10	11	11
0 	10	10	10
Current state: 4
Currently accepting: False

Precision: 1.0000 Recall: 1.0000 Accuracy: 1.0000 F1: 1.0000
[ 0.  0.  1.  1.  1.  1.  1.  1.  1.  1.  1.  1.  1.  1.  1.  1.  1.  1.]


[[ 0.          0.          0.          0.          0.          0.          0.
   1.          1.          1.          1.          1.          1.          1.
   1.          1.          1.          1.        ]
 [ 0.          0.          0.          0.          0.          0.          0.
   0.          0.          0.          0.          0.          0.          0.
   0.16666667  0.          0.          0.16666667]
 [ 0.          0.          0.          0.          0.          0.          0.
   0.          0.          0.          0.          0.          0.          0.
   0.          0.          0.          0.        ]
 [ 0.          0.          0.          0.          0.          0.          0.
   0.          0.          0.          0.          0.          0.          0.
   0.          0.          0.          0.        ]
 [ 0.          0.          0.          1.          1.          1.          1.
   1.          1.          1.          1.          1.          1.          1.
   1.          1.          1.          1.        ]
 [ 0.          0.          1.          1.          1.          1.          1.
   1.          1.          1.          1.          1.          1.          1.
   1.          1.          1.          1.        ]
 [ 0.          0.          0.          0.          0.          0.          0.
   0.          0.          0.          0.          0.          0.          0.
   0.          0.          0.          0.        ]
 [ 0.          0.          0.          0.          0.          0.          0.
   0.          0.          0.          0.          0.          0.          0.
   0.          0.          0.          0.        ]
 [ 0.          0.          0.          0.          0.          0.          0.
   0.          0.          0.          0.          0.          0.          0.
   0.          0.          0.          0.        ]]
