G:g1, model:SRN tanh, load all data and stored hidden activations


--------------------------------------------------------------------
Begin DFA extraction with n_state:2
Done fitting takes time: 0.1046
==Minimized===

This DFA has 1 states
States: ['1']
Alphabet: set(['1', '0'])
Starting state: 1
Accepting states: []
Transition function:
	1
1 	1
0 	1
Current state: 1
Currently accepting: False

Precision: 0.0000 Recall: 0.0000 Accuracy: 0.9763 F1: 0.0000


--------------------------------------------------------------------
Begin DFA extraction with n_state:3
Done fitting takes time: 0.0503
==Minimized===

This DFA has 1 states
States: ['1']
Alphabet: set(['1', '0'])
Starting state: 1
Accepting states: []
Transition function:
	1
1 	1
0 	1
Current state: 1
Currently accepting: False

Precision: 0.0000 Recall: 0.0000 Accuracy: 0.9763 F1: 0.0000


--------------------------------------------------------------------
Begin DFA extraction with n_state:4
Done fitting takes time: 0.1280
==Minimized===

This DFA has 1 states
States: ['1']
Alphabet: set(['1', '0'])
Starting state: 1
Accepting states: []
Transition function:
	1
1 	1
0 	1
Current state: 1
Currently accepting: False

Precision: 0.0000 Recall: 0.0000 Accuracy: 0.9763 F1: 0.0000


--------------------------------------------------------------------
Begin DFA extraction with n_state:5
Done fitting takes time: 0.1890
==Minimized===

This DFA has 1 states
States: ['5']
Alphabet: set(['1', '0'])
Starting state: 5
Accepting states: []
Transition function:
	5
1 	5
0 	5
Current state: 5
Currently accepting: False

Precision: 0.0000 Recall: 0.0000 Accuracy: 0.9763 F1: 0.0000


--------------------------------------------------------------------
Begin DFA extraction with n_state:6
Done fitting takes time: 0.0532
==Minimized===

This DFA has 1 states
States: ['1']
Alphabet: set(['1', '0'])
Starting state: 1
Accepting states: []
Transition function:
	1
1 	1
0 	1
Current state: 1
Currently accepting: False

Precision: 0.0000 Recall: 0.0000 Accuracy: 0.9763 F1: 0.0000


--------------------------------------------------------------------
Begin DFA extraction with n_state:7
Done fitting takes time: 0.0424
==Minimized===

This DFA has 1 states
States: ['1']
Alphabet: set(['1', '0'])
Starting state: 1
Accepting states: []
Transition function:
	1
1 	1
0 	1
Current state: 1
Currently accepting: False

Precision: 0.0000 Recall: 0.0000 Accuracy: 0.9763 F1: 0.0000


--------------------------------------------------------------------
Begin DFA extraction with n_state:8
Done fitting takes time: 0.0761
==Minimized===

This DFA has 1 states
States: ['5']
Alphabet: set(['1', '0'])
Starting state: 5
Accepting states: []
Transition function:
	5
1 	5
0 	5
Current state: 5
Currently accepting: False

Precision: 0.0000 Recall: 0.0000 Accuracy: 0.9763 F1: 0.0000


--------------------------------------------------------------------
Begin DFA extraction with n_state:9
Done fitting takes time: 0.0593
==Minimized===

This DFA has 4 states
States: ['9', '5', '3', '4']
Alphabet: set(['1', '0'])
Starting state: 5
Accepting states: ['9']
Transition function:
	3	4	5	9
1 	3	5	9	3
0 	4	5	4	3
Current state: 5
Currently accepting: False

Precision: 0.0161 Recall: 0.0909 Accuracy: 0.8470 F1: 0.0274


--------------------------------------------------------------------
Begin DFA extraction with n_state:10
Done fitting takes time: 0.0662
==Minimized===

This DFA has 5 states
States: ['9', '5', '7', '10', '3']
Alphabet: set(['1', '0'])
Starting state: 5
Accepting states: ['9']
Transition function:
	10	3	5	7	9
1 	10	3	9	5	3
0 	10	7	10	5	3
Current state: 5
Currently accepting: False

Precision: 0.1000 Recall: 0.0909 Accuracy: 0.9591 F1: 0.0952


--------------------------------------------------------------------
Begin DFA extraction with n_state:11
Done fitting takes time: 0.0932
==Minimized===

This DFA has 7 states
States: ['9', '6', '7', '10', '4', '3', '5']
Alphabet: set(['1', '0'])
Starting state: 5
Accepting states: ['9', '6']
Transition function:
	10	3	4	5	6	7	9
1 	7	6	10	9	6	5	3
0 	7	7	10	4	3	5	3
Current state: 5
Currently accepting: False

Precision: 0.0741 Recall: 0.9091 Accuracy: 0.7284 F1: 0.1370


--------------------------------------------------------------------
Begin DFA extraction with n_state:12
Done fitting takes time: 0.1674
==Minimized===

This DFA has 3 states
States: ['9', '11', '5']
Alphabet: set(['1', '0'])
Starting state: 5
Accepting states: ['9']
Transition function:
	11	5	9
1 	11	9	11
0 	11	11	11
Current state: 5
Currently accepting: False

Precision: 1.0000 Recall: 0.0909 Accuracy: 0.9784 F1: 0.1667


--------------------------------------------------------------------
Begin DFA extraction with n_state:13
Done fitting takes time: 0.1313
==Minimized===

This DFA has 3 states
States: ['9', '11', '5']
Alphabet: set(['1', '0'])
Starting state: 5
Accepting states: ['9']
Transition function:
	11	5	9
1 	11	9	9
0 	11	11	11
Current state: 5
Currently accepting: False

Precision: 1.0000 Recall: 1.0000 Accuracy: 1.0000 F1: 1.0000


--------------------------------------------------------------------
Begin DFA extraction with n_state:14
Done fitting takes time: 0.1152
==Minimized===

This DFA has 3 states
States: ['9', '11', '5']
Alphabet: set(['1', '0'])
Starting state: 5
Accepting states: ['9']
Transition function:
	11	5	9
1 	11	9	9
0 	11	11	11
Current state: 5
Currently accepting: False

Precision: 1.0000 Recall: 1.0000 Accuracy: 1.0000 F1: 1.0000


--------------------------------------------------------------------
Begin DFA extraction with n_state:15
Done fitting takes time: 0.1436
==Minimized===

This DFA has 3 states
States: ['9', '10', '5']
Alphabet: set(['1', '0'])
Starting state: 5
Accepting states: ['9']
Transition function:
	10	5	9
1 	10	9	9
0 	10	10	10
Current state: 5
Currently accepting: False

Precision: 1.0000 Recall: 1.0000 Accuracy: 1.0000 F1: 1.0000


--------------------------------------------------------------------
Begin DFA extraction with n_state:16
Done fitting takes time: 0.1720
==Minimized===

This DFA has 3 states
States: ['9', '10', '5']
Alphabet: set(['1', '0'])
Starting state: 5
Accepting states: ['9']
Transition function:
	10	5	9
1 	10	9	9
0 	10	10	10
Current state: 5
Currently accepting: False

Precision: 1.0000 Recall: 1.0000 Accuracy: 1.0000 F1: 1.0000


--------------------------------------------------------------------
Begin DFA extraction with n_state:17
Done fitting takes time: 0.1448
==Minimized===

This DFA has 3 states
States: ['9', '11', '5']
Alphabet: set(['1', '0'])
Starting state: 5
Accepting states: ['9']
Transition function:
	11	5	9
1 	11	9	9
0 	11	11	11
Current state: 5
Currently accepting: False

Precision: 1.0000 Recall: 1.0000 Accuracy: 1.0000 F1: 1.0000


--------------------------------------------------------------------
Begin DFA extraction with n_state:18
Done fitting takes time: 0.0995
==Minimized===

This DFA has 3 states
States: ['9', '11', '5']
Alphabet: set(['1', '0'])
Starting state: 5
Accepting states: ['9']
Transition function:
	11	5	9
1 	11	9	9
0 	11	11	11
Current state: 5
Currently accepting: False

Precision: 1.0000 Recall: 1.0000 Accuracy: 1.0000 F1: 1.0000


--------------------------------------------------------------------
Begin DFA extraction with n_state:19
Done fitting takes time: 0.0530
==Minimized===

This DFA has 3 states
States: ['9', '11', '5']
Alphabet: set(['1', '0'])
Starting state: 5
Accepting states: ['9']
Transition function:
	11	5	9
1 	11	9	9
0 	11	11	11
Current state: 5
Currently accepting: False

Precision: 1.0000 Recall: 1.0000 Accuracy: 1.0000 F1: 1.0000
[ 0.          0.          0.          0.          0.          0.          0.
  0.02739726  0.0952381   0.1369863   0.16666667  1.          1.          1.
  1.          1.          1.          1.        ]


[[ 0.          0.          0.          0.          0.          1.          1.
   1.          1.          1.          1.          1.          1.          1.
   1.          1.          1.          1.        ]
 [ 0.          0.          0.          0.          0.          0.          0.
   0.02739726  0.0952381   0.1369863   0.16666667  1.          1.          1.
   1.          1.          1.          1.        ]
 [ 0.          0.          0.          0.          0.          0.          0.
   0.          0.          0.          0.          0.          0.          0.
   0.          0.          0.          0.        ]
 [ 0.          0.          0.          0.          0.          0.          0.
   0.          0.          0.          0.          0.          0.          0.
   0.          0.          0.          0.        ]
 [ 0.          0.          0.          0.          0.          0.          0.
   0.          0.          0.          0.          0.          0.          0.
   0.          0.          0.          0.        ]
 [ 0.          0.          0.          0.          0.          0.          0.
   0.          0.          0.          0.          0.          0.          0.
   0.          0.          0.          0.        ]
 [ 0.          0.          0.          0.          0.          0.          0.
   0.          0.          0.          0.          0.          0.          0.
   0.          0.          0.          0.        ]
 [ 0.          0.          0.          0.          0.          0.          0.
   0.          0.          0.          0.          0.          0.          0.
   0.          0.          0.          0.        ]
 [ 0.          0.          0.          0.          0.          0.          0.
   0.          0.          0.          0.          0.          0.          0.
   0.          0.          0.          0.        ]]
