G:g1, model:O2 sigmoid, load all data and stored hidden activations


--------------------------------------------------------------------
Begin DFA extraction with n_state:2
Done fitting takes time: 0.0350
==Minimized===

This DFA has 2 states
States: ['1', '2']
Alphabet: set(['1', '0'])
Starting state: 1
Accepting states: ['1']
Transition function:
	1	2
1 	1	1
0 	2	2
Current state: 1
Currently accepting: True

Precision: 0.0456 Recall: 1.0000 Accuracy: 0.5043 F1: 0.0873


--------------------------------------------------------------------
Begin DFA extraction with n_state:3
Done fitting takes time: 0.1092
==Minimized===

This DFA has 1 states
States: ['1']
Alphabet: set(['1', '0'])
Starting state: 1
Accepting states: []
Transition function:
	1
1 	1
0 	1
Current state: 1
Currently accepting: False

Precision: 0.0000 Recall: 0.0000 Accuracy: 0.9763 F1: 0.0000


--------------------------------------------------------------------
Begin DFA extraction with n_state:4
Done fitting takes time: 0.0530
==Minimized===

This DFA has 1 states
States: ['1']
Alphabet: set(['1', '0'])
Starting state: 1
Accepting states: []
Transition function:
	1
1 	1
0 	1
Current state: 1
Currently accepting: False

Precision: 0.0000 Recall: 0.0000 Accuracy: 0.9763 F1: 0.0000


--------------------------------------------------------------------
Begin DFA extraction with n_state:5
Done fitting takes time: 0.0719
==Minimized===

This DFA has 3 states
States: ['4', '1', '5']
Alphabet: set(['1', '0'])
Starting state: 5
Accepting states: ['4']
Transition function:
	1	4	5
1 	1	4	4
0 	1	1	1
Current state: 5
Currently accepting: False

Precision: 1.0000 Recall: 1.0000 Accuracy: 1.0000 F1: 1.0000


--------------------------------------------------------------------
Begin DFA extraction with n_state:6
Done fitting takes time: 0.0589
==Minimized===

This DFA has 3 states
States: ['4', '1', '5']
Alphabet: set(['1', '0'])
Starting state: 5
Accepting states: ['4']
Transition function:
	1	4	5
1 	1	4	4
0 	1	1	1
Current state: 5
Currently accepting: False

Precision: 1.0000 Recall: 1.0000 Accuracy: 1.0000 F1: 1.0000


--------------------------------------------------------------------
Begin DFA extraction with n_state:7
Done fitting takes time: 0.0539
==Minimized===

This DFA has 3 states
States: ['4', '1', '5']
Alphabet: set(['1', '0'])
Starting state: 5
Accepting states: ['4']
Transition function:
	1	4	5
1 	1	4	4
0 	1	1	1
Current state: 5
Currently accepting: False

Precision: 1.0000 Recall: 1.0000 Accuracy: 1.0000 F1: 1.0000


--------------------------------------------------------------------
Begin DFA extraction with n_state:8
Done fitting takes time: 0.0327
==Minimized===

This DFA has 3 states
States: ['4', '1', '5']
Alphabet: set(['1', '0'])
Starting state: 5
Accepting states: ['4']
Transition function:
	1	4	5
1 	1	4	4
0 	1	1	1
Current state: 5
Currently accepting: False

Precision: 1.0000 Recall: 1.0000 Accuracy: 1.0000 F1: 1.0000


--------------------------------------------------------------------
Begin DFA extraction with n_state:9
Done fitting takes time: 0.0395
==Minimized===

This DFA has 3 states
States: ['4', '1', '5']
Alphabet: set(['1', '0'])
Starting state: 5
Accepting states: ['4']
Transition function:
	1	4	5
1 	1	4	4
0 	1	1	1
Current state: 5
Currently accepting: False

Precision: 1.0000 Recall: 1.0000 Accuracy: 1.0000 F1: 1.0000


--------------------------------------------------------------------
Begin DFA extraction with n_state:10
Done fitting takes time: 0.0549
==Minimized===

This DFA has 3 states
States: ['4', '10', '5']
Alphabet: set(['1', '0'])
Starting state: 5
Accepting states: ['4']
Transition function:
	10	4	5
1 	10	4	4
0 	10	10	10
Current state: 5
Currently accepting: False

Precision: 1.0000 Recall: 1.0000 Accuracy: 1.0000 F1: 1.0000


--------------------------------------------------------------------
Begin DFA extraction with n_state:11
Done fitting takes time: 0.0461
==Minimized===

This DFA has 3 states
States: ['4', '11', '5']
Alphabet: set(['1', '0'])
Starting state: 5
Accepting states: ['4']
Transition function:
	11	4	5
1 	11	4	4
0 	11	11	11
Current state: 5
Currently accepting: False

Precision: 1.0000 Recall: 1.0000 Accuracy: 1.0000 F1: 1.0000


--------------------------------------------------------------------
Begin DFA extraction with n_state:12
Done fitting takes time: 0.0571
==Minimized===

This DFA has 3 states
States: ['12', '11', '5']
Alphabet: set(['1', '0'])
Starting state: 5
Accepting states: ['12']
Transition function:
	11	12	5
1 	11	12	12
0 	11	11	11
Current state: 5
Currently accepting: False

Precision: 1.0000 Recall: 1.0000 Accuracy: 1.0000 F1: 1.0000


--------------------------------------------------------------------
Begin DFA extraction with n_state:13
Done fitting takes time: 0.0379
==Minimized===

This DFA has 3 states
States: ['12', '11', '5']
Alphabet: set(['1', '0'])
Starting state: 5
Accepting states: ['12']
Transition function:
	11	12	5
1 	11	12	12
0 	11	11	11
Current state: 5
Currently accepting: False

Precision: 1.0000 Recall: 1.0000 Accuracy: 1.0000 F1: 1.0000


--------------------------------------------------------------------
Begin DFA extraction with n_state:14
Done fitting takes time: 0.0389
==Minimized===

This DFA has 3 states
States: ['12', '11', '5']
Alphabet: set(['1', '0'])
Starting state: 5
Accepting states: ['12']
Transition function:
	11	12	5
1 	11	12	12
0 	11	11	11
Current state: 5
Currently accepting: False

Precision: 1.0000 Recall: 1.0000 Accuracy: 1.0000 F1: 1.0000


--------------------------------------------------------------------
Begin DFA extraction with n_state:15
Done fitting takes time: 0.0697
==Minimized===

This DFA has 3 states
States: ['12', '11', '5']
Alphabet: set(['1', '0'])
Starting state: 5
Accepting states: ['12']
Transition function:
	11	12	5
1 	11	12	12
0 	11	11	11
Current state: 5
Currently accepting: False

Precision: 1.0000 Recall: 1.0000 Accuracy: 1.0000 F1: 1.0000


--------------------------------------------------------------------
Begin DFA extraction with n_state:16
Done fitting takes time: 0.0790
==Minimized===

This DFA has 3 states
States: ['16', '11', '5']
Alphabet: set(['1', '0'])
Starting state: 5
Accepting states: ['16']
Transition function:
	11	16	5
1 	11	16	16
0 	11	11	11
Current state: 5
Currently accepting: False

Precision: 1.0000 Recall: 1.0000 Accuracy: 1.0000 F1: 1.0000


--------------------------------------------------------------------
Begin DFA extraction with n_state:17
Done fitting takes time: 0.0395
==Minimized===

This DFA has 3 states
States: ['16', '11', '5']
Alphabet: set(['1', '0'])
Starting state: 5
Accepting states: ['16']
Transition function:
	11	16	5
1 	11	16	16
0 	11	11	11
Current state: 5
Currently accepting: False

Precision: 1.0000 Recall: 1.0000 Accuracy: 1.0000 F1: 1.0000


--------------------------------------------------------------------
Begin DFA extraction with n_state:18
Done fitting takes time: 0.1388
==Minimized===

This DFA has 3 states
States: ['16', '11', '5']
Alphabet: set(['1', '0'])
Starting state: 5
Accepting states: ['16']
Transition function:
	11	16	5
1 	11	16	16
0 	11	11	11
Current state: 5
Currently accepting: False

Precision: 1.0000 Recall: 1.0000 Accuracy: 1.0000 F1: 1.0000


--------------------------------------------------------------------
Begin DFA extraction with n_state:19
Done fitting takes time: 0.1415
==Minimized===

This DFA has 3 states
States: ['19', '11', '5']
Alphabet: set(['1', '0'])
Starting state: 5
Accepting states: ['19']
Transition function:
	11	19	5
1 	11	19	19
0 	11	11	11
Current state: 5
Currently accepting: False

Precision: 1.0000 Recall: 1.0000 Accuracy: 1.0000 F1: 1.0000
[ 0.08730159  0.          0.          1.          1.          1.          1.
  1.          1.          1.          1.          1.          1.          1.
  1.          1.          1.          1.        ]


[[ 0.          0.          0.          0.          1.          1.          1.
   1.          1.          1.          1.          1.          1.          1.
   1.          1.          1.          1.        ]
 [ 0.          0.          0.          0.          0.          0.          0.
   0.          0.          0.          0.          0.          0.
   0.30769231  0.16666667  0.16666667  0.16666667  0.16666667]
 [ 0.08730159  0.          0.          1.          1.          1.          1.
   1.          1.          1.          1.          1.          1.          1.
   1.          1.          1.          1.        ]
 [ 0.          0.          0.          0.          0.          0.          0.
   0.          0.          0.          0.          0.          0.          0.
   0.          0.          0.          0.        ]
 [ 0.          0.          0.          1.          1.          1.          1.
   1.          1.          1.          1.          1.          1.          1.
   1.          1.          1.          1.        ]
 [ 0.          0.          0.          1.          1.          1.          1.
   1.          1.          1.          1.          1.          1.          1.
   1.          1.          1.          1.        ]
 [ 0.          0.          0.          0.          0.          0.          0.
   0.          0.          0.          0.          0.          0.          0.
   0.          0.          0.          0.        ]
 [ 0.          0.          0.          0.          0.          0.          0.
   0.          0.          0.          0.          0.          0.          0.
   0.          0.          0.          0.        ]
 [ 0.          0.          0.          0.          0.          0.          0.
   0.          0.          0.          0.          0.          0.          0.
   0.          0.          0.          0.        ]]
