Load data
RNN type: MI Grammar: g1 Seed: 9
Model total parameters: 4216
Saving hinit ... 

Epoch 0: Time: 0.1242 Cost: 24.4585 Pre: 0.0000 Re: 0.0000 Acc: 0.6405 F1: 0.0000


--------------------------------------------------------------------
Eval results: Cost:22.7645 Pre:0.0000 Re:0.0000 Acc:0.6975 F1:0.0000
--------------------------------------------------------------------

Epoch 1: Time: 0.0483 Cost: 22.4162 Pre: 0.0000 Re: 0.0000 Acc: 0.7231 F1: 0.0000
Epoch 2: Time: 0.0455 Cost: 20.1890 Pre: 0.0263 Re: 0.1000 Acc: 0.8099 F1: 0.0417
Epoch 3: Time: 0.0463 Cost: 18.3251 Pre: 0.2000 Re: 0.5000 Acc: 0.8967 F1: 0.2857
Epoch 4: Time: 0.0473 Cost: 16.8818 Pre: 0.1282 Re: 0.5000 Acc: 0.8388 F1: 0.2041
Epoch 5: Time: 0.0494 Cost: 15.8133 Pre: 0.1250 Re: 0.6000 Acc: 0.8099 F1: 0.2069
Epoch 6: Time: 0.0463 Cost: 15.0297 Pre: 0.1132 Re: 0.6000 Acc: 0.7893 F1: 0.1905
Epoch 7: Time: 0.0430 Cost: 14.4045 Pre: 0.1111 Re: 0.6000 Acc: 0.7851 F1: 0.1875
Epoch 8: Time: 0.0388 Cost: 13.8314 Pre: 0.1304 Re: 0.6000 Acc: 0.8182 F1: 0.2143
Epoch 9: Time: 0.0386 Cost: 13.2582 Pre: 0.2632 Re: 0.5000 Acc: 0.9215 F1: 0.3448
Epoch 10: Time: 0.0405 Cost: 12.6767 Pre: 0.0000 Re: 0.0000 Acc: 0.9545 F1: 0.0000


--------------------------------------------------------------------
Eval results: Cost:11.3649 Pre:0.0000 Re:0.0000 Acc:0.9691 F1:0.0000
--------------------------------------------------------------------

Epoch 11: Time: 0.0386 Cost: 12.0947 Pre: 0.0000 Re: 0.0000 Acc: 0.9545 F1: 0.0000
Epoch 12: Time: 0.0406 Cost: 11.5172 Pre: 0.0000 Re: 0.0000 Acc: 0.9545 F1: 0.0000
Epoch 13: Time: 0.0385 Cost: 10.9434 Pre: 0.0000 Re: 0.0000 Acc: 0.9545 F1: 0.0000
Epoch 14: Time: 0.0404 Cost: 10.3663 Pre: 0.0000 Re: 0.0000 Acc: 0.9545 F1: 0.0000
Epoch 15: Time: 0.0390 Cost: 9.7754 Pre: 0.0000 Re: 0.0000 Acc: 0.9545 F1: 0.0000
Epoch 16: Time: 0.0385 Cost: 9.1597 Pre: 0.0000 Re: 0.0000 Acc: 0.9545 F1: 0.0000
Epoch 17: Time: 0.0411 Cost: 8.5109 Pre: 0.0000 Re: 0.0000 Acc: 0.9545 F1: 0.0000
Epoch 18: Time: 0.0384 Cost: 7.8252 Pre: 0.0000 Re: 0.0000 Acc: 0.9545 F1: 0.0000
Epoch 19: Time: 0.0387 Cost: 7.1074 Pre: 0.0000 Re: 0.0000 Acc: 0.9545 F1: 0.0000
Epoch 20: Time: 0.0419 Cost: 6.3757 Pre: 0.0000 Re: 0.0000 Acc: 0.9545 F1: 0.0000


--------------------------------------------------------------------
Eval results: Cost:5.1611 Pre:0.0000 Re:0.0000 Acc:0.9691 F1:0.0000
--------------------------------------------------------------------

Epoch 21: Time: 0.0410 Cost: 5.6630 Pre: 0.0000 Re: 0.0000 Acc: 0.9545 F1: 0.0000
Epoch 22: Time: 0.0385 Cost: 5.0115 Pre: 0.0000 Re: 0.0000 Acc: 0.9545 F1: 0.0000
Epoch 23: Time: 0.0386 Cost: 4.4690 Pre: 0.0000 Re: 0.0000 Acc: 0.9545 F1: 0.0000
Epoch 24: Time: 0.0416 Cost: 4.0620 Pre: 0.0000 Re: 0.0000 Acc: 0.9545 F1: 0.0000
Epoch 25: Time: 0.0387 Cost: 3.7848 Pre: 0.0000 Re: 0.0000 Acc: 0.9545 F1: 0.0000
Epoch 26: Time: 0.0394 Cost: 3.6091 Pre: 0.0000 Re: 0.0000 Acc: 0.9587 F1: 0.0000
Epoch 27: Time: 0.0399 Cost: 3.5022 Pre: 0.0000 Re: 0.0000 Acc: 0.9587 F1: 0.0000
Epoch 28: Time: 0.0389 Cost: 3.4378 Pre: 0.0000 Re: 0.0000 Acc: 0.9587 F1: 0.0000
Epoch 29: Time: 0.0408 Cost: 3.3979 Pre: 0.0000 Re: 0.0000 Acc: 0.9587 F1: 0.0000
Epoch 30: Time: 0.0387 Cost: 3.3715 Pre: 0.0000 Re: 0.0000 Acc: 0.9587 F1: 0.0000


--------------------------------------------------------------------
Eval results: Cost:2.7682 Pre:0.0000 Re:0.0000 Acc:0.9753 F1:0.0000
--------------------------------------------------------------------

Epoch 31: Time: 0.0409 Cost: 3.3522 Pre: 0.0000 Re: 0.0000 Acc: 0.9587 F1: 0.0000
Epoch 32: Time: 0.0387 Cost: 3.3363 Pre: 0.0000 Re: 0.0000 Acc: 0.9587 F1: 0.0000
Epoch 33: Time: 0.0406 Cost: 3.3215 Pre: 0.0000 Re: 0.0000 Acc: 0.9587 F1: 0.0000
Epoch 34: Time: 0.0389 Cost: 3.3067 Pre: 0.0000 Re: 0.0000 Acc: 0.9587 F1: 0.0000
Epoch 35: Time: 0.0392 Cost: 3.2908 Pre: 0.0000 Re: 0.0000 Acc: 0.9587 F1: 0.0000
Epoch 36: Time: 0.0406 Cost: 3.2731 Pre: 0.0000 Re: 0.0000 Acc: 0.9587 F1: 0.0000
Epoch 37: Time: 0.0387 Cost: 3.2530 Pre: 0.0000 Re: 0.0000 Acc: 0.9587 F1: 0.0000
Epoch 38: Time: 0.0385 Cost: 3.2300 Pre: 0.0000 Re: 0.0000 Acc: 0.9587 F1: 0.0000
Epoch 39: Time: 0.0448 Cost: 3.2039 Pre: 0.0000 Re: 0.0000 Acc: 0.9587 F1: 0.0000
Epoch 40: Time: 0.0392 Cost: 3.1756 Pre: 0.0000 Re: 0.0000 Acc: 0.9587 F1: 0.0000


--------------------------------------------------------------------
Eval results: Cost:2.6224 Pre:0.0000 Re:0.0000 Acc:0.9753 F1:0.0000
--------------------------------------------------------------------

Epoch 41: Time: 0.0391 Cost: 3.1473 Pre: 0.0000 Re: 0.0000 Acc: 0.9587 F1: 0.0000
Epoch 42: Time: 0.0385 Cost: 3.1202 Pre: 0.0000 Re: 0.0000 Acc: 0.9587 F1: 0.0000
Epoch 43: Time: 0.0408 Cost: 3.0926 Pre: 0.0000 Re: 0.0000 Acc: 0.9587 F1: 0.0000
Epoch 44: Time: 0.0391 Cost: 3.0610 Pre: 0.0000 Re: 0.0000 Acc: 0.9587 F1: 0.0000
Epoch 45: Time: 0.0398 Cost: 3.0226 Pre: 0.0000 Re: 0.0000 Acc: 0.9587 F1: 0.0000
Epoch 46: Time: 0.0389 Cost: 2.9756 Pre: 0.0000 Re: 0.0000 Acc: 0.9587 F1: 0.0000
Epoch 47: Time: 0.0393 Cost: 2.9182 Pre: 0.0000 Re: 0.0000 Acc: 0.9587 F1: 0.0000
Epoch 48: Time: 0.0403 Cost: 2.8476 Pre: 0.0000 Re: 0.0000 Acc: 0.9587 F1: 0.0000
Epoch 49: Time: 0.0386 Cost: 2.7592 Pre: 0.0000 Re: 0.0000 Acc: 0.9587 F1: 0.0000
Epoch 50: Time: 0.0386 Cost: 2.6486 Pre: 0.0000 Re: 0.0000 Acc: 0.9587 F1: 0.0000


--------------------------------------------------------------------
Eval results: Cost:2.1260 Pre:0.0000 Re:0.0000 Acc:0.9753 F1:0.0000
--------------------------------------------------------------------

Epoch 51: Time: 0.0392 Cost: 2.5188 Pre: 0.0000 Re: 0.0000 Acc: 0.9587 F1: 0.0000
Epoch 52: Time: 0.0408 Cost: 2.3921 Pre: 0.0000 Re: 0.0000 Acc: 0.9587 F1: 0.0000
Epoch 53: Time: 0.0395 Cost: 2.2907 Pre: 0.0000 Re: 0.0000 Acc: 0.9587 F1: 0.0000
Epoch 54: Time: 0.0387 Cost: 2.1777 Pre: 0.0000 Re: 0.0000 Acc: 0.9587 F1: 0.0000
Epoch 55: Time: 0.0412 Cost: 2.0532 Pre: 0.0000 Re: 0.0000 Acc: 0.9587 F1: 0.0000
Epoch 56: Time: 0.0388 Cost: 1.9531 Pre: 0.6667 Re: 0.2000 Acc: 0.9628 F1: 0.3077
Epoch 57: Time: 0.0391 Cost: 1.8915 Pre: 0.7500 Re: 0.3000 Acc: 0.9669 F1: 0.4286
Epoch 58: Time: 0.0408 Cost: 1.8574 Pre: 0.7500 Re: 0.3000 Acc: 0.9669 F1: 0.4286
Epoch 59: Time: 0.0387 Cost: 1.8297 Pre: 0.7500 Re: 0.3000 Acc: 0.9669 F1: 0.4286
Epoch 60: Time: 0.0405 Cost: 1.7972 Pre: 0.8000 Re: 0.4000 Acc: 0.9711 F1: 0.5333


--------------------------------------------------------------------
Eval results: Cost:1.1306 Pre:1.0000 Re:0.5000 Acc:0.9877 F1:0.6667
--------------------------------------------------------------------

Epoch 61: Time: 0.0386 Cost: 1.7660 Pre: 0.8000 Re: 0.4000 Acc: 0.9711 F1: 0.5333
Epoch 62: Time: 0.0410 Cost: 1.7546 Pre: 0.8333 Re: 0.5000 Acc: 0.9752 F1: 0.6250
Epoch 63: Time: 0.0387 Cost: 1.7401 Pre: 0.8333 Re: 0.5000 Acc: 0.9752 F1: 0.6250
Epoch 64: Time: 0.0389 Cost: 1.7166 Pre: 0.8333 Re: 0.5000 Acc: 0.9752 F1: 0.6250
Epoch 65: Time: 0.0418 Cost: 1.7018 Pre: 0.8333 Re: 0.5000 Acc: 0.9752 F1: 0.6250
Epoch 66: Time: 0.0385 Cost: 1.6854 Pre: 0.8333 Re: 0.5000 Acc: 0.9752 F1: 0.6250
Epoch 67: Time: 0.0408 Cost: 1.6669 Pre: 0.8333 Re: 0.5000 Acc: 0.9752 F1: 0.6250
Epoch 68: Time: 0.0393 Cost: 1.6534 Pre: 0.8333 Re: 0.5000 Acc: 0.9752 F1: 0.6250
Epoch 69: Time: 0.0384 Cost: 1.6414 Pre: 0.8333 Re: 0.5000 Acc: 0.9752 F1: 0.6250
Epoch 70: Time: 0.0419 Cost: 1.6286 Pre: 0.8333 Re: 0.5000 Acc: 0.9752 F1: 0.6250


--------------------------------------------------------------------
Eval results: Cost:1.0312 Pre:1.0000 Re:0.5000 Acc:0.9877 F1:0.6667
--------------------------------------------------------------------

Epoch 71: Time: 0.0409 Cost: 1.6166 Pre: 0.8333 Re: 0.5000 Acc: 0.9752 F1: 0.6250
Epoch 72: Time: 0.0389 Cost: 1.6045 Pre: 0.8333 Re: 0.5000 Acc: 0.9752 F1: 0.6250
Epoch 73: Time: 0.0385 Cost: 1.5937 Pre: 0.8333 Re: 0.5000 Acc: 0.9752 F1: 0.6250
Epoch 74: Time: 0.0408 Cost: 1.5844 Pre: 0.8333 Re: 0.5000 Acc: 0.9752 F1: 0.6250
Epoch 75: Time: 0.0389 Cost: 1.5749 Pre: 0.8333 Re: 0.5000 Acc: 0.9752 F1: 0.6250
Epoch 76: Time: 0.0395 Cost: 1.5651 Pre: 0.8333 Re: 0.5000 Acc: 0.9752 F1: 0.6250
Epoch 77: Time: 0.0412 Cost: 1.5554 Pre: 0.8333 Re: 0.5000 Acc: 0.9752 F1: 0.6250
Epoch 78: Time: 0.0385 Cost: 1.5466 Pre: 0.8333 Re: 0.5000 Acc: 0.9752 F1: 0.6250
Epoch 79: Time: 0.0406 Cost: 1.5379 Pre: 0.8333 Re: 0.5000 Acc: 0.9752 F1: 0.6250
Epoch 80: Time: 0.0387 Cost: 1.5288 Pre: 0.8333 Re: 0.5000 Acc: 0.9752 F1: 0.6250


--------------------------------------------------------------------
Eval results: Cost:1.0371 Pre:0.6667 Re:0.5000 Acc:0.9815 F1:0.5714
--------------------------------------------------------------------

Epoch 81: Time: 0.0413 Cost: 1.5198 Pre: 0.8333 Re: 0.5000 Acc: 0.9752 F1: 0.6250
Epoch 82: Time: 0.0388 Cost: 1.5119 Pre: 0.8333 Re: 0.5000 Acc: 0.9752 F1: 0.6250
Epoch 83: Time: 0.0423 Cost: 1.5039 Pre: 0.8333 Re: 0.5000 Acc: 0.9752 F1: 0.6250
Epoch 84: Time: 0.0387 Cost: 1.4957 Pre: 0.8333 Re: 0.5000 Acc: 0.9752 F1: 0.6250
Epoch 85: Time: 0.0386 Cost: 1.4875 Pre: 0.8333 Re: 0.5000 Acc: 0.9752 F1: 0.6250
Epoch 86: Time: 0.0407 Cost: 1.4799 Pre: 0.8333 Re: 0.5000 Acc: 0.9752 F1: 0.6250
Epoch 87: Time: 0.0385 Cost: 1.4720 Pre: 0.8333 Re: 0.5000 Acc: 0.9752 F1: 0.6250
Epoch 88: Time: 0.0386 Cost: 1.4638 Pre: 0.8333 Re: 0.5000 Acc: 0.9752 F1: 0.6250
Epoch 89: Time: 0.0410 Cost: 1.4556 Pre: 0.8333 Re: 0.5000 Acc: 0.9752 F1: 0.6250
Epoch 90: Time: 0.0384 Cost: 1.4476 Pre: 0.8333 Re: 0.5000 Acc: 0.9752 F1: 0.6250


--------------------------------------------------------------------
Eval results: Cost:1.0838 Pre:0.6667 Re:0.5000 Acc:0.9815 F1:0.5714
--------------------------------------------------------------------

Epoch 91: Time: 0.0388 Cost: 1.4391 Pre: 0.8333 Re: 0.5000 Acc: 0.9752 F1: 0.6250
Epoch 92: Time: 0.0392 Cost: 1.4310 Pre: 0.8333 Re: 0.5000 Acc: 0.9752 F1: 0.6250
Epoch 93: Time: 0.0400 Cost: 1.4229 Pre: 0.8333 Re: 0.5000 Acc: 0.9752 F1: 0.6250
Epoch 94: Time: 0.0384 Cost: 1.4147 Pre: 0.8333 Re: 0.5000 Acc: 0.9752 F1: 0.6250
Epoch 95: Time: 0.0388 Cost: 1.4065 Pre: 0.8333 Re: 0.5000 Acc: 0.9752 F1: 0.6250
Epoch 96: Time: 0.0409 Cost: 1.3984 Pre: 0.8333 Re: 0.5000 Acc: 0.9752 F1: 0.6250
Epoch 97: Time: 0.0384 Cost: 1.3901 Pre: 0.8333 Re: 0.5000 Acc: 0.9752 F1: 0.6250
Epoch 98: Time: 0.0410 Cost: 1.3818 Pre: 0.8333 Re: 0.5000 Acc: 0.9752 F1: 0.6250
Epoch 99: Time: 0.0388 Cost: 1.3734 Pre: 0.8333 Re: 0.5000 Acc: 0.9752 F1: 0.6250
Epoch 100: Time: 0.0390 Cost: 1.3650 Pre: 0.8333 Re: 0.5000 Acc: 0.9752 F1: 0.6250


--------------------------------------------------------------------
Eval results: Cost:1.1104 Pre:0.6667 Re:0.5000 Acc:0.9815 F1:0.5714
--------------------------------------------------------------------

Epoch 101: Time: 0.0387 Cost: 1.3564 Pre: 0.8333 Re: 0.5000 Acc: 0.9752 F1: 0.6250
Epoch 102: Time: 0.0387 Cost: 1.3482 Pre: 0.8333 Re: 0.5000 Acc: 0.9752 F1: 0.6250
Epoch 103: Time: 0.0410 Cost: 1.3400 Pre: 0.8333 Re: 0.5000 Acc: 0.9752 F1: 0.6250
Epoch 104: Time: 0.0384 Cost: 1.3319 Pre: 0.8333 Re: 0.5000 Acc: 0.9752 F1: 0.6250
Epoch 105: Time: 0.0403 Cost: 1.3240 Pre: 0.8333 Re: 0.5000 Acc: 0.9752 F1: 0.6250
Epoch 106: Time: 0.0386 Cost: 1.3161 Pre: 0.8333 Re: 0.5000 Acc: 0.9752 F1: 0.6250
Epoch 107: Time: 0.0384 Cost: 1.3082 Pre: 0.8333 Re: 0.5000 Acc: 0.9752 F1: 0.6250
Epoch 108: Time: 0.0404 Cost: 1.3003 Pre: 0.8333 Re: 0.5000 Acc: 0.9752 F1: 0.6250
Epoch 109: Time: 0.0385 Cost: 1.2924 Pre: 0.8333 Re: 0.5000 Acc: 0.9752 F1: 0.6250
Epoch 110: Time: 0.0397 Cost: 1.2844 Pre: 0.8333 Re: 0.5000 Acc: 0.9752 F1: 0.6250


--------------------------------------------------------------------
Eval results: Cost:1.1144 Pre:0.6667 Re:0.5000 Acc:0.9815 F1:0.5714
--------------------------------------------------------------------

Epoch 111: Time: 0.0387 Cost: 1.2763 Pre: 0.8333 Re: 0.5000 Acc: 0.9752 F1: 0.6250
Epoch 112: Time: 0.0400 Cost: 1.2686 Pre: 0.8333 Re: 0.5000 Acc: 0.9752 F1: 0.6250
Epoch 113: Time: 0.0387 Cost: 1.2609 Pre: 0.8333 Re: 0.5000 Acc: 0.9752 F1: 0.6250
Epoch 114: Time: 0.0392 Cost: 1.2532 Pre: 0.8333 Re: 0.5000 Acc: 0.9752 F1: 0.6250
Epoch 115: Time: 0.0410 Cost: 1.2456 Pre: 0.8333 Re: 0.5000 Acc: 0.9752 F1: 0.6250
Epoch 116: Time: 0.0399 Cost: 1.2381 Pre: 0.8333 Re: 0.5000 Acc: 0.9752 F1: 0.6250
Epoch 117: Time: 0.0398 Cost: 1.2304 Pre: 0.8333 Re: 0.5000 Acc: 0.9752 F1: 0.6250
Epoch 118: Time: 0.0388 Cost: 1.2228 Pre: 0.8333 Re: 0.5000 Acc: 0.9752 F1: 0.6250
Epoch 119: Time: 0.0389 Cost: 1.2153 Pre: 0.8333 Re: 0.5000 Acc: 0.9752 F1: 0.6250
Epoch 120: Time: 0.0405 Cost: 1.2076 Pre: 0.8333 Re: 0.5000 Acc: 0.9752 F1: 0.6250


--------------------------------------------------------------------
Eval results: Cost:1.0987 Pre:0.6667 Re:0.5000 Acc:0.9815 F1:0.5714
--------------------------------------------------------------------

Epoch 121: Time: 0.0384 Cost: 1.1999 Pre: 0.8333 Re: 0.5000 Acc: 0.9752 F1: 0.6250
Epoch 122: Time: 0.0418 Cost: 1.1925 Pre: 0.8333 Re: 0.5000 Acc: 0.9752 F1: 0.6250
Epoch 123: Time: 0.0384 Cost: 1.1849 Pre: 0.8333 Re: 0.5000 Acc: 0.9752 F1: 0.6250
Epoch 124: Time: 0.0409 Cost: 1.1775 Pre: 0.8333 Re: 0.5000 Acc: 0.9752 F1: 0.6250
Epoch 125: Time: 0.0385 Cost: 1.1702 Pre: 0.8333 Re: 0.5000 Acc: 0.9752 F1: 0.6250
Epoch 126: Time: 0.0384 Cost: 1.1629 Pre: 0.8333 Re: 0.5000 Acc: 0.9752 F1: 0.6250
Epoch 127: Time: 0.0440 Cost: 1.1555 Pre: 0.8333 Re: 0.5000 Acc: 0.9752 F1: 0.6250
Epoch 128: Time: 0.0395 Cost: 1.1482 Pre: 0.8333 Re: 0.5000 Acc: 0.9752 F1: 0.6250
Epoch 129: Time: 0.0402 Cost: 1.1408 Pre: 0.8333 Re: 0.5000 Acc: 0.9752 F1: 0.6250
Epoch 130: Time: 0.0391 Cost: 1.1335 Pre: 0.8333 Re: 0.5000 Acc: 0.9752 F1: 0.6250


--------------------------------------------------------------------
Eval results: Cost:1.0680 Pre:0.6667 Re:0.5000 Acc:0.9815 F1:0.5714
--------------------------------------------------------------------

Epoch 131: Time: 0.0410 Cost: 1.1260 Pre: 0.8333 Re: 0.5000 Acc: 0.9752 F1: 0.6250
Epoch 132: Time: 0.0386 Cost: 1.1188 Pre: 0.8333 Re: 0.5000 Acc: 0.9752 F1: 0.6250
Epoch 133: Time: 0.0386 Cost: 1.1115 Pre: 0.8333 Re: 0.5000 Acc: 0.9752 F1: 0.6250
Epoch 134: Time: 0.0410 Cost: 1.1044 Pre: 0.8333 Re: 0.5000 Acc: 0.9752 F1: 0.6250
Epoch 135: Time: 0.0384 Cost: 1.0974 Pre: 0.8333 Re: 0.5000 Acc: 0.9752 F1: 0.6250
Epoch 136: Time: 0.0415 Cost: 1.0902 Pre: 0.8333 Re: 0.5000 Acc: 0.9752 F1: 0.6250
Epoch 137: Time: 0.0387 Cost: 1.0832 Pre: 0.8333 Re: 0.5000 Acc: 0.9752 F1: 0.6250
Epoch 138: Time: 0.0385 Cost: 1.0761 Pre: 0.8333 Re: 0.5000 Acc: 0.9752 F1: 0.6250
Epoch 139: Time: 0.0421 Cost: 1.0690 Pre: 0.8333 Re: 0.5000 Acc: 0.9752 F1: 0.6250
Epoch 140: Time: 0.0387 Cost: 1.0619 Pre: 0.8333 Re: 0.5000 Acc: 0.9752 F1: 0.6250


--------------------------------------------------------------------
Eval results: Cost:1.0283 Pre:0.6667 Re:0.5000 Acc:0.9815 F1:0.5714
--------------------------------------------------------------------

Epoch 141: Time: 0.0421 Cost: 1.0548 Pre: 0.8333 Re: 0.5000 Acc: 0.9752 F1: 0.6250
Epoch 142: Time: 0.0452 Cost: 1.0479 Pre: 0.8333 Re: 0.5000 Acc: 0.9752 F1: 0.6250
Epoch 143: Time: 0.0412 Cost: 1.0409 Pre: 0.8333 Re: 0.5000 Acc: 0.9752 F1: 0.6250
Epoch 144: Time: 0.0387 Cost: 1.0342 Pre: 0.8333 Re: 0.5000 Acc: 0.9752 F1: 0.6250
Epoch 145: Time: 0.0406 Cost: 1.0274 Pre: 0.8333 Re: 0.5000 Acc: 0.9752 F1: 0.6250
Epoch 146: Time: 0.0412 Cost: 1.0206 Pre: 0.8333 Re: 0.5000 Acc: 0.9752 F1: 0.6250
Epoch 147: Time: 0.0390 Cost: 1.0139 Pre: 0.8571 Re: 0.6000 Acc: 0.9793 F1: 0.7059
Epoch 148: Time: 0.0413 Cost: 1.0071 Pre: 0.8889 Re: 0.8000 Acc: 0.9876 F1: 0.8421
Epoch 149: Time: 0.0396 Cost: 1.0005 Pre: 0.9091 Re: 1.0000 Acc: 0.9959 F1: 0.9524
Epoch 150: Time: 0.0395 Cost: 0.9937 Pre: 0.9091 Re: 1.0000 Acc: 0.9959 F1: 0.9524


--------------------------------------------------------------------
Eval results: Cost:0.9836 Pre:0.8000 Re:1.0000 Acc:0.9938 F1:0.8889
--------------------------------------------------------------------

Epoch 151: Time: 0.0402 Cost: 0.9871 Pre: 0.9091 Re: 1.0000 Acc: 0.9959 F1: 0.9524
Epoch 152: Time: 0.0423 Cost: 0.9804 Pre: 0.9091 Re: 1.0000 Acc: 0.9959 F1: 0.9524
Epoch 153: Time: 0.0405 Cost: 0.9740 Pre: 0.9091 Re: 1.0000 Acc: 0.9959 F1: 0.9524
Epoch 154: Time: 0.0402 Cost: 0.9675 Pre: 0.9091 Re: 1.0000 Acc: 0.9959 F1: 0.9524
Epoch 155: Time: 0.0419 Cost: 0.9611 Pre: 0.9091 Re: 1.0000 Acc: 0.9959 F1: 0.9524
Epoch 156: Time: 0.0402 Cost: 0.9548 Pre: 0.9091 Re: 1.0000 Acc: 0.9959 F1: 0.9524
Epoch 157: Time: 0.0425 Cost: 0.9484 Pre: 0.9091 Re: 1.0000 Acc: 0.9959 F1: 0.9524
Epoch 158: Time: 0.0405 Cost: 0.9422 Pre: 0.9091 Re: 1.0000 Acc: 0.9959 F1: 0.9524
Epoch 159: Time: 0.0405 Cost: 0.9358 Pre: 0.9091 Re: 1.0000 Acc: 0.9959 F1: 0.9524
Epoch 160: Time: 0.0427 Cost: 0.9298 Pre: 0.9091 Re: 1.0000 Acc: 0.9959 F1: 0.9524


--------------------------------------------------------------------
Eval results: Cost:0.9340 Pre:0.8000 Re:1.0000 Acc:0.9938 F1:0.8889
--------------------------------------------------------------------

Epoch 161: Time: 0.0425 Cost: 0.9236 Pre: 0.9091 Re: 1.0000 Acc: 0.9959 F1: 0.9524
Epoch 162: Time: 0.0414 Cost: 0.9178 Pre: 0.9091 Re: 1.0000 Acc: 0.9959 F1: 0.9524
Epoch 163: Time: 0.0404 Cost: 0.9113 Pre: 0.9091 Re: 1.0000 Acc: 0.9959 F1: 0.9524
Epoch 164: Time: 0.0429 Cost: 0.9056 Pre: 0.9091 Re: 1.0000 Acc: 0.9959 F1: 0.9524
Epoch 165: Time: 0.0405 Cost: 0.8993 Pre: 0.9091 Re: 1.0000 Acc: 0.9959 F1: 0.9524
Epoch 166: Time: 0.0498 Cost: 0.8936 Pre: 0.9091 Re: 1.0000 Acc: 0.9959 F1: 0.9524
Epoch 167: Time: 0.0612 Cost: 0.8877 Pre: 0.9091 Re: 1.0000 Acc: 0.9959 F1: 0.9524
Epoch 168: Time: 0.0603 Cost: 0.8820 Pre: 0.9091 Re: 1.0000 Acc: 0.9959 F1: 0.9524
Epoch 169: Time: 0.0607 Cost: 0.8762 Pre: 0.9091 Re: 1.0000 Acc: 0.9959 F1: 0.9524
Epoch 170: Time: 0.0671 Cost: 0.8705 Pre: 0.9091 Re: 1.0000 Acc: 0.9959 F1: 0.9524


--------------------------------------------------------------------
Eval results: Cost:0.8863 Pre:0.8000 Re:1.0000 Acc:0.9938 F1:0.8889
--------------------------------------------------------------------

Epoch 171: Time: 0.0443 Cost: 0.8648 Pre: 0.9091 Re: 1.0000 Acc: 0.9959 F1: 0.9524
Epoch 172: Time: 0.0480 Cost: 0.8591 Pre: 0.9091 Re: 1.0000 Acc: 0.9959 F1: 0.9524
Epoch 173: Time: 0.0479 Cost: 0.8536 Pre: 0.9091 Re: 1.0000 Acc: 0.9959 F1: 0.9524
Epoch 174: Time: 0.0519 Cost: 0.8482 Pre: 0.9091 Re: 1.0000 Acc: 0.9959 F1: 0.9524
Epoch 175: Time: 0.0533 Cost: 0.8428 Pre: 0.9091 Re: 1.0000 Acc: 0.9959 F1: 0.9524
Epoch 176: Time: 0.0570 Cost: 0.8375 Pre: 0.9091 Re: 1.0000 Acc: 0.9959 F1: 0.9524
Epoch 177: Time: 0.0572 Cost: 0.8321 Pre: 0.9091 Re: 1.0000 Acc: 0.9959 F1: 0.9524
Epoch 178: Time: 0.0624 Cost: 0.8269 Pre: 0.9091 Re: 1.0000 Acc: 0.9959 F1: 0.9524
Epoch 179: Time: 0.0715 Cost: 0.8216 Pre: 0.9091 Re: 1.0000 Acc: 0.9959 F1: 0.9524
Epoch 180: Time: 0.0764 Cost: 0.8164 Pre: 0.9091 Re: 1.0000 Acc: 0.9959 F1: 0.9524


--------------------------------------------------------------------
Eval results: Cost:0.8333 Pre:0.8000 Re:1.0000 Acc:0.9938 F1:0.8889
--------------------------------------------------------------------

Epoch 181: Time: 0.0745 Cost: 0.8112 Pre: 0.9091 Re: 1.0000 Acc: 0.9959 F1: 0.9524
Epoch 182: Time: 0.0759 Cost: 0.8062 Pre: 0.9091 Re: 1.0000 Acc: 0.9959 F1: 0.9524
Epoch 183: Time: 0.0770 Cost: 0.8010 Pre: 0.9091 Re: 1.0000 Acc: 0.9959 F1: 0.9524
Epoch 184: Time: 0.0822 Cost: 0.7961 Pre: 0.9091 Re: 1.0000 Acc: 0.9959 F1: 0.9524
Epoch 185: Time: 0.0848 Cost: 0.7914 Pre: 0.9091 Re: 1.0000 Acc: 0.9959 F1: 0.9524
Epoch 186: Time: 0.0860 Cost: 0.7864 Pre: 0.9091 Re: 1.0000 Acc: 0.9959 F1: 0.9524
Epoch 187: Time: 0.0899 Cost: 0.7817 Pre: 0.9091 Re: 1.0000 Acc: 0.9959 F1: 0.9524
Epoch 188: Time: 0.0919 Cost: 0.7769 Pre: 0.9091 Re: 1.0000 Acc: 0.9959 F1: 0.9524
Epoch 189: Time: 0.0940 Cost: 0.7722 Pre: 0.9091 Re: 1.0000 Acc: 0.9959 F1: 0.9524
Epoch 190: Time: 0.1240 Cost: 0.7674 Pre: 0.9091 Re: 1.0000 Acc: 0.9959 F1: 0.9524


--------------------------------------------------------------------
Eval results: Cost:0.7860 Pre:0.8000 Re:1.0000 Acc:0.9938 F1:0.8889
--------------------------------------------------------------------

Epoch 191: Time: 0.1089 Cost: 0.7628 Pre: 0.9091 Re: 1.0000 Acc: 0.9959 F1: 0.9524
Epoch 192: Time: 0.1095 Cost: 0.7582 Pre: 0.9091 Re: 1.0000 Acc: 0.9959 F1: 0.9524
Epoch 193: Time: 0.1141 Cost: 0.7537 Pre: 0.9091 Re: 1.0000 Acc: 0.9959 F1: 0.9524
Epoch 194: Time: 0.1139 Cost: 0.7493 Pre: 0.9091 Re: 1.0000 Acc: 0.9959 F1: 0.9524
Epoch 195: Time: 0.1179 Cost: 0.7450 Pre: 0.9091 Re: 1.0000 Acc: 0.9959 F1: 0.9524
Epoch 196: Time: 0.1169 Cost: 0.7407 Pre: 0.9091 Re: 1.0000 Acc: 0.9959 F1: 0.9524
Epoch 197: Time: 0.1146 Cost: 0.7364 Pre: 0.9091 Re: 1.0000 Acc: 0.9959 F1: 0.9524
Epoch 198: Time: 0.1164 Cost: 0.7322 Pre: 0.9091 Re: 1.0000 Acc: 0.9959 F1: 0.9524
Epoch 199: Time: 0.1203 Cost: 0.7279 Pre: 0.9091 Re: 1.0000 Acc: 0.9959 F1: 0.9524
Epoch 200: Time: 0.1191 Cost: 0.7237 Pre: 0.9091 Re: 1.0000 Acc: 0.9959 F1: 0.9524


--------------------------------------------------------------------
Eval results: Cost:0.7309 Pre:0.8000 Re:1.0000 Acc:0.9938 F1:0.8889
--------------------------------------------------------------------

Epoch 201: Time: 0.1203 Cost: 0.7194 Pre: 0.9091 Re: 1.0000 Acc: 0.9959 F1: 0.9524
Epoch 202: Time: 0.1197 Cost: 0.7154 Pre: 0.9091 Re: 1.0000 Acc: 0.9959 F1: 0.9524
Epoch 203: Time: 0.1200 Cost: 0.7115 Pre: 0.9091 Re: 1.0000 Acc: 0.9959 F1: 0.9524
Epoch 204: Time: 0.1206 Cost: 0.7076 Pre: 0.9091 Re: 1.0000 Acc: 0.9959 F1: 0.9524
Epoch 205: Time: 0.1182 Cost: 0.7038 Pre: 0.9091 Re: 1.0000 Acc: 0.9959 F1: 0.9524
Epoch 206: Time: 0.1258 Cost: 0.7000 Pre: 0.9091 Re: 1.0000 Acc: 0.9959 F1: 0.9524
Epoch 207: Time: 0.1146 Cost: 0.6963 Pre: 0.9091 Re: 1.0000 Acc: 0.9959 F1: 0.9524
Epoch 208: Time: 0.1128 Cost: 0.6926 Pre: 0.9091 Re: 1.0000 Acc: 0.9959 F1: 0.9524
Epoch 209: Time: 0.1132 Cost: 0.6888 Pre: 0.9091 Re: 1.0000 Acc: 0.9959 F1: 0.9524
Epoch 210: Time: 0.1070 Cost: 0.6851 Pre: 0.9091 Re: 1.0000 Acc: 0.9959 F1: 0.9524


--------------------------------------------------------------------
Eval results: Cost:0.6761 Pre:0.8000 Re:1.0000 Acc:0.9938 F1:0.8889
--------------------------------------------------------------------

Epoch 211: Time: 0.1052 Cost: 0.6814 Pre: 0.9091 Re: 1.0000 Acc: 0.9959 F1: 0.9524
Epoch 212: Time: 0.1026 Cost: 0.6779 Pre: 0.9091 Re: 1.0000 Acc: 0.9959 F1: 0.9524
Epoch 213: Time: 0.0994 Cost: 0.6745 Pre: 0.9091 Re: 1.0000 Acc: 0.9959 F1: 0.9524
Epoch 214: Time: 0.0975 Cost: 0.6712 Pre: 0.9091 Re: 1.0000 Acc: 0.9959 F1: 0.9524
Epoch 215: Time: 0.0955 Cost: 0.6679 Pre: 0.9091 Re: 1.0000 Acc: 0.9959 F1: 0.9524
Epoch 216: Time: 0.0936 Cost: 0.6647 Pre: 0.9091 Re: 1.0000 Acc: 0.9959 F1: 0.9524
Epoch 217: Time: 0.0911 Cost: 0.6615 Pre: 0.9091 Re: 1.0000 Acc: 0.9959 F1: 0.9524
Epoch 218: Time: 0.0904 Cost: 0.6583 Pre: 0.9091 Re: 1.0000 Acc: 0.9959 F1: 0.9524
Epoch 219: Time: 0.0890 Cost: 0.6550 Pre: 0.9091 Re: 1.0000 Acc: 0.9959 F1: 0.9524
Epoch 220: Time: 0.0899 Cost: 0.6518 Pre: 0.9091 Re: 1.0000 Acc: 0.9959 F1: 0.9524


--------------------------------------------------------------------
Eval results: Cost:0.6181 Pre:0.8000 Re:1.0000 Acc:0.9938 F1:0.8889
--------------------------------------------------------------------

Epoch 221: Time: 0.0888 Cost: 0.6486 Pre: 0.9091 Re: 1.0000 Acc: 0.9959 F1: 0.9524
Epoch 222: Time: 0.0860 Cost: 0.6456 Pre: 0.9091 Re: 1.0000 Acc: 0.9959 F1: 0.9524
Epoch 223: Time: 0.0836 Cost: 0.6427 Pre: 0.9091 Re: 1.0000 Acc: 0.9959 F1: 0.9524
Epoch 224: Time: 0.0806 Cost: 0.6399 Pre: 0.9091 Re: 1.0000 Acc: 0.9959 F1: 0.9524
Epoch 225: Time: 0.0799 Cost: 0.6372 Pre: 0.9091 Re: 1.0000 Acc: 0.9959 F1: 0.9524
Epoch 226: Time: 0.0783 Cost: 0.6344 Pre: 0.9091 Re: 1.0000 Acc: 0.9959 F1: 0.9524
Epoch 227: Time: 0.0765 Cost: 0.6317 Pre: 0.9091 Re: 1.0000 Acc: 0.9959 F1: 0.9524
Epoch 228: Time: 0.0721 Cost: 0.6290 Pre: 0.9091 Re: 1.0000 Acc: 0.9959 F1: 0.9524
Epoch 229: Time: 0.0738 Cost: 0.6263 Pre: 0.9091 Re: 1.0000 Acc: 0.9959 F1: 0.9524
Epoch 230: Time: 0.0688 Cost: 0.6235 Pre: 0.9091 Re: 1.0000 Acc: 0.9959 F1: 0.9524


--------------------------------------------------------------------
Eval results: Cost:0.5611 Pre:0.8000 Re:1.0000 Acc:0.9938 F1:0.8889
--------------------------------------------------------------------

Epoch 231: Time: 0.0681 Cost: 0.6207 Pre: 0.9091 Re: 1.0000 Acc: 0.9959 F1: 0.9524
Epoch 232: Time: 0.0699 Cost: 0.6182 Pre: 0.9091 Re: 1.0000 Acc: 0.9959 F1: 0.9524
Epoch 233: Time: 0.0704 Cost: 0.6157 Pre: 0.9091 Re: 1.0000 Acc: 0.9959 F1: 0.9524
Epoch 234: Time: 0.0689 Cost: 0.6134 Pre: 0.9091 Re: 1.0000 Acc: 0.9959 F1: 0.9524
Epoch 235: Time: 0.0529 Cost: 0.6111 Pre: 0.9091 Re: 1.0000 Acc: 0.9959 F1: 0.9524
Epoch 236: Time: 0.0495 Cost: 0.6088 Pre: 0.9091 Re: 1.0000 Acc: 0.9959 F1: 0.9524
Epoch 237: Time: 0.0471 Cost: 0.6065 Pre: 0.9091 Re: 1.0000 Acc: 0.9959 F1: 0.9524
Epoch 238: Time: 0.0480 Cost: 0.6042 Pre: 0.9091 Re: 1.0000 Acc: 0.9959 F1: 0.9524
Epoch 239: Time: 0.0463 Cost: 0.6019 Pre: 0.9091 Re: 1.0000 Acc: 0.9959 F1: 0.9524
Epoch 240: Time: 0.0451 Cost: 0.5995 Pre: 0.9091 Re: 1.0000 Acc: 0.9959 F1: 0.9524


--------------------------------------------------------------------
Eval results: Cost:0.5054 Pre:0.8000 Re:1.0000 Acc:0.9938 F1:0.8889
--------------------------------------------------------------------

Epoch 241: Time: 0.0435 Cost: 0.5972 Pre: 0.9091 Re: 1.0000 Acc: 0.9959 F1: 0.9524
Epoch 242: Time: 0.0412 Cost: 0.5949 Pre: 0.9091 Re: 1.0000 Acc: 0.9959 F1: 0.9524
Epoch 243: Time: 0.0413 Cost: 0.5929 Pre: 0.9091 Re: 1.0000 Acc: 0.9959 F1: 0.9524
Epoch 244: Time: 0.0434 Cost: 0.5909 Pre: 0.9091 Re: 1.0000 Acc: 0.9959 F1: 0.9524
Epoch 245: Time: 0.0411 Cost: 0.5889 Pre: 0.9091 Re: 1.0000 Acc: 0.9959 F1: 0.9524
Epoch 246: Time: 0.0437 Cost: 0.5870 Pre: 0.9091 Re: 1.0000 Acc: 0.9959 F1: 0.9524
Epoch 247: Time: 0.0406 Cost: 0.5850 Pre: 0.9091 Re: 1.0000 Acc: 0.9959 F1: 0.9524
Epoch 248: Time: 0.0405 Cost: 0.5831 Pre: 0.9091 Re: 1.0000 Acc: 0.9959 F1: 0.9524
Epoch 249: Time: 0.0430 Cost: 0.5811 Pre: 0.9091 Re: 1.0000 Acc: 0.9959 F1: 0.9524
Epoch 250: Time: 0.0416 Cost: 0.5790 Pre: 0.9091 Re: 1.0000 Acc: 0.9959 F1: 0.9524


--------------------------------------------------------------------
Eval results: Cost:0.4525 Pre:0.8000 Re:1.0000 Acc:0.9938 F1:0.8889
--------------------------------------------------------------------

Epoch 251: Time: 0.0406 Cost: 0.5770 Pre: 0.9091 Re: 1.0000 Acc: 0.9959 F1: 0.9524
Epoch 252: Time: 0.0406 Cost: 0.5751 Pre: 0.9091 Re: 1.0000 Acc: 0.9959 F1: 0.9524
Epoch 253: Time: 0.0426 Cost: 0.5733 Pre: 0.9091 Re: 1.0000 Acc: 0.9959 F1: 0.9524
Epoch 254: Time: 0.0409 Cost: 0.5716 Pre: 0.9091 Re: 1.0000 Acc: 0.9959 F1: 0.9524
Epoch 255: Time: 0.0432 Cost: 0.5699 Pre: 0.9091 Re: 1.0000 Acc: 0.9959 F1: 0.9524
Epoch 256: Time: 0.0402 Cost: 0.5682 Pre: 0.9091 Re: 1.0000 Acc: 0.9959 F1: 0.9524
Epoch 257: Time: 0.0403 Cost: 0.5665 Pre: 0.9091 Re: 1.0000 Acc: 0.9959 F1: 0.9524
Epoch 258: Time: 0.0429 Cost: 0.5648 Pre: 0.9091 Re: 1.0000 Acc: 0.9959 F1: 0.9524
Epoch 259: Time: 0.0402 Cost: 0.5631 Pre: 0.9091 Re: 1.0000 Acc: 0.9959 F1: 0.9524
Epoch 260: Time: 0.0419 Cost: 0.5614 Pre: 0.9091 Re: 1.0000 Acc: 0.9959 F1: 0.9524


--------------------------------------------------------------------
Eval results: Cost:0.4023 Pre:0.8000 Re:1.0000 Acc:0.9938 F1:0.8889
--------------------------------------------------------------------

Epoch 261: Time: 0.0402 Cost: 0.5596 Pre: 0.9091 Re: 1.0000 Acc: 0.9959 F1: 0.9524
Epoch 262: Time: 0.0421 Cost: 0.5579 Pre: 0.9091 Re: 1.0000 Acc: 0.9959 F1: 0.9524
Epoch 263: Time: 0.0402 Cost: 0.5564 Pre: 0.9091 Re: 1.0000 Acc: 0.9959 F1: 0.9524
Epoch 264: Time: 0.0399 Cost: 0.5549 Pre: 0.9091 Re: 1.0000 Acc: 0.9959 F1: 0.9524
Epoch 265: Time: 0.0419 Cost: 0.5535 Pre: 0.9091 Re: 1.0000 Acc: 0.9959 F1: 0.9524
Epoch 266: Time: 0.0404 Cost: 0.5520 Pre: 0.9091 Re: 1.0000 Acc: 0.9959 F1: 0.9524
Epoch 267: Time: 0.0416 Cost: 0.5506 Pre: 0.9091 Re: 1.0000 Acc: 0.9959 F1: 0.9524
Epoch 268: Time: 0.0400 Cost: 0.5491 Pre: 0.9091 Re: 1.0000 Acc: 0.9959 F1: 0.9524
Epoch 269: Time: 0.0424 Cost: 0.5476 Pre: 0.9091 Re: 1.0000 Acc: 0.9959 F1: 0.9524
Epoch 270: Time: 0.0421 Cost: 0.5461 Pre: 0.9091 Re: 1.0000 Acc: 0.9959 F1: 0.9524


--------------------------------------------------------------------
Eval results: Cost:0.3541 Pre:0.8000 Re:1.0000 Acc:0.9938 F1:0.8889
--------------------------------------------------------------------

Epoch 271: Time: 0.0423 Cost: 0.5445 Pre: 0.9091 Re: 1.0000 Acc: 0.9959 F1: 0.9524
Epoch 272: Time: 0.0403 Cost: 0.5431 Pre: 0.9091 Re: 1.0000 Acc: 0.9959 F1: 0.9524
Epoch 273: Time: 0.0400 Cost: 0.5417 Pre: 0.9091 Re: 1.0000 Acc: 0.9959 F1: 0.9524
Epoch 274: Time: 0.0425 Cost: 0.5404 Pre: 0.9091 Re: 1.0000 Acc: 0.9959 F1: 0.9524
Epoch 275: Time: 0.0405 Cost: 0.5392 Pre: 0.9091 Re: 1.0000 Acc: 0.9959 F1: 0.9524
Epoch 276: Time: 0.0425 Cost: 0.5379 Pre: 0.9091 Re: 1.0000 Acc: 0.9959 F1: 0.9524
Epoch 277: Time: 0.0421 Cost: 0.5367 Pre: 0.9091 Re: 1.0000 Acc: 0.9959 F1: 0.9524
Epoch 278: Time: 0.0403 Cost: 0.5354 Pre: 0.9091 Re: 1.0000 Acc: 0.9959 F1: 0.9524
Epoch 279: Time: 0.0424 Cost: 0.5340 Pre: 0.9091 Re: 1.0000 Acc: 0.9959 F1: 0.9524
Epoch 280: Time: 0.0405 Cost: 0.5327 Pre: 0.9091 Re: 1.0000 Acc: 0.9959 F1: 0.9524


--------------------------------------------------------------------
Eval results: Cost:0.3073 Pre:0.8000 Re:1.0000 Acc:0.9938 F1:0.8889
--------------------------------------------------------------------

Epoch 281: Time: 0.0408 Cost: 0.5313 Pre: 0.9091 Re: 1.0000 Acc: 0.9959 F1: 0.9524
Epoch 282: Time: 0.0403 Cost: 0.5300 Pre: 0.9091 Re: 1.0000 Acc: 0.9959 F1: 0.9524
Epoch 283: Time: 0.0445 Cost: 0.5288 Pre: 0.9091 Re: 1.0000 Acc: 0.9959 F1: 0.9524
Epoch 284: Time: 0.0404 Cost: 0.5277 Pre: 0.9091 Re: 1.0000 Acc: 0.9959 F1: 0.9524
Epoch 285: Time: 0.0422 Cost: 0.5265 Pre: 0.9091 Re: 1.0000 Acc: 0.9959 F1: 0.9524
Epoch 286: Time: 0.0407 Cost: 0.5254 Pre: 0.9091 Re: 1.0000 Acc: 0.9959 F1: 0.9524
Epoch 287: Time: 0.0405 Cost: 0.5243 Pre: 0.9091 Re: 1.0000 Acc: 0.9959 F1: 0.9524
Epoch 288: Time: 0.0422 Cost: 0.5231 Pre: 0.9091 Re: 1.0000 Acc: 0.9959 F1: 0.9524
Epoch 289: Time: 0.0405 Cost: 0.5219 Pre: 0.9091 Re: 1.0000 Acc: 0.9959 F1: 0.9524
Epoch 290: Time: 0.0421 Cost: 0.5206 Pre: 0.9091 Re: 1.0000 Acc: 0.9959 F1: 0.9524


--------------------------------------------------------------------
Eval results: Cost:0.2621 Pre:1.0000 Re:1.0000 Acc:1.0000 F1:1.0000
--------------------------------------------------------------------

Epoch 291: Time: 0.0403 Cost: 0.5194 Pre: 0.9091 Re: 1.0000 Acc: 0.9959 F1: 0.9524
Epoch 292: Time: 0.0423 Cost: 0.5182 Pre: 0.9091 Re: 1.0000 Acc: 0.9959 F1: 0.9524
Epoch 293: Time: 0.0404 Cost: 0.5171 Pre: 0.9091 Re: 1.0000 Acc: 0.9959 F1: 0.9524
Epoch 294: Time: 0.0428 Cost: 0.5160 Pre: 0.9091 Re: 1.0000 Acc: 0.9959 F1: 0.9524
Epoch 295: Time: 0.0408 Cost: 0.5149 Pre: 0.9091 Re: 1.0000 Acc: 0.9959 F1: 0.9524
Epoch 296: Time: 0.0406 Cost: 0.5138 Pre: 0.9091 Re: 1.0000 Acc: 0.9959 F1: 0.9524
Epoch 297: Time: 0.0430 Cost: 0.5128 Pre: 0.9091 Re: 1.0000 Acc: 0.9959 F1: 0.9524
Epoch 298: Time: 0.0408 Cost: 0.5116 Pre: 0.9091 Re: 1.0000 Acc: 0.9959 F1: 0.9524
Epoch 299: Time: 0.0432 Cost: 0.5105 Pre: 0.9091 Re: 1.0000 Acc: 0.9959 F1: 0.9524
Epoch 300: Time: 0.0410 Cost: 0.5093 Pre: 0.9091 Re: 1.0000 Acc: 0.9959 F1: 0.9524


--------------------------------------------------------------------
Eval results: Cost:0.2192 Pre:1.0000 Re:1.0000 Acc:1.0000 F1:1.0000
--------------------------------------------------------------------

Epoch 301: Time: 0.0433 Cost: 0.5081 Pre: 0.9091 Re: 1.0000 Acc: 0.9959 F1: 0.9524
Epoch 302: Time: 0.0407 Cost: 0.5069 Pre: 0.9091 Re: 1.0000 Acc: 0.9959 F1: 0.9524
Epoch 303: Time: 0.0431 Cost: 0.5058 Pre: 0.9091 Re: 1.0000 Acc: 0.9959 F1: 0.9524
Epoch 304: Time: 0.0409 Cost: 0.5047 Pre: 0.9091 Re: 1.0000 Acc: 0.9959 F1: 0.9524
Epoch 305: Time: 0.0422 Cost: 0.5037 Pre: 0.9091 Re: 1.0000 Acc: 0.9959 F1: 0.9524
Epoch 306: Time: 0.0428 Cost: 0.5026 Pre: 0.9091 Re: 1.0000 Acc: 0.9959 F1: 0.9524
Epoch 307: Time: 0.0407 Cost: 0.5015 Pre: 0.9091 Re: 1.0000 Acc: 0.9959 F1: 0.9524
Epoch 308: Time: 0.0425 Cost: 0.5003 Pre: 0.9091 Re: 1.0000 Acc: 0.9959 F1: 0.9524
Epoch 309: Time: 0.0410 Cost: 0.4992 Pre: 0.9091 Re: 1.0000 Acc: 0.9959 F1: 0.9524
Epoch 310: Time: 0.0407 Cost: 0.4980 Pre: 0.9091 Re: 1.0000 Acc: 0.9959 F1: 0.9524


--------------------------------------------------------------------
Eval results: Cost:0.1795 Pre:1.0000 Re:1.0000 Acc:1.0000 F1:1.0000
--------------------------------------------------------------------

Epoch 311: Time: 0.0408 Cost: 0.4967 Pre: 0.9091 Re: 1.0000 Acc: 0.9959 F1: 0.9524
Epoch 312: Time: 0.0430 Cost: 0.4955 Pre: 0.9091 Re: 1.0000 Acc: 0.9959 F1: 0.9524
Epoch 313: Time: 0.0432 Cost: 0.4944 Pre: 0.9091 Re: 1.0000 Acc: 0.9959 F1: 0.9524
Epoch 314: Time: 0.0409 Cost: 0.4932 Pre: 0.9091 Re: 1.0000 Acc: 0.9959 F1: 0.9524
Epoch 315: Time: 0.0434 Cost: 0.4921 Pre: 0.9091 Re: 1.0000 Acc: 0.9959 F1: 0.9524
Epoch 316: Time: 0.0415 Cost: 0.4909 Pre: 0.9091 Re: 1.0000 Acc: 0.9959 F1: 0.9524
Epoch 317: Time: 0.0437 Cost: 0.4897 Pre: 0.9091 Re: 1.0000 Acc: 0.9959 F1: 0.9524
Epoch 318: Time: 0.0414 Cost: 0.4885 Pre: 0.9091 Re: 1.0000 Acc: 0.9959 F1: 0.9524
Epoch 319: Time: 0.0411 Cost: 0.4872 Pre: 0.9091 Re: 1.0000 Acc: 0.9959 F1: 0.9524
Epoch 320: Time: 0.0435 Cost: 0.4859 Pre: 0.9091 Re: 1.0000 Acc: 0.9959 F1: 0.9524


--------------------------------------------------------------------
Eval results: Cost:0.1448 Pre:1.0000 Re:1.0000 Acc:1.0000 F1:1.0000
--------------------------------------------------------------------

Epoch 321: Time: 0.0435 Cost: 0.4846 Pre: 0.9091 Re: 1.0000 Acc: 0.9959 F1: 0.9524
Epoch 322: Time: 0.0410 Cost: 0.4833 Pre: 0.9091 Re: 1.0000 Acc: 0.9959 F1: 0.9524
Epoch 323: Time: 0.0405 Cost: 0.4820 Pre: 0.9091 Re: 1.0000 Acc: 0.9959 F1: 0.9524
Epoch 324: Time: 0.0435 Cost: 0.4806 Pre: 0.9091 Re: 1.0000 Acc: 0.9959 F1: 0.9524
Epoch 325: Time: 0.0406 Cost: 0.4793 Pre: 0.9091 Re: 1.0000 Acc: 0.9959 F1: 0.9524
Epoch 326: Time: 0.0438 Cost: 0.4780 Pre: 0.9091 Re: 1.0000 Acc: 0.9959 F1: 0.9524
Epoch 327: Time: 0.0410 Cost: 0.4766 Pre: 0.9091 Re: 1.0000 Acc: 0.9959 F1: 0.9524
Epoch 328: Time: 0.0410 Cost: 0.4752 Pre: 0.9091 Re: 1.0000 Acc: 0.9959 F1: 0.9524
Epoch 329: Time: 0.0432 Cost: 0.4738 Pre: 0.9091 Re: 1.0000 Acc: 0.9959 F1: 0.9524
Epoch 330: Time: 0.0410 Cost: 0.4723 Pre: 0.9091 Re: 1.0000 Acc: 0.9959 F1: 0.9524


--------------------------------------------------------------------
Eval results: Cost:0.1175 Pre:1.0000 Re:1.0000 Acc:1.0000 F1:1.0000
--------------------------------------------------------------------

Epoch 331: Time: 0.0412 Cost: 0.4708 Pre: 0.9091 Re: 1.0000 Acc: 0.9959 F1: 0.9524
Epoch 332: Time: 0.0413 Cost: 0.4694 Pre: 0.9091 Re: 1.0000 Acc: 0.9959 F1: 0.9524
Epoch 333: Time: 0.0439 Cost: 0.4678 Pre: 0.9091 Re: 1.0000 Acc: 0.9959 F1: 0.9524
Epoch 334: Time: 0.0413 Cost: 0.4663 Pre: 0.9091 Re: 1.0000 Acc: 0.9959 F1: 0.9524
Epoch 335: Time: 0.0446 Cost: 0.4648 Pre: 0.9091 Re: 1.0000 Acc: 0.9959 F1: 0.9524
Epoch 336: Time: 0.0415 Cost: 0.4633 Pre: 0.9091 Re: 1.0000 Acc: 0.9959 F1: 0.9524
Epoch 337: Time: 0.0433 Cost: 0.4617 Pre: 0.9091 Re: 1.0000 Acc: 0.9959 F1: 0.9524
Epoch 338: Time: 0.0424 Cost: 0.4601 Pre: 0.9091 Re: 1.0000 Acc: 0.9959 F1: 0.9524
Epoch 339: Time: 0.0417 Cost: 0.4586 Pre: 0.9091 Re: 1.0000 Acc: 0.9959 F1: 0.9524
Epoch 340: Time: 0.0440 Cost: 0.4570 Pre: 0.9091 Re: 1.0000 Acc: 0.9959 F1: 0.9524


--------------------------------------------------------------------
Eval results: Cost:0.0990 Pre:1.0000 Re:1.0000 Acc:1.0000 F1:1.0000
--------------------------------------------------------------------

Epoch 341: Time: 0.0438 Cost: 0.4555 Pre: 0.9091 Re: 1.0000 Acc: 0.9959 F1: 0.9524
Epoch 342: Time: 0.0419 Cost: 0.4539 Pre: 0.9091 Re: 1.0000 Acc: 0.9959 F1: 0.9524
Epoch 343: Time: 0.0411 Cost: 0.4523 Pre: 0.9091 Re: 1.0000 Acc: 0.9959 F1: 0.9524
Epoch 344: Time: 0.0426 Cost: 0.4508 Pre: 0.9091 Re: 1.0000 Acc: 0.9959 F1: 0.9524
Epoch 345: Time: 0.0410 Cost: 0.4492 Pre: 0.9091 Re: 1.0000 Acc: 0.9959 F1: 0.9524
Epoch 346: Time: 0.0426 Cost: 0.4476 Pre: 0.9091 Re: 1.0000 Acc: 0.9959 F1: 0.9524
Epoch 347: Time: 0.0412 Cost: 0.4461 Pre: 0.9091 Re: 1.0000 Acc: 0.9959 F1: 0.9524
Epoch 348: Time: 0.0411 Cost: 0.4445 Pre: 0.9091 Re: 1.0000 Acc: 0.9959 F1: 0.9524
Epoch 349: Time: 0.0430 Cost: 0.4430 Pre: 0.9091 Re: 1.0000 Acc: 0.9959 F1: 0.9524
Epoch 350: Time: 0.0403 Cost: 0.4415 Pre: 0.9091 Re: 1.0000 Acc: 0.9959 F1: 0.9524


--------------------------------------------------------------------
Eval results: Cost:0.0859 Pre:1.0000 Re:1.0000 Acc:1.0000 F1:1.0000
--------------------------------------------------------------------

Epoch 351: Time: 0.0404 Cost: 0.4400 Pre: 0.9091 Re: 1.0000 Acc: 0.9959 F1: 0.9524
Epoch 352: Time: 0.0402 Cost: 0.4385 Pre: 0.9091 Re: 1.0000 Acc: 0.9959 F1: 0.9524
Epoch 353: Time: 0.0423 Cost: 0.4370 Pre: 0.9091 Re: 1.0000 Acc: 0.9959 F1: 0.9524
Epoch 354: Time: 0.0400 Cost: 0.4355 Pre: 0.9091 Re: 1.0000 Acc: 0.9959 F1: 0.9524
Epoch 355: Time: 0.0426 Cost: 0.4341 Pre: 0.9091 Re: 1.0000 Acc: 0.9959 F1: 0.9524
Epoch 356: Time: 0.0402 Cost: 0.4326 Pre: 0.9091 Re: 1.0000 Acc: 0.9959 F1: 0.9524
Epoch 357: Time: 0.0428 Cost: 0.4312 Pre: 0.9091 Re: 1.0000 Acc: 0.9959 F1: 0.9524
Epoch 358: Time: 0.0426 Cost: 0.4298 Pre: 0.9091 Re: 1.0000 Acc: 0.9959 F1: 0.9524
Epoch 359: Time: 0.0405 Cost: 0.4284 Pre: 0.9091 Re: 1.0000 Acc: 0.9959 F1: 0.9524
Epoch 360: Time: 0.0426 Cost: 0.4270 Pre: 0.9091 Re: 1.0000 Acc: 0.9959 F1: 0.9524


--------------------------------------------------------------------
Eval results: Cost:0.0744 Pre:1.0000 Re:1.0000 Acc:1.0000 F1:1.0000
--------------------------------------------------------------------

Epoch 361: Time: 0.0406 Cost: 0.4257 Pre: 0.9091 Re: 1.0000 Acc: 0.9959 F1: 0.9524
Epoch 362: Time: 0.0425 Cost: 0.4243 Pre: 0.9091 Re: 1.0000 Acc: 0.9959 F1: 0.9524
Epoch 363: Time: 0.0409 Cost: 0.4230 Pre: 0.9091 Re: 1.0000 Acc: 0.9959 F1: 0.9524
Epoch 364: Time: 0.0436 Cost: 0.4217 Pre: 0.9091 Re: 1.0000 Acc: 0.9959 F1: 0.9524
Epoch 365: Time: 0.0408 Cost: 0.4204 Pre: 0.9091 Re: 1.0000 Acc: 0.9959 F1: 0.9524
Epoch 366: Time: 0.0412 Cost: 0.4191 Pre: 0.9091 Re: 1.0000 Acc: 0.9959 F1: 0.9524
Epoch 367: Time: 0.0428 Cost: 0.4178 Pre: 0.9091 Re: 1.0000 Acc: 0.9959 F1: 0.9524
Epoch 368: Time: 0.0420 Cost: 0.4166 Pre: 0.9091 Re: 1.0000 Acc: 0.9959 F1: 0.9524
Epoch 369: Time: 0.0443 Cost: 0.4153 Pre: 0.9091 Re: 1.0000 Acc: 0.9959 F1: 0.9524
Epoch 370: Time: 0.0427 Cost: 0.4141 Pre: 0.9091 Re: 1.0000 Acc: 0.9959 F1: 0.9524


--------------------------------------------------------------------
Eval results: Cost:0.0642 Pre:1.0000 Re:1.0000 Acc:1.0000 F1:1.0000
--------------------------------------------------------------------

Epoch 371: Time: 0.0438 Cost: 0.4129 Pre: 0.9091 Re: 1.0000 Acc: 0.9959 F1: 0.9524
Epoch 372: Time: 0.0416 Cost: 0.4117 Pre: 0.9091 Re: 1.0000 Acc: 0.9959 F1: 0.9524
Epoch 373: Time: 0.0426 Cost: 0.4106 Pre: 0.9091 Re: 1.0000 Acc: 0.9959 F1: 0.9524
Epoch 374: Time: 0.0408 Cost: 0.4094 Pre: 0.9091 Re: 1.0000 Acc: 0.9959 F1: 0.9524
Epoch 375: Time: 0.0411 Cost: 0.4083 Pre: 0.9091 Re: 1.0000 Acc: 0.9959 F1: 0.9524
Epoch 376: Time: 0.0432 Cost: 0.4072 Pre: 0.9091 Re: 1.0000 Acc: 0.9959 F1: 0.9524
Epoch 377: Time: 0.0409 Cost: 0.4061 Pre: 0.9091 Re: 1.0000 Acc: 0.9959 F1: 0.9524
Epoch 378: Time: 0.0427 Cost: 0.4050 Pre: 0.9091 Re: 1.0000 Acc: 0.9959 F1: 0.9524
Epoch 379: Time: 0.0400 Cost: 0.4039 Pre: 0.9091 Re: 1.0000 Acc: 0.9959 F1: 0.9524
Epoch 380: Time: 0.0397 Cost: 0.4030 Pre: 0.9091 Re: 1.0000 Acc: 0.9959 F1: 0.9524


--------------------------------------------------------------------
Eval results: Cost:0.0552 Pre:1.0000 Re:1.0000 Acc:1.0000 F1:1.0000
--------------------------------------------------------------------

Epoch 381: Time: 0.0400 Cost: 0.4019 Pre: 0.9091 Re: 1.0000 Acc: 0.9959 F1: 0.9524
Epoch 382: Time: 0.0414 Cost: 0.4008 Pre: 0.9091 Re: 1.0000 Acc: 0.9959 F1: 0.9524
Epoch 383: Time: 0.0388 Cost: 0.3998 Pre: 0.9091 Re: 1.0000 Acc: 0.9959 F1: 0.9524
Epoch 384: Time: 0.0395 Cost: 0.3988 Pre: 0.9091 Re: 1.0000 Acc: 0.9959 F1: 0.9524
Epoch 385: Time: 0.0413 Cost: 0.3978 Pre: 0.9091 Re: 1.0000 Acc: 0.9959 F1: 0.9524
Epoch 386: Time: 0.0403 Cost: 0.3969 Pre: 0.9091 Re: 1.0000 Acc: 0.9959 F1: 0.9524
Epoch 387: Time: 0.0407 Cost: 0.3959 Pre: 0.9091 Re: 1.0000 Acc: 0.9959 F1: 0.9524
Epoch 388: Time: 0.0392 Cost: 0.3950 Pre: 0.9091 Re: 1.0000 Acc: 0.9959 F1: 0.9524
Epoch 389: Time: 0.0389 Cost: 0.3940 Pre: 0.9091 Re: 1.0000 Acc: 0.9959 F1: 0.9524
Epoch 390: Time: 0.0409 Cost: 0.3931 Pre: 0.9091 Re: 1.0000 Acc: 0.9959 F1: 0.9524


--------------------------------------------------------------------
Eval results: Cost:0.0476 Pre:1.0000 Re:1.0000 Acc:1.0000 F1:1.0000
--------------------------------------------------------------------

Epoch 391: Time: 0.0388 Cost: 0.3922 Pre: 0.9091 Re: 1.0000 Acc: 0.9959 F1: 0.9524
Epoch 392: Time: 0.0424 Cost: 0.3914 Pre: 0.9091 Re: 1.0000 Acc: 0.9959 F1: 0.9524
Epoch 393: Time: 0.0389 Cost: 0.3905 Pre: 0.9091 Re: 1.0000 Acc: 0.9959 F1: 0.9524
Epoch 394: Time: 0.0413 Cost: 0.3896 Pre: 0.9091 Re: 1.0000 Acc: 0.9959 F1: 0.9524
Epoch 395: Time: 0.0390 Cost: 0.3888 Pre: 0.9091 Re: 1.0000 Acc: 0.9959 F1: 0.9524
Epoch 396: Time: 0.0389 Cost: 0.3879 Pre: 0.9091 Re: 1.0000 Acc: 0.9959 F1: 0.9524
Epoch 397: Time: 0.0409 Cost: 0.3871 Pre: 0.9091 Re: 1.0000 Acc: 0.9959 F1: 0.9524
Epoch 398: Time: 0.0398 Cost: 0.3863 Pre: 0.9091 Re: 1.0000 Acc: 0.9959 F1: 0.9524
Epoch 399: Time: 0.0406 Cost: 0.3855 Pre: 0.9091 Re: 1.0000 Acc: 0.9959 F1: 0.9524
Epoch 400: Time: 0.0436 Cost: 0.3847 Pre: 0.9091 Re: 1.0000 Acc: 0.9959 F1: 0.9524


--------------------------------------------------------------------
Eval results: Cost:0.0410 Pre:1.0000 Re:1.0000 Acc:1.0000 F1:1.0000
--------------------------------------------------------------------

Epoch 401: Time: 0.0418 Cost: 0.3840 Pre: 0.9091 Re: 1.0000 Acc: 0.9959 F1: 0.9524
Epoch 402: Time: 0.0391 Cost: 0.3832 Pre: 0.9091 Re: 1.0000 Acc: 0.9959 F1: 0.9524
Epoch 403: Time: 0.0393 Cost: 0.3825 Pre: 0.9091 Re: 1.0000 Acc: 0.9959 F1: 0.9524
Epoch 404: Time: 0.0413 Cost: 0.3817 Pre: 0.9091 Re: 1.0000 Acc: 0.9959 F1: 0.9524
Epoch 405: Time: 0.0390 Cost: 0.3810 Pre: 0.9091 Re: 1.0000 Acc: 0.9959 F1: 0.9524
Epoch 406: Time: 0.0409 Cost: 0.3803 Pre: 0.9091 Re: 1.0000 Acc: 0.9959 F1: 0.9524
Epoch 407: Time: 0.0394 Cost: 0.3796 Pre: 0.9091 Re: 1.0000 Acc: 0.9959 F1: 0.9524
Epoch 408: Time: 0.0391 Cost: 0.3789 Pre: 0.9091 Re: 1.0000 Acc: 0.9959 F1: 0.9524
Epoch 409: Time: 0.0423 Cost: 0.3782 Pre: 0.9091 Re: 1.0000 Acc: 0.9959 F1: 0.9524
Epoch 410: Time: 0.0389 Cost: 0.3775 Pre: 0.9091 Re: 1.0000 Acc: 0.9959 F1: 0.9524


--------------------------------------------------------------------
Eval results: Cost:0.0352 Pre:1.0000 Re:1.0000 Acc:1.0000 F1:1.0000
--------------------------------------------------------------------

Epoch 411: Time: 0.0393 Cost: 0.3769 Pre: 0.9091 Re: 1.0000 Acc: 0.9959 F1: 0.9524
Epoch 412: Time: 0.0391 Cost: 0.3762 Pre: 0.9091 Re: 1.0000 Acc: 0.9959 F1: 0.9524
Epoch 413: Time: 0.0417 Cost: 0.3756 Pre: 0.9091 Re: 1.0000 Acc: 0.9959 F1: 0.9524
Epoch 414: Time: 0.0393 Cost: 0.3749 Pre: 0.9091 Re: 1.0000 Acc: 0.9959 F1: 0.9524
Epoch 415: Time: 0.0398 Cost: 0.3743 Pre: 0.9091 Re: 1.0000 Acc: 0.9959 F1: 0.9524
Epoch 416: Time: 0.0409 Cost: 0.3737 Pre: 0.9091 Re: 1.0000 Acc: 0.9959 F1: 0.9524
Epoch 417: Time: 0.0390 Cost: 0.3731 Pre: 0.9091 Re: 1.0000 Acc: 0.9959 F1: 0.9524
Epoch 418: Time: 0.0411 Cost: 0.3725 Pre: 0.9091 Re: 1.0000 Acc: 0.9959 F1: 0.9524
Epoch 419: Time: 0.0390 Cost: 0.3719 Pre: 0.9091 Re: 1.0000 Acc: 0.9959 F1: 0.9524
Epoch 420: Time: 0.0388 Cost: 0.3713 Pre: 0.9091 Re: 1.0000 Acc: 0.9959 F1: 0.9524


--------------------------------------------------------------------
Eval results: Cost:0.0303 Pre:1.0000 Re:1.0000 Acc:1.0000 F1:1.0000
--------------------------------------------------------------------

Epoch 421: Time: 0.0397 Cost: 0.3708 Pre: 0.9091 Re: 1.0000 Acc: 0.9959 F1: 0.9524
Epoch 422: Time: 0.0410 Cost: 0.3702 Pre: 0.9091 Re: 1.0000 Acc: 0.9959 F1: 0.9524
Epoch 423: Time: 0.0393 Cost: 0.3697 Pre: 0.9091 Re: 1.0000 Acc: 0.9959 F1: 0.9524
Epoch 424: Time: 0.0389 Cost: 0.3691 Pre: 0.9091 Re: 1.0000 Acc: 0.9959 F1: 0.9524
Epoch 425: Time: 0.0420 Cost: 0.3686 Pre: 0.9091 Re: 1.0000 Acc: 0.9959 F1: 0.9524
Epoch 426: Time: 0.0391 Cost: 0.3681 Pre: 0.9091 Re: 1.0000 Acc: 0.9959 F1: 0.9524
Epoch 427: Time: 0.0390 Cost: 0.3675 Pre: 0.9091 Re: 1.0000 Acc: 0.9959 F1: 0.9524
Epoch 428: Time: 0.0414 Cost: 0.3670 Pre: 0.9091 Re: 1.0000 Acc: 0.9959 F1: 0.9524
Epoch 429: Time: 0.0389 Cost: 0.3665 Pre: 0.9091 Re: 1.0000 Acc: 0.9959 F1: 0.9524
Epoch 430: Time: 0.0412 Cost: 0.3660 Pre: 0.9091 Re: 1.0000 Acc: 0.9959 F1: 0.9524


--------------------------------------------------------------------
Eval results: Cost:0.0261 Pre:1.0000 Re:1.0000 Acc:1.0000 F1:1.0000
--------------------------------------------------------------------

Epoch 431: Time: 0.0392 Cost: 0.3656 Pre: 0.9091 Re: 1.0000 Acc: 0.9959 F1: 0.9524
Epoch 432: Time: 0.0414 Cost: 0.3651 Pre: 0.9091 Re: 1.0000 Acc: 0.9959 F1: 0.9524
Epoch 433: Time: 0.0391 Cost: 0.3646 Pre: 0.9091 Re: 1.0000 Acc: 0.9959 F1: 0.9524
Epoch 434: Time: 0.0409 Cost: 0.3642 Pre: 0.9091 Re: 1.0000 Acc: 0.9959 F1: 0.9524
Epoch 435: Time: 0.0393 Cost: 0.3637 Pre: 0.9091 Re: 1.0000 Acc: 0.9959 F1: 0.9524
Epoch 436: Time: 0.0391 Cost: 0.3633 Pre: 0.9091 Re: 1.0000 Acc: 0.9959 F1: 0.9524
Epoch 437: Time: 0.0412 Cost: 0.3628 Pre: 0.9091 Re: 1.0000 Acc: 0.9959 F1: 0.9524
Epoch 438: Time: 0.0400 Cost: 0.3624 Pre: 0.9091 Re: 1.0000 Acc: 0.9959 F1: 0.9524
Epoch 439: Time: 0.0391 Cost: 0.3620 Pre: 0.9091 Re: 1.0000 Acc: 0.9959 F1: 0.9524
Epoch 440: Time: 0.0414 Cost: 0.3616 Pre: 0.9091 Re: 1.0000 Acc: 0.9959 F1: 0.9524


--------------------------------------------------------------------
Eval results: Cost:0.0225 Pre:1.0000 Re:1.0000 Acc:1.0000 F1:1.0000
--------------------------------------------------------------------

Epoch 441: Time: 0.0414 Cost: 0.3612 Pre: 0.9091 Re: 1.0000 Acc: 0.9959 F1: 0.9524
Epoch 442: Time: 0.0391 Cost: 0.3608 Pre: 0.9091 Re: 1.0000 Acc: 0.9959 F1: 0.9524
Epoch 443: Time: 0.0389 Cost: 0.3604 Pre: 0.9091 Re: 1.0000 Acc: 0.9959 F1: 0.9524
Epoch 444: Time: 0.0412 Cost: 0.3600 Pre: 0.9091 Re: 1.0000 Acc: 0.9959 F1: 0.9524
Epoch 445: Time: 0.0390 Cost: 0.3596 Pre: 0.9091 Re: 1.0000 Acc: 0.9959 F1: 0.9524
Epoch 446: Time: 0.0413 Cost: 0.3592 Pre: 0.9091 Re: 1.0000 Acc: 0.9959 F1: 0.9524
Epoch 447: Time: 0.0420 Cost: 0.3588 Pre: 0.9091 Re: 1.0000 Acc: 0.9959 F1: 0.9524
Epoch 448: Time: 0.0389 Cost: 0.3585 Pre: 0.9091 Re: 1.0000 Acc: 0.9959 F1: 0.9524
Epoch 449: Time: 0.0413 Cost: 0.3581 Pre: 0.9091 Re: 1.0000 Acc: 0.9959 F1: 0.9524
Epoch 450: Time: 0.0404 Cost: 0.3578 Pre: 0.9091 Re: 1.0000 Acc: 0.9959 F1: 0.9524


--------------------------------------------------------------------
Eval results: Cost:0.0194 Pre:1.0000 Re:1.0000 Acc:1.0000 F1:1.0000
--------------------------------------------------------------------

Epoch 451: Time: 0.0422 Cost: 0.3574 Pre: 0.9091 Re: 1.0000 Acc: 0.9959 F1: 0.9524
Epoch 452: Time: 0.0389 Cost: 0.3571 Pre: 0.9091 Re: 1.0000 Acc: 0.9959 F1: 0.9524
Epoch 453: Time: 0.0415 Cost: 0.3567 Pre: 0.9091 Re: 1.0000 Acc: 0.9959 F1: 0.9524
Epoch 454: Time: 0.0400 Cost: 0.3564 Pre: 0.9091 Re: 1.0000 Acc: 0.9959 F1: 0.9524
Epoch 455: Time: 0.0389 Cost: 0.3561 Pre: 0.9091 Re: 1.0000 Acc: 0.9959 F1: 0.9524
Epoch 456: Time: 0.0415 Cost: 0.3558 Pre: 0.9091 Re: 1.0000 Acc: 0.9959 F1: 0.9524
Epoch 457: Time: 0.0390 Cost: 0.3555 Pre: 0.9091 Re: 1.0000 Acc: 0.9959 F1: 0.9524
Epoch 458: Time: 0.0414 Cost: 0.3552 Pre: 0.9091 Re: 1.0000 Acc: 0.9959 F1: 0.9524
Epoch 459: Time: 0.0393 Cost: 0.3552 Pre: 0.9091 Re: 1.0000 Acc: 0.9959 F1: 0.9524
Epoch 460: Time: 0.0392 Cost: 0.3554 Pre: 0.9091 Re: 1.0000 Acc: 0.9959 F1: 0.9524


--------------------------------------------------------------------
Eval results: Cost:0.0179 Pre:1.0000 Re:1.0000 Acc:1.0000 F1:1.0000
--------------------------------------------------------------------

Epoch 461: Time: 0.0398 Cost: 0.3548 Pre: 0.9091 Re: 1.0000 Acc: 0.9959 F1: 0.9524
Epoch 462: Time: 0.0389 Cost: 0.3543 Pre: 0.9091 Re: 1.0000 Acc: 0.9959 F1: 0.9524
Epoch 463: Time: 0.0414 Cost: 0.3540 Pre: 0.9091 Re: 1.0000 Acc: 0.9959 F1: 0.9524
Epoch 464: Time: 0.0388 Cost: 0.3536 Pre: 0.9091 Re: 1.0000 Acc: 0.9959 F1: 0.9524
Epoch 465: Time: 0.0411 Cost: 0.3533 Pre: 0.9091 Re: 1.0000 Acc: 0.9959 F1: 0.9524
Epoch 466: Time: 0.0391 Cost: 0.3529 Pre: 0.9091 Re: 1.0000 Acc: 0.9959 F1: 0.9524
Epoch 467: Time: 0.0388 Cost: 0.3527 Pre: 0.9091 Re: 1.0000 Acc: 0.9959 F1: 0.9524
Epoch 468: Time: 0.0415 Cost: 0.3524 Pre: 0.9091 Re: 1.0000 Acc: 0.9959 F1: 0.9524
Epoch 469: Time: 0.0388 Cost: 0.3522 Pre: 0.9091 Re: 1.0000 Acc: 0.9959 F1: 0.9524
Epoch 470: Time: 0.0407 Cost: 0.3519 Pre: 0.9091 Re: 1.0000 Acc: 0.9959 F1: 0.9524


--------------------------------------------------------------------
Eval results: Cost:0.0149 Pre:1.0000 Re:1.0000 Acc:1.0000 F1:1.0000
--------------------------------------------------------------------

Epoch 471: Time: 0.0390 Cost: 0.3517 Pre: 0.9091 Re: 1.0000 Acc: 0.9959 F1: 0.9524
Epoch 472: Time: 0.0420 Cost: 0.3514 Pre: 0.9091 Re: 1.0000 Acc: 0.9959 F1: 0.9524
Epoch 473: Time: 0.0389 Cost: 0.3512 Pre: 0.9091 Re: 1.0000 Acc: 0.9959 F1: 0.9524
Epoch 474: Time: 0.0387 Cost: 0.3509 Pre: 0.9091 Re: 1.0000 Acc: 0.9959 F1: 0.9524
Epoch 475: Time: 0.0413 Cost: 0.3507 Pre: 0.9091 Re: 1.0000 Acc: 0.9959 F1: 0.9524
Epoch 476: Time: 0.0389 Cost: 0.3505 Pre: 0.9091 Re: 1.0000 Acc: 0.9959 F1: 0.9524
Epoch 477: Time: 0.0420 Cost: 0.3503 Pre: 0.9091 Re: 1.0000 Acc: 0.9959 F1: 0.9524
Epoch 478: Time: 0.0391 Cost: 0.3500 Pre: 0.9091 Re: 1.0000 Acc: 0.9959 F1: 0.9524
Epoch 479: Time: 0.0388 Cost: 0.3498 Pre: 0.9091 Re: 1.0000 Acc: 0.9959 F1: 0.9524
Epoch 480: Time: 0.0414 Cost: 0.3496 Pre: 0.9091 Re: 1.0000 Acc: 0.9959 F1: 0.9524


--------------------------------------------------------------------
Eval results: Cost:0.0130 Pre:1.0000 Re:1.0000 Acc:1.0000 F1:1.0000
--------------------------------------------------------------------

Epoch 481: Time: 0.0403 Cost: 0.3494 Pre: 0.9091 Re: 1.0000 Acc: 0.9959 F1: 0.9524
Epoch 482: Time: 0.0393 Cost: 0.3492 Pre: 0.9091 Re: 1.0000 Acc: 0.9959 F1: 0.9524
Epoch 483: Time: 0.0397 Cost: 0.3490 Pre: 0.9091 Re: 1.0000 Acc: 0.9959 F1: 0.9524
Epoch 484: Time: 0.0412 Cost: 0.3488 Pre: 0.9091 Re: 1.0000 Acc: 0.9959 F1: 0.9524
Epoch 485: Time: 0.0389 Cost: 0.3486 Pre: 0.9091 Re: 1.0000 Acc: 0.9959 F1: 0.9524
Epoch 486: Time: 0.0388 Cost: 0.3485 Pre: 0.9091 Re: 1.0000 Acc: 0.9959 F1: 0.9524
Epoch 487: Time: 0.0415 Cost: 0.3483 Pre: 0.9091 Re: 1.0000 Acc: 0.9959 F1: 0.9524
Epoch 488: Time: 0.0388 Cost: 0.3481 Pre: 0.9091 Re: 1.0000 Acc: 0.9959 F1: 0.9524
Epoch 489: Time: 0.0412 Cost: 0.3480 Pre: 0.9091 Re: 1.0000 Acc: 0.9959 F1: 0.9524
Epoch 490: Time: 0.0437 Cost: 0.3478 Pre: 0.9091 Re: 1.0000 Acc: 0.9959 F1: 0.9524


--------------------------------------------------------------------
Eval results: Cost:0.0115 Pre:1.0000 Re:1.0000 Acc:1.0000 F1:1.0000
--------------------------------------------------------------------

Epoch 491: Time: 0.0413 Cost: 0.3476 Pre: 0.9091 Re: 1.0000 Acc: 0.9959 F1: 0.9524
Epoch 492: Time: 0.0387 Cost: 0.3474 Pre: 0.9091 Re: 1.0000 Acc: 0.9959 F1: 0.9524
Epoch 493: Time: 0.0411 Cost: 0.3472 Pre: 0.9091 Re: 1.0000 Acc: 0.9959 F1: 0.9524
Epoch 494: Time: 0.0390 Cost: 0.3470 Pre: 0.9091 Re: 1.0000 Acc: 0.9959 F1: 0.9524
Epoch 495: Time: 0.0388 Cost: 0.3469 Pre: 0.9091 Re: 1.0000 Acc: 0.9959 F1: 0.9524
Epoch 496: Time: 0.0415 Cost: 0.3467 Pre: 0.9091 Re: 1.0000 Acc: 0.9959 F1: 0.9524
Epoch 497: Time: 0.0390 Cost: 0.3466 Pre: 0.9091 Re: 1.0000 Acc: 0.9959 F1: 0.9524
Epoch 498: Time: 0.0391 Cost: 0.3464 Pre: 0.9091 Re: 1.0000 Acc: 0.9959 F1: 0.9524
Epoch 499: Time: 0.0413 Cost: 0.3462 Pre: 0.9091 Re: 1.0000 Acc: 0.9959 F1: 0.9524
Epoch 500: Time: 0.0399 Cost: 0.3461 Pre: 0.9091 Re: 1.0000 Acc: 0.9959 F1: 0.9524


--------------------------------------------------------------------
Eval results: Cost:0.0101 Pre:1.0000 Re:1.0000 Acc:1.0000 F1:1.0000
--------------------------------------------------------------------

Epoch 501: Time: 0.0392 Cost: 0.3460 Pre: 0.9091 Re: 1.0000 Acc: 0.9959 F1: 0.9524
Epoch 502: Time: 0.0396 Cost: 0.3458 Pre: 0.9091 Re: 1.0000 Acc: 0.9959 F1: 0.9524
Epoch 503: Time: 0.0418 Cost: 0.3457 Pre: 0.9091 Re: 1.0000 Acc: 0.9959 F1: 0.9524
Epoch 504: Time: 0.0432 Cost: 0.3455 Pre: 0.9091 Re: 1.0000 Acc: 0.9959 F1: 0.9524
Epoch 505: Time: 0.0468 Cost: 0.3454 Pre: 0.9091 Re: 1.0000 Acc: 0.9959 F1: 0.9524
Epoch 506: Time: 0.0461 Cost: 0.3452 Pre: 0.9091 Re: 1.0000 Acc: 0.9959 F1: 0.9524
Epoch 507: Time: 0.0396 Cost: 0.3451 Pre: 0.9091 Re: 1.0000 Acc: 0.9959 F1: 0.9524
Epoch 508: Time: 0.0413 Cost: 0.3450 Pre: 0.9091 Re: 1.0000 Acc: 0.9959 F1: 0.9524
Epoch 509: Time: 0.0390 Cost: 0.3448 Pre: 0.9091 Re: 1.0000 Acc: 0.9959 F1: 0.9524
Epoch 510: Time: 0.0415 Cost: 0.3447 Pre: 0.9091 Re: 1.0000 Acc: 0.9959 F1: 0.9524


--------------------------------------------------------------------
Eval results: Cost:0.0090 Pre:1.0000 Re:1.0000 Acc:1.0000 F1:1.0000
--------------------------------------------------------------------

Epoch 511: Time: 0.0390 Cost: 0.3446 Pre: 0.9091 Re: 1.0000 Acc: 0.9959 F1: 0.9524
Epoch 512: Time: 0.0413 Cost: 0.3445 Pre: 0.9091 Re: 1.0000 Acc: 0.9959 F1: 0.9524
Epoch 513: Time: 0.0388 Cost: 0.3444 Pre: 0.9091 Re: 1.0000 Acc: 0.9959 F1: 0.9524
Epoch 514: Time: 0.0413 Cost: 0.3442 Pre: 0.9091 Re: 1.0000 Acc: 0.9959 F1: 0.9524
Epoch 515: Time: 0.0395 Cost: 0.3441 Pre: 0.9091 Re: 1.0000 Acc: 0.9959 F1: 0.9524
Epoch 516: Time: 0.0390 Cost: 0.3440 Pre: 0.9091 Re: 1.0000 Acc: 0.9959 F1: 0.9524
Epoch 517: Time: 0.0413 Cost: 0.3439 Pre: 0.9091 Re: 1.0000 Acc: 0.9959 F1: 0.9524
Epoch 518: Time: 0.0390 Cost: 0.3438 Pre: 0.9091 Re: 1.0000 Acc: 0.9959 F1: 0.9524
Epoch 519: Time: 0.0398 Cost: 0.3437 Pre: 0.9091 Re: 1.0000 Acc: 0.9959 F1: 0.9524
Epoch 520: Time: 0.0412 Cost: 0.3436 Pre: 0.9091 Re: 1.0000 Acc: 0.9959 F1: 0.9524


--------------------------------------------------------------------
Eval results: Cost:0.0081 Pre:1.0000 Re:1.0000 Acc:1.0000 F1:1.0000
--------------------------------------------------------------------

Epoch 521: Time: 0.0414 Cost: 0.3435 Pre: 0.9091 Re: 1.0000 Acc: 0.9959 F1: 0.9524
Epoch 522: Time: 0.0393 Cost: 0.3434 Pre: 0.9091 Re: 1.0000 Acc: 0.9959 F1: 0.9524
Epoch 523: Time: 0.0391 Cost: 0.3432 Pre: 0.9091 Re: 1.0000 Acc: 0.9959 F1: 0.9524
Epoch 524: Time: 0.0413 Cost: 0.3431 Pre: 0.9091 Re: 1.0000 Acc: 0.9959 F1: 0.9524
Epoch 525: Time: 0.0388 Cost: 0.3430 Pre: 0.9091 Re: 1.0000 Acc: 0.9959 F1: 0.9524
Epoch 526: Time: 0.0408 Cost: 0.3429 Pre: 0.9091 Re: 1.0000 Acc: 0.9959 F1: 0.9524
Epoch 527: Time: 0.0390 Cost: 0.3429 Pre: 0.9091 Re: 1.0000 Acc: 0.9959 F1: 0.9524
Epoch 528: Time: 0.0399 Cost: 0.3428 Pre: 0.9091 Re: 1.0000 Acc: 0.9959 F1: 0.9524
Epoch 529: Time: 0.0419 Cost: 0.3427 Pre: 0.9091 Re: 1.0000 Acc: 0.9959 F1: 0.9524
Epoch 530: Time: 0.0406 Cost: 0.3426 Pre: 0.9091 Re: 1.0000 Acc: 0.9959 F1: 0.9524


--------------------------------------------------------------------
Eval results: Cost:0.0073 Pre:1.0000 Re:1.0000 Acc:1.0000 F1:1.0000
--------------------------------------------------------------------

Epoch 531: Time: 0.0412 Cost: 0.3425 Pre: 0.9091 Re: 1.0000 Acc: 0.9959 F1: 0.9524
Epoch 532: Time: 0.0389 Cost: 0.3424 Pre: 0.9091 Re: 1.0000 Acc: 0.9959 F1: 0.9524
Epoch 533: Time: 0.0410 Cost: 0.3423 Pre: 0.9091 Re: 1.0000 Acc: 0.9959 F1: 0.9524
Epoch 534: Time: 0.0389 Cost: 0.3422 Pre: 0.9091 Re: 1.0000 Acc: 0.9959 F1: 0.9524
Epoch 535: Time: 0.0390 Cost: 0.3421 Pre: 0.9091 Re: 1.0000 Acc: 0.9959 F1: 0.9524
Epoch 536: Time: 0.0411 Cost: 0.3420 Pre: 0.9091 Re: 1.0000 Acc: 0.9959 F1: 0.9524
Epoch 537: Time: 0.0390 Cost: 0.3420 Pre: 0.9091 Re: 1.0000 Acc: 0.9959 F1: 0.9524
Epoch 538: Time: 0.0409 Cost: 0.3419 Pre: 0.9091 Re: 1.0000 Acc: 0.9959 F1: 0.9524
Epoch 539: Time: 0.0393 Cost: 0.3418 Pre: 0.9091 Re: 1.0000 Acc: 0.9959 F1: 0.9524
Epoch 540: Time: 0.0391 Cost: 0.3417 Pre: 0.9091 Re: 1.0000 Acc: 0.9959 F1: 0.9524


--------------------------------------------------------------------
Eval results: Cost:0.0067 Pre:1.0000 Re:1.0000 Acc:1.0000 F1:1.0000
--------------------------------------------------------------------

Epoch 541: Time: 0.0391 Cost: 0.3416 Pre: 0.9091 Re: 1.0000 Acc: 0.9959 F1: 0.9524
Epoch 542: Time: 0.0391 Cost: 0.3416 Pre: 0.9091 Re: 1.0000 Acc: 0.9959 F1: 0.9524
Epoch 543: Time: 0.0415 Cost: 0.3415 Pre: 0.9091 Re: 1.0000 Acc: 0.9959 F1: 0.9524
Epoch 544: Time: 0.0388 Cost: 0.3414 Pre: 0.9091 Re: 1.0000 Acc: 0.9959 F1: 0.9524
Epoch 545: Time: 0.0419 Cost: 0.3413 Pre: 0.9091 Re: 1.0000 Acc: 0.9959 F1: 0.9524
Epoch 546: Time: 0.0389 Cost: 0.3413 Pre: 0.9091 Re: 1.0000 Acc: 0.9959 F1: 0.9524
Epoch 547: Time: 0.0391 Cost: 0.3412 Pre: 0.9091 Re: 1.0000 Acc: 0.9959 F1: 0.9524
Epoch 548: Time: 0.0414 Cost: 0.3411 Pre: 0.9091 Re: 1.0000 Acc: 0.9959 F1: 0.9524
Epoch 549: Time: 0.0389 Cost: 0.3411 Pre: 0.9091 Re: 1.0000 Acc: 0.9959 F1: 0.9524
Epoch 550: Time: 0.0408 Cost: 0.3410 Pre: 0.9091 Re: 1.0000 Acc: 0.9959 F1: 0.9524


--------------------------------------------------------------------
Eval results: Cost:0.0061 Pre:1.0000 Re:1.0000 Acc:1.0000 F1:1.0000
--------------------------------------------------------------------

Epoch 551: Time: 0.0390 Cost: 0.3409 Pre: 0.9091 Re: 1.0000 Acc: 0.9959 F1: 0.9524
Epoch 552: Time: 0.0410 Cost: 0.3409 Pre: 0.9091 Re: 1.0000 Acc: 0.9959 F1: 0.9524
Epoch 553: Time: 0.0388 Cost: 0.3408 Pre: 0.9091 Re: 1.0000 Acc: 0.9959 F1: 0.9524
Epoch 554: Time: 0.0388 Cost: 0.3407 Pre: 0.9091 Re: 1.0000 Acc: 0.9959 F1: 0.9524
Epoch 555: Time: 0.0416 Cost: 0.3407 Pre: 0.9091 Re: 1.0000 Acc: 0.9959 F1: 0.9524
Epoch 556: Time: 0.0387 Cost: 0.3406 Pre: 0.9091 Re: 1.0000 Acc: 0.9959 F1: 0.9524
Epoch 557: Time: 0.0410 Cost: 0.3405 Pre: 0.9091 Re: 1.0000 Acc: 0.9959 F1: 0.9524
Epoch 558: Time: 0.0389 Cost: 0.3405 Pre: 0.9091 Re: 1.0000 Acc: 0.9959 F1: 0.9524
Epoch 559: Time: 0.0388 Cost: 0.3404 Pre: 0.9091 Re: 1.0000 Acc: 0.9959 F1: 0.9524
Epoch 560: Time: 0.0410 Cost: 0.3404 Pre: 0.9091 Re: 1.0000 Acc: 0.9959 F1: 0.9524


--------------------------------------------------------------------
Eval results: Cost:0.0056 Pre:1.0000 Re:1.0000 Acc:1.0000 F1:1.0000
--------------------------------------------------------------------

Epoch 561: Time: 0.0388 Cost: 0.3403 Pre: 0.9091 Re: 1.0000 Acc: 0.9959 F1: 0.9524
Epoch 562: Time: 0.0414 Cost: 0.3403 Pre: 0.9091 Re: 1.0000 Acc: 0.9959 F1: 0.9524
Epoch 563: Time: 0.0390 Cost: 0.3402 Pre: 0.9091 Re: 1.0000 Acc: 0.9959 F1: 0.9524
Epoch 564: Time: 0.0404 Cost: 0.3401 Pre: 0.9091 Re: 1.0000 Acc: 0.9959 F1: 0.9524
Epoch 565: Time: 0.0394 Cost: 0.3401 Pre: 0.9091 Re: 1.0000 Acc: 0.9959 F1: 0.9524
Epoch 566: Time: 0.0388 Cost: 0.3400 Pre: 0.9091 Re: 1.0000 Acc: 0.9959 F1: 0.9524
Epoch 567: Time: 0.0409 Cost: 0.3400 Pre: 0.9091 Re: 1.0000 Acc: 0.9959 F1: 0.9524
Epoch 568: Time: 0.0398 Cost: 0.3399 Pre: 0.9091 Re: 1.0000 Acc: 0.9959 F1: 0.9524
Epoch 569: Time: 0.0410 Cost: 0.3399 Pre: 0.9091 Re: 1.0000 Acc: 0.9959 F1: 0.9524
Epoch 570: Time: 0.0391 Cost: 0.3398 Pre: 0.9091 Re: 1.0000 Acc: 0.9959 F1: 0.9524


--------------------------------------------------------------------
Eval results: Cost:0.0051 Pre:1.0000 Re:1.0000 Acc:1.0000 F1:1.0000
--------------------------------------------------------------------

Early stopping...
--------------------------------------------------------------------
--------------------------------------------------------------------
Test 464 samples take time: 0.1401
FP id:
[450]
Test results: Cost:0.2045 Pre:0.9167 Re:1.0000 Acc:0.9978 F1:0.9565
--------------------------------------------------------------------

