Load data
RNN type: MI Grammar: g1 Seed: 5
Model total parameters: 4216
Saving hinit ... 

Epoch 0: Time: 0.1259 Cost: 28.0824 Pre: 0.0000 Re: 0.0000 Acc: 0.5909 F1: 0.0000


--------------------------------------------------------------------
Eval results: Cost:24.8185 Pre:0.0000 Re:0.0000 Acc:0.6914 F1:0.0000
--------------------------------------------------------------------

Epoch 1: Time: 0.0389 Cost: 24.9034 Pre: 0.0000 Re: 0.0000 Acc: 0.6694 F1: 0.0000
Epoch 2: Time: 0.0385 Cost: 21.6937 Pre: 0.0000 Re: 0.0000 Acc: 0.7934 F1: 0.0000
Epoch 3: Time: 0.0383 Cost: 19.0573 Pre: 0.0000 Re: 0.0000 Acc: 0.8843 F1: 0.0000
Epoch 4: Time: 0.0384 Cost: 16.9113 Pre: 0.0000 Re: 0.0000 Acc: 0.9298 F1: 0.0000
Epoch 5: Time: 0.0383 Cost: 15.1434 Pre: 0.2000 Re: 0.1000 Acc: 0.9463 F1: 0.1333
Epoch 6: Time: 0.0382 Cost: 13.6750 Pre: 0.2000 Re: 0.1000 Acc: 0.9463 F1: 0.1333
Epoch 7: Time: 0.0384 Cost: 12.4383 Pre: 0.1667 Re: 0.1000 Acc: 0.9421 F1: 0.1250
Epoch 8: Time: 0.0382 Cost: 11.3746 Pre: 0.2000 Re: 0.1000 Acc: 0.9463 F1: 0.1333
Epoch 9: Time: 0.0384 Cost: 10.4356 Pre: 0.2000 Re: 0.1000 Acc: 0.9463 F1: 0.1333
Epoch 10: Time: 0.0385 Cost: 9.5847 Pre: 0.2000 Re: 0.1000 Acc: 0.9463 F1: 0.1333


--------------------------------------------------------------------
Eval results: Cost:7.7560 Pre:0.5000 Re:0.2500 Acc:0.9753 F1:0.3333
--------------------------------------------------------------------

Epoch 11: Time: 0.0400 Cost: 8.7965 Pre: 0.2000 Re: 0.1000 Acc: 0.9463 F1: 0.1333
Epoch 12: Time: 0.0390 Cost: 8.0533 Pre: 0.2000 Re: 0.1000 Acc: 0.9463 F1: 0.1333
Epoch 13: Time: 0.0395 Cost: 7.3512 Pre: 0.2000 Re: 0.1000 Acc: 0.9463 F1: 0.1333
Epoch 14: Time: 0.0384 Cost: 6.6939 Pre: 0.2000 Re: 0.1000 Acc: 0.9463 F1: 0.1333
Epoch 15: Time: 0.0390 Cost: 6.0901 Pre: 0.2000 Re: 0.1000 Acc: 0.9463 F1: 0.1333
Epoch 16: Time: 0.0395 Cost: 5.5508 Pre: 0.2000 Re: 0.1000 Acc: 0.9463 F1: 0.1333
Epoch 17: Time: 0.0388 Cost: 5.0859 Pre: 0.2000 Re: 0.1000 Acc: 0.9463 F1: 0.1333
Epoch 18: Time: 0.0387 Cost: 4.7010 Pre: 0.2000 Re: 0.1000 Acc: 0.9463 F1: 0.1333
Epoch 19: Time: 0.0385 Cost: 4.3940 Pre: 0.2000 Re: 0.1000 Acc: 0.9463 F1: 0.1333
Epoch 20: Time: 0.0385 Cost: 4.1557 Pre: 0.2000 Re: 0.1000 Acc: 0.9463 F1: 0.1333


--------------------------------------------------------------------
Eval results: Cost:3.0225 Pre:0.5000 Re:0.2500 Acc:0.9753 F1:0.3333
--------------------------------------------------------------------

Epoch 21: Time: 0.0391 Cost: 3.9725 Pre: 0.2000 Re: 0.1000 Acc: 0.9463 F1: 0.1333
Epoch 22: Time: 0.0383 Cost: 3.8297 Pre: 0.2500 Re: 0.1000 Acc: 0.9504 F1: 0.1429
Epoch 23: Time: 0.0383 Cost: 3.7159 Pre: 0.3333 Re: 0.1000 Acc: 0.9545 F1: 0.1538
Epoch 24: Time: 0.0385 Cost: 3.6230 Pre: 0.3333 Re: 0.1000 Acc: 0.9545 F1: 0.1538
Epoch 25: Time: 0.0386 Cost: 3.5460 Pre: 0.5000 Re: 0.1000 Acc: 0.9587 F1: 0.1667
Epoch 26: Time: 0.0383 Cost: 3.4811 Pre: 0.5000 Re: 0.1000 Acc: 0.9587 F1: 0.1667
Epoch 27: Time: 0.0384 Cost: 3.4250 Pre: 0.5000 Re: 0.1000 Acc: 0.9587 F1: 0.1667
Epoch 28: Time: 0.0382 Cost: 3.3744 Pre: 0.5000 Re: 0.1000 Acc: 0.9587 F1: 0.1667
Epoch 29: Time: 0.0384 Cost: 3.3255 Pre: 0.5000 Re: 0.1000 Acc: 0.9587 F1: 0.1667
Epoch 30: Time: 0.0383 Cost: 3.2745 Pre: 0.5000 Re: 0.1000 Acc: 0.9587 F1: 0.1667


--------------------------------------------------------------------
Eval results: Cost:2.5499 Pre:0.5000 Re:0.2500 Acc:0.9753 F1:0.3333
--------------------------------------------------------------------

Epoch 31: Time: 0.0378 Cost: 3.2162 Pre: 0.5000 Re: 0.1000 Acc: 0.9587 F1: 0.1667
Epoch 32: Time: 0.0380 Cost: 3.1404 Pre: 0.5000 Re: 0.1000 Acc: 0.9587 F1: 0.1667
Epoch 33: Time: 0.0383 Cost: 3.0244 Pre: 0.5000 Re: 0.1000 Acc: 0.9587 F1: 0.1667
Epoch 34: Time: 0.0386 Cost: 2.8564 Pre: 0.5000 Re: 0.1000 Acc: 0.9587 F1: 0.1667
Epoch 35: Time: 0.0406 Cost: 2.6982 Pre: 0.5000 Re: 0.1000 Acc: 0.9587 F1: 0.1667
Epoch 36: Time: 0.0386 Cost: 2.5766 Pre: 0.5000 Re: 0.1000 Acc: 0.9587 F1: 0.1667
Epoch 37: Time: 0.0395 Cost: 2.4553 Pre: 0.5000 Re: 0.2000 Acc: 0.9587 F1: 0.2857
Epoch 38: Time: 0.0384 Cost: 2.3118 Pre: 0.6667 Re: 0.4000 Acc: 0.9669 F1: 0.5000
Epoch 39: Time: 0.0389 Cost: 2.1683 Pre: 0.7143 Re: 0.5000 Acc: 0.9711 F1: 0.5882
Epoch 40: Time: 0.0383 Cost: 2.0490 Pre: 0.7143 Re: 0.5000 Acc: 0.9711 F1: 0.5882


--------------------------------------------------------------------
Eval results: Cost:1.6298 Pre:0.6000 Re:0.7500 Acc:0.9815 F1:0.6667
--------------------------------------------------------------------

Epoch 41: Time: 0.0378 Cost: 1.9596 Pre: 0.7500 Re: 0.6000 Acc: 0.9752 F1: 0.6667
Epoch 42: Time: 0.0379 Cost: 1.8985 Pre: 0.7500 Re: 0.6000 Acc: 0.9752 F1: 0.6667
Epoch 43: Time: 0.0398 Cost: 1.8562 Pre: 0.7500 Re: 0.6000 Acc: 0.9752 F1: 0.6667
Epoch 44: Time: 0.0497 Cost: 1.8208 Pre: 0.7500 Re: 0.6000 Acc: 0.9752 F1: 0.6667
Epoch 45: Time: 0.0462 Cost: 1.7848 Pre: 0.7500 Re: 0.6000 Acc: 0.9752 F1: 0.6667
Epoch 46: Time: 0.0574 Cost: 1.7491 Pre: 0.7500 Re: 0.6000 Acc: 0.9752 F1: 0.6667
Epoch 47: Time: 0.0384 Cost: 1.7172 Pre: 0.7500 Re: 0.6000 Acc: 0.9752 F1: 0.6667
Epoch 48: Time: 0.0384 Cost: 1.6891 Pre: 0.7500 Re: 0.6000 Acc: 0.9752 F1: 0.6667
Epoch 49: Time: 0.0384 Cost: 1.6631 Pre: 0.7143 Re: 0.5000 Acc: 0.9711 F1: 0.5882
Epoch 50: Time: 0.0386 Cost: 1.6393 Pre: 0.7143 Re: 0.5000 Acc: 0.9711 F1: 0.5882


--------------------------------------------------------------------
Eval results: Cost:1.0567 Pre:0.5000 Re:0.5000 Acc:0.9753 F1:0.5000
--------------------------------------------------------------------

Epoch 51: Time: 0.0381 Cost: 1.6187 Pre: 0.7143 Re: 0.5000 Acc: 0.9711 F1: 0.5882
Epoch 52: Time: 0.0385 Cost: 1.6018 Pre: 0.8333 Re: 0.5000 Acc: 0.9752 F1: 0.6250
Epoch 53: Time: 0.0382 Cost: 1.5861 Pre: 0.8333 Re: 0.5000 Acc: 0.9752 F1: 0.6250
Epoch 54: Time: 0.0382 Cost: 1.5704 Pre: 0.8333 Re: 0.5000 Acc: 0.9752 F1: 0.6250
Epoch 55: Time: 0.0385 Cost: 1.5537 Pre: 0.8333 Re: 0.5000 Acc: 0.9752 F1: 0.6250
Epoch 56: Time: 0.0385 Cost: 1.5342 Pre: 0.8333 Re: 0.5000 Acc: 0.9752 F1: 0.6250
Epoch 57: Time: 0.0392 Cost: 1.5097 Pre: 0.8333 Re: 0.5000 Acc: 0.9752 F1: 0.6250
Epoch 58: Time: 0.0400 Cost: 1.4818 Pre: 0.8333 Re: 0.5000 Acc: 0.9752 F1: 0.6250
Epoch 59: Time: 0.0392 Cost: 1.4553 Pre: 0.8333 Re: 0.5000 Acc: 0.9752 F1: 0.6250
Epoch 60: Time: 0.0396 Cost: 1.4337 Pre: 0.8000 Re: 0.4000 Acc: 0.9711 F1: 0.5333


--------------------------------------------------------------------
Eval results: Cost:1.0208 Pre:1.0000 Re:0.5000 Acc:0.9877 F1:0.6667
--------------------------------------------------------------------

Epoch 61: Time: 0.0381 Cost: 1.4181 Pre: 0.8000 Re: 0.4000 Acc: 0.9711 F1: 0.5333
Epoch 62: Time: 0.0383 Cost: 1.4050 Pre: 1.0000 Re: 0.4000 Acc: 0.9752 F1: 0.5714
Epoch 63: Time: 0.0383 Cost: 1.3916 Pre: 1.0000 Re: 0.4000 Acc: 0.9752 F1: 0.5714
Epoch 64: Time: 0.0385 Cost: 1.3796 Pre: 1.0000 Re: 0.4000 Acc: 0.9752 F1: 0.5714
Epoch 65: Time: 0.0382 Cost: 1.3687 Pre: 1.0000 Re: 0.4000 Acc: 0.9752 F1: 0.5714
Epoch 66: Time: 0.0383 Cost: 1.3595 Pre: 1.0000 Re: 0.4000 Acc: 0.9752 F1: 0.5714
Epoch 67: Time: 0.0385 Cost: 1.3520 Pre: 1.0000 Re: 0.4000 Acc: 0.9752 F1: 0.5714
Epoch 68: Time: 0.0390 Cost: 1.3442 Pre: 1.0000 Re: 0.4000 Acc: 0.9752 F1: 0.5714
Epoch 69: Time: 0.0388 Cost: 1.3361 Pre: 1.0000 Re: 0.4000 Acc: 0.9752 F1: 0.5714
Epoch 70: Time: 0.0397 Cost: 1.3284 Pre: 1.0000 Re: 0.4000 Acc: 0.9752 F1: 0.5714


--------------------------------------------------------------------
Eval results: Cost:0.9968 Pre:0.6667 Re:0.5000 Acc:0.9815 F1:0.5714
--------------------------------------------------------------------

Epoch 71: Time: 0.0378 Cost: 1.3211 Pre: 1.0000 Re: 0.4000 Acc: 0.9752 F1: 0.5714
Epoch 72: Time: 0.0378 Cost: 1.3144 Pre: 1.0000 Re: 0.4000 Acc: 0.9752 F1: 0.5714
Epoch 73: Time: 0.0394 Cost: 1.3075 Pre: 1.0000 Re: 0.4000 Acc: 0.9752 F1: 0.5714
Epoch 74: Time: 0.0388 Cost: 1.3005 Pre: 1.0000 Re: 0.4000 Acc: 0.9752 F1: 0.5714
Epoch 75: Time: 0.0387 Cost: 1.2934 Pre: 1.0000 Re: 0.4000 Acc: 0.9752 F1: 0.5714
Epoch 76: Time: 0.0387 Cost: 1.2864 Pre: 1.0000 Re: 0.4000 Acc: 0.9752 F1: 0.5714
Epoch 77: Time: 0.0383 Cost: 1.2793 Pre: 1.0000 Re: 0.4000 Acc: 0.9752 F1: 0.5714
Epoch 78: Time: 0.0383 Cost: 1.2717 Pre: 1.0000 Re: 0.4000 Acc: 0.9752 F1: 0.5714
Epoch 79: Time: 0.0392 Cost: 1.2639 Pre: 1.0000 Re: 0.4000 Acc: 0.9752 F1: 0.5714
Epoch 80: Time: 0.0386 Cost: 1.2560 Pre: 1.0000 Re: 0.4000 Acc: 0.9752 F1: 0.5714


--------------------------------------------------------------------
Eval results: Cost:0.9750 Pre:0.6667 Re:0.5000 Acc:0.9815 F1:0.5714
--------------------------------------------------------------------

Epoch 81: Time: 0.0423 Cost: 1.2477 Pre: 1.0000 Re: 0.4000 Acc: 0.9752 F1: 0.5714
Epoch 82: Time: 0.0392 Cost: 1.2394 Pre: 1.0000 Re: 0.4000 Acc: 0.9752 F1: 0.5714
Epoch 83: Time: 0.0389 Cost: 1.2308 Pre: 1.0000 Re: 0.4000 Acc: 0.9752 F1: 0.5714
Epoch 84: Time: 0.0385 Cost: 1.2220 Pre: 1.0000 Re: 0.4000 Acc: 0.9752 F1: 0.5714
Epoch 85: Time: 0.0390 Cost: 1.2131 Pre: 1.0000 Re: 0.4000 Acc: 0.9752 F1: 0.5714
Epoch 86: Time: 0.0384 Cost: 1.2039 Pre: 1.0000 Re: 0.4000 Acc: 0.9752 F1: 0.5714
Epoch 87: Time: 0.0386 Cost: 1.1945 Pre: 1.0000 Re: 0.4000 Acc: 0.9752 F1: 0.5714
Epoch 88: Time: 0.0381 Cost: 1.1849 Pre: 1.0000 Re: 0.4000 Acc: 0.9752 F1: 0.5714
Epoch 89: Time: 0.0387 Cost: 1.1751 Pre: 1.0000 Re: 0.4000 Acc: 0.9752 F1: 0.5714
Epoch 90: Time: 0.0383 Cost: 1.1651 Pre: 1.0000 Re: 0.4000 Acc: 0.9752 F1: 0.5714


--------------------------------------------------------------------
Eval results: Cost:0.9248 Pre:0.6667 Re:0.5000 Acc:0.9815 F1:0.5714
--------------------------------------------------------------------

Epoch 91: Time: 0.0437 Cost: 1.1549 Pre: 1.0000 Re: 0.4000 Acc: 0.9752 F1: 0.5714
Epoch 92: Time: 0.0385 Cost: 1.1449 Pre: 1.0000 Re: 0.4000 Acc: 0.9752 F1: 0.5714
Epoch 93: Time: 0.0386 Cost: 1.1346 Pre: 1.0000 Re: 0.4000 Acc: 0.9752 F1: 0.5714
Epoch 94: Time: 0.0383 Cost: 1.1244 Pre: 1.0000 Re: 0.4000 Acc: 0.9752 F1: 0.5714
Epoch 95: Time: 0.0383 Cost: 1.1144 Pre: 1.0000 Re: 0.4000 Acc: 0.9752 F1: 0.5714
Epoch 96: Time: 0.0383 Cost: 1.1041 Pre: 1.0000 Re: 0.4000 Acc: 0.9752 F1: 0.5714
Epoch 97: Time: 0.0382 Cost: 1.0939 Pre: 1.0000 Re: 0.4000 Acc: 0.9752 F1: 0.5714
Epoch 98: Time: 0.0388 Cost: 1.0838 Pre: 1.0000 Re: 0.4000 Acc: 0.9752 F1: 0.5714
Epoch 99: Time: 0.0382 Cost: 1.0736 Pre: 1.0000 Re: 0.4000 Acc: 0.9752 F1: 0.5714
Epoch 100: Time: 0.0386 Cost: 1.0634 Pre: 1.0000 Re: 0.4000 Acc: 0.9752 F1: 0.5714


--------------------------------------------------------------------
Eval results: Cost:0.8487 Pre:0.6667 Re:0.5000 Acc:0.9815 F1:0.5714
--------------------------------------------------------------------

Epoch 101: Time: 0.0377 Cost: 1.0531 Pre: 1.0000 Re: 0.4000 Acc: 0.9752 F1: 0.5714
Epoch 102: Time: 0.0380 Cost: 1.0433 Pre: 1.0000 Re: 0.4000 Acc: 0.9752 F1: 0.5714
Epoch 103: Time: 0.0386 Cost: 1.0333 Pre: 1.0000 Re: 0.4000 Acc: 0.9752 F1: 0.5714
Epoch 104: Time: 0.0402 Cost: 1.0235 Pre: 1.0000 Re: 0.4000 Acc: 0.9752 F1: 0.5714
Epoch 105: Time: 0.0404 Cost: 1.0139 Pre: 1.0000 Re: 0.4000 Acc: 0.9752 F1: 0.5714
Epoch 106: Time: 0.0387 Cost: 1.0042 Pre: 1.0000 Re: 0.4000 Acc: 0.9752 F1: 0.5714
Epoch 107: Time: 0.0388 Cost: 0.9947 Pre: 1.0000 Re: 0.4000 Acc: 0.9752 F1: 0.5714
Epoch 108: Time: 0.0383 Cost: 0.9851 Pre: 1.0000 Re: 0.4000 Acc: 0.9752 F1: 0.5714
Epoch 109: Time: 0.0386 Cost: 0.9756 Pre: 1.0000 Re: 0.4000 Acc: 0.9752 F1: 0.5714
Epoch 110: Time: 0.0389 Cost: 0.9661 Pre: 1.0000 Re: 0.4000 Acc: 0.9752 F1: 0.5714


--------------------------------------------------------------------
Eval results: Cost:0.7603 Pre:1.0000 Re:0.5000 Acc:0.9877 F1:0.6667
--------------------------------------------------------------------

Epoch 111: Time: 0.0377 Cost: 0.9564 Pre: 1.0000 Re: 0.4000 Acc: 0.9752 F1: 0.5714
Epoch 112: Time: 0.0380 Cost: 0.9473 Pre: 1.0000 Re: 0.4000 Acc: 0.9752 F1: 0.5714
Epoch 113: Time: 0.0384 Cost: 0.9380 Pre: 1.0000 Re: 0.4000 Acc: 0.9752 F1: 0.5714
Epoch 114: Time: 0.0383 Cost: 0.9290 Pre: 1.0000 Re: 0.4000 Acc: 0.9752 F1: 0.5714
Epoch 115: Time: 0.0398 Cost: 0.9200 Pre: 1.0000 Re: 0.4000 Acc: 0.9752 F1: 0.5714
Epoch 116: Time: 0.0388 Cost: 0.9110 Pre: 1.0000 Re: 0.4000 Acc: 0.9752 F1: 0.5714
Epoch 117: Time: 0.0385 Cost: 0.9024 Pre: 1.0000 Re: 0.4000 Acc: 0.9752 F1: 0.5714
Epoch 118: Time: 0.0383 Cost: 0.8933 Pre: 1.0000 Re: 0.4000 Acc: 0.9752 F1: 0.5714
Epoch 119: Time: 0.0384 Cost: 0.8853 Pre: 1.0000 Re: 0.4000 Acc: 0.9752 F1: 0.5714
Epoch 120: Time: 0.0386 Cost: 0.8763 Pre: 1.0000 Re: 0.4000 Acc: 0.9752 F1: 0.5714


--------------------------------------------------------------------
Eval results: Cost:0.6789 Pre:1.0000 Re:0.5000 Acc:0.9877 F1:0.6667
--------------------------------------------------------------------

Epoch 121: Time: 0.0383 Cost: 0.8698 Pre: 1.0000 Re: 0.4000 Acc: 0.9752 F1: 0.5714
Epoch 122: Time: 0.0382 Cost: 0.8600 Pre: 1.0000 Re: 0.4000 Acc: 0.9752 F1: 0.5714
Epoch 123: Time: 0.0384 Cost: 0.8509 Pre: 1.0000 Re: 0.4000 Acc: 0.9752 F1: 0.5714
Epoch 124: Time: 0.0385 Cost: 0.8425 Pre: 1.0000 Re: 0.4000 Acc: 0.9752 F1: 0.5714
Epoch 125: Time: 0.0384 Cost: 0.8345 Pre: 1.0000 Re: 0.4000 Acc: 0.9752 F1: 0.5714
Epoch 126: Time: 0.0383 Cost: 0.8273 Pre: 1.0000 Re: 0.5000 Acc: 0.9793 F1: 0.6667
Epoch 127: Time: 0.0388 Cost: 0.8185 Pre: 1.0000 Re: 0.4000 Acc: 0.9752 F1: 0.5714
Epoch 128: Time: 0.0403 Cost: 0.8120 Pre: 1.0000 Re: 0.5000 Acc: 0.9793 F1: 0.6667
Epoch 129: Time: 0.0396 Cost: 0.8036 Pre: 1.0000 Re: 0.7000 Acc: 0.9876 F1: 0.8235
Epoch 130: Time: 0.0394 Cost: 0.7971 Pre: 1.0000 Re: 0.6000 Acc: 0.9835 F1: 0.7500


--------------------------------------------------------------------
Eval results: Cost:0.5822 Pre:1.0000 Re:0.7500 Acc:0.9938 F1:0.8571
--------------------------------------------------------------------

Epoch 131: Time: 0.0490 Cost: 0.7891 Pre: 1.0000 Re: 0.7000 Acc: 0.9876 F1: 0.8235
Epoch 132: Time: 0.0431 Cost: 0.7821 Pre: 1.0000 Re: 0.8000 Acc: 0.9917 F1: 0.8889
Epoch 133: Time: 0.0394 Cost: 0.7736 Pre: 1.0000 Re: 0.9000 Acc: 0.9959 F1: 0.9474
Epoch 134: Time: 0.0387 Cost: 0.7652 Pre: 1.0000 Re: 1.0000 Acc: 1.0000 F1: 1.0000
Epoch 135: Time: 0.0383 Cost: 0.7568 Pre: 1.0000 Re: 1.0000 Acc: 1.0000 F1: 1.0000
Epoch 136: Time: 0.0387 Cost: 0.7501 Pre: 1.0000 Re: 1.0000 Acc: 1.0000 F1: 1.0000
Epoch 137: Time: 0.0386 Cost: 0.7424 Pre: 1.0000 Re: 1.0000 Acc: 1.0000 F1: 1.0000
Epoch 138: Time: 0.0395 Cost: 0.7382 Pre: 1.0000 Re: 1.0000 Acc: 1.0000 F1: 1.0000
Epoch 139: Time: 0.0389 Cost: 0.7329 Pre: 1.0000 Re: 0.9000 Acc: 0.9959 F1: 0.9474
Epoch 140: Time: 0.0381 Cost: 0.7318 Pre: 1.0000 Re: 0.9000 Acc: 0.9959 F1: 0.9474


--------------------------------------------------------------------
Eval results: Cost:0.5275 Pre:1.0000 Re:0.7500 Acc:0.9938 F1:0.8571
--------------------------------------------------------------------

Epoch 141: Time: 0.0383 Cost: 0.7260 Pre: 1.0000 Re: 0.9000 Acc: 0.9959 F1: 0.9474
Epoch 142: Time: 0.0382 Cost: 0.7136 Pre: 1.0000 Re: 1.0000 Acc: 1.0000 F1: 1.0000
Epoch 143: Time: 0.0384 Cost: 0.7086 Pre: 1.0000 Re: 0.9000 Acc: 0.9959 F1: 0.9474
Epoch 144: Time: 0.0385 Cost: 0.7077 Pre: 1.0000 Re: 0.9000 Acc: 0.9959 F1: 0.9474
Epoch 145: Time: 0.0383 Cost: 0.6901 Pre: 1.0000 Re: 1.0000 Acc: 1.0000 F1: 1.0000
Epoch 146: Time: 0.0385 Cost: 0.6928 Pre: 1.0000 Re: 1.0000 Acc: 1.0000 F1: 1.0000
Epoch 147: Time: 0.0384 Cost: 0.6929 Pre: 1.0000 Re: 0.9000 Acc: 0.9959 F1: 0.9474
Epoch 148: Time: 0.0384 Cost: 0.6832 Pre: 1.0000 Re: 1.0000 Acc: 1.0000 F1: 1.0000
Epoch 149: Time: 0.0383 Cost: 0.6688 Pre: 1.0000 Re: 1.0000 Acc: 1.0000 F1: 1.0000
Epoch 150: Time: 0.0385 Cost: 0.6636 Pre: 1.0000 Re: 1.0000 Acc: 1.0000 F1: 1.0000


--------------------------------------------------------------------
Eval results: Cost:0.4727 Pre:1.0000 Re:1.0000 Acc:1.0000 F1:1.0000
--------------------------------------------------------------------

Epoch 151: Time: 0.0403 Cost: 0.6498 Pre: 1.0000 Re: 1.0000 Acc: 1.0000 F1: 1.0000
Epoch 152: Time: 0.0391 Cost: 0.6539 Pre: 1.0000 Re: 1.0000 Acc: 1.0000 F1: 1.0000
Epoch 153: Time: 0.0399 Cost: 0.6403 Pre: 1.0000 Re: 1.0000 Acc: 1.0000 F1: 1.0000
Epoch 154: Time: 0.0388 Cost: 0.6369 Pre: 1.0000 Re: 1.0000 Acc: 1.0000 F1: 1.0000
Epoch 155: Time: 0.0389 Cost: 0.6255 Pre: 1.0000 Re: 1.0000 Acc: 1.0000 F1: 1.0000
Epoch 156: Time: 0.0390 Cost: 0.6201 Pre: 1.0000 Re: 1.0000 Acc: 1.0000 F1: 1.0000
Epoch 157: Time: 0.0392 Cost: 0.6133 Pre: 1.0000 Re: 1.0000 Acc: 1.0000 F1: 1.0000
Epoch 158: Time: 0.0394 Cost: 0.6085 Pre: 1.0000 Re: 1.0000 Acc: 1.0000 F1: 1.0000
Epoch 159: Time: 0.0394 Cost: 0.6023 Pre: 1.0000 Re: 1.0000 Acc: 1.0000 F1: 1.0000
Epoch 160: Time: 0.0396 Cost: 0.5955 Pre: 1.0000 Re: 1.0000 Acc: 1.0000 F1: 1.0000


--------------------------------------------------------------------
Eval results: Cost:0.4181 Pre:1.0000 Re:1.0000 Acc:1.0000 F1:1.0000
--------------------------------------------------------------------

Epoch 161: Time: 0.0400 Cost: 0.5896 Pre: 1.0000 Re: 1.0000 Acc: 1.0000 F1: 1.0000
Epoch 162: Time: 0.0408 Cost: 0.5835 Pre: 1.0000 Re: 1.0000 Acc: 1.0000 F1: 1.0000
Epoch 163: Time: 0.0398 Cost: 0.5778 Pre: 1.0000 Re: 1.0000 Acc: 1.0000 F1: 1.0000
Epoch 164: Time: 0.0403 Cost: 0.5728 Pre: 1.0000 Re: 1.0000 Acc: 1.0000 F1: 1.0000
Epoch 165: Time: 0.0405 Cost: 0.5670 Pre: 1.0000 Re: 1.0000 Acc: 1.0000 F1: 1.0000
Epoch 166: Time: 0.0402 Cost: 0.5608 Pre: 1.0000 Re: 1.0000 Acc: 1.0000 F1: 1.0000
Epoch 167: Time: 0.0409 Cost: 0.5676 Pre: 1.0000 Re: 1.0000 Acc: 1.0000 F1: 1.0000
Epoch 168: Time: 0.0407 Cost: 0.5642 Pre: 1.0000 Re: 1.0000 Acc: 1.0000 F1: 1.0000
Epoch 169: Time: 0.0404 Cost: 0.5566 Pre: 1.0000 Re: 1.0000 Acc: 1.0000 F1: 1.0000
Epoch 170: Time: 0.0405 Cost: 0.5481 Pre: 1.0000 Re: 1.0000 Acc: 1.0000 F1: 1.0000


--------------------------------------------------------------------
Eval results: Cost:0.4126 Pre:1.0000 Re:1.0000 Acc:1.0000 F1:1.0000
--------------------------------------------------------------------

Epoch 171: Time: 0.0399 Cost: 0.5491 Pre: 1.0000 Re: 1.0000 Acc: 1.0000 F1: 1.0000
Epoch 172: Time: 0.0402 Cost: 0.5371 Pre: 1.0000 Re: 1.0000 Acc: 1.0000 F1: 1.0000
Epoch 173: Time: 0.0411 Cost: 0.5218 Pre: 1.0000 Re: 1.0000 Acc: 1.0000 F1: 1.0000
Epoch 174: Time: 0.0420 Cost: 0.5200 Pre: 1.0000 Re: 1.0000 Acc: 1.0000 F1: 1.0000
Epoch 175: Time: 0.0408 Cost: 0.5134 Pre: 1.0000 Re: 1.0000 Acc: 1.0000 F1: 1.0000
Epoch 176: Time: 0.0407 Cost: 0.5065 Pre: 1.0000 Re: 1.0000 Acc: 1.0000 F1: 1.0000
Epoch 177: Time: 0.0401 Cost: 0.5027 Pre: 1.0000 Re: 1.0000 Acc: 1.0000 F1: 1.0000
Epoch 178: Time: 0.0401 Cost: 0.4962 Pre: 1.0000 Re: 1.0000 Acc: 1.0000 F1: 1.0000
Epoch 179: Time: 0.0398 Cost: 0.4911 Pre: 1.0000 Re: 1.0000 Acc: 1.0000 F1: 1.0000
Epoch 180: Time: 0.0710 Cost: 0.4864 Pre: 1.0000 Re: 1.0000 Acc: 1.0000 F1: 1.0000


--------------------------------------------------------------------
Eval results: Cost:0.3413 Pre:1.0000 Re:1.0000 Acc:1.0000 F1:1.0000
--------------------------------------------------------------------

Epoch 181: Time: 0.0549 Cost: 0.4809 Pre: 1.0000 Re: 1.0000 Acc: 1.0000 F1: 1.0000
Epoch 182: Time: 0.0661 Cost: 0.4764 Pre: 1.0000 Re: 1.0000 Acc: 1.0000 F1: 1.0000
Epoch 183: Time: 0.0580 Cost: 0.4708 Pre: 1.0000 Re: 1.0000 Acc: 1.0000 F1: 1.0000
Epoch 184: Time: 0.0929 Cost: 0.4663 Pre: 1.0000 Re: 1.0000 Acc: 1.0000 F1: 1.0000
Epoch 185: Time: 0.0670 Cost: 0.4650 Pre: 1.0000 Re: 1.0000 Acc: 1.0000 F1: 1.0000
Epoch 186: Time: 0.0836 Cost: 0.4667 Pre: 1.0000 Re: 1.0000 Acc: 1.0000 F1: 1.0000
Epoch 187: Time: 0.0977 Cost: 0.4600 Pre: 1.0000 Re: 1.0000 Acc: 1.0000 F1: 1.0000
Epoch 188: Time: 0.0875 Cost: 0.4783 Pre: 1.0000 Re: 1.0000 Acc: 1.0000 F1: 1.0000
Epoch 189: Time: 0.1026 Cost: 0.4607 Pre: 1.0000 Re: 1.0000 Acc: 1.0000 F1: 1.0000
Epoch 190: Time: 0.1588 Cost: 0.4581 Pre: 1.0000 Re: 1.0000 Acc: 1.0000 F1: 1.0000


--------------------------------------------------------------------
Eval results: Cost:0.3073 Pre:1.0000 Re:1.0000 Acc:1.0000 F1:1.0000
--------------------------------------------------------------------

Epoch 191: Time: 0.1246 Cost: 0.4465 Pre: 1.0000 Re: 1.0000 Acc: 1.0000 F1: 1.0000
Epoch 192: Time: 0.0664 Cost: 0.4349 Pre: 1.0000 Re: 1.0000 Acc: 1.0000 F1: 1.0000
Epoch 193: Time: 0.0604 Cost: 0.4287 Pre: 1.0000 Re: 1.0000 Acc: 1.0000 F1: 1.0000
Epoch 194: Time: 0.0911 Cost: 0.4293 Pre: 1.0000 Re: 1.0000 Acc: 1.0000 F1: 1.0000
Epoch 195: Time: 0.0913 Cost: 0.4179 Pre: 1.0000 Re: 1.0000 Acc: 1.0000 F1: 1.0000
Epoch 196: Time: 0.0847 Cost: 0.4141 Pre: 1.0000 Re: 1.0000 Acc: 1.0000 F1: 1.0000
Epoch 197: Time: 0.0782 Cost: 0.4084 Pre: 1.0000 Re: 1.0000 Acc: 1.0000 F1: 1.0000
Epoch 198: Time: 0.0928 Cost: 0.4052 Pre: 1.0000 Re: 1.0000 Acc: 1.0000 F1: 1.0000
Epoch 199: Time: 0.0926 Cost: 0.3998 Pre: 1.0000 Re: 1.0000 Acc: 1.0000 F1: 1.0000
Epoch 200: Time: 0.0909 Cost: 0.3970 Pre: 1.0000 Re: 1.0000 Acc: 1.0000 F1: 1.0000


--------------------------------------------------------------------
Eval results: Cost:0.2825 Pre:1.0000 Re:1.0000 Acc:1.0000 F1:1.0000
--------------------------------------------------------------------

Epoch 201: Time: 0.0953 Cost: 0.3920 Pre: 1.0000 Re: 1.0000 Acc: 1.0000 F1: 1.0000
Epoch 202: Time: 0.1126 Cost: 0.3885 Pre: 1.0000 Re: 1.0000 Acc: 1.0000 F1: 1.0000
Epoch 203: Time: 0.1081 Cost: 0.3854 Pre: 1.0000 Re: 1.0000 Acc: 1.0000 F1: 1.0000
Epoch 204: Time: 0.1223 Cost: 0.3805 Pre: 1.0000 Re: 1.0000 Acc: 1.0000 F1: 1.0000
Epoch 205: Time: 0.1229 Cost: 0.3762 Pre: 1.0000 Re: 1.0000 Acc: 1.0000 F1: 1.0000
Epoch 206: Time: 0.1224 Cost: 0.3780 Pre: 1.0000 Re: 1.0000 Acc: 1.0000 F1: 1.0000
Epoch 207: Time: 0.1286 Cost: 0.3747 Pre: 1.0000 Re: 1.0000 Acc: 1.0000 F1: 1.0000
Epoch 208: Time: 0.1320 Cost: 0.3643 Pre: 1.0000 Re: 1.0000 Acc: 1.0000 F1: 1.0000
Epoch 209: Time: 0.1356 Cost: 0.3598 Pre: 1.0000 Re: 1.0000 Acc: 1.0000 F1: 1.0000
Epoch 210: Time: 0.1359 Cost: 0.3561 Pre: 1.0000 Re: 1.0000 Acc: 1.0000 F1: 1.0000


--------------------------------------------------------------------
Eval results: Cost:0.2514 Pre:1.0000 Re:1.0000 Acc:1.0000 F1:1.0000
--------------------------------------------------------------------

Epoch 211: Time: 0.1416 Cost: 0.3521 Pre: 1.0000 Re: 1.0000 Acc: 1.0000 F1: 1.0000
Epoch 212: Time: 0.1452 Cost: 0.3483 Pre: 1.0000 Re: 1.0000 Acc: 1.0000 F1: 1.0000
Epoch 213: Time: 0.1448 Cost: 0.3456 Pre: 1.0000 Re: 1.0000 Acc: 1.0000 F1: 1.0000
Epoch 214: Time: 0.1471 Cost: 0.3486 Pre: 1.0000 Re: 1.0000 Acc: 1.0000 F1: 1.0000
Epoch 215: Time: 0.1586 Cost: 0.3440 Pre: 1.0000 Re: 1.0000 Acc: 1.0000 F1: 1.0000
Epoch 216: Time: 0.1454 Cost: 0.3468 Pre: 1.0000 Re: 1.0000 Acc: 1.0000 F1: 1.0000
Epoch 217: Time: 0.1476 Cost: 0.3438 Pre: 1.0000 Re: 1.0000 Acc: 1.0000 F1: 1.0000
Epoch 218: Time: 0.1470 Cost: 0.3612 Pre: 1.0000 Re: 1.0000 Acc: 1.0000 F1: 1.0000
Epoch 219: Time: 0.1379 Cost: 0.3287 Pre: 1.0000 Re: 1.0000 Acc: 1.0000 F1: 1.0000
Epoch 220: Time: 0.1311 Cost: 0.3362 Pre: 1.0000 Re: 1.0000 Acc: 1.0000 F1: 1.0000


--------------------------------------------------------------------
Eval results: Cost:0.2489 Pre:1.0000 Re:1.0000 Acc:1.0000 F1:1.0000
--------------------------------------------------------------------

Epoch 221: Time: 0.1285 Cost: 0.3218 Pre: 1.0000 Re: 1.0000 Acc: 1.0000 F1: 1.0000
Epoch 222: Time: 0.1286 Cost: 0.3499 Pre: 1.0000 Re: 1.0000 Acc: 1.0000 F1: 1.0000
Epoch 223: Time: 0.1230 Cost: 0.3303 Pre: 1.0000 Re: 1.0000 Acc: 1.0000 F1: 1.0000
Epoch 224: Time: 0.1233 Cost: 0.3232 Pre: 1.0000 Re: 1.0000 Acc: 1.0000 F1: 1.0000
Epoch 225: Time: 0.1269 Cost: 0.3192 Pre: 1.0000 Re: 1.0000 Acc: 1.0000 F1: 1.0000
Epoch 226: Time: 0.1337 Cost: 0.3089 Pre: 1.0000 Re: 1.0000 Acc: 1.0000 F1: 1.0000
Epoch 227: Time: 0.1163 Cost: 0.3041 Pre: 1.0000 Re: 1.0000 Acc: 1.0000 F1: 1.0000
Epoch 228: Time: 0.1121 Cost: 0.2976 Pre: 1.0000 Re: 1.0000 Acc: 1.0000 F1: 1.0000
Epoch 229: Time: 0.1123 Cost: 0.2932 Pre: 1.0000 Re: 1.0000 Acc: 1.0000 F1: 1.0000
Epoch 230: Time: 0.1111 Cost: 0.2917 Pre: 1.0000 Re: 1.0000 Acc: 1.0000 F1: 1.0000


--------------------------------------------------------------------
Eval results: Cost:0.2085 Pre:1.0000 Re:1.0000 Acc:1.0000 F1:1.0000
--------------------------------------------------------------------

Epoch 231: Time: 0.1242 Cost: 0.2881 Pre: 1.0000 Re: 1.0000 Acc: 1.0000 F1: 1.0000
Epoch 232: Time: 0.1233 Cost: 0.2848 Pre: 1.0000 Re: 1.0000 Acc: 1.0000 F1: 1.0000
Epoch 233: Time: 0.1190 Cost: 0.2815 Pre: 1.0000 Re: 1.0000 Acc: 1.0000 F1: 1.0000
Epoch 234: Time: 0.1032 Cost: 0.2790 Pre: 1.0000 Re: 1.0000 Acc: 1.0000 F1: 1.0000
Epoch 235: Time: 0.0942 Cost: 0.2750 Pre: 1.0000 Re: 1.0000 Acc: 1.0000 F1: 1.0000
Epoch 236: Time: 0.0861 Cost: 0.2729 Pre: 1.0000 Re: 1.0000 Acc: 1.0000 F1: 1.0000
Epoch 237: Time: 0.0886 Cost: 0.2697 Pre: 1.0000 Re: 1.0000 Acc: 1.0000 F1: 1.0000
Epoch 238: Time: 0.0806 Cost: 0.2661 Pre: 1.0000 Re: 1.0000 Acc: 1.0000 F1: 1.0000
Epoch 239: Time: 0.0870 Cost: 0.2628 Pre: 1.0000 Re: 1.0000 Acc: 1.0000 F1: 1.0000
Epoch 240: Time: 0.0844 Cost: 0.2600 Pre: 1.0000 Re: 1.0000 Acc: 1.0000 F1: 1.0000


--------------------------------------------------------------------
Eval results: Cost:0.1832 Pre:1.0000 Re:1.0000 Acc:1.0000 F1:1.0000
--------------------------------------------------------------------

Epoch 241: Time: 0.0683 Cost: 0.2580 Pre: 1.0000 Re: 1.0000 Acc: 1.0000 F1: 1.0000
Epoch 242: Time: 0.0743 Cost: 0.2553 Pre: 1.0000 Re: 1.0000 Acc: 1.0000 F1: 1.0000
Epoch 243: Time: 0.0698 Cost: 0.2547 Pre: 1.0000 Re: 1.0000 Acc: 1.0000 F1: 1.0000
Epoch 244: Time: 0.0677 Cost: 0.2518 Pre: 1.0000 Re: 1.0000 Acc: 1.0000 F1: 1.0000
Epoch 245: Time: 0.0700 Cost: 0.2497 Pre: 1.0000 Re: 1.0000 Acc: 1.0000 F1: 1.0000
Epoch 246: Time: 0.0537 Cost: 0.2467 Pre: 1.0000 Re: 1.0000 Acc: 1.0000 F1: 1.0000
Epoch 247: Time: 0.0504 Cost: 0.2406 Pre: 1.0000 Re: 1.0000 Acc: 1.0000 F1: 1.0000
Epoch 248: Time: 0.0579 Cost: 0.2384 Pre: 1.0000 Re: 1.0000 Acc: 1.0000 F1: 1.0000
Epoch 249: Time: 0.0557 Cost: 0.2347 Pre: 1.0000 Re: 1.0000 Acc: 1.0000 F1: 1.0000
Epoch 250: Time: 0.0456 Cost: 0.2395 Pre: 1.0000 Re: 1.0000 Acc: 1.0000 F1: 1.0000


--------------------------------------------------------------------
Eval results: Cost:0.1744 Pre:1.0000 Re:1.0000 Acc:1.0000 F1:1.0000
--------------------------------------------------------------------

Epoch 251: Time: 0.0464 Cost: 0.2385 Pre: 1.0000 Re: 1.0000 Acc: 1.0000 F1: 1.0000
Epoch 252: Time: 0.0446 Cost: 0.2529 Pre: 1.0000 Re: 1.0000 Acc: 1.0000 F1: 1.0000
Epoch 253: Time: 0.0440 Cost: 0.2353 Pre: 1.0000 Re: 1.0000 Acc: 1.0000 F1: 1.0000
Epoch 254: Time: 0.0427 Cost: 0.2545 Pre: 1.0000 Re: 1.0000 Acc: 1.0000 F1: 1.0000
Epoch 255: Time: 0.0428 Cost: 0.2368 Pre: 1.0000 Re: 1.0000 Acc: 1.0000 F1: 1.0000
Epoch 256: Time: 0.0460 Cost: 0.2551 Pre: 1.0000 Re: 1.0000 Acc: 1.0000 F1: 1.0000
Epoch 257: Time: 0.0429 Cost: 0.2264 Pre: 1.0000 Re: 1.0000 Acc: 1.0000 F1: 1.0000
Epoch 258: Time: 0.0466 Cost: 0.2221 Pre: 1.0000 Re: 1.0000 Acc: 1.0000 F1: 1.0000
Epoch 259: Time: 0.0468 Cost: 0.2196 Pre: 1.0000 Re: 1.0000 Acc: 1.0000 F1: 1.0000
Epoch 260: Time: 0.0477 Cost: 0.2154 Pre: 1.0000 Re: 1.0000 Acc: 1.0000 F1: 1.0000


--------------------------------------------------------------------
Eval results: Cost:0.1505 Pre:1.0000 Re:1.0000 Acc:1.0000 F1:1.0000
--------------------------------------------------------------------

Epoch 261: Time: 0.0476 Cost: 0.2097 Pre: 1.0000 Re: 1.0000 Acc: 1.0000 F1: 1.0000
Epoch 262: Time: 0.0461 Cost: 0.2076 Pre: 1.0000 Re: 1.0000 Acc: 1.0000 F1: 1.0000
Epoch 263: Time: 0.0491 Cost: 0.2018 Pre: 1.0000 Re: 1.0000 Acc: 1.0000 F1: 1.0000
Epoch 264: Time: 0.0524 Cost: 0.1998 Pre: 1.0000 Re: 1.0000 Acc: 1.0000 F1: 1.0000
Epoch 265: Time: 0.0494 Cost: 0.1985 Pre: 1.0000 Re: 1.0000 Acc: 1.0000 F1: 1.0000
Epoch 266: Time: 0.0455 Cost: 0.1957 Pre: 1.0000 Re: 1.0000 Acc: 1.0000 F1: 1.0000
Epoch 267: Time: 0.0465 Cost: 0.1928 Pre: 1.0000 Re: 1.0000 Acc: 1.0000 F1: 1.0000
Epoch 268: Time: 0.0479 Cost: 0.1908 Pre: 1.0000 Re: 1.0000 Acc: 1.0000 F1: 1.0000
Epoch 269: Time: 0.0476 Cost: 0.1889 Pre: 1.0000 Re: 1.0000 Acc: 1.0000 F1: 1.0000
Epoch 270: Time: 0.0438 Cost: 0.1864 Pre: 1.0000 Re: 1.0000 Acc: 1.0000 F1: 1.0000


--------------------------------------------------------------------
Eval results: Cost:0.1319 Pre:1.0000 Re:1.0000 Acc:1.0000 F1:1.0000
--------------------------------------------------------------------

Epoch 271: Time: 0.0473 Cost: 0.1843 Pre: 1.0000 Re: 1.0000 Acc: 1.0000 F1: 1.0000
Epoch 272: Time: 0.0486 Cost: 0.1820 Pre: 1.0000 Re: 1.0000 Acc: 1.0000 F1: 1.0000
Epoch 273: Time: 0.0521 Cost: 0.1800 Pre: 1.0000 Re: 1.0000 Acc: 1.0000 F1: 1.0000
Epoch 274: Time: 0.0436 Cost: 0.1781 Pre: 1.0000 Re: 1.0000 Acc: 1.0000 F1: 1.0000
Epoch 275: Time: 0.0467 Cost: 0.1758 Pre: 1.0000 Re: 1.0000 Acc: 1.0000 F1: 1.0000
Epoch 276: Time: 0.0434 Cost: 0.1736 Pre: 1.0000 Re: 1.0000 Acc: 1.0000 F1: 1.0000
Epoch 277: Time: 0.0432 Cost: 0.1733 Pre: 1.0000 Re: 1.0000 Acc: 1.0000 F1: 1.0000
Epoch 278: Time: 0.0423 Cost: 0.1731 Pre: 1.0000 Re: 1.0000 Acc: 1.0000 F1: 1.0000
Epoch 279: Time: 0.0419 Cost: 0.1719 Pre: 1.0000 Re: 1.0000 Acc: 1.0000 F1: 1.0000
Epoch 280: Time: 0.0427 Cost: 0.1695 Pre: 1.0000 Re: 1.0000 Acc: 1.0000 F1: 1.0000


--------------------------------------------------------------------
Eval results: Cost:0.1160 Pre:1.0000 Re:1.0000 Acc:1.0000 F1:1.0000
--------------------------------------------------------------------

Epoch 281: Time: 0.0411 Cost: 0.1705 Pre: 1.0000 Re: 1.0000 Acc: 1.0000 F1: 1.0000
Epoch 282: Time: 0.0424 Cost: 0.1655 Pre: 1.0000 Re: 1.0000 Acc: 1.0000 F1: 1.0000
Epoch 283: Time: 0.0412 Cost: 0.1734 Pre: 1.0000 Re: 1.0000 Acc: 1.0000 F1: 1.0000
Epoch 284: Time: 0.0408 Cost: 0.1656 Pre: 1.0000 Re: 1.0000 Acc: 1.0000 F1: 1.0000
Epoch 285: Time: 0.0410 Cost: 0.1707 Pre: 1.0000 Re: 1.0000 Acc: 1.0000 F1: 1.0000
Epoch 286: Time: 0.0405 Cost: 0.1607 Pre: 1.0000 Re: 1.0000 Acc: 1.0000 F1: 1.0000
Epoch 287: Time: 0.0405 Cost: 0.1768 Pre: 1.0000 Re: 1.0000 Acc: 1.0000 F1: 1.0000
Epoch 288: Time: 0.0403 Cost: 0.1767 Pre: 1.0000 Re: 1.0000 Acc: 1.0000 F1: 1.0000
Epoch 289: Time: 0.0399 Cost: 0.1750 Pre: 1.0000 Re: 1.0000 Acc: 1.0000 F1: 1.0000
Epoch 290: Time: 0.0400 Cost: 0.1571 Pre: 1.0000 Re: 1.0000 Acc: 1.0000 F1: 1.0000


--------------------------------------------------------------------
Eval results: Cost:0.1040 Pre:1.0000 Re:1.0000 Acc:1.0000 F1:1.0000
--------------------------------------------------------------------

Epoch 291: Time: 0.0402 Cost: 0.1652 Pre: 1.0000 Re: 1.0000 Acc: 1.0000 F1: 1.0000
Epoch 292: Time: 0.0413 Cost: 0.1508 Pre: 1.0000 Re: 1.0000 Acc: 1.0000 F1: 1.0000
Epoch 293: Time: 0.0405 Cost: 0.1593 Pre: 1.0000 Re: 1.0000 Acc: 1.0000 F1: 1.0000
Epoch 294: Time: 0.0398 Cost: 0.1518 Pre: 1.0000 Re: 1.0000 Acc: 1.0000 F1: 1.0000
Epoch 295: Time: 0.0407 Cost: 0.1433 Pre: 1.0000 Re: 1.0000 Acc: 1.0000 F1: 1.0000
Epoch 296: Time: 0.0399 Cost: 0.1525 Pre: 1.0000 Re: 1.0000 Acc: 1.0000 F1: 1.0000
Epoch 297: Time: 0.0398 Cost: 0.1482 Pre: 1.0000 Re: 1.0000 Acc: 1.0000 F1: 1.0000
Epoch 298: Time: 0.0403 Cost: 0.1458 Pre: 1.0000 Re: 1.0000 Acc: 1.0000 F1: 1.0000
Epoch 299: Time: 0.0397 Cost: 0.1520 Pre: 1.0000 Re: 1.0000 Acc: 1.0000 F1: 1.0000
Epoch 300: Time: 0.0403 Cost: 0.1387 Pre: 1.0000 Re: 1.0000 Acc: 1.0000 F1: 1.0000


--------------------------------------------------------------------
Eval results: Cost:0.1022 Pre:1.0000 Re:1.0000 Acc:1.0000 F1:1.0000
--------------------------------------------------------------------

Epoch 301: Time: 0.0392 Cost: 0.1421 Pre: 1.0000 Re: 1.0000 Acc: 1.0000 F1: 1.0000
Epoch 302: Time: 0.0402 Cost: 0.1366 Pre: 1.0000 Re: 1.0000 Acc: 1.0000 F1: 1.0000
Epoch 303: Time: 0.0398 Cost: 0.1334 Pre: 1.0000 Re: 1.0000 Acc: 1.0000 F1: 1.0000
Epoch 304: Time: 0.0400 Cost: 0.1306 Pre: 1.0000 Re: 1.0000 Acc: 1.0000 F1: 1.0000
Epoch 305: Time: 0.0416 Cost: 0.1284 Pre: 1.0000 Re: 1.0000 Acc: 1.0000 F1: 1.0000
Epoch 306: Time: 0.0401 Cost: 0.1240 Pre: 1.0000 Re: 1.0000 Acc: 1.0000 F1: 1.0000
Epoch 307: Time: 0.0400 Cost: 0.1261 Pre: 1.0000 Re: 1.0000 Acc: 1.0000 F1: 1.0000
Epoch 308: Time: 0.0404 Cost: 0.1229 Pre: 1.0000 Re: 1.0000 Acc: 1.0000 F1: 1.0000
Epoch 309: Time: 0.0405 Cost: 0.1233 Pre: 1.0000 Re: 1.0000 Acc: 1.0000 F1: 1.0000
Epoch 310: Time: 0.0398 Cost: 0.1191 Pre: 1.0000 Re: 1.0000 Acc: 1.0000 F1: 1.0000


--------------------------------------------------------------------
Eval results: Cost:0.0844 Pre:1.0000 Re:1.0000 Acc:1.0000 F1:1.0000
--------------------------------------------------------------------

Epoch 311: Time: 0.0392 Cost: 0.1174 Pre: 1.0000 Re: 1.0000 Acc: 1.0000 F1: 1.0000
Epoch 312: Time: 0.0393 Cost: 0.1167 Pre: 1.0000 Re: 1.0000 Acc: 1.0000 F1: 1.0000
Epoch 313: Time: 0.0395 Cost: 0.1147 Pre: 1.0000 Re: 1.0000 Acc: 1.0000 F1: 1.0000
Epoch 314: Time: 0.0393 Cost: 0.1128 Pre: 1.0000 Re: 1.0000 Acc: 1.0000 F1: 1.0000
Epoch 315: Time: 0.0519 Cost: 0.1113 Pre: 1.0000 Re: 1.0000 Acc: 1.0000 F1: 1.0000
Epoch 316: Time: 0.0413 Cost: 0.1103 Pre: 1.0000 Re: 1.0000 Acc: 1.0000 F1: 1.0000
Epoch 317: Time: 0.0397 Cost: 0.1086 Pre: 1.0000 Re: 1.0000 Acc: 1.0000 F1: 1.0000
Epoch 318: Time: 0.0395 Cost: 0.1071 Pre: 1.0000 Re: 1.0000 Acc: 1.0000 F1: 1.0000
Epoch 319: Time: 0.0396 Cost: 0.1058 Pre: 1.0000 Re: 1.0000 Acc: 1.0000 F1: 1.0000
Epoch 320: Time: 0.0393 Cost: 0.1043 Pre: 1.0000 Re: 1.0000 Acc: 1.0000 F1: 1.0000


--------------------------------------------------------------------
Eval results: Cost:0.0735 Pre:1.0000 Re:1.0000 Acc:1.0000 F1:1.0000
--------------------------------------------------------------------

Epoch 321: Time: 0.0393 Cost: 0.1030 Pre: 1.0000 Re: 1.0000 Acc: 1.0000 F1: 1.0000
Epoch 322: Time: 0.0397 Cost: 0.1016 Pre: 1.0000 Re: 1.0000 Acc: 1.0000 F1: 1.0000
Epoch 323: Time: 0.0397 Cost: 0.1002 Pre: 1.0000 Re: 1.0000 Acc: 1.0000 F1: 1.0000
Epoch 324: Time: 0.0398 Cost: 0.0988 Pre: 1.0000 Re: 1.0000 Acc: 1.0000 F1: 1.0000
Epoch 325: Time: 0.0397 Cost: 0.0977 Pre: 1.0000 Re: 1.0000 Acc: 1.0000 F1: 1.0000
Epoch 326: Time: 0.0397 Cost: 0.0972 Pre: 1.0000 Re: 1.0000 Acc: 1.0000 F1: 1.0000
Epoch 327: Time: 0.0402 Cost: 0.0969 Pre: 1.0000 Re: 1.0000 Acc: 1.0000 F1: 1.0000
Epoch 328: Time: 0.0431 Cost: 0.0950 Pre: 1.0000 Re: 1.0000 Acc: 1.0000 F1: 1.0000
Epoch 329: Time: 0.0409 Cost: 0.1031 Pre: 1.0000 Re: 1.0000 Acc: 1.0000 F1: 1.0000
Epoch 330: Time: 0.0398 Cost: 0.1102 Pre: 1.0000 Re: 1.0000 Acc: 1.0000 F1: 1.0000


--------------------------------------------------------------------
Eval results: Cost:0.0724 Pre:1.0000 Re:1.0000 Acc:1.0000 F1:1.0000
--------------------------------------------------------------------

Epoch 331: Time: 0.0396 Cost: 0.1008 Pre: 1.0000 Re: 1.0000 Acc: 1.0000 F1: 1.0000
Epoch 332: Time: 0.0400 Cost: 0.1196 Pre: 1.0000 Re: 1.0000 Acc: 1.0000 F1: 1.0000
Epoch 333: Time: 0.0400 Cost: 0.0959 Pre: 1.0000 Re: 1.0000 Acc: 1.0000 F1: 1.0000
Epoch 334: Time: 0.0397 Cost: 0.1133 Pre: 1.0000 Re: 1.0000 Acc: 1.0000 F1: 1.0000
Epoch 335: Time: 0.0395 Cost: 0.1162 Pre: 1.0000 Re: 1.0000 Acc: 1.0000 F1: 1.0000
Epoch 336: Time: 0.0394 Cost: 0.1056 Pre: 1.0000 Re: 1.0000 Acc: 1.0000 F1: 1.0000
Epoch 337: Time: 0.0399 Cost: 0.0947 Pre: 1.0000 Re: 1.0000 Acc: 1.0000 F1: 1.0000
Epoch 338: Time: 0.0408 Cost: 0.1190 Pre: 1.0000 Re: 1.0000 Acc: 1.0000 F1: 1.0000
Epoch 339: Time: 0.0396 Cost: 0.1003 Pre: 1.0000 Re: 1.0000 Acc: 1.0000 F1: 1.0000
Epoch 340: Time: 0.0393 Cost: 0.1043 Pre: 1.0000 Re: 1.0000 Acc: 1.0000 F1: 1.0000


--------------------------------------------------------------------
Eval results: Cost:0.0861 Pre:1.0000 Re:1.0000 Acc:1.0000 F1:1.0000
--------------------------------------------------------------------

Epoch 341: Time: 0.0391 Cost: 0.1001 Pre: 1.0000 Re: 1.0000 Acc: 1.0000 F1: 1.0000
Epoch 342: Time: 0.0400 Cost: 0.0912 Pre: 1.0000 Re: 1.0000 Acc: 1.0000 F1: 1.0000
Epoch 343: Time: 0.0401 Cost: 0.0890 Pre: 1.0000 Re: 1.0000 Acc: 1.0000 F1: 1.0000
Epoch 344: Time: 0.0400 Cost: 0.0865 Pre: 1.0000 Re: 1.0000 Acc: 1.0000 F1: 1.0000
Epoch 345: Time: 0.0403 Cost: 0.0830 Pre: 1.0000 Re: 1.0000 Acc: 1.0000 F1: 1.0000
Epoch 346: Time: 0.0403 Cost: 0.0814 Pre: 1.0000 Re: 1.0000 Acc: 1.0000 F1: 1.0000
Epoch 347: Time: 0.0400 Cost: 0.0794 Pre: 1.0000 Re: 1.0000 Acc: 1.0000 F1: 1.0000
Epoch 348: Time: 0.0402 Cost: 0.0766 Pre: 1.0000 Re: 1.0000 Acc: 1.0000 F1: 1.0000
Epoch 349: Time: 0.0401 Cost: 0.0742 Pre: 1.0000 Re: 1.0000 Acc: 1.0000 F1: 1.0000
Epoch 350: Time: 0.0405 Cost: 0.0735 Pre: 1.0000 Re: 1.0000 Acc: 1.0000 F1: 1.0000


--------------------------------------------------------------------
Eval results: Cost:0.0526 Pre:1.0000 Re:1.0000 Acc:1.0000 F1:1.0000
--------------------------------------------------------------------

Epoch 351: Time: 0.0412 Cost: 0.0727 Pre: 1.0000 Re: 1.0000 Acc: 1.0000 F1: 1.0000
Epoch 352: Time: 0.0406 Cost: 0.0726 Pre: 1.0000 Re: 1.0000 Acc: 1.0000 F1: 1.0000
Epoch 353: Time: 0.0414 Cost: 0.0709 Pre: 1.0000 Re: 1.0000 Acc: 1.0000 F1: 1.0000
Epoch 354: Time: 0.0408 Cost: 0.0700 Pre: 1.0000 Re: 1.0000 Acc: 1.0000 F1: 1.0000
Epoch 355: Time: 0.0404 Cost: 0.0693 Pre: 1.0000 Re: 1.0000 Acc: 1.0000 F1: 1.0000
Epoch 356: Time: 0.0419 Cost: 0.0685 Pre: 1.0000 Re: 1.0000 Acc: 1.0000 F1: 1.0000
Epoch 357: Time: 0.0406 Cost: 0.0676 Pre: 1.0000 Re: 1.0000 Acc: 1.0000 F1: 1.0000
Epoch 358: Time: 0.0403 Cost: 0.0667 Pre: 1.0000 Re: 1.0000 Acc: 1.0000 F1: 1.0000
Epoch 359: Time: 0.0402 Cost: 0.0659 Pre: 1.0000 Re: 1.0000 Acc: 1.0000 F1: 1.0000
Epoch 360: Time: 0.0404 Cost: 0.0651 Pre: 1.0000 Re: 1.0000 Acc: 1.0000 F1: 1.0000


--------------------------------------------------------------------
Eval results: Cost:0.0457 Pre:1.0000 Re:1.0000 Acc:1.0000 F1:1.0000
--------------------------------------------------------------------

Epoch 361: Time: 0.0411 Cost: 0.0642 Pre: 1.0000 Re: 1.0000 Acc: 1.0000 F1: 1.0000
Epoch 362: Time: 0.0402 Cost: 0.0634 Pre: 1.0000 Re: 1.0000 Acc: 1.0000 F1: 1.0000
Epoch 363: Time: 0.0403 Cost: 0.0626 Pre: 1.0000 Re: 1.0000 Acc: 1.0000 F1: 1.0000
Epoch 364: Time: 0.0411 Cost: 0.0617 Pre: 1.0000 Re: 1.0000 Acc: 1.0000 F1: 1.0000
Epoch 365: Time: 0.0404 Cost: 0.0609 Pre: 1.0000 Re: 1.0000 Acc: 1.0000 F1: 1.0000
Epoch 366: Time: 0.0407 Cost: 0.0600 Pre: 1.0000 Re: 1.0000 Acc: 1.0000 F1: 1.0000
Epoch 367: Time: 0.0406 Cost: 0.0592 Pre: 1.0000 Re: 1.0000 Acc: 1.0000 F1: 1.0000
Epoch 368: Time: 0.0406 Cost: 0.0584 Pre: 1.0000 Re: 1.0000 Acc: 1.0000 F1: 1.0000
Epoch 369: Time: 0.0407 Cost: 0.0576 Pre: 1.0000 Re: 1.0000 Acc: 1.0000 F1: 1.0000
Epoch 370: Time: 0.0407 Cost: 0.0568 Pre: 1.0000 Re: 1.0000 Acc: 1.0000 F1: 1.0000


--------------------------------------------------------------------
Eval results: Cost:0.0401 Pre:1.0000 Re:1.0000 Acc:1.0000 F1:1.0000
--------------------------------------------------------------------

Epoch 371: Time: 0.0415 Cost: 0.0560 Pre: 1.0000 Re: 1.0000 Acc: 1.0000 F1: 1.0000
Epoch 372: Time: 0.0437 Cost: 0.0554 Pre: 1.0000 Re: 1.0000 Acc: 1.0000 F1: 1.0000
Epoch 373: Time: 0.0415 Cost: 0.0549 Pre: 1.0000 Re: 1.0000 Acc: 1.0000 F1: 1.0000
Epoch 374: Time: 0.0415 Cost: 0.0548 Pre: 1.0000 Re: 1.0000 Acc: 1.0000 F1: 1.0000
Epoch 375: Time: 0.0419 Cost: 0.0537 Pre: 1.0000 Re: 1.0000 Acc: 1.0000 F1: 1.0000
Epoch 376: Time: 0.0414 Cost: 0.0537 Pre: 1.0000 Re: 1.0000 Acc: 1.0000 F1: 1.0000
Epoch 377: Time: 0.0408 Cost: 0.0525 Pre: 1.0000 Re: 1.0000 Acc: 1.0000 F1: 1.0000
Epoch 378: Time: 0.0408 Cost: 0.0548 Pre: 1.0000 Re: 1.0000 Acc: 1.0000 F1: 1.0000
Epoch 379: Time: 0.0408 Cost: 0.0531 Pre: 1.0000 Re: 1.0000 Acc: 1.0000 F1: 1.0000
Epoch 380: Time: 0.0407 Cost: 0.0565 Pre: 1.0000 Re: 1.0000 Acc: 1.0000 F1: 1.0000


--------------------------------------------------------------------
Eval results: Cost:0.0431 Pre:1.0000 Re:1.0000 Acc:1.0000 F1:1.0000
--------------------------------------------------------------------

Epoch 381: Time: 0.0401 Cost: 0.0512 Pre: 1.0000 Re: 1.0000 Acc: 1.0000 F1: 1.0000
Epoch 382: Time: 0.0412 Cost: 0.0602 Pre: 1.0000 Re: 1.0000 Acc: 1.0000 F1: 1.0000
Epoch 383: Time: 0.0411 Cost: 0.0549 Pre: 1.0000 Re: 1.0000 Acc: 1.0000 F1: 1.0000
Epoch 384: Time: 0.0408 Cost: 0.0556 Pre: 1.0000 Re: 1.0000 Acc: 1.0000 F1: 1.0000
Epoch 385: Time: 0.0420 Cost: 0.0512 Pre: 1.0000 Re: 1.0000 Acc: 1.0000 F1: 1.0000
Epoch 386: Time: 0.0461 Cost: 0.0508 Pre: 1.0000 Re: 1.0000 Acc: 1.0000 F1: 1.0000
Epoch 387: Time: 0.0409 Cost: 0.0482 Pre: 1.0000 Re: 1.0000 Acc: 1.0000 F1: 1.0000
Epoch 388: Time: 0.0406 Cost: 0.0471 Pre: 1.0000 Re: 1.0000 Acc: 1.0000 F1: 1.0000
Epoch 389: Time: 0.0407 Cost: 0.0460 Pre: 1.0000 Re: 1.0000 Acc: 1.0000 F1: 1.0000
Epoch 390: Time: 0.0406 Cost: 0.0455 Pre: 1.0000 Re: 1.0000 Acc: 1.0000 F1: 1.0000


--------------------------------------------------------------------
Eval results: Cost:0.0301 Pre:1.0000 Re:1.0000 Acc:1.0000 F1:1.0000
--------------------------------------------------------------------

Epoch 391: Time: 0.0406 Cost: 0.0435 Pre: 1.0000 Re: 1.0000 Acc: 1.0000 F1: 1.0000
Epoch 392: Time: 0.0406 Cost: 0.0434 Pre: 1.0000 Re: 1.0000 Acc: 1.0000 F1: 1.0000
Epoch 393: Time: 0.0408 Cost: 0.0422 Pre: 1.0000 Re: 1.0000 Acc: 1.0000 F1: 1.0000
Epoch 394: Time: 0.0415 Cost: 0.0427 Pre: 1.0000 Re: 1.0000 Acc: 1.0000 F1: 1.0000
Epoch 395: Time: 0.0427 Cost: 0.0414 Pre: 1.0000 Re: 1.0000 Acc: 1.0000 F1: 1.0000
Epoch 396: Time: 0.0415 Cost: 0.0411 Pre: 1.0000 Re: 1.0000 Acc: 1.0000 F1: 1.0000
Epoch 397: Time: 0.0406 Cost: 0.0397 Pre: 1.0000 Re: 1.0000 Acc: 1.0000 F1: 1.0000
Epoch 398: Time: 0.0423 Cost: 0.0395 Pre: 1.0000 Re: 1.0000 Acc: 1.0000 F1: 1.0000
Epoch 399: Time: 0.0409 Cost: 0.0387 Pre: 1.0000 Re: 1.0000 Acc: 1.0000 F1: 1.0000
Epoch 400: Time: 0.0406 Cost: 0.0386 Pre: 1.0000 Re: 1.0000 Acc: 1.0000 F1: 1.0000


--------------------------------------------------------------------
Eval results: Cost:0.0277 Pre:1.0000 Re:1.0000 Acc:1.0000 F1:1.0000
--------------------------------------------------------------------

Epoch 401: Time: 0.0405 Cost: 0.0378 Pre: 1.0000 Re: 1.0000 Acc: 1.0000 F1: 1.0000
Epoch 402: Time: 0.0405 Cost: 0.0372 Pre: 1.0000 Re: 1.0000 Acc: 1.0000 F1: 1.0000
Epoch 403: Time: 0.0407 Cost: 0.0367 Pre: 1.0000 Re: 1.0000 Acc: 1.0000 F1: 1.0000
Epoch 404: Time: 0.0412 Cost: 0.0363 Pre: 1.0000 Re: 1.0000 Acc: 1.0000 F1: 1.0000
Epoch 405: Time: 0.0412 Cost: 0.0357 Pre: 1.0000 Re: 1.0000 Acc: 1.0000 F1: 1.0000
Epoch 406: Time: 0.0408 Cost: 0.0352 Pre: 1.0000 Re: 1.0000 Acc: 1.0000 F1: 1.0000
Epoch 407: Time: 0.0410 Cost: 0.0347 Pre: 1.0000 Re: 1.0000 Acc: 1.0000 F1: 1.0000
Epoch 408: Time: 0.0403 Cost: 0.0343 Pre: 1.0000 Re: 1.0000 Acc: 1.0000 F1: 1.0000
Epoch 409: Time: 0.0402 Cost: 0.0337 Pre: 1.0000 Re: 1.0000 Acc: 1.0000 F1: 1.0000
Epoch 410: Time: 0.0415 Cost: 0.0332 Pre: 1.0000 Re: 1.0000 Acc: 1.0000 F1: 1.0000


--------------------------------------------------------------------
Eval results: Cost:0.0232 Pre:1.0000 Re:1.0000 Acc:1.0000 F1:1.0000
--------------------------------------------------------------------

Epoch 411: Time: 0.0399 Cost: 0.0327 Pre: 1.0000 Re: 1.0000 Acc: 1.0000 F1: 1.0000
Epoch 412: Time: 0.0404 Cost: 0.0323 Pre: 1.0000 Re: 1.0000 Acc: 1.0000 F1: 1.0000
Epoch 413: Time: 0.0399 Cost: 0.0319 Pre: 1.0000 Re: 1.0000 Acc: 1.0000 F1: 1.0000
Epoch 414: Time: 0.0398 Cost: 0.0314 Pre: 1.0000 Re: 1.0000 Acc: 1.0000 F1: 1.0000
Epoch 415: Time: 0.0397 Cost: 0.0310 Pre: 1.0000 Re: 1.0000 Acc: 1.0000 F1: 1.0000
Epoch 416: Time: 0.0399 Cost: 0.0305 Pre: 1.0000 Re: 1.0000 Acc: 1.0000 F1: 1.0000
Epoch 417: Time: 0.0441 Cost: 0.0300 Pre: 1.0000 Re: 1.0000 Acc: 1.0000 F1: 1.0000
Epoch 418: Time: 0.0398 Cost: 0.0296 Pre: 1.0000 Re: 1.0000 Acc: 1.0000 F1: 1.0000
Epoch 419: Time: 0.0400 Cost: 0.0292 Pre: 1.0000 Re: 1.0000 Acc: 1.0000 F1: 1.0000
Epoch 420: Time: 0.0396 Cost: 0.0288 Pre: 1.0000 Re: 1.0000 Acc: 1.0000 F1: 1.0000


--------------------------------------------------------------------
Eval results: Cost:0.0200 Pre:1.0000 Re:1.0000 Acc:1.0000 F1:1.0000
--------------------------------------------------------------------

Epoch 421: Time: 0.0393 Cost: 0.0284 Pre: 1.0000 Re: 1.0000 Acc: 1.0000 F1: 1.0000
Epoch 422: Time: 0.0392 Cost: 0.0281 Pre: 1.0000 Re: 1.0000 Acc: 1.0000 F1: 1.0000
Epoch 423: Time: 0.0394 Cost: 0.0277 Pre: 1.0000 Re: 1.0000 Acc: 1.0000 F1: 1.0000
Epoch 424: Time: 0.0391 Cost: 0.0272 Pre: 1.0000 Re: 1.0000 Acc: 1.0000 F1: 1.0000
Epoch 425: Time: 0.0391 Cost: 0.0268 Pre: 1.0000 Re: 1.0000 Acc: 1.0000 F1: 1.0000
Epoch 426: Time: 0.0393 Cost: 0.0264 Pre: 1.0000 Re: 1.0000 Acc: 1.0000 F1: 1.0000
Epoch 427: Time: 0.0396 Cost: 0.0260 Pre: 1.0000 Re: 1.0000 Acc: 1.0000 F1: 1.0000
Epoch 428: Time: 0.0395 Cost: 0.0256 Pre: 1.0000 Re: 1.0000 Acc: 1.0000 F1: 1.0000
Epoch 429: Time: 0.0406 Cost: 0.0252 Pre: 1.0000 Re: 1.0000 Acc: 1.0000 F1: 1.0000
Epoch 430: Time: 0.0390 Cost: 0.0248 Pre: 1.0000 Re: 1.0000 Acc: 1.0000 F1: 1.0000


--------------------------------------------------------------------
Eval results: Cost:0.0173 Pre:1.0000 Re:1.0000 Acc:1.0000 F1:1.0000
--------------------------------------------------------------------

Epoch 431: Time: 0.0384 Cost: 0.0245 Pre: 1.0000 Re: 1.0000 Acc: 1.0000 F1: 1.0000
Epoch 432: Time: 0.0389 Cost: 0.0242 Pre: 1.0000 Re: 1.0000 Acc: 1.0000 F1: 1.0000
Epoch 433: Time: 0.0389 Cost: 0.0239 Pre: 1.0000 Re: 1.0000 Acc: 1.0000 F1: 1.0000
Epoch 434: Time: 0.0390 Cost: 0.0236 Pre: 1.0000 Re: 1.0000 Acc: 1.0000 F1: 1.0000
Epoch 435: Time: 0.0390 Cost: 0.0233 Pre: 1.0000 Re: 1.0000 Acc: 1.0000 F1: 1.0000
Epoch 436: Time: 0.0389 Cost: 0.0230 Pre: 1.0000 Re: 1.0000 Acc: 1.0000 F1: 1.0000
Epoch 437: Time: 0.0388 Cost: 0.0226 Pre: 1.0000 Re: 1.0000 Acc: 1.0000 F1: 1.0000
Epoch 438: Time: 0.0390 Cost: 0.0223 Pre: 1.0000 Re: 1.0000 Acc: 1.0000 F1: 1.0000
Epoch 439: Time: 0.0392 Cost: 0.0219 Pre: 1.0000 Re: 1.0000 Acc: 1.0000 F1: 1.0000
Epoch 440: Time: 0.0393 Cost: 0.0215 Pre: 1.0000 Re: 1.0000 Acc: 1.0000 F1: 1.0000


--------------------------------------------------------------------
Eval results: Cost:0.0150 Pre:1.0000 Re:1.0000 Acc:1.0000 F1:1.0000
--------------------------------------------------------------------

Epoch 441: Time: 0.0391 Cost: 0.0212 Pre: 1.0000 Re: 1.0000 Acc: 1.0000 F1: 1.0000
Epoch 442: Time: 0.0389 Cost: 0.0210 Pre: 1.0000 Re: 1.0000 Acc: 1.0000 F1: 1.0000
Epoch 443: Time: 0.0400 Cost: 0.0207 Pre: 1.0000 Re: 1.0000 Acc: 1.0000 F1: 1.0000
Epoch 444: Time: 0.0394 Cost: 0.0204 Pre: 1.0000 Re: 1.0000 Acc: 1.0000 F1: 1.0000
Epoch 445: Time: 0.0393 Cost: 0.0202 Pre: 1.0000 Re: 1.0000 Acc: 1.0000 F1: 1.0000
Epoch 446: Time: 0.0390 Cost: 0.0199 Pre: 1.0000 Re: 1.0000 Acc: 1.0000 F1: 1.0000
Epoch 447: Time: 0.0390 Cost: 0.0196 Pre: 1.0000 Re: 1.0000 Acc: 1.0000 F1: 1.0000
Epoch 448: Time: 0.0401 Cost: 0.0194 Pre: 1.0000 Re: 1.0000 Acc: 1.0000 F1: 1.0000
Epoch 449: Time: 0.0385 Cost: 0.0191 Pre: 1.0000 Re: 1.0000 Acc: 1.0000 F1: 1.0000
Epoch 450: Time: 0.0391 Cost: 0.0188 Pre: 1.0000 Re: 1.0000 Acc: 1.0000 F1: 1.0000


--------------------------------------------------------------------
Eval results: Cost:0.0132 Pre:1.0000 Re:1.0000 Acc:1.0000 F1:1.0000
--------------------------------------------------------------------

Epoch 451: Time: 0.0393 Cost: 0.0185 Pre: 1.0000 Re: 1.0000 Acc: 1.0000 F1: 1.0000
Epoch 452: Time: 0.0397 Cost: 0.0182 Pre: 1.0000 Re: 1.0000 Acc: 1.0000 F1: 1.0000
Epoch 453: Time: 0.0390 Cost: 0.0180 Pre: 1.0000 Re: 1.0000 Acc: 1.0000 F1: 1.0000
Epoch 454: Time: 0.0391 Cost: 0.0178 Pre: 1.0000 Re: 1.0000 Acc: 1.0000 F1: 1.0000
Epoch 455: Time: 0.0392 Cost: 0.0175 Pre: 1.0000 Re: 1.0000 Acc: 1.0000 F1: 1.0000
Epoch 456: Time: 0.0388 Cost: 0.0173 Pre: 1.0000 Re: 1.0000 Acc: 1.0000 F1: 1.0000
Epoch 457: Time: 0.0393 Cost: 0.0171 Pre: 1.0000 Re: 1.0000 Acc: 1.0000 F1: 1.0000
Epoch 458: Time: 0.0391 Cost: 0.0168 Pre: 1.0000 Re: 1.0000 Acc: 1.0000 F1: 1.0000
Epoch 459: Time: 0.0393 Cost: 0.0166 Pre: 1.0000 Re: 1.0000 Acc: 1.0000 F1: 1.0000
Epoch 460: Time: 0.0391 Cost: 0.0164 Pre: 1.0000 Re: 1.0000 Acc: 1.0000 F1: 1.0000


--------------------------------------------------------------------
Eval results: Cost:0.0115 Pre:1.0000 Re:1.0000 Acc:1.0000 F1:1.0000
--------------------------------------------------------------------

Epoch 461: Time: 0.0390 Cost: 0.0162 Pre: 1.0000 Re: 1.0000 Acc: 1.0000 F1: 1.0000
Epoch 462: Time: 0.0393 Cost: 0.0160 Pre: 1.0000 Re: 1.0000 Acc: 1.0000 F1: 1.0000
Epoch 463: Time: 0.0418 Cost: 0.0158 Pre: 1.0000 Re: 1.0000 Acc: 1.0000 F1: 1.0000
Epoch 464: Time: 0.0401 Cost: 0.0156 Pre: 1.0000 Re: 1.0000 Acc: 1.0000 F1: 1.0000
Epoch 465: Time: 0.0396 Cost: 0.0155 Pre: 1.0000 Re: 1.0000 Acc: 1.0000 F1: 1.0000
Epoch 466: Time: 0.0404 Cost: 0.0153 Pre: 1.0000 Re: 1.0000 Acc: 1.0000 F1: 1.0000
Epoch 467: Time: 0.0393 Cost: 0.0151 Pre: 1.0000 Re: 1.0000 Acc: 1.0000 F1: 1.0000
Epoch 468: Time: 0.0394 Cost: 0.0149 Pre: 1.0000 Re: 1.0000 Acc: 1.0000 F1: 1.0000
Epoch 469: Time: 0.0393 Cost: 0.0146 Pre: 1.0000 Re: 1.0000 Acc: 1.0000 F1: 1.0000
Epoch 470: Time: 0.0402 Cost: 0.0144 Pre: 1.0000 Re: 1.0000 Acc: 1.0000 F1: 1.0000


--------------------------------------------------------------------
Eval results: Cost:0.0101 Pre:1.0000 Re:1.0000 Acc:1.0000 F1:1.0000
--------------------------------------------------------------------

Epoch 471: Time: 0.0391 Cost: 0.0143 Pre: 1.0000 Re: 1.0000 Acc: 1.0000 F1: 1.0000
Epoch 472: Time: 0.0394 Cost: 0.0141 Pre: 1.0000 Re: 1.0000 Acc: 1.0000 F1: 1.0000
Epoch 473: Time: 0.0398 Cost: 0.0140 Pre: 1.0000 Re: 1.0000 Acc: 1.0000 F1: 1.0000
Epoch 474: Time: 0.0396 Cost: 0.0138 Pre: 1.0000 Re: 1.0000 Acc: 1.0000 F1: 1.0000
Epoch 475: Time: 0.0391 Cost: 0.0136 Pre: 1.0000 Re: 1.0000 Acc: 1.0000 F1: 1.0000
Epoch 476: Time: 0.0412 Cost: 0.0134 Pre: 1.0000 Re: 1.0000 Acc: 1.0000 F1: 1.0000
Epoch 477: Time: 0.0389 Cost: 0.0132 Pre: 1.0000 Re: 1.0000 Acc: 1.0000 F1: 1.0000
Epoch 478: Time: 0.0390 Cost: 0.0131 Pre: 1.0000 Re: 1.0000 Acc: 1.0000 F1: 1.0000
Epoch 479: Time: 0.0389 Cost: 0.0129 Pre: 1.0000 Re: 1.0000 Acc: 1.0000 F1: 1.0000
Epoch 480: Time: 0.0389 Cost: 0.0128 Pre: 1.0000 Re: 1.0000 Acc: 1.0000 F1: 1.0000


--------------------------------------------------------------------
Eval results: Cost:0.0089 Pre:1.0000 Re:1.0000 Acc:1.0000 F1:1.0000
--------------------------------------------------------------------

Epoch 481: Time: 0.0383 Cost: 0.0126 Pre: 1.0000 Re: 1.0000 Acc: 1.0000 F1: 1.0000
Epoch 482: Time: 0.0388 Cost: 0.0125 Pre: 1.0000 Re: 1.0000 Acc: 1.0000 F1: 1.0000
Epoch 483: Time: 0.0389 Cost: 0.0123 Pre: 1.0000 Re: 1.0000 Acc: 1.0000 F1: 1.0000
Epoch 484: Time: 0.0387 Cost: 0.0122 Pre: 1.0000 Re: 1.0000 Acc: 1.0000 F1: 1.0000
Epoch 485: Time: 0.0393 Cost: 0.0121 Pre: 1.0000 Re: 1.0000 Acc: 1.0000 F1: 1.0000
Epoch 486: Time: 0.0406 Cost: 0.0119 Pre: 1.0000 Re: 1.0000 Acc: 1.0000 F1: 1.0000
Epoch 487: Time: 0.0400 Cost: 0.0118 Pre: 1.0000 Re: 1.0000 Acc: 1.0000 F1: 1.0000
Epoch 488: Time: 0.0397 Cost: 0.0116 Pre: 1.0000 Re: 1.0000 Acc: 1.0000 F1: 1.0000
Epoch 489: Time: 0.0389 Cost: 0.0115 Pre: 1.0000 Re: 1.0000 Acc: 1.0000 F1: 1.0000
Epoch 490: Time: 0.0400 Cost: 0.0114 Pre: 1.0000 Re: 1.0000 Acc: 1.0000 F1: 1.0000


--------------------------------------------------------------------
Eval results: Cost:0.0079 Pre:1.0000 Re:1.0000 Acc:1.0000 F1:1.0000
--------------------------------------------------------------------

Epoch 491: Time: 0.0382 Cost: 0.0113 Pre: 1.0000 Re: 1.0000 Acc: 1.0000 F1: 1.0000
Epoch 492: Time: 0.0386 Cost: 0.0111 Pre: 1.0000 Re: 1.0000 Acc: 1.0000 F1: 1.0000
Epoch 493: Time: 0.0389 Cost: 0.0110 Pre: 1.0000 Re: 1.0000 Acc: 1.0000 F1: 1.0000
Epoch 494: Time: 0.0388 Cost: 0.0109 Pre: 1.0000 Re: 1.0000 Acc: 1.0000 F1: 1.0000
Epoch 495: Time: 0.0390 Cost: 0.0108 Pre: 1.0000 Re: 1.0000 Acc: 1.0000 F1: 1.0000
Epoch 496: Time: 0.0388 Cost: 0.0107 Pre: 1.0000 Re: 1.0000 Acc: 1.0000 F1: 1.0000
Epoch 497: Time: 0.0404 Cost: 0.0105 Pre: 1.0000 Re: 1.0000 Acc: 1.0000 F1: 1.0000
Epoch 498: Time: 0.0393 Cost: 0.0104 Pre: 1.0000 Re: 1.0000 Acc: 1.0000 F1: 1.0000
Epoch 499: Time: 0.0389 Cost: 0.0103 Pre: 1.0000 Re: 1.0000 Acc: 1.0000 F1: 1.0000
Epoch 500: Time: 0.0395 Cost: 0.0102 Pre: 1.0000 Re: 1.0000 Acc: 1.0000 F1: 1.0000


--------------------------------------------------------------------
Eval results: Cost:0.0071 Pre:1.0000 Re:1.0000 Acc:1.0000 F1:1.0000
--------------------------------------------------------------------

Epoch 501: Time: 0.0383 Cost: 0.0101 Pre: 1.0000 Re: 1.0000 Acc: 1.0000 F1: 1.0000
Epoch 502: Time: 0.0396 Cost: 0.0100 Pre: 1.0000 Re: 1.0000 Acc: 1.0000 F1: 1.0000
Epoch 503: Time: 0.0387 Cost: 0.0099 Pre: 1.0000 Re: 1.0000 Acc: 1.0000 F1: 1.0000
Epoch 504: Time: 0.0390 Cost: 0.0098 Pre: 1.0000 Re: 1.0000 Acc: 1.0000 F1: 1.0000
Epoch 505: Time: 0.0388 Cost: 0.0097 Pre: 1.0000 Re: 1.0000 Acc: 1.0000 F1: 1.0000
Epoch 506: Time: 0.0386 Cost: 0.0096 Pre: 1.0000 Re: 1.0000 Acc: 1.0000 F1: 1.0000
Epoch 507: Time: 0.0388 Cost: 0.0095 Pre: 1.0000 Re: 1.0000 Acc: 1.0000 F1: 1.0000
Epoch 508: Time: 0.0385 Cost: 0.0094 Pre: 1.0000 Re: 1.0000 Acc: 1.0000 F1: 1.0000
Epoch 509: Time: 0.0390 Cost: 0.0093 Pre: 1.0000 Re: 1.0000 Acc: 1.0000 F1: 1.0000
Epoch 510: Time: 0.0412 Cost: 0.0092 Pre: 1.0000 Re: 1.0000 Acc: 1.0000 F1: 1.0000


--------------------------------------------------------------------
Eval results: Cost:0.0064 Pre:1.0000 Re:1.0000 Acc:1.0000 F1:1.0000
--------------------------------------------------------------------

Epoch 511: Time: 0.0383 Cost: 0.0091 Pre: 1.0000 Re: 1.0000 Acc: 1.0000 F1: 1.0000
Epoch 512: Time: 0.0381 Cost: 0.0090 Pre: 1.0000 Re: 1.0000 Acc: 1.0000 F1: 1.0000
Epoch 513: Time: 0.0395 Cost: 0.0089 Pre: 1.0000 Re: 1.0000 Acc: 1.0000 F1: 1.0000
Epoch 514: Time: 0.0390 Cost: 0.0088 Pre: 1.0000 Re: 1.0000 Acc: 1.0000 F1: 1.0000
Epoch 515: Time: 0.0384 Cost: 0.0088 Pre: 1.0000 Re: 1.0000 Acc: 1.0000 F1: 1.0000
Epoch 516: Time: 0.0386 Cost: 0.0087 Pre: 1.0000 Re: 1.0000 Acc: 1.0000 F1: 1.0000
Epoch 517: Time: 0.0387 Cost: 0.0086 Pre: 1.0000 Re: 1.0000 Acc: 1.0000 F1: 1.0000
Epoch 518: Time: 0.0387 Cost: 0.0085 Pre: 1.0000 Re: 1.0000 Acc: 1.0000 F1: 1.0000
Epoch 519: Time: 0.0389 Cost: 0.0084 Pre: 1.0000 Re: 1.0000 Acc: 1.0000 F1: 1.0000
Epoch 520: Time: 0.0387 Cost: 0.0083 Pre: 1.0000 Re: 1.0000 Acc: 1.0000 F1: 1.0000


--------------------------------------------------------------------
Eval results: Cost:0.0058 Pre:1.0000 Re:1.0000 Acc:1.0000 F1:1.0000
--------------------------------------------------------------------

Epoch 521: Time: 0.0387 Cost: 0.0083 Pre: 1.0000 Re: 1.0000 Acc: 1.0000 F1: 1.0000
Epoch 522: Time: 0.0384 Cost: 0.0082 Pre: 1.0000 Re: 1.0000 Acc: 1.0000 F1: 1.0000
Epoch 523: Time: 0.0388 Cost: 0.0081 Pre: 1.0000 Re: 1.0000 Acc: 1.0000 F1: 1.0000
Epoch 524: Time: 0.0387 Cost: 0.0080 Pre: 1.0000 Re: 1.0000 Acc: 1.0000 F1: 1.0000
Epoch 525: Time: 0.0395 Cost: 0.0080 Pre: 1.0000 Re: 1.0000 Acc: 1.0000 F1: 1.0000
Epoch 526: Time: 0.0389 Cost: 0.0079 Pre: 1.0000 Re: 1.0000 Acc: 1.0000 F1: 1.0000
Epoch 527: Time: 0.0386 Cost: 0.0078 Pre: 1.0000 Re: 1.0000 Acc: 1.0000 F1: 1.0000
Epoch 528: Time: 0.0389 Cost: 0.0077 Pre: 1.0000 Re: 1.0000 Acc: 1.0000 F1: 1.0000
Epoch 529: Time: 0.0395 Cost: 0.0077 Pre: 1.0000 Re: 1.0000 Acc: 1.0000 F1: 1.0000
Epoch 530: Time: 0.0386 Cost: 0.0076 Pre: 1.0000 Re: 1.0000 Acc: 1.0000 F1: 1.0000


--------------------------------------------------------------------
Eval results: Cost:0.0053 Pre:1.0000 Re:1.0000 Acc:1.0000 F1:1.0000
--------------------------------------------------------------------

Epoch 531: Time: 0.0387 Cost: 0.0075 Pre: 1.0000 Re: 1.0000 Acc: 1.0000 F1: 1.0000
Epoch 532: Time: 0.0388 Cost: 0.0075 Pre: 1.0000 Re: 1.0000 Acc: 1.0000 F1: 1.0000
Epoch 533: Time: 0.0419 Cost: 0.0074 Pre: 1.0000 Re: 1.0000 Acc: 1.0000 F1: 1.0000
Epoch 534: Time: 0.0398 Cost: 0.0073 Pre: 1.0000 Re: 1.0000 Acc: 1.0000 F1: 1.0000
Epoch 535: Time: 0.0388 Cost: 0.0073 Pre: 1.0000 Re: 1.0000 Acc: 1.0000 F1: 1.0000
Epoch 536: Time: 0.0395 Cost: 0.0072 Pre: 1.0000 Re: 1.0000 Acc: 1.0000 F1: 1.0000
Epoch 537: Time: 0.0391 Cost: 0.0072 Pre: 1.0000 Re: 1.0000 Acc: 1.0000 F1: 1.0000
Epoch 538: Time: 0.0390 Cost: 0.0071 Pre: 1.0000 Re: 1.0000 Acc: 1.0000 F1: 1.0000
Epoch 539: Time: 0.0386 Cost: 0.0070 Pre: 1.0000 Re: 1.0000 Acc: 1.0000 F1: 1.0000
Epoch 540: Time: 0.0388 Cost: 0.0070 Pre: 1.0000 Re: 1.0000 Acc: 1.0000 F1: 1.0000


--------------------------------------------------------------------
Eval results: Cost:0.0049 Pre:1.0000 Re:1.0000 Acc:1.0000 F1:1.0000
--------------------------------------------------------------------

Early stopping...
--------------------------------------------------------------------
--------------------------------------------------------------------
Test 464 samples take time: 0.1669
FP id:
[450]
Test results: Cost:0.2136 Pre:0.9167 Re:1.0000 Acc:0.9978 F1:0.9565
--------------------------------------------------------------------

