Load data
RNN type: O2 Grammar: g1 Seed: 5
Model total parameters: 4232
Saving hinit ... 

Epoch 0: Time: 0.1512 Cost: 17.5974 Pre: 1.0000 Re: 0.1000 Acc: 0.9628 F1: 0.1818


--------------------------------------------------------------------
Eval results: Cost:16.3825 Pre:1.0000 Re:0.2500 Acc:0.9815 F1:0.4000
--------------------------------------------------------------------

Epoch 1: Time: 0.0763 Cost: 16.0641 Pre: 1.0000 Re: 0.1000 Acc: 0.9628 F1: 0.1818
Epoch 2: Time: 0.0764 Cost: 14.0907 Pre: 1.0000 Re: 0.1000 Acc: 0.9628 F1: 0.1818
Epoch 3: Time: 0.0774 Cost: 12.0888 Pre: 1.0000 Re: 0.1000 Acc: 0.9628 F1: 0.1818
Epoch 4: Time: 0.0778 Cost: 10.2476 Pre: 1.0000 Re: 0.1000 Acc: 0.9628 F1: 0.1818
Epoch 5: Time: 0.0786 Cost: 8.6559 Pre: 1.0000 Re: 0.1000 Acc: 0.9628 F1: 0.1818
Epoch 6: Time: 0.0764 Cost: 7.3430 Pre: 1.0000 Re: 0.1000 Acc: 0.9628 F1: 0.1818
Epoch 7: Time: 0.0764 Cost: 6.3029 Pre: 1.0000 Re: 0.1000 Acc: 0.9628 F1: 0.1818
Epoch 8: Time: 0.0776 Cost: 5.5082 Pre: 1.0000 Re: 0.1000 Acc: 0.9628 F1: 0.1818
Epoch 9: Time: 0.0768 Cost: 4.9197 Pre: 1.0000 Re: 0.1000 Acc: 0.9628 F1: 0.1818
Epoch 10: Time: 0.0791 Cost: 4.4944 Pre: 0.0000 Re: 0.0000 Acc: 0.9587 F1: 0.0000


--------------------------------------------------------------------
Eval results: Cost:3.7238 Pre:0.0000 Re:0.0000 Acc:0.9753 F1:0.0000
--------------------------------------------------------------------

Epoch 11: Time: 0.0765 Cost: 4.1920 Pre: 0.0000 Re: 0.0000 Acc: 0.9587 F1: 0.0000
Epoch 12: Time: 0.0765 Cost: 3.9776 Pre: 0.0000 Re: 0.0000 Acc: 0.9587 F1: 0.0000
Epoch 13: Time: 0.0764 Cost: 3.8252 Pre: 0.0000 Re: 0.0000 Acc: 0.9587 F1: 0.0000
Epoch 14: Time: 0.0762 Cost: 3.7159 Pre: 0.0000 Re: 0.0000 Acc: 0.9587 F1: 0.0000
Epoch 15: Time: 0.0760 Cost: 3.6362 Pre: 0.0000 Re: 0.0000 Acc: 0.9587 F1: 0.0000
Epoch 16: Time: 0.0768 Cost: 3.5768 Pre: 0.0000 Re: 0.0000 Acc: 0.9587 F1: 0.0000
Epoch 17: Time: 0.0771 Cost: 3.5315 Pre: 0.0000 Re: 0.0000 Acc: 0.9587 F1: 0.0000
Epoch 18: Time: 0.0766 Cost: 3.4959 Pre: 0.0000 Re: 0.0000 Acc: 0.9587 F1: 0.0000
Epoch 19: Time: 0.0761 Cost: 3.4671 Pre: 0.0000 Re: 0.0000 Acc: 0.9587 F1: 0.0000
Epoch 20: Time: 0.0771 Cost: 3.4433 Pre: 0.0000 Re: 0.0000 Acc: 0.9587 F1: 0.0000


--------------------------------------------------------------------
Eval results: Cost:2.8288 Pre:0.0000 Re:0.0000 Acc:0.9753 F1:0.0000
--------------------------------------------------------------------

Epoch 21: Time: 0.0784 Cost: 3.4230 Pre: 0.0000 Re: 0.0000 Acc: 0.9587 F1: 0.0000
Epoch 22: Time: 0.0786 Cost: 3.4052 Pre: 0.0000 Re: 0.0000 Acc: 0.9587 F1: 0.0000
Epoch 23: Time: 0.0778 Cost: 3.3893 Pre: 0.0000 Re: 0.0000 Acc: 0.9587 F1: 0.0000
Epoch 24: Time: 0.0769 Cost: 3.3748 Pre: 0.0000 Re: 0.0000 Acc: 0.9587 F1: 0.0000
Epoch 25: Time: 0.0768 Cost: 3.3614 Pre: 0.0000 Re: 0.0000 Acc: 0.9587 F1: 0.0000
Epoch 26: Time: 0.1025 Cost: 3.3488 Pre: 0.0000 Re: 0.0000 Acc: 0.9587 F1: 0.0000
Epoch 27: Time: 0.0993 Cost: 3.3369 Pre: 0.0000 Re: 0.0000 Acc: 0.9587 F1: 0.0000
Epoch 28: Time: 0.0884 Cost: 3.3256 Pre: 0.0000 Re: 0.0000 Acc: 0.9587 F1: 0.0000
Epoch 29: Time: 0.0870 Cost: 3.3146 Pre: 0.0000 Re: 0.0000 Acc: 0.9587 F1: 0.0000
Epoch 30: Time: 0.0797 Cost: 3.3040 Pre: 0.0000 Re: 0.0000 Acc: 0.9587 F1: 0.0000


--------------------------------------------------------------------
Eval results: Cost:2.6896 Pre:0.0000 Re:0.0000 Acc:0.9753 F1:0.0000
--------------------------------------------------------------------

Epoch 31: Time: 0.0853 Cost: 3.2937 Pre: 0.0000 Re: 0.0000 Acc: 0.9587 F1: 0.0000
Epoch 32: Time: 0.0826 Cost: 3.2835 Pre: 0.0000 Re: 0.0000 Acc: 0.9587 F1: 0.0000
Epoch 33: Time: 0.0850 Cost: 3.2735 Pre: 0.0000 Re: 0.0000 Acc: 0.9587 F1: 0.0000
Epoch 34: Time: 0.0823 Cost: 3.2635 Pre: 0.0000 Re: 0.0000 Acc: 0.9587 F1: 0.0000
Epoch 35: Time: 0.0813 Cost: 3.2536 Pre: 0.0000 Re: 0.0000 Acc: 0.9587 F1: 0.0000
Epoch 36: Time: 0.0814 Cost: 3.2438 Pre: 0.0000 Re: 0.0000 Acc: 0.9587 F1: 0.0000
Epoch 37: Time: 0.0759 Cost: 3.2340 Pre: 0.0000 Re: 0.0000 Acc: 0.9587 F1: 0.0000
Epoch 38: Time: 0.0764 Cost: 3.2242 Pre: 0.0000 Re: 0.0000 Acc: 0.9587 F1: 0.0000
Epoch 39: Time: 0.0811 Cost: 3.2144 Pre: 0.0000 Re: 0.0000 Acc: 0.9587 F1: 0.0000
Epoch 40: Time: 0.0756 Cost: 3.2046 Pre: 0.0000 Re: 0.0000 Acc: 0.9587 F1: 0.0000


--------------------------------------------------------------------
Eval results: Cost:2.5848 Pre:0.0000 Re:0.0000 Acc:0.9753 F1:0.0000
--------------------------------------------------------------------

Epoch 41: Time: 0.0770 Cost: 3.1947 Pre: 0.0000 Re: 0.0000 Acc: 0.9587 F1: 0.0000
Epoch 42: Time: 0.0769 Cost: 3.1846 Pre: 1.0000 Re: 0.1000 Acc: 0.9628 F1: 0.1818
Epoch 43: Time: 0.0775 Cost: 3.1743 Pre: 1.0000 Re: 0.1000 Acc: 0.9628 F1: 0.1818
Epoch 44: Time: 0.0781 Cost: 3.1638 Pre: 1.0000 Re: 0.1000 Acc: 0.9628 F1: 0.1818
Epoch 45: Time: 0.0768 Cost: 3.1532 Pre: 1.0000 Re: 0.1000 Acc: 0.9628 F1: 0.1818
Epoch 46: Time: 0.0769 Cost: 3.1424 Pre: 1.0000 Re: 0.1000 Acc: 0.9628 F1: 0.1818
Epoch 47: Time: 0.0773 Cost: 3.1315 Pre: 1.0000 Re: 0.1000 Acc: 0.9628 F1: 0.1818
Epoch 48: Time: 0.0769 Cost: 3.1203 Pre: 1.0000 Re: 0.1000 Acc: 0.9628 F1: 0.1818
Epoch 49: Time: 0.0770 Cost: 3.1090 Pre: 1.0000 Re: 0.1000 Acc: 0.9628 F1: 0.1818
Epoch 50: Time: 0.0768 Cost: 3.0974 Pre: 1.0000 Re: 0.1000 Acc: 0.9628 F1: 0.1818


--------------------------------------------------------------------
Eval results: Cost:2.4735 Pre:1.0000 Re:0.2500 Acc:0.9815 F1:0.4000
--------------------------------------------------------------------

Epoch 51: Time: 0.0768 Cost: 3.0856 Pre: 1.0000 Re: 0.1000 Acc: 0.9628 F1: 0.1818
Epoch 52: Time: 0.0764 Cost: 3.0735 Pre: 1.0000 Re: 0.1000 Acc: 0.9628 F1: 0.1818
Epoch 53: Time: 0.0761 Cost: 3.0610 Pre: 1.0000 Re: 0.1000 Acc: 0.9628 F1: 0.1818
Epoch 54: Time: 0.0768 Cost: 3.0483 Pre: 1.0000 Re: 0.1000 Acc: 0.9628 F1: 0.1818
Epoch 55: Time: 0.0772 Cost: 3.0352 Pre: 1.0000 Re: 0.1000 Acc: 0.9628 F1: 0.1818
Epoch 56: Time: 0.0785 Cost: 3.0217 Pre: 1.0000 Re: 0.1000 Acc: 0.9628 F1: 0.1818
Epoch 57: Time: 0.0774 Cost: 3.0079 Pre: 1.0000 Re: 0.1000 Acc: 0.9628 F1: 0.1818
Epoch 58: Time: 0.0763 Cost: 2.9937 Pre: 1.0000 Re: 0.1000 Acc: 0.9628 F1: 0.1818
Epoch 59: Time: 0.0761 Cost: 2.9790 Pre: 1.0000 Re: 0.1000 Acc: 0.9628 F1: 0.1818
Epoch 60: Time: 0.0759 Cost: 2.9639 Pre: 1.0000 Re: 0.1000 Acc: 0.9628 F1: 0.1818


--------------------------------------------------------------------
Eval results: Cost:2.3522 Pre:1.0000 Re:0.2500 Acc:0.9815 F1:0.4000
--------------------------------------------------------------------

Epoch 61: Time: 0.0768 Cost: 2.9482 Pre: 1.0000 Re: 0.1000 Acc: 0.9628 F1: 0.1818
Epoch 62: Time: 0.0777 Cost: 2.9318 Pre: 1.0000 Re: 0.1000 Acc: 0.9628 F1: 0.1818
Epoch 63: Time: 0.0770 Cost: 2.9146 Pre: 1.0000 Re: 0.1000 Acc: 0.9628 F1: 0.1818
Epoch 64: Time: 0.0768 Cost: 2.8967 Pre: 1.0000 Re: 0.1000 Acc: 0.9628 F1: 0.1818
Epoch 65: Time: 0.0773 Cost: 2.8780 Pre: 1.0000 Re: 0.1000 Acc: 0.9628 F1: 0.1818
Epoch 66: Time: 0.0775 Cost: 2.8582 Pre: 1.0000 Re: 0.1000 Acc: 0.9628 F1: 0.1818
Epoch 67: Time: 0.0766 Cost: 2.8374 Pre: 1.0000 Re: 0.1000 Acc: 0.9628 F1: 0.1818
Epoch 68: Time: 0.0789 Cost: 2.8154 Pre: 1.0000 Re: 0.1000 Acc: 0.9628 F1: 0.1818
Epoch 69: Time: 0.0771 Cost: 2.7920 Pre: 1.0000 Re: 0.1000 Acc: 0.9628 F1: 0.1818
Epoch 70: Time: 0.0771 Cost: 2.7670 Pre: 1.0000 Re: 0.1000 Acc: 0.9628 F1: 0.1818


--------------------------------------------------------------------
Eval results: Cost:2.2094 Pre:1.0000 Re:0.2500 Acc:0.9815 F1:0.4000
--------------------------------------------------------------------

Epoch 71: Time: 0.0760 Cost: 2.7402 Pre: 1.0000 Re: 0.1000 Acc: 0.9628 F1: 0.1818
Epoch 72: Time: 0.0763 Cost: 2.7113 Pre: 1.0000 Re: 0.1000 Acc: 0.9628 F1: 0.1818
Epoch 73: Time: 0.0771 Cost: 2.6799 Pre: 1.0000 Re: 0.1000 Acc: 0.9628 F1: 0.1818
Epoch 74: Time: 0.0782 Cost: 2.6459 Pre: 1.0000 Re: 0.1000 Acc: 0.9628 F1: 0.1818
Epoch 75: Time: 0.0775 Cost: 2.6087 Pre: 1.0000 Re: 0.1000 Acc: 0.9628 F1: 0.1818
Epoch 76: Time: 0.0757 Cost: 2.5678 Pre: 1.0000 Re: 0.1000 Acc: 0.9628 F1: 0.1818
Epoch 77: Time: 0.0770 Cost: 2.5227 Pre: 1.0000 Re: 0.1000 Acc: 0.9628 F1: 0.1818
Epoch 78: Time: 0.0780 Cost: 2.4726 Pre: 1.0000 Re: 0.1000 Acc: 0.9628 F1: 0.1818
Epoch 79: Time: 0.0770 Cost: 2.4167 Pre: 1.0000 Re: 0.1000 Acc: 0.9628 F1: 0.1818
Epoch 80: Time: 0.0788 Cost: 2.3540 Pre: 1.0000 Re: 0.1000 Acc: 0.9628 F1: 0.1818


--------------------------------------------------------------------
Eval results: Cost:1.9155 Pre:1.0000 Re:0.2500 Acc:0.9815 F1:0.4000
--------------------------------------------------------------------

Epoch 81: Time: 0.0765 Cost: 2.2834 Pre: 1.0000 Re: 0.1000 Acc: 0.9628 F1: 0.1818
Epoch 82: Time: 0.0765 Cost: 2.2036 Pre: 1.0000 Re: 0.1000 Acc: 0.9628 F1: 0.1818
Epoch 83: Time: 0.0765 Cost: 2.1131 Pre: 1.0000 Re: 0.1000 Acc: 0.9628 F1: 0.1818
Epoch 84: Time: 0.0767 Cost: 2.0106 Pre: 1.0000 Re: 0.2000 Acc: 0.9669 F1: 0.3333
Epoch 85: Time: 0.0770 Cost: 1.8945 Pre: 1.0000 Re: 0.2000 Acc: 0.9669 F1: 0.3333
Epoch 86: Time: 0.0772 Cost: 1.7638 Pre: 1.0000 Re: 0.2000 Acc: 0.9669 F1: 0.3333
Epoch 87: Time: 0.0772 Cost: 1.6180 Pre: 1.0000 Re: 0.3000 Acc: 0.9711 F1: 0.4615
Epoch 88: Time: 0.0764 Cost: 1.4579 Pre: 1.0000 Re: 0.4000 Acc: 0.9752 F1: 0.5714
Epoch 89: Time: 0.0771 Cost: 1.2860 Pre: 1.0000 Re: 0.6000 Acc: 0.9835 F1: 0.7500
Epoch 90: Time: 0.0776 Cost: 1.1068 Pre: 1.0000 Re: 1.0000 Acc: 1.0000 F1: 1.0000


--------------------------------------------------------------------
Eval results: Cost:0.8349 Pre:1.0000 Re:1.0000 Acc:1.0000 F1:1.0000
--------------------------------------------------------------------

Epoch 91: Time: 0.0784 Cost: 0.9272 Pre: 1.0000 Re: 1.0000 Acc: 1.0000 F1: 1.0000
Epoch 92: Time: 0.0759 Cost: 0.7553 Pre: 1.0000 Re: 1.0000 Acc: 1.0000 F1: 1.0000
Epoch 93: Time: 0.0771 Cost: 0.5998 Pre: 1.0000 Re: 1.0000 Acc: 1.0000 F1: 1.0000
Epoch 94: Time: 0.0765 Cost: 0.4674 Pre: 1.0000 Re: 1.0000 Acc: 1.0000 F1: 1.0000
Epoch 95: Time: 0.0760 Cost: 0.3610 Pre: 1.0000 Re: 1.0000 Acc: 1.0000 F1: 1.0000
Epoch 96: Time: 0.0759 Cost: 0.2794 Pre: 1.0000 Re: 1.0000 Acc: 1.0000 F1: 1.0000
Epoch 97: Time: 0.0764 Cost: 0.2190 Pre: 1.0000 Re: 1.0000 Acc: 1.0000 F1: 1.0000
Epoch 98: Time: 0.0774 Cost: 0.1751 Pre: 1.0000 Re: 1.0000 Acc: 1.0000 F1: 1.0000
Epoch 99: Time: 0.0769 Cost: 0.1432 Pre: 1.0000 Re: 1.0000 Acc: 1.0000 F1: 1.0000
Epoch 100: Time: 0.0761 Cost: 0.1200 Pre: 1.0000 Re: 1.0000 Acc: 1.0000 F1: 1.0000


--------------------------------------------------------------------
Eval results: Cost:0.0909 Pre:1.0000 Re:1.0000 Acc:1.0000 F1:1.0000
--------------------------------------------------------------------

Epoch 101: Time: 0.0761 Cost: 0.1027 Pre: 1.0000 Re: 1.0000 Acc: 1.0000 F1: 1.0000
Epoch 102: Time: 0.0775 Cost: 0.0897 Pre: 1.0000 Re: 1.0000 Acc: 1.0000 F1: 1.0000
Epoch 103: Time: 0.0788 Cost: 0.0796 Pre: 1.0000 Re: 1.0000 Acc: 1.0000 F1: 1.0000
Epoch 104: Time: 0.0775 Cost: 0.0717 Pre: 1.0000 Re: 1.0000 Acc: 1.0000 F1: 1.0000
Epoch 105: Time: 0.0770 Cost: 0.0653 Pre: 1.0000 Re: 1.0000 Acc: 1.0000 F1: 1.0000
Epoch 106: Time: 0.0767 Cost: 0.0600 Pre: 1.0000 Re: 1.0000 Acc: 1.0000 F1: 1.0000
Epoch 107: Time: 0.0768 Cost: 0.0556 Pre: 1.0000 Re: 1.0000 Acc: 1.0000 F1: 1.0000
Epoch 108: Time: 0.0769 Cost: 0.0518 Pre: 1.0000 Re: 1.0000 Acc: 1.0000 F1: 1.0000
Epoch 109: Time: 0.0778 Cost: 0.0485 Pre: 1.0000 Re: 1.0000 Acc: 1.0000 F1: 1.0000
Epoch 110: Time: 0.0807 Cost: 0.0456 Pre: 1.0000 Re: 1.0000 Acc: 1.0000 F1: 1.0000


--------------------------------------------------------------------
Eval results: Cost:0.0378 Pre:1.0000 Re:1.0000 Acc:1.0000 F1:1.0000
--------------------------------------------------------------------

Epoch 111: Time: 0.0875 Cost: 0.0430 Pre: 1.0000 Re: 1.0000 Acc: 1.0000 F1: 1.0000
Epoch 112: Time: 0.0823 Cost: 0.0407 Pre: 1.0000 Re: 1.0000 Acc: 1.0000 F1: 1.0000
Epoch 113: Time: 0.0765 Cost: 0.0386 Pre: 1.0000 Re: 1.0000 Acc: 1.0000 F1: 1.0000
Epoch 114: Time: 0.0770 Cost: 0.0366 Pre: 1.0000 Re: 1.0000 Acc: 1.0000 F1: 1.0000
Epoch 115: Time: 0.0797 Cost: 0.0348 Pre: 1.0000 Re: 1.0000 Acc: 1.0000 F1: 1.0000
Epoch 116: Time: 0.0766 Cost: 0.0331 Pre: 1.0000 Re: 1.0000 Acc: 1.0000 F1: 1.0000
Epoch 117: Time: 0.0763 Cost: 0.0315 Pre: 1.0000 Re: 1.0000 Acc: 1.0000 F1: 1.0000
Epoch 118: Time: 0.0765 Cost: 0.0300 Pre: 1.0000 Re: 1.0000 Acc: 1.0000 F1: 1.0000
Epoch 119: Time: 0.0761 Cost: 0.0286 Pre: 1.0000 Re: 1.0000 Acc: 1.0000 F1: 1.0000
Epoch 120: Time: 0.0759 Cost: 0.0273 Pre: 1.0000 Re: 1.0000 Acc: 1.0000 F1: 1.0000


--------------------------------------------------------------------
Eval results: Cost:0.0231 Pre:1.0000 Re:1.0000 Acc:1.0000 F1:1.0000
--------------------------------------------------------------------

Epoch 121: Time: 0.0771 Cost: 0.0261 Pre: 1.0000 Re: 1.0000 Acc: 1.0000 F1: 1.0000
Epoch 122: Time: 0.0771 Cost: 0.0249 Pre: 1.0000 Re: 1.0000 Acc: 1.0000 F1: 1.0000
Epoch 123: Time: 0.0769 Cost: 0.0237 Pre: 1.0000 Re: 1.0000 Acc: 1.0000 F1: 1.0000
Epoch 124: Time: 0.0775 Cost: 0.0227 Pre: 1.0000 Re: 1.0000 Acc: 1.0000 F1: 1.0000
Epoch 125: Time: 0.0773 Cost: 0.0217 Pre: 1.0000 Re: 1.0000 Acc: 1.0000 F1: 1.0000
Epoch 126: Time: 0.0770 Cost: 0.0207 Pre: 1.0000 Re: 1.0000 Acc: 1.0000 F1: 1.0000
Epoch 127: Time: 0.0817 Cost: 0.0198 Pre: 1.0000 Re: 1.0000 Acc: 1.0000 F1: 1.0000
Epoch 128: Time: 0.0770 Cost: 0.0189 Pre: 1.0000 Re: 1.0000 Acc: 1.0000 F1: 1.0000
Epoch 129: Time: 0.0786 Cost: 0.0181 Pre: 1.0000 Re: 1.0000 Acc: 1.0000 F1: 1.0000
Epoch 130: Time: 0.0766 Cost: 0.0173 Pre: 1.0000 Re: 1.0000 Acc: 1.0000 F1: 1.0000


--------------------------------------------------------------------
Eval results: Cost:0.0148 Pre:1.0000 Re:1.0000 Acc:1.0000 F1:1.0000
--------------------------------------------------------------------

Epoch 131: Time: 0.0770 Cost: 0.0166 Pre: 1.0000 Re: 1.0000 Acc: 1.0000 F1: 1.0000
Epoch 132: Time: 0.0761 Cost: 0.0159 Pre: 1.0000 Re: 1.0000 Acc: 1.0000 F1: 1.0000
Epoch 133: Time: 0.0781 Cost: 0.0152 Pre: 1.0000 Re: 1.0000 Acc: 1.0000 F1: 1.0000
Epoch 134: Time: 0.0761 Cost: 0.0146 Pre: 1.0000 Re: 1.0000 Acc: 1.0000 F1: 1.0000
Epoch 135: Time: 0.0758 Cost: 0.0140 Pre: 1.0000 Re: 1.0000 Acc: 1.0000 F1: 1.0000
Epoch 136: Time: 0.0759 Cost: 0.0134 Pre: 1.0000 Re: 1.0000 Acc: 1.0000 F1: 1.0000
Epoch 137: Time: 0.0762 Cost: 0.0129 Pre: 1.0000 Re: 1.0000 Acc: 1.0000 F1: 1.0000
Epoch 138: Time: 0.0771 Cost: 0.0124 Pre: 1.0000 Re: 1.0000 Acc: 1.0000 F1: 1.0000
Epoch 139: Time: 0.0789 Cost: 0.0119 Pre: 1.0000 Re: 1.0000 Acc: 1.0000 F1: 1.0000
Epoch 140: Time: 0.0758 Cost: 0.0115 Pre: 1.0000 Re: 1.0000 Acc: 1.0000 F1: 1.0000


--------------------------------------------------------------------
Eval results: Cost:0.0099 Pre:1.0000 Re:1.0000 Acc:1.0000 F1:1.0000
--------------------------------------------------------------------

Epoch 141: Time: 0.0769 Cost: 0.0111 Pre: 1.0000 Re: 1.0000 Acc: 1.0000 F1: 1.0000
Epoch 142: Time: 0.0768 Cost: 0.0107 Pre: 1.0000 Re: 1.0000 Acc: 1.0000 F1: 1.0000
Epoch 143: Time: 0.0842 Cost: 0.0103 Pre: 1.0000 Re: 1.0000 Acc: 1.0000 F1: 1.0000
Epoch 144: Time: 0.0791 Cost: 0.0099 Pre: 1.0000 Re: 1.0000 Acc: 1.0000 F1: 1.0000
Epoch 145: Time: 0.0786 Cost: 0.0096 Pre: 1.0000 Re: 1.0000 Acc: 1.0000 F1: 1.0000
Epoch 146: Time: 0.0768 Cost: 0.0093 Pre: 1.0000 Re: 1.0000 Acc: 1.0000 F1: 1.0000
Epoch 147: Time: 0.0765 Cost: 0.0090 Pre: 1.0000 Re: 1.0000 Acc: 1.0000 F1: 1.0000
Epoch 148: Time: 0.0768 Cost: 0.0087 Pre: 1.0000 Re: 1.0000 Acc: 1.0000 F1: 1.0000
Epoch 149: Time: 0.0769 Cost: 0.0084 Pre: 1.0000 Re: 1.0000 Acc: 1.0000 F1: 1.0000
Epoch 150: Time: 0.0793 Cost: 0.0082 Pre: 1.0000 Re: 1.0000 Acc: 1.0000 F1: 1.0000


--------------------------------------------------------------------
Eval results: Cost:0.0071 Pre:1.0000 Re:1.0000 Acc:1.0000 F1:1.0000
--------------------------------------------------------------------

Epoch 151: Time: 0.0762 Cost: 0.0079 Pre: 1.0000 Re: 1.0000 Acc: 1.0000 F1: 1.0000
Epoch 152: Time: 0.0761 Cost: 0.0077 Pre: 1.0000 Re: 1.0000 Acc: 1.0000 F1: 1.0000
Epoch 153: Time: 0.0768 Cost: 0.0075 Pre: 1.0000 Re: 1.0000 Acc: 1.0000 F1: 1.0000
Epoch 154: Time: 0.0765 Cost: 0.0073 Pre: 1.0000 Re: 1.0000 Acc: 1.0000 F1: 1.0000
Epoch 155: Time: 0.0759 Cost: 0.0071 Pre: 1.0000 Re: 1.0000 Acc: 1.0000 F1: 1.0000
Epoch 156: Time: 0.0768 Cost: 0.0069 Pre: 1.0000 Re: 1.0000 Acc: 1.0000 F1: 1.0000
Epoch 157: Time: 0.0813 Cost: 0.0067 Pre: 1.0000 Re: 1.0000 Acc: 1.0000 F1: 1.0000
Epoch 158: Time: 0.0757 Cost: 0.0066 Pre: 1.0000 Re: 1.0000 Acc: 1.0000 F1: 1.0000
Epoch 159: Time: 0.0762 Cost: 0.0064 Pre: 1.0000 Re: 1.0000 Acc: 1.0000 F1: 1.0000
Epoch 160: Time: 0.0766 Cost: 0.0063 Pre: 1.0000 Re: 1.0000 Acc: 1.0000 F1: 1.0000


--------------------------------------------------------------------
Eval results: Cost:0.0055 Pre:1.0000 Re:1.0000 Acc:1.0000 F1:1.0000
--------------------------------------------------------------------

Epoch 161: Time: 0.0784 Cost: 0.0061 Pre: 1.0000 Re: 1.0000 Acc: 1.0000 F1: 1.0000
Epoch 162: Time: 0.0778 Cost: 0.0060 Pre: 1.0000 Re: 1.0000 Acc: 1.0000 F1: 1.0000
Epoch 163: Time: 0.0779 Cost: 0.0059 Pre: 1.0000 Re: 1.0000 Acc: 1.0000 F1: 1.0000
Epoch 164: Time: 0.0768 Cost: 0.0057 Pre: 1.0000 Re: 1.0000 Acc: 1.0000 F1: 1.0000
Epoch 165: Time: 0.0768 Cost: 0.0056 Pre: 1.0000 Re: 1.0000 Acc: 1.0000 F1: 1.0000
Epoch 166: Time: 0.0768 Cost: 0.0055 Pre: 1.0000 Re: 1.0000 Acc: 1.0000 F1: 1.0000
Epoch 167: Time: 0.0765 Cost: 0.0054 Pre: 1.0000 Re: 1.0000 Acc: 1.0000 F1: 1.0000
Epoch 168: Time: 0.0775 Cost: 0.0053 Pre: 1.0000 Re: 1.0000 Acc: 1.0000 F1: 1.0000
Epoch 169: Time: 0.0778 Cost: 0.0052 Pre: 1.0000 Re: 1.0000 Acc: 1.0000 F1: 1.0000
Epoch 170: Time: 0.0772 Cost: 0.0051 Pre: 1.0000 Re: 1.0000 Acc: 1.0000 F1: 1.0000


--------------------------------------------------------------------
Eval results: Cost:0.0045 Pre:1.0000 Re:1.0000 Acc:1.0000 F1:1.0000
--------------------------------------------------------------------

Epoch 171: Time: 0.0773 Cost: 0.0050 Pre: 1.0000 Re: 1.0000 Acc: 1.0000 F1: 1.0000
Epoch 172: Time: 0.0763 Cost: 0.0049 Pre: 1.0000 Re: 1.0000 Acc: 1.0000 F1: 1.0000
Epoch 173: Time: 0.0779 Cost: 0.0048 Pre: 1.0000 Re: 1.0000 Acc: 1.0000 F1: 1.0000
Epoch 174: Time: 0.0776 Cost: 0.0047 Pre: 1.0000 Re: 1.0000 Acc: 1.0000 F1: 1.0000
Epoch 175: Time: 0.0765 Cost: 0.0046 Pre: 1.0000 Re: 1.0000 Acc: 1.0000 F1: 1.0000
Epoch 176: Time: 0.0764 Cost: 0.0046 Pre: 1.0000 Re: 1.0000 Acc: 1.0000 F1: 1.0000
Epoch 177: Time: 0.0760 Cost: 0.0045 Pre: 1.0000 Re: 1.0000 Acc: 1.0000 F1: 1.0000
Epoch 178: Time: 0.0764 Cost: 0.0044 Pre: 1.0000 Re: 1.0000 Acc: 1.0000 F1: 1.0000
Epoch 179: Time: 0.0767 Cost: 0.0043 Pre: 1.0000 Re: 1.0000 Acc: 1.0000 F1: 1.0000
Epoch 180: Time: 0.0774 Cost: 0.0043 Pre: 1.0000 Re: 1.0000 Acc: 1.0000 F1: 1.0000


--------------------------------------------------------------------
Eval results: Cost:0.0038 Pre:1.0000 Re:1.0000 Acc:1.0000 F1:1.0000
--------------------------------------------------------------------

Epoch 181: Time: 0.0771 Cost: 0.0042 Pre: 1.0000 Re: 1.0000 Acc: 1.0000 F1: 1.0000
Epoch 182: Time: 0.0766 Cost: 0.0041 Pre: 1.0000 Re: 1.0000 Acc: 1.0000 F1: 1.0000
Epoch 183: Time: 0.0780 Cost: 0.0041 Pre: 1.0000 Re: 1.0000 Acc: 1.0000 F1: 1.0000
Epoch 184: Time: 0.0760 Cost: 0.0040 Pre: 1.0000 Re: 1.0000 Acc: 1.0000 F1: 1.0000
Epoch 185: Time: 0.0787 Cost: 0.0040 Pre: 1.0000 Re: 1.0000 Acc: 1.0000 F1: 1.0000
Epoch 186: Time: 0.0788 Cost: 0.0039 Pre: 1.0000 Re: 1.0000 Acc: 1.0000 F1: 1.0000
Epoch 187: Time: 0.0766 Cost: 0.0038 Pre: 1.0000 Re: 1.0000 Acc: 1.0000 F1: 1.0000
Epoch 188: Time: 0.0770 Cost: 0.0038 Pre: 1.0000 Re: 1.0000 Acc: 1.0000 F1: 1.0000
Epoch 189: Time: 0.0770 Cost: 0.0037 Pre: 1.0000 Re: 1.0000 Acc: 1.0000 F1: 1.0000
Epoch 190: Time: 0.0769 Cost: 0.0037 Pre: 1.0000 Re: 1.0000 Acc: 1.0000 F1: 1.0000


--------------------------------------------------------------------
Eval results: Cost:0.0032 Pre:1.0000 Re:1.0000 Acc:1.0000 F1:1.0000
--------------------------------------------------------------------

Epoch 191: Time: 0.0767 Cost: 0.0036 Pre: 1.0000 Re: 1.0000 Acc: 1.0000 F1: 1.0000
Epoch 192: Time: 0.0779 Cost: 0.0036 Pre: 1.0000 Re: 1.0000 Acc: 1.0000 F1: 1.0000
Epoch 193: Time: 0.0769 Cost: 0.0035 Pre: 1.0000 Re: 1.0000 Acc: 1.0000 F1: 1.0000
Epoch 194: Time: 0.0768 Cost: 0.0035 Pre: 1.0000 Re: 1.0000 Acc: 1.0000 F1: 1.0000
Epoch 195: Time: 0.0768 Cost: 0.0034 Pre: 1.0000 Re: 1.0000 Acc: 1.0000 F1: 1.0000
Epoch 196: Time: 0.0767 Cost: 0.0034 Pre: 1.0000 Re: 1.0000 Acc: 1.0000 F1: 1.0000
Epoch 197: Time: 0.0779 Cost: 0.0034 Pre: 1.0000 Re: 1.0000 Acc: 1.0000 F1: 1.0000
Epoch 198: Time: 0.0775 Cost: 0.0033 Pre: 1.0000 Re: 1.0000 Acc: 1.0000 F1: 1.0000
Epoch 199: Time: 0.0762 Cost: 0.0033 Pre: 1.0000 Re: 1.0000 Acc: 1.0000 F1: 1.0000
Epoch 200: Time: 0.0762 Cost: 0.0032 Pre: 1.0000 Re: 1.0000 Acc: 1.0000 F1: 1.0000


--------------------------------------------------------------------
Eval results: Cost:0.0029 Pre:1.0000 Re:1.0000 Acc:1.0000 F1:1.0000
--------------------------------------------------------------------

Early stopping...
--------------------------------------------------------------------
--------------------------------------------------------------------
Test 464 samples take time: 0.2559
Test results: Cost:0.0022 Pre:1.0000 Re:1.0000 Acc:1.0000 F1:1.0000
--------------------------------------------------------------------

