Load data
RNN type: UNI Grammar: g1 Seed: 4
Model total parameters: 4218
Saving hinit ... 

Epoch 0: Time: 0.1421 Cost: 25.9446 Pre: 0.0312 Re: 0.6000 Acc: 0.2149 F1: 0.0594


--------------------------------------------------------------------
Eval results: Cost:24.4147 Pre:0.5000 Re:0.2500 Acc:0.9753 F1:0.3333
--------------------------------------------------------------------

Epoch 1: Time: 0.0665 Cost: 23.3923 Pre: 1.0000 Re: 0.1000 Acc: 0.9628 F1: 0.1818
Epoch 2: Time: 0.0656 Cost: 20.1226 Pre: 0.0000 Re: 0.0000 Acc: 0.9587 F1: 0.0000
Epoch 3: Time: 0.0652 Cost: 16.7324 Pre: 0.0000 Re: 0.0000 Acc: 0.9587 F1: 0.0000
Epoch 4: Time: 0.0646 Cost: 13.4702 Pre: 0.0000 Re: 0.0000 Acc: 0.9587 F1: 0.0000
Epoch 5: Time: 0.0646 Cost: 10.5250 Pre: 0.0000 Re: 0.0000 Acc: 0.9587 F1: 0.0000
Epoch 6: Time: 0.0643 Cost: 8.0912 Pre: 0.0000 Re: 0.0000 Acc: 0.9587 F1: 0.0000
Epoch 7: Time: 0.0648 Cost: 6.3085 Pre: 0.0000 Re: 0.0000 Acc: 0.9587 F1: 0.0000
Epoch 8: Time: 0.0648 Cost: 5.1644 Pre: 0.0000 Re: 0.0000 Acc: 0.9587 F1: 0.0000
Epoch 9: Time: 0.0642 Cost: 4.5050 Pre: 0.0000 Re: 0.0000 Acc: 0.9587 F1: 0.0000
Epoch 10: Time: 0.0643 Cost: 4.1464 Pre: 0.0000 Re: 0.0000 Acc: 0.9587 F1: 0.0000


--------------------------------------------------------------------
Eval results: Cost:3.5336 Pre:0.0000 Re:0.0000 Acc:0.9753 F1:0.0000
--------------------------------------------------------------------

Epoch 11: Time: 0.0643 Cost: 3.9532 Pre: 0.0000 Re: 0.0000 Acc: 0.9587 F1: 0.0000
Epoch 12: Time: 0.0644 Cost: 3.8464 Pre: 0.0000 Re: 0.0000 Acc: 0.9587 F1: 0.0000
Epoch 13: Time: 0.0650 Cost: 3.7848 Pre: 0.0000 Re: 0.0000 Acc: 0.9587 F1: 0.0000
Epoch 14: Time: 0.0678 Cost: 3.7474 Pre: 0.0000 Re: 0.0000 Acc: 0.9587 F1: 0.0000
Epoch 15: Time: 0.0672 Cost: 3.7231 Pre: 0.0000 Re: 0.0000 Acc: 0.9587 F1: 0.0000
Epoch 16: Time: 0.0653 Cost: 3.7064 Pre: 0.0000 Re: 0.0000 Acc: 0.9587 F1: 0.0000
Epoch 17: Time: 0.0644 Cost: 3.6940 Pre: 0.0000 Re: 0.0000 Acc: 0.9587 F1: 0.0000
Epoch 18: Time: 0.0646 Cost: 3.6842 Pre: 0.0000 Re: 0.0000 Acc: 0.9587 F1: 0.0000
Epoch 19: Time: 0.0642 Cost: 3.6759 Pre: 0.0000 Re: 0.0000 Acc: 0.9587 F1: 0.0000
Epoch 20: Time: 0.0640 Cost: 3.6686 Pre: 0.0000 Re: 0.0000 Acc: 0.9587 F1: 0.0000


--------------------------------------------------------------------
Eval results: Cost:3.1563 Pre:0.0000 Re:0.0000 Acc:0.9753 F1:0.0000
--------------------------------------------------------------------

Epoch 21: Time: 0.0654 Cost: 3.6618 Pre: 0.0000 Re: 0.0000 Acc: 0.9587 F1: 0.0000
Epoch 22: Time: 0.0646 Cost: 3.6552 Pre: 0.0000 Re: 0.0000 Acc: 0.9587 F1: 0.0000
Epoch 23: Time: 0.0660 Cost: 3.6487 Pre: 0.0000 Re: 0.0000 Acc: 0.9587 F1: 0.0000
Epoch 24: Time: 0.0653 Cost: 3.6423 Pre: 0.0000 Re: 0.0000 Acc: 0.9587 F1: 0.0000
Epoch 25: Time: 0.0642 Cost: 3.6358 Pre: 0.0000 Re: 0.0000 Acc: 0.9587 F1: 0.0000
Epoch 26: Time: 0.0643 Cost: 3.6292 Pre: 0.0000 Re: 0.0000 Acc: 0.9587 F1: 0.0000
Epoch 27: Time: 0.0649 Cost: 3.6225 Pre: 0.0000 Re: 0.0000 Acc: 0.9587 F1: 0.0000
Epoch 28: Time: 0.0651 Cost: 3.6156 Pre: 0.0000 Re: 0.0000 Acc: 0.9587 F1: 0.0000
Epoch 29: Time: 0.0664 Cost: 3.6087 Pre: 0.0000 Re: 0.0000 Acc: 0.9587 F1: 0.0000
Epoch 30: Time: 0.0654 Cost: 3.6016 Pre: 0.0000 Re: 0.0000 Acc: 0.9587 F1: 0.0000


--------------------------------------------------------------------
Eval results: Cost:3.0858 Pre:0.0000 Re:0.0000 Acc:0.9753 F1:0.0000
--------------------------------------------------------------------

Epoch 31: Time: 0.0642 Cost: 3.5944 Pre: 0.0000 Re: 0.0000 Acc: 0.9587 F1: 0.0000
Epoch 32: Time: 0.0646 Cost: 3.5871 Pre: 0.0000 Re: 0.0000 Acc: 0.9587 F1: 0.0000
Epoch 33: Time: 0.0648 Cost: 3.5798 Pre: 0.0000 Re: 0.0000 Acc: 0.9587 F1: 0.0000
Epoch 34: Time: 0.0646 Cost: 3.5724 Pre: 0.0000 Re: 0.0000 Acc: 0.9587 F1: 0.0000
Epoch 35: Time: 0.0647 Cost: 3.5651 Pre: 0.0000 Re: 0.0000 Acc: 0.9587 F1: 0.0000
Epoch 36: Time: 0.0646 Cost: 3.5579 Pre: 0.0000 Re: 0.0000 Acc: 0.9587 F1: 0.0000
Epoch 37: Time: 0.0649 Cost: 3.5509 Pre: 0.0000 Re: 0.0000 Acc: 0.9587 F1: 0.0000
Epoch 38: Time: 0.0644 Cost: 3.5441 Pre: 0.0000 Re: 0.0000 Acc: 0.9587 F1: 0.0000
Epoch 39: Time: 0.0639 Cost: 3.5375 Pre: 0.0000 Re: 0.0000 Acc: 0.9587 F1: 0.0000
Epoch 40: Time: 0.0645 Cost: 3.5311 Pre: 0.0000 Re: 0.0000 Acc: 0.9587 F1: 0.0000


--------------------------------------------------------------------
Eval results: Cost:3.0107 Pre:0.0000 Re:0.0000 Acc:0.9753 F1:0.0000
--------------------------------------------------------------------

Epoch 41: Time: 0.0641 Cost: 3.5248 Pre: 0.0000 Re: 0.0000 Acc: 0.9587 F1: 0.0000
Epoch 42: Time: 0.0648 Cost: 3.5185 Pre: 0.0000 Re: 0.0000 Acc: 0.9587 F1: 0.0000
Epoch 43: Time: 0.0673 Cost: 3.5123 Pre: 0.0000 Re: 0.0000 Acc: 0.9587 F1: 0.0000
Epoch 44: Time: 0.0648 Cost: 3.5060 Pre: 0.0000 Re: 0.0000 Acc: 0.9587 F1: 0.0000
Epoch 45: Time: 0.0649 Cost: 3.4996 Pre: 0.0000 Re: 0.0000 Acc: 0.9587 F1: 0.0000
Epoch 46: Time: 0.0663 Cost: 3.4931 Pre: 0.0000 Re: 0.0000 Acc: 0.9587 F1: 0.0000
Epoch 47: Time: 0.0651 Cost: 3.4866 Pre: 0.0000 Re: 0.0000 Acc: 0.9587 F1: 0.0000
Epoch 48: Time: 0.0647 Cost: 3.4799 Pre: 0.0000 Re: 0.0000 Acc: 0.9587 F1: 0.0000
Epoch 49: Time: 0.0646 Cost: 3.4731 Pre: 0.0000 Re: 0.0000 Acc: 0.9587 F1: 0.0000
Epoch 50: Time: 0.0650 Cost: 3.4662 Pre: 0.0000 Re: 0.0000 Acc: 0.9587 F1: 0.0000


--------------------------------------------------------------------
Eval results: Cost:2.9284 Pre:0.0000 Re:0.0000 Acc:0.9753 F1:0.0000
--------------------------------------------------------------------

Epoch 51: Time: 0.0643 Cost: 3.4592 Pre: 0.0000 Re: 0.0000 Acc: 0.9587 F1: 0.0000
Epoch 52: Time: 0.0643 Cost: 3.4519 Pre: 0.0000 Re: 0.0000 Acc: 0.9587 F1: 0.0000
Epoch 53: Time: 0.0646 Cost: 3.4444 Pre: 0.0000 Re: 0.0000 Acc: 0.9587 F1: 0.0000
Epoch 54: Time: 0.0641 Cost: 3.4366 Pre: 0.0000 Re: 0.0000 Acc: 0.9587 F1: 0.0000
Epoch 55: Time: 0.0653 Cost: 3.4286 Pre: 0.0000 Re: 0.0000 Acc: 0.9587 F1: 0.0000
Epoch 56: Time: 0.0648 Cost: 3.4204 Pre: 0.0000 Re: 0.0000 Acc: 0.9587 F1: 0.0000
Epoch 57: Time: 0.0668 Cost: 3.4119 Pre: 0.0000 Re: 0.0000 Acc: 0.9587 F1: 0.0000
Epoch 58: Time: 0.0651 Cost: 3.4032 Pre: 0.0000 Re: 0.0000 Acc: 0.9587 F1: 0.0000
Epoch 59: Time: 0.0647 Cost: 3.3941 Pre: 0.0000 Re: 0.0000 Acc: 0.9587 F1: 0.0000
Epoch 60: Time: 0.0652 Cost: 3.3848 Pre: 0.0000 Re: 0.0000 Acc: 0.9587 F1: 0.0000


--------------------------------------------------------------------
Eval results: Cost:2.8181 Pre:0.0000 Re:0.0000 Acc:0.9753 F1:0.0000
--------------------------------------------------------------------

Epoch 61: Time: 0.0643 Cost: 3.3753 Pre: 0.0000 Re: 0.0000 Acc: 0.9587 F1: 0.0000
Epoch 62: Time: 0.0646 Cost: 3.3653 Pre: 0.0000 Re: 0.0000 Acc: 0.9587 F1: 0.0000
Epoch 63: Time: 0.0652 Cost: 3.3550 Pre: 0.0000 Re: 0.0000 Acc: 0.9587 F1: 0.0000
Epoch 64: Time: 0.0649 Cost: 3.3444 Pre: 0.0000 Re: 0.0000 Acc: 0.9587 F1: 0.0000
Epoch 65: Time: 0.0650 Cost: 3.3335 Pre: 0.0000 Re: 0.0000 Acc: 0.9587 F1: 0.0000
Epoch 66: Time: 0.0651 Cost: 3.3223 Pre: 0.0000 Re: 0.0000 Acc: 0.9587 F1: 0.0000
Epoch 67: Time: 0.0640 Cost: 3.3109 Pre: 0.0000 Re: 0.0000 Acc: 0.9587 F1: 0.0000
Epoch 68: Time: 0.0643 Cost: 3.2991 Pre: 0.0000 Re: 0.0000 Acc: 0.9587 F1: 0.0000
Epoch 69: Time: 0.0639 Cost: 3.2870 Pre: 0.0000 Re: 0.0000 Acc: 0.9587 F1: 0.0000
Epoch 70: Time: 0.0638 Cost: 3.2747 Pre: 0.0000 Re: 0.0000 Acc: 0.9587 F1: 0.0000


--------------------------------------------------------------------
Eval results: Cost:2.6744 Pre:0.0000 Re:0.0000 Acc:0.9753 F1:0.0000
--------------------------------------------------------------------

Epoch 71: Time: 0.0671 Cost: 3.2620 Pre: 0.0000 Re: 0.0000 Acc: 0.9587 F1: 0.0000
Epoch 72: Time: 0.0646 Cost: 3.2490 Pre: 0.0000 Re: 0.0000 Acc: 0.9587 F1: 0.0000
Epoch 73: Time: 0.0652 Cost: 3.2356 Pre: 0.0000 Re: 0.0000 Acc: 0.9587 F1: 0.0000
Epoch 74: Time: 0.0651 Cost: 3.2218 Pre: 0.0000 Re: 0.0000 Acc: 0.9587 F1: 0.0000
Epoch 75: Time: 0.0640 Cost: 3.2077 Pre: 0.0000 Re: 0.0000 Acc: 0.9587 F1: 0.0000
Epoch 76: Time: 0.0639 Cost: 3.1933 Pre: 0.0000 Re: 0.0000 Acc: 0.9587 F1: 0.0000
Epoch 77: Time: 0.0673 Cost: 3.1784 Pre: 1.0000 Re: 0.1000 Acc: 0.9628 F1: 0.1818
Epoch 78: Time: 0.0650 Cost: 3.1632 Pre: 1.0000 Re: 0.1000 Acc: 0.9628 F1: 0.1818
Epoch 79: Time: 0.0648 Cost: 3.1476 Pre: 1.0000 Re: 0.1000 Acc: 0.9628 F1: 0.1818
Epoch 80: Time: 0.0644 Cost: 3.1316 Pre: 1.0000 Re: 0.1000 Acc: 0.9628 F1: 0.1818


--------------------------------------------------------------------
Eval results: Cost:2.5101 Pre:1.0000 Re:0.2500 Acc:0.9815 F1:0.4000
--------------------------------------------------------------------

Epoch 81: Time: 0.0641 Cost: 3.1151 Pre: 1.0000 Re: 0.1000 Acc: 0.9628 F1: 0.1818
Epoch 82: Time: 0.0636 Cost: 3.0981 Pre: 1.0000 Re: 0.1000 Acc: 0.9628 F1: 0.1818
Epoch 83: Time: 0.0651 Cost: 3.0806 Pre: 1.0000 Re: 0.1000 Acc: 0.9628 F1: 0.1818
Epoch 84: Time: 0.0648 Cost: 3.0625 Pre: 1.0000 Re: 0.1000 Acc: 0.9628 F1: 0.1818
Epoch 85: Time: 0.0669 Cost: 3.0438 Pre: 1.0000 Re: 0.1000 Acc: 0.9628 F1: 0.1818
Epoch 86: Time: 0.0654 Cost: 3.0244 Pre: 1.0000 Re: 0.1000 Acc: 0.9628 F1: 0.1818
Epoch 87: Time: 0.0647 Cost: 3.0043 Pre: 1.0000 Re: 0.1000 Acc: 0.9628 F1: 0.1818
Epoch 88: Time: 0.0641 Cost: 2.9833 Pre: 1.0000 Re: 0.1000 Acc: 0.9628 F1: 0.1818
Epoch 89: Time: 0.0640 Cost: 2.9613 Pre: 1.0000 Re: 0.1000 Acc: 0.9628 F1: 0.1818
Epoch 90: Time: 0.0654 Cost: 2.9379 Pre: 1.0000 Re: 0.1000 Acc: 0.9628 F1: 0.1818


--------------------------------------------------------------------
Eval results: Cost:2.3346 Pre:1.0000 Re:0.2500 Acc:0.9815 F1:0.4000
--------------------------------------------------------------------

Epoch 91: Time: 0.0648 Cost: 2.9128 Pre: 1.0000 Re: 0.1000 Acc: 0.9628 F1: 0.1818
Epoch 92: Time: 0.0653 Cost: 2.8857 Pre: 1.0000 Re: 0.1000 Acc: 0.9628 F1: 0.1818
Epoch 93: Time: 0.0645 Cost: 2.8561 Pre: 1.0000 Re: 0.1000 Acc: 0.9628 F1: 0.1818
Epoch 94: Time: 0.0648 Cost: 2.8234 Pre: 1.0000 Re: 0.1000 Acc: 0.9628 F1: 0.1818
Epoch 95: Time: 0.0646 Cost: 2.7870 Pre: 1.0000 Re: 0.1000 Acc: 0.9628 F1: 0.1818
Epoch 96: Time: 0.0643 Cost: 2.7459 Pre: 1.0000 Re: 0.1000 Acc: 0.9628 F1: 0.1818
Epoch 97: Time: 0.0640 Cost: 2.6992 Pre: 1.0000 Re: 0.1000 Acc: 0.9628 F1: 0.1818
Epoch 98: Time: 0.0645 Cost: 2.6455 Pre: 1.0000 Re: 0.1000 Acc: 0.9628 F1: 0.1818
Epoch 99: Time: 0.0656 Cost: 2.5831 Pre: 1.0000 Re: 0.1000 Acc: 0.9628 F1: 0.1818
Epoch 100: Time: 0.0667 Cost: 2.5099 Pre: 1.0000 Re: 0.1000 Acc: 0.9628 F1: 0.1818


--------------------------------------------------------------------
Eval results: Cost:2.0298 Pre:1.0000 Re:0.2500 Acc:0.9815 F1:0.4000
--------------------------------------------------------------------

Epoch 101: Time: 0.0646 Cost: 2.4235 Pre: 1.0000 Re: 0.1000 Acc: 0.9628 F1: 0.1818
Epoch 102: Time: 0.0646 Cost: 2.3207 Pre: 1.0000 Re: 0.2000 Acc: 0.9669 F1: 0.3333
Epoch 103: Time: 0.0644 Cost: 2.1980 Pre: 1.0000 Re: 0.2000 Acc: 0.9669 F1: 0.3333
Epoch 104: Time: 0.0643 Cost: 2.0520 Pre: 1.0000 Re: 0.2000 Acc: 0.9669 F1: 0.3333
Epoch 105: Time: 0.0686 Cost: 1.8793 Pre: 1.0000 Re: 0.3000 Acc: 0.9711 F1: 0.4615
Epoch 106: Time: 0.0717 Cost: 1.6785 Pre: 1.0000 Re: 0.4000 Acc: 0.9752 F1: 0.5714
Epoch 107: Time: 0.0654 Cost: 1.4518 Pre: 1.0000 Re: 0.5000 Acc: 0.9793 F1: 0.6667
Epoch 108: Time: 0.0652 Cost: 1.2067 Pre: 1.0000 Re: 0.8000 Acc: 0.9917 F1: 0.8889
Epoch 109: Time: 0.0647 Cost: 0.9580 Pre: 1.0000 Re: 1.0000 Acc: 1.0000 F1: 1.0000
Epoch 110: Time: 0.0644 Cost: 0.7259 Pre: 1.0000 Re: 1.0000 Acc: 1.0000 F1: 1.0000


--------------------------------------------------------------------
Eval results: Cost:0.5032 Pre:1.0000 Re:1.0000 Acc:1.0000 F1:1.0000
--------------------------------------------------------------------

Epoch 111: Time: 0.0653 Cost: 0.5290 Pre: 1.0000 Re: 1.0000 Acc: 1.0000 F1: 1.0000
Epoch 112: Time: 0.0656 Cost: 0.3765 Pre: 1.0000 Re: 1.0000 Acc: 1.0000 F1: 1.0000
Epoch 113: Time: 0.0674 Cost: 0.2682 Pre: 1.0000 Re: 1.0000 Acc: 1.0000 F1: 1.0000
Epoch 114: Time: 0.0645 Cost: 0.1954 Pre: 1.0000 Re: 1.0000 Acc: 1.0000 F1: 1.0000
Epoch 115: Time: 0.0641 Cost: 0.1478 Pre: 1.0000 Re: 1.0000 Acc: 1.0000 F1: 1.0000
Epoch 116: Time: 0.0654 Cost: 0.1165 Pre: 1.0000 Re: 1.0000 Acc: 1.0000 F1: 1.0000
Epoch 117: Time: 0.0649 Cost: 0.0955 Pre: 1.0000 Re: 1.0000 Acc: 1.0000 F1: 1.0000
Epoch 118: Time: 0.0640 Cost: 0.0809 Pre: 1.0000 Re: 1.0000 Acc: 1.0000 F1: 1.0000
Epoch 119: Time: 0.0647 Cost: 0.0705 Pre: 1.0000 Re: 1.0000 Acc: 1.0000 F1: 1.0000
Epoch 120: Time: 0.0648 Cost: 0.0627 Pre: 1.0000 Re: 1.0000 Acc: 1.0000 F1: 1.0000


--------------------------------------------------------------------
Eval results: Cost:0.0465 Pre:1.0000 Re:1.0000 Acc:1.0000 F1:1.0000
--------------------------------------------------------------------

Epoch 121: Time: 0.0640 Cost: 0.0568 Pre: 1.0000 Re: 1.0000 Acc: 1.0000 F1: 1.0000
Epoch 122: Time: 0.0642 Cost: 0.0521 Pre: 1.0000 Re: 1.0000 Acc: 1.0000 F1: 1.0000
Epoch 123: Time: 0.0643 Cost: 0.0482 Pre: 1.0000 Re: 1.0000 Acc: 1.0000 F1: 1.0000
Epoch 124: Time: 0.0649 Cost: 0.0450 Pre: 1.0000 Re: 1.0000 Acc: 1.0000 F1: 1.0000
Epoch 125: Time: 0.0648 Cost: 0.0423 Pre: 1.0000 Re: 1.0000 Acc: 1.0000 F1: 1.0000
Epoch 126: Time: 0.0681 Cost: 0.0399 Pre: 1.0000 Re: 1.0000 Acc: 1.0000 F1: 1.0000
Epoch 127: Time: 0.0661 Cost: 0.0377 Pre: 1.0000 Re: 1.0000 Acc: 1.0000 F1: 1.0000
Epoch 128: Time: 0.0645 Cost: 0.0358 Pre: 1.0000 Re: 1.0000 Acc: 1.0000 F1: 1.0000
Epoch 129: Time: 0.0643 Cost: 0.0341 Pre: 1.0000 Re: 1.0000 Acc: 1.0000 F1: 1.0000
Epoch 130: Time: 0.0669 Cost: 0.0325 Pre: 1.0000 Re: 1.0000 Acc: 1.0000 F1: 1.0000


--------------------------------------------------------------------
Eval results: Cost:0.0248 Pre:1.0000 Re:1.0000 Acc:1.0000 F1:1.0000
--------------------------------------------------------------------

Epoch 131: Time: 0.0650 Cost: 0.0310 Pre: 1.0000 Re: 1.0000 Acc: 1.0000 F1: 1.0000
Epoch 132: Time: 0.0663 Cost: 0.0296 Pre: 1.0000 Re: 1.0000 Acc: 1.0000 F1: 1.0000
Epoch 133: Time: 0.0681 Cost: 0.0282 Pre: 1.0000 Re: 1.0000 Acc: 1.0000 F1: 1.0000
Epoch 134: Time: 0.0680 Cost: 0.0270 Pre: 1.0000 Re: 1.0000 Acc: 1.0000 F1: 1.0000
Epoch 135: Time: 0.0689 Cost: 0.0258 Pre: 1.0000 Re: 1.0000 Acc: 1.0000 F1: 1.0000
Epoch 136: Time: 0.0660 Cost: 0.0247 Pre: 1.0000 Re: 1.0000 Acc: 1.0000 F1: 1.0000
Epoch 137: Time: 0.0687 Cost: 0.0236 Pre: 1.0000 Re: 1.0000 Acc: 1.0000 F1: 1.0000
Epoch 138: Time: 0.0673 Cost: 0.0226 Pre: 1.0000 Re: 1.0000 Acc: 1.0000 F1: 1.0000
Epoch 139: Time: 0.0668 Cost: 0.0216 Pre: 1.0000 Re: 1.0000 Acc: 1.0000 F1: 1.0000
Epoch 140: Time: 0.0687 Cost: 0.0207 Pre: 1.0000 Re: 1.0000 Acc: 1.0000 F1: 1.0000


--------------------------------------------------------------------
Eval results: Cost:0.0157 Pre:1.0000 Re:1.0000 Acc:1.0000 F1:1.0000
--------------------------------------------------------------------

Epoch 141: Time: 0.0676 Cost: 0.0198 Pre: 1.0000 Re: 1.0000 Acc: 1.0000 F1: 1.0000
Epoch 142: Time: 0.0666 Cost: 0.0189 Pre: 1.0000 Re: 1.0000 Acc: 1.0000 F1: 1.0000
Epoch 143: Time: 0.0668 Cost: 0.0181 Pre: 1.0000 Re: 1.0000 Acc: 1.0000 F1: 1.0000
Epoch 144: Time: 0.0683 Cost: 0.0173 Pre: 1.0000 Re: 1.0000 Acc: 1.0000 F1: 1.0000
Epoch 145: Time: 0.0672 Cost: 0.0166 Pre: 1.0000 Re: 1.0000 Acc: 1.0000 F1: 1.0000
Epoch 146: Time: 0.0674 Cost: 0.0159 Pre: 1.0000 Re: 1.0000 Acc: 1.0000 F1: 1.0000
Epoch 147: Time: 0.0666 Cost: 0.0152 Pre: 1.0000 Re: 1.0000 Acc: 1.0000 F1: 1.0000
Epoch 148: Time: 0.0671 Cost: 0.0145 Pre: 1.0000 Re: 1.0000 Acc: 1.0000 F1: 1.0000
Epoch 149: Time: 0.0649 Cost: 0.0139 Pre: 1.0000 Re: 1.0000 Acc: 1.0000 F1: 1.0000
Epoch 150: Time: 0.0644 Cost: 0.0134 Pre: 1.0000 Re: 1.0000 Acc: 1.0000 F1: 1.0000


--------------------------------------------------------------------
Eval results: Cost:0.0101 Pre:1.0000 Re:1.0000 Acc:1.0000 F1:1.0000
--------------------------------------------------------------------

Epoch 151: Time: 0.0646 Cost: 0.0128 Pre: 1.0000 Re: 1.0000 Acc: 1.0000 F1: 1.0000
Epoch 152: Time: 0.0652 Cost: 0.0123 Pre: 1.0000 Re: 1.0000 Acc: 1.0000 F1: 1.0000
Epoch 153: Time: 0.0681 Cost: 0.0118 Pre: 1.0000 Re: 1.0000 Acc: 1.0000 F1: 1.0000
Epoch 154: Time: 0.0667 Cost: 0.0113 Pre: 1.0000 Re: 1.0000 Acc: 1.0000 F1: 1.0000
Epoch 155: Time: 0.0675 Cost: 0.0109 Pre: 1.0000 Re: 1.0000 Acc: 1.0000 F1: 1.0000
Epoch 156: Time: 0.0666 Cost: 0.0105 Pre: 1.0000 Re: 1.0000 Acc: 1.0000 F1: 1.0000
Epoch 157: Time: 0.0649 Cost: 0.0101 Pre: 1.0000 Re: 1.0000 Acc: 1.0000 F1: 1.0000
Epoch 158: Time: 0.0652 Cost: 0.0097 Pre: 1.0000 Re: 1.0000 Acc: 1.0000 F1: 1.0000
Epoch 159: Time: 0.0658 Cost: 0.0093 Pre: 1.0000 Re: 1.0000 Acc: 1.0000 F1: 1.0000
Epoch 160: Time: 0.0644 Cost: 0.0090 Pre: 1.0000 Re: 1.0000 Acc: 1.0000 F1: 1.0000


--------------------------------------------------------------------
Eval results: Cost:0.0067 Pre:1.0000 Re:1.0000 Acc:1.0000 F1:1.0000
--------------------------------------------------------------------

Epoch 161: Time: 0.0647 Cost: 0.0087 Pre: 1.0000 Re: 1.0000 Acc: 1.0000 F1: 1.0000
Epoch 162: Time: 0.0660 Cost: 0.0084 Pre: 1.0000 Re: 1.0000 Acc: 1.0000 F1: 1.0000
Epoch 163: Time: 0.0658 Cost: 0.0081 Pre: 1.0000 Re: 1.0000 Acc: 1.0000 F1: 1.0000
Epoch 164: Time: 0.0645 Cost: 0.0078 Pre: 1.0000 Re: 1.0000 Acc: 1.0000 F1: 1.0000
Epoch 165: Time: 0.0656 Cost: 0.0076 Pre: 1.0000 Re: 1.0000 Acc: 1.0000 F1: 1.0000
Epoch 166: Time: 0.0656 Cost: 0.0074 Pre: 1.0000 Re: 1.0000 Acc: 1.0000 F1: 1.0000
Epoch 167: Time: 0.0663 Cost: 0.0071 Pre: 1.0000 Re: 1.0000 Acc: 1.0000 F1: 1.0000
Epoch 168: Time: 0.0679 Cost: 0.0069 Pre: 1.0000 Re: 1.0000 Acc: 1.0000 F1: 1.0000
Epoch 169: Time: 0.0665 Cost: 0.0067 Pre: 1.0000 Re: 1.0000 Acc: 1.0000 F1: 1.0000
Epoch 170: Time: 0.0665 Cost: 0.0065 Pre: 1.0000 Re: 1.0000 Acc: 1.0000 F1: 1.0000


--------------------------------------------------------------------
Eval results: Cost:0.0048 Pre:1.0000 Re:1.0000 Acc:1.0000 F1:1.0000
--------------------------------------------------------------------

Epoch 171: Time: 0.0649 Cost: 0.0064 Pre: 1.0000 Re: 1.0000 Acc: 1.0000 F1: 1.0000
Epoch 172: Time: 0.0652 Cost: 0.0062 Pre: 1.0000 Re: 1.0000 Acc: 1.0000 F1: 1.0000
Epoch 173: Time: 0.0649 Cost: 0.0060 Pre: 1.0000 Re: 1.0000 Acc: 1.0000 F1: 1.0000
Epoch 174: Time: 0.0647 Cost: 0.0059 Pre: 1.0000 Re: 1.0000 Acc: 1.0000 F1: 1.0000
Epoch 175: Time: 0.0664 Cost: 0.0057 Pre: 1.0000 Re: 1.0000 Acc: 1.0000 F1: 1.0000
Epoch 176: Time: 0.0671 Cost: 0.0056 Pre: 1.0000 Re: 1.0000 Acc: 1.0000 F1: 1.0000
Epoch 177: Time: 0.0642 Cost: 0.0054 Pre: 1.0000 Re: 1.0000 Acc: 1.0000 F1: 1.0000
Epoch 178: Time: 0.0656 Cost: 0.0053 Pre: 1.0000 Re: 1.0000 Acc: 1.0000 F1: 1.0000
Epoch 179: Time: 0.0658 Cost: 0.0052 Pre: 1.0000 Re: 1.0000 Acc: 1.0000 F1: 1.0000
Epoch 180: Time: 0.0644 Cost: 0.0051 Pre: 1.0000 Re: 1.0000 Acc: 1.0000 F1: 1.0000


--------------------------------------------------------------------
Eval results: Cost:0.0037 Pre:1.0000 Re:1.0000 Acc:1.0000 F1:1.0000
--------------------------------------------------------------------

Epoch 181: Time: 0.0660 Cost: 0.0050 Pre: 1.0000 Re: 1.0000 Acc: 1.0000 F1: 1.0000
Epoch 182: Time: 0.0679 Cost: 0.0049 Pre: 1.0000 Re: 1.0000 Acc: 1.0000 F1: 1.0000
Epoch 183: Time: 0.0669 Cost: 0.0048 Pre: 1.0000 Re: 1.0000 Acc: 1.0000 F1: 1.0000
Epoch 184: Time: 0.0650 Cost: 0.0047 Pre: 1.0000 Re: 1.0000 Acc: 1.0000 F1: 1.0000
Epoch 185: Time: 0.0669 Cost: 0.0046 Pre: 1.0000 Re: 1.0000 Acc: 1.0000 F1: 1.0000
Epoch 186: Time: 0.0668 Cost: 0.0045 Pre: 1.0000 Re: 1.0000 Acc: 1.0000 F1: 1.0000
Epoch 187: Time: 0.0649 Cost: 0.0044 Pre: 1.0000 Re: 1.0000 Acc: 1.0000 F1: 1.0000
Epoch 188: Time: 0.0684 Cost: 0.0043 Pre: 1.0000 Re: 1.0000 Acc: 1.0000 F1: 1.0000
Epoch 189: Time: 0.0650 Cost: 0.0042 Pre: 1.0000 Re: 1.0000 Acc: 1.0000 F1: 1.0000
Epoch 190: Time: 0.0657 Cost: 0.0042 Pre: 1.0000 Re: 1.0000 Acc: 1.0000 F1: 1.0000


--------------------------------------------------------------------
Eval results: Cost:0.0031 Pre:1.0000 Re:1.0000 Acc:1.0000 F1:1.0000
--------------------------------------------------------------------

Epoch 191: Time: 0.0641 Cost: 0.0041 Pre: 1.0000 Re: 1.0000 Acc: 1.0000 F1: 1.0000
Epoch 192: Time: 0.0681 Cost: 0.0040 Pre: 1.0000 Re: 1.0000 Acc: 1.0000 F1: 1.0000
Epoch 193: Time: 0.0643 Cost: 0.0039 Pre: 1.0000 Re: 1.0000 Acc: 1.0000 F1: 1.0000
Epoch 194: Time: 0.0642 Cost: 0.0039 Pre: 1.0000 Re: 1.0000 Acc: 1.0000 F1: 1.0000
Epoch 195: Time: 0.0655 Cost: 0.0038 Pre: 1.0000 Re: 1.0000 Acc: 1.0000 F1: 1.0000
Epoch 196: Time: 0.0670 Cost: 0.0037 Pre: 1.0000 Re: 1.0000 Acc: 1.0000 F1: 1.0000
Epoch 197: Time: 0.0651 Cost: 0.0037 Pre: 1.0000 Re: 1.0000 Acc: 1.0000 F1: 1.0000
Epoch 198: Time: 0.0707 Cost: 0.0036 Pre: 1.0000 Re: 1.0000 Acc: 1.0000 F1: 1.0000
Epoch 199: Time: 0.0696 Cost: 0.0036 Pre: 1.0000 Re: 1.0000 Acc: 1.0000 F1: 1.0000
Epoch 200: Time: 0.0779 Cost: 0.0035 Pre: 1.0000 Re: 1.0000 Acc: 1.0000 F1: 1.0000


--------------------------------------------------------------------
Eval results: Cost:0.0026 Pre:1.0000 Re:1.0000 Acc:1.0000 F1:1.0000
--------------------------------------------------------------------

Epoch 201: Time: 0.0650 Cost: 0.0035 Pre: 1.0000 Re: 1.0000 Acc: 1.0000 F1: 1.0000
Epoch 202: Time: 0.0644 Cost: 0.0034 Pre: 1.0000 Re: 1.0000 Acc: 1.0000 F1: 1.0000
Epoch 203: Time: 0.0648 Cost: 0.0034 Pre: 1.0000 Re: 1.0000 Acc: 1.0000 F1: 1.0000
Epoch 204: Time: 0.0640 Cost: 0.0033 Pre: 1.0000 Re: 1.0000 Acc: 1.0000 F1: 1.0000
Epoch 205: Time: 0.0645 Cost: 0.0033 Pre: 1.0000 Re: 1.0000 Acc: 1.0000 F1: 1.0000
Epoch 206: Time: 0.0639 Cost: 0.0032 Pre: 1.0000 Re: 1.0000 Acc: 1.0000 F1: 1.0000
Epoch 207: Time: 0.0643 Cost: 0.0032 Pre: 1.0000 Re: 1.0000 Acc: 1.0000 F1: 1.0000
Epoch 208: Time: 0.0638 Cost: 0.0031 Pre: 1.0000 Re: 1.0000 Acc: 1.0000 F1: 1.0000
Epoch 209: Time: 0.0694 Cost: 0.0031 Pre: 1.0000 Re: 1.0000 Acc: 1.0000 F1: 1.0000
Epoch 210: Time: 0.0672 Cost: 0.0030 Pre: 1.0000 Re: 1.0000 Acc: 1.0000 F1: 1.0000


--------------------------------------------------------------------
Eval results: Cost:0.0022 Pre:1.0000 Re:1.0000 Acc:1.0000 F1:1.0000
--------------------------------------------------------------------

Early stopping...
--------------------------------------------------------------------
--------------------------------------------------------------------
Test 464 samples take time: 0.2016
Test results: Cost:0.0017 Pre:1.0000 Re:1.0000 Acc:1.0000 F1:1.0000
--------------------------------------------------------------------

