Load data
RNN type: UNI Grammar: g1 Seed: 7
Model total parameters: 4218
Saving hinit ... 

Epoch 0: Time: 0.1475 Cost: 25.2856 Pre: 0.0316 Re: 0.6000 Acc: 0.2231 F1: 0.0600


--------------------------------------------------------------------
Eval results: Cost:25.1029 Pre:0.0115 Re:0.2500 Acc:0.4506 F1:0.0220
--------------------------------------------------------------------

Epoch 1: Time: 0.0665 Cost: 24.9483 Pre: 0.0081 Re: 0.1000 Acc: 0.4545 F1: 0.0149
Epoch 2: Time: 0.0696 Cost: 24.4087 Pre: 1.0000 Re: 0.1000 Acc: 0.9628 F1: 0.1818
Epoch 3: Time: 0.0704 Cost: 23.5551 Pre: 1.0000 Re: 0.1000 Acc: 0.9628 F1: 0.1818
Epoch 4: Time: 0.0681 Cost: 22.0056 Pre: 1.0000 Re: 0.1000 Acc: 0.9628 F1: 0.1818
Epoch 5: Time: 0.0704 Cost: 18.4139 Pre: 0.0000 Re: 0.0000 Acc: 0.9587 F1: 0.0000
Epoch 6: Time: 0.0687 Cost: 9.7892 Pre: 0.0000 Re: 0.0000 Acc: 0.9587 F1: 0.0000
Epoch 7: Time: 0.0680 Cost: 4.1988 Pre: 0.0000 Re: 0.0000 Acc: 0.9587 F1: 0.0000
Epoch 8: Time: 0.0687 Cost: 3.4734 Pre: 0.0000 Re: 0.0000 Acc: 0.9587 F1: 0.0000
Epoch 9: Time: 0.0692 Cost: 3.4003 Pre: 0.0000 Re: 0.0000 Acc: 0.9587 F1: 0.0000
Epoch 10: Time: 0.0671 Cost: 3.4038 Pre: 0.0000 Re: 0.0000 Acc: 0.9587 F1: 0.0000


--------------------------------------------------------------------
Eval results: Cost:2.7833 Pre:0.0000 Re:0.0000 Acc:0.9753 F1:0.0000
--------------------------------------------------------------------

Epoch 11: Time: 0.0697 Cost: 3.4139 Pre: 0.0000 Re: 0.0000 Acc: 0.9587 F1: 0.0000
Epoch 12: Time: 0.0659 Cost: 3.4201 Pre: 0.0000 Re: 0.0000 Acc: 0.9587 F1: 0.0000
Epoch 13: Time: 0.0690 Cost: 3.4216 Pre: 0.0000 Re: 0.0000 Acc: 0.9587 F1: 0.0000
Epoch 14: Time: 0.0687 Cost: 3.4188 Pre: 0.0000 Re: 0.0000 Acc: 0.9587 F1: 0.0000
Epoch 15: Time: 0.0661 Cost: 3.4126 Pre: 0.0000 Re: 0.0000 Acc: 0.9587 F1: 0.0000
Epoch 16: Time: 0.0686 Cost: 3.4035 Pre: 0.0000 Re: 0.0000 Acc: 0.9587 F1: 0.0000
Epoch 17: Time: 0.0687 Cost: 3.3919 Pre: 0.0000 Re: 0.0000 Acc: 0.9587 F1: 0.0000
Epoch 18: Time: 0.0675 Cost: 3.3781 Pre: 0.0000 Re: 0.0000 Acc: 0.9587 F1: 0.0000
Epoch 19: Time: 0.0698 Cost: 3.3621 Pre: 0.0000 Re: 0.0000 Acc: 0.9587 F1: 0.0000
Epoch 20: Time: 0.0692 Cost: 3.3440 Pre: 0.0000 Re: 0.0000 Acc: 0.9587 F1: 0.0000


--------------------------------------------------------------------
Eval results: Cost:2.6936 Pre:0.0000 Re:0.0000 Acc:0.9753 F1:0.0000
--------------------------------------------------------------------

Epoch 21: Time: 0.0809 Cost: 3.3237 Pre: 0.0000 Re: 0.0000 Acc: 0.9587 F1: 0.0000
Epoch 22: Time: 0.0679 Cost: 3.3010 Pre: 1.0000 Re: 0.1000 Acc: 0.9628 F1: 0.1818
Epoch 23: Time: 0.0676 Cost: 3.2759 Pre: 1.0000 Re: 0.1000 Acc: 0.9628 F1: 0.1818
Epoch 24: Time: 0.0684 Cost: 3.2484 Pre: 1.0000 Re: 0.1000 Acc: 0.9628 F1: 0.1818
Epoch 25: Time: 0.0683 Cost: 3.2186 Pre: 1.0000 Re: 0.1000 Acc: 0.9628 F1: 0.1818
Epoch 26: Time: 0.0667 Cost: 3.1867 Pre: 1.0000 Re: 0.1000 Acc: 0.9628 F1: 0.1818
Epoch 27: Time: 0.0698 Cost: 3.1529 Pre: 1.0000 Re: 0.1000 Acc: 0.9628 F1: 0.1818
Epoch 28: Time: 0.0697 Cost: 3.1173 Pre: 1.0000 Re: 0.1000 Acc: 0.9628 F1: 0.1818
Epoch 29: Time: 0.0670 Cost: 3.0796 Pre: 1.0000 Re: 0.1000 Acc: 0.9628 F1: 0.1818
Epoch 30: Time: 0.0700 Cost: 3.0389 Pre: 1.0000 Re: 0.1000 Acc: 0.9628 F1: 0.1818


--------------------------------------------------------------------
Eval results: Cost:2.4744 Pre:1.0000 Re:0.2500 Acc:0.9815 F1:0.4000
--------------------------------------------------------------------

Epoch 31: Time: 0.0665 Cost: 2.9926 Pre: 1.0000 Re: 0.1000 Acc: 0.9628 F1: 0.1818
Epoch 32: Time: 0.0693 Cost: 2.9345 Pre: 1.0000 Re: 0.1000 Acc: 0.9628 F1: 0.1818
Epoch 33: Time: 0.0693 Cost: 2.8468 Pre: 1.0000 Re: 0.2000 Acc: 0.9669 F1: 0.3333
Epoch 34: Time: 0.0670 Cost: 2.6616 Pre: 1.0000 Re: 0.2000 Acc: 0.9669 F1: 0.3333
Epoch 35: Time: 0.0681 Cost: 3.4519 Pre: 0.4737 Re: 0.9000 Acc: 0.9545 F1: 0.6207
Epoch 36: Time: 0.0686 Cost: 2.2679 Pre: 1.0000 Re: 0.4000 Acc: 0.9752 F1: 0.5714
Epoch 37: Time: 0.0677 Cost: 2.2864 Pre: 1.0000 Re: 0.3000 Acc: 0.9711 F1: 0.4615
Epoch 38: Time: 0.0693 Cost: 2.3396 Pre: 1.0000 Re: 0.3000 Acc: 0.9711 F1: 0.4615
Epoch 39: Time: 0.0687 Cost: 2.3663 Pre: 1.0000 Re: 0.3000 Acc: 0.9711 F1: 0.4615
Epoch 40: Time: 0.0674 Cost: 2.3760 Pre: 1.0000 Re: 0.3000 Acc: 0.9711 F1: 0.4615


--------------------------------------------------------------------
Eval results: Cost:1.9060 Pre:1.0000 Re:0.2500 Acc:0.9815 F1:0.4000
--------------------------------------------------------------------

Epoch 41: Time: 0.0682 Cost: 2.3757 Pre: 1.0000 Re: 0.3000 Acc: 0.9711 F1: 0.4615
Epoch 42: Time: 0.0699 Cost: 2.3686 Pre: 1.0000 Re: 0.3000 Acc: 0.9711 F1: 0.4615
Epoch 43: Time: 0.0688 Cost: 2.3563 Pre: 1.0000 Re: 0.3000 Acc: 0.9711 F1: 0.4615
Epoch 44: Time: 0.0672 Cost: 2.3401 Pre: 1.0000 Re: 0.3000 Acc: 0.9711 F1: 0.4615
Epoch 45: Time: 0.0697 Cost: 2.3203 Pre: 1.0000 Re: 0.3000 Acc: 0.9711 F1: 0.4615
Epoch 46: Time: 0.0690 Cost: 2.2972 Pre: 1.0000 Re: 0.3000 Acc: 0.9711 F1: 0.4615
Epoch 47: Time: 0.0665 Cost: 2.2709 Pre: 1.0000 Re: 0.3000 Acc: 0.9711 F1: 0.4615
Epoch 48: Time: 0.0686 Cost: 2.2411 Pre: 1.0000 Re: 0.3000 Acc: 0.9711 F1: 0.4615
Epoch 49: Time: 0.0688 Cost: 2.2070 Pre: 1.0000 Re: 0.3000 Acc: 0.9711 F1: 0.4615
Epoch 50: Time: 0.0659 Cost: 2.1676 Pre: 1.0000 Re: 0.3000 Acc: 0.9711 F1: 0.4615


--------------------------------------------------------------------
Eval results: Cost:1.7367 Pre:1.0000 Re:0.2500 Acc:0.9815 F1:0.4000
--------------------------------------------------------------------

Epoch 51: Time: 0.0688 Cost: 2.1212 Pre: 1.0000 Re: 0.4000 Acc: 0.9752 F1: 0.5714
Epoch 52: Time: 0.0668 Cost: 2.0643 Pre: 1.0000 Re: 0.4000 Acc: 0.9752 F1: 0.5714
Epoch 53: Time: 0.0686 Cost: 1.9928 Pre: 1.0000 Re: 0.4000 Acc: 0.9752 F1: 0.5714
Epoch 54: Time: 0.0686 Cost: 1.8997 Pre: 1.0000 Re: 0.4000 Acc: 0.9752 F1: 0.5714
Epoch 55: Time: 0.0671 Cost: 1.7733 Pre: 1.0000 Re: 0.5000 Acc: 0.9793 F1: 0.6667
Epoch 56: Time: 0.0688 Cost: 1.5879 Pre: 1.0000 Re: 0.5000 Acc: 0.9793 F1: 0.6667
Epoch 57: Time: 0.0733 Cost: 1.1346 Pre: 1.0000 Re: 0.8000 Acc: 0.9917 F1: 0.8889
Epoch 58: Time: 0.0665 Cost: 1.9446 Pre: 0.6667 Re: 1.0000 Acc: 0.9793 F1: 0.8000
Epoch 59: Time: 0.0684 Cost: 2.0660 Pre: 0.7143 Re: 1.0000 Acc: 0.9835 F1: 0.8333
Epoch 60: Time: 0.0693 Cost: 1.3519 Pre: 1.0000 Re: 0.5000 Acc: 0.9793 F1: 0.6667


--------------------------------------------------------------------
Eval results: Cost:1.4925 Pre:1.0000 Re:0.5000 Acc:0.9877 F1:0.6667
--------------------------------------------------------------------

Epoch 61: Time: 0.0688 Cost: 1.8122 Pre: 1.0000 Re: 0.4000 Acc: 0.9752 F1: 0.5714
Epoch 62: Time: 0.0684 Cost: 1.9377 Pre: 1.0000 Re: 0.4000 Acc: 0.9752 F1: 0.5714
Epoch 63: Time: 0.0671 Cost: 1.9611 Pre: 1.0000 Re: 0.4000 Acc: 0.9752 F1: 0.5714
Epoch 64: Time: 0.0688 Cost: 1.9246 Pre: 1.0000 Re: 0.4000 Acc: 0.9752 F1: 0.5714
Epoch 65: Time: 0.0678 Cost: 1.8459 Pre: 1.0000 Re: 0.4000 Acc: 0.9752 F1: 0.5714
Epoch 66: Time: 0.0671 Cost: 1.7347 Pre: 1.0000 Re: 0.4000 Acc: 0.9752 F1: 0.5714
Epoch 67: Time: 0.0692 Cost: 1.5983 Pre: 1.0000 Re: 0.5000 Acc: 0.9793 F1: 0.6667
Epoch 68: Time: 0.0681 Cost: 1.4402 Pre: 1.0000 Re: 0.5000 Acc: 0.9793 F1: 0.6667
Epoch 69: Time: 0.0661 Cost: 1.2491 Pre: 1.0000 Re: 0.6000 Acc: 0.9835 F1: 0.7500
Epoch 70: Time: 0.0697 Cost: 0.9903 Pre: 1.0000 Re: 0.7000 Acc: 0.9876 F1: 0.8235


--------------------------------------------------------------------
Eval results: Cost:0.7946 Pre:1.0000 Re:0.7500 Acc:0.9938 F1:0.8571
--------------------------------------------------------------------

Epoch 71: Time: 0.0686 Cost: 0.6536 Pre: 1.0000 Re: 0.9000 Acc: 0.9959 F1: 0.9474
Epoch 72: Time: 0.0688 Cost: 0.3879 Pre: 1.0000 Re: 1.0000 Acc: 1.0000 F1: 1.0000
Epoch 73: Time: 0.0673 Cost: 0.2762 Pre: 1.0000 Re: 1.0000 Acc: 1.0000 F1: 1.0000
Epoch 74: Time: 0.0686 Cost: 0.2876 Pre: 0.9091 Re: 1.0000 Acc: 0.9959 F1: 0.9524
Epoch 75: Time: 0.0678 Cost: 0.1236 Pre: 1.0000 Re: 1.0000 Acc: 1.0000 F1: 1.0000
Epoch 76: Time: 0.0669 Cost: 0.1189 Pre: 1.0000 Re: 1.0000 Acc: 1.0000 F1: 1.0000
Epoch 77: Time: 0.0705 Cost: 0.1083 Pre: 1.0000 Re: 1.0000 Acc: 1.0000 F1: 1.0000
Epoch 78: Time: 0.1217 Cost: 0.0827 Pre: 1.0000 Re: 1.0000 Acc: 1.0000 F1: 1.0000
Epoch 79: Time: 0.0996 Cost: 0.0611 Pre: 1.0000 Re: 1.0000 Acc: 1.0000 F1: 1.0000
Epoch 80: Time: 0.0735 Cost: 0.0512 Pre: 1.0000 Re: 1.0000 Acc: 1.0000 F1: 1.0000


--------------------------------------------------------------------
Eval results: Cost:0.0343 Pre:1.0000 Re:1.0000 Acc:1.0000 F1:1.0000
--------------------------------------------------------------------

Epoch 81: Time: 0.0670 Cost: 0.0511 Pre: 1.0000 Re: 1.0000 Acc: 1.0000 F1: 1.0000
Epoch 82: Time: 0.0723 Cost: 0.0507 Pre: 1.0000 Re: 1.0000 Acc: 1.0000 F1: 1.0000
Epoch 83: Time: 0.0685 Cost: 0.0440 Pre: 1.0000 Re: 1.0000 Acc: 1.0000 F1: 1.0000
Epoch 84: Time: 0.0667 Cost: 0.0407 Pre: 1.0000 Re: 1.0000 Acc: 1.0000 F1: 1.0000
Epoch 85: Time: 0.0700 Cost: 0.0389 Pre: 1.0000 Re: 1.0000 Acc: 1.0000 F1: 1.0000
Epoch 86: Time: 0.0724 Cost: 0.0368 Pre: 1.0000 Re: 1.0000 Acc: 1.0000 F1: 1.0000
Epoch 87: Time: 0.0679 Cost: 0.0344 Pre: 1.0000 Re: 1.0000 Acc: 1.0000 F1: 1.0000
Epoch 88: Time: 0.0692 Cost: 0.0324 Pre: 1.0000 Re: 1.0000 Acc: 1.0000 F1: 1.0000
Epoch 89: Time: 0.0689 Cost: 0.0309 Pre: 1.0000 Re: 1.0000 Acc: 1.0000 F1: 1.0000
Epoch 90: Time: 0.0698 Cost: 0.0298 Pre: 1.0000 Re: 1.0000 Acc: 1.0000 F1: 1.0000


--------------------------------------------------------------------
Eval results: Cost:0.0216 Pre:1.0000 Re:1.0000 Acc:1.0000 F1:1.0000
--------------------------------------------------------------------

Epoch 91: Time: 0.0695 Cost: 0.0285 Pre: 1.0000 Re: 1.0000 Acc: 1.0000 F1: 1.0000
Epoch 92: Time: 0.0805 Cost: 0.0270 Pre: 1.0000 Re: 1.0000 Acc: 1.0000 F1: 1.0000
Epoch 93: Time: 0.0861 Cost: 0.0257 Pre: 1.0000 Re: 1.0000 Acc: 1.0000 F1: 1.0000
Epoch 94: Time: 0.0708 Cost: 0.0244 Pre: 1.0000 Re: 1.0000 Acc: 1.0000 F1: 1.0000
Epoch 95: Time: 0.0790 Cost: 0.0231 Pre: 1.0000 Re: 1.0000 Acc: 1.0000 F1: 1.0000
Epoch 96: Time: 0.0669 Cost: 0.0219 Pre: 1.0000 Re: 1.0000 Acc: 1.0000 F1: 1.0000
Epoch 97: Time: 0.0705 Cost: 0.0208 Pre: 1.0000 Re: 1.0000 Acc: 1.0000 F1: 1.0000
Epoch 98: Time: 0.0701 Cost: 0.0198 Pre: 1.0000 Re: 1.0000 Acc: 1.0000 F1: 1.0000
Epoch 99: Time: 0.0762 Cost: 0.0188 Pre: 1.0000 Re: 1.0000 Acc: 1.0000 F1: 1.0000
Epoch 100: Time: 0.0746 Cost: 0.0178 Pre: 1.0000 Re: 1.0000 Acc: 1.0000 F1: 1.0000


--------------------------------------------------------------------
Eval results: Cost:0.0138 Pre:1.0000 Re:1.0000 Acc:1.0000 F1:1.0000
--------------------------------------------------------------------

Epoch 101: Time: 0.0778 Cost: 0.0169 Pre: 1.0000 Re: 1.0000 Acc: 1.0000 F1: 1.0000
Epoch 102: Time: 0.0803 Cost: 0.0160 Pre: 1.0000 Re: 1.0000 Acc: 1.0000 F1: 1.0000
Epoch 103: Time: 0.0691 Cost: 0.0151 Pre: 1.0000 Re: 1.0000 Acc: 1.0000 F1: 1.0000
Epoch 104: Time: 0.0699 Cost: 0.0143 Pre: 1.0000 Re: 1.0000 Acc: 1.0000 F1: 1.0000
Epoch 105: Time: 0.0667 Cost: 0.0135 Pre: 1.0000 Re: 1.0000 Acc: 1.0000 F1: 1.0000
Epoch 106: Time: 0.0698 Cost: 0.0128 Pre: 1.0000 Re: 1.0000 Acc: 1.0000 F1: 1.0000
Epoch 107: Time: 0.0781 Cost: 0.0121 Pre: 1.0000 Re: 1.0000 Acc: 1.0000 F1: 1.0000
Epoch 108: Time: 0.0710 Cost: 0.0114 Pre: 1.0000 Re: 1.0000 Acc: 1.0000 F1: 1.0000
Epoch 109: Time: 0.0687 Cost: 0.0108 Pre: 1.0000 Re: 1.0000 Acc: 1.0000 F1: 1.0000
Epoch 110: Time: 0.0695 Cost: 0.0102 Pre: 1.0000 Re: 1.0000 Acc: 1.0000 F1: 1.0000


--------------------------------------------------------------------
Eval results: Cost:0.0080 Pre:1.0000 Re:1.0000 Acc:1.0000 F1:1.0000
--------------------------------------------------------------------

Epoch 111: Time: 0.0779 Cost: 0.0096 Pre: 1.0000 Re: 1.0000 Acc: 1.0000 F1: 1.0000
Epoch 112: Time: 0.0684 Cost: 0.0091 Pre: 1.0000 Re: 1.0000 Acc: 1.0000 F1: 1.0000
Epoch 113: Time: 0.0667 Cost: 0.0086 Pre: 1.0000 Re: 1.0000 Acc: 1.0000 F1: 1.0000
Epoch 114: Time: 0.0696 Cost: 0.0082 Pre: 1.0000 Re: 1.0000 Acc: 1.0000 F1: 1.0000
Epoch 115: Time: 0.0689 Cost: 0.0077 Pre: 1.0000 Re: 1.0000 Acc: 1.0000 F1: 1.0000
Epoch 116: Time: 0.0816 Cost: 0.0073 Pre: 1.0000 Re: 1.0000 Acc: 1.0000 F1: 1.0000
Epoch 117: Time: 0.0665 Cost: 0.0069 Pre: 1.0000 Re: 1.0000 Acc: 1.0000 F1: 1.0000
Epoch 118: Time: 0.0692 Cost: 0.0066 Pre: 1.0000 Re: 1.0000 Acc: 1.0000 F1: 1.0000
Epoch 119: Time: 0.0688 Cost: 0.0063 Pre: 1.0000 Re: 1.0000 Acc: 1.0000 F1: 1.0000
Epoch 120: Time: 0.0671 Cost: 0.0060 Pre: 1.0000 Re: 1.0000 Acc: 1.0000 F1: 1.0000


--------------------------------------------------------------------
Eval results: Cost:0.0047 Pre:1.0000 Re:1.0000 Acc:1.0000 F1:1.0000
--------------------------------------------------------------------

Epoch 121: Time: 0.0693 Cost: 0.0057 Pre: 1.0000 Re: 1.0000 Acc: 1.0000 F1: 1.0000
Epoch 122: Time: 0.0673 Cost: 0.0054 Pre: 1.0000 Re: 1.0000 Acc: 1.0000 F1: 1.0000
Epoch 123: Time: 0.0689 Cost: 0.0051 Pre: 1.0000 Re: 1.0000 Acc: 1.0000 F1: 1.0000
Epoch 124: Time: 0.0666 Cost: 0.0049 Pre: 1.0000 Re: 1.0000 Acc: 1.0000 F1: 1.0000
Epoch 125: Time: 0.0681 Cost: 0.0047 Pre: 1.0000 Re: 1.0000 Acc: 1.0000 F1: 1.0000
Epoch 126: Time: 0.0681 Cost: 0.0045 Pre: 1.0000 Re: 1.0000 Acc: 1.0000 F1: 1.0000
Epoch 127: Time: 0.0664 Cost: 0.0043 Pre: 1.0000 Re: 1.0000 Acc: 1.0000 F1: 1.0000
Epoch 128: Time: 0.0682 Cost: 0.0041 Pre: 1.0000 Re: 1.0000 Acc: 1.0000 F1: 1.0000
Epoch 129: Time: 0.0681 Cost: 0.0040 Pre: 1.0000 Re: 1.0000 Acc: 1.0000 F1: 1.0000
Epoch 130: Time: 0.0703 Cost: 0.0038 Pre: 1.0000 Re: 1.0000 Acc: 1.0000 F1: 1.0000


--------------------------------------------------------------------
Eval results: Cost:0.0031 Pre:1.0000 Re:1.0000 Acc:1.0000 F1:1.0000
--------------------------------------------------------------------

Epoch 131: Time: 0.0690 Cost: 0.0037 Pre: 1.0000 Re: 1.0000 Acc: 1.0000 F1: 1.0000
Epoch 132: Time: 0.0685 Cost: 0.0035 Pre: 1.0000 Re: 1.0000 Acc: 1.0000 F1: 1.0000
Epoch 133: Time: 0.0684 Cost: 0.0034 Pre: 1.0000 Re: 1.0000 Acc: 1.0000 F1: 1.0000
Epoch 134: Time: 0.0708 Cost: 0.0033 Pre: 1.0000 Re: 1.0000 Acc: 1.0000 F1: 1.0000
Epoch 135: Time: 0.0686 Cost: 0.0032 Pre: 1.0000 Re: 1.0000 Acc: 1.0000 F1: 1.0000
Epoch 136: Time: 0.0707 Cost: 0.0031 Pre: 1.0000 Re: 1.0000 Acc: 1.0000 F1: 1.0000
Epoch 137: Time: 0.0694 Cost: 0.0030 Pre: 1.0000 Re: 1.0000 Acc: 1.0000 F1: 1.0000
Epoch 138: Time: 0.0686 Cost: 0.0029 Pre: 1.0000 Re: 1.0000 Acc: 1.0000 F1: 1.0000
Epoch 139: Time: 0.0687 Cost: 0.0028 Pre: 1.0000 Re: 1.0000 Acc: 1.0000 F1: 1.0000
Epoch 140: Time: 0.0666 Cost: 0.0027 Pre: 1.0000 Re: 1.0000 Acc: 1.0000 F1: 1.0000


--------------------------------------------------------------------
Eval results: Cost:0.0022 Pre:1.0000 Re:1.0000 Acc:1.0000 F1:1.0000
--------------------------------------------------------------------

Epoch 141: Time: 0.0678 Cost: 0.0027 Pre: 1.0000 Re: 1.0000 Acc: 1.0000 F1: 1.0000
Epoch 142: Time: 0.0674 Cost: 0.0026 Pre: 1.0000 Re: 1.0000 Acc: 1.0000 F1: 1.0000
Epoch 143: Time: 0.0685 Cost: 0.0025 Pre: 1.0000 Re: 1.0000 Acc: 1.0000 F1: 1.0000
Epoch 144: Time: 0.0670 Cost: 0.0025 Pre: 1.0000 Re: 1.0000 Acc: 1.0000 F1: 1.0000
Epoch 145: Time: 0.0697 Cost: 0.0024 Pre: 1.0000 Re: 1.0000 Acc: 1.0000 F1: 1.0000
Epoch 146: Time: 0.0689 Cost: 0.0023 Pre: 1.0000 Re: 1.0000 Acc: 1.0000 F1: 1.0000
Epoch 147: Time: 0.0663 Cost: 0.0023 Pre: 1.0000 Re: 1.0000 Acc: 1.0000 F1: 1.0000
Epoch 148: Time: 0.0682 Cost: 0.0022 Pre: 1.0000 Re: 1.0000 Acc: 1.0000 F1: 1.0000
Epoch 149: Time: 0.0694 Cost: 0.0022 Pre: 1.0000 Re: 1.0000 Acc: 1.0000 F1: 1.0000
Epoch 150: Time: 0.0663 Cost: 0.0021 Pre: 1.0000 Re: 1.0000 Acc: 1.0000 F1: 1.0000


--------------------------------------------------------------------
Eval results: Cost:0.0018 Pre:1.0000 Re:1.0000 Acc:1.0000 F1:1.0000
--------------------------------------------------------------------

Epoch 151: Time: 0.0688 Cost: 0.0021 Pre: 1.0000 Re: 1.0000 Acc: 1.0000 F1: 1.0000
Epoch 152: Time: 0.0668 Cost: 0.0021 Pre: 1.0000 Re: 1.0000 Acc: 1.0000 F1: 1.0000
Epoch 153: Time: 0.0686 Cost: 0.0020 Pre: 1.0000 Re: 1.0000 Acc: 1.0000 F1: 1.0000
Epoch 154: Time: 0.0685 Cost: 0.0020 Pre: 1.0000 Re: 1.0000 Acc: 1.0000 F1: 1.0000
Epoch 155: Time: 0.0670 Cost: 0.0019 Pre: 1.0000 Re: 1.0000 Acc: 1.0000 F1: 1.0000
Epoch 156: Time: 0.0688 Cost: 0.0019 Pre: 1.0000 Re: 1.0000 Acc: 1.0000 F1: 1.0000
Epoch 157: Time: 0.0693 Cost: 0.0019 Pre: 1.0000 Re: 1.0000 Acc: 1.0000 F1: 1.0000
Epoch 158: Time: 0.0667 Cost: 0.0018 Pre: 1.0000 Re: 1.0000 Acc: 1.0000 F1: 1.0000
Epoch 159: Time: 0.0688 Cost: 0.0018 Pre: 1.0000 Re: 1.0000 Acc: 1.0000 F1: 1.0000
Epoch 160: Time: 0.0716 Cost: 0.0018 Pre: 1.0000 Re: 1.0000 Acc: 1.0000 F1: 1.0000


--------------------------------------------------------------------
Eval results: Cost:0.0015 Pre:1.0000 Re:1.0000 Acc:1.0000 F1:1.0000
--------------------------------------------------------------------

Early stopping...
--------------------------------------------------------------------
--------------------------------------------------------------------
Test 464 samples take time: 0.2412
Test results: Cost:0.0009 Pre:1.0000 Re:1.0000 Acc:1.0000 F1:1.0000
--------------------------------------------------------------------

