Load data
RNN type: UNI Grammar: g1 Seed: 4
Model total parameters: 4218
Saving hinit ... 

Epoch 0: Time: 0.1487 Cost: 24.8694 Pre: 0.0080 Re: 0.1000 Acc: 0.4504 F1: 0.0148


--------------------------------------------------------------------
Eval results: Cost:24.6669 Pre:0.0114 Re:0.2500 Acc:0.4444 F1:0.0217
--------------------------------------------------------------------

Epoch 1: Time: 0.0897 Cost: 24.5265 Pre: 0.0417 Re: 0.1000 Acc: 0.8678 F1: 0.0588
Epoch 2: Time: 0.0675 Cost: 23.9848 Pre: 0.5000 Re: 0.1000 Acc: 0.9587 F1: 0.1667
Epoch 3: Time: 0.0670 Cost: 23.1513 Pre: 0.5000 Re: 0.1000 Acc: 0.9587 F1: 0.1667
Epoch 4: Time: 0.0661 Cost: 21.7165 Pre: 0.5000 Re: 0.1000 Acc: 0.9587 F1: 0.1667
Epoch 5: Time: 0.0670 Cost: 18.7543 Pre: 0.5000 Re: 0.1000 Acc: 0.9587 F1: 0.1667
Epoch 6: Time: 0.0690 Cost: 11.9784 Pre: 0.5000 Re: 0.1000 Acc: 0.9587 F1: 0.1667
Epoch 7: Time: 0.0677 Cost: 5.5443 Pre: 0.6667 Re: 0.2000 Acc: 0.9628 F1: 0.3077
Epoch 8: Time: 0.0669 Cost: 3.8879 Pre: 0.5000 Re: 0.1000 Acc: 0.9587 F1: 0.1667
Epoch 9: Time: 0.0673 Cost: 3.4843 Pre: 0.5000 Re: 0.1000 Acc: 0.9587 F1: 0.1667
Epoch 10: Time: 0.0671 Cost: 3.3778 Pre: 0.5000 Re: 0.1000 Acc: 0.9587 F1: 0.1667


--------------------------------------------------------------------
Eval results: Cost:2.6361 Pre:0.5000 Re:0.2500 Acc:0.9753 F1:0.3333
--------------------------------------------------------------------

Epoch 11: Time: 0.0702 Cost: 3.3488 Pre: 0.5000 Re: 0.1000 Acc: 0.9587 F1: 0.1667
Epoch 12: Time: 0.0675 Cost: 3.3390 Pre: 0.5000 Re: 0.1000 Acc: 0.9587 F1: 0.1667
Epoch 13: Time: 0.0679 Cost: 3.3318 Pre: 0.5000 Re: 0.1000 Acc: 0.9587 F1: 0.1667
Epoch 14: Time: 0.0678 Cost: 3.3223 Pre: 0.5000 Re: 0.1000 Acc: 0.9587 F1: 0.1667
Epoch 15: Time: 0.0666 Cost: 3.3091 Pre: 0.5000 Re: 0.1000 Acc: 0.9587 F1: 0.1667
Epoch 16: Time: 0.0678 Cost: 3.2918 Pre: 0.5000 Re: 0.1000 Acc: 0.9587 F1: 0.1667
Epoch 17: Time: 0.0668 Cost: 3.2695 Pre: 0.5000 Re: 0.1000 Acc: 0.9587 F1: 0.1667
Epoch 18: Time: 0.0675 Cost: 3.2411 Pre: 0.5000 Re: 0.1000 Acc: 0.9587 F1: 0.1667
Epoch 19: Time: 0.0674 Cost: 3.2036 Pre: 0.6667 Re: 0.2000 Acc: 0.9628 F1: 0.3077
Epoch 20: Time: 0.0678 Cost: 3.1520 Pre: 0.6667 Re: 0.2000 Acc: 0.9628 F1: 0.3077


--------------------------------------------------------------------
Eval results: Cost:2.3595 Pre:0.5000 Re:0.2500 Acc:0.9753 F1:0.3333
--------------------------------------------------------------------

Epoch 21: Time: 0.0667 Cost: 3.0854 Pre: 0.5000 Re: 0.2000 Acc: 0.9587 F1: 0.2857
Epoch 22: Time: 0.0665 Cost: 4.9629 Pre: 0.3500 Re: 0.7000 Acc: 0.9339 F1: 0.4667
Epoch 23: Time: 0.0706 Cost: 3.2340 Pre: 0.5714 Re: 0.4000 Acc: 0.9628 F1: 0.4706
Epoch 24: Time: 0.0673 Cost: 3.0621 Pre: 1.0000 Re: 0.2000 Acc: 0.9669 F1: 0.3333
Epoch 25: Time: 0.0710 Cost: 3.0864 Pre: 1.0000 Re: 0.2000 Acc: 0.9669 F1: 0.3333
Epoch 26: Time: 0.0692 Cost: 3.1001 Pre: 1.0000 Re: 0.2000 Acc: 0.9669 F1: 0.3333
Epoch 27: Time: 0.0686 Cost: 3.1060 Pre: 1.0000 Re: 0.2000 Acc: 0.9669 F1: 0.3333
Epoch 28: Time: 0.0678 Cost: 3.1054 Pre: 1.0000 Re: 0.2000 Acc: 0.9669 F1: 0.3333
Epoch 29: Time: 0.0673 Cost: 3.1001 Pre: 1.0000 Re: 0.2000 Acc: 0.9669 F1: 0.3333
Epoch 30: Time: 0.0714 Cost: 3.0912 Pre: 1.0000 Re: 0.2000 Acc: 0.9669 F1: 0.3333


--------------------------------------------------------------------
Eval results: Cost:2.5459 Pre:1.0000 Re:0.2500 Acc:0.9815 F1:0.4000
--------------------------------------------------------------------

Epoch 31: Time: 0.0669 Cost: 3.0795 Pre: 1.0000 Re: 0.2000 Acc: 0.9669 F1: 0.3333
Epoch 32: Time: 0.0682 Cost: 3.0655 Pre: 1.0000 Re: 0.2000 Acc: 0.9669 F1: 0.3333
Epoch 33: Time: 0.0667 Cost: 3.0495 Pre: 1.0000 Re: 0.2000 Acc: 0.9669 F1: 0.3333
Epoch 34: Time: 0.0666 Cost: 3.0316 Pre: 1.0000 Re: 0.2000 Acc: 0.9669 F1: 0.3333
Epoch 35: Time: 0.0667 Cost: 3.0121 Pre: 1.0000 Re: 0.2000 Acc: 0.9669 F1: 0.3333
Epoch 36: Time: 0.0700 Cost: 2.9910 Pre: 1.0000 Re: 0.2000 Acc: 0.9669 F1: 0.3333
Epoch 37: Time: 0.0680 Cost: 2.9685 Pre: 1.0000 Re: 0.2000 Acc: 0.9669 F1: 0.3333
Epoch 38: Time: 0.0672 Cost: 2.9447 Pre: 1.0000 Re: 0.2000 Acc: 0.9669 F1: 0.3333
Epoch 39: Time: 0.0710 Cost: 2.9200 Pre: 1.0000 Re: 0.2000 Acc: 0.9669 F1: 0.3333
Epoch 40: Time: 0.0719 Cost: 2.8949 Pre: 1.0000 Re: 0.2000 Acc: 0.9669 F1: 0.3333


--------------------------------------------------------------------
Eval results: Cost:2.4060 Pre:1.0000 Re:0.2500 Acc:0.9815 F1:0.4000
--------------------------------------------------------------------

Epoch 41: Time: 0.0678 Cost: 2.8703 Pre: 1.0000 Re: 0.2000 Acc: 0.9669 F1: 0.3333
Epoch 42: Time: 0.0679 Cost: 2.8469 Pre: 1.0000 Re: 0.2000 Acc: 0.9669 F1: 0.3333
Epoch 43: Time: 0.0679 Cost: 2.8255 Pre: 1.0000 Re: 0.2000 Acc: 0.9669 F1: 0.3333
Epoch 44: Time: 0.0679 Cost: 2.8057 Pre: 1.0000 Re: 0.2000 Acc: 0.9669 F1: 0.3333
Epoch 45: Time: 0.0675 Cost: 2.7860 Pre: 1.0000 Re: 0.2000 Acc: 0.9669 F1: 0.3333
Epoch 46: Time: 0.0676 Cost: 2.7644 Pre: 1.0000 Re: 0.2000 Acc: 0.9669 F1: 0.3333
Epoch 47: Time: 0.0683 Cost: 2.7395 Pre: 1.0000 Re: 0.2000 Acc: 0.9669 F1: 0.3333
Epoch 48: Time: 0.0695 Cost: 2.7107 Pre: 1.0000 Re: 0.2000 Acc: 0.9669 F1: 0.3333
Epoch 49: Time: 0.0678 Cost: 2.6773 Pre: 1.0000 Re: 0.2000 Acc: 0.9669 F1: 0.3333
Epoch 50: Time: 0.0714 Cost: 2.6375 Pre: 1.0000 Re: 0.2000 Acc: 0.9669 F1: 0.3333


--------------------------------------------------------------------
Eval results: Cost:2.1225 Pre:1.0000 Re:0.2500 Acc:0.9815 F1:0.4000
--------------------------------------------------------------------

Epoch 51: Time: 0.0694 Cost: 2.5870 Pre: 1.0000 Re: 0.3000 Acc: 0.9711 F1: 0.4615
Epoch 52: Time: 0.0679 Cost: 2.5142 Pre: 1.0000 Re: 0.3000 Acc: 0.9711 F1: 0.4615
Epoch 53: Time: 0.0678 Cost: 2.3807 Pre: 1.0000 Re: 0.3000 Acc: 0.9711 F1: 0.4615
Epoch 54: Time: 0.0678 Cost: 2.4155 Pre: 0.6364 Re: 0.7000 Acc: 0.9711 F1: 0.6667
Epoch 55: Time: 0.0686 Cost: 1.9178 Pre: 0.8889 Re: 0.8000 Acc: 0.9876 F1: 0.8421
Epoch 56: Time: 0.0911 Cost: 1.8428 Pre: 0.8571 Re: 0.6000 Acc: 0.9793 F1: 0.7059
Epoch 57: Time: 0.1236 Cost: 1.9529 Pre: 1.0000 Re: 0.4000 Acc: 0.9752 F1: 0.5714
Epoch 58: Time: 0.0712 Cost: 1.9220 Pre: 1.0000 Re: 0.4000 Acc: 0.9752 F1: 0.5714
Epoch 59: Time: 0.0845 Cost: 1.7642 Pre: 1.0000 Re: 0.5000 Acc: 0.9793 F1: 0.6667
Epoch 60: Time: 0.0877 Cost: 1.1575 Pre: 1.0000 Re: 0.8000 Acc: 0.9917 F1: 0.8889


--------------------------------------------------------------------
Eval results: Cost:2.8675 Pre:0.4444 Re:1.0000 Acc:0.9691 F1:0.6154
--------------------------------------------------------------------

Epoch 61: Time: 0.0720 Cost: 1.4945 Pre: 0.7143 Re: 1.0000 Acc: 0.9835 F1: 0.8333
Epoch 62: Time: 0.0686 Cost: 1.0184 Pre: 0.9000 Re: 0.9000 Acc: 0.9917 F1: 0.9000
Epoch 63: Time: 0.0775 Cost: 0.8324 Pre: 0.9000 Re: 0.9000 Acc: 0.9917 F1: 0.9000
Epoch 64: Time: 0.0861 Cost: 0.6384 Pre: 0.9091 Re: 1.0000 Acc: 0.9959 F1: 0.9524
Epoch 65: Time: 0.0690 Cost: 0.5853 Pre: 0.9091 Re: 1.0000 Acc: 0.9959 F1: 0.9524
Epoch 66: Time: 0.0677 Cost: 1.0950 Pre: 1.0000 Re: 0.7000 Acc: 0.9876 F1: 0.8235
Epoch 67: Time: 0.0688 Cost: 1.4186 Pre: 1.0000 Re: 0.6000 Acc: 0.9835 F1: 0.7500
Epoch 68: Time: 0.0693 Cost: 0.7775 Pre: 1.0000 Re: 0.8000 Acc: 0.9917 F1: 0.8889
Epoch 69: Time: 0.0697 Cost: 1.1946 Pre: 0.7143 Re: 1.0000 Acc: 0.9835 F1: 0.8333
Epoch 70: Time: 0.0731 Cost: 1.4006 Pre: 0.6667 Re: 1.0000 Acc: 0.9793 F1: 0.8000


--------------------------------------------------------------------
Eval results: Cost:1.6008 Pre:0.5000 Re:1.0000 Acc:0.9753 F1:0.6667
--------------------------------------------------------------------

Epoch 71: Time: 0.0676 Cost: 1.1366 Pre: 0.8333 Re: 1.0000 Acc: 0.9917 F1: 0.9091
Epoch 72: Time: 0.0795 Cost: 0.8461 Pre: 0.8333 Re: 1.0000 Acc: 0.9917 F1: 0.9091
Epoch 73: Time: 0.0700 Cost: 0.6473 Pre: 0.9091 Re: 1.0000 Acc: 0.9959 F1: 0.9524
Epoch 74: Time: 0.0847 Cost: 0.5159 Pre: 0.9091 Re: 1.0000 Acc: 0.9959 F1: 0.9524
Epoch 75: Time: 0.0681 Cost: 0.4042 Pre: 0.9091 Re: 1.0000 Acc: 0.9959 F1: 0.9524
Epoch 76: Time: 0.0911 Cost: 0.2630 Pre: 1.0000 Re: 1.0000 Acc: 1.0000 F1: 1.0000
Epoch 77: Time: 0.0688 Cost: 0.4447 Pre: 1.0000 Re: 0.9000 Acc: 0.9959 F1: 0.9474
Epoch 78: Time: 0.0669 Cost: 0.1778 Pre: 1.0000 Re: 1.0000 Acc: 1.0000 F1: 1.0000
Epoch 79: Time: 0.0676 Cost: 0.2544 Pre: 0.9091 Re: 1.0000 Acc: 0.9959 F1: 0.9524
Epoch 80: Time: 0.0687 Cost: 0.2655 Pre: 0.9091 Re: 1.0000 Acc: 0.9959 F1: 0.9524


--------------------------------------------------------------------
Eval results: Cost:0.0720 Pre:1.0000 Re:1.0000 Acc:1.0000 F1:1.0000
--------------------------------------------------------------------

Epoch 81: Time: 0.0810 Cost: 0.2413 Pre: 0.9091 Re: 1.0000 Acc: 0.9959 F1: 0.9524
Epoch 82: Time: 0.0765 Cost: 0.1944 Pre: 0.9091 Re: 1.0000 Acc: 0.9959 F1: 0.9524
Epoch 83: Time: 0.0677 Cost: 0.1387 Pre: 1.0000 Re: 1.0000 Acc: 1.0000 F1: 1.0000
Epoch 84: Time: 0.0680 Cost: 0.0941 Pre: 1.0000 Re: 1.0000 Acc: 1.0000 F1: 1.0000
Epoch 85: Time: 0.0674 Cost: 0.0735 Pre: 1.0000 Re: 1.0000 Acc: 1.0000 F1: 1.0000
Epoch 86: Time: 0.0690 Cost: 0.0708 Pre: 1.0000 Re: 1.0000 Acc: 1.0000 F1: 1.0000
Epoch 87: Time: 0.0771 Cost: 0.0688 Pre: 1.0000 Re: 1.0000 Acc: 1.0000 F1: 1.0000
Epoch 88: Time: 0.0678 Cost: 0.0576 Pre: 1.0000 Re: 1.0000 Acc: 1.0000 F1: 1.0000
Epoch 89: Time: 0.0705 Cost: 0.0504 Pre: 1.0000 Re: 1.0000 Acc: 1.0000 F1: 1.0000
Epoch 90: Time: 0.0694 Cost: 0.0468 Pre: 1.0000 Re: 1.0000 Acc: 1.0000 F1: 1.0000


--------------------------------------------------------------------
Eval results: Cost:0.0333 Pre:1.0000 Re:1.0000 Acc:1.0000 F1:1.0000
--------------------------------------------------------------------

Epoch 91: Time: 0.0676 Cost: 0.0446 Pre: 1.0000 Re: 1.0000 Acc: 1.0000 F1: 1.0000
Epoch 92: Time: 0.0665 Cost: 0.0424 Pre: 1.0000 Re: 1.0000 Acc: 1.0000 F1: 1.0000
Epoch 93: Time: 0.0668 Cost: 0.0398 Pre: 1.0000 Re: 1.0000 Acc: 1.0000 F1: 1.0000
Epoch 94: Time: 0.0666 Cost: 0.0369 Pre: 1.0000 Re: 1.0000 Acc: 1.0000 F1: 1.0000
Epoch 95: Time: 0.0673 Cost: 0.0342 Pre: 1.0000 Re: 1.0000 Acc: 1.0000 F1: 1.0000
Epoch 96: Time: 0.0663 Cost: 0.0320 Pre: 1.0000 Re: 1.0000 Acc: 1.0000 F1: 1.0000
Epoch 97: Time: 0.0664 Cost: 0.0300 Pre: 1.0000 Re: 1.0000 Acc: 1.0000 F1: 1.0000
Epoch 98: Time: 0.0666 Cost: 0.0282 Pre: 1.0000 Re: 1.0000 Acc: 1.0000 F1: 1.0000
Epoch 99: Time: 0.0679 Cost: 0.0264 Pre: 1.0000 Re: 1.0000 Acc: 1.0000 F1: 1.0000
Epoch 100: Time: 0.0697 Cost: 0.0247 Pre: 1.0000 Re: 1.0000 Acc: 1.0000 F1: 1.0000


--------------------------------------------------------------------
Eval results: Cost:0.0170 Pre:1.0000 Re:1.0000 Acc:1.0000 F1:1.0000
--------------------------------------------------------------------

Epoch 101: Time: 0.0669 Cost: 0.0233 Pre: 1.0000 Re: 1.0000 Acc: 1.0000 F1: 1.0000
Epoch 102: Time: 0.0688 Cost: 0.0220 Pre: 1.0000 Re: 1.0000 Acc: 1.0000 F1: 1.0000
Epoch 103: Time: 0.1003 Cost: 0.0207 Pre: 1.0000 Re: 1.0000 Acc: 1.0000 F1: 1.0000
Epoch 104: Time: 0.0935 Cost: 0.0195 Pre: 1.0000 Re: 1.0000 Acc: 1.0000 F1: 1.0000
Epoch 105: Time: 0.0767 Cost: 0.0183 Pre: 1.0000 Re: 1.0000 Acc: 1.0000 F1: 1.0000
Epoch 106: Time: 0.0680 Cost: 0.0172 Pre: 1.0000 Re: 1.0000 Acc: 1.0000 F1: 1.0000
Epoch 107: Time: 0.0679 Cost: 0.0161 Pre: 1.0000 Re: 1.0000 Acc: 1.0000 F1: 1.0000
Epoch 108: Time: 0.0679 Cost: 0.0152 Pre: 1.0000 Re: 1.0000 Acc: 1.0000 F1: 1.0000
Epoch 109: Time: 0.0680 Cost: 0.0143 Pre: 1.0000 Re: 1.0000 Acc: 1.0000 F1: 1.0000
Epoch 110: Time: 0.0676 Cost: 0.0134 Pre: 1.0000 Re: 1.0000 Acc: 1.0000 F1: 1.0000


--------------------------------------------------------------------
Eval results: Cost:0.0088 Pre:1.0000 Re:1.0000 Acc:1.0000 F1:1.0000
--------------------------------------------------------------------

Epoch 111: Time: 0.0675 Cost: 0.0126 Pre: 1.0000 Re: 1.0000 Acc: 1.0000 F1: 1.0000
Epoch 112: Time: 0.0682 Cost: 0.0119 Pre: 1.0000 Re: 1.0000 Acc: 1.0000 F1: 1.0000
Epoch 113: Time: 0.0675 Cost: 0.0112 Pre: 1.0000 Re: 1.0000 Acc: 1.0000 F1: 1.0000
Epoch 114: Time: 0.0697 Cost: 0.0105 Pre: 1.0000 Re: 1.0000 Acc: 1.0000 F1: 1.0000
Epoch 115: Time: 0.0676 Cost: 0.0099 Pre: 1.0000 Re: 1.0000 Acc: 1.0000 F1: 1.0000
Epoch 116: Time: 0.0677 Cost: 0.0093 Pre: 1.0000 Re: 1.0000 Acc: 1.0000 F1: 1.0000
Epoch 117: Time: 0.0673 Cost: 0.0088 Pre: 1.0000 Re: 1.0000 Acc: 1.0000 F1: 1.0000
Epoch 118: Time: 0.0670 Cost: 0.0083 Pre: 1.0000 Re: 1.0000 Acc: 1.0000 F1: 1.0000
Epoch 119: Time: 0.0672 Cost: 0.0078 Pre: 1.0000 Re: 1.0000 Acc: 1.0000 F1: 1.0000
Epoch 120: Time: 0.0668 Cost: 0.0074 Pre: 1.0000 Re: 1.0000 Acc: 1.0000 F1: 1.0000


--------------------------------------------------------------------
Eval results: Cost:0.0049 Pre:1.0000 Re:1.0000 Acc:1.0000 F1:1.0000
--------------------------------------------------------------------

Epoch 121: Time: 0.0671 Cost: 0.0070 Pre: 1.0000 Re: 1.0000 Acc: 1.0000 F1: 1.0000
Epoch 122: Time: 0.0664 Cost: 0.0066 Pre: 1.0000 Re: 1.0000 Acc: 1.0000 F1: 1.0000
Epoch 123: Time: 0.0666 Cost: 0.0062 Pre: 1.0000 Re: 1.0000 Acc: 1.0000 F1: 1.0000
Epoch 124: Time: 0.0678 Cost: 0.0059 Pre: 1.0000 Re: 1.0000 Acc: 1.0000 F1: 1.0000
Epoch 125: Time: 0.0669 Cost: 0.0056 Pre: 1.0000 Re: 1.0000 Acc: 1.0000 F1: 1.0000
Epoch 126: Time: 0.0680 Cost: 0.0053 Pre: 1.0000 Re: 1.0000 Acc: 1.0000 F1: 1.0000
Epoch 127: Time: 0.0672 Cost: 0.0050 Pre: 1.0000 Re: 1.0000 Acc: 1.0000 F1: 1.0000
Epoch 128: Time: 0.0689 Cost: 0.0048 Pre: 1.0000 Re: 1.0000 Acc: 1.0000 F1: 1.0000
Epoch 129: Time: 0.0680 Cost: 0.0046 Pre: 1.0000 Re: 1.0000 Acc: 1.0000 F1: 1.0000
Epoch 130: Time: 0.0665 Cost: 0.0044 Pre: 1.0000 Re: 1.0000 Acc: 1.0000 F1: 1.0000


--------------------------------------------------------------------
Eval results: Cost:0.0030 Pre:1.0000 Re:1.0000 Acc:1.0000 F1:1.0000
--------------------------------------------------------------------

Epoch 131: Time: 0.0671 Cost: 0.0042 Pre: 1.0000 Re: 1.0000 Acc: 1.0000 F1: 1.0000
Epoch 132: Time: 0.0673 Cost: 0.0040 Pre: 1.0000 Re: 1.0000 Acc: 1.0000 F1: 1.0000
Epoch 133: Time: 0.0673 Cost: 0.0038 Pre: 1.0000 Re: 1.0000 Acc: 1.0000 F1: 1.0000
Epoch 134: Time: 0.0664 Cost: 0.0036 Pre: 1.0000 Re: 1.0000 Acc: 1.0000 F1: 1.0000
Epoch 135: Time: 0.0671 Cost: 0.0035 Pre: 1.0000 Re: 1.0000 Acc: 1.0000 F1: 1.0000
Epoch 136: Time: 0.0665 Cost: 0.0034 Pre: 1.0000 Re: 1.0000 Acc: 1.0000 F1: 1.0000
Epoch 137: Time: 0.0662 Cost: 0.0032 Pre: 1.0000 Re: 1.0000 Acc: 1.0000 F1: 1.0000
Epoch 138: Time: 0.0670 Cost: 0.0031 Pre: 1.0000 Re: 1.0000 Acc: 1.0000 F1: 1.0000
Epoch 139: Time: 0.0667 Cost: 0.0030 Pre: 1.0000 Re: 1.0000 Acc: 1.0000 F1: 1.0000
Epoch 140: Time: 0.0687 Cost: 0.0029 Pre: 1.0000 Re: 1.0000 Acc: 1.0000 F1: 1.0000


--------------------------------------------------------------------
Eval results: Cost:0.0021 Pre:1.0000 Re:1.0000 Acc:1.0000 F1:1.0000
--------------------------------------------------------------------

Epoch 141: Time: 0.0687 Cost: 0.0028 Pre: 1.0000 Re: 1.0000 Acc: 1.0000 F1: 1.0000
Epoch 142: Time: 0.0674 Cost: 0.0027 Pre: 1.0000 Re: 1.0000 Acc: 1.0000 F1: 1.0000
Epoch 143: Time: 0.0672 Cost: 0.0026 Pre: 1.0000 Re: 1.0000 Acc: 1.0000 F1: 1.0000
Epoch 144: Time: 0.0676 Cost: 0.0025 Pre: 1.0000 Re: 1.0000 Acc: 1.0000 F1: 1.0000
Epoch 145: Time: 0.0674 Cost: 0.0025 Pre: 1.0000 Re: 1.0000 Acc: 1.0000 F1: 1.0000
Epoch 146: Time: 0.0677 Cost: 0.0024 Pre: 1.0000 Re: 1.0000 Acc: 1.0000 F1: 1.0000
Epoch 147: Time: 0.0673 Cost: 0.0023 Pre: 1.0000 Re: 1.0000 Acc: 1.0000 F1: 1.0000
Epoch 148: Time: 0.0672 Cost: 0.0022 Pre: 1.0000 Re: 1.0000 Acc: 1.0000 F1: 1.0000
Epoch 149: Time: 0.0680 Cost: 0.0022 Pre: 1.0000 Re: 1.0000 Acc: 1.0000 F1: 1.0000
Epoch 150: Time: 0.0669 Cost: 0.0021 Pre: 1.0000 Re: 1.0000 Acc: 1.0000 F1: 1.0000


--------------------------------------------------------------------
Eval results: Cost:0.0016 Pre:1.0000 Re:1.0000 Acc:1.0000 F1:1.0000
--------------------------------------------------------------------

Epoch 151: Time: 0.0663 Cost: 0.0021 Pre: 1.0000 Re: 1.0000 Acc: 1.0000 F1: 1.0000
Epoch 152: Time: 0.0667 Cost: 0.0020 Pre: 1.0000 Re: 1.0000 Acc: 1.0000 F1: 1.0000
Epoch 153: Time: 0.0677 Cost: 0.0020 Pre: 1.0000 Re: 1.0000 Acc: 1.0000 F1: 1.0000
Epoch 154: Time: 0.0674 Cost: 0.0019 Pre: 1.0000 Re: 1.0000 Acc: 1.0000 F1: 1.0000
Epoch 155: Time: 0.0687 Cost: 0.0019 Pre: 1.0000 Re: 1.0000 Acc: 1.0000 F1: 1.0000
Epoch 156: Time: 0.0678 Cost: 0.0018 Pre: 1.0000 Re: 1.0000 Acc: 1.0000 F1: 1.0000
Epoch 157: Time: 0.0667 Cost: 0.0018 Pre: 1.0000 Re: 1.0000 Acc: 1.0000 F1: 1.0000
Epoch 158: Time: 0.0670 Cost: 0.0018 Pre: 1.0000 Re: 1.0000 Acc: 1.0000 F1: 1.0000
Epoch 159: Time: 0.0675 Cost: 0.0017 Pre: 1.0000 Re: 1.0000 Acc: 1.0000 F1: 1.0000
Epoch 160: Time: 0.0670 Cost: 0.0017 Pre: 1.0000 Re: 1.0000 Acc: 1.0000 F1: 1.0000


--------------------------------------------------------------------
Eval results: Cost:0.0013 Pre:1.0000 Re:1.0000 Acc:1.0000 F1:1.0000
--------------------------------------------------------------------

Early stopping...
--------------------------------------------------------------------
--------------------------------------------------------------------
Test 464 samples take time: 0.2164
Test results: Cost:0.0009 Pre:1.0000 Re:1.0000 Acc:1.0000 F1:1.0000
--------------------------------------------------------------------

