G:g2, model:MI tanh, load all data and stored hidden activations


--------------------------------------------------------------------
Begin DFA extraction with n_state:2
Done fitting takes time: 0.0455
==Minimized===

This DFA has 1 states
States: ['1']
Alphabet: set(['1', '0'])
Starting state: 1
Accepting states: []
Transition function:
	1
1 	1
0 	1
Current state: 1
Currently accepting: False

Precision: 0.0000 Recall: 0.0000 Accuracy: 0.9869 F1: 0.0000


--------------------------------------------------------------------
Begin DFA extraction with n_state:3
Done fitting takes time: 0.0578
==Minimized===

This DFA has 1 states
States: ['1']
Alphabet: set(['1', '0'])
Starting state: 1
Accepting states: []
Transition function:
	1
1 	1
0 	1
Current state: 1
Currently accepting: False

Precision: 0.0000 Recall: 0.0000 Accuracy: 0.9869 F1: 0.0000


--------------------------------------------------------------------
Begin DFA extraction with n_state:4
Done fitting takes time: 0.0852
==Minimized===

This DFA has 1 states
States: ['1']
Alphabet: set(['1', '0'])
Starting state: 1
Accepting states: []
Transition function:
	1
1 	1
0 	1
Current state: 1
Currently accepting: False

Precision: 0.0000 Recall: 0.0000 Accuracy: 0.9869 F1: 0.0000


--------------------------------------------------------------------
Begin DFA extraction with n_state:5
Done fitting takes time: 0.0863
==Minimized===

This DFA has 1 states
States: ['1']
Alphabet: set(['1', '0'])
Starting state: 1
Accepting states: []
Transition function:
	1
1 	1
0 	1
Current state: 1
Currently accepting: False

Precision: 0.0000 Recall: 0.0000 Accuracy: 0.9869 F1: 0.0000


--------------------------------------------------------------------
Begin DFA extraction with n_state:6
Done fitting takes time: 0.0322
==Minimized===

This DFA has 1 states
States: ['1']
Alphabet: set(['1', '0'])
Starting state: 1
Accepting states: []
Transition function:
	1
1 	1
0 	1
Current state: 1
Currently accepting: False

Precision: 0.0000 Recall: 0.0000 Accuracy: 0.9869 F1: 0.0000


--------------------------------------------------------------------
Begin DFA extraction with n_state:7
Done fitting takes time: 0.0695
==Minimized===

This DFA has 1 states
States: ['1']
Alphabet: set(['1', '0'])
Starting state: 1
Accepting states: []
Transition function:
	1
1 	1
0 	1
Current state: 1
Currently accepting: False

Precision: 0.0000 Recall: 0.0000 Accuracy: 0.9869 F1: 0.0000


--------------------------------------------------------------------
Begin DFA extraction with n_state:8
Done fitting takes time: 0.0820
==Minimized===

This DFA has 1 states
States: ['5']
Alphabet: set(['1', '0'])
Starting state: 5
Accepting states: []
Transition function:
	5
1 	5
0 	5
Current state: 5
Currently accepting: False

Precision: 0.0000 Recall: 0.0000 Accuracy: 0.9869 F1: 0.0000


--------------------------------------------------------------------
Begin DFA extraction with n_state:9
Done fitting takes time: 0.0654
==Minimized===

This DFA has 1 states
States: ['5']
Alphabet: set(['1', '0'])
Starting state: 5
Accepting states: []
Transition function:
	5
1 	5
0 	5
Current state: 5
Currently accepting: False

Precision: 0.0000 Recall: 0.0000 Accuracy: 0.9869 F1: 0.0000


--------------------------------------------------------------------
Begin DFA extraction with n_state:10
Done fitting takes time: 0.0965
==Minimized===

This DFA has 1 states
States: ['5']
Alphabet: set(['1', '0'])
Starting state: 5
Accepting states: []
Transition function:
	5
1 	5
0 	5
Current state: 5
Currently accepting: False

Precision: 0.0000 Recall: 0.0000 Accuracy: 0.9869 F1: 0.0000


--------------------------------------------------------------------
Begin DFA extraction with n_state:11
Done fitting takes time: 0.0413
==Minimized===

This DFA has 1 states
States: ['5']
Alphabet: set(['1', '0'])
Starting state: 5
Accepting states: []
Transition function:
	5
1 	5
0 	5
Current state: 5
Currently accepting: False

Precision: 0.0000 Recall: 0.0000 Accuracy: 0.9869 F1: 0.0000


--------------------------------------------------------------------
Begin DFA extraction with n_state:12
Done fitting takes time: 0.0358
==Minimized===

This DFA has 1 states
States: ['5']
Alphabet: set(['1', '0'])
Starting state: 5
Accepting states: []
Transition function:
	5
1 	5
0 	5
Current state: 5
Currently accepting: False

Precision: 0.0000 Recall: 0.0000 Accuracy: 0.9869 F1: 0.0000


--------------------------------------------------------------------
Begin DFA extraction with n_state:13
Done fitting takes time: 0.0396
==Minimized===

This DFA has 1 states
States: ['5']
Alphabet: set(['1', '0'])
Starting state: 5
Accepting states: []
Transition function:
	5
1 	5
0 	5
Current state: 5
Currently accepting: False

Precision: 0.0000 Recall: 0.0000 Accuracy: 0.9869 F1: 0.0000


--------------------------------------------------------------------
Begin DFA extraction with n_state:14
Done fitting takes time: 0.0855
==Minimized===

This DFA has 5 states
States: ['3', '11', '14', '10', '13']
Alphabet: set(['1', '0'])
Starting state: 14
Accepting states: ['3']
Transition function:
	10	11	13	14	3
1 	10	10	10	11	11
0 	10	3	14	13	11
Current state: 14
Currently accepting: False

Precision: 0.5000 Recall: 1.0000 Accuracy: 0.9869 F1: 0.6667


--------------------------------------------------------------------
Begin DFA extraction with n_state:15
Done fitting takes time: 0.0952
==Minimized===

This DFA has 5 states
States: ['3', '11', '14', '10', '13']
Alphabet: set(['1', '0'])
Starting state: 14
Accepting states: ['3']
Transition function:
	10	11	13	14	3
1 	10	10	10	11	11
0 	10	3	14	13	11
Current state: 14
Currently accepting: False

Precision: 0.5000 Recall: 1.0000 Accuracy: 0.9869 F1: 0.6667


--------------------------------------------------------------------
Begin DFA extraction with n_state:16
Done fitting takes time: 0.1043
==Minimized===

This DFA has 5 states
States: ['3', '11', '14', '10', '13']
Alphabet: set(['1', '0'])
Starting state: 14
Accepting states: ['3']
Transition function:
	10	11	13	14	3
1 	10	10	10	11	11
0 	10	3	14	13	13
Current state: 14
Currently accepting: False

Precision: 0.6667 Recall: 1.0000 Accuracy: 0.9934 F1: 0.8000


--------------------------------------------------------------------
Begin DFA extraction with n_state:17
Done fitting takes time: 0.0618
==Minimized===

This DFA has 6 states
States: ['3', '11', '14', '13', '10', '12']
Alphabet: set(['1', '0'])
Starting state: 14
Accepting states: ['3']
Transition function:
	10	11	12	13	14	3
1 	10	12	10	10	11	11
0 	10	3	13	14	13	13
Current state: 14
Currently accepting: False

Precision: 0.6000 Recall: 1.0000 Accuracy: 0.9913 F1: 0.7500


--------------------------------------------------------------------
Begin DFA extraction with n_state:18
Done fitting takes time: 0.0457
==Minimized===

This DFA has 5 states
States: ['3', '11', '14', '10', '13']
Alphabet: set(['1', '0'])
Starting state: 14
Accepting states: ['3']
Transition function:
	10	11	13	14	3
1 	10	10	10	11	11
0 	10	3	14	13	11
Current state: 14
Currently accepting: False

Precision: 0.5000 Recall: 1.0000 Accuracy: 0.9869 F1: 0.6667


--------------------------------------------------------------------
Begin DFA extraction with n_state:19
Done fitting takes time: 0.0463
==Minimized===

This DFA has 6 states
States: ['3', '11', '14', '13', '10', '12']
Alphabet: set(['1', '0'])
Starting state: 14
Accepting states: ['3']
Transition function:
	10	11	12	13	14	3
1 	10	12	10	10	11	11
0 	10	3	13	14	13	13
Current state: 14
Currently accepting: False

Precision: 0.6000 Recall: 1.0000 Accuracy: 0.9913 F1: 0.7500
[ 0.          0.          0.          0.          0.          0.          0.
  0.          0.          0.          0.          0.          0.66666667
  0.66666667  0.8         0.75        0.66666667  0.75      ]


[[ 0.          0.          0.          0.          0.          0.8         1.
   1.          1.          1.          1.          1.          1.          1.
   1.          1.          1.          1.        ]
 [ 0.          0.          0.          0.          0.          0.          0.
   0.          0.          0.21052632  0.          0.          0.28571429
   0.28571429  0.26666667  0.26666667  0.75        0.28571429]
 [ 0.          0.          0.          0.          0.          1.          1.
   1.          1.          1.          1.          1.          1.          1.
   1.          1.          1.          1.        ]
 [ 0.          0.          0.          1.          1.          1.          1.
   1.          1.          1.          1.          1.          1.          1.
   1.          1.          1.          1.        ]
 [ 0.05263158  0.          0.          0.          0.85714286  1.          1.
   1.          1.          1.          1.          1.          1.          1.
   1.          1.          1.          1.        ]
 [ 0.          0.          0.85714286  0.          1.          0.          1.
   1.          1.          1.          1.          1.          1.          1.
   1.          1.          1.          1.        ]
 [ 0.          0.          0.          0.          0.          0.          0.
   0.          0.          0.          0.          0.          0.66666667
   0.66666667  0.8         0.75        0.66666667  0.75      ]
 [ 0.          0.          0.          0.          0.          0.          0.
   0.          0.          0.          0.          0.          0.          0.
   0.          0.          0.          0.        ]
 [ 0.          0.          0.          0.          0.          0.          0.
   0.          0.          0.          0.          0.          0.          0.
   0.          0.          0.          0.        ]]
