G:g2, model:MI tanh, load all data and stored hidden activations


--------------------------------------------------------------------
Begin DFA extraction with n_state:2
Done fitting takes time: 0.0292
==Minimized===

This DFA has 2 states
States: ['1', '2']
Alphabet: set(['1', '0'])
Starting state: 2
Accepting states: ['1']
Transition function:
	1	2
1 	2	2
0 	1	1
Current state: 2
Currently accepting: False

Precision: 0.0270 Recall: 1.0000 Accuracy: 0.5284 F1: 0.0526


--------------------------------------------------------------------
Begin DFA extraction with n_state:3
Done fitting takes time: 0.0281
==Minimized===

This DFA has 1 states
States: ['1']
Alphabet: set(['1', '0'])
Starting state: 1
Accepting states: ['1']
Transition function:
	1
1 	1
0 	1
Current state: 1
Currently accepting: True

Precision: 0.0131 Recall: 1.0000 Accuracy: 0.0131 F1: 0.0259


--------------------------------------------------------------------
Begin DFA extraction with n_state:4
Done fitting takes time: 0.0819
==Minimized===

This DFA has 1 states
States: ['1']
Alphabet: set(['1', '0'])
Starting state: 1
Accepting states: []
Transition function:
	1
1 	1
0 	1
Current state: 1
Currently accepting: False

Precision: 0.0000 Recall: 0.0000 Accuracy: 0.9869 F1: 0.0000


--------------------------------------------------------------------
Begin DFA extraction with n_state:5
Done fitting takes time: 0.0656
==Minimized===

This DFA has 1 states
States: ['1']
Alphabet: set(['1', '0'])
Starting state: 1
Accepting states: []
Transition function:
	1
1 	1
0 	1
Current state: 1
Currently accepting: False

Precision: 0.0000 Recall: 0.0000 Accuracy: 0.9869 F1: 0.0000


--------------------------------------------------------------------
Begin DFA extraction with n_state:6
Done fitting takes time: 0.0351
==Minimized===

This DFA has 1 states
States: ['1']
Alphabet: set(['1', '0'])
Starting state: 1
Accepting states: []
Transition function:
	1
1 	1
0 	1
Current state: 1
Currently accepting: False

Precision: 0.0000 Recall: 0.0000 Accuracy: 0.9869 F1: 0.0000


--------------------------------------------------------------------
Begin DFA extraction with n_state:7
Done fitting takes time: 0.0794
==Minimized===

This DFA has 1 states
States: ['1']
Alphabet: set(['1', '0'])
Starting state: 1
Accepting states: []
Transition function:
	1
1 	1
0 	1
Current state: 1
Currently accepting: False

Precision: 0.0000 Recall: 0.0000 Accuracy: 0.9869 F1: 0.0000


--------------------------------------------------------------------
Begin DFA extraction with n_state:8
Done fitting takes time: 0.0706
==Minimized===

This DFA has 1 states
States: ['1']
Alphabet: set(['1', '0'])
Starting state: 1
Accepting states: []
Transition function:
	1
1 	1
0 	1
Current state: 1
Currently accepting: False

Precision: 0.0000 Recall: 0.0000 Accuracy: 0.9869 F1: 0.0000


--------------------------------------------------------------------
Begin DFA extraction with n_state:9
Done fitting takes time: 0.0399
==Minimized===

This DFA has 1 states
States: ['1']
Alphabet: set(['1', '0'])
Starting state: 1
Accepting states: []
Transition function:
	1
1 	1
0 	1
Current state: 1
Currently accepting: False

Precision: 0.0000 Recall: 0.0000 Accuracy: 0.9869 F1: 0.0000


--------------------------------------------------------------------
Begin DFA extraction with n_state:10
Done fitting takes time: 0.0398
==Minimized===

This DFA has 1 states
States: ['10']
Alphabet: set(['1', '0'])
Starting state: 10
Accepting states: []
Transition function:
	10
1 	10
0 	10
Current state: 10
Currently accepting: False

Precision: 0.0000 Recall: 0.0000 Accuracy: 0.9869 F1: 0.0000


--------------------------------------------------------------------
Begin DFA extraction with n_state:11
Done fitting takes time: 0.0434
==Minimized===

This DFA has 1 states
States: ['11']
Alphabet: set(['1', '0'])
Starting state: 11
Accepting states: []
Transition function:
	11
1 	11
0 	11
Current state: 11
Currently accepting: False

Precision: 0.0000 Recall: 0.0000 Accuracy: 0.9869 F1: 0.0000


--------------------------------------------------------------------
Begin DFA extraction with n_state:12
Done fitting takes time: 0.1133
==Minimized===

This DFA has 1 states
States: ['11']
Alphabet: set(['1', '0'])
Starting state: 11
Accepting states: []
Transition function:
	11
1 	11
0 	11
Current state: 11
Currently accepting: False

Precision: 0.0000 Recall: 0.0000 Accuracy: 0.9869 F1: 0.0000


--------------------------------------------------------------------
Begin DFA extraction with n_state:13
Done fitting takes time: 0.0414
==Minimized===

This DFA has 1 states
States: ['11']
Alphabet: set(['1', '0'])
Starting state: 11
Accepting states: []
Transition function:
	11
1 	11
0 	11
Current state: 11
Currently accepting: False

Precision: 0.0000 Recall: 0.0000 Accuracy: 0.9869 F1: 0.0000


--------------------------------------------------------------------
Begin DFA extraction with n_state:14
Done fitting takes time: 0.1438
==Minimized===

This DFA has 1 states
States: ['11']
Alphabet: set(['1', '0'])
Starting state: 11
Accepting states: []
Transition function:
	11
1 	11
0 	11
Current state: 11
Currently accepting: False

Precision: 0.0000 Recall: 0.0000 Accuracy: 0.9869 F1: 0.0000


--------------------------------------------------------------------
Begin DFA extraction with n_state:15
Done fitting takes time: 0.1155
==Minimized===

This DFA has 4 states
States: ['1', '13', '11', '14']
Alphabet: set(['1', '0'])
Starting state: 14
Accepting states: ['1']
Transition function:
	1	11	13	14
1 	13	11	11	13
0 	13	11	1	11
Current state: 14
Currently accepting: False

Precision: 0.6000 Recall: 1.0000 Accuracy: 0.9913 F1: 0.7500


--------------------------------------------------------------------
Begin DFA extraction with n_state:16
Done fitting takes time: 0.0420
==Minimized===

This DFA has 5 states
States: ['6', '13', '14', '11', '3']
Alphabet: set(['1', '0'])
Starting state: 14
Accepting states: ['6']
Transition function:
	11	13	14	3	6
1 	11	11	13	14	3
0 	11	6	11	14	3
Current state: 14
Currently accepting: False

Precision: 0.6000 Recall: 0.5000 Accuracy: 0.9891 F1: 0.5455


--------------------------------------------------------------------
Begin DFA extraction with n_state:17
Done fitting takes time: 0.1133
==Minimized===

This DFA has 4 states
States: ['6', '15', '11', '14']
Alphabet: set(['1', '0'])
Starting state: 14
Accepting states: ['6']
Transition function:
	11	14	15	6
1 	11	15	11	11
0 	11	11	6	11
Current state: 14
Currently accepting: False

Precision: 1.0000 Recall: 0.1667 Accuracy: 0.9891 F1: 0.2857


--------------------------------------------------------------------
Begin DFA extraction with n_state:18
Done fitting takes time: 0.0450
==Minimized===

This DFA has 4 states
States: ['1', '13', '11', '14']
Alphabet: set(['1', '0'])
Starting state: 14
Accepting states: ['1']
Transition function:
	1	11	13	14
1 	13	11	11	13
0 	13	11	1	11
Current state: 14
Currently accepting: False

Precision: 0.6000 Recall: 1.0000 Accuracy: 0.9913 F1: 0.7500


--------------------------------------------------------------------
Begin DFA extraction with n_state:19
Done fitting takes time: 0.1451
==Minimized===

This DFA has 4 states
States: ['6', '15', '11', '14']
Alphabet: set(['1', '0'])
Starting state: 14
Accepting states: ['6']
Transition function:
	11	14	15	6
1 	11	15	11	15
0 	11	11	6	15
Current state: 14
Currently accepting: False

Precision: 0.6000 Recall: 1.0000 Accuracy: 0.9913 F1: 0.7500
[ 0.05263158  0.02586207  0.          0.          0.          0.          0.
  0.          0.          0.          0.          0.          0.          0.75
  0.54545455  0.28571429  0.75        0.75      ]


[[ 0.          0.          0.          0.          0.8         1.          1.
   1.          1.          1.          1.          1.          1.          1.
   1.          1.          1.          1.        ]
 [ 0.          0.          0.          0.          0.          0.          0.
   0.          0.          0.27586207  0.          0.          0.          0.625
   0.          0.          0.          0.        ]
 [ 0.05263158  0.          0.          0.          1.          1.          1.
   1.          1.          1.          1.          1.          1.          1.
   1.          1.          1.          1.        ]
 [ 0.          0.          0.          0.          1.          1.          1.
   1.          1.          1.          1.          1.          1.          1.
   1.          1.          1.          1.        ]
 [ 0.05263158  0.05263158  0.          0.85714286  0.85714286  0.
   0.85714286  0.85714286  0.85714286  1.          1.          1.          1.
   1.          1.          1.          1.          1.        ]
 [ 0.          0.          0.85714286  0.          0.70588235  0.          1.
   1.          1.          1.          1.          1.          1.          1.
   1.          1.          1.          1.        ]
 [ 0.05263158  0.02586207  0.          0.          0.          0.          0.
   0.          0.          0.          0.          0.          0.          0.75
   0.54545455  0.28571429  0.75        0.75      ]
 [ 0.          0.          0.          0.          0.          0.          0.
   0.          0.          0.          0.          0.          0.          0.
   0.          0.          0.          0.        ]
 [ 0.          0.          0.          0.          0.          0.          0.
   0.          0.          0.          0.          0.          0.          0.
   0.          0.          0.          0.        ]]
