G:g2, model:UNI sigmoid, load all data and stored hidden activations


--------------------------------------------------------------------
Begin DFA extraction with n_state:2
Done fitting takes time: 0.0443
==Minimized===

This DFA has 2 states
States: ['1', '2']
Alphabet: set(['1', '0'])
Starting state: 1
Accepting states: ['1']
Transition function:
	1	2
1 	2	2
0 	1	1
Current state: 1
Currently accepting: True

Precision: 0.0270 Recall: 1.0000 Accuracy: 0.5284 F1: 0.0526


--------------------------------------------------------------------
Begin DFA extraction with n_state:3
Done fitting takes time: 0.0591
==Minimized===

This DFA has 1 states
States: ['1']
Alphabet: set(['1', '0'])
Starting state: 1
Accepting states: []
Transition function:
	1
1 	1
0 	1
Current state: 1
Currently accepting: False

Precision: 0.0000 Recall: 0.0000 Accuracy: 0.9869 F1: 0.0000


--------------------------------------------------------------------
Begin DFA extraction with n_state:4
Done fitting takes time: 0.0544
==Minimized===

This DFA has 1 states
States: ['1']
Alphabet: set(['1', '0'])
Starting state: 1
Accepting states: []
Transition function:
	1
1 	1
0 	1
Current state: 1
Currently accepting: False

Precision: 0.0000 Recall: 0.0000 Accuracy: 0.9869 F1: 0.0000


--------------------------------------------------------------------
Begin DFA extraction with n_state:5
Done fitting takes time: 0.0516
==Minimized===

This DFA has 1 states
States: ['1']
Alphabet: set(['1', '0'])
Starting state: 1
Accepting states: []
Transition function:
	1
1 	1
0 	1
Current state: 1
Currently accepting: False

Precision: 0.0000 Recall: 0.0000 Accuracy: 0.9869 F1: 0.0000


--------------------------------------------------------------------
Begin DFA extraction with n_state:6
Done fitting takes time: 0.0543
==Minimized===

This DFA has 1 states
States: ['1']
Alphabet: set(['1', '0'])
Starting state: 1
Accepting states: []
Transition function:
	1
1 	1
0 	1
Current state: 1
Currently accepting: False

Precision: 0.0000 Recall: 0.0000 Accuracy: 0.9869 F1: 0.0000


--------------------------------------------------------------------
Begin DFA extraction with n_state:7
Done fitting takes time: 0.0578
==Minimized===

This DFA has 4 states
States: ['4', '3', '1', '5']
Alphabet: set(['1', '0'])
Starting state: 5
Accepting states: ['4']
Transition function:
	1	3	4	5
1 	1	5	3	3
0 	1	4	1	1
Current state: 5
Currently accepting: False

Precision: 0.7500 Recall: 1.0000 Accuracy: 0.9956 F1: 0.8571


--------------------------------------------------------------------
Begin DFA extraction with n_state:8
Done fitting takes time: 0.0598
==Minimized===

This DFA has 4 states
States: ['4', '3', '1', '5']
Alphabet: set(['1', '0'])
Starting state: 5
Accepting states: ['4']
Transition function:
	1	3	4	5
1 	1	5	3	3
0 	1	4	1	1
Current state: 5
Currently accepting: False

Precision: 0.7500 Recall: 1.0000 Accuracy: 0.9956 F1: 0.8571


--------------------------------------------------------------------
Begin DFA extraction with n_state:9
Done fitting takes time: 0.0575
==Minimized===

This DFA has 4 states
States: ['4', '3', '1', '5']
Alphabet: set(['1', '0'])
Starting state: 5
Accepting states: ['4']
Transition function:
	1	3	4	5
1 	1	1	3	3
0 	1	4	1	1
Current state: 5
Currently accepting: False

Precision: 1.0000 Recall: 1.0000 Accuracy: 1.0000 F1: 1.0000


--------------------------------------------------------------------
Begin DFA extraction with n_state:10
Done fitting takes time: 0.0446
==Minimized===

This DFA has 4 states
States: ['4', '10', '1', '5']
Alphabet: set(['1', '0'])
Starting state: 5
Accepting states: ['4']
Transition function:
	1	10	4	5
1 	1	1	10	10
0 	1	4	1	1
Current state: 5
Currently accepting: False

Precision: 1.0000 Recall: 1.0000 Accuracy: 1.0000 F1: 1.0000


--------------------------------------------------------------------
Begin DFA extraction with n_state:11
Done fitting takes time: 0.1049
==Minimized===

This DFA has 4 states
States: ['4', '10', '11', '5']
Alphabet: set(['1', '0'])
Starting state: 5
Accepting states: ['4']
Transition function:
	10	11	4	5
1 	11	11	10	10
0 	4	11	11	11
Current state: 5
Currently accepting: False

Precision: 1.0000 Recall: 1.0000 Accuracy: 1.0000 F1: 1.0000


--------------------------------------------------------------------
Begin DFA extraction with n_state:12
Done fitting takes time: 0.0396
==Minimized===

This DFA has 4 states
States: ['4', '10', '11', '5']
Alphabet: set(['1', '0'])
Starting state: 5
Accepting states: ['4']
Transition function:
	10	11	4	5
1 	11	11	10	10
0 	4	11	11	11
Current state: 5
Currently accepting: False

Precision: 1.0000 Recall: 1.0000 Accuracy: 1.0000 F1: 1.0000


--------------------------------------------------------------------
Begin DFA extraction with n_state:13
Done fitting takes time: 0.1362
==Minimized===

This DFA has 4 states
States: ['4', '10', '11', '5']
Alphabet: set(['1', '0'])
Starting state: 5
Accepting states: ['4']
Transition function:
	10	11	4	5
1 	11	11	10	10
0 	4	11	11	11
Current state: 5
Currently accepting: False

Precision: 1.0000 Recall: 1.0000 Accuracy: 1.0000 F1: 1.0000


--------------------------------------------------------------------
Begin DFA extraction with n_state:14
Done fitting takes time: 0.0942
==Minimized===

This DFA has 4 states
States: ['4', '10', '11', '5']
Alphabet: set(['1', '0'])
Starting state: 5
Accepting states: ['4']
Transition function:
	10	11	4	5
1 	11	11	10	10
0 	4	11	11	11
Current state: 5
Currently accepting: False

Precision: 1.0000 Recall: 1.0000 Accuracy: 1.0000 F1: 1.0000


--------------------------------------------------------------------
Begin DFA extraction with n_state:15
Done fitting takes time: 0.0537
==Minimized===

This DFA has 4 states
States: ['4', '10', '11', '5']
Alphabet: set(['1', '0'])
Starting state: 5
Accepting states: ['4']
Transition function:
	10	11	4	5
1 	11	11	10	10
0 	4	11	11	11
Current state: 5
Currently accepting: False

Precision: 1.0000 Recall: 1.0000 Accuracy: 1.0000 F1: 1.0000


--------------------------------------------------------------------
Begin DFA extraction with n_state:16
Done fitting takes time: 0.0910
==Minimized===

This DFA has 4 states
States: ['4', '10', '11', '5']
Alphabet: set(['1', '0'])
Starting state: 5
Accepting states: ['4']
Transition function:
	10	11	4	5
1 	11	11	10	10
0 	4	11	11	11
Current state: 5
Currently accepting: False

Precision: 1.0000 Recall: 1.0000 Accuracy: 1.0000 F1: 1.0000


--------------------------------------------------------------------
Begin DFA extraction with n_state:17
Done fitting takes time: 0.0513
==Minimized===

This DFA has 4 states
States: ['4', '10', '11', '5']
Alphabet: set(['1', '0'])
Starting state: 5
Accepting states: ['4']
Transition function:
	10	11	4	5
1 	11	11	10	10
0 	4	11	11	11
Current state: 5
Currently accepting: False

Precision: 1.0000 Recall: 1.0000 Accuracy: 1.0000 F1: 1.0000


--------------------------------------------------------------------
Begin DFA extraction with n_state:18
Done fitting takes time: 0.1114
==Minimized===

This DFA has 4 states
States: ['4', '10', '11', '5']
Alphabet: set(['1', '0'])
Starting state: 5
Accepting states: ['4']
Transition function:
	10	11	4	5
1 	11	11	10	10
0 	4	11	11	11
Current state: 5
Currently accepting: False

Precision: 1.0000 Recall: 1.0000 Accuracy: 1.0000 F1: 1.0000


--------------------------------------------------------------------
Begin DFA extraction with n_state:19
Done fitting takes time: 0.0526
==Minimized===

This DFA has 4 states
States: ['4', '10', '11', '5']
Alphabet: set(['1', '0'])
Starting state: 5
Accepting states: ['4']
Transition function:
	10	11	4	5
1 	11	11	10	10
0 	4	11	11	11
Current state: 5
Currently accepting: False

Precision: 1.0000 Recall: 1.0000 Accuracy: 1.0000 F1: 1.0000
[ 0.05263158  0.          0.          0.          0.          0.85714286
  0.85714286  1.          1.          1.          1.          1.          1.
  1.          1.          1.          1.          1.        ]


[[ 0.          0.          0.          0.          0.          0.          0.75
   0.8         0.75        0.75        1.          1.          1.          1.
   1.          1.          1.          1.        ]
 [ 0.          0.          0.          0.          0.          0.          0.
   0.          0.          0.          0.          0.          0.06382979
   0.05660377  0.          0.          0.          0.        ]
 [ 0.          0.          0.          0.          0.          0.          0.
   0.          0.          0.          0.          0.          0.          0.
   0.          0.          0.          0.        ]
 [ 0.          0.          0.          0.          0.          0.          0.
   0.          0.          0.          0.          0.          0.          0.
   0.          0.          0.          0.        ]
 [ 0.05263158  0.          0.          0.          0.          0.85714286
   0.85714286  1.          1.          1.          1.          1.          1.
   1.          1.          1.          1.          1.        ]
 [ 0.          0.          0.          0.          0.          0.          0.
   0.          0.          0.          0.          0.          0.          0.
   0.          0.          0.          0.        ]
 [ 0.          0.          0.          0.          0.          0.          0.
   0.          0.          0.          0.          0.          0.          0.
   0.          0.          0.          0.        ]
 [ 0.          0.          0.          0.          0.          0.          0.
   0.          0.          0.          0.          0.          0.          0.
   0.          0.          0.          0.        ]
 [ 0.          0.          0.          0.          0.          0.          0.
   0.          0.          0.          0.          0.          0.          0.
   0.          0.          0.          0.        ]]
