G:g2, model:UNI sigmoid, load all data and stored hidden activations


--------------------------------------------------------------------
Begin DFA extraction with n_state:2
Done fitting takes time: 0.0314
==Minimized===

This DFA has 2 states
States: ['1', '2']
Alphabet: set(['1', '0'])
Starting state: 1
Accepting states: ['1']
Transition function:
	1	2
1 	2	2
0 	1	1
Current state: 1
Currently accepting: True

Precision: 0.0270 Recall: 1.0000 Accuracy: 0.5284 F1: 0.0526


--------------------------------------------------------------------
Begin DFA extraction with n_state:3
Done fitting takes time: 0.0260
==Minimized===

This DFA has 2 states
States: ['1', '2']
Alphabet: set(['1', '0'])
Starting state: 2
Accepting states: ['1']
Transition function:
	1	2
1 	2	2
0 	1	1
Current state: 2
Currently accepting: False

Precision: 0.0270 Recall: 1.0000 Accuracy: 0.5284 F1: 0.0526


--------------------------------------------------------------------
Begin DFA extraction with n_state:4
Done fitting takes time: 0.0308
==Minimized===

This DFA has 2 states
States: ['1', '4']
Alphabet: set(['1', '0'])
Starting state: 4
Accepting states: ['1']
Transition function:
	1	4
1 	4	4
0 	1	1
Current state: 4
Currently accepting: False

Precision: 0.0270 Recall: 1.0000 Accuracy: 0.5284 F1: 0.0526


--------------------------------------------------------------------
Begin DFA extraction with n_state:5
Done fitting takes time: 0.1554
==Minimized===

This DFA has 1 states
States: ['5']
Alphabet: set(['1', '0'])
Starting state: 5
Accepting states: []
Transition function:
	5
1 	5
0 	5
Current state: 5
Currently accepting: False

Precision: 0.0000 Recall: 0.0000 Accuracy: 0.9869 F1: 0.0000


--------------------------------------------------------------------
Begin DFA extraction with n_state:6
Done fitting takes time: 0.0322
==Minimized===

This DFA has 4 states
States: ['6', '3', '1', '5']
Alphabet: set(['1', '0'])
Starting state: 5
Accepting states: ['6']
Transition function:
	1	3	5	6
1 	1	1	3	3
0 	1	6	1	1
Current state: 5
Currently accepting: False

Precision: 1.0000 Recall: 1.0000 Accuracy: 1.0000 F1: 1.0000


--------------------------------------------------------------------
Begin DFA extraction with n_state:7
Done fitting takes time: 0.0375
==Minimized===

This DFA has 4 states
States: ['6', '3', '2', '5']
Alphabet: set(['1', '0'])
Starting state: 5
Accepting states: ['6']
Transition function:
	2	3	5	6
1 	2	2	3	3
0 	2	6	2	2
Current state: 5
Currently accepting: False

Precision: 1.0000 Recall: 1.0000 Accuracy: 1.0000 F1: 1.0000


--------------------------------------------------------------------
Begin DFA extraction with n_state:8
Done fitting takes time: 0.0409
==Minimized===

This DFA has 4 states
States: ['6', '3', '1', '5']
Alphabet: set(['1', '0'])
Starting state: 5
Accepting states: ['6']
Transition function:
	1	3	5	6
1 	1	1	3	3
0 	1	6	1	1
Current state: 5
Currently accepting: False

Precision: 1.0000 Recall: 1.0000 Accuracy: 1.0000 F1: 1.0000


--------------------------------------------------------------------
Begin DFA extraction with n_state:9
Done fitting takes time: 0.0428
==Minimized===

This DFA has 4 states
States: ['6', '3', '1', '5']
Alphabet: set(['1', '0'])
Starting state: 5
Accepting states: ['6']
Transition function:
	1	3	5	6
1 	1	1	3	3
0 	1	6	1	1
Current state: 5
Currently accepting: False

Precision: 1.0000 Recall: 1.0000 Accuracy: 1.0000 F1: 1.0000


--------------------------------------------------------------------
Begin DFA extraction with n_state:10
Done fitting takes time: 0.0385
==Minimized===

This DFA has 4 states
States: ['6', '3', '10', '5']
Alphabet: set(['1', '0'])
Starting state: 5
Accepting states: ['6']
Transition function:
	10	3	5	6
1 	10	10	3	3
0 	10	6	10	10
Current state: 5
Currently accepting: False

Precision: 1.0000 Recall: 1.0000 Accuracy: 1.0000 F1: 1.0000


--------------------------------------------------------------------
Begin DFA extraction with n_state:11
Done fitting takes time: 0.0439
==Minimized===

This DFA has 4 states
States: ['6', '11', '10', '5']
Alphabet: set(['1', '0'])
Starting state: 5
Accepting states: ['6']
Transition function:
	10	11	5	6
1 	10	10	11	11
0 	10	6	10	10
Current state: 5
Currently accepting: False

Precision: 1.0000 Recall: 1.0000 Accuracy: 1.0000 F1: 1.0000


--------------------------------------------------------------------
Begin DFA extraction with n_state:12
Done fitting takes time: 0.0572
==Minimized===

This DFA has 4 states
States: ['6', '11', '10', '5']
Alphabet: set(['1', '0'])
Starting state: 5
Accepting states: ['6']
Transition function:
	10	11	5	6
1 	10	10	11	11
0 	10	6	10	10
Current state: 5
Currently accepting: False

Precision: 1.0000 Recall: 1.0000 Accuracy: 1.0000 F1: 1.0000


--------------------------------------------------------------------
Begin DFA extraction with n_state:13
Done fitting takes time: 0.0475
==Minimized===

This DFA has 4 states
States: ['6', '11', '10', '5']
Alphabet: set(['1', '0'])
Starting state: 5
Accepting states: ['6']
Transition function:
	10	11	5	6
1 	10	10	11	11
0 	10	6	10	10
Current state: 5
Currently accepting: False

Precision: 1.0000 Recall: 1.0000 Accuracy: 1.0000 F1: 1.0000


--------------------------------------------------------------------
Begin DFA extraction with n_state:14
Done fitting takes time: 0.1062
==Minimized===

This DFA has 4 states
States: ['6', '11', '10', '5']
Alphabet: set(['1', '0'])
Starting state: 5
Accepting states: ['6']
Transition function:
	10	11	5	6
1 	10	10	11	11
0 	10	6	10	10
Current state: 5
Currently accepting: False

Precision: 1.0000 Recall: 1.0000 Accuracy: 1.0000 F1: 1.0000


--------------------------------------------------------------------
Begin DFA extraction with n_state:15
Done fitting takes time: 0.0720
==Minimized===

This DFA has 4 states
States: ['6', '11', '10', '5']
Alphabet: set(['1', '0'])
Starting state: 5
Accepting states: ['6']
Transition function:
	10	11	5	6
1 	10	10	11	11
0 	10	6	10	10
Current state: 5
Currently accepting: False

Precision: 1.0000 Recall: 1.0000 Accuracy: 1.0000 F1: 1.0000


--------------------------------------------------------------------
Begin DFA extraction with n_state:16
Done fitting takes time: 0.1305
==Minimized===

This DFA has 4 states
States: ['6', '11', '10', '5']
Alphabet: set(['1', '0'])
Starting state: 5
Accepting states: ['6']
Transition function:
	10	11	5	6
1 	10	10	11	11
0 	10	6	10	10
Current state: 5
Currently accepting: False

Precision: 1.0000 Recall: 1.0000 Accuracy: 1.0000 F1: 1.0000


--------------------------------------------------------------------
Begin DFA extraction with n_state:17
Done fitting takes time: 0.1287
==Minimized===

This DFA has 4 states
States: ['6', '11', '10', '5']
Alphabet: set(['1', '0'])
Starting state: 5
Accepting states: ['6']
Transition function:
	10	11	5	6
1 	10	10	11	11
0 	10	6	10	10
Current state: 5
Currently accepting: False

Precision: 1.0000 Recall: 1.0000 Accuracy: 1.0000 F1: 1.0000


--------------------------------------------------------------------
Begin DFA extraction with n_state:18
Done fitting takes time: 0.1592
==Minimized===

This DFA has 4 states
States: ['6', '11', '10', '5']
Alphabet: set(['1', '0'])
Starting state: 5
Accepting states: ['6']
Transition function:
	10	11	5	6
1 	10	10	11	11
0 	10	6	10	10
Current state: 5
Currently accepting: False

Precision: 1.0000 Recall: 1.0000 Accuracy: 1.0000 F1: 1.0000


--------------------------------------------------------------------
Begin DFA extraction with n_state:19
Done fitting takes time: 0.1604
==Minimized===

This DFA has 4 states
States: ['6', '11', '10', '5']
Alphabet: set(['1', '0'])
Starting state: 5
Accepting states: ['6']
Transition function:
	10	11	5	6
1 	10	10	11	11
0 	10	6	10	10
Current state: 5
Currently accepting: False

Precision: 1.0000 Recall: 1.0000 Accuracy: 1.0000 F1: 1.0000
[ 0.05263158  0.05263158  0.05263158  0.          1.          1.          1.
  1.          1.          1.          1.          1.          1.          1.
  1.          1.          1.          1.        ]


[[ 0.          0.          0.          0.          0.          0.8         0.8
   1.          1.          1.          1.          1.          1.          1.
   1.          1.          1.          1.        ]
 [ 0.          0.          0.          0.          0.          0.          0.
   0.          0.          0.          0.          0.          0.          0.
   0.          0.          0.          0.        ]
 [ 0.          0.          0.          0.          0.          0.          0.
   0.          0.          0.          0.          0.          0.          0.
   0.          0.          0.          0.        ]
 [ 0.          0.          0.          0.          0.          0.          0.
   0.          0.          0.          0.          0.          0.          0.
   0.          0.          0.          0.        ]
 [ 0.05263158  0.05263158  0.05263158  0.          1.          1.          1.
   1.          1.          1.          1.          1.          1.          1.
   1.          1.          1.          1.        ]
 [ 0.          0.          0.          0.          0.          0.          0.
   0.          0.          0.          0.          0.          0.          0.
   0.          0.          0.          0.        ]
 [ 0.          0.          0.          0.          0.          0.          0.
   0.          0.          0.          0.          0.          0.          0.
   0.          0.          0.          0.        ]
 [ 0.          0.          0.          0.          0.          0.          0.
   0.          0.          0.          0.          0.          0.          0.
   0.          0.          0.          0.        ]
 [ 0.          0.          0.          0.          0.          0.          0.
   0.          0.          0.          0.          0.          0.          0.
   0.          0.          0.          0.        ]]
