G:g2, model:UNI sigmoid, load all data and stored hidden activations


--------------------------------------------------------------------
Begin DFA extraction with n_state:2
Done fitting takes time: 0.0348
==Minimized===

This DFA has 2 states
States: ['1', '2']
Alphabet: set(['1', '0'])
Starting state: 2
Accepting states: ['1']
Transition function:
	1	2
1 	2	2
0 	1	1
Current state: 2
Currently accepting: False

Precision: 0.0270 Recall: 1.0000 Accuracy: 0.5284 F1: 0.0526


--------------------------------------------------------------------
Begin DFA extraction with n_state:3
Done fitting takes time: 0.0269
==Minimized===

This DFA has 2 states
States: ['1', '2']
Alphabet: set(['1', '0'])
Starting state: 2
Accepting states: ['1']
Transition function:
	1	2
1 	2	2
0 	1	1
Current state: 2
Currently accepting: False

Precision: 0.0270 Recall: 1.0000 Accuracy: 0.5284 F1: 0.0526


--------------------------------------------------------------------
Begin DFA extraction with n_state:4
Done fitting takes time: 0.0324
==Minimized===

This DFA has 1 states
States: ['1']
Alphabet: set(['1', '0'])
Starting state: 1
Accepting states: []
Transition function:
	1
1 	1
0 	1
Current state: 1
Currently accepting: False

Precision: 0.0000 Recall: 0.0000 Accuracy: 0.9869 F1: 0.0000


--------------------------------------------------------------------
Begin DFA extraction with n_state:5
Done fitting takes time: 0.0345
==Minimized===

This DFA has 4 states
States: ['4', '3', '1', '2']
Alphabet: set(['1', '0'])
Starting state: 2
Accepting states: ['4']
Transition function:
	1	2	3	4
1 	1	3	2	3
0 	1	1	4	1
Current state: 2
Currently accepting: False

Precision: 0.7500 Recall: 1.0000 Accuracy: 0.9956 F1: 0.8571


--------------------------------------------------------------------
Begin DFA extraction with n_state:6
Done fitting takes time: 0.1717
==Minimized===

This DFA has 4 states
States: ['4', '3', '1', '2']
Alphabet: set(['1', '0'])
Starting state: 2
Accepting states: ['4']
Transition function:
	1	2	3	4
1 	1	3	2	3
0 	1	1	4	1
Current state: 2
Currently accepting: False

Precision: 0.7500 Recall: 1.0000 Accuracy: 0.9956 F1: 0.8571


--------------------------------------------------------------------
Begin DFA extraction with n_state:7
Done fitting takes time: 0.0353
==Minimized===

This DFA has 1 states
States: ['2']
Alphabet: set(['1', '0'])
Starting state: 2
Accepting states: []
Transition function:
	2
1 	2
0 	2
Current state: 2
Currently accepting: False

Precision: 0.0000 Recall: 0.0000 Accuracy: 0.9869 F1: 0.0000


--------------------------------------------------------------------
Begin DFA extraction with n_state:8
Done fitting takes time: 0.0355
==Minimized===

This DFA has 4 states
States: ['4', '3', '1', '8']
Alphabet: set(['1', '0'])
Starting state: 8
Accepting states: ['4']
Transition function:
	1	3	4	8
1 	1	8	3	3
0 	1	4	1	1
Current state: 8
Currently accepting: False

Precision: 0.7500 Recall: 1.0000 Accuracy: 0.9956 F1: 0.8571


--------------------------------------------------------------------
Begin DFA extraction with n_state:9
Done fitting takes time: 0.0710
==Minimized===

This DFA has 4 states
States: ['4', '3', '1', '8']
Alphabet: set(['1', '0'])
Starting state: 8
Accepting states: ['4']
Transition function:
	1	3	4	8
1 	1	8	3	3
0 	1	4	1	1
Current state: 8
Currently accepting: False

Precision: 0.7500 Recall: 1.0000 Accuracy: 0.9956 F1: 0.8571


--------------------------------------------------------------------
Begin DFA extraction with n_state:10
Done fitting takes time: 0.0372
==Minimized===

This DFA has 4 states
States: ['4', '3', '10', '8']
Alphabet: set(['1', '0'])
Starting state: 8
Accepting states: ['4']
Transition function:
	10	3	4	8
1 	10	8	3	3
0 	10	4	10	10
Current state: 8
Currently accepting: False

Precision: 0.7500 Recall: 1.0000 Accuracy: 0.9956 F1: 0.8571


--------------------------------------------------------------------
Begin DFA extraction with n_state:11
Done fitting takes time: 0.0449
==Minimized===

This DFA has 4 states
States: ['4', '3', '11', '10']
Alphabet: set(['1', '0'])
Starting state: 11
Accepting states: ['4']
Transition function:
	10	11	3	4
1 	10	3	10	3
0 	10	10	4	10
Current state: 11
Currently accepting: False

Precision: 1.0000 Recall: 1.0000 Accuracy: 1.0000 F1: 1.0000


--------------------------------------------------------------------
Begin DFA extraction with n_state:12
Done fitting takes time: 0.0432
==Minimized===

This DFA has 4 states
States: ['4', '3', '11', '10']
Alphabet: set(['1', '0'])
Starting state: 11
Accepting states: ['4']
Transition function:
	10	11	3	4
1 	10	3	10	3
0 	10	10	4	10
Current state: 11
Currently accepting: False

Precision: 1.0000 Recall: 1.0000 Accuracy: 1.0000 F1: 1.0000


--------------------------------------------------------------------
Begin DFA extraction with n_state:13
Done fitting takes time: 0.0388
==Minimized===

This DFA has 4 states
States: ['4', '13', '11', '10']
Alphabet: set(['1', '0'])
Starting state: 11
Accepting states: ['4']
Transition function:
	10	11	13	4
1 	10	13	10	13
0 	10	10	4	10
Current state: 11
Currently accepting: False

Precision: 1.0000 Recall: 1.0000 Accuracy: 1.0000 F1: 1.0000


--------------------------------------------------------------------
Begin DFA extraction with n_state:14
Done fitting takes time: 0.1200
==Minimized===

This DFA has 4 states
States: ['4', '13', '11', '10']
Alphabet: set(['1', '0'])
Starting state: 11
Accepting states: ['4']
Transition function:
	10	11	13	4
1 	10	13	10	13
0 	10	10	4	10
Current state: 11
Currently accepting: False

Precision: 1.0000 Recall: 1.0000 Accuracy: 1.0000 F1: 1.0000


--------------------------------------------------------------------
Begin DFA extraction with n_state:15
Done fitting takes time: 0.1180
==Minimized===

This DFA has 4 states
States: ['4', '13', '11', '10']
Alphabet: set(['1', '0'])
Starting state: 11
Accepting states: ['4']
Transition function:
	10	11	13	4
1 	10	13	10	13
0 	10	10	4	10
Current state: 11
Currently accepting: False

Precision: 1.0000 Recall: 1.0000 Accuracy: 1.0000 F1: 1.0000


--------------------------------------------------------------------
Begin DFA extraction with n_state:16
Done fitting takes time: 0.0662
==Minimized===

This DFA has 4 states
States: ['4', '13', '11', '10']
Alphabet: set(['1', '0'])
Starting state: 11
Accepting states: ['4']
Transition function:
	10	11	13	4
1 	10	13	10	13
0 	10	10	4	10
Current state: 11
Currently accepting: False

Precision: 1.0000 Recall: 1.0000 Accuracy: 1.0000 F1: 1.0000


--------------------------------------------------------------------
Begin DFA extraction with n_state:17
Done fitting takes time: 0.0409
==Minimized===

This DFA has 4 states
States: ['4', '13', '11', '10']
Alphabet: set(['1', '0'])
Starting state: 11
Accepting states: ['4']
Transition function:
	10	11	13	4
1 	10	13	10	13
0 	10	10	4	10
Current state: 11
Currently accepting: False

Precision: 1.0000 Recall: 1.0000 Accuracy: 1.0000 F1: 1.0000


--------------------------------------------------------------------
Begin DFA extraction with n_state:18
Done fitting takes time: 0.1687
==Minimized===

This DFA has 4 states
States: ['4', '13', '11', '10']
Alphabet: set(['1', '0'])
Starting state: 11
Accepting states: ['4']
Transition function:
	10	11	13	4
1 	10	13	10	13
0 	10	10	4	10
Current state: 11
Currently accepting: False

Precision: 1.0000 Recall: 1.0000 Accuracy: 1.0000 F1: 1.0000


--------------------------------------------------------------------
Begin DFA extraction with n_state:19
Done fitting takes time: 0.0441
==Minimized===

This DFA has 4 states
States: ['4', '13', '11', '10']
Alphabet: set(['1', '0'])
Starting state: 11
Accepting states: ['4']
Transition function:
	10	11	13	4
1 	10	13	10	13
0 	10	10	4	10
Current state: 11
Currently accepting: False

Precision: 1.0000 Recall: 1.0000 Accuracy: 1.0000 F1: 1.0000
[ 0.05263158  0.05263158  0.          0.85714286  0.85714286  0.
  0.85714286  0.85714286  0.85714286  1.          1.          1.          1.
  1.          1.          1.          1.          1.        ]


[[ 0.          0.          0.          0.          0.8         1.          1.
   1.          1.          1.          1.          1.          1.          1.
   1.          1.          1.          1.        ]
 [ 0.          0.          0.          0.          0.          0.          0.
   0.          0.          0.27586207  0.          0.          0.          0.625
   0.          0.          0.          0.        ]
 [ 0.          0.          0.          0.          0.          0.          0.
   0.          0.          0.          0.          0.          0.          0.
   0.          0.          0.          0.        ]
 [ 0.          0.          0.          0.          0.          0.          0.
   0.          0.          0.          0.          0.          0.          0.
   0.          0.          0.          0.        ]
 [ 0.05263158  0.05263158  0.          0.85714286  0.85714286  0.
   0.85714286  0.85714286  0.85714286  1.          1.          1.          1.
   1.          1.          1.          1.          1.        ]
 [ 0.          0.          0.          0.          0.          0.          0.
   0.          0.          0.          0.          0.          0.          0.
   0.          0.          0.          0.        ]
 [ 0.          0.          0.          0.          0.          0.          0.
   0.          0.          0.          0.          0.          0.          0.
   0.          0.          0.          0.        ]
 [ 0.          0.          0.          0.          0.          0.          0.
   0.          0.          0.          0.          0.          0.          0.
   0.          0.          0.          0.        ]
 [ 0.          0.          0.          0.          0.          0.          0.
   0.          0.          0.          0.          0.          0.          0.
   0.          0.          0.          0.        ]]
