G:g2, model:SRN tanh, load all data and stored hidden activations


--------------------------------------------------------------------
Begin DFA extraction with n_state:2
Done fitting takes time: 0.0419
==Minimized===

This DFA has 1 states
States: ['1']
Alphabet: set(['1', '0'])
Starting state: 1
Accepting states: []
Transition function:
	1
1 	1
0 	1
Current state: 1
Currently accepting: False

Precision: 0.0000 Recall: 0.0000 Accuracy: 0.9869 F1: 0.0000


--------------------------------------------------------------------
Begin DFA extraction with n_state:3
Done fitting takes time: 0.0290
==Minimized===

This DFA has 1 states
States: ['1']
Alphabet: set(['1', '0'])
Starting state: 1
Accepting states: []
Transition function:
	1
1 	1
0 	1
Current state: 1
Currently accepting: False

Precision: 0.0000 Recall: 0.0000 Accuracy: 0.9869 F1: 0.0000


--------------------------------------------------------------------
Begin DFA extraction with n_state:4
Done fitting takes time: 0.0295
==Minimized===

This DFA has 2 states
States: ['1', '4']
Alphabet: set(['1', '0'])
Starting state: 1
Accepting states: ['1']
Transition function:
	1	4
1 	4	4
0 	1	1
Current state: 1
Currently accepting: True

Precision: 0.0270 Recall: 1.0000 Accuracy: 0.5284 F1: 0.0526


--------------------------------------------------------------------
Begin DFA extraction with n_state:5
Done fitting takes time: 0.0493
==Minimized===

This DFA has 1 states
States: ['5']
Alphabet: set(['1', '0'])
Starting state: 5
Accepting states: []
Transition function:
	5
1 	5
0 	5
Current state: 5
Currently accepting: False

Precision: 0.0000 Recall: 0.0000 Accuracy: 0.9869 F1: 0.0000


--------------------------------------------------------------------
Begin DFA extraction with n_state:6
Done fitting takes time: 0.0663
==Minimized===

This DFA has 1 states
States: ['5']
Alphabet: set(['1', '0'])
Starting state: 5
Accepting states: []
Transition function:
	5
1 	5
0 	5
Current state: 5
Currently accepting: False

Precision: 0.0000 Recall: 0.0000 Accuracy: 0.9869 F1: 0.0000


--------------------------------------------------------------------
Begin DFA extraction with n_state:7
Done fitting takes time: 0.0325
==Minimized===

This DFA has 1 states
States: ['5']
Alphabet: set(['1', '0'])
Starting state: 5
Accepting states: []
Transition function:
	5
1 	5
0 	5
Current state: 5
Currently accepting: False

Precision: 0.0000 Recall: 0.0000 Accuracy: 0.9869 F1: 0.0000


--------------------------------------------------------------------
Begin DFA extraction with n_state:8
Done fitting takes time: 0.0511
==Minimized===

This DFA has 1 states
States: ['5']
Alphabet: set(['1', '0'])
Starting state: 5
Accepting states: []
Transition function:
	5
1 	5
0 	5
Current state: 5
Currently accepting: False

Precision: 0.0000 Recall: 0.0000 Accuracy: 0.9869 F1: 0.0000


--------------------------------------------------------------------
Begin DFA extraction with n_state:9
Done fitting takes time: 0.0336
==Minimized===

This DFA has 1 states
States: ['5']
Alphabet: set(['1', '0'])
Starting state: 5
Accepting states: []
Transition function:
	5
1 	5
0 	5
Current state: 5
Currently accepting: False

Precision: 0.0000 Recall: 0.0000 Accuracy: 0.9869 F1: 0.0000


--------------------------------------------------------------------
Begin DFA extraction with n_state:10
Done fitting takes time: 0.0533
==Minimized===

This DFA has 1 states
States: ['5']
Alphabet: set(['1', '0'])
Starting state: 5
Accepting states: []
Transition function:
	5
1 	5
0 	5
Current state: 5
Currently accepting: False

Precision: 0.0000 Recall: 0.0000 Accuracy: 0.9869 F1: 0.0000


--------------------------------------------------------------------
Begin DFA extraction with n_state:11
Done fitting takes time: 0.0931
==Minimized===

This DFA has 1 states
States: ['5']
Alphabet: set(['1', '0'])
Starting state: 5
Accepting states: []
Transition function:
	5
1 	5
0 	5
Current state: 5
Currently accepting: False

Precision: 0.0000 Recall: 0.0000 Accuracy: 0.9869 F1: 0.0000


--------------------------------------------------------------------
Begin DFA extraction with n_state:12
Done fitting takes time: 0.0422
==Minimized===

This DFA has 1 states
States: ['12']
Alphabet: set(['1', '0'])
Starting state: 12
Accepting states: []
Transition function:
	12
1 	12
0 	12
Current state: 12
Currently accepting: False

Precision: 0.0000 Recall: 0.0000 Accuracy: 0.9869 F1: 0.0000


--------------------------------------------------------------------
Begin DFA extraction with n_state:13
Done fitting takes time: 0.0618
==Minimized===

This DFA has 1 states
States: ['12']
Alphabet: set(['1', '0'])
Starting state: 12
Accepting states: []
Transition function:
	12
1 	12
0 	12
Current state: 12
Currently accepting: False

Precision: 0.0000 Recall: 0.0000 Accuracy: 0.9869 F1: 0.0000


--------------------------------------------------------------------
Begin DFA extraction with n_state:14
Done fitting takes time: 0.1265
==Minimized===

This DFA has 1 states
States: ['13']
Alphabet: set(['1', '0'])
Starting state: 13
Accepting states: []
Transition function:
	13
1 	13
0 	13
Current state: 13
Currently accepting: False

Precision: 0.0000 Recall: 0.0000 Accuracy: 0.9869 F1: 0.0000


--------------------------------------------------------------------
Begin DFA extraction with n_state:15
Done fitting takes time: 0.0389
==Minimized===

This DFA has 1 states
States: ['13']
Alphabet: set(['1', '0'])
Starting state: 13
Accepting states: []
Transition function:
	13
1 	13
0 	13
Current state: 13
Currently accepting: False

Precision: 0.0000 Recall: 0.0000 Accuracy: 0.9869 F1: 0.0000


--------------------------------------------------------------------
Begin DFA extraction with n_state:16
Done fitting takes time: 0.1456
==Minimized===

This DFA has 7 states
States: ['13', '1', '6', '10', '3', '14', '2']
Alphabet: set(['1', '0'])
Starting state: 14
Accepting states: ['1', '6']
Transition function:
	1	10	13	14	2	3	6
1 	13	13	13	3	10	2	10
0 	13	1	13	13	13	6	10
Current state: 14
Currently accepting: False

Precision: 0.5000 Recall: 0.3333 Accuracy: 0.9869 F1: 0.4000


--------------------------------------------------------------------
Begin DFA extraction with n_state:17
Done fitting takes time: 0.0425
==Minimized===

This DFA has 4 states
States: ['6', '3', '10', '14']
Alphabet: set(['1', '0'])
Starting state: 14
Accepting states: ['6']
Transition function:
	10	14	3	6
1 	10	3	10	10
0 	10	10	6	10
Current state: 14
Currently accepting: False

Precision: 1.0000 Recall: 0.1667 Accuracy: 0.9891 F1: 0.2857


--------------------------------------------------------------------
Begin DFA extraction with n_state:18
Done fitting takes time: 0.1083
==Minimized===

This DFA has 4 states
States: ['6', '3', '10', '14']
Alphabet: set(['1', '0'])
Starting state: 14
Accepting states: ['6']
Transition function:
	10	14	3	6
1 	10	3	10	10
0 	10	10	6	10
Current state: 14
Currently accepting: False

Precision: 1.0000 Recall: 0.1667 Accuracy: 0.9891 F1: 0.2857


--------------------------------------------------------------------
Begin DFA extraction with n_state:19
Done fitting takes time: 0.0467
==Minimized===

This DFA has 1 states
States: ['10']
Alphabet: set(['1', '0'])
Starting state: 10
Accepting states: []
Transition function:
	10
1 	10
0 	10
Current state: 10
Currently accepting: False

Precision: 0.0000 Recall: 0.0000 Accuracy: 0.9869 F1: 0.0000
[ 0.          0.          0.05263158  0.          0.          0.          0.
  0.          0.          0.          0.          0.          0.          0.
  0.4         0.28571429  0.28571429  0.        ]


[[ 0.07894737  0.          0.          0.          0.          0.          0.
   0.          0.          1.          1.          1.          1.          1.
   1.          1.          1.          1.        ]
 [ 0.          0.          0.05263158  0.          0.          0.          0.
   0.          0.          0.          0.          0.          0.          0.
   0.4         0.28571429  0.28571429  0.        ]
 [ 0.05263158  0.          0.          0.          0.          0.          0.
   1.          1.          1.          1.          1.          1.          1.
   1.          1.          1.          1.        ]
 [ 0.          0.          0.          0.          0.          0.6         0.6
   0.6         0.6         0.70588235  0.70588235  0.70588235  1.          1.
   1.          1.          1.          1.        ]
 [ 0.          0.          0.          0.          0.          0.          0.
   0.          0.          0.          0.          0.75        1.          1.
   1.          1.          1.          1.        ]
 [ 0.          0.          0.          0.          0.          0.          0.
   0.          0.          0.          0.          0.          0.          0.
   0.          0.          0.          0.        ]
 [ 0.          0.          0.          0.          0.          0.          0.
   0.28571429  0.27906977  1.          1.          1.          1.          1.
   1.          1.          1.          1.        ]]
