G:g2, model:UNI sigmoid, load all data and stored hidden activations


--------------------------------------------------------------------
Begin DFA extraction with n_state:2
Done fitting takes time: 0.0317
==Minimized===

This DFA has 1 states
States: ['1']
Alphabet: set(['1', '0'])
Starting state: 1
Accepting states: []
Transition function:
	1
1 	1
0 	1
Current state: 1
Currently accepting: False

Precision: 0.0000 Recall: 0.0000 Accuracy: 0.9869 F1: 0.0000


--------------------------------------------------------------------
Begin DFA extraction with n_state:3
Done fitting takes time: 0.0494
==Minimized===

This DFA has 1 states
States: ['1']
Alphabet: set(['1', '0'])
Starting state: 1
Accepting states: []
Transition function:
	1
1 	1
0 	1
Current state: 1
Currently accepting: False

Precision: 0.0000 Recall: 0.0000 Accuracy: 0.9869 F1: 0.0000


--------------------------------------------------------------------
Begin DFA extraction with n_state:4
Done fitting takes time: 0.1485
==Minimized===

This DFA has 1 states
States: ['1']
Alphabet: set(['1', '0'])
Starting state: 1
Accepting states: []
Transition function:
	1
1 	1
0 	1
Current state: 1
Currently accepting: False

Precision: 0.0000 Recall: 0.0000 Accuracy: 0.9869 F1: 0.0000


--------------------------------------------------------------------
Begin DFA extraction with n_state:5
Done fitting takes time: 0.0371
==Minimized===

This DFA has 1 states
States: ['5']
Alphabet: set(['1', '0'])
Starting state: 5
Accepting states: []
Transition function:
	5
1 	5
0 	5
Current state: 5
Currently accepting: False

Precision: 0.0000 Recall: 0.0000 Accuracy: 0.9869 F1: 0.0000


--------------------------------------------------------------------
Begin DFA extraction with n_state:6
Done fitting takes time: 0.0409
==Minimized===

This DFA has 1 states
States: ['5']
Alphabet: set(['1', '0'])
Starting state: 5
Accepting states: []
Transition function:
	5
1 	5
0 	5
Current state: 5
Currently accepting: False

Precision: 0.0000 Recall: 0.0000 Accuracy: 0.9869 F1: 0.0000


--------------------------------------------------------------------
Begin DFA extraction with n_state:7
Done fitting takes time: 0.0404
==Minimized===

This DFA has 1 states
States: ['4']
Alphabet: set(['1', '0'])
Starting state: 4
Accepting states: []
Transition function:
	4
1 	4
0 	4
Current state: 4
Currently accepting: False

Precision: 0.0000 Recall: 0.0000 Accuracy: 0.9869 F1: 0.0000


--------------------------------------------------------------------
Begin DFA extraction with n_state:8
Done fitting takes time: 0.0429
==Minimized===

This DFA has 1 states
States: ['4']
Alphabet: set(['1', '0'])
Starting state: 4
Accepting states: []
Transition function:
	4
1 	4
0 	4
Current state: 4
Currently accepting: False

Precision: 0.0000 Recall: 0.0000 Accuracy: 0.9869 F1: 0.0000


--------------------------------------------------------------------
Begin DFA extraction with n_state:9
Done fitting takes time: 0.0335
==Minimized===

This DFA has 1 states
States: ['4']
Alphabet: set(['1', '0'])
Starting state: 4
Accepting states: []
Transition function:
	4
1 	4
0 	4
Current state: 4
Currently accepting: False

Precision: 0.0000 Recall: 0.0000 Accuracy: 0.9869 F1: 0.0000


--------------------------------------------------------------------
Begin DFA extraction with n_state:10
Done fitting takes time: 0.0812
==Minimized===

This DFA has 4 states
States: ['3', '2', '10', '1']
Alphabet: set(['1', '0'])
Starting state: 10
Accepting states: ['3']
Transition function:
	1	10	2	3
1 	1	2	1	2
0 	1	1	3	1
Current state: 10
Currently accepting: False

Precision: 1.0000 Recall: 1.0000 Accuracy: 1.0000 F1: 1.0000


--------------------------------------------------------------------
Begin DFA extraction with n_state:11
Done fitting takes time: 0.0982
==Minimized===

This DFA has 4 states
States: ['3', '2', '11', '10']
Alphabet: set(['1', '0'])
Starting state: 10
Accepting states: ['3']
Transition function:
	10	11	2	3
1 	2	11	11	2
0 	11	11	3	11
Current state: 10
Currently accepting: False

Precision: 1.0000 Recall: 1.0000 Accuracy: 1.0000 F1: 1.0000


--------------------------------------------------------------------
Begin DFA extraction with n_state:12
Done fitting takes time: 0.0922
==Minimized===

This DFA has 4 states
States: ['3', '2', '10', '12']
Alphabet: set(['1', '0'])
Starting state: 10
Accepting states: ['3']
Transition function:
	10	12	2	3
1 	2	12	12	2
0 	12	12	3	12
Current state: 10
Currently accepting: False

Precision: 1.0000 Recall: 1.0000 Accuracy: 1.0000 F1: 1.0000


--------------------------------------------------------------------
Begin DFA extraction with n_state:13
Done fitting takes time: 0.1760
==Minimized===

This DFA has 4 states
States: ['3', '2', '10', '13']
Alphabet: set(['1', '0'])
Starting state: 13
Accepting states: ['3']
Transition function:
	10	13	2	3
1 	10	2	10	2
0 	10	10	3	10
Current state: 13
Currently accepting: False

Precision: 1.0000 Recall: 1.0000 Accuracy: 1.0000 F1: 1.0000


--------------------------------------------------------------------
Begin DFA extraction with n_state:14
Done fitting takes time: 0.0388
==Minimized===

This DFA has 4 states
States: ['3', '2', '10', '14']
Alphabet: set(['1', '0'])
Starting state: 14
Accepting states: ['3']
Transition function:
	10	14	2	3
1 	10	2	10	2
0 	10	10	3	10
Current state: 14
Currently accepting: False

Precision: 1.0000 Recall: 1.0000 Accuracy: 1.0000 F1: 1.0000


--------------------------------------------------------------------
Begin DFA extraction with n_state:15
Done fitting takes time: 0.0464
==Minimized===

This DFA has 4 states
States: ['3', '2', '10', '14']
Alphabet: set(['1', '0'])
Starting state: 14
Accepting states: ['3']
Transition function:
	10	14	2	3
1 	10	2	10	2
0 	10	10	3	10
Current state: 14
Currently accepting: False

Precision: 1.0000 Recall: 1.0000 Accuracy: 1.0000 F1: 1.0000


--------------------------------------------------------------------
Begin DFA extraction with n_state:16
Done fitting takes time: 0.0492
==Minimized===

This DFA has 4 states
States: ['3', '2', '10', '14']
Alphabet: set(['1', '0'])
Starting state: 14
Accepting states: ['3']
Transition function:
	10	14	2	3
1 	10	2	10	2
0 	10	10	3	10
Current state: 14
Currently accepting: False

Precision: 1.0000 Recall: 1.0000 Accuracy: 1.0000 F1: 1.0000


--------------------------------------------------------------------
Begin DFA extraction with n_state:17
Done fitting takes time: 0.0936
==Minimized===

This DFA has 4 states
States: ['3', '2', '11', '14']
Alphabet: set(['1', '0'])
Starting state: 14
Accepting states: ['3']
Transition function:
	11	14	2	3
1 	11	2	11	2
0 	11	11	3	11
Current state: 14
Currently accepting: False

Precision: 1.0000 Recall: 1.0000 Accuracy: 1.0000 F1: 1.0000


--------------------------------------------------------------------
Begin DFA extraction with n_state:18
Done fitting takes time: 0.0485
==Minimized===

This DFA has 4 states
States: ['3', '2', '10', '14']
Alphabet: set(['1', '0'])
Starting state: 14
Accepting states: ['3']
Transition function:
	10	14	2	3
1 	10	2	10	2
0 	10	10	3	10
Current state: 14
Currently accepting: False

Precision: 1.0000 Recall: 1.0000 Accuracy: 1.0000 F1: 1.0000


--------------------------------------------------------------------
Begin DFA extraction with n_state:19
Done fitting takes time: 0.0500
==Minimized===

This DFA has 4 states
States: ['19', '2', '10', '14']
Alphabet: set(['1', '0'])
Starting state: 14
Accepting states: ['19']
Transition function:
	10	14	19	2
1 	10	2	2	10
0 	10	10	10	19
Current state: 14
Currently accepting: False

Precision: 1.0000 Recall: 1.0000 Accuracy: 1.0000 F1: 1.0000
[ 0.  0.  0.  0.  0.  0.  0.  0.  1.  1.  1.  1.  1.  1.  1.  1.  1.  1.]


[[ 0.07894737  0.          0.          0.          0.          0.          0.
   0.          0.          1.          1.          1.          1.          1.
   1.          1.          1.          1.        ]
 [ 0.          0.          0.05263158  0.          0.          0.          0.
   0.          0.          0.          0.          0.          0.          0.
   0.4         0.28571429  0.28571429  0.        ]
 [ 0.          0.          0.          0.          0.          0.          0.
   0.          0.          0.          0.          0.          0.          0.
   0.          0.          0.          0.        ]
 [ 0.          0.          0.          0.          0.          0.          0.
   0.          0.          0.          0.          0.          0.          0.
   0.          0.          0.          0.        ]
 [ 0.          0.          0.          0.          0.          0.          0.
   0.          1.          1.          1.          1.          1.          1.
   1.          1.          1.          1.        ]
 [ 0.          0.          0.          0.          0.          0.          0.
   0.          0.          0.          0.          0.          0.          0.
   0.          0.          0.          0.        ]
 [ 0.          0.          0.          0.          0.          0.          0.
   0.          0.          0.          0.          0.          0.          0.
   0.          0.          0.          0.        ]
 [ 0.          0.          0.          0.          0.          0.          0.
   0.          0.          0.          0.          0.          0.          0.
   0.          0.          0.          0.        ]
 [ 0.          0.          0.          0.          0.          0.          0.
   0.          0.          0.          0.          0.          0.          0.
   0.          0.          0.          0.        ]]
