G:g2, model:UNI sigmoid, load all data and stored hidden activations


--------------------------------------------------------------------
Begin DFA extraction with n_state:2
Done fitting takes time: 0.0319
==Minimized===

This DFA has 1 states
States: ['1']
Alphabet: set(['1', '0'])
Starting state: 1
Accepting states: []
Transition function:
	1
1 	1
0 	1
Current state: 1
Currently accepting: False

Precision: 0.0000 Recall: 0.0000 Accuracy: 0.9869 F1: 0.0000


--------------------------------------------------------------------
Begin DFA extraction with n_state:3
Done fitting takes time: 0.0311
==Minimized===

This DFA has 1 states
States: ['1']
Alphabet: set(['1', '0'])
Starting state: 1
Accepting states: []
Transition function:
	1
1 	1
0 	1
Current state: 1
Currently accepting: False

Precision: 0.0000 Recall: 0.0000 Accuracy: 0.9869 F1: 0.0000


--------------------------------------------------------------------
Begin DFA extraction with n_state:4
Done fitting takes time: 0.0500
==Minimized===

This DFA has 1 states
States: ['1']
Alphabet: set(['1', '0'])
Starting state: 1
Accepting states: []
Transition function:
	1
1 	1
0 	1
Current state: 1
Currently accepting: False

Precision: 0.0000 Recall: 0.0000 Accuracy: 0.9869 F1: 0.0000


--------------------------------------------------------------------
Begin DFA extraction with n_state:5
Done fitting takes time: 0.0785
==Minimized===

This DFA has 1 states
States: ['1']
Alphabet: set(['1', '0'])
Starting state: 1
Accepting states: []
Transition function:
	1
1 	1
0 	1
Current state: 1
Currently accepting: False

Precision: 0.0000 Recall: 0.0000 Accuracy: 0.9869 F1: 0.0000


--------------------------------------------------------------------
Begin DFA extraction with n_state:6
Done fitting takes time: 0.0433
==Minimized===

This DFA has 1 states
States: ['1']
Alphabet: set(['1', '0'])
Starting state: 1
Accepting states: []
Transition function:
	1
1 	1
0 	1
Current state: 1
Currently accepting: False

Precision: 0.0000 Recall: 0.0000 Accuracy: 0.9869 F1: 0.0000


--------------------------------------------------------------------
Begin DFA extraction with n_state:7
Done fitting takes time: 0.0484
==Minimized===

This DFA has 4 states
States: ['3', '2', '1', '7']
Alphabet: set(['1', '0'])
Starting state: 7
Accepting states: ['3']
Transition function:
	1	2	3	7
1 	1	1	2	2
0 	1	3	1	1
Current state: 7
Currently accepting: False

Precision: 1.0000 Recall: 1.0000 Accuracy: 1.0000 F1: 1.0000


--------------------------------------------------------------------
Begin DFA extraction with n_state:8
Done fitting takes time: 0.0486
==Minimized===

This DFA has 4 states
States: ['3', '2', '1', '7']
Alphabet: set(['1', '0'])
Starting state: 7
Accepting states: ['3']
Transition function:
	1	2	3	7
1 	1	1	2	2
0 	1	3	1	1
Current state: 7
Currently accepting: False

Precision: 1.0000 Recall: 1.0000 Accuracy: 1.0000 F1: 1.0000


--------------------------------------------------------------------
Begin DFA extraction with n_state:9
Done fitting takes time: 0.0670
==Minimized===

This DFA has 4 states
States: ['3', '2', '1', '7']
Alphabet: set(['1', '0'])
Starting state: 7
Accepting states: ['3']
Transition function:
	1	2	3	7
1 	1	1	2	2
0 	1	3	1	1
Current state: 7
Currently accepting: False

Precision: 1.0000 Recall: 1.0000 Accuracy: 1.0000 F1: 1.0000


--------------------------------------------------------------------
Begin DFA extraction with n_state:10
Done fitting takes time: 0.1311
==Minimized===

This DFA has 4 states
States: ['3', '2', '10', '7']
Alphabet: set(['1', '0'])
Starting state: 7
Accepting states: ['3']
Transition function:
	10	2	3	7
1 	10	10	2	2
0 	10	3	10	10
Current state: 7
Currently accepting: False

Precision: 1.0000 Recall: 1.0000 Accuracy: 1.0000 F1: 1.0000


--------------------------------------------------------------------
Begin DFA extraction with n_state:11
Done fitting takes time: 0.0544
==Minimized===

This DFA has 4 states
States: ['3', '2', '11', '7']
Alphabet: set(['1', '0'])
Starting state: 7
Accepting states: ['3']
Transition function:
	11	2	3	7
1 	11	11	2	2
0 	11	3	11	11
Current state: 7
Currently accepting: False

Precision: 1.0000 Recall: 1.0000 Accuracy: 1.0000 F1: 1.0000


--------------------------------------------------------------------
Begin DFA extraction with n_state:12
Done fitting takes time: 0.1356
==Minimized===

This DFA has 4 states
States: ['3', '2', '11', '7']
Alphabet: set(['1', '0'])
Starting state: 7
Accepting states: ['3']
Transition function:
	11	2	3	7
1 	11	11	2	2
0 	11	3	11	11
Current state: 7
Currently accepting: False

Precision: 1.0000 Recall: 1.0000 Accuracy: 1.0000 F1: 1.0000


--------------------------------------------------------------------
Begin DFA extraction with n_state:13
Done fitting takes time: 0.0587
==Minimized===

This DFA has 4 states
States: ['3', '13', '11', '7']
Alphabet: set(['1', '0'])
Starting state: 7
Accepting states: ['3']
Transition function:
	11	13	3	7
1 	11	11	13	13
0 	11	3	11	11
Current state: 7
Currently accepting: False

Precision: 1.0000 Recall: 1.0000 Accuracy: 1.0000 F1: 1.0000


--------------------------------------------------------------------
Begin DFA extraction with n_state:14
Done fitting takes time: 0.1426
==Minimized===

This DFA has 4 states
States: ['3', '13', '11', '7']
Alphabet: set(['1', '0'])
Starting state: 7
Accepting states: ['3']
Transition function:
	11	13	3	7
1 	11	11	13	13
0 	11	3	11	11
Current state: 7
Currently accepting: False

Precision: 1.0000 Recall: 1.0000 Accuracy: 1.0000 F1: 1.0000


--------------------------------------------------------------------
Begin DFA extraction with n_state:15
Done fitting takes time: 0.0774
==Minimized===

This DFA has 4 states
States: ['3', '13', '11', '7']
Alphabet: set(['1', '0'])
Starting state: 7
Accepting states: ['3']
Transition function:
	11	13	3	7
1 	11	11	13	13
0 	11	3	11	11
Current state: 7
Currently accepting: False

Precision: 1.0000 Recall: 1.0000 Accuracy: 1.0000 F1: 1.0000


--------------------------------------------------------------------
Begin DFA extraction with n_state:16
Done fitting takes time: 0.1394
==Minimized===

This DFA has 4 states
States: ['3', '13', '11', '7']
Alphabet: set(['1', '0'])
Starting state: 7
Accepting states: ['3']
Transition function:
	11	13	3	7
1 	11	11	13	13
0 	11	3	11	11
Current state: 7
Currently accepting: False

Precision: 1.0000 Recall: 1.0000 Accuracy: 1.0000 F1: 1.0000


--------------------------------------------------------------------
Begin DFA extraction with n_state:17
Done fitting takes time: 0.0477
==Minimized===

This DFA has 4 states
States: ['3', '13', '11', '7']
Alphabet: set(['1', '0'])
Starting state: 7
Accepting states: ['3']
Transition function:
	11	13	3	7
1 	11	11	13	13
0 	11	3	11	11
Current state: 7
Currently accepting: False

Precision: 1.0000 Recall: 1.0000 Accuracy: 1.0000 F1: 1.0000


--------------------------------------------------------------------
Begin DFA extraction with n_state:18
Done fitting takes time: 0.1292
==Minimized===

This DFA has 4 states
States: ['3', '13', '11', '7']
Alphabet: set(['1', '0'])
Starting state: 7
Accepting states: ['3']
Transition function:
	11	13	3	7
1 	11	11	13	13
0 	11	3	11	11
Current state: 7
Currently accepting: False

Precision: 1.0000 Recall: 1.0000 Accuracy: 1.0000 F1: 1.0000


--------------------------------------------------------------------
Begin DFA extraction with n_state:19
Done fitting takes time: 0.0980
==Minimized===

This DFA has 4 states
States: ['3', '13', '11', '7']
Alphabet: set(['1', '0'])
Starting state: 7
Accepting states: ['3']
Transition function:
	11	13	3	7
1 	11	11	13	13
0 	11	3	11	11
Current state: 7
Currently accepting: False

Precision: 1.0000 Recall: 1.0000 Accuracy: 1.0000 F1: 1.0000
[ 0.  0.  0.  0.  0.  1.  1.  1.  1.  1.  1.  1.  1.  1.  1.  1.  1.  1.]


[[ 0.07894737  0.          0.          0.          0.          1.          1.
   1.          1.          1.          1.          1.          1.          1.
   1.          1.          1.          1.        ]
 [ 0.          0.          0.          0.          0.          0.          0.
   0.          0.          0.          0.          0.          0.          0.
   0.41666667  0.28571429  0.          0.        ]
 [ 0.          0.          0.          0.          0.          0.          0.
   0.          0.          0.          0.          0.          0.          0.
   0.          0.          0.          0.        ]
 [ 0.          0.          0.          0.          0.          0.          0.
   0.          0.          0.          0.          0.          0.          0.
   0.          0.          0.          0.        ]
 [ 0.          0.          0.          0.          0.          1.          1.
   1.          1.          1.          1.          1.          1.          1.
   1.          1.          1.          1.        ]
 [ 0.          0.          0.          0.          0.          0.          0.
   0.          0.          0.          0.          0.          0.          0.
   0.          0.          0.          0.        ]
 [ 0.          0.          0.          0.          0.          0.          0.
   0.          0.          0.          0.          0.          0.          0.
   0.          0.          0.          0.        ]
 [ 0.          0.          0.          0.          0.          0.          0.
   0.          0.          0.          0.          0.          0.          0.
   0.          0.          0.          0.        ]
 [ 0.          0.          0.          0.          0.          0.          0.
   0.          0.          0.          0.          0.          0.          0.
   0.          0.          0.          0.        ]]
