G:g2, model:GRU tanh, load all data and stored hidden activations


--------------------------------------------------------------------
Begin DFA extraction with n_state:2
Done fitting takes time: 0.0449
==Minimized===

This DFA has 1 states
States: ['2']
Alphabet: set(['1', '0'])
Starting state: 2
Accepting states: []
Transition function:
	2
1 	2
0 	2
Current state: 2
Currently accepting: False

Precision: 0.0000 Recall: 0.0000 Accuracy: 0.9869 F1: 0.0000


--------------------------------------------------------------------
Begin DFA extraction with n_state:3
Done fitting takes time: 0.0564
==Minimized===

This DFA has 1 states
States: ['2']
Alphabet: set(['1', '0'])
Starting state: 2
Accepting states: []
Transition function:
	2
1 	2
0 	2
Current state: 2
Currently accepting: False

Precision: 0.0000 Recall: 0.0000 Accuracy: 0.9869 F1: 0.0000


--------------------------------------------------------------------
Begin DFA extraction with n_state:4
Done fitting takes time: 0.0737
==Minimized===

This DFA has 1 states
States: ['4']
Alphabet: set(['1', '0'])
Starting state: 4
Accepting states: []
Transition function:
	4
1 	4
0 	4
Current state: 4
Currently accepting: False

Precision: 0.0000 Recall: 0.0000 Accuracy: 0.9869 F1: 0.0000


--------------------------------------------------------------------
Begin DFA extraction with n_state:5
Done fitting takes time: 0.0535
==Minimized===

This DFA has 1 states
States: ['4']
Alphabet: set(['1', '0'])
Starting state: 4
Accepting states: []
Transition function:
	4
1 	4
0 	4
Current state: 4
Currently accepting: False

Precision: 0.0000 Recall: 0.0000 Accuracy: 0.9869 F1: 0.0000


--------------------------------------------------------------------
Begin DFA extraction with n_state:6
Done fitting takes time: 0.0393
==Minimized===

This DFA has 1 states
States: ['4']
Alphabet: set(['1', '0'])
Starting state: 4
Accepting states: []
Transition function:
	4
1 	4
0 	4
Current state: 4
Currently accepting: False

Precision: 0.0000 Recall: 0.0000 Accuracy: 0.9869 F1: 0.0000


--------------------------------------------------------------------
Begin DFA extraction with n_state:7
Done fitting takes time: 0.0434
==Minimized===

This DFA has 1 states
States: ['2']
Alphabet: set(['1', '0'])
Starting state: 2
Accepting states: []
Transition function:
	2
1 	2
0 	2
Current state: 2
Currently accepting: False

Precision: 0.0000 Recall: 0.0000 Accuracy: 0.9869 F1: 0.0000


--------------------------------------------------------------------
Begin DFA extraction with n_state:8
Done fitting takes time: 0.1068
==Minimized===

This DFA has 1 states
States: ['4']
Alphabet: set(['1', '0'])
Starting state: 4
Accepting states: []
Transition function:
	4
1 	4
0 	4
Current state: 4
Currently accepting: False

Precision: 0.0000 Recall: 0.0000 Accuracy: 0.9869 F1: 0.0000


--------------------------------------------------------------------
Begin DFA extraction with n_state:9
Done fitting takes time: 0.0789
==Minimized===

This DFA has 4 states
States: ['3', '8', '1', '4']
Alphabet: set(['1', '0'])
Starting state: 4
Accepting states: ['3']
Transition function:
	1	3	4	8
1 	1	1	8	1
0 	1	1	1	3
Current state: 4
Currently accepting: False

Precision: 1.0000 Recall: 0.1667 Accuracy: 0.9891 F1: 0.2857


--------------------------------------------------------------------
Begin DFA extraction with n_state:10
Done fitting takes time: 0.0566
==Minimized===

This DFA has 6 states
States: ['3', '6', '4', '9', '10', '1']
Alphabet: set(['1', '0'])
Starting state: 4
Accepting states: ['3']
Transition function:
	1	10	3	4	6	9
1 	9	1	6	6	10	9
0 	9	1	6	10	3	4
Current state: 4
Currently accepting: False

Precision: 0.1622 Recall: 1.0000 Accuracy: 0.9323 F1: 0.2791


--------------------------------------------------------------------
Begin DFA extraction with n_state:11
Done fitting takes time: 0.1259
==Minimized===

This DFA has 4 states
States: ['3', '11', '10', '4']
Alphabet: set(['1', '0'])
Starting state: 4
Accepting states: ['3']
Transition function:
	10	11	3	4
1 	10	10	11	11
0 	10	3	10	10
Current state: 4
Currently accepting: False

Precision: 1.0000 Recall: 1.0000 Accuracy: 1.0000 F1: 1.0000


--------------------------------------------------------------------
Begin DFA extraction with n_state:12
Done fitting takes time: 0.0747
==Minimized===

This DFA has 4 states
States: ['3', '11', '10', '4']
Alphabet: set(['1', '0'])
Starting state: 4
Accepting states: ['3']
Transition function:
	10	11	3	4
1 	10	10	11	11
0 	10	3	10	10
Current state: 4
Currently accepting: False

Precision: 1.0000 Recall: 1.0000 Accuracy: 1.0000 F1: 1.0000


--------------------------------------------------------------------
Begin DFA extraction with n_state:13
Done fitting takes time: 0.1146
==Minimized===

This DFA has 4 states
States: ['3', '11', '10', '4']
Alphabet: set(['1', '0'])
Starting state: 4
Accepting states: ['3']
Transition function:
	10	11	3	4
1 	10	10	11	11
0 	10	3	10	10
Current state: 4
Currently accepting: False

Precision: 1.0000 Recall: 1.0000 Accuracy: 1.0000 F1: 1.0000


--------------------------------------------------------------------
Begin DFA extraction with n_state:14
Done fitting takes time: 0.0529
==Minimized===

This DFA has 4 states
States: ['3', '11', '10', '14']
Alphabet: set(['1', '0'])
Starting state: 14
Accepting states: ['3']
Transition function:
	10	11	14	3
1 	10	10	11	11
0 	10	3	10	10
Current state: 14
Currently accepting: False

Precision: 1.0000 Recall: 1.0000 Accuracy: 1.0000 F1: 1.0000


--------------------------------------------------------------------
Begin DFA extraction with n_state:15
Done fitting takes time: 0.1026
==Minimized===

This DFA has 4 states
States: ['13', '11', '10', '14']
Alphabet: set(['1', '0'])
Starting state: 14
Accepting states: ['13']
Transition function:
	10	11	13	14
1 	10	10	11	11
0 	10	13	10	10
Current state: 14
Currently accepting: False

Precision: 1.0000 Recall: 1.0000 Accuracy: 1.0000 F1: 1.0000


--------------------------------------------------------------------
Begin DFA extraction with n_state:16
Done fitting takes time: 0.0760
==Minimized===

This DFA has 4 states
States: ['3', '11', '10', '14']
Alphabet: set(['1', '0'])
Starting state: 14
Accepting states: ['3']
Transition function:
	10	11	14	3
1 	10	10	11	11
0 	10	3	10	10
Current state: 14
Currently accepting: False

Precision: 1.0000 Recall: 1.0000 Accuracy: 1.0000 F1: 1.0000


--------------------------------------------------------------------
Begin DFA extraction with n_state:17
Done fitting takes time: 0.1377
==Minimized===

This DFA has 4 states
States: ['13', '11', '10', '14']
Alphabet: set(['1', '0'])
Starting state: 14
Accepting states: ['13']
Transition function:
	10	11	13	14
1 	10	10	11	11
0 	10	13	10	10
Current state: 14
Currently accepting: False

Precision: 1.0000 Recall: 1.0000 Accuracy: 1.0000 F1: 1.0000


--------------------------------------------------------------------
Begin DFA extraction with n_state:18
Done fitting takes time: 0.1557
==Minimized===

This DFA has 4 states
States: ['13', '11', '10', '14']
Alphabet: set(['1', '0'])
Starting state: 14
Accepting states: ['13']
Transition function:
	10	11	13	14
1 	10	10	11	11
0 	10	13	10	10
Current state: 14
Currently accepting: False

Precision: 1.0000 Recall: 1.0000 Accuracy: 1.0000 F1: 1.0000


--------------------------------------------------------------------
Begin DFA extraction with n_state:19
Done fitting takes time: 0.0951
==Minimized===

This DFA has 4 states
States: ['13', '11', '10', '14']
Alphabet: set(['1', '0'])
Starting state: 14
Accepting states: ['13']
Transition function:
	10	11	13	14
1 	10	10	11	11
0 	10	13	10	10
Current state: 14
Currently accepting: False

Precision: 1.0000 Recall: 1.0000 Accuracy: 1.0000 F1: 1.0000
[ 0.          0.          0.          0.          0.          0.          0.
  0.28571429  0.27906977  1.          1.          1.          1.          1.
  1.          1.          1.          1.        ]


[[ 0.07894737  0.          0.          0.          0.          0.          0.
   0.          0.          1.          1.          1.          1.          1.
   1.          1.          1.          1.        ]
 [ 0.          0.          0.05263158  0.          0.          0.          0.
   0.          0.          0.          0.          0.          0.          0.
   0.4         0.28571429  0.28571429  0.        ]
 [ 0.05263158  0.          0.          0.          0.          0.          0.
   1.          1.          1.          1.          1.          1.          1.
   1.          1.          1.          1.        ]
 [ 0.          0.          0.          0.          0.          0.6         0.6
   0.6         0.6         0.70588235  0.70588235  0.70588235  1.          1.
   1.          1.          1.          1.        ]
 [ 0.          0.          0.          0.          0.          0.          0.
   0.          1.          1.          1.          1.          1.          1.
   1.          1.          1.          1.        ]
 [ 0.          0.          0.          0.85714286  1.          0.8
   0.70588235  0.70588235  0.70588235  0.70588235  0.70588235  0.70588235
   0.70588235  1.          1.          1.          1.          1.        ]
 [ 0.          0.          0.          0.          0.          0.          0.
   0.          0.          0.          0.          0.75        1.          1.
   1.          1.          1.          1.        ]
 [ 0.          0.          0.          0.          0.46153846  0.8         1.
   1.          0.63157895  1.          1.          1.          1.          1.
   1.          1.          1.          1.        ]
 [ 0.          0.          0.          0.          0.          0.          0.
   0.28571429  0.27906977  1.          1.          1.          1.          1.
   1.          1.          1.          1.        ]]
