G:g2, model:O2 tanh, load all data and stored hidden activations


--------------------------------------------------------------------
Begin DFA extraction with n_state:2
Done fitting takes time: 0.0271
==Minimized===

This DFA has 1 states
States: ['1']
Alphabet: set(['1', '0'])
Starting state: 1
Accepting states: []
Transition function:
	1
1 	1
0 	1
Current state: 1
Currently accepting: False

Precision: 0.0000 Recall: 0.0000 Accuracy: 0.9869 F1: 0.0000


--------------------------------------------------------------------
Begin DFA extraction with n_state:3
Done fitting takes time: 0.0267
==Minimized===

This DFA has 1 states
States: ['1']
Alphabet: set(['1', '0'])
Starting state: 1
Accepting states: []
Transition function:
	1
1 	1
0 	1
Current state: 1
Currently accepting: False

Precision: 0.0000 Recall: 0.0000 Accuracy: 0.9869 F1: 0.0000


--------------------------------------------------------------------
Begin DFA extraction with n_state:4
Done fitting takes time: 0.0368
==Minimized===

This DFA has 1 states
States: ['1']
Alphabet: set(['1', '0'])
Starting state: 1
Accepting states: []
Transition function:
	1
1 	1
0 	1
Current state: 1
Currently accepting: False

Precision: 0.0000 Recall: 0.0000 Accuracy: 0.9869 F1: 0.0000


--------------------------------------------------------------------
Begin DFA extraction with n_state:5
Done fitting takes time: 0.0334
==Minimized===

This DFA has 1 states
States: ['1']
Alphabet: set(['1', '0'])
Starting state: 1
Accepting states: []
Transition function:
	1
1 	1
0 	1
Current state: 1
Currently accepting: False

Precision: 0.0000 Recall: 0.0000 Accuracy: 0.9869 F1: 0.0000


--------------------------------------------------------------------
Begin DFA extraction with n_state:6
Done fitting takes time: 0.0711
==Minimized===

This DFA has 1 states
States: ['1']
Alphabet: set(['1', '0'])
Starting state: 1
Accepting states: []
Transition function:
	1
1 	1
0 	1
Current state: 1
Currently accepting: False

Precision: 0.0000 Recall: 0.0000 Accuracy: 0.9869 F1: 0.0000


--------------------------------------------------------------------
Begin DFA extraction with n_state:7
Done fitting takes time: 0.0389
==Minimized===

This DFA has 4 states
States: ['7', '2', '1', '5']
Alphabet: set(['1', '0'])
Starting state: 5
Accepting states: ['7']
Transition function:
	1	2	5	7
1 	1	1	2	2
0 	1	7	1	1
Current state: 5
Currently accepting: False

Precision: 1.0000 Recall: 1.0000 Accuracy: 1.0000 F1: 1.0000


--------------------------------------------------------------------
Begin DFA extraction with n_state:8
Done fitting takes time: 0.0340
==Minimized===

This DFA has 4 states
States: ['7', '2', '1', '5']
Alphabet: set(['1', '0'])
Starting state: 5
Accepting states: ['7']
Transition function:
	1	2	5	7
1 	1	1	2	2
0 	1	7	1	1
Current state: 5
Currently accepting: False

Precision: 1.0000 Recall: 1.0000 Accuracy: 1.0000 F1: 1.0000


--------------------------------------------------------------------
Begin DFA extraction with n_state:9
Done fitting takes time: 0.0477
==Minimized===

This DFA has 4 states
States: ['7', '2', '1', '5']
Alphabet: set(['1', '0'])
Starting state: 5
Accepting states: ['7']
Transition function:
	1	2	5	7
1 	1	1	2	2
0 	1	7	1	1
Current state: 5
Currently accepting: False

Precision: 1.0000 Recall: 1.0000 Accuracy: 1.0000 F1: 1.0000


--------------------------------------------------------------------
Begin DFA extraction with n_state:10
Done fitting takes time: 0.0353
==Minimized===

This DFA has 4 states
States: ['7', '2', '10', '5']
Alphabet: set(['1', '0'])
Starting state: 5
Accepting states: ['7']
Transition function:
	10	2	5	7
1 	10	10	2	2
0 	10	7	10	10
Current state: 5
Currently accepting: False

Precision: 1.0000 Recall: 1.0000 Accuracy: 1.0000 F1: 1.0000


--------------------------------------------------------------------
Begin DFA extraction with n_state:11
Done fitting takes time: 0.0505
==Minimized===

This DFA has 4 states
States: ['7', '2', '11', '5']
Alphabet: set(['1', '0'])
Starting state: 5
Accepting states: ['7']
Transition function:
	11	2	5	7
1 	11	11	2	2
0 	11	7	11	11
Current state: 5
Currently accepting: False

Precision: 1.0000 Recall: 1.0000 Accuracy: 1.0000 F1: 1.0000


--------------------------------------------------------------------
Begin DFA extraction with n_state:12
Done fitting takes time: 0.0648
==Minimized===

This DFA has 4 states
States: ['7', '2', '11', '5']
Alphabet: set(['1', '0'])
Starting state: 5
Accepting states: ['7']
Transition function:
	11	2	5	7
1 	11	11	2	2
0 	11	7	11	11
Current state: 5
Currently accepting: False

Precision: 1.0000 Recall: 1.0000 Accuracy: 1.0000 F1: 1.0000


--------------------------------------------------------------------
Begin DFA extraction with n_state:13
Done fitting takes time: 0.0689
==Minimized===

This DFA has 4 states
States: ['7', '2', '11', '5']
Alphabet: set(['1', '0'])
Starting state: 5
Accepting states: ['7']
Transition function:
	11	2	5	7
1 	11	11	2	2
0 	11	7	11	11
Current state: 5
Currently accepting: False

Precision: 1.0000 Recall: 1.0000 Accuracy: 1.0000 F1: 1.0000


--------------------------------------------------------------------
Begin DFA extraction with n_state:14
Done fitting takes time: 0.0382
==Minimized===

This DFA has 4 states
States: ['14', '2', '11', '5']
Alphabet: set(['1', '0'])
Starting state: 5
Accepting states: ['14']
Transition function:
	11	14	2	5
1 	11	2	11	2
0 	11	11	14	11
Current state: 5
Currently accepting: False

Precision: 1.0000 Recall: 1.0000 Accuracy: 1.0000 F1: 1.0000


--------------------------------------------------------------------
Begin DFA extraction with n_state:15
Done fitting takes time: 0.1027
==Minimized===

This DFA has 4 states
States: ['14', '2', '11', '5']
Alphabet: set(['1', '0'])
Starting state: 5
Accepting states: ['14']
Transition function:
	11	14	2	5
1 	11	2	11	2
0 	11	11	14	11
Current state: 5
Currently accepting: False

Precision: 1.0000 Recall: 1.0000 Accuracy: 1.0000 F1: 1.0000


--------------------------------------------------------------------
Begin DFA extraction with n_state:16
Done fitting takes time: 0.0404
==Minimized===

This DFA has 4 states
States: ['14', '2', '11', '5']
Alphabet: set(['1', '0'])
Starting state: 5
Accepting states: ['14']
Transition function:
	11	14	2	5
1 	11	2	11	2
0 	11	11	14	11
Current state: 5
Currently accepting: False

Precision: 1.0000 Recall: 1.0000 Accuracy: 1.0000 F1: 1.0000


--------------------------------------------------------------------
Begin DFA extraction with n_state:17
Done fitting takes time: 0.0605
==Minimized===

This DFA has 4 states
States: ['14', '2', '11', '5']
Alphabet: set(['1', '0'])
Starting state: 5
Accepting states: ['14']
Transition function:
	11	14	2	5
1 	11	2	11	2
0 	11	11	14	11
Current state: 5
Currently accepting: False

Precision: 1.0000 Recall: 1.0000 Accuracy: 1.0000 F1: 1.0000


--------------------------------------------------------------------
Begin DFA extraction with n_state:18
Done fitting takes time: 0.0552
==Minimized===

This DFA has 4 states
States: ['14', '2', '11', '5']
Alphabet: set(['1', '0'])
Starting state: 5
Accepting states: ['14']
Transition function:
	11	14	2	5
1 	11	2	11	2
0 	11	11	14	11
Current state: 5
Currently accepting: False

Precision: 1.0000 Recall: 1.0000 Accuracy: 1.0000 F1: 1.0000


--------------------------------------------------------------------
Begin DFA extraction with n_state:19
Done fitting takes time: 0.0495
==Minimized===

This DFA has 4 states
States: ['14', '2', '11', '5']
Alphabet: set(['1', '0'])
Starting state: 5
Accepting states: ['14']
Transition function:
	11	14	2	5
1 	11	2	11	2
0 	11	11	14	11
Current state: 5
Currently accepting: False

Precision: 1.0000 Recall: 1.0000 Accuracy: 1.0000 F1: 1.0000
[ 0.  0.  0.  0.  0.  1.  1.  1.  1.  1.  1.  1.  1.  1.  1.  1.  1.  1.]


[[ 0.07894737  0.          0.          0.          0.          1.          1.
   1.          1.          1.          1.          1.          1.          1.
   1.          1.          1.          1.        ]
 [ 0.          0.          0.          0.          0.          0.          0.
   0.          0.          0.          0.          0.          0.          0.
   0.41666667  0.28571429  0.          0.        ]
 [ 0.          0.05263158  0.05263158  0.05263158  1.          1.          1.
   1.          1.          1.          1.          1.          1.          1.
   1.          1.          1.          1.        ]
 [ 0.          0.          0.          0.          0.          1.          1.
   1.          1.          1.          1.          1.          1.          1.
   1.          1.          1.          1.        ]
 [ 0.          0.          0.          0.          0.          1.          1.
   1.          1.          1.          1.          1.          1.          1.
   1.          1.          1.          1.        ]
 [ 0.          0.          0.29268293  0.85714286  1.          1.          1.
   1.          1.          1.          1.          1.          1.          1.
   1.          1.          1.          1.        ]
 [ 0.          0.          0.          0.          0.          0.          0.
   0.          0.          0.          0.          0.          0.          0.
   0.          0.          0.          0.        ]
 [ 0.          0.          0.          0.          0.          0.          0.
   0.          0.          0.          0.          0.          0.          0.
   0.          0.          0.          0.        ]
 [ 0.          0.          0.          0.          0.          0.          0.
   0.          0.          0.          0.          0.          0.          0.
   0.          0.          0.          0.        ]]
