G:g2, model:O2 sigmoid, load all data and stored hidden activations


--------------------------------------------------------------------
Begin DFA extraction with n_state:2
Done fitting takes time: 0.0326
==Minimized===

This DFA has 2 states
States: ['1', '2']
Alphabet: set(['1', '0'])
Starting state: 2
Accepting states: ['1']
Transition function:
	1	2
1 	2	2
0 	1	1
Current state: 2
Currently accepting: False

Precision: 0.0270 Recall: 1.0000 Accuracy: 0.5284 F1: 0.0526


--------------------------------------------------------------------
Begin DFA extraction with n_state:3
Done fitting takes time: 0.0285
==Minimized===

This DFA has 1 states
States: ['3']
Alphabet: set(['1', '0'])
Starting state: 3
Accepting states: []
Transition function:
	3
1 	3
0 	3
Current state: 3
Currently accepting: False

Precision: 0.0000 Recall: 0.0000 Accuracy: 0.9869 F1: 0.0000


--------------------------------------------------------------------
Begin DFA extraction with n_state:4
Done fitting takes time: 0.0349
==Minimized===

This DFA has 1 states
States: ['1']
Alphabet: set(['1', '0'])
Starting state: 1
Accepting states: []
Transition function:
	1
1 	1
0 	1
Current state: 1
Currently accepting: False

Precision: 0.0000 Recall: 0.0000 Accuracy: 0.9869 F1: 0.0000


--------------------------------------------------------------------
Begin DFA extraction with n_state:5
Done fitting takes time: 0.0302
==Minimized===

This DFA has 1 states
States: ['1']
Alphabet: set(['1', '0'])
Starting state: 1
Accepting states: []
Transition function:
	1
1 	1
0 	1
Current state: 1
Currently accepting: False

Precision: 0.0000 Recall: 0.0000 Accuracy: 0.9869 F1: 0.0000


--------------------------------------------------------------------
Begin DFA extraction with n_state:6
Done fitting takes time: 0.0318
==Minimized===

This DFA has 4 states
States: ['4', '5', '1', '6']
Alphabet: set(['1', '0'])
Starting state: 6
Accepting states: ['4']
Transition function:
	1	4	5	6
1 	1	5	1	5
0 	1	1	4	1
Current state: 6
Currently accepting: False

Precision: 1.0000 Recall: 1.0000 Accuracy: 1.0000 F1: 1.0000


--------------------------------------------------------------------
Begin DFA extraction with n_state:7
Done fitting takes time: 0.0342
==Minimized===

This DFA has 4 states
States: ['4', '5', '1', '7']
Alphabet: set(['1', '0'])
Starting state: 7
Accepting states: ['4']
Transition function:
	1	4	5	7
1 	1	5	1	5
0 	1	1	4	1
Current state: 7
Currently accepting: False

Precision: 1.0000 Recall: 1.0000 Accuracy: 1.0000 F1: 1.0000


--------------------------------------------------------------------
Begin DFA extraction with n_state:8
Done fitting takes time: 0.0335
==Minimized===

This DFA has 4 states
States: ['4', '5', '1', '7']
Alphabet: set(['1', '0'])
Starting state: 7
Accepting states: ['4']
Transition function:
	1	4	5	7
1 	1	5	1	5
0 	1	1	4	1
Current state: 7
Currently accepting: False

Precision: 1.0000 Recall: 1.0000 Accuracy: 1.0000 F1: 1.0000


--------------------------------------------------------------------
Begin DFA extraction with n_state:9
Done fitting takes time: 0.0344
==Minimized===

This DFA has 4 states
States: ['4', '5', '1', '7']
Alphabet: set(['1', '0'])
Starting state: 7
Accepting states: ['4']
Transition function:
	1	4	5	7
1 	1	5	1	5
0 	1	1	4	1
Current state: 7
Currently accepting: False

Precision: 1.0000 Recall: 1.0000 Accuracy: 1.0000 F1: 1.0000


--------------------------------------------------------------------
Begin DFA extraction with n_state:10
Done fitting takes time: 0.0382
==Minimized===

This DFA has 4 states
States: ['4', '5', '10', '7']
Alphabet: set(['1', '0'])
Starting state: 7
Accepting states: ['4']
Transition function:
	10	4	5	7
1 	10	5	10	5
0 	10	10	4	10
Current state: 7
Currently accepting: False

Precision: 1.0000 Recall: 1.0000 Accuracy: 1.0000 F1: 1.0000


--------------------------------------------------------------------
Begin DFA extraction with n_state:11
Done fitting takes time: 0.0360
==Minimized===

This DFA has 4 states
States: ['4', '5', '11', '7']
Alphabet: set(['1', '0'])
Starting state: 7
Accepting states: ['4']
Transition function:
	11	4	5	7
1 	11	5	11	5
0 	11	11	4	11
Current state: 7
Currently accepting: False

Precision: 1.0000 Recall: 1.0000 Accuracy: 1.0000 F1: 1.0000


--------------------------------------------------------------------
Begin DFA extraction with n_state:12
Done fitting takes time: 0.0756
==Minimized===

This DFA has 4 states
States: ['4', '5', '11', '7']
Alphabet: set(['1', '0'])
Starting state: 7
Accepting states: ['4']
Transition function:
	11	4	5	7
1 	11	5	11	5
0 	11	11	4	11
Current state: 7
Currently accepting: False

Precision: 1.0000 Recall: 1.0000 Accuracy: 1.0000 F1: 1.0000


--------------------------------------------------------------------
Begin DFA extraction with n_state:13
Done fitting takes time: 0.0471
==Minimized===

This DFA has 4 states
States: ['4', '5', '11', '7']
Alphabet: set(['1', '0'])
Starting state: 7
Accepting states: ['4']
Transition function:
	11	4	5	7
1 	11	5	11	5
0 	11	11	4	11
Current state: 7
Currently accepting: False

Precision: 1.0000 Recall: 1.0000 Accuracy: 1.0000 F1: 1.0000


--------------------------------------------------------------------
Begin DFA extraction with n_state:14
Done fitting takes time: 0.0410
==Minimized===

This DFA has 4 states
States: ['4', '5', '11', '7']
Alphabet: set(['1', '0'])
Starting state: 7
Accepting states: ['4']
Transition function:
	11	4	5	7
1 	11	5	11	5
0 	11	11	4	11
Current state: 7
Currently accepting: False

Precision: 1.0000 Recall: 1.0000 Accuracy: 1.0000 F1: 1.0000


--------------------------------------------------------------------
Begin DFA extraction with n_state:15
Done fitting takes time: 0.0856
==Minimized===

This DFA has 4 states
States: ['4', '5', '11', '7']
Alphabet: set(['1', '0'])
Starting state: 7
Accepting states: ['4']
Transition function:
	11	4	5	7
1 	11	5	11	5
0 	11	11	4	11
Current state: 7
Currently accepting: False

Precision: 1.0000 Recall: 1.0000 Accuracy: 1.0000 F1: 1.0000


--------------------------------------------------------------------
Begin DFA extraction with n_state:16
Done fitting takes time: 0.0435
==Minimized===

This DFA has 4 states
States: ['4', '5', '11', '7']
Alphabet: set(['1', '0'])
Starting state: 7
Accepting states: ['4']
Transition function:
	11	4	5	7
1 	11	5	11	5
0 	11	11	4	11
Current state: 7
Currently accepting: False

Precision: 1.0000 Recall: 1.0000 Accuracy: 1.0000 F1: 1.0000


--------------------------------------------------------------------
Begin DFA extraction with n_state:17
Done fitting takes time: 0.0501
==Minimized===

This DFA has 4 states
States: ['4', '5', '11', '7']
Alphabet: set(['1', '0'])
Starting state: 7
Accepting states: ['4']
Transition function:
	11	4	5	7
1 	11	5	11	5
0 	11	11	4	11
Current state: 7
Currently accepting: False

Precision: 1.0000 Recall: 1.0000 Accuracy: 1.0000 F1: 1.0000


--------------------------------------------------------------------
Begin DFA extraction with n_state:18
Done fitting takes time: 0.0432
==Minimized===

This DFA has 4 states
States: ['15', '5', '11', '7']
Alphabet: set(['1', '0'])
Starting state: 7
Accepting states: ['15']
Transition function:
	11	15	5	7
1 	11	5	11	5
0 	11	11	15	11
Current state: 7
Currently accepting: False

Precision: 1.0000 Recall: 1.0000 Accuracy: 1.0000 F1: 1.0000


--------------------------------------------------------------------
Begin DFA extraction with n_state:19
Done fitting takes time: 0.0452
==Minimized===

This DFA has 4 states
States: ['4', '5', '11', '7']
Alphabet: set(['1', '0'])
Starting state: 7
Accepting states: ['4']
Transition function:
	11	4	5	7
1 	11	5	11	5
0 	11	11	4	11
Current state: 7
Currently accepting: False

Precision: 1.0000 Recall: 1.0000 Accuracy: 1.0000 F1: 1.0000
[ 0.05263158  0.          0.          0.          1.          1.          1.
  1.          1.          1.          1.          1.          1.          1.
  1.          1.          1.          1.        ]


[[ 0.          0.          0.          0.          0.8         1.          1.
   1.          1.          1.          1.          1.          1.          1.
   1.          1.          1.          1.        ]
 [ 0.          0.          0.          0.          0.          0.          0.
   0.          0.          0.27586207  0.          0.          0.          0.625
   0.          0.          0.          0.        ]
 [ 0.05263158  0.          0.          0.          1.          1.          1.
   1.          1.          1.          1.          1.          1.          1.
   1.          1.          1.          1.        ]
 [ 0.          0.          0.          0.          0.          0.          0.
   0.          0.          0.          0.          0.          0.          0.
   0.          0.          0.          0.        ]
 [ 0.05263158  0.05263158  0.          0.85714286  0.85714286  0.
   0.85714286  0.85714286  0.85714286  1.          1.          1.          1.
   1.          1.          1.          1.          1.        ]
 [ 0.          0.          0.85714286  0.          0.70588235  0.          1.
   1.          1.          1.          1.          1.          1.          1.
   1.          1.          1.          1.        ]
 [ 0.          0.          0.          0.          0.          0.          0.
   0.          0.          0.          0.          0.          0.          0.
   0.          0.          0.          0.        ]
 [ 0.          0.          0.          0.          0.          0.          0.
   0.          0.          0.          0.          0.          0.          0.
   0.          0.          0.          0.        ]
 [ 0.          0.          0.          0.          0.          0.          0.
   0.          0.          0.          0.          0.          0.          0.
   0.          0.          0.          0.        ]]
