G:g2, model:GRU tanh, load all data and stored hidden activations


--------------------------------------------------------------------
Begin DFA extraction with n_state:2
Done fitting takes time: 0.0321
==Minimized===

This DFA has 1 states
States: ['1']
Alphabet: set(['1', '0'])
Starting state: 1
Accepting states: []
Transition function:
	1
1 	1
0 	1
Current state: 1
Currently accepting: False

Precision: 0.0000 Recall: 0.0000 Accuracy: 0.9869 F1: 0.0000


--------------------------------------------------------------------
Begin DFA extraction with n_state:3
Done fitting takes time: 0.0411
==Minimized===

This DFA has 1 states
States: ['3']
Alphabet: set(['1', '0'])
Starting state: 3
Accepting states: []
Transition function:
	3
1 	3
0 	3
Current state: 3
Currently accepting: False

Precision: 0.0000 Recall: 0.0000 Accuracy: 0.9869 F1: 0.0000


--------------------------------------------------------------------
Begin DFA extraction with n_state:4
Done fitting takes time: 0.0464
==Minimized===

This DFA has 1 states
States: ['3']
Alphabet: set(['1', '0'])
Starting state: 3
Accepting states: []
Transition function:
	3
1 	3
0 	3
Current state: 3
Currently accepting: False

Precision: 0.0000 Recall: 0.0000 Accuracy: 0.9869 F1: 0.0000


--------------------------------------------------------------------
Begin DFA extraction with n_state:5
Done fitting takes time: 0.0527
==Minimized===

This DFA has 1 states
States: ['3']
Alphabet: set(['1', '0'])
Starting state: 3
Accepting states: []
Transition function:
	3
1 	3
0 	3
Current state: 3
Currently accepting: False

Precision: 0.0000 Recall: 0.0000 Accuracy: 0.9869 F1: 0.0000


--------------------------------------------------------------------
Begin DFA extraction with n_state:6
Done fitting takes time: 0.1599
==Minimized===

This DFA has 1 states
States: ['3']
Alphabet: set(['1', '0'])
Starting state: 3
Accepting states: []
Transition function:
	3
1 	3
0 	3
Current state: 3
Currently accepting: False

Precision: 0.0000 Recall: 0.0000 Accuracy: 0.9869 F1: 0.0000


--------------------------------------------------------------------
Begin DFA extraction with n_state:7
Done fitting takes time: 0.1779
==Minimized===

This DFA has 1 states
States: ['3']
Alphabet: set(['1', '0'])
Starting state: 3
Accepting states: []
Transition function:
	3
1 	3
0 	3
Current state: 3
Currently accepting: False

Precision: 0.0000 Recall: 0.0000 Accuracy: 0.9869 F1: 0.0000


--------------------------------------------------------------------
Begin DFA extraction with n_state:8
Done fitting takes time: 0.0769
==Minimized===

This DFA has 1 states
States: ['3']
Alphabet: set(['1', '0'])
Starting state: 3
Accepting states: []
Transition function:
	3
1 	3
0 	3
Current state: 3
Currently accepting: False

Precision: 0.0000 Recall: 0.0000 Accuracy: 0.9869 F1: 0.0000


--------------------------------------------------------------------
Begin DFA extraction with n_state:9
Done fitting takes time: 0.0595
==Minimized===

This DFA has 1 states
States: ['3']
Alphabet: set(['1', '0'])
Starting state: 3
Accepting states: []
Transition function:
	3
1 	3
0 	3
Current state: 3
Currently accepting: False

Precision: 0.0000 Recall: 0.0000 Accuracy: 0.9869 F1: 0.0000


--------------------------------------------------------------------
Begin DFA extraction with n_state:10
Done fitting takes time: 0.1316
==Minimized===

This DFA has 1 states
States: ['10']
Alphabet: set(['1', '0'])
Starting state: 10
Accepting states: []
Transition function:
	10
1 	10
0 	10
Current state: 10
Currently accepting: False

Precision: 0.0000 Recall: 0.0000 Accuracy: 0.9869 F1: 0.0000


--------------------------------------------------------------------
Begin DFA extraction with n_state:11
Done fitting takes time: 0.1010
==Minimized===

This DFA has 4 states
States: ['9', '2', '1', '3']
Alphabet: set(['1', '0'])
Starting state: 3
Accepting states: ['9']
Transition function:
	1	2	3	9
1 	1	1	2	2
0 	1	9	1	1
Current state: 3
Currently accepting: False

Precision: 1.0000 Recall: 1.0000 Accuracy: 1.0000 F1: 1.0000


--------------------------------------------------------------------
Begin DFA extraction with n_state:12
Done fitting takes time: 0.0551
==Minimized===

This DFA has 4 states
States: ['9', '2', '11', '3']
Alphabet: set(['1', '0'])
Starting state: 3
Accepting states: ['9']
Transition function:
	11	2	3	9
1 	11	11	2	2
0 	11	9	11	11
Current state: 3
Currently accepting: False

Precision: 1.0000 Recall: 1.0000 Accuracy: 1.0000 F1: 1.0000


--------------------------------------------------------------------
Begin DFA extraction with n_state:13
Done fitting takes time: 0.1799
==Minimized===

This DFA has 4 states
States: ['9', '2', '11', '3']
Alphabet: set(['1', '0'])
Starting state: 3
Accepting states: ['9']
Transition function:
	11	2	3	9
1 	11	11	2	2
0 	11	9	11	11
Current state: 3
Currently accepting: False

Precision: 1.0000 Recall: 1.0000 Accuracy: 1.0000 F1: 1.0000


--------------------------------------------------------------------
Begin DFA extraction with n_state:14
Done fitting takes time: 0.0507
==Minimized===

This DFA has 4 states
States: ['9', '2', '11', '3']
Alphabet: set(['1', '0'])
Starting state: 3
Accepting states: ['9']
Transition function:
	11	2	3	9
1 	11	11	2	2
0 	11	9	11	11
Current state: 3
Currently accepting: False

Precision: 1.0000 Recall: 1.0000 Accuracy: 1.0000 F1: 1.0000


--------------------------------------------------------------------
Begin DFA extraction with n_state:15
Done fitting takes time: 0.0972
==Minimized===

This DFA has 4 states
States: ['9', '2', '11', '3']
Alphabet: set(['1', '0'])
Starting state: 3
Accepting states: ['9']
Transition function:
	11	2	3	9
1 	11	11	2	2
0 	11	9	11	11
Current state: 3
Currently accepting: False

Precision: 1.0000 Recall: 1.0000 Accuracy: 1.0000 F1: 1.0000


--------------------------------------------------------------------
Begin DFA extraction with n_state:16
Done fitting takes time: 0.0600
==Minimized===

This DFA has 4 states
States: ['9', '2', '11', '3']
Alphabet: set(['1', '0'])
Starting state: 3
Accepting states: ['9']
Transition function:
	11	2	3	9
1 	11	11	2	2
0 	11	9	11	11
Current state: 3
Currently accepting: False

Precision: 1.0000 Recall: 1.0000 Accuracy: 1.0000 F1: 1.0000


--------------------------------------------------------------------
Begin DFA extraction with n_state:17
Done fitting takes time: 0.0892
==Minimized===

This DFA has 4 states
States: ['9', '2', '11', '3']
Alphabet: set(['1', '0'])
Starting state: 3
Accepting states: ['9']
Transition function:
	11	2	3	9
1 	11	11	2	2
0 	11	9	11	11
Current state: 3
Currently accepting: False

Precision: 1.0000 Recall: 1.0000 Accuracy: 1.0000 F1: 1.0000


--------------------------------------------------------------------
Begin DFA extraction with n_state:18
Done fitting takes time: 0.1079
==Minimized===

This DFA has 4 states
States: ['9', '2', '11', '3']
Alphabet: set(['1', '0'])
Starting state: 3
Accepting states: ['9']
Transition function:
	11	2	3	9
1 	11	11	2	2
0 	11	9	11	11
Current state: 3
Currently accepting: False

Precision: 1.0000 Recall: 1.0000 Accuracy: 1.0000 F1: 1.0000


--------------------------------------------------------------------
Begin DFA extraction with n_state:19
Done fitting takes time: 0.0832
==Minimized===

This DFA has 4 states
States: ['9', '2', '13', '3']
Alphabet: set(['1', '0'])
Starting state: 3
Accepting states: ['9']
Transition function:
	13	2	3	9
1 	13	13	2	2
0 	13	9	13	13
Current state: 3
Currently accepting: False

Precision: 1.0000 Recall: 1.0000 Accuracy: 1.0000 F1: 1.0000
[ 0.  0.  0.  0.  0.  0.  0.  0.  0.  1.  1.  1.  1.  1.  1.  1.  1.  1.]


[[ 0.          0.          0.          0.          0.          0.          0.75
   0.8         0.75        0.75        1.          1.          1.          1.
   1.          1.          1.          1.        ]
 [ 0.          0.          0.          0.          0.          0.          0.
   0.          0.          0.          0.          0.          0.06382979
   0.05660377  0.          0.          0.          0.        ]
 [ 0.05263158  0.05263158  0.          1.          1.          1.          1.
   1.          1.          1.          1.          1.          1.          1.
   1.          1.          1.          1.        ]
 [ 0.          0.          0.          0.          0.66666667  0.
   0.70588235  0.70588235  1.          1.          0.          1.          1.
   1.          1.          1.          1.          1.        ]
 [ 0.05263158  0.          0.          0.          0.          0.85714286
   0.85714286  1.          1.          1.          1.          1.          1.
   1.          1.          1.          1.          1.        ]
 [ 0.          0.          0.          0.          0.          0.          0.
   0.          0.          0.          0.          0.          1.          1.
   1.          1.          1.          1.        ]
 [ 0.          0.          0.          0.          0.          0.          0.
   0.1875      0.24489796  0.54545455  0.70588235  0.70588235  0.85714286
   0.25        0.22222222  0.25        0.25        0.25      ]
 [ 0.          0.          0.          0.          0.          0.          0.
   0.          0.          0.          0.          0.          0.48
   0.26666667  0.85714286  0.52173913  0.52173913  1.        ]
 [ 0.          0.          0.          0.          0.          0.          0.
   0.          0.          1.          1.          1.          1.          1.
   1.          1.          1.          1.        ]]
