Load data
RNN type: LSTM Grammar: g2 Seed: 7
Model total parameters: 4092
Saving hinit ... 

Epoch 0: Time: 0.1380 Cost: 9.2359 Pre: 0.0000 Re: 0.0000 Acc: 0.9788 F1: 0.0000


--------------------------------------------------------------------
Eval results: Cost:8.2748 Pre:0.0000 Re:0.0000 Acc:0.9875 F1:0.0000
--------------------------------------------------------------------

Epoch 1: Time: 0.0576 Cost: 8.9859 Pre: 0.0000 Re: 0.0000 Acc: 0.9788 F1: 0.0000
Epoch 2: Time: 0.0543 Cost: 8.6486 Pre: 0.0000 Re: 0.0000 Acc: 0.9788 F1: 0.0000
Epoch 3: Time: 0.0583 Cost: 8.2755 Pre: 0.0000 Re: 0.0000 Acc: 0.9788 F1: 0.0000
Epoch 4: Time: 0.0618 Cost: 7.8854 Pre: 0.0000 Re: 0.0000 Acc: 0.9788 F1: 0.0000
Epoch 5: Time: 0.0585 Cost: 7.4829 Pre: 0.0000 Re: 0.0000 Acc: 0.9788 F1: 0.0000
Epoch 6: Time: 0.0581 Cost: 7.0657 Pre: 0.0000 Re: 0.0000 Acc: 0.9788 F1: 0.0000
Epoch 7: Time: 0.0571 Cost: 6.6289 Pre: 0.0000 Re: 0.0000 Acc: 0.9788 F1: 0.0000
Epoch 8: Time: 0.0553 Cost: 6.1681 Pre: 0.0000 Re: 0.0000 Acc: 0.9788 F1: 0.0000
Epoch 9: Time: 0.0596 Cost: 5.6827 Pre: 0.0000 Re: 0.0000 Acc: 0.9788 F1: 0.0000
Epoch 10: Time: 0.0582 Cost: 5.1790 Pre: 0.0000 Re: 0.0000 Acc: 0.9788 F1: 0.0000


--------------------------------------------------------------------
Eval results: Cost:3.7651 Pre:0.0000 Re:0.0000 Acc:0.9875 F1:0.0000
--------------------------------------------------------------------

Epoch 11: Time: 0.0590 Cost: 4.6733 Pre: 0.0000 Re: 0.0000 Acc: 0.9788 F1: 0.0000
Epoch 12: Time: 0.0567 Cost: 4.1921 Pre: 0.0000 Re: 0.0000 Acc: 0.9788 F1: 0.0000
Epoch 13: Time: 0.0546 Cost: 3.7647 Pre: 0.0000 Re: 0.0000 Acc: 0.9788 F1: 0.0000
Epoch 14: Time: 0.0585 Cost: 3.4141 Pre: 0.0000 Re: 0.0000 Acc: 0.9788 F1: 0.0000
Epoch 15: Time: 0.0606 Cost: 3.1489 Pre: 0.0000 Re: 0.0000 Acc: 0.9788 F1: 0.0000
Epoch 16: Time: 0.0593 Cost: 2.9620 Pre: 0.0000 Re: 0.0000 Acc: 0.9788 F1: 0.0000
Epoch 17: Time: 0.0575 Cost: 2.8371 Pre: 0.0000 Re: 0.0000 Acc: 0.9788 F1: 0.0000
Epoch 18: Time: 0.0552 Cost: 2.7566 Pre: 0.0000 Re: 0.0000 Acc: 0.9788 F1: 0.0000
Epoch 19: Time: 0.0556 Cost: 2.7054 Pre: 0.0000 Re: 0.0000 Acc: 0.9788 F1: 0.0000
Epoch 20: Time: 0.0603 Cost: 2.6729 Pre: 0.0000 Re: 0.0000 Acc: 0.9788 F1: 0.0000


--------------------------------------------------------------------
Eval results: Cost:1.1194 Pre:0.0000 Re:0.0000 Acc:0.9875 F1:0.0000
--------------------------------------------------------------------

Epoch 21: Time: 0.0581 Cost: 2.6521 Pre: 0.0000 Re: 0.0000 Acc: 0.9788 F1: 0.0000
Epoch 22: Time: 0.0633 Cost: 2.6385 Pre: 0.0000 Re: 0.0000 Acc: 0.9788 F1: 0.0000
Epoch 23: Time: 0.0567 Cost: 2.6294 Pre: 0.0000 Re: 0.0000 Acc: 0.9788 F1: 0.0000
Epoch 24: Time: 0.0541 Cost: 2.6231 Pre: 0.0000 Re: 0.0000 Acc: 0.9788 F1: 0.0000
Epoch 25: Time: 0.0558 Cost: 2.6186 Pre: 0.0000 Re: 0.0000 Acc: 0.9788 F1: 0.0000
Epoch 26: Time: 0.0546 Cost: 2.6154 Pre: 0.0000 Re: 0.0000 Acc: 0.9788 F1: 0.0000
Epoch 27: Time: 0.0585 Cost: 2.6129 Pre: 0.0000 Re: 0.0000 Acc: 0.9788 F1: 0.0000
Epoch 28: Time: 0.0631 Cost: 2.6109 Pre: 0.0000 Re: 0.0000 Acc: 0.9788 F1: 0.0000
Epoch 29: Time: 0.0583 Cost: 2.6093 Pre: 0.0000 Re: 0.0000 Acc: 0.9788 F1: 0.0000
Epoch 30: Time: 0.0575 Cost: 2.6079 Pre: 0.0000 Re: 0.0000 Acc: 0.9788 F1: 0.0000


--------------------------------------------------------------------
Eval results: Cost:1.0363 Pre:0.0000 Re:0.0000 Acc:0.9875 F1:0.0000
--------------------------------------------------------------------

Epoch 31: Time: 0.0579 Cost: 2.6067 Pre: 0.0000 Re: 0.0000 Acc: 0.9788 F1: 0.0000
Epoch 32: Time: 0.0599 Cost: 2.6057 Pre: 0.0000 Re: 0.0000 Acc: 0.9788 F1: 0.0000
Epoch 33: Time: 0.0558 Cost: 2.6047 Pre: 0.0000 Re: 0.0000 Acc: 0.9788 F1: 0.0000
Epoch 34: Time: 0.0598 Cost: 2.6038 Pre: 0.0000 Re: 0.0000 Acc: 0.9788 F1: 0.0000
Epoch 35: Time: 0.0591 Cost: 2.6029 Pre: 0.0000 Re: 0.0000 Acc: 0.9788 F1: 0.0000
Epoch 36: Time: 0.0576 Cost: 2.6020 Pre: 0.0000 Re: 0.0000 Acc: 0.9788 F1: 0.0000
Epoch 37: Time: 0.0572 Cost: 2.6012 Pre: 0.0000 Re: 0.0000 Acc: 0.9788 F1: 0.0000
Epoch 38: Time: 0.0563 Cost: 2.6004 Pre: 0.0000 Re: 0.0000 Acc: 0.9788 F1: 0.0000
Epoch 39: Time: 0.0590 Cost: 2.5996 Pre: 0.0000 Re: 0.0000 Acc: 0.9788 F1: 0.0000
Epoch 40: Time: 0.0604 Cost: 2.5987 Pre: 0.0000 Re: 0.0000 Acc: 0.9788 F1: 0.0000


--------------------------------------------------------------------
Eval results: Cost:1.0221 Pre:0.0000 Re:0.0000 Acc:0.9875 F1:0.0000
--------------------------------------------------------------------

Epoch 41: Time: 0.0581 Cost: 2.5979 Pre: 0.0000 Re: 0.0000 Acc: 0.9788 F1: 0.0000
Epoch 42: Time: 0.0593 Cost: 2.5971 Pre: 0.0000 Re: 0.0000 Acc: 0.9788 F1: 0.0000
Epoch 43: Time: 0.0588 Cost: 2.5962 Pre: 0.0000 Re: 0.0000 Acc: 0.9788 F1: 0.0000
Epoch 44: Time: 0.0556 Cost: 2.5954 Pre: 0.0000 Re: 0.0000 Acc: 0.9788 F1: 0.0000
Epoch 45: Time: 0.0580 Cost: 2.5945 Pre: 0.0000 Re: 0.0000 Acc: 0.9788 F1: 0.0000
Epoch 46: Time: 0.0529 Cost: 2.5936 Pre: 0.0000 Re: 0.0000 Acc: 0.9788 F1: 0.0000
Epoch 47: Time: 0.0530 Cost: 2.5927 Pre: 0.0000 Re: 0.0000 Acc: 0.9788 F1: 0.0000
Epoch 48: Time: 0.0551 Cost: 2.5917 Pre: 0.0000 Re: 0.0000 Acc: 0.9788 F1: 0.0000
Epoch 49: Time: 0.0537 Cost: 2.5908 Pre: 0.0000 Re: 0.0000 Acc: 0.9788 F1: 0.0000
Epoch 50: Time: 0.0533 Cost: 2.5898 Pre: 0.0000 Re: 0.0000 Acc: 0.9788 F1: 0.0000


--------------------------------------------------------------------
Eval results: Cost:1.0123 Pre:0.0000 Re:0.0000 Acc:0.9875 F1:0.0000
--------------------------------------------------------------------

Epoch 51: Time: 0.0554 Cost: 2.5887 Pre: 0.0000 Re: 0.0000 Acc: 0.9788 F1: 0.0000
Epoch 52: Time: 0.0548 Cost: 2.5877 Pre: 0.0000 Re: 0.0000 Acc: 0.9788 F1: 0.0000
Epoch 53: Time: 0.0534 Cost: 2.5866 Pre: 0.0000 Re: 0.0000 Acc: 0.9788 F1: 0.0000
Epoch 54: Time: 0.0533 Cost: 2.5854 Pre: 0.0000 Re: 0.0000 Acc: 0.9788 F1: 0.0000
Epoch 55: Time: 0.0545 Cost: 2.5843 Pre: 0.0000 Re: 0.0000 Acc: 0.9788 F1: 0.0000
Epoch 56: Time: 0.0532 Cost: 2.5830 Pre: 0.0000 Re: 0.0000 Acc: 0.9788 F1: 0.0000
Epoch 57: Time: 0.0530 Cost: 2.5818 Pre: 0.0000 Re: 0.0000 Acc: 0.9788 F1: 0.0000
Epoch 58: Time: 0.0532 Cost: 2.5804 Pre: 0.0000 Re: 0.0000 Acc: 0.9788 F1: 0.0000
Epoch 59: Time: 0.0538 Cost: 2.5791 Pre: 0.0000 Re: 0.0000 Acc: 0.9788 F1: 0.0000
Epoch 60: Time: 0.0536 Cost: 2.5776 Pre: 0.0000 Re: 0.0000 Acc: 0.9788 F1: 0.0000


--------------------------------------------------------------------
Eval results: Cost:1.0041 Pre:0.0000 Re:0.0000 Acc:0.9875 F1:0.0000
--------------------------------------------------------------------

Epoch 61: Time: 0.0550 Cost: 2.5761 Pre: 0.0000 Re: 0.0000 Acc: 0.9788 F1: 0.0000
Epoch 62: Time: 0.0532 Cost: 2.5745 Pre: 0.0000 Re: 0.0000 Acc: 0.9788 F1: 0.0000
Epoch 63: Time: 0.0532 Cost: 2.5729 Pre: 0.0000 Re: 0.0000 Acc: 0.9788 F1: 0.0000
Epoch 64: Time: 0.0537 Cost: 2.5712 Pre: 0.0000 Re: 0.0000 Acc: 0.9788 F1: 0.0000
Epoch 65: Time: 0.0555 Cost: 2.5694 Pre: 0.0000 Re: 0.0000 Acc: 0.9788 F1: 0.0000
Epoch 66: Time: 0.0533 Cost: 2.5675 Pre: 0.0000 Re: 0.0000 Acc: 0.9788 F1: 0.0000
Epoch 67: Time: 0.0532 Cost: 2.5656 Pre: 0.0000 Re: 0.0000 Acc: 0.9788 F1: 0.0000
Epoch 68: Time: 0.0533 Cost: 2.5635 Pre: 0.0000 Re: 0.0000 Acc: 0.9788 F1: 0.0000
Epoch 69: Time: 0.0561 Cost: 2.5614 Pre: 0.0000 Re: 0.0000 Acc: 0.9788 F1: 0.0000
Epoch 70: Time: 0.0532 Cost: 2.5591 Pre: 0.0000 Re: 0.0000 Acc: 0.9788 F1: 0.0000


--------------------------------------------------------------------
Eval results: Cost:0.9970 Pre:0.0000 Re:0.0000 Acc:0.9875 F1:0.0000
--------------------------------------------------------------------

Epoch 71: Time: 0.0538 Cost: 2.5567 Pre: 0.0000 Re: 0.0000 Acc: 0.9788 F1: 0.0000
Epoch 72: Time: 0.0544 Cost: 2.5543 Pre: 0.0000 Re: 0.0000 Acc: 0.9788 F1: 0.0000
Epoch 73: Time: 0.0532 Cost: 2.5518 Pre: 0.0000 Re: 0.0000 Acc: 0.9788 F1: 0.0000
Epoch 74: Time: 0.0540 Cost: 2.5492 Pre: 0.0000 Re: 0.0000 Acc: 0.9788 F1: 0.0000
Epoch 75: Time: 0.0530 Cost: 2.5466 Pre: 0.0000 Re: 0.0000 Acc: 0.9788 F1: 0.0000
Epoch 76: Time: 0.0532 Cost: 2.5438 Pre: 0.0000 Re: 0.0000 Acc: 0.9788 F1: 0.0000
Epoch 77: Time: 0.0534 Cost: 2.5410 Pre: 0.0000 Re: 0.0000 Acc: 0.9788 F1: 0.0000
Epoch 78: Time: 0.0544 Cost: 2.5380 Pre: 0.0000 Re: 0.0000 Acc: 0.9788 F1: 0.0000
Epoch 79: Time: 0.0538 Cost: 2.5349 Pre: 0.0000 Re: 0.0000 Acc: 0.9788 F1: 0.0000
Epoch 80: Time: 0.0533 Cost: 2.5318 Pre: 0.0000 Re: 0.0000 Acc: 0.9788 F1: 0.0000


--------------------------------------------------------------------
Eval results: Cost:0.9900 Pre:0.0000 Re:0.0000 Acc:0.9875 F1:0.0000
--------------------------------------------------------------------

Epoch 81: Time: 0.0538 Cost: 2.5285 Pre: 0.0000 Re: 0.0000 Acc: 0.9788 F1: 0.0000
Epoch 82: Time: 0.0557 Cost: 2.5253 Pre: 0.0000 Re: 0.0000 Acc: 0.9788 F1: 0.0000
Epoch 83: Time: 0.0571 Cost: 2.5221 Pre: 0.0000 Re: 0.0000 Acc: 0.9788 F1: 0.0000
Epoch 84: Time: 0.0533 Cost: 2.5189 Pre: 0.0000 Re: 0.0000 Acc: 0.9788 F1: 0.0000
Epoch 85: Time: 0.0537 Cost: 2.5156 Pre: 0.0000 Re: 0.0000 Acc: 0.9788 F1: 0.0000
Epoch 86: Time: 0.0555 Cost: 2.5123 Pre: 0.0000 Re: 0.0000 Acc: 0.9788 F1: 0.0000
Epoch 87: Time: 0.0535 Cost: 2.5090 Pre: 0.0000 Re: 0.0000 Acc: 0.9788 F1: 0.0000
Epoch 88: Time: 0.0536 Cost: 2.5057 Pre: 0.0000 Re: 0.0000 Acc: 0.9788 F1: 0.0000
Epoch 89: Time: 0.0543 Cost: 2.5023 Pre: 0.0000 Re: 0.0000 Acc: 0.9788 F1: 0.0000
Epoch 90: Time: 0.0531 Cost: 2.4989 Pre: 0.0000 Re: 0.0000 Acc: 0.9788 F1: 0.0000


--------------------------------------------------------------------
Eval results: Cost:0.9834 Pre:0.0000 Re:0.0000 Acc:0.9875 F1:0.0000
--------------------------------------------------------------------

Epoch 91: Time: 0.0559 Cost: 2.4956 Pre: 0.0000 Re: 0.0000 Acc: 0.9788 F1: 0.0000
Epoch 92: Time: 0.0592 Cost: 2.4923 Pre: 0.0000 Re: 0.0000 Acc: 0.9788 F1: 0.0000
Epoch 93: Time: 0.0622 Cost: 2.4891 Pre: 0.0000 Re: 0.0000 Acc: 0.9788 F1: 0.0000
Epoch 94: Time: 0.0542 Cost: 2.4860 Pre: 0.0000 Re: 0.0000 Acc: 0.9788 F1: 0.0000
Epoch 95: Time: 0.0555 Cost: 2.4830 Pre: 0.0000 Re: 0.0000 Acc: 0.9788 F1: 0.0000
Epoch 96: Time: 0.0583 Cost: 2.4800 Pre: 0.0000 Re: 0.0000 Acc: 0.9788 F1: 0.0000
Epoch 97: Time: 0.0597 Cost: 2.4770 Pre: 0.0000 Re: 0.0000 Acc: 0.9788 F1: 0.0000
Epoch 98: Time: 0.0544 Cost: 2.4740 Pre: 0.0000 Re: 0.0000 Acc: 0.9788 F1: 0.0000
Epoch 99: Time: 0.0619 Cost: 2.4711 Pre: 0.0000 Re: 0.0000 Acc: 0.9788 F1: 0.0000
Epoch 100: Time: 0.0583 Cost: 2.4682 Pre: 0.0000 Re: 0.0000 Acc: 0.9788 F1: 0.0000


--------------------------------------------------------------------
Eval results: Cost:0.9767 Pre:0.0000 Re:0.0000 Acc:0.9875 F1:0.0000
--------------------------------------------------------------------

Epoch 101: Time: 0.0578 Cost: 2.4654 Pre: 0.0000 Re: 0.0000 Acc: 0.9788 F1: 0.0000
Epoch 102: Time: 0.0595 Cost: 2.4627 Pre: 0.0000 Re: 0.0000 Acc: 0.9788 F1: 0.0000
Epoch 103: Time: 0.0532 Cost: 2.4600 Pre: 0.0000 Re: 0.0000 Acc: 0.9788 F1: 0.0000
Epoch 104: Time: 0.0536 Cost: 2.4575 Pre: 0.0000 Re: 0.0000 Acc: 0.9788 F1: 0.0000
Epoch 105: Time: 0.0588 Cost: 2.4550 Pre: 0.0000 Re: 0.0000 Acc: 0.9788 F1: 0.0000
Epoch 106: Time: 0.0565 Cost: 2.4525 Pre: 0.0000 Re: 0.0000 Acc: 0.9788 F1: 0.0000
Epoch 107: Time: 0.0601 Cost: 2.4501 Pre: 0.0000 Re: 0.0000 Acc: 0.9788 F1: 0.0000
Epoch 108: Time: 0.0590 Cost: 2.4477 Pre: 0.0000 Re: 0.0000 Acc: 0.9788 F1: 0.0000
Epoch 109: Time: 0.0603 Cost: 2.4454 Pre: 0.0000 Re: 0.0000 Acc: 0.9788 F1: 0.0000
Epoch 110: Time: 0.0574 Cost: 2.4431 Pre: 0.0000 Re: 0.0000 Acc: 0.9788 F1: 0.0000


--------------------------------------------------------------------
Eval results: Cost:0.9695 Pre:0.0000 Re:0.0000 Acc:0.9875 F1:0.0000
--------------------------------------------------------------------

Epoch 111: Time: 0.0537 Cost: 2.4408 Pre: 0.0000 Re: 0.0000 Acc: 0.9788 F1: 0.0000
Epoch 112: Time: 0.0533 Cost: 2.4386 Pre: 0.0000 Re: 0.0000 Acc: 0.9788 F1: 0.0000
Epoch 113: Time: 0.0533 Cost: 2.4365 Pre: 0.0000 Re: 0.0000 Acc: 0.9788 F1: 0.0000
Epoch 114: Time: 0.0539 Cost: 2.4344 Pre: 0.0000 Re: 0.0000 Acc: 0.9788 F1: 0.0000
Epoch 115: Time: 0.0536 Cost: 2.4324 Pre: 0.0000 Re: 0.0000 Acc: 0.9788 F1: 0.0000
Epoch 116: Time: 0.0530 Cost: 2.4303 Pre: 0.0000 Re: 0.0000 Acc: 0.9788 F1: 0.0000
Epoch 117: Time: 0.0544 Cost: 2.4284 Pre: 0.0000 Re: 0.0000 Acc: 0.9788 F1: 0.0000
Epoch 118: Time: 0.0554 Cost: 2.4264 Pre: 0.0000 Re: 0.0000 Acc: 0.9788 F1: 0.0000
Epoch 119: Time: 0.0542 Cost: 2.4244 Pre: 0.0000 Re: 0.0000 Acc: 0.9788 F1: 0.0000
Epoch 120: Time: 0.0534 Cost: 2.4225 Pre: 0.0000 Re: 0.0000 Acc: 0.9788 F1: 0.0000


--------------------------------------------------------------------
Eval results: Cost:0.9626 Pre:0.0000 Re:0.0000 Acc:0.9875 F1:0.0000
--------------------------------------------------------------------

Epoch 121: Time: 0.0548 Cost: 2.4206 Pre: 0.0000 Re: 0.0000 Acc: 0.9788 F1: 0.0000
Epoch 122: Time: 0.0529 Cost: 2.4187 Pre: 0.0000 Re: 0.0000 Acc: 0.9788 F1: 0.0000
Epoch 123: Time: 0.0532 Cost: 2.4168 Pre: 0.0000 Re: 0.0000 Acc: 0.9788 F1: 0.0000
Epoch 124: Time: 0.0532 Cost: 2.4150 Pre: 0.0000 Re: 0.0000 Acc: 0.9788 F1: 0.0000
Epoch 125: Time: 0.0532 Cost: 2.4132 Pre: 0.0000 Re: 0.0000 Acc: 0.9788 F1: 0.0000
Epoch 126: Time: 0.0576 Cost: 2.4114 Pre: 0.0000 Re: 0.0000 Acc: 0.9788 F1: 0.0000
Epoch 127: Time: 0.0714 Cost: 2.4096 Pre: 0.0000 Re: 0.0000 Acc: 0.9788 F1: 0.0000
Epoch 128: Time: 0.0688 Cost: 2.4079 Pre: 0.0000 Re: 0.0000 Acc: 0.9788 F1: 0.0000
Epoch 129: Time: 0.0676 Cost: 2.4061 Pre: 0.0000 Re: 0.0000 Acc: 0.9788 F1: 0.0000
Epoch 130: Time: 0.0616 Cost: 2.4043 Pre: 0.0000 Re: 0.0000 Acc: 0.9788 F1: 0.0000


--------------------------------------------------------------------
Eval results: Cost:0.9568 Pre:0.0000 Re:0.0000 Acc:0.9875 F1:0.0000
--------------------------------------------------------------------

Epoch 131: Time: 0.0541 Cost: 2.4026 Pre: 0.0000 Re: 0.0000 Acc: 0.9788 F1: 0.0000
Epoch 132: Time: 0.0527 Cost: 2.4008 Pre: 0.0000 Re: 0.0000 Acc: 0.9788 F1: 0.0000
Epoch 133: Time: 0.0557 Cost: 2.3991 Pre: 0.0000 Re: 0.0000 Acc: 0.9788 F1: 0.0000
Epoch 134: Time: 0.0550 Cost: 2.3974 Pre: 0.0000 Re: 0.0000 Acc: 0.9788 F1: 0.0000
Epoch 135: Time: 0.0546 Cost: 2.3957 Pre: 0.0000 Re: 0.0000 Acc: 0.9788 F1: 0.0000
Epoch 136: Time: 0.0536 Cost: 2.3940 Pre: 0.0000 Re: 0.0000 Acc: 0.9788 F1: 0.0000
Epoch 137: Time: 0.0538 Cost: 2.3923 Pre: 0.0000 Re: 0.0000 Acc: 0.9788 F1: 0.0000
Epoch 138: Time: 0.0553 Cost: 2.3906 Pre: 0.0000 Re: 0.0000 Acc: 0.9788 F1: 0.0000
Epoch 139: Time: 0.0528 Cost: 2.3889 Pre: 0.0000 Re: 0.0000 Acc: 0.9788 F1: 0.0000
Epoch 140: Time: 0.0534 Cost: 2.3871 Pre: 0.0000 Re: 0.0000 Acc: 0.9788 F1: 0.0000


--------------------------------------------------------------------
Eval results: Cost:0.9517 Pre:0.0000 Re:0.0000 Acc:0.9875 F1:0.0000
--------------------------------------------------------------------

Epoch 141: Time: 0.0539 Cost: 2.3854 Pre: 0.0000 Re: 0.0000 Acc: 0.9788 F1: 0.0000
Epoch 142: Time: 0.0535 Cost: 2.3837 Pre: 0.0000 Re: 0.0000 Acc: 0.9788 F1: 0.0000
Epoch 143: Time: 0.0541 Cost: 2.3820 Pre: 0.0000 Re: 0.0000 Acc: 0.9788 F1: 0.0000
Epoch 144: Time: 0.0537 Cost: 2.3803 Pre: 0.0000 Re: 0.0000 Acc: 0.9788 F1: 0.0000
Epoch 145: Time: 0.0533 Cost: 2.3786 Pre: 0.0000 Re: 0.0000 Acc: 0.9788 F1: 0.0000
Epoch 146: Time: 0.0536 Cost: 2.3769 Pre: 0.0000 Re: 0.0000 Acc: 0.9788 F1: 0.0000
Epoch 147: Time: 0.0535 Cost: 2.3752 Pre: 0.0000 Re: 0.0000 Acc: 0.9788 F1: 0.0000
Epoch 148: Time: 0.0549 Cost: 2.3735 Pre: 0.0000 Re: 0.0000 Acc: 0.9788 F1: 0.0000
Epoch 149: Time: 0.0543 Cost: 2.3718 Pre: 0.0000 Re: 0.0000 Acc: 0.9788 F1: 0.0000
Epoch 150: Time: 0.0533 Cost: 2.3700 Pre: 0.0000 Re: 0.0000 Acc: 0.9788 F1: 0.0000


--------------------------------------------------------------------
Eval results: Cost:0.9469 Pre:0.0000 Re:0.0000 Acc:0.9875 F1:0.0000
--------------------------------------------------------------------

Epoch 151: Time: 0.0557 Cost: 2.3683 Pre: 0.0000 Re: 0.0000 Acc: 0.9788 F1: 0.0000
Epoch 152: Time: 0.0537 Cost: 2.3665 Pre: 0.0000 Re: 0.0000 Acc: 0.9788 F1: 0.0000
Epoch 153: Time: 0.0550 Cost: 2.3648 Pre: 0.0000 Re: 0.0000 Acc: 0.9788 F1: 0.0000
Epoch 154: Time: 0.0546 Cost: 2.3630 Pre: 0.0000 Re: 0.0000 Acc: 0.9788 F1: 0.0000
Epoch 155: Time: 0.0532 Cost: 2.3613 Pre: 0.0000 Re: 0.0000 Acc: 0.9788 F1: 0.0000
Epoch 156: Time: 0.0532 Cost: 2.3595 Pre: 0.0000 Re: 0.0000 Acc: 0.9788 F1: 0.0000
Epoch 157: Time: 0.0536 Cost: 2.3577 Pre: 0.0000 Re: 0.0000 Acc: 0.9788 F1: 0.0000
Epoch 158: Time: 0.0532 Cost: 2.3559 Pre: 0.0000 Re: 0.0000 Acc: 0.9788 F1: 0.0000
Epoch 159: Time: 0.0531 Cost: 2.3541 Pre: 0.0000 Re: 0.0000 Acc: 0.9788 F1: 0.0000
Epoch 160: Time: 0.0542 Cost: 2.3523 Pre: 0.0000 Re: 0.0000 Acc: 0.9788 F1: 0.0000


--------------------------------------------------------------------
Eval results: Cost:0.9421 Pre:0.0000 Re:0.0000 Acc:0.9875 F1:0.0000
--------------------------------------------------------------------

Epoch 161: Time: 0.0539 Cost: 2.3505 Pre: 0.0000 Re: 0.0000 Acc: 0.9788 F1: 0.0000
Epoch 162: Time: 0.0533 Cost: 2.3487 Pre: 0.0000 Re: 0.0000 Acc: 0.9788 F1: 0.0000
Epoch 163: Time: 0.0529 Cost: 2.3468 Pre: 0.0000 Re: 0.0000 Acc: 0.9788 F1: 0.0000
Epoch 164: Time: 0.0555 Cost: 2.3449 Pre: 0.0000 Re: 0.0000 Acc: 0.9788 F1: 0.0000
Epoch 165: Time: 0.0533 Cost: 2.3431 Pre: 0.0000 Re: 0.0000 Acc: 0.9788 F1: 0.0000
Epoch 166: Time: 0.0535 Cost: 2.3412 Pre: 0.0000 Re: 0.0000 Acc: 0.9788 F1: 0.0000
Epoch 167: Time: 0.0533 Cost: 2.3393 Pre: 0.0000 Re: 0.0000 Acc: 0.9788 F1: 0.0000
Epoch 168: Time: 0.0562 Cost: 2.3373 Pre: 0.0000 Re: 0.0000 Acc: 0.9788 F1: 0.0000
Epoch 169: Time: 0.0541 Cost: 2.3354 Pre: 0.0000 Re: 0.0000 Acc: 0.9788 F1: 0.0000
Epoch 170: Time: 0.0534 Cost: 2.3334 Pre: 0.0000 Re: 0.0000 Acc: 0.9788 F1: 0.0000


--------------------------------------------------------------------
Eval results: Cost:0.9367 Pre:0.0000 Re:0.0000 Acc:0.9875 F1:0.0000
--------------------------------------------------------------------

Epoch 171: Time: 0.0541 Cost: 2.3314 Pre: 0.0000 Re: 0.0000 Acc: 0.9788 F1: 0.0000
Epoch 172: Time: 0.0532 Cost: 2.3294 Pre: 0.0000 Re: 0.0000 Acc: 0.9788 F1: 0.0000
Epoch 173: Time: 0.0531 Cost: 2.3274 Pre: 0.0000 Re: 0.0000 Acc: 0.9788 F1: 0.0000
Epoch 174: Time: 0.0531 Cost: 2.3254 Pre: 0.0000 Re: 0.0000 Acc: 0.9788 F1: 0.0000
Epoch 175: Time: 0.0533 Cost: 2.3233 Pre: 0.0000 Re: 0.0000 Acc: 0.9788 F1: 0.0000
Epoch 176: Time: 0.0532 Cost: 2.3212 Pre: 0.0000 Re: 0.0000 Acc: 0.9788 F1: 0.0000
Epoch 177: Time: 0.0536 Cost: 2.3191 Pre: 0.0000 Re: 0.0000 Acc: 0.9788 F1: 0.0000
Epoch 178: Time: 0.0532 Cost: 2.3170 Pre: 0.0000 Re: 0.0000 Acc: 0.9788 F1: 0.0000
Epoch 179: Time: 0.0531 Cost: 2.3148 Pre: 0.0000 Re: 0.0000 Acc: 0.9788 F1: 0.0000
Epoch 180: Time: 0.0537 Cost: 2.3126 Pre: 0.0000 Re: 0.0000 Acc: 0.9788 F1: 0.0000


--------------------------------------------------------------------
Eval results: Cost:0.9306 Pre:0.0000 Re:0.0000 Acc:0.9875 F1:0.0000
--------------------------------------------------------------------

Epoch 181: Time: 0.0555 Cost: 2.3104 Pre: 0.0000 Re: 0.0000 Acc: 0.9788 F1: 0.0000
Epoch 182: Time: 0.0533 Cost: 2.3082 Pre: 0.0000 Re: 0.0000 Acc: 0.9788 F1: 0.0000
Epoch 183: Time: 0.0530 Cost: 2.3059 Pre: 0.0000 Re: 0.0000 Acc: 0.9788 F1: 0.0000
Epoch 184: Time: 0.0535 Cost: 2.3036 Pre: 0.0000 Re: 0.0000 Acc: 0.9788 F1: 0.0000
Epoch 185: Time: 0.0558 Cost: 2.3013 Pre: 0.0000 Re: 0.0000 Acc: 0.9788 F1: 0.0000
Epoch 186: Time: 0.0545 Cost: 2.2989 Pre: 0.0000 Re: 0.0000 Acc: 0.9788 F1: 0.0000
Epoch 187: Time: 0.0536 Cost: 2.2965 Pre: 0.0000 Re: 0.0000 Acc: 0.9788 F1: 0.0000
Epoch 188: Time: 0.0537 Cost: 2.2941 Pre: 0.0000 Re: 0.0000 Acc: 0.9788 F1: 0.0000
Epoch 189: Time: 0.0569 Cost: 2.2916 Pre: 0.0000 Re: 0.0000 Acc: 0.9788 F1: 0.0000
Epoch 190: Time: 0.0533 Cost: 2.2891 Pre: 0.0000 Re: 0.0000 Acc: 0.9788 F1: 0.0000


--------------------------------------------------------------------
Eval results: Cost:0.9232 Pre:0.0000 Re:0.0000 Acc:0.9875 F1:0.0000
--------------------------------------------------------------------

Epoch 191: Time: 0.0533 Cost: 2.2865 Pre: 0.0000 Re: 0.0000 Acc: 0.9788 F1: 0.0000
Epoch 192: Time: 0.0536 Cost: 2.2839 Pre: 0.0000 Re: 0.0000 Acc: 0.9788 F1: 0.0000
Epoch 193: Time: 0.0543 Cost: 2.2813 Pre: 0.0000 Re: 0.0000 Acc: 0.9788 F1: 0.0000
Epoch 194: Time: 0.0537 Cost: 2.2786 Pre: 0.0000 Re: 0.0000 Acc: 0.9788 F1: 0.0000
Epoch 195: Time: 0.0533 Cost: 2.2758 Pre: 0.0000 Re: 0.0000 Acc: 0.9788 F1: 0.0000
Epoch 196: Time: 0.0532 Cost: 2.2731 Pre: 0.0000 Re: 0.0000 Acc: 0.9788 F1: 0.0000
Epoch 197: Time: 0.0535 Cost: 2.2702 Pre: 0.0000 Re: 0.0000 Acc: 0.9788 F1: 0.0000
Epoch 198: Time: 0.0542 Cost: 2.2673 Pre: 0.0000 Re: 0.0000 Acc: 0.9788 F1: 0.0000
Epoch 199: Time: 0.0555 Cost: 2.2644 Pre: 0.0000 Re: 0.0000 Acc: 0.9788 F1: 0.0000
Epoch 200: Time: 0.0527 Cost: 2.2614 Pre: 0.0000 Re: 0.0000 Acc: 0.9788 F1: 0.0000


--------------------------------------------------------------------
Eval results: Cost:0.9139 Pre:0.0000 Re:0.0000 Acc:0.9875 F1:0.0000
--------------------------------------------------------------------

Epoch 201: Time: 0.0546 Cost: 2.2583 Pre: 0.0000 Re: 0.0000 Acc: 0.9788 F1: 0.0000
Epoch 202: Time: 0.0558 Cost: 2.2552 Pre: 0.0000 Re: 0.0000 Acc: 0.9788 F1: 0.0000
Epoch 203: Time: 0.0539 Cost: 2.2520 Pre: 0.0000 Re: 0.0000 Acc: 0.9788 F1: 0.0000
Epoch 204: Time: 0.0535 Cost: 2.2488 Pre: 0.0000 Re: 0.0000 Acc: 0.9788 F1: 0.0000
Epoch 205: Time: 0.0567 Cost: 2.2454 Pre: 0.0000 Re: 0.0000 Acc: 0.9788 F1: 0.0000
Epoch 206: Time: 0.0533 Cost: 2.2420 Pre: 0.0000 Re: 0.0000 Acc: 0.9788 F1: 0.0000
Epoch 207: Time: 0.0532 Cost: 2.2385 Pre: 0.0000 Re: 0.0000 Acc: 0.9788 F1: 0.0000
Epoch 208: Time: 0.0531 Cost: 2.2349 Pre: 0.0000 Re: 0.0000 Acc: 0.9788 F1: 0.0000
Epoch 209: Time: 0.0536 Cost: 2.2313 Pre: 0.0000 Re: 0.0000 Acc: 0.9788 F1: 0.0000
Epoch 210: Time: 0.0532 Cost: 2.2275 Pre: 0.0000 Re: 0.0000 Acc: 0.9788 F1: 0.0000


--------------------------------------------------------------------
Eval results: Cost:0.9018 Pre:0.0000 Re:0.0000 Acc:0.9875 F1:0.0000
--------------------------------------------------------------------

Epoch 211: Time: 0.0540 Cost: 2.2237 Pre: 0.0000 Re: 0.0000 Acc: 0.9788 F1: 0.0000
Epoch 212: Time: 0.0546 Cost: 2.2197 Pre: 0.0000 Re: 0.0000 Acc: 0.9788 F1: 0.0000
Epoch 213: Time: 0.0532 Cost: 2.2156 Pre: 0.0000 Re: 0.0000 Acc: 0.9788 F1: 0.0000
Epoch 214: Time: 0.0602 Cost: 2.2114 Pre: 0.0000 Re: 0.0000 Acc: 0.9788 F1: 0.0000
Epoch 215: Time: 0.0559 Cost: 2.2071 Pre: 0.0000 Re: 0.0000 Acc: 0.9788 F1: 0.0000
Epoch 216: Time: 0.0539 Cost: 2.2026 Pre: 0.0000 Re: 0.0000 Acc: 0.9788 F1: 0.0000
Epoch 217: Time: 0.0533 Cost: 2.1980 Pre: 0.0000 Re: 0.0000 Acc: 0.9788 F1: 0.0000
Epoch 218: Time: 0.0539 Cost: 2.1933 Pre: 0.0000 Re: 0.0000 Acc: 0.9788 F1: 0.0000
Epoch 219: Time: 0.0566 Cost: 2.1884 Pre: 0.0000 Re: 0.0000 Acc: 0.9788 F1: 0.0000
Epoch 220: Time: 0.0552 Cost: 2.1833 Pre: 0.0000 Re: 0.0000 Acc: 0.9788 F1: 0.0000


--------------------------------------------------------------------
Eval results: Cost:0.8856 Pre:0.0000 Re:0.0000 Acc:0.9875 F1:0.0000
--------------------------------------------------------------------

Epoch 221: Time: 0.0537 Cost: 2.1781 Pre: 0.0000 Re: 0.0000 Acc: 0.9788 F1: 0.0000
Epoch 222: Time: 0.0536 Cost: 2.1726 Pre: 0.0000 Re: 0.0000 Acc: 0.9788 F1: 0.0000
Epoch 223: Time: 0.0533 Cost: 2.1669 Pre: 0.0000 Re: 0.0000 Acc: 0.9788 F1: 0.0000
Epoch 224: Time: 0.0534 Cost: 2.1610 Pre: 0.0000 Re: 0.0000 Acc: 0.9788 F1: 0.0000
Epoch 225: Time: 0.0545 Cost: 2.1549 Pre: 0.0000 Re: 0.0000 Acc: 0.9788 F1: 0.0000
Epoch 226: Time: 0.0532 Cost: 2.1485 Pre: 0.0000 Re: 0.0000 Acc: 0.9788 F1: 0.0000
Epoch 227: Time: 0.0535 Cost: 2.1418 Pre: 0.0000 Re: 0.0000 Acc: 0.9788 F1: 0.0000
Epoch 228: Time: 0.0541 Cost: 2.1348 Pre: 0.0000 Re: 0.0000 Acc: 0.9788 F1: 0.0000
Epoch 229: Time: 0.0534 Cost: 2.1275 Pre: 0.0000 Re: 0.0000 Acc: 0.9788 F1: 0.0000
Epoch 230: Time: 0.0532 Cost: 2.1198 Pre: 0.0000 Re: 0.0000 Acc: 0.9788 F1: 0.0000


--------------------------------------------------------------------
Eval results: Cost:0.8624 Pre:0.0000 Re:0.0000 Acc:0.9875 F1:0.0000
--------------------------------------------------------------------

Epoch 231: Time: 0.0536 Cost: 2.1118 Pre: 0.0000 Re: 0.0000 Acc: 0.9788 F1: 0.0000
Epoch 232: Time: 0.0539 Cost: 2.1032 Pre: 0.0000 Re: 0.0000 Acc: 0.9788 F1: 0.0000
Epoch 233: Time: 0.0530 Cost: 2.0943 Pre: 0.0000 Re: 0.0000 Acc: 0.9788 F1: 0.0000
Epoch 234: Time: 0.0534 Cost: 2.0847 Pre: 0.0000 Re: 0.0000 Acc: 0.9788 F1: 0.0000
Epoch 235: Time: 0.0557 Cost: 2.0746 Pre: 0.0000 Re: 0.0000 Acc: 0.9788 F1: 0.0000
Epoch 236: Time: 0.0555 Cost: 2.0639 Pre: 0.0000 Re: 0.0000 Acc: 0.9788 F1: 0.0000
Epoch 237: Time: 0.0540 Cost: 2.0525 Pre: 0.0000 Re: 0.0000 Acc: 0.9788 F1: 0.0000
Epoch 238: Time: 0.0529 Cost: 2.0403 Pre: 0.0000 Re: 0.0000 Acc: 0.9788 F1: 0.0000
Epoch 239: Time: 0.0538 Cost: 2.0273 Pre: 0.0000 Re: 0.0000 Acc: 0.9788 F1: 0.0000
Epoch 240: Time: 0.0555 Cost: 2.0133 Pre: 0.0000 Re: 0.0000 Acc: 0.9788 F1: 0.0000


--------------------------------------------------------------------
Eval results: Cost:0.8246 Pre:0.0000 Re:0.0000 Acc:0.9875 F1:0.0000
--------------------------------------------------------------------

Epoch 241: Time: 0.0537 Cost: 1.9982 Pre: 0.0000 Re: 0.0000 Acc: 0.9788 F1: 0.0000
Epoch 242: Time: 0.0535 Cost: 1.9819 Pre: 0.0000 Re: 0.0000 Acc: 0.9788 F1: 0.0000
Epoch 243: Time: 0.0532 Cost: 1.9643 Pre: 0.0000 Re: 0.0000 Acc: 0.9788 F1: 0.0000
Epoch 244: Time: 0.0543 Cost: 1.9450 Pre: 0.0000 Re: 0.0000 Acc: 0.9788 F1: 0.0000
Epoch 245: Time: 0.0535 Cost: 1.9241 Pre: 0.0000 Re: 0.0000 Acc: 0.9788 F1: 0.0000
Epoch 246: Time: 0.0533 Cost: 1.9013 Pre: 0.0000 Re: 0.0000 Acc: 0.9788 F1: 0.0000
Epoch 247: Time: 0.0533 Cost: 1.8764 Pre: 0.0000 Re: 0.0000 Acc: 0.9788 F1: 0.0000
Epoch 248: Time: 0.0531 Cost: 1.8492 Pre: 0.0000 Re: 0.0000 Acc: 0.9788 F1: 0.0000
Epoch 249: Time: 0.0553 Cost: 1.8195 Pre: 0.0000 Re: 0.0000 Acc: 0.9788 F1: 0.0000
Epoch 250: Time: 0.0532 Cost: 1.7871 Pre: 0.0000 Re: 0.0000 Acc: 0.9788 F1: 0.0000


--------------------------------------------------------------------
Eval results: Cost:0.7391 Pre:0.0000 Re:0.0000 Acc:0.9875 F1:0.0000
--------------------------------------------------------------------

Epoch 251: Time: 0.0539 Cost: 1.7519 Pre: 0.0000 Re: 0.0000 Acc: 0.9788 F1: 0.0000
Epoch 252: Time: 0.0547 Cost: 1.7136 Pre: 0.0000 Re: 0.0000 Acc: 0.9788 F1: 0.0000
Epoch 253: Time: 0.0539 Cost: 1.6724 Pre: 0.0000 Re: 0.0000 Acc: 0.9788 F1: 0.0000
Epoch 254: Time: 0.0532 Cost: 1.6285 Pre: 0.0000 Re: 0.0000 Acc: 0.9788 F1: 0.0000
Epoch 255: Time: 0.0533 Cost: 1.5821 Pre: 0.0000 Re: 0.0000 Acc: 0.9788 F1: 0.0000
Epoch 256: Time: 0.0548 Cost: 1.5335 Pre: 0.0000 Re: 0.0000 Acc: 0.9788 F1: 0.0000
Epoch 257: Time: 0.0532 Cost: 1.4832 Pre: 0.0000 Re: 0.0000 Acc: 0.9788 F1: 0.0000
Epoch 258: Time: 0.0533 Cost: 1.4317 Pre: 0.0000 Re: 0.0000 Acc: 0.9788 F1: 0.0000
Epoch 259: Time: 0.0533 Cost: 1.3796 Pre: 0.0000 Re: 0.0000 Acc: 0.9788 F1: 0.0000
Epoch 260: Time: 0.0669 Cost: 1.3275 Pre: 0.0000 Re: 0.0000 Acc: 0.9788 F1: 0.0000


--------------------------------------------------------------------
Eval results: Cost:0.5297 Pre:0.0000 Re:0.0000 Acc:0.9875 F1:0.0000
--------------------------------------------------------------------

Epoch 261: Time: 0.0555 Cost: 1.2757 Pre: 0.0000 Re: 0.0000 Acc: 0.9788 F1: 0.0000
Epoch 262: Time: 0.0533 Cost: 1.2246 Pre: 0.0000 Re: 0.0000 Acc: 0.9788 F1: 0.0000
Epoch 263: Time: 0.0535 Cost: 1.1747 Pre: 0.0000 Re: 0.0000 Acc: 0.9788 F1: 0.0000
Epoch 264: Time: 0.0535 Cost: 1.1262 Pre: 0.0000 Re: 0.0000 Acc: 0.9788 F1: 0.0000
Epoch 265: Time: 0.0540 Cost: 1.0793 Pre: 0.0000 Re: 0.0000 Acc: 0.9788 F1: 0.0000
Epoch 266: Time: 0.0551 Cost: 1.0342 Pre: 0.0000 Re: 0.0000 Acc: 0.9788 F1: 0.0000
Epoch 267: Time: 0.0532 Cost: 0.9910 Pre: 0.0000 Re: 0.0000 Acc: 0.9788 F1: 0.0000
Epoch 268: Time: 0.0529 Cost: 0.9500 Pre: 0.0000 Re: 0.0000 Acc: 0.9788 F1: 0.0000
Epoch 269: Time: 0.0534 Cost: 0.9113 Pre: 1.0000 Re: 0.2000 Acc: 0.9831 F1: 0.3333
Epoch 270: Time: 0.0581 Cost: 0.8749 Pre: 1.0000 Re: 0.2000 Acc: 0.9831 F1: 0.3333


--------------------------------------------------------------------
Eval results: Cost:0.3113 Pre:0.0000 Re:0.0000 Acc:0.9875 F1:0.0000
--------------------------------------------------------------------

Epoch 271: Time: 0.0540 Cost: 0.8410 Pre: 1.0000 Re: 0.4000 Acc: 0.9873 F1: 0.5714
Epoch 272: Time: 0.0536 Cost: 0.8096 Pre: 1.0000 Re: 0.6000 Acc: 0.9915 F1: 0.7500
Epoch 273: Time: 0.0545 Cost: 0.7805 Pre: 1.0000 Re: 0.6000 Acc: 0.9915 F1: 0.7500
Epoch 274: Time: 0.0528 Cost: 0.7536 Pre: 1.0000 Re: 0.6000 Acc: 0.9915 F1: 0.7500
Epoch 275: Time: 0.0544 Cost: 0.7288 Pre: 1.0000 Re: 0.8000 Acc: 0.9958 F1: 0.8889
Epoch 276: Time: 0.0527 Cost: 0.7058 Pre: 1.0000 Re: 0.8000 Acc: 0.9958 F1: 0.8889
Epoch 277: Time: 0.0530 Cost: 0.6845 Pre: 1.0000 Re: 1.0000 Acc: 1.0000 F1: 1.0000
Epoch 278: Time: 0.0580 Cost: 0.6646 Pre: 1.0000 Re: 1.0000 Acc: 1.0000 F1: 1.0000
Epoch 279: Time: 0.0532 Cost: 0.6460 Pre: 1.0000 Re: 1.0000 Acc: 1.0000 F1: 1.0000
Epoch 280: Time: 0.0532 Cost: 0.6285 Pre: 1.0000 Re: 1.0000 Acc: 1.0000 F1: 1.0000


--------------------------------------------------------------------
Eval results: Cost:0.2164 Pre:1.0000 Re:1.0000 Acc:1.0000 F1:1.0000
--------------------------------------------------------------------

Epoch 281: Time: 0.0537 Cost: 0.6119 Pre: 1.0000 Re: 1.0000 Acc: 1.0000 F1: 1.0000
Epoch 282: Time: 0.0549 Cost: 0.5961 Pre: 1.0000 Re: 1.0000 Acc: 1.0000 F1: 1.0000
Epoch 283: Time: 0.0536 Cost: 0.5809 Pre: 1.0000 Re: 1.0000 Acc: 1.0000 F1: 1.0000
Epoch 284: Time: 0.0532 Cost: 0.5664 Pre: 1.0000 Re: 1.0000 Acc: 1.0000 F1: 1.0000
Epoch 285: Time: 0.0530 Cost: 0.5525 Pre: 1.0000 Re: 1.0000 Acc: 1.0000 F1: 1.0000
Epoch 286: Time: 0.0556 Cost: 0.5392 Pre: 1.0000 Re: 1.0000 Acc: 1.0000 F1: 1.0000
Epoch 287: Time: 0.0544 Cost: 0.5264 Pre: 1.0000 Re: 1.0000 Acc: 1.0000 F1: 1.0000
Epoch 288: Time: 0.0536 Cost: 0.5141 Pre: 1.0000 Re: 1.0000 Acc: 1.0000 F1: 1.0000
Epoch 289: Time: 0.0531 Cost: 0.5024 Pre: 1.0000 Re: 1.0000 Acc: 1.0000 F1: 1.0000
Epoch 290: Time: 0.0539 Cost: 0.4911 Pre: 1.0000 Re: 1.0000 Acc: 1.0000 F1: 1.0000


--------------------------------------------------------------------
Eval results: Cost:0.1694 Pre:1.0000 Re:1.0000 Acc:1.0000 F1:1.0000
--------------------------------------------------------------------

Epoch 291: Time: 0.0532 Cost: 0.4804 Pre: 1.0000 Re: 1.0000 Acc: 1.0000 F1: 1.0000
Epoch 292: Time: 0.0529 Cost: 0.4702 Pre: 1.0000 Re: 1.0000 Acc: 1.0000 F1: 1.0000
Epoch 293: Time: 0.0531 Cost: 0.4604 Pre: 1.0000 Re: 1.0000 Acc: 1.0000 F1: 1.0000
Epoch 294: Time: 0.0534 Cost: 0.4512 Pre: 1.0000 Re: 1.0000 Acc: 1.0000 F1: 1.0000
Epoch 295: Time: 0.0543 Cost: 0.4424 Pre: 1.0000 Re: 1.0000 Acc: 1.0000 F1: 1.0000
Epoch 296: Time: 0.0532 Cost: 0.4340 Pre: 1.0000 Re: 1.0000 Acc: 1.0000 F1: 1.0000
Epoch 297: Time: 0.0533 Cost: 0.4260 Pre: 1.0000 Re: 1.0000 Acc: 1.0000 F1: 1.0000
Epoch 298: Time: 0.0574 Cost: 0.4184 Pre: 1.0000 Re: 1.0000 Acc: 1.0000 F1: 1.0000
Epoch 299: Time: 0.0532 Cost: 0.4112 Pre: 1.0000 Re: 1.0000 Acc: 1.0000 F1: 1.0000
Epoch 300: Time: 0.0549 Cost: 0.4043 Pre: 1.0000 Re: 1.0000 Acc: 1.0000 F1: 1.0000


--------------------------------------------------------------------
Eval results: Cost:0.1401 Pre:1.0000 Re:1.0000 Acc:1.0000 F1:1.0000
--------------------------------------------------------------------

Epoch 301: Time: 0.0534 Cost: 0.3978 Pre: 1.0000 Re: 1.0000 Acc: 1.0000 F1: 1.0000
Epoch 302: Time: 0.0535 Cost: 0.3915 Pre: 1.0000 Re: 1.0000 Acc: 1.0000 F1: 1.0000
Epoch 303: Time: 0.0552 Cost: 0.3855 Pre: 1.0000 Re: 1.0000 Acc: 1.0000 F1: 1.0000
Epoch 304: Time: 0.0550 Cost: 0.3799 Pre: 1.0000 Re: 1.0000 Acc: 1.0000 F1: 1.0000
Epoch 305: Time: 0.0528 Cost: 0.3744 Pre: 1.0000 Re: 1.0000 Acc: 1.0000 F1: 1.0000
Epoch 306: Time: 0.0536 Cost: 0.3692 Pre: 1.0000 Re: 1.0000 Acc: 1.0000 F1: 1.0000
Epoch 307: Time: 0.0539 Cost: 0.3642 Pre: 1.0000 Re: 1.0000 Acc: 1.0000 F1: 1.0000
Epoch 308: Time: 0.0528 Cost: 0.3594 Pre: 1.0000 Re: 1.0000 Acc: 1.0000 F1: 1.0000
Epoch 309: Time: 0.0530 Cost: 0.3548 Pre: 1.0000 Re: 1.0000 Acc: 1.0000 F1: 1.0000
Epoch 310: Time: 0.0533 Cost: 0.3503 Pre: 1.0000 Re: 1.0000 Acc: 1.0000 F1: 1.0000


--------------------------------------------------------------------
Eval results: Cost:0.1219 Pre:1.0000 Re:1.0000 Acc:1.0000 F1:1.0000
--------------------------------------------------------------------

Epoch 311: Time: 0.0542 Cost: 0.3461 Pre: 1.0000 Re: 1.0000 Acc: 1.0000 F1: 1.0000
Epoch 312: Time: 0.0554 Cost: 0.3419 Pre: 1.0000 Re: 1.0000 Acc: 1.0000 F1: 1.0000
Epoch 313: Time: 0.0529 Cost: 0.3379 Pre: 1.0000 Re: 1.0000 Acc: 1.0000 F1: 1.0000
Epoch 314: Time: 0.0534 Cost: 0.3341 Pre: 1.0000 Re: 1.0000 Acc: 1.0000 F1: 1.0000
Epoch 315: Time: 0.0538 Cost: 0.3304 Pre: 1.0000 Re: 1.0000 Acc: 1.0000 F1: 1.0000
Epoch 316: Time: 0.0533 Cost: 0.3268 Pre: 1.0000 Re: 1.0000 Acc: 1.0000 F1: 1.0000
Epoch 317: Time: 0.0553 Cost: 0.3233 Pre: 1.0000 Re: 1.0000 Acc: 1.0000 F1: 1.0000
Epoch 318: Time: 0.0535 Cost: 0.3199 Pre: 1.0000 Re: 1.0000 Acc: 1.0000 F1: 1.0000
Epoch 319: Time: 0.0526 Cost: 0.3166 Pre: 1.0000 Re: 1.0000 Acc: 1.0000 F1: 1.0000
Epoch 320: Time: 0.0538 Cost: 0.3134 Pre: 1.0000 Re: 1.0000 Acc: 1.0000 F1: 1.0000


--------------------------------------------------------------------
Eval results: Cost:0.1094 Pre:1.0000 Re:1.0000 Acc:1.0000 F1:1.0000
--------------------------------------------------------------------

Epoch 321: Time: 0.0542 Cost: 0.3103 Pre: 1.0000 Re: 1.0000 Acc: 1.0000 F1: 1.0000
Epoch 322: Time: 0.0531 Cost: 0.3072 Pre: 1.0000 Re: 1.0000 Acc: 1.0000 F1: 1.0000
Epoch 323: Time: 0.0534 Cost: 0.3043 Pre: 1.0000 Re: 1.0000 Acc: 1.0000 F1: 1.0000
Epoch 324: Time: 0.0540 Cost: 0.3015 Pre: 1.0000 Re: 1.0000 Acc: 1.0000 F1: 1.0000
Epoch 325: Time: 0.0534 Cost: 0.2987 Pre: 1.0000 Re: 1.0000 Acc: 1.0000 F1: 1.0000
Epoch 326: Time: 0.0529 Cost: 0.2959 Pre: 1.0000 Re: 1.0000 Acc: 1.0000 F1: 1.0000
Epoch 327: Time: 0.0529 Cost: 0.2933 Pre: 1.0000 Re: 1.0000 Acc: 1.0000 F1: 1.0000
Epoch 328: Time: 0.0531 Cost: 0.2907 Pre: 1.0000 Re: 1.0000 Acc: 1.0000 F1: 1.0000
Epoch 329: Time: 0.0539 Cost: 0.2881 Pre: 1.0000 Re: 1.0000 Acc: 1.0000 F1: 1.0000
Epoch 330: Time: 0.0529 Cost: 0.2856 Pre: 1.0000 Re: 1.0000 Acc: 1.0000 F1: 1.0000


--------------------------------------------------------------------
Eval results: Cost:0.1000 Pre:1.0000 Re:1.0000 Acc:1.0000 F1:1.0000
--------------------------------------------------------------------

Epoch 331: Time: 0.0541 Cost: 0.2833 Pre: 1.0000 Re: 1.0000 Acc: 1.0000 F1: 1.0000
Epoch 332: Time: 0.0538 Cost: 0.2809 Pre: 1.0000 Re: 1.0000 Acc: 1.0000 F1: 1.0000
Epoch 333: Time: 0.0545 Cost: 0.2786 Pre: 1.0000 Re: 1.0000 Acc: 1.0000 F1: 1.0000
Epoch 334: Time: 0.0548 Cost: 0.2763 Pre: 1.0000 Re: 1.0000 Acc: 1.0000 F1: 1.0000
Epoch 335: Time: 0.0529 Cost: 0.2741 Pre: 1.0000 Re: 1.0000 Acc: 1.0000 F1: 1.0000
Epoch 336: Time: 0.0536 Cost: 0.2719 Pre: 1.0000 Re: 1.0000 Acc: 1.0000 F1: 1.0000
Epoch 337: Time: 0.0546 Cost: 0.2698 Pre: 1.0000 Re: 1.0000 Acc: 1.0000 F1: 1.0000
Epoch 338: Time: 0.0545 Cost: 0.2678 Pre: 1.0000 Re: 1.0000 Acc: 1.0000 F1: 1.0000
Epoch 339: Time: 0.0540 Cost: 0.2657 Pre: 1.0000 Re: 1.0000 Acc: 1.0000 F1: 1.0000
Epoch 340: Time: 0.0535 Cost: 0.2637 Pre: 1.0000 Re: 1.0000 Acc: 1.0000 F1: 1.0000


--------------------------------------------------------------------
Eval results: Cost:0.0926 Pre:1.0000 Re:1.0000 Acc:1.0000 F1:1.0000
--------------------------------------------------------------------

Epoch 341: Time: 0.0541 Cost: 0.2618 Pre: 1.0000 Re: 1.0000 Acc: 1.0000 F1: 1.0000
Epoch 342: Time: 0.0540 Cost: 0.2598 Pre: 1.0000 Re: 1.0000 Acc: 1.0000 F1: 1.0000
Epoch 343: Time: 0.0534 Cost: 0.2580 Pre: 1.0000 Re: 1.0000 Acc: 1.0000 F1: 1.0000
Epoch 344: Time: 0.0632 Cost: 0.2562 Pre: 1.0000 Re: 1.0000 Acc: 1.0000 F1: 1.0000
Epoch 345: Time: 0.0560 Cost: 0.2544 Pre: 1.0000 Re: 1.0000 Acc: 1.0000 F1: 1.0000
Epoch 346: Time: 0.0538 Cost: 0.2526 Pre: 1.0000 Re: 1.0000 Acc: 1.0000 F1: 1.0000
Epoch 347: Time: 0.0528 Cost: 0.2509 Pre: 1.0000 Re: 1.0000 Acc: 1.0000 F1: 1.0000
Epoch 348: Time: 0.0533 Cost: 0.2492 Pre: 1.0000 Re: 1.0000 Acc: 1.0000 F1: 1.0000
Epoch 349: Time: 0.0540 Cost: 0.2475 Pre: 1.0000 Re: 1.0000 Acc: 1.0000 F1: 1.0000
Epoch 350: Time: 0.0543 Cost: 0.2458 Pre: 1.0000 Re: 1.0000 Acc: 1.0000 F1: 1.0000


--------------------------------------------------------------------
Eval results: Cost:0.0865 Pre:1.0000 Re:1.0000 Acc:1.0000 F1:1.0000
--------------------------------------------------------------------

Epoch 351: Time: 0.0544 Cost: 0.2443 Pre: 1.0000 Re: 1.0000 Acc: 1.0000 F1: 1.0000
Epoch 352: Time: 0.0536 Cost: 0.2426 Pre: 1.0000 Re: 1.0000 Acc: 1.0000 F1: 1.0000
Epoch 353: Time: 0.0537 Cost: 0.2411 Pre: 1.0000 Re: 1.0000 Acc: 1.0000 F1: 1.0000
Epoch 354: Time: 0.0553 Cost: 0.2396 Pre: 1.0000 Re: 1.0000 Acc: 1.0000 F1: 1.0000
Epoch 355: Time: 0.0542 Cost: 0.2381 Pre: 1.0000 Re: 1.0000 Acc: 1.0000 F1: 1.0000
Epoch 356: Time: 0.0540 Cost: 0.2366 Pre: 1.0000 Re: 1.0000 Acc: 1.0000 F1: 1.0000
Epoch 357: Time: 0.0533 Cost: 0.2351 Pre: 1.0000 Re: 1.0000 Acc: 1.0000 F1: 1.0000
Epoch 358: Time: 0.0539 Cost: 0.2337 Pre: 1.0000 Re: 1.0000 Acc: 1.0000 F1: 1.0000
Epoch 359: Time: 0.0536 Cost: 0.2323 Pre: 1.0000 Re: 1.0000 Acc: 1.0000 F1: 1.0000
Epoch 360: Time: 0.0537 Cost: 0.2309 Pre: 1.0000 Re: 1.0000 Acc: 1.0000 F1: 1.0000


--------------------------------------------------------------------
Eval results: Cost:0.0814 Pre:1.0000 Re:1.0000 Acc:1.0000 F1:1.0000
--------------------------------------------------------------------

Epoch 361: Time: 0.0538 Cost: 0.2296 Pre: 1.0000 Re: 1.0000 Acc: 1.0000 F1: 1.0000
Epoch 362: Time: 0.0536 Cost: 0.2282 Pre: 1.0000 Re: 1.0000 Acc: 1.0000 F1: 1.0000
Epoch 363: Time: 0.0533 Cost: 0.2269 Pre: 1.0000 Re: 1.0000 Acc: 1.0000 F1: 1.0000
Epoch 364: Time: 0.0533 Cost: 0.2256 Pre: 1.0000 Re: 1.0000 Acc: 1.0000 F1: 1.0000
Epoch 365: Time: 0.0535 Cost: 0.2243 Pre: 1.0000 Re: 1.0000 Acc: 1.0000 F1: 1.0000
Epoch 366: Time: 0.0550 Cost: 0.2230 Pre: 1.0000 Re: 1.0000 Acc: 1.0000 F1: 1.0000
Epoch 367: Time: 0.0573 Cost: 0.2218 Pre: 1.0000 Re: 1.0000 Acc: 1.0000 F1: 1.0000
Epoch 368: Time: 0.0536 Cost: 0.2206 Pre: 1.0000 Re: 1.0000 Acc: 1.0000 F1: 1.0000
Epoch 369: Time: 0.0531 Cost: 0.2194 Pre: 1.0000 Re: 1.0000 Acc: 1.0000 F1: 1.0000
Epoch 370: Time: 0.0534 Cost: 0.2182 Pre: 1.0000 Re: 1.0000 Acc: 1.0000 F1: 1.0000


--------------------------------------------------------------------
Eval results: Cost:0.0771 Pre:1.0000 Re:1.0000 Acc:1.0000 F1:1.0000
--------------------------------------------------------------------

Epoch 371: Time: 0.0574 Cost: 0.2170 Pre: 1.0000 Re: 1.0000 Acc: 1.0000 F1: 1.0000
Epoch 372: Time: 0.0536 Cost: 0.2158 Pre: 1.0000 Re: 1.0000 Acc: 1.0000 F1: 1.0000
Epoch 373: Time: 0.0534 Cost: 0.2147 Pre: 1.0000 Re: 1.0000 Acc: 1.0000 F1: 1.0000
Epoch 374: Time: 0.0536 Cost: 0.2136 Pre: 1.0000 Re: 1.0000 Acc: 1.0000 F1: 1.0000
Epoch 375: Time: 0.0540 Cost: 0.2125 Pre: 1.0000 Re: 1.0000 Acc: 1.0000 F1: 1.0000
Epoch 376: Time: 0.0530 Cost: 0.2114 Pre: 1.0000 Re: 1.0000 Acc: 1.0000 F1: 1.0000
Epoch 377: Time: 0.0528 Cost: 0.2104 Pre: 1.0000 Re: 1.0000 Acc: 1.0000 F1: 1.0000
Epoch 378: Time: 0.0536 Cost: 0.2093 Pre: 1.0000 Re: 1.0000 Acc: 1.0000 F1: 1.0000
Epoch 379: Time: 0.0531 Cost: 0.2082 Pre: 1.0000 Re: 1.0000 Acc: 1.0000 F1: 1.0000
Epoch 380: Time: 0.0545 Cost: 0.2072 Pre: 1.0000 Re: 1.0000 Acc: 1.0000 F1: 1.0000


--------------------------------------------------------------------
Eval results: Cost:0.0733 Pre:1.0000 Re:1.0000 Acc:1.0000 F1:1.0000
--------------------------------------------------------------------

Epoch 381: Time: 0.0535 Cost: 0.2062 Pre: 1.0000 Re: 1.0000 Acc: 1.0000 F1: 1.0000
Epoch 382: Time: 0.0533 Cost: 0.2052 Pre: 1.0000 Re: 1.0000 Acc: 1.0000 F1: 1.0000
Epoch 383: Time: 0.0534 Cost: 0.2042 Pre: 1.0000 Re: 1.0000 Acc: 1.0000 F1: 1.0000
Epoch 384: Time: 0.0546 Cost: 0.2033 Pre: 1.0000 Re: 1.0000 Acc: 1.0000 F1: 1.0000
Epoch 385: Time: 0.0531 Cost: 0.2023 Pre: 1.0000 Re: 1.0000 Acc: 1.0000 F1: 1.0000
Epoch 386: Time: 0.0537 Cost: 0.2013 Pre: 1.0000 Re: 1.0000 Acc: 1.0000 F1: 1.0000
Epoch 387: Time: 0.0569 Cost: 0.2004 Pre: 1.0000 Re: 1.0000 Acc: 1.0000 F1: 1.0000
Epoch 388: Time: 0.0557 Cost: 0.1995 Pre: 1.0000 Re: 1.0000 Acc: 1.0000 F1: 1.0000
Epoch 389: Time: 0.0545 Cost: 0.1985 Pre: 1.0000 Re: 1.0000 Acc: 1.0000 F1: 1.0000
Epoch 390: Time: 0.0531 Cost: 0.1976 Pre: 1.0000 Re: 1.0000 Acc: 1.0000 F1: 1.0000


--------------------------------------------------------------------
Eval results: Cost:0.0701 Pre:1.0000 Re:1.0000 Acc:1.0000 F1:1.0000
--------------------------------------------------------------------

Epoch 391: Time: 0.0548 Cost: 0.1968 Pre: 1.0000 Re: 1.0000 Acc: 1.0000 F1: 1.0000
Epoch 392: Time: 0.0532 Cost: 0.1958 Pre: 1.0000 Re: 1.0000 Acc: 1.0000 F1: 1.0000
Epoch 393: Time: 0.0535 Cost: 0.1950 Pre: 1.0000 Re: 1.0000 Acc: 1.0000 F1: 1.0000
Epoch 394: Time: 0.0535 Cost: 0.1942 Pre: 1.0000 Re: 1.0000 Acc: 1.0000 F1: 1.0000
Epoch 395: Time: 0.0532 Cost: 0.1933 Pre: 1.0000 Re: 1.0000 Acc: 1.0000 F1: 1.0000
Epoch 396: Time: 0.0538 Cost: 0.1925 Pre: 1.0000 Re: 1.0000 Acc: 1.0000 F1: 1.0000
Epoch 397: Time: 0.0546 Cost: 0.1917 Pre: 1.0000 Re: 1.0000 Acc: 1.0000 F1: 1.0000
Epoch 398: Time: 0.0529 Cost: 0.1908 Pre: 1.0000 Re: 1.0000 Acc: 1.0000 F1: 1.0000
Epoch 399: Time: 0.0532 Cost: 0.1900 Pre: 1.0000 Re: 1.0000 Acc: 1.0000 F1: 1.0000
Epoch 400: Time: 0.0533 Cost: 0.1892 Pre: 1.0000 Re: 1.0000 Acc: 1.0000 F1: 1.0000


--------------------------------------------------------------------
Eval results: Cost:0.0672 Pre:1.0000 Re:1.0000 Acc:1.0000 F1:1.0000
--------------------------------------------------------------------

Epoch 401: Time: 0.0561 Cost: 0.1885 Pre: 1.0000 Re: 1.0000 Acc: 1.0000 F1: 1.0000
Epoch 402: Time: 0.0530 Cost: 0.1876 Pre: 1.0000 Re: 1.0000 Acc: 1.0000 F1: 1.0000
Epoch 403: Time: 0.0534 Cost: 0.1869 Pre: 1.0000 Re: 1.0000 Acc: 1.0000 F1: 1.0000
Epoch 404: Time: 0.0531 Cost: 0.1862 Pre: 1.0000 Re: 1.0000 Acc: 1.0000 F1: 1.0000
Epoch 405: Time: 0.0561 Cost: 0.1854 Pre: 1.0000 Re: 1.0000 Acc: 1.0000 F1: 1.0000
Epoch 406: Time: 0.0540 Cost: 0.1846 Pre: 1.0000 Re: 1.0000 Acc: 1.0000 F1: 1.0000
Epoch 407: Time: 0.0532 Cost: 0.1839 Pre: 1.0000 Re: 1.0000 Acc: 1.0000 F1: 1.0000
Epoch 408: Time: 0.0536 Cost: 0.1832 Pre: 1.0000 Re: 1.0000 Acc: 1.0000 F1: 1.0000
Epoch 409: Time: 0.0575 Cost: 0.1825 Pre: 1.0000 Re: 1.0000 Acc: 1.0000 F1: 1.0000
Epoch 410: Time: 0.0992 Cost: 0.1818 Pre: 1.0000 Re: 1.0000 Acc: 1.0000 F1: 1.0000


--------------------------------------------------------------------
Eval results: Cost:0.0646 Pre:1.0000 Re:1.0000 Acc:1.0000 F1:1.0000
--------------------------------------------------------------------

Epoch 411: Time: 0.0910 Cost: 0.1811 Pre: 1.0000 Re: 1.0000 Acc: 1.0000 F1: 1.0000
Epoch 412: Time: 0.0651 Cost: 0.1804 Pre: 1.0000 Re: 1.0000 Acc: 1.0000 F1: 1.0000
Epoch 413: Time: 0.0552 Cost: 0.1797 Pre: 1.0000 Re: 1.0000 Acc: 1.0000 F1: 1.0000
Epoch 414: Time: 0.0556 Cost: 0.1791 Pre: 1.0000 Re: 1.0000 Acc: 1.0000 F1: 1.0000
Epoch 415: Time: 0.0557 Cost: 0.1784 Pre: 1.0000 Re: 1.0000 Acc: 1.0000 F1: 1.0000
Epoch 416: Time: 0.0579 Cost: 0.1777 Pre: 1.0000 Re: 1.0000 Acc: 1.0000 F1: 1.0000
Epoch 417: Time: 0.0558 Cost: 0.1771 Pre: 1.0000 Re: 1.0000 Acc: 1.0000 F1: 1.0000
Epoch 418: Time: 0.0555 Cost: 0.1764 Pre: 1.0000 Re: 1.0000 Acc: 1.0000 F1: 1.0000
Epoch 419: Time: 0.0581 Cost: 0.1758 Pre: 1.0000 Re: 1.0000 Acc: 1.0000 F1: 1.0000
Epoch 420: Time: 0.0630 Cost: 0.1752 Pre: 1.0000 Re: 1.0000 Acc: 1.0000 F1: 1.0000


--------------------------------------------------------------------
Eval results: Cost:0.0623 Pre:1.0000 Re:1.0000 Acc:1.0000 F1:1.0000
--------------------------------------------------------------------

Epoch 421: Time: 0.0590 Cost: 0.1746 Pre: 1.0000 Re: 1.0000 Acc: 1.0000 F1: 1.0000
Epoch 422: Time: 0.0561 Cost: 0.1739 Pre: 1.0000 Re: 1.0000 Acc: 1.0000 F1: 1.0000
Epoch 423: Time: 0.0600 Cost: 0.1733 Pre: 1.0000 Re: 1.0000 Acc: 1.0000 F1: 1.0000
Epoch 424: Time: 0.0543 Cost: 0.1727 Pre: 1.0000 Re: 1.0000 Acc: 1.0000 F1: 1.0000
Epoch 425: Time: 0.0555 Cost: 0.1721 Pre: 1.0000 Re: 1.0000 Acc: 1.0000 F1: 1.0000
Epoch 426: Time: 0.0675 Cost: 0.1715 Pre: 1.0000 Re: 1.0000 Acc: 1.0000 F1: 1.0000
Epoch 427: Time: 0.0547 Cost: 0.1710 Pre: 1.0000 Re: 1.0000 Acc: 1.0000 F1: 1.0000
Epoch 428: Time: 0.0534 Cost: 0.1704 Pre: 1.0000 Re: 1.0000 Acc: 1.0000 F1: 1.0000
Epoch 429: Time: 0.0536 Cost: 0.1698 Pre: 1.0000 Re: 1.0000 Acc: 1.0000 F1: 1.0000
Epoch 430: Time: 0.0535 Cost: 0.1693 Pre: 1.0000 Re: 1.0000 Acc: 1.0000 F1: 1.0000


--------------------------------------------------------------------
Eval results: Cost:0.0603 Pre:1.0000 Re:1.0000 Acc:1.0000 F1:1.0000
--------------------------------------------------------------------

Epoch 431: Time: 0.0532 Cost: 0.1687 Pre: 1.0000 Re: 1.0000 Acc: 1.0000 F1: 1.0000
Epoch 432: Time: 0.0549 Cost: 0.1681 Pre: 1.0000 Re: 1.0000 Acc: 1.0000 F1: 1.0000
Epoch 433: Time: 0.0529 Cost: 0.1676 Pre: 1.0000 Re: 1.0000 Acc: 1.0000 F1: 1.0000
Epoch 434: Time: 0.0533 Cost: 0.1671 Pre: 1.0000 Re: 1.0000 Acc: 1.0000 F1: 1.0000
Epoch 435: Time: 0.0533 Cost: 0.1665 Pre: 1.0000 Re: 1.0000 Acc: 1.0000 F1: 1.0000
Epoch 436: Time: 0.0568 Cost: 0.1660 Pre: 1.0000 Re: 1.0000 Acc: 1.0000 F1: 1.0000
Epoch 437: Time: 0.0535 Cost: 0.1655 Pre: 1.0000 Re: 1.0000 Acc: 1.0000 F1: 1.0000
Epoch 438: Time: 0.0530 Cost: 0.1650 Pre: 1.0000 Re: 1.0000 Acc: 1.0000 F1: 1.0000
Epoch 439: Time: 0.0533 Cost: 0.1645 Pre: 1.0000 Re: 1.0000 Acc: 1.0000 F1: 1.0000
Epoch 440: Time: 0.0557 Cost: 0.1640 Pre: 1.0000 Re: 1.0000 Acc: 1.0000 F1: 1.0000


--------------------------------------------------------------------
Eval results: Cost:0.0584 Pre:1.0000 Re:1.0000 Acc:1.0000 F1:1.0000
--------------------------------------------------------------------

Epoch 441: Time: 0.0530 Cost: 0.1635 Pre: 1.0000 Re: 1.0000 Acc: 1.0000 F1: 1.0000
Epoch 442: Time: 0.0525 Cost: 0.1630 Pre: 1.0000 Re: 1.0000 Acc: 1.0000 F1: 1.0000
Epoch 443: Time: 0.0528 Cost: 0.1625 Pre: 1.0000 Re: 1.0000 Acc: 1.0000 F1: 1.0000
Epoch 444: Time: 0.0563 Cost: 0.1621 Pre: 1.0000 Re: 1.0000 Acc: 1.0000 F1: 1.0000
Epoch 445: Time: 0.0533 Cost: 0.1616 Pre: 1.0000 Re: 1.0000 Acc: 1.0000 F1: 1.0000
Epoch 446: Time: 0.0550 Cost: 0.1611 Pre: 1.0000 Re: 1.0000 Acc: 1.0000 F1: 1.0000
Epoch 447: Time: 0.0539 Cost: 0.1607 Pre: 1.0000 Re: 1.0000 Acc: 1.0000 F1: 1.0000
Epoch 448: Time: 0.0532 Cost: 0.1602 Pre: 1.0000 Re: 1.0000 Acc: 1.0000 F1: 1.0000
Epoch 449: Time: 0.0541 Cost: 0.1597 Pre: 1.0000 Re: 1.0000 Acc: 1.0000 F1: 1.0000
Epoch 450: Time: 0.0530 Cost: 0.1593 Pre: 1.0000 Re: 1.0000 Acc: 1.0000 F1: 1.0000


--------------------------------------------------------------------
Eval results: Cost:0.0568 Pre:1.0000 Re:1.0000 Acc:1.0000 F1:1.0000
--------------------------------------------------------------------

Epoch 451: Time: 0.0535 Cost: 0.1589 Pre: 1.0000 Re: 1.0000 Acc: 1.0000 F1: 1.0000
Epoch 452: Time: 0.0547 Cost: 0.1584 Pre: 1.0000 Re: 1.0000 Acc: 1.0000 F1: 1.0000
Epoch 453: Time: 0.0545 Cost: 0.1580 Pre: 1.0000 Re: 1.0000 Acc: 1.0000 F1: 1.0000
Epoch 454: Time: 0.0536 Cost: 0.1576 Pre: 1.0000 Re: 1.0000 Acc: 1.0000 F1: 1.0000
Epoch 455: Time: 0.0534 Cost: 0.1572 Pre: 1.0000 Re: 1.0000 Acc: 1.0000 F1: 1.0000
Epoch 456: Time: 0.0538 Cost: 0.1567 Pre: 1.0000 Re: 1.0000 Acc: 1.0000 F1: 1.0000
Epoch 457: Time: 0.0586 Cost: 0.1563 Pre: 1.0000 Re: 1.0000 Acc: 1.0000 F1: 1.0000
Epoch 458: Time: 0.0525 Cost: 0.1559 Pre: 1.0000 Re: 1.0000 Acc: 1.0000 F1: 1.0000
Epoch 459: Time: 0.0531 Cost: 0.1555 Pre: 1.0000 Re: 1.0000 Acc: 1.0000 F1: 1.0000
Epoch 460: Time: 0.0526 Cost: 0.1551 Pre: 1.0000 Re: 1.0000 Acc: 1.0000 F1: 1.0000


--------------------------------------------------------------------
Eval results: Cost:0.0554 Pre:1.0000 Re:1.0000 Acc:1.0000 F1:1.0000
--------------------------------------------------------------------

Epoch 461: Time: 0.0544 Cost: 0.1548 Pre: 1.0000 Re: 1.0000 Acc: 1.0000 F1: 1.0000
Epoch 462: Time: 0.0530 Cost: 0.1543 Pre: 1.0000 Re: 1.0000 Acc: 1.0000 F1: 1.0000
Epoch 463: Time: 0.0533 Cost: 0.1540 Pre: 1.0000 Re: 1.0000 Acc: 1.0000 F1: 1.0000
Epoch 464: Time: 0.0562 Cost: 0.1536 Pre: 1.0000 Re: 1.0000 Acc: 1.0000 F1: 1.0000
Epoch 465: Time: 0.0534 Cost: 0.1532 Pre: 1.0000 Re: 1.0000 Acc: 1.0000 F1: 1.0000
Epoch 466: Time: 0.0537 Cost: 0.1528 Pre: 1.0000 Re: 1.0000 Acc: 1.0000 F1: 1.0000
Epoch 467: Time: 0.0538 Cost: 0.1525 Pre: 1.0000 Re: 1.0000 Acc: 1.0000 F1: 1.0000
Epoch 468: Time: 0.0532 Cost: 0.1521 Pre: 1.0000 Re: 1.0000 Acc: 1.0000 F1: 1.0000
Epoch 469: Time: 0.0535 Cost: 0.1517 Pre: 1.0000 Re: 1.0000 Acc: 1.0000 F1: 1.0000
Epoch 470: Time: 0.0559 Cost: 0.1514 Pre: 1.0000 Re: 1.0000 Acc: 1.0000 F1: 1.0000


--------------------------------------------------------------------
Eval results: Cost:0.0541 Pre:1.0000 Re:1.0000 Acc:1.0000 F1:1.0000
--------------------------------------------------------------------

Epoch 471: Time: 0.0534 Cost: 0.1510 Pre: 1.0000 Re: 1.0000 Acc: 1.0000 F1: 1.0000
Epoch 472: Time: 0.0537 Cost: 0.1507 Pre: 1.0000 Re: 1.0000 Acc: 1.0000 F1: 1.0000
Epoch 473: Time: 0.0548 Cost: 0.1503 Pre: 1.0000 Re: 1.0000 Acc: 1.0000 F1: 1.0000
Epoch 474: Time: 0.0528 Cost: 0.1500 Pre: 1.0000 Re: 1.0000 Acc: 1.0000 F1: 1.0000
Epoch 475: Time: 0.0538 Cost: 0.1497 Pre: 1.0000 Re: 1.0000 Acc: 1.0000 F1: 1.0000
Epoch 476: Time: 0.0546 Cost: 0.1493 Pre: 1.0000 Re: 1.0000 Acc: 1.0000 F1: 1.0000
Epoch 477: Time: 0.0534 Cost: 0.1490 Pre: 1.0000 Re: 1.0000 Acc: 1.0000 F1: 1.0000
Epoch 478: Time: 0.0530 Cost: 0.1487 Pre: 1.0000 Re: 1.0000 Acc: 1.0000 F1: 1.0000
Epoch 479: Time: 0.0543 Cost: 0.1483 Pre: 1.0000 Re: 1.0000 Acc: 1.0000 F1: 1.0000
Epoch 480: Time: 0.0530 Cost: 0.1480 Pre: 1.0000 Re: 1.0000 Acc: 1.0000 F1: 1.0000


--------------------------------------------------------------------
Eval results: Cost:0.0529 Pre:1.0000 Re:1.0000 Acc:1.0000 F1:1.0000
--------------------------------------------------------------------

Epoch 481: Time: 0.0531 Cost: 0.1477 Pre: 1.0000 Re: 1.0000 Acc: 1.0000 F1: 1.0000
Epoch 482: Time: 0.0538 Cost: 0.1474 Pre: 1.0000 Re: 1.0000 Acc: 1.0000 F1: 1.0000
Epoch 483: Time: 0.0555 Cost: 0.1471 Pre: 1.0000 Re: 1.0000 Acc: 1.0000 F1: 1.0000
Epoch 484: Time: 0.0531 Cost: 0.1468 Pre: 1.0000 Re: 1.0000 Acc: 1.0000 F1: 1.0000
Epoch 485: Time: 0.0534 Cost: 0.1465 Pre: 1.0000 Re: 1.0000 Acc: 1.0000 F1: 1.0000
Epoch 486: Time: 0.0541 Cost: 0.1462 Pre: 1.0000 Re: 1.0000 Acc: 1.0000 F1: 1.0000
Epoch 487: Time: 0.0557 Cost: 0.1459 Pre: 1.0000 Re: 1.0000 Acc: 1.0000 F1: 1.0000
Epoch 488: Time: 0.0531 Cost: 0.1456 Pre: 1.0000 Re: 1.0000 Acc: 1.0000 F1: 1.0000
Epoch 489: Time: 0.0540 Cost: 0.1453 Pre: 1.0000 Re: 1.0000 Acc: 1.0000 F1: 1.0000
Epoch 490: Time: 0.0534 Cost: 0.1450 Pre: 1.0000 Re: 1.0000 Acc: 1.0000 F1: 1.0000


--------------------------------------------------------------------
Eval results: Cost:0.0519 Pre:1.0000 Re:1.0000 Acc:1.0000 F1:1.0000
--------------------------------------------------------------------

Epoch 491: Time: 0.0532 Cost: 0.1447 Pre: 1.0000 Re: 1.0000 Acc: 1.0000 F1: 1.0000
Epoch 492: Time: 0.0555 Cost: 0.1444 Pre: 1.0000 Re: 1.0000 Acc: 1.0000 F1: 1.0000
Epoch 493: Time: 0.0530 Cost: 0.1442 Pre: 1.0000 Re: 1.0000 Acc: 1.0000 F1: 1.0000
Epoch 494: Time: 0.0532 Cost: 0.1439 Pre: 1.0000 Re: 1.0000 Acc: 1.0000 F1: 1.0000
Epoch 495: Time: 0.0541 Cost: 0.1436 Pre: 1.0000 Re: 1.0000 Acc: 1.0000 F1: 1.0000
Epoch 496: Time: 0.0534 Cost: 0.1433 Pre: 1.0000 Re: 1.0000 Acc: 1.0000 F1: 1.0000
Epoch 497: Time: 0.0531 Cost: 0.1431 Pre: 1.0000 Re: 1.0000 Acc: 1.0000 F1: 1.0000
Epoch 498: Time: 0.0534 Cost: 0.1428 Pre: 1.0000 Re: 1.0000 Acc: 1.0000 F1: 1.0000
Epoch 499: Time: 0.0536 Cost: 0.1426 Pre: 1.0000 Re: 1.0000 Acc: 1.0000 F1: 1.0000
Epoch 500: Time: 0.0547 Cost: 0.1423 Pre: 1.0000 Re: 1.0000 Acc: 1.0000 F1: 1.0000


--------------------------------------------------------------------
Eval results: Cost:0.0509 Pre:1.0000 Re:1.0000 Acc:1.0000 F1:1.0000
--------------------------------------------------------------------

Epoch 501: Time: 0.0529 Cost: 0.1421 Pre: 1.0000 Re: 1.0000 Acc: 1.0000 F1: 1.0000
Epoch 502: Time: 0.0533 Cost: 0.1418 Pre: 1.0000 Re: 1.0000 Acc: 1.0000 F1: 1.0000
Epoch 503: Time: 0.0543 Cost: 0.1415 Pre: 1.0000 Re: 1.0000 Acc: 1.0000 F1: 1.0000
Epoch 504: Time: 0.0551 Cost: 0.1413 Pre: 1.0000 Re: 1.0000 Acc: 1.0000 F1: 1.0000
Epoch 505: Time: 0.0528 Cost: 0.1410 Pre: 1.0000 Re: 1.0000 Acc: 1.0000 F1: 1.0000
Epoch 506: Time: 0.0533 Cost: 0.1408 Pre: 1.0000 Re: 1.0000 Acc: 1.0000 F1: 1.0000
Epoch 507: Time: 0.0531 Cost: 0.1406 Pre: 1.0000 Re: 1.0000 Acc: 1.0000 F1: 1.0000
Epoch 508: Time: 0.0541 Cost: 0.1403 Pre: 1.0000 Re: 1.0000 Acc: 1.0000 F1: 1.0000
Epoch 509: Time: 0.0531 Cost: 0.1401 Pre: 1.0000 Re: 1.0000 Acc: 1.0000 F1: 1.0000
Epoch 510: Time: 0.0534 Cost: 0.1398 Pre: 1.0000 Re: 1.0000 Acc: 1.0000 F1: 1.0000


--------------------------------------------------------------------
Eval results: Cost:0.0501 Pre:1.0000 Re:1.0000 Acc:1.0000 F1:1.0000
--------------------------------------------------------------------

Epoch 511: Time: 0.0539 Cost: 0.1396 Pre: 1.0000 Re: 1.0000 Acc: 1.0000 F1: 1.0000
Epoch 512: Time: 0.0548 Cost: 0.1394 Pre: 1.0000 Re: 1.0000 Acc: 1.0000 F1: 1.0000
Epoch 513: Time: 0.0532 Cost: 0.1392 Pre: 1.0000 Re: 1.0000 Acc: 1.0000 F1: 1.0000
Epoch 514: Time: 0.0535 Cost: 0.1389 Pre: 1.0000 Re: 1.0000 Acc: 1.0000 F1: 1.0000
Epoch 515: Time: 0.0532 Cost: 0.1387 Pre: 1.0000 Re: 1.0000 Acc: 1.0000 F1: 1.0000
Epoch 516: Time: 0.0529 Cost: 0.1385 Pre: 1.0000 Re: 1.0000 Acc: 1.0000 F1: 1.0000
Epoch 517: Time: 0.0554 Cost: 0.1383 Pre: 1.0000 Re: 1.0000 Acc: 1.0000 F1: 1.0000
Epoch 518: Time: 0.0534 Cost: 0.1380 Pre: 1.0000 Re: 1.0000 Acc: 1.0000 F1: 1.0000
Epoch 519: Time: 0.0534 Cost: 0.1378 Pre: 1.0000 Re: 1.0000 Acc: 1.0000 F1: 1.0000
Epoch 520: Time: 0.0547 Cost: 0.1376 Pre: 1.0000 Re: 1.0000 Acc: 1.0000 F1: 1.0000


--------------------------------------------------------------------
Eval results: Cost:0.0493 Pre:1.0000 Re:1.0000 Acc:1.0000 F1:1.0000
--------------------------------------------------------------------

Epoch 521: Time: 0.0538 Cost: 0.1374 Pre: 1.0000 Re: 1.0000 Acc: 1.0000 F1: 1.0000
Epoch 522: Time: 0.0530 Cost: 0.1372 Pre: 1.0000 Re: 1.0000 Acc: 1.0000 F1: 1.0000
Epoch 523: Time: 0.0539 Cost: 0.1370 Pre: 1.0000 Re: 1.0000 Acc: 1.0000 F1: 1.0000
Epoch 524: Time: 0.0538 Cost: 0.1368 Pre: 1.0000 Re: 1.0000 Acc: 1.0000 F1: 1.0000
Epoch 525: Time: 0.0533 Cost: 0.1366 Pre: 1.0000 Re: 1.0000 Acc: 1.0000 F1: 1.0000
Epoch 526: Time: 0.0532 Cost: 0.1364 Pre: 1.0000 Re: 1.0000 Acc: 1.0000 F1: 1.0000
Epoch 527: Time: 0.0528 Cost: 0.1362 Pre: 1.0000 Re: 1.0000 Acc: 1.0000 F1: 1.0000
Epoch 528: Time: 0.0533 Cost: 0.1360 Pre: 1.0000 Re: 1.0000 Acc: 1.0000 F1: 1.0000
Epoch 529: Time: 0.0541 Cost: 0.1358 Pre: 1.0000 Re: 1.0000 Acc: 1.0000 F1: 1.0000
Epoch 530: Time: 0.0553 Cost: 0.1356 Pre: 1.0000 Re: 1.0000 Acc: 1.0000 F1: 1.0000


--------------------------------------------------------------------
Eval results: Cost:0.0486 Pre:1.0000 Re:1.0000 Acc:1.0000 F1:1.0000
--------------------------------------------------------------------

Epoch 531: Time: 0.0529 Cost: 0.1354 Pre: 1.0000 Re: 1.0000 Acc: 1.0000 F1: 1.0000
Epoch 532: Time: 0.0546 Cost: 0.1352 Pre: 1.0000 Re: 1.0000 Acc: 1.0000 F1: 1.0000
Epoch 533: Time: 0.0529 Cost: 0.1350 Pre: 1.0000 Re: 1.0000 Acc: 1.0000 F1: 1.0000
Epoch 534: Time: 0.0551 Cost: 0.1348 Pre: 1.0000 Re: 1.0000 Acc: 1.0000 F1: 1.0000
Epoch 535: Time: 0.0530 Cost: 0.1346 Pre: 1.0000 Re: 1.0000 Acc: 1.0000 F1: 1.0000
Epoch 536: Time: 0.0532 Cost: 0.1345 Pre: 1.0000 Re: 1.0000 Acc: 1.0000 F1: 1.0000
Epoch 537: Time: 0.0536 Cost: 0.1343 Pre: 1.0000 Re: 1.0000 Acc: 1.0000 F1: 1.0000
Epoch 538: Time: 0.0556 Cost: 0.1341 Pre: 1.0000 Re: 1.0000 Acc: 1.0000 F1: 1.0000
Epoch 539: Time: 0.0536 Cost: 0.1339 Pre: 1.0000 Re: 1.0000 Acc: 1.0000 F1: 1.0000
Epoch 540: Time: 0.0526 Cost: 0.1337 Pre: 1.0000 Re: 1.0000 Acc: 1.0000 F1: 1.0000


--------------------------------------------------------------------
Eval results: Cost:0.0480 Pre:1.0000 Re:1.0000 Acc:1.0000 F1:1.0000
--------------------------------------------------------------------

Epoch 541: Time: 0.0544 Cost: 0.1336 Pre: 1.0000 Re: 1.0000 Acc: 1.0000 F1: 1.0000
Epoch 542: Time: 0.0529 Cost: 0.1334 Pre: 1.0000 Re: 1.0000 Acc: 1.0000 F1: 1.0000
Epoch 543: Time: 0.0530 Cost: 0.1332 Pre: 1.0000 Re: 1.0000 Acc: 1.0000 F1: 1.0000
Epoch 544: Time: 0.0531 Cost: 0.1330 Pre: 1.0000 Re: 1.0000 Acc: 1.0000 F1: 1.0000
Epoch 545: Time: 0.0532 Cost: 0.1329 Pre: 1.0000 Re: 1.0000 Acc: 1.0000 F1: 1.0000
Epoch 546: Time: 0.0541 Cost: 0.1327 Pre: 1.0000 Re: 1.0000 Acc: 1.0000 F1: 1.0000
Epoch 547: Time: 0.0529 Cost: 0.1325 Pre: 1.0000 Re: 1.0000 Acc: 1.0000 F1: 1.0000
Epoch 548: Time: 0.0531 Cost: 0.1324 Pre: 1.0000 Re: 1.0000 Acc: 1.0000 F1: 1.0000
Epoch 549: Time: 0.0528 Cost: 0.1322 Pre: 1.0000 Re: 1.0000 Acc: 1.0000 F1: 1.0000
Epoch 550: Time: 0.0542 Cost: 0.1320 Pre: 1.0000 Re: 1.0000 Acc: 1.0000 F1: 1.0000


--------------------------------------------------------------------
Eval results: Cost:0.0474 Pre:1.0000 Re:1.0000 Acc:1.0000 F1:1.0000
--------------------------------------------------------------------

Epoch 551: Time: 0.0551 Cost: 0.1319 Pre: 1.0000 Re: 1.0000 Acc: 1.0000 F1: 1.0000
Epoch 552: Time: 0.0529 Cost: 0.1317 Pre: 1.0000 Re: 1.0000 Acc: 1.0000 F1: 1.0000
Epoch 553: Time: 0.0542 Cost: 0.1316 Pre: 1.0000 Re: 1.0000 Acc: 1.0000 F1: 1.0000
Epoch 554: Time: 0.0550 Cost: 0.1314 Pre: 1.0000 Re: 1.0000 Acc: 1.0000 F1: 1.0000
Epoch 555: Time: 0.0552 Cost: 0.1312 Pre: 1.0000 Re: 1.0000 Acc: 1.0000 F1: 1.0000
Epoch 556: Time: 0.0547 Cost: 0.1311 Pre: 1.0000 Re: 1.0000 Acc: 1.0000 F1: 1.0000
Epoch 557: Time: 0.0535 Cost: 0.1309 Pre: 1.0000 Re: 1.0000 Acc: 1.0000 F1: 1.0000
Epoch 558: Time: 0.0534 Cost: 0.1308 Pre: 1.0000 Re: 1.0000 Acc: 1.0000 F1: 1.0000
Epoch 559: Time: 0.0540 Cost: 0.1306 Pre: 1.0000 Re: 1.0000 Acc: 1.0000 F1: 1.0000
Epoch 560: Time: 0.0533 Cost: 0.1305 Pre: 1.0000 Re: 1.0000 Acc: 1.0000 F1: 1.0000


--------------------------------------------------------------------
Eval results: Cost:0.0469 Pre:1.0000 Re:1.0000 Acc:1.0000 F1:1.0000
--------------------------------------------------------------------

Epoch 561: Time: 0.0539 Cost: 0.1303 Pre: 1.0000 Re: 1.0000 Acc: 1.0000 F1: 1.0000
Epoch 562: Time: 0.0531 Cost: 0.1302 Pre: 1.0000 Re: 1.0000 Acc: 1.0000 F1: 1.0000
Epoch 563: Time: 0.0546 Cost: 0.1300 Pre: 1.0000 Re: 1.0000 Acc: 1.0000 F1: 1.0000
Epoch 564: Time: 0.0526 Cost: 0.1299 Pre: 1.0000 Re: 1.0000 Acc: 1.0000 F1: 1.0000
Epoch 565: Time: 0.0538 Cost: 0.1297 Pre: 1.0000 Re: 1.0000 Acc: 1.0000 F1: 1.0000
Epoch 566: Time: 0.0531 Cost: 0.1296 Pre: 1.0000 Re: 1.0000 Acc: 1.0000 F1: 1.0000
Epoch 567: Time: 0.0548 Cost: 0.1295 Pre: 1.0000 Re: 1.0000 Acc: 1.0000 F1: 1.0000
Epoch 568: Time: 0.0546 Cost: 0.1293 Pre: 1.0000 Re: 1.0000 Acc: 1.0000 F1: 1.0000
Epoch 569: Time: 0.0536 Cost: 0.1292 Pre: 1.0000 Re: 1.0000 Acc: 1.0000 F1: 1.0000
Epoch 570: Time: 0.0527 Cost: 0.1290 Pre: 1.0000 Re: 1.0000 Acc: 1.0000 F1: 1.0000


--------------------------------------------------------------------
Eval results: Cost:0.0464 Pre:1.0000 Re:1.0000 Acc:1.0000 F1:1.0000
--------------------------------------------------------------------

Epoch 571: Time: 0.0559 Cost: 0.1289 Pre: 1.0000 Re: 1.0000 Acc: 1.0000 F1: 1.0000
Epoch 572: Time: 0.0535 Cost: 0.1288 Pre: 1.0000 Re: 1.0000 Acc: 1.0000 F1: 1.0000
Epoch 573: Time: 0.0526 Cost: 0.1286 Pre: 1.0000 Re: 1.0000 Acc: 1.0000 F1: 1.0000
Epoch 574: Time: 0.0530 Cost: 0.1285 Pre: 1.0000 Re: 1.0000 Acc: 1.0000 F1: 1.0000
Epoch 575: Time: 0.0526 Cost: 0.1284 Pre: 1.0000 Re: 1.0000 Acc: 1.0000 F1: 1.0000
Epoch 576: Time: 0.0543 Cost: 0.1282 Pre: 1.0000 Re: 1.0000 Acc: 1.0000 F1: 1.0000
Epoch 577: Time: 0.0528 Cost: 0.1281 Pre: 1.0000 Re: 1.0000 Acc: 1.0000 F1: 1.0000
Epoch 578: Time: 0.0534 Cost: 0.1280 Pre: 1.0000 Re: 1.0000 Acc: 1.0000 F1: 1.0000
Epoch 579: Time: 0.0527 Cost: 0.1278 Pre: 1.0000 Re: 1.0000 Acc: 1.0000 F1: 1.0000
Epoch 580: Time: 0.0538 Cost: 0.1277 Pre: 1.0000 Re: 1.0000 Acc: 1.0000 F1: 1.0000


--------------------------------------------------------------------
Eval results: Cost:0.0459 Pre:1.0000 Re:1.0000 Acc:1.0000 F1:1.0000
--------------------------------------------------------------------

Early stopping...
--------------------------------------------------------------------
--------------------------------------------------------------------
Test 458 samples take time: 0.1834
Test results: Cost:0.0573 Pre:1.0000 Re:1.0000 Acc:1.0000 F1:1.0000
--------------------------------------------------------------------

