Load data
RNN type: LSTM Grammar: g2 Seed: 5
Model total parameters: 4092
Saving hinit ... 

Epoch 0: Time: 0.1351 Cost: 8.9186 Pre: 0.0000 Re: 0.0000 Acc: 0.9788 F1: 0.0000


--------------------------------------------------------------------
Eval results: Cost:8.0219 Pre:0.0000 Re:0.0000 Acc:0.9875 F1:0.0000
--------------------------------------------------------------------

Epoch 1: Time: 0.0575 Cost: 8.6769 Pre: 0.0000 Re: 0.0000 Acc: 0.9788 F1: 0.0000
Epoch 2: Time: 0.0568 Cost: 8.3461 Pre: 0.0000 Re: 0.0000 Acc: 0.9788 F1: 0.0000
Epoch 3: Time: 0.0574 Cost: 7.9739 Pre: 0.0000 Re: 0.0000 Acc: 0.9788 F1: 0.0000
Epoch 4: Time: 0.0608 Cost: 7.5785 Pre: 0.0000 Re: 0.0000 Acc: 0.9788 F1: 0.0000
Epoch 5: Time: 0.0573 Cost: 7.1661 Pre: 0.0000 Re: 0.0000 Acc: 0.9788 F1: 0.0000
Epoch 6: Time: 0.0567 Cost: 6.7371 Pre: 0.0000 Re: 0.0000 Acc: 0.9788 F1: 0.0000
Epoch 7: Time: 0.0555 Cost: 6.2907 Pre: 0.0000 Re: 0.0000 Acc: 0.9788 F1: 0.0000
Epoch 8: Time: 0.0590 Cost: 5.8276 Pre: 0.0000 Re: 0.0000 Acc: 0.9788 F1: 0.0000
Epoch 9: Time: 0.0569 Cost: 5.3528 Pre: 0.0000 Re: 0.0000 Acc: 0.9788 F1: 0.0000
Epoch 10: Time: 0.0575 Cost: 4.8771 Pre: 0.0000 Re: 0.0000 Acc: 0.9788 F1: 0.0000


--------------------------------------------------------------------
Eval results: Cost:3.4578 Pre:0.0000 Re:0.0000 Acc:0.9875 F1:0.0000
--------------------------------------------------------------------

Epoch 11: Time: 0.0630 Cost: 4.4180 Pre: 0.0000 Re: 0.0000 Acc: 0.9788 F1: 0.0000
Epoch 12: Time: 0.0541 Cost: 3.9963 Pre: 0.0000 Re: 0.0000 Acc: 0.9788 F1: 0.0000
Epoch 13: Time: 0.0556 Cost: 3.6314 Pre: 0.0000 Re: 0.0000 Acc: 0.9788 F1: 0.0000
Epoch 14: Time: 0.0614 Cost: 3.3354 Pre: 0.0000 Re: 0.0000 Acc: 0.9788 F1: 0.0000
Epoch 15: Time: 0.0592 Cost: 3.1091 Pre: 0.0000 Re: 0.0000 Acc: 0.9788 F1: 0.0000
Epoch 16: Time: 0.0596 Cost: 2.9448 Pre: 0.0000 Re: 0.0000 Acc: 0.9788 F1: 0.0000
Epoch 17: Time: 0.0574 Cost: 2.8299 Pre: 0.0000 Re: 0.0000 Acc: 0.9788 F1: 0.0000
Epoch 18: Time: 0.0583 Cost: 2.7516 Pre: 0.0000 Re: 0.0000 Acc: 0.9788 F1: 0.0000
Epoch 19: Time: 0.0539 Cost: 2.6988 Pre: 0.0000 Re: 0.0000 Acc: 0.9788 F1: 0.0000
Epoch 20: Time: 0.0575 Cost: 2.6633 Pre: 0.0000 Re: 0.0000 Acc: 0.9788 F1: 0.0000


--------------------------------------------------------------------
Eval results: Cost:1.1498 Pre:0.0000 Re:0.0000 Acc:0.9875 F1:0.0000
--------------------------------------------------------------------

Epoch 21: Time: 0.0593 Cost: 2.6393 Pre: 0.0000 Re: 0.0000 Acc: 0.9788 F1: 0.0000
Epoch 22: Time: 0.0558 Cost: 2.6229 Pre: 0.0000 Re: 0.0000 Acc: 0.9788 F1: 0.0000
Epoch 23: Time: 0.0564 Cost: 2.6114 Pre: 0.0000 Re: 0.0000 Acc: 0.9788 F1: 0.0000
Epoch 24: Time: 0.0599 Cost: 2.6033 Pre: 0.0000 Re: 0.0000 Acc: 0.9788 F1: 0.0000
Epoch 25: Time: 0.0560 Cost: 2.5974 Pre: 0.0000 Re: 0.0000 Acc: 0.9788 F1: 0.0000
Epoch 26: Time: 0.0570 Cost: 2.5930 Pre: 0.0000 Re: 0.0000 Acc: 0.9788 F1: 0.0000
Epoch 27: Time: 0.0621 Cost: 2.5897 Pre: 0.0000 Re: 0.0000 Acc: 0.9788 F1: 0.0000
Epoch 28: Time: 0.0628 Cost: 2.5871 Pre: 0.0000 Re: 0.0000 Acc: 0.9788 F1: 0.0000
Epoch 29: Time: 0.0572 Cost: 2.5850 Pre: 0.0000 Re: 0.0000 Acc: 0.9788 F1: 0.0000
Epoch 30: Time: 0.0583 Cost: 2.5832 Pre: 0.0000 Re: 0.0000 Acc: 0.9788 F1: 0.0000


--------------------------------------------------------------------
Eval results: Cost:1.0375 Pre:0.0000 Re:0.0000 Acc:0.9875 F1:0.0000
--------------------------------------------------------------------

Epoch 31: Time: 0.0550 Cost: 2.5818 Pre: 0.0000 Re: 0.0000 Acc: 0.9788 F1: 0.0000
Epoch 32: Time: 0.0575 Cost: 2.5805 Pre: 0.0000 Re: 0.0000 Acc: 0.9788 F1: 0.0000
Epoch 33: Time: 0.0602 Cost: 2.5794 Pre: 0.0000 Re: 0.0000 Acc: 0.9788 F1: 0.0000
Epoch 34: Time: 0.0615 Cost: 2.5784 Pre: 0.0000 Re: 0.0000 Acc: 0.9788 F1: 0.0000
Epoch 35: Time: 0.0578 Cost: 2.5775 Pre: 0.0000 Re: 0.0000 Acc: 0.9788 F1: 0.0000
Epoch 36: Time: 0.0631 Cost: 2.5766 Pre: 0.0000 Re: 0.0000 Acc: 0.9788 F1: 0.0000
Epoch 37: Time: 0.0641 Cost: 2.5758 Pre: 0.0000 Re: 0.0000 Acc: 0.9788 F1: 0.0000
Epoch 38: Time: 0.0624 Cost: 2.5750 Pre: 0.0000 Re: 0.0000 Acc: 0.9788 F1: 0.0000
Epoch 39: Time: 0.0572 Cost: 2.5743 Pre: 0.0000 Re: 0.0000 Acc: 0.9788 F1: 0.0000
Epoch 40: Time: 0.0581 Cost: 2.5735 Pre: 0.0000 Re: 0.0000 Acc: 0.9788 F1: 0.0000


--------------------------------------------------------------------
Eval results: Cost:1.0193 Pre:0.0000 Re:0.0000 Acc:0.9875 F1:0.0000
--------------------------------------------------------------------

Epoch 41: Time: 0.0563 Cost: 2.5728 Pre: 0.0000 Re: 0.0000 Acc: 0.9788 F1: 0.0000
Epoch 42: Time: 0.0615 Cost: 2.5720 Pre: 0.0000 Re: 0.0000 Acc: 0.9788 F1: 0.0000
Epoch 43: Time: 0.0601 Cost: 2.5713 Pre: 0.0000 Re: 0.0000 Acc: 0.9788 F1: 0.0000
Epoch 44: Time: 0.0578 Cost: 2.5705 Pre: 0.0000 Re: 0.0000 Acc: 0.9788 F1: 0.0000
Epoch 45: Time: 0.0586 Cost: 2.5698 Pre: 0.0000 Re: 0.0000 Acc: 0.9788 F1: 0.0000
Epoch 46: Time: 0.0587 Cost: 2.5690 Pre: 0.0000 Re: 0.0000 Acc: 0.9788 F1: 0.0000
Epoch 47: Time: 0.0588 Cost: 2.5682 Pre: 0.0000 Re: 0.0000 Acc: 0.9788 F1: 0.0000
Epoch 48: Time: 0.0597 Cost: 2.5674 Pre: 0.0000 Re: 0.0000 Acc: 0.9788 F1: 0.0000
Epoch 49: Time: 0.0599 Cost: 2.5665 Pre: 0.0000 Re: 0.0000 Acc: 0.9788 F1: 0.0000
Epoch 50: Time: 0.0554 Cost: 2.5656 Pre: 0.0000 Re: 0.0000 Acc: 0.9788 F1: 0.0000


--------------------------------------------------------------------
Eval results: Cost:1.0107 Pre:0.0000 Re:0.0000 Acc:0.9875 F1:0.0000
--------------------------------------------------------------------

Epoch 51: Time: 0.0581 Cost: 2.5647 Pre: 0.0000 Re: 0.0000 Acc: 0.9788 F1: 0.0000
Epoch 52: Time: 0.0549 Cost: 2.5638 Pre: 0.0000 Re: 0.0000 Acc: 0.9788 F1: 0.0000
Epoch 53: Time: 0.0545 Cost: 2.5628 Pre: 0.0000 Re: 0.0000 Acc: 0.9788 F1: 0.0000
Epoch 54: Time: 0.0560 Cost: 2.5618 Pre: 0.0000 Re: 0.0000 Acc: 0.9788 F1: 0.0000
Epoch 55: Time: 0.0523 Cost: 2.5607 Pre: 0.0000 Re: 0.0000 Acc: 0.9788 F1: 0.0000
Epoch 56: Time: 0.0537 Cost: 2.5595 Pre: 0.0000 Re: 0.0000 Acc: 0.9788 F1: 0.0000
Epoch 57: Time: 0.0524 Cost: 2.5584 Pre: 0.0000 Re: 0.0000 Acc: 0.9788 F1: 0.0000
Epoch 58: Time: 0.0597 Cost: 2.5571 Pre: 0.0000 Re: 0.0000 Acc: 0.9788 F1: 0.0000
Epoch 59: Time: 0.0538 Cost: 2.5558 Pre: 0.0000 Re: 0.0000 Acc: 0.9788 F1: 0.0000
Epoch 60: Time: 0.0532 Cost: 2.5545 Pre: 0.0000 Re: 0.0000 Acc: 0.9788 F1: 0.0000


--------------------------------------------------------------------
Eval results: Cost:1.0055 Pre:0.0000 Re:0.0000 Acc:0.9875 F1:0.0000
--------------------------------------------------------------------

Epoch 61: Time: 0.0552 Cost: 2.5531 Pre: 0.0000 Re: 0.0000 Acc: 0.9788 F1: 0.0000
Epoch 62: Time: 0.0530 Cost: 2.5516 Pre: 0.0000 Re: 0.0000 Acc: 0.9788 F1: 0.0000
Epoch 63: Time: 0.0538 Cost: 2.5500 Pre: 0.0000 Re: 0.0000 Acc: 0.9788 F1: 0.0000
Epoch 64: Time: 0.0526 Cost: 2.5484 Pre: 0.0000 Re: 0.0000 Acc: 0.9788 F1: 0.0000
Epoch 65: Time: 0.0527 Cost: 2.5468 Pre: 0.0000 Re: 0.0000 Acc: 0.9788 F1: 0.0000
Epoch 66: Time: 0.0524 Cost: 2.5450 Pre: 0.0000 Re: 0.0000 Acc: 0.9788 F1: 0.0000
Epoch 67: Time: 0.0526 Cost: 2.5432 Pre: 0.0000 Re: 0.0000 Acc: 0.9788 F1: 0.0000
Epoch 68: Time: 0.0524 Cost: 2.5413 Pre: 0.0000 Re: 0.0000 Acc: 0.9788 F1: 0.0000
Epoch 69: Time: 0.0529 Cost: 2.5393 Pre: 0.0000 Re: 0.0000 Acc: 0.9788 F1: 0.0000
Epoch 70: Time: 0.0537 Cost: 2.5372 Pre: 0.0000 Re: 0.0000 Acc: 0.9788 F1: 0.0000


--------------------------------------------------------------------
Eval results: Cost:1.0014 Pre:0.0000 Re:0.0000 Acc:0.9875 F1:0.0000
--------------------------------------------------------------------

Epoch 71: Time: 0.0529 Cost: 2.5351 Pre: 0.0000 Re: 0.0000 Acc: 0.9788 F1: 0.0000
Epoch 72: Time: 0.0524 Cost: 2.5329 Pre: 0.0000 Re: 0.0000 Acc: 0.9788 F1: 0.0000
Epoch 73: Time: 0.0539 Cost: 2.5306 Pre: 0.0000 Re: 0.0000 Acc: 0.9788 F1: 0.0000
Epoch 74: Time: 0.0525 Cost: 2.5283 Pre: 0.0000 Re: 0.0000 Acc: 0.9788 F1: 0.0000
Epoch 75: Time: 0.0592 Cost: 2.5259 Pre: 0.0000 Re: 0.0000 Acc: 0.9788 F1: 0.0000
Epoch 76: Time: 0.0530 Cost: 2.5235 Pre: 0.0000 Re: 0.0000 Acc: 0.9788 F1: 0.0000
Epoch 77: Time: 0.0530 Cost: 2.5210 Pre: 0.0000 Re: 0.0000 Acc: 0.9788 F1: 0.0000
Epoch 78: Time: 0.0532 Cost: 2.5184 Pre: 0.0000 Re: 0.0000 Acc: 0.9788 F1: 0.0000
Epoch 79: Time: 0.0549 Cost: 2.5158 Pre: 0.0000 Re: 0.0000 Acc: 0.9788 F1: 0.0000
Epoch 80: Time: 0.0537 Cost: 2.5131 Pre: 0.0000 Re: 0.0000 Acc: 0.9788 F1: 0.0000


--------------------------------------------------------------------
Eval results: Cost:0.9970 Pre:0.0000 Re:0.0000 Acc:0.9875 F1:0.0000
--------------------------------------------------------------------

Epoch 81: Time: 0.0529 Cost: 2.5103 Pre: 0.0000 Re: 0.0000 Acc: 0.9788 F1: 0.0000
Epoch 82: Time: 0.0526 Cost: 2.5076 Pre: 0.0000 Re: 0.0000 Acc: 0.9788 F1: 0.0000
Epoch 83: Time: 0.0531 Cost: 2.5049 Pre: 0.0000 Re: 0.0000 Acc: 0.9788 F1: 0.0000
Epoch 84: Time: 0.0529 Cost: 2.5021 Pre: 0.0000 Re: 0.0000 Acc: 0.9788 F1: 0.0000
Epoch 85: Time: 0.0524 Cost: 2.4994 Pre: 0.0000 Re: 0.0000 Acc: 0.9788 F1: 0.0000
Epoch 86: Time: 0.0537 Cost: 2.4966 Pre: 0.0000 Re: 0.0000 Acc: 0.9788 F1: 0.0000
Epoch 87: Time: 0.0540 Cost: 2.4938 Pre: 0.0000 Re: 0.0000 Acc: 0.9788 F1: 0.0000
Epoch 88: Time: 0.0529 Cost: 2.4910 Pre: 0.0000 Re: 0.0000 Acc: 0.9788 F1: 0.0000
Epoch 89: Time: 0.0526 Cost: 2.4882 Pre: 0.0000 Re: 0.0000 Acc: 0.9788 F1: 0.0000
Epoch 90: Time: 0.0537 Cost: 2.4854 Pre: 0.0000 Re: 0.0000 Acc: 0.9788 F1: 0.0000


--------------------------------------------------------------------
Eval results: Cost:0.9926 Pre:0.0000 Re:0.0000 Acc:0.9875 F1:0.0000
--------------------------------------------------------------------

Epoch 91: Time: 0.0529 Cost: 2.4826 Pre: 0.0000 Re: 0.0000 Acc: 0.9788 F1: 0.0000
Epoch 92: Time: 0.0573 Cost: 2.4799 Pre: 0.0000 Re: 0.0000 Acc: 0.9788 F1: 0.0000
Epoch 93: Time: 0.0531 Cost: 2.4772 Pre: 0.0000 Re: 0.0000 Acc: 0.9788 F1: 0.0000
Epoch 94: Time: 0.0525 Cost: 2.4746 Pre: 0.0000 Re: 0.0000 Acc: 0.9788 F1: 0.0000
Epoch 95: Time: 0.0536 Cost: 2.4720 Pre: 0.0000 Re: 0.0000 Acc: 0.9788 F1: 0.0000
Epoch 96: Time: 0.0553 Cost: 2.4694 Pre: 0.0000 Re: 0.0000 Acc: 0.9788 F1: 0.0000
Epoch 97: Time: 0.0536 Cost: 2.4668 Pre: 0.0000 Re: 0.0000 Acc: 0.9788 F1: 0.0000
Epoch 98: Time: 0.0530 Cost: 2.4643 Pre: 0.0000 Re: 0.0000 Acc: 0.9788 F1: 0.0000
Epoch 99: Time: 0.0527 Cost: 2.4617 Pre: 0.0000 Re: 0.0000 Acc: 0.9788 F1: 0.0000
Epoch 100: Time: 0.0528 Cost: 2.4592 Pre: 0.0000 Re: 0.0000 Acc: 0.9788 F1: 0.0000


--------------------------------------------------------------------
Eval results: Cost:0.9881 Pre:0.0000 Re:0.0000 Acc:0.9875 F1:0.0000
--------------------------------------------------------------------

Epoch 101: Time: 0.0533 Cost: 2.4567 Pre: 0.0000 Re: 0.0000 Acc: 0.9788 F1: 0.0000
Epoch 102: Time: 0.0527 Cost: 2.4543 Pre: 0.0000 Re: 0.0000 Acc: 0.9788 F1: 0.0000
Epoch 103: Time: 0.0526 Cost: 2.4520 Pre: 0.0000 Re: 0.0000 Acc: 0.9788 F1: 0.0000
Epoch 104: Time: 0.0536 Cost: 2.4496 Pre: 0.0000 Re: 0.0000 Acc: 0.9788 F1: 0.0000
Epoch 105: Time: 0.0536 Cost: 2.4474 Pre: 0.0000 Re: 0.0000 Acc: 0.9788 F1: 0.0000
Epoch 106: Time: 0.0524 Cost: 2.4451 Pre: 0.0000 Re: 0.0000 Acc: 0.9788 F1: 0.0000
Epoch 107: Time: 0.0566 Cost: 2.4428 Pre: 0.0000 Re: 0.0000 Acc: 0.9788 F1: 0.0000
Epoch 108: Time: 0.0539 Cost: 2.4406 Pre: 0.0000 Re: 0.0000 Acc: 0.9788 F1: 0.0000
Epoch 109: Time: 0.0525 Cost: 2.4384 Pre: 0.0000 Re: 0.0000 Acc: 0.9788 F1: 0.0000
Epoch 110: Time: 0.0583 Cost: 2.4362 Pre: 0.0000 Re: 0.0000 Acc: 0.9788 F1: 0.0000


--------------------------------------------------------------------
Eval results: Cost:0.9824 Pre:0.0000 Re:0.0000 Acc:0.9875 F1:0.0000
--------------------------------------------------------------------

Epoch 111: Time: 0.0537 Cost: 2.4340 Pre: 0.0000 Re: 0.0000 Acc: 0.9788 F1: 0.0000
Epoch 112: Time: 0.0539 Cost: 2.4318 Pre: 0.0000 Re: 0.0000 Acc: 0.9788 F1: 0.0000
Epoch 113: Time: 0.0550 Cost: 2.4297 Pre: 0.0000 Re: 0.0000 Acc: 0.9788 F1: 0.0000
Epoch 114: Time: 0.0534 Cost: 2.4276 Pre: 0.0000 Re: 0.0000 Acc: 0.9788 F1: 0.0000
Epoch 115: Time: 0.0527 Cost: 2.4256 Pre: 0.0000 Re: 0.0000 Acc: 0.9788 F1: 0.0000
Epoch 116: Time: 0.0526 Cost: 2.4235 Pre: 0.0000 Re: 0.0000 Acc: 0.9788 F1: 0.0000
Epoch 117: Time: 0.0526 Cost: 2.4215 Pre: 0.0000 Re: 0.0000 Acc: 0.9788 F1: 0.0000
Epoch 118: Time: 0.0525 Cost: 2.4194 Pre: 0.0000 Re: 0.0000 Acc: 0.9788 F1: 0.0000
Epoch 119: Time: 0.0526 Cost: 2.4174 Pre: 0.0000 Re: 0.0000 Acc: 0.9788 F1: 0.0000
Epoch 120: Time: 0.0525 Cost: 2.4153 Pre: 0.0000 Re: 0.0000 Acc: 0.9788 F1: 0.0000


--------------------------------------------------------------------
Eval results: Cost:0.9761 Pre:0.0000 Re:0.0000 Acc:0.9875 F1:0.0000
--------------------------------------------------------------------

Epoch 121: Time: 0.0533 Cost: 2.4133 Pre: 0.0000 Re: 0.0000 Acc: 0.9788 F1: 0.0000
Epoch 122: Time: 0.0525 Cost: 2.4113 Pre: 0.0000 Re: 0.0000 Acc: 0.9788 F1: 0.0000
Epoch 123: Time: 0.0523 Cost: 2.4093 Pre: 0.0000 Re: 0.0000 Acc: 0.9788 F1: 0.0000
Epoch 124: Time: 0.0569 Cost: 2.4073 Pre: 0.0000 Re: 0.0000 Acc: 0.9788 F1: 0.0000
Epoch 125: Time: 0.0634 Cost: 2.4053 Pre: 0.0000 Re: 0.0000 Acc: 0.9788 F1: 0.0000
Epoch 126: Time: 0.0633 Cost: 2.4034 Pre: 0.0000 Re: 0.0000 Acc: 0.9788 F1: 0.0000
Epoch 127: Time: 0.0558 Cost: 2.4014 Pre: 0.0000 Re: 0.0000 Acc: 0.9788 F1: 0.0000
Epoch 128: Time: 0.0529 Cost: 2.3994 Pre: 0.0000 Re: 0.0000 Acc: 0.9788 F1: 0.0000
Epoch 129: Time: 0.0533 Cost: 2.3974 Pre: 0.0000 Re: 0.0000 Acc: 0.9788 F1: 0.0000
Epoch 130: Time: 0.0547 Cost: 2.3954 Pre: 0.0000 Re: 0.0000 Acc: 0.9788 F1: 0.0000


--------------------------------------------------------------------
Eval results: Cost:0.9696 Pre:0.0000 Re:0.0000 Acc:0.9875 F1:0.0000
--------------------------------------------------------------------

Epoch 131: Time: 0.0549 Cost: 2.3934 Pre: 0.0000 Re: 0.0000 Acc: 0.9788 F1: 0.0000
Epoch 132: Time: 0.0529 Cost: 2.3914 Pre: 0.0000 Re: 0.0000 Acc: 0.9788 F1: 0.0000
Epoch 133: Time: 0.0530 Cost: 2.3894 Pre: 0.0000 Re: 0.0000 Acc: 0.9788 F1: 0.0000
Epoch 134: Time: 0.0528 Cost: 2.3874 Pre: 0.0000 Re: 0.0000 Acc: 0.9788 F1: 0.0000
Epoch 135: Time: 0.0523 Cost: 2.3853 Pre: 0.0000 Re: 0.0000 Acc: 0.9788 F1: 0.0000
Epoch 136: Time: 0.0531 Cost: 2.3833 Pre: 0.0000 Re: 0.0000 Acc: 0.9788 F1: 0.0000
Epoch 137: Time: 0.0802 Cost: 2.3813 Pre: 0.0000 Re: 0.0000 Acc: 0.9788 F1: 0.0000
Epoch 138: Time: 0.0539 Cost: 2.3792 Pre: 0.0000 Re: 0.0000 Acc: 0.9788 F1: 0.0000
Epoch 139: Time: 0.0528 Cost: 2.3771 Pre: 0.0000 Re: 0.0000 Acc: 0.9788 F1: 0.0000
Epoch 140: Time: 0.0527 Cost: 2.3750 Pre: 0.0000 Re: 0.0000 Acc: 0.9788 F1: 0.0000


--------------------------------------------------------------------
Eval results: Cost:0.9631 Pre:0.0000 Re:0.0000 Acc:0.9875 F1:0.0000
--------------------------------------------------------------------

Epoch 141: Time: 0.0525 Cost: 2.3729 Pre: 0.0000 Re: 0.0000 Acc: 0.9788 F1: 0.0000
Epoch 142: Time: 0.0539 Cost: 2.3708 Pre: 0.0000 Re: 0.0000 Acc: 0.9788 F1: 0.0000
Epoch 143: Time: 0.0559 Cost: 2.3687 Pre: 0.0000 Re: 0.0000 Acc: 0.9788 F1: 0.0000
Epoch 144: Time: 0.0524 Cost: 2.3665 Pre: 0.0000 Re: 0.0000 Acc: 0.9788 F1: 0.0000
Epoch 145: Time: 0.0531 Cost: 2.3644 Pre: 0.0000 Re: 0.0000 Acc: 0.9788 F1: 0.0000
Epoch 146: Time: 0.0559 Cost: 2.3622 Pre: 0.0000 Re: 0.0000 Acc: 0.9788 F1: 0.0000
Epoch 147: Time: 0.0534 Cost: 2.3600 Pre: 0.0000 Re: 0.0000 Acc: 0.9788 F1: 0.0000
Epoch 148: Time: 0.0528 Cost: 2.3577 Pre: 0.0000 Re: 0.0000 Acc: 0.9788 F1: 0.0000
Epoch 149: Time: 0.0528 Cost: 2.3554 Pre: 0.0000 Re: 0.0000 Acc: 0.9788 F1: 0.0000
Epoch 150: Time: 0.0526 Cost: 2.3531 Pre: 0.0000 Re: 0.0000 Acc: 0.9788 F1: 0.0000


--------------------------------------------------------------------
Eval results: Cost:0.9561 Pre:0.0000 Re:0.0000 Acc:0.9875 F1:0.0000
--------------------------------------------------------------------

Epoch 151: Time: 0.0531 Cost: 2.3508 Pre: 0.0000 Re: 0.0000 Acc: 0.9788 F1: 0.0000
Epoch 152: Time: 0.0522 Cost: 2.3484 Pre: 0.0000 Re: 0.0000 Acc: 0.9788 F1: 0.0000
Epoch 153: Time: 0.0533 Cost: 2.3460 Pre: 0.0000 Re: 0.0000 Acc: 0.9788 F1: 0.0000
Epoch 154: Time: 0.0537 Cost: 2.3436 Pre: 0.0000 Re: 0.0000 Acc: 0.9788 F1: 0.0000
Epoch 155: Time: 0.0537 Cost: 2.3412 Pre: 0.0000 Re: 0.0000 Acc: 0.9788 F1: 0.0000
Epoch 156: Time: 0.0528 Cost: 2.3387 Pre: 0.0000 Re: 0.0000 Acc: 0.9788 F1: 0.0000
Epoch 157: Time: 0.0531 Cost: 2.3361 Pre: 0.0000 Re: 0.0000 Acc: 0.9788 F1: 0.0000
Epoch 158: Time: 0.0542 Cost: 2.3335 Pre: 0.0000 Re: 0.0000 Acc: 0.9788 F1: 0.0000
Epoch 159: Time: 0.0525 Cost: 2.3309 Pre: 0.0000 Re: 0.0000 Acc: 0.9788 F1: 0.0000
Epoch 160: Time: 0.0573 Cost: 2.3282 Pre: 0.0000 Re: 0.0000 Acc: 0.9788 F1: 0.0000


--------------------------------------------------------------------
Eval results: Cost:0.9480 Pre:0.0000 Re:0.0000 Acc:0.9875 F1:0.0000
--------------------------------------------------------------------

Epoch 161: Time: 0.0526 Cost: 2.3254 Pre: 0.0000 Re: 0.0000 Acc: 0.9788 F1: 0.0000
Epoch 162: Time: 0.0529 Cost: 2.3226 Pre: 0.0000 Re: 0.0000 Acc: 0.9788 F1: 0.0000
Epoch 163: Time: 0.0597 Cost: 2.3198 Pre: 0.0000 Re: 0.0000 Acc: 0.9788 F1: 0.0000
Epoch 164: Time: 0.0533 Cost: 2.3169 Pre: 0.0000 Re: 0.0000 Acc: 0.9788 F1: 0.0000
Epoch 165: Time: 0.0527 Cost: 2.3139 Pre: 0.0000 Re: 0.0000 Acc: 0.9788 F1: 0.0000
Epoch 166: Time: 0.0532 Cost: 2.3109 Pre: 0.0000 Re: 0.0000 Acc: 0.9788 F1: 0.0000
Epoch 167: Time: 0.0538 Cost: 2.3077 Pre: 0.0000 Re: 0.0000 Acc: 0.9788 F1: 0.0000
Epoch 168: Time: 0.0524 Cost: 2.3045 Pre: 0.0000 Re: 0.0000 Acc: 0.9788 F1: 0.0000
Epoch 169: Time: 0.0525 Cost: 2.3013 Pre: 0.0000 Re: 0.0000 Acc: 0.9788 F1: 0.0000
Epoch 170: Time: 0.0522 Cost: 2.2979 Pre: 0.0000 Re: 0.0000 Acc: 0.9788 F1: 0.0000


--------------------------------------------------------------------
Eval results: Cost:0.9375 Pre:0.0000 Re:0.0000 Acc:0.9875 F1:0.0000
--------------------------------------------------------------------

Epoch 171: Time: 0.0541 Cost: 2.2944 Pre: 0.0000 Re: 0.0000 Acc: 0.9788 F1: 0.0000
Epoch 172: Time: 0.0527 Cost: 2.2909 Pre: 0.0000 Re: 0.0000 Acc: 0.9788 F1: 0.0000
Epoch 173: Time: 0.0524 Cost: 2.2872 Pre: 0.0000 Re: 0.0000 Acc: 0.9788 F1: 0.0000
Epoch 174: Time: 0.0525 Cost: 2.2834 Pre: 0.0000 Re: 0.0000 Acc: 0.9788 F1: 0.0000
Epoch 175: Time: 0.0535 Cost: 2.2796 Pre: 0.0000 Re: 0.0000 Acc: 0.9788 F1: 0.0000
Epoch 176: Time: 0.0525 Cost: 2.2756 Pre: 0.0000 Re: 0.0000 Acc: 0.9788 F1: 0.0000
Epoch 177: Time: 0.0595 Cost: 2.2715 Pre: 0.0000 Re: 0.0000 Acc: 0.9788 F1: 0.0000
Epoch 178: Time: 0.0527 Cost: 2.2672 Pre: 0.0000 Re: 0.0000 Acc: 0.9788 F1: 0.0000
Epoch 179: Time: 0.0523 Cost: 2.2628 Pre: 0.0000 Re: 0.0000 Acc: 0.9788 F1: 0.0000
Epoch 180: Time: 0.0531 Cost: 2.2582 Pre: 0.0000 Re: 0.0000 Acc: 0.9788 F1: 0.0000


--------------------------------------------------------------------
Eval results: Cost:0.9229 Pre:0.0000 Re:0.0000 Acc:0.9875 F1:0.0000
--------------------------------------------------------------------

Epoch 181: Time: 0.0538 Cost: 2.2535 Pre: 0.0000 Re: 0.0000 Acc: 0.9788 F1: 0.0000
Epoch 182: Time: 0.0523 Cost: 2.2486 Pre: 0.0000 Re: 0.0000 Acc: 0.9788 F1: 0.0000
Epoch 183: Time: 0.0532 Cost: 2.2435 Pre: 0.0000 Re: 0.0000 Acc: 0.9788 F1: 0.0000
Epoch 184: Time: 0.0529 Cost: 2.2382 Pre: 0.0000 Re: 0.0000 Acc: 0.9788 F1: 0.0000
Epoch 185: Time: 0.0527 Cost: 2.2327 Pre: 0.0000 Re: 0.0000 Acc: 0.9788 F1: 0.0000
Epoch 186: Time: 0.0528 Cost: 2.2270 Pre: 0.0000 Re: 0.0000 Acc: 0.9788 F1: 0.0000
Epoch 187: Time: 0.0529 Cost: 2.2211 Pre: 0.0000 Re: 0.0000 Acc: 0.9788 F1: 0.0000
Epoch 188: Time: 0.0529 Cost: 2.2149 Pre: 0.0000 Re: 0.0000 Acc: 0.9788 F1: 0.0000
Epoch 189: Time: 0.0536 Cost: 2.2085 Pre: 0.0000 Re: 0.0000 Acc: 0.9788 F1: 0.0000
Epoch 190: Time: 0.0530 Cost: 2.2017 Pre: 0.0000 Re: 0.0000 Acc: 0.9788 F1: 0.0000


--------------------------------------------------------------------
Eval results: Cost:0.9013 Pre:0.0000 Re:0.0000 Acc:0.9875 F1:0.0000
--------------------------------------------------------------------

Epoch 191: Time: 0.0538 Cost: 2.1946 Pre: 0.0000 Re: 0.0000 Acc: 0.9788 F1: 0.0000
Epoch 192: Time: 0.0526 Cost: 2.1872 Pre: 0.0000 Re: 0.0000 Acc: 0.9788 F1: 0.0000
Epoch 193: Time: 0.0524 Cost: 2.1795 Pre: 0.0000 Re: 0.0000 Acc: 0.9788 F1: 0.0000
Epoch 194: Time: 0.0570 Cost: 2.1714 Pre: 0.0000 Re: 0.0000 Acc: 0.9788 F1: 0.0000
Epoch 195: Time: 0.0530 Cost: 2.1628 Pre: 0.0000 Re: 0.0000 Acc: 0.9788 F1: 0.0000
Epoch 196: Time: 0.0531 Cost: 2.1538 Pre: 0.0000 Re: 0.0000 Acc: 0.9788 F1: 0.0000
Epoch 197: Time: 0.0533 Cost: 2.1443 Pre: 0.0000 Re: 0.0000 Acc: 0.9788 F1: 0.0000
Epoch 198: Time: 0.0560 Cost: 2.1343 Pre: 0.0000 Re: 0.0000 Acc: 0.9788 F1: 0.0000
Epoch 199: Time: 0.0536 Cost: 2.1237 Pre: 0.0000 Re: 0.0000 Acc: 0.9788 F1: 0.0000
Epoch 200: Time: 0.0526 Cost: 2.1125 Pre: 0.0000 Re: 0.0000 Acc: 0.9788 F1: 0.0000


--------------------------------------------------------------------
Eval results: Cost:0.8688 Pre:0.0000 Re:0.0000 Acc:0.9875 F1:0.0000
--------------------------------------------------------------------

Epoch 201: Time: 0.0529 Cost: 2.1005 Pre: 0.0000 Re: 0.0000 Acc: 0.9788 F1: 0.0000
Epoch 202: Time: 0.0524 Cost: 2.0878 Pre: 0.0000 Re: 0.0000 Acc: 0.9788 F1: 0.0000
Epoch 203: Time: 0.0522 Cost: 2.0741 Pre: 0.0000 Re: 0.0000 Acc: 0.9788 F1: 0.0000
Epoch 204: Time: 0.0531 Cost: 2.0594 Pre: 1.0000 Re: 0.2000 Acc: 0.9831 F1: 0.3333
Epoch 205: Time: 0.0532 Cost: 2.0436 Pre: 1.0000 Re: 0.2000 Acc: 0.9831 F1: 0.3333
Epoch 206: Time: 0.0529 Cost: 2.0265 Pre: 1.0000 Re: 0.2000 Acc: 0.9831 F1: 0.3333
Epoch 207: Time: 0.0529 Cost: 2.0081 Pre: 1.0000 Re: 0.2000 Acc: 0.9831 F1: 0.3333
Epoch 208: Time: 0.0536 Cost: 1.9880 Pre: 1.0000 Re: 0.2000 Acc: 0.9831 F1: 0.3333
Epoch 209: Time: 0.0538 Cost: 1.9662 Pre: 1.0000 Re: 0.2000 Acc: 0.9831 F1: 0.3333
Epoch 210: Time: 0.0523 Cost: 1.9423 Pre: 1.0000 Re: 0.2000 Acc: 0.9831 F1: 0.3333


--------------------------------------------------------------------
Eval results: Cost:0.8108 Pre:0.0000 Re:0.0000 Acc:0.9875 F1:0.0000
--------------------------------------------------------------------

Epoch 211: Time: 0.0596 Cost: 1.9163 Pre: 1.0000 Re: 0.2000 Acc: 0.9831 F1: 0.3333
Epoch 212: Time: 0.0527 Cost: 1.8878 Pre: 1.0000 Re: 0.2000 Acc: 0.9831 F1: 0.3333
Epoch 213: Time: 0.0523 Cost: 1.8567 Pre: 1.0000 Re: 0.2000 Acc: 0.9831 F1: 0.3333
Epoch 214: Time: 0.0543 Cost: 1.8228 Pre: 1.0000 Re: 0.2000 Acc: 0.9831 F1: 0.3333
Epoch 215: Time: 0.0544 Cost: 1.7862 Pre: 1.0000 Re: 0.2000 Acc: 0.9831 F1: 0.3333
Epoch 216: Time: 0.0526 Cost: 1.7468 Pre: 1.0000 Re: 0.2000 Acc: 0.9831 F1: 0.3333
Epoch 217: Time: 0.0534 Cost: 1.7047 Pre: 1.0000 Re: 0.2000 Acc: 0.9831 F1: 0.3333
Epoch 218: Time: 0.0528 Cost: 1.6602 Pre: 1.0000 Re: 0.2000 Acc: 0.9831 F1: 0.3333
Epoch 219: Time: 0.0525 Cost: 1.6135 Pre: 1.0000 Re: 0.2000 Acc: 0.9831 F1: 0.3333
Epoch 220: Time: 0.0524 Cost: 1.5651 Pre: 1.0000 Re: 0.2000 Acc: 0.9831 F1: 0.3333


--------------------------------------------------------------------
Eval results: Cost:0.6484 Pre:0.0000 Re:0.0000 Acc:0.9875 F1:0.0000
--------------------------------------------------------------------

Epoch 221: Time: 0.0528 Cost: 1.5154 Pre: 1.0000 Re: 0.2000 Acc: 0.9831 F1: 0.3333
Epoch 222: Time: 0.0534 Cost: 1.4646 Pre: 1.0000 Re: 0.2000 Acc: 0.9831 F1: 0.3333
Epoch 223: Time: 0.0531 Cost: 1.4135 Pre: 1.0000 Re: 0.2000 Acc: 0.9831 F1: 0.3333
Epoch 224: Time: 0.0523 Cost: 1.3625 Pre: 1.0000 Re: 0.2000 Acc: 0.9831 F1: 0.3333
Epoch 225: Time: 0.0523 Cost: 1.3121 Pre: 1.0000 Re: 0.2000 Acc: 0.9831 F1: 0.3333
Epoch 226: Time: 0.0532 Cost: 1.2627 Pre: 1.0000 Re: 0.2000 Acc: 0.9831 F1: 0.3333
Epoch 227: Time: 0.0530 Cost: 1.2145 Pre: 1.0000 Re: 0.2000 Acc: 0.9831 F1: 0.3333
Epoch 228: Time: 0.0533 Cost: 1.1678 Pre: 1.0000 Re: 0.2000 Acc: 0.9831 F1: 0.3333
Epoch 229: Time: 0.0569 Cost: 1.1226 Pre: 1.0000 Re: 0.2000 Acc: 0.9831 F1: 0.3333
Epoch 230: Time: 0.0526 Cost: 1.0790 Pre: 1.0000 Re: 0.2000 Acc: 0.9831 F1: 0.3333


--------------------------------------------------------------------
Eval results: Cost:0.4156 Pre:0.0000 Re:0.0000 Acc:0.9875 F1:0.0000
--------------------------------------------------------------------

Epoch 231: Time: 0.0547 Cost: 1.0370 Pre: 1.0000 Re: 0.2000 Acc: 0.9831 F1: 0.3333
Epoch 232: Time: 0.0534 Cost: 0.9968 Pre: 1.0000 Re: 0.2000 Acc: 0.9831 F1: 0.3333
Epoch 233: Time: 0.0526 Cost: 0.9584 Pre: 1.0000 Re: 0.2000 Acc: 0.9831 F1: 0.3333
Epoch 234: Time: 0.0525 Cost: 0.9217 Pre: 1.0000 Re: 0.2000 Acc: 0.9831 F1: 0.3333
Epoch 235: Time: 0.0532 Cost: 0.8869 Pre: 1.0000 Re: 0.2000 Acc: 0.9831 F1: 0.3333
Epoch 236: Time: 0.0527 Cost: 0.8538 Pre: 1.0000 Re: 0.4000 Acc: 0.9873 F1: 0.5714
Epoch 237: Time: 0.0526 Cost: 0.8225 Pre: 1.0000 Re: 0.6000 Acc: 0.9915 F1: 0.7500
Epoch 238: Time: 0.0522 Cost: 0.7929 Pre: 1.0000 Re: 0.8000 Acc: 0.9958 F1: 0.8889
Epoch 239: Time: 0.0526 Cost: 0.7650 Pre: 1.0000 Re: 1.0000 Acc: 1.0000 F1: 1.0000
Epoch 240: Time: 0.0537 Cost: 0.7387 Pre: 1.0000 Re: 1.0000 Acc: 1.0000 F1: 1.0000


--------------------------------------------------------------------
Eval results: Cost:0.2672 Pre:1.0000 Re:1.0000 Acc:1.0000 F1:1.0000
--------------------------------------------------------------------

Epoch 241: Time: 0.0530 Cost: 0.7139 Pre: 1.0000 Re: 1.0000 Acc: 1.0000 F1: 1.0000
Epoch 242: Time: 0.0534 Cost: 0.6906 Pre: 1.0000 Re: 1.0000 Acc: 1.0000 F1: 1.0000
Epoch 243: Time: 0.0535 Cost: 0.6686 Pre: 1.0000 Re: 1.0000 Acc: 1.0000 F1: 1.0000
Epoch 244: Time: 0.0524 Cost: 0.6479 Pre: 1.0000 Re: 1.0000 Acc: 1.0000 F1: 1.0000
Epoch 245: Time: 0.0566 Cost: 0.6284 Pre: 1.0000 Re: 1.0000 Acc: 1.0000 F1: 1.0000
Epoch 246: Time: 0.0557 Cost: 0.6099 Pre: 1.0000 Re: 1.0000 Acc: 1.0000 F1: 1.0000
Epoch 247: Time: 0.0524 Cost: 0.5924 Pre: 1.0000 Re: 1.0000 Acc: 1.0000 F1: 1.0000
Epoch 248: Time: 0.0527 Cost: 0.5758 Pre: 1.0000 Re: 1.0000 Acc: 1.0000 F1: 1.0000
Epoch 249: Time: 0.0547 Cost: 0.5599 Pre: 1.0000 Re: 1.0000 Acc: 1.0000 F1: 1.0000
Epoch 250: Time: 0.0537 Cost: 0.5448 Pre: 1.0000 Re: 1.0000 Acc: 1.0000 F1: 1.0000


--------------------------------------------------------------------
Eval results: Cost:0.1897 Pre:1.0000 Re:1.0000 Acc:1.0000 F1:1.0000
--------------------------------------------------------------------

Epoch 251: Time: 0.0536 Cost: 0.5304 Pre: 1.0000 Re: 1.0000 Acc: 1.0000 F1: 1.0000
Epoch 252: Time: 0.0525 Cost: 0.5166 Pre: 1.0000 Re: 1.0000 Acc: 1.0000 F1: 1.0000
Epoch 253: Time: 0.0527 Cost: 0.5035 Pre: 1.0000 Re: 1.0000 Acc: 1.0000 F1: 1.0000
Epoch 254: Time: 0.0522 Cost: 0.4909 Pre: 1.0000 Re: 1.0000 Acc: 1.0000 F1: 1.0000
Epoch 255: Time: 0.0525 Cost: 0.4788 Pre: 1.0000 Re: 1.0000 Acc: 1.0000 F1: 1.0000
Epoch 256: Time: 0.0529 Cost: 0.4672 Pre: 1.0000 Re: 1.0000 Acc: 1.0000 F1: 1.0000
Epoch 257: Time: 0.0537 Cost: 0.4561 Pre: 1.0000 Re: 1.0000 Acc: 1.0000 F1: 1.0000
Epoch 258: Time: 0.0529 Cost: 0.4455 Pre: 1.0000 Re: 1.0000 Acc: 1.0000 F1: 1.0000
Epoch 259: Time: 0.0538 Cost: 0.4353 Pre: 1.0000 Re: 1.0000 Acc: 1.0000 F1: 1.0000
Epoch 260: Time: 0.0525 Cost: 0.4255 Pre: 1.0000 Re: 1.0000 Acc: 1.0000 F1: 1.0000


--------------------------------------------------------------------
Eval results: Cost:0.1470 Pre:1.0000 Re:1.0000 Acc:1.0000 F1:1.0000
--------------------------------------------------------------------

Epoch 261: Time: 0.0529 Cost: 0.4162 Pre: 1.0000 Re: 1.0000 Acc: 1.0000 F1: 1.0000
Epoch 262: Time: 0.0569 Cost: 0.4072 Pre: 1.0000 Re: 1.0000 Acc: 1.0000 F1: 1.0000
Epoch 263: Time: 0.0533 Cost: 0.3987 Pre: 1.0000 Re: 1.0000 Acc: 1.0000 F1: 1.0000
Epoch 264: Time: 0.0525 Cost: 0.3905 Pre: 1.0000 Re: 1.0000 Acc: 1.0000 F1: 1.0000
Epoch 265: Time: 0.0531 Cost: 0.3827 Pre: 1.0000 Re: 1.0000 Acc: 1.0000 F1: 1.0000
Epoch 266: Time: 0.0555 Cost: 0.3752 Pre: 1.0000 Re: 1.0000 Acc: 1.0000 F1: 1.0000
Epoch 267: Time: 0.0541 Cost: 0.3680 Pre: 1.0000 Re: 1.0000 Acc: 1.0000 F1: 1.0000
Epoch 268: Time: 0.0528 Cost: 0.3611 Pre: 1.0000 Re: 1.0000 Acc: 1.0000 F1: 1.0000
Epoch 269: Time: 0.0527 Cost: 0.3545 Pre: 1.0000 Re: 1.0000 Acc: 1.0000 F1: 1.0000
Epoch 270: Time: 0.0527 Cost: 0.3482 Pre: 1.0000 Re: 1.0000 Acc: 1.0000 F1: 1.0000


--------------------------------------------------------------------
Eval results: Cost:0.1201 Pre:1.0000 Re:1.0000 Acc:1.0000 F1:1.0000
--------------------------------------------------------------------

Epoch 271: Time: 0.0530 Cost: 0.3421 Pre: 1.0000 Re: 1.0000 Acc: 1.0000 F1: 1.0000
Epoch 272: Time: 0.0526 Cost: 0.3363 Pre: 1.0000 Re: 1.0000 Acc: 1.0000 F1: 1.0000
Epoch 273: Time: 0.0524 Cost: 0.3307 Pre: 1.0000 Re: 1.0000 Acc: 1.0000 F1: 1.0000
Epoch 274: Time: 0.0533 Cost: 0.3253 Pre: 1.0000 Re: 1.0000 Acc: 1.0000 F1: 1.0000
Epoch 275: Time: 0.0533 Cost: 0.3202 Pre: 1.0000 Re: 1.0000 Acc: 1.0000 F1: 1.0000
Epoch 276: Time: 0.0528 Cost: 0.3152 Pre: 1.0000 Re: 1.0000 Acc: 1.0000 F1: 1.0000
Epoch 277: Time: 0.0522 Cost: 0.3104 Pre: 1.0000 Re: 1.0000 Acc: 1.0000 F1: 1.0000
Epoch 278: Time: 0.0539 Cost: 0.3058 Pre: 1.0000 Re: 1.0000 Acc: 1.0000 F1: 1.0000
Epoch 279: Time: 0.0524 Cost: 0.3013 Pre: 1.0000 Re: 1.0000 Acc: 1.0000 F1: 1.0000
Epoch 280: Time: 0.0587 Cost: 0.2969 Pre: 1.0000 Re: 1.0000 Acc: 1.0000 F1: 1.0000


--------------------------------------------------------------------
Eval results: Cost:0.1025 Pre:1.0000 Re:1.0000 Acc:1.0000 F1:1.0000
--------------------------------------------------------------------

Epoch 281: Time: 0.0525 Cost: 0.2927 Pre: 1.0000 Re: 1.0000 Acc: 1.0000 F1: 1.0000
Epoch 282: Time: 0.0531 Cost: 0.2887 Pre: 1.0000 Re: 1.0000 Acc: 1.0000 F1: 1.0000
Epoch 283: Time: 0.0556 Cost: 0.2848 Pre: 1.0000 Re: 1.0000 Acc: 1.0000 F1: 1.0000
Epoch 284: Time: 0.0531 Cost: 0.2810 Pre: 1.0000 Re: 1.0000 Acc: 1.0000 F1: 1.0000
Epoch 285: Time: 0.0524 Cost: 0.2773 Pre: 1.0000 Re: 1.0000 Acc: 1.0000 F1: 1.0000
Epoch 286: Time: 0.0534 Cost: 0.2737 Pre: 1.0000 Re: 1.0000 Acc: 1.0000 F1: 1.0000
Epoch 287: Time: 0.0533 Cost: 0.2702 Pre: 1.0000 Re: 1.0000 Acc: 1.0000 F1: 1.0000
Epoch 288: Time: 0.0535 Cost: 0.2669 Pre: 1.0000 Re: 1.0000 Acc: 1.0000 F1: 1.0000
Epoch 289: Time: 0.0528 Cost: 0.2636 Pre: 1.0000 Re: 1.0000 Acc: 1.0000 F1: 1.0000
Epoch 290: Time: 0.0528 Cost: 0.2603 Pre: 1.0000 Re: 1.0000 Acc: 1.0000 F1: 1.0000


--------------------------------------------------------------------
Eval results: Cost:0.0900 Pre:1.0000 Re:1.0000 Acc:1.0000 F1:1.0000
--------------------------------------------------------------------

Epoch 291: Time: 0.0541 Cost: 0.2572 Pre: 1.0000 Re: 1.0000 Acc: 1.0000 F1: 1.0000
Epoch 292: Time: 0.0527 Cost: 0.2542 Pre: 1.0000 Re: 1.0000 Acc: 1.0000 F1: 1.0000
Epoch 293: Time: 0.0529 Cost: 0.2512 Pre: 1.0000 Re: 1.0000 Acc: 1.0000 F1: 1.0000
Epoch 294: Time: 0.0528 Cost: 0.2484 Pre: 1.0000 Re: 1.0000 Acc: 1.0000 F1: 1.0000
Epoch 295: Time: 0.0538 Cost: 0.2456 Pre: 1.0000 Re: 1.0000 Acc: 1.0000 F1: 1.0000
Epoch 296: Time: 0.0526 Cost: 0.2428 Pre: 1.0000 Re: 1.0000 Acc: 1.0000 F1: 1.0000
Epoch 297: Time: 0.0598 Cost: 0.2402 Pre: 1.0000 Re: 1.0000 Acc: 1.0000 F1: 1.0000
Epoch 298: Time: 0.0531 Cost: 0.2376 Pre: 1.0000 Re: 1.0000 Acc: 1.0000 F1: 1.0000
Epoch 299: Time: 0.0523 Cost: 0.2350 Pre: 1.0000 Re: 1.0000 Acc: 1.0000 F1: 1.0000
Epoch 300: Time: 0.0533 Cost: 0.2325 Pre: 1.0000 Re: 1.0000 Acc: 1.0000 F1: 1.0000


--------------------------------------------------------------------
Eval results: Cost:0.0806 Pre:1.0000 Re:1.0000 Acc:1.0000 F1:1.0000
--------------------------------------------------------------------

Epoch 301: Time: 0.0528 Cost: 0.2301 Pre: 1.0000 Re: 1.0000 Acc: 1.0000 F1: 1.0000
Epoch 302: Time: 0.0536 Cost: 0.2276 Pre: 1.0000 Re: 1.0000 Acc: 1.0000 F1: 1.0000
Epoch 303: Time: 0.0552 Cost: 0.2253 Pre: 1.0000 Re: 1.0000 Acc: 1.0000 F1: 1.0000
Epoch 304: Time: 0.0565 Cost: 0.2231 Pre: 1.0000 Re: 1.0000 Acc: 1.0000 F1: 1.0000
Epoch 305: Time: 0.0532 Cost: 0.2209 Pre: 1.0000 Re: 1.0000 Acc: 1.0000 F1: 1.0000
Epoch 306: Time: 0.0525 Cost: 0.2187 Pre: 1.0000 Re: 1.0000 Acc: 1.0000 F1: 1.0000
Epoch 307: Time: 0.0573 Cost: 0.2165 Pre: 1.0000 Re: 1.0000 Acc: 1.0000 F1: 1.0000
Epoch 308: Time: 0.0659 Cost: 0.2144 Pre: 1.0000 Re: 1.0000 Acc: 1.0000 F1: 1.0000
Epoch 309: Time: 0.0548 Cost: 0.2124 Pre: 1.0000 Re: 1.0000 Acc: 1.0000 F1: 1.0000
Epoch 310: Time: 0.0525 Cost: 0.2103 Pre: 1.0000 Re: 1.0000 Acc: 1.0000 F1: 1.0000


--------------------------------------------------------------------
Eval results: Cost:0.0731 Pre:1.0000 Re:1.0000 Acc:1.0000 F1:1.0000
--------------------------------------------------------------------

Epoch 311: Time: 0.0538 Cost: 0.2084 Pre: 1.0000 Re: 1.0000 Acc: 1.0000 F1: 1.0000
Epoch 312: Time: 0.0529 Cost: 0.2064 Pre: 1.0000 Re: 1.0000 Acc: 1.0000 F1: 1.0000
Epoch 313: Time: 0.0571 Cost: 0.2045 Pre: 1.0000 Re: 1.0000 Acc: 1.0000 F1: 1.0000
Epoch 314: Time: 0.0539 Cost: 0.2027 Pre: 1.0000 Re: 1.0000 Acc: 1.0000 F1: 1.0000
Epoch 315: Time: 0.0525 Cost: 0.2009 Pre: 1.0000 Re: 1.0000 Acc: 1.0000 F1: 1.0000
Epoch 316: Time: 0.0535 Cost: 0.1991 Pre: 1.0000 Re: 1.0000 Acc: 1.0000 F1: 1.0000
Epoch 317: Time: 0.0572 Cost: 0.1973 Pre: 1.0000 Re: 1.0000 Acc: 1.0000 F1: 1.0000
Epoch 318: Time: 0.0533 Cost: 0.1956 Pre: 1.0000 Re: 1.0000 Acc: 1.0000 F1: 1.0000
Epoch 319: Time: 0.0527 Cost: 0.1939 Pre: 1.0000 Re: 1.0000 Acc: 1.0000 F1: 1.0000
Epoch 320: Time: 0.0529 Cost: 0.1922 Pre: 1.0000 Re: 1.0000 Acc: 1.0000 F1: 1.0000


--------------------------------------------------------------------
Eval results: Cost:0.0670 Pre:1.0000 Re:1.0000 Acc:1.0000 F1:1.0000
--------------------------------------------------------------------

Epoch 321: Time: 0.0528 Cost: 0.1906 Pre: 1.0000 Re: 1.0000 Acc: 1.0000 F1: 1.0000
Epoch 322: Time: 0.0527 Cost: 0.1889 Pre: 1.0000 Re: 1.0000 Acc: 1.0000 F1: 1.0000
Epoch 323: Time: 0.0533 Cost: 0.1874 Pre: 1.0000 Re: 1.0000 Acc: 1.0000 F1: 1.0000
Epoch 324: Time: 0.0530 Cost: 0.1858 Pre: 1.0000 Re: 1.0000 Acc: 1.0000 F1: 1.0000
Epoch 325: Time: 0.0532 Cost: 0.1843 Pre: 1.0000 Re: 1.0000 Acc: 1.0000 F1: 1.0000
Epoch 326: Time: 0.0526 Cost: 0.1828 Pre: 1.0000 Re: 1.0000 Acc: 1.0000 F1: 1.0000
Epoch 327: Time: 0.0528 Cost: 0.1813 Pre: 1.0000 Re: 1.0000 Acc: 1.0000 F1: 1.0000
Epoch 328: Time: 0.0538 Cost: 0.1799 Pre: 1.0000 Re: 1.0000 Acc: 1.0000 F1: 1.0000
Epoch 329: Time: 0.0535 Cost: 0.1784 Pre: 1.0000 Re: 1.0000 Acc: 1.0000 F1: 1.0000
Epoch 330: Time: 0.0524 Cost: 0.1770 Pre: 1.0000 Re: 1.0000 Acc: 1.0000 F1: 1.0000


--------------------------------------------------------------------
Eval results: Cost:0.0618 Pre:1.0000 Re:1.0000 Acc:1.0000 F1:1.0000
--------------------------------------------------------------------

Epoch 331: Time: 0.0537 Cost: 0.1756 Pre: 1.0000 Re: 1.0000 Acc: 1.0000 F1: 1.0000
Epoch 332: Time: 0.0526 Cost: 0.1742 Pre: 1.0000 Re: 1.0000 Acc: 1.0000 F1: 1.0000
Epoch 333: Time: 0.0535 Cost: 0.1729 Pre: 1.0000 Re: 1.0000 Acc: 1.0000 F1: 1.0000
Epoch 334: Time: 0.0599 Cost: 0.1716 Pre: 1.0000 Re: 1.0000 Acc: 1.0000 F1: 1.0000
Epoch 335: Time: 0.0539 Cost: 0.1703 Pre: 1.0000 Re: 1.0000 Acc: 1.0000 F1: 1.0000
Epoch 336: Time: 0.0528 Cost: 0.1690 Pre: 1.0000 Re: 1.0000 Acc: 1.0000 F1: 1.0000
Epoch 337: Time: 0.0537 Cost: 0.1678 Pre: 1.0000 Re: 1.0000 Acc: 1.0000 F1: 1.0000
Epoch 338: Time: 0.0526 Cost: 0.1665 Pre: 1.0000 Re: 1.0000 Acc: 1.0000 F1: 1.0000
Epoch 339: Time: 0.0532 Cost: 0.1653 Pre: 1.0000 Re: 1.0000 Acc: 1.0000 F1: 1.0000
Epoch 340: Time: 0.0523 Cost: 0.1641 Pre: 1.0000 Re: 1.0000 Acc: 1.0000 F1: 1.0000


--------------------------------------------------------------------
Eval results: Cost:0.0574 Pre:1.0000 Re:1.0000 Acc:1.0000 F1:1.0000
--------------------------------------------------------------------

Epoch 341: Time: 0.0533 Cost: 0.1629 Pre: 1.0000 Re: 1.0000 Acc: 1.0000 F1: 1.0000
Epoch 342: Time: 0.0534 Cost: 0.1617 Pre: 1.0000 Re: 1.0000 Acc: 1.0000 F1: 1.0000
Epoch 343: Time: 0.0525 Cost: 0.1606 Pre: 1.0000 Re: 1.0000 Acc: 1.0000 F1: 1.0000
Epoch 344: Time: 0.0525 Cost: 0.1595 Pre: 1.0000 Re: 1.0000 Acc: 1.0000 F1: 1.0000
Epoch 345: Time: 0.0524 Cost: 0.1584 Pre: 1.0000 Re: 1.0000 Acc: 1.0000 F1: 1.0000
Epoch 346: Time: 0.0537 Cost: 0.1572 Pre: 1.0000 Re: 1.0000 Acc: 1.0000 F1: 1.0000
Epoch 347: Time: 0.0526 Cost: 0.1562 Pre: 1.0000 Re: 1.0000 Acc: 1.0000 F1: 1.0000
Epoch 348: Time: 0.0593 Cost: 0.1551 Pre: 1.0000 Re: 1.0000 Acc: 1.0000 F1: 1.0000
Epoch 349: Time: 0.0525 Cost: 0.1540 Pre: 1.0000 Re: 1.0000 Acc: 1.0000 F1: 1.0000
Epoch 350: Time: 0.0529 Cost: 0.1530 Pre: 1.0000 Re: 1.0000 Acc: 1.0000 F1: 1.0000


--------------------------------------------------------------------
Eval results: Cost:0.0536 Pre:1.0000 Re:1.0000 Acc:1.0000 F1:1.0000
--------------------------------------------------------------------

Epoch 351: Time: 0.0551 Cost: 0.1520 Pre: 1.0000 Re: 1.0000 Acc: 1.0000 F1: 1.0000
Epoch 352: Time: 0.0528 Cost: 0.1509 Pre: 1.0000 Re: 1.0000 Acc: 1.0000 F1: 1.0000
Epoch 353: Time: 0.0525 Cost: 0.1499 Pre: 1.0000 Re: 1.0000 Acc: 1.0000 F1: 1.0000
Epoch 354: Time: 0.0530 Cost: 0.1490 Pre: 1.0000 Re: 1.0000 Acc: 1.0000 F1: 1.0000
Epoch 355: Time: 0.0527 Cost: 0.1480 Pre: 1.0000 Re: 1.0000 Acc: 1.0000 F1: 1.0000
Epoch 356: Time: 0.0529 Cost: 0.1470 Pre: 1.0000 Re: 1.0000 Acc: 1.0000 F1: 1.0000
Epoch 357: Time: 0.0833 Cost: 0.1461 Pre: 1.0000 Re: 1.0000 Acc: 1.0000 F1: 1.0000
Epoch 358: Time: 0.0525 Cost: 0.1452 Pre: 1.0000 Re: 1.0000 Acc: 1.0000 F1: 1.0000
Epoch 359: Time: 0.0539 Cost: 0.1442 Pre: 1.0000 Re: 1.0000 Acc: 1.0000 F1: 1.0000
Epoch 360: Time: 0.0528 Cost: 0.1433 Pre: 1.0000 Re: 1.0000 Acc: 1.0000 F1: 1.0000


--------------------------------------------------------------------
Eval results: Cost:0.0504 Pre:1.0000 Re:1.0000 Acc:1.0000 F1:1.0000
--------------------------------------------------------------------

Epoch 361: Time: 0.0529 Cost: 0.1425 Pre: 1.0000 Re: 1.0000 Acc: 1.0000 F1: 1.0000
Epoch 362: Time: 0.0545 Cost: 0.1415 Pre: 1.0000 Re: 1.0000 Acc: 1.0000 F1: 1.0000
Epoch 363: Time: 0.0529 Cost: 0.1407 Pre: 1.0000 Re: 1.0000 Acc: 1.0000 F1: 1.0000
Epoch 364: Time: 0.0586 Cost: 0.1398 Pre: 1.0000 Re: 1.0000 Acc: 1.0000 F1: 1.0000
Epoch 365: Time: 0.0525 Cost: 0.1390 Pre: 1.0000 Re: 1.0000 Acc: 1.0000 F1: 1.0000
Epoch 366: Time: 0.0527 Cost: 0.1381 Pre: 1.0000 Re: 1.0000 Acc: 1.0000 F1: 1.0000
Epoch 367: Time: 0.0532 Cost: 0.1373 Pre: 1.0000 Re: 1.0000 Acc: 1.0000 F1: 1.0000
Epoch 368: Time: 0.0568 Cost: 0.1365 Pre: 1.0000 Re: 1.0000 Acc: 1.0000 F1: 1.0000
Epoch 369: Time: 0.0529 Cost: 0.1357 Pre: 1.0000 Re: 1.0000 Acc: 1.0000 F1: 1.0000
Epoch 370: Time: 0.0527 Cost: 0.1349 Pre: 1.0000 Re: 1.0000 Acc: 1.0000 F1: 1.0000


--------------------------------------------------------------------
Eval results: Cost:0.0475 Pre:1.0000 Re:1.0000 Acc:1.0000 F1:1.0000
--------------------------------------------------------------------

Epoch 371: Time: 0.0529 Cost: 0.1341 Pre: 1.0000 Re: 1.0000 Acc: 1.0000 F1: 1.0000
Epoch 372: Time: 0.0530 Cost: 0.1333 Pre: 1.0000 Re: 1.0000 Acc: 1.0000 F1: 1.0000
Epoch 373: Time: 0.0529 Cost: 0.1326 Pre: 1.0000 Re: 1.0000 Acc: 1.0000 F1: 1.0000
Epoch 374: Time: 0.0525 Cost: 0.1319 Pre: 1.0000 Re: 1.0000 Acc: 1.0000 F1: 1.0000
Epoch 375: Time: 0.0534 Cost: 0.1311 Pre: 1.0000 Re: 1.0000 Acc: 1.0000 F1: 1.0000
Epoch 376: Time: 0.0534 Cost: 0.1304 Pre: 1.0000 Re: 1.0000 Acc: 1.0000 F1: 1.0000
Epoch 377: Time: 0.0523 Cost: 0.1296 Pre: 1.0000 Re: 1.0000 Acc: 1.0000 F1: 1.0000
Epoch 378: Time: 0.0528 Cost: 0.1289 Pre: 1.0000 Re: 1.0000 Acc: 1.0000 F1: 1.0000
Epoch 379: Time: 0.0525 Cost: 0.1282 Pre: 1.0000 Re: 1.0000 Acc: 1.0000 F1: 1.0000
Epoch 380: Time: 0.0538 Cost: 0.1275 Pre: 1.0000 Re: 1.0000 Acc: 1.0000 F1: 1.0000


--------------------------------------------------------------------
Eval results: Cost:0.0449 Pre:1.0000 Re:1.0000 Acc:1.0000 F1:1.0000
--------------------------------------------------------------------

Epoch 381: Time: 0.0592 Cost: 0.1268 Pre: 1.0000 Re: 1.0000 Acc: 1.0000 F1: 1.0000
Epoch 382: Time: 0.0528 Cost: 0.1261 Pre: 1.0000 Re: 1.0000 Acc: 1.0000 F1: 1.0000
Epoch 383: Time: 0.0523 Cost: 0.1255 Pre: 1.0000 Re: 1.0000 Acc: 1.0000 F1: 1.0000
Epoch 384: Time: 0.0535 Cost: 0.1248 Pre: 1.0000 Re: 1.0000 Acc: 1.0000 F1: 1.0000
Epoch 385: Time: 0.0549 Cost: 0.1242 Pre: 1.0000 Re: 1.0000 Acc: 1.0000 F1: 1.0000
Epoch 386: Time: 0.0527 Cost: 0.1235 Pre: 1.0000 Re: 1.0000 Acc: 1.0000 F1: 1.0000
Epoch 387: Time: 0.0540 Cost: 0.1229 Pre: 1.0000 Re: 1.0000 Acc: 1.0000 F1: 1.0000
Epoch 388: Time: 0.0528 Cost: 0.1223 Pre: 1.0000 Re: 1.0000 Acc: 1.0000 F1: 1.0000
Epoch 389: Time: 0.0527 Cost: 0.1216 Pre: 1.0000 Re: 1.0000 Acc: 1.0000 F1: 1.0000
Epoch 390: Time: 0.0524 Cost: 0.1210 Pre: 1.0000 Re: 1.0000 Acc: 1.0000 F1: 1.0000


--------------------------------------------------------------------
Eval results: Cost:0.0427 Pre:1.0000 Re:1.0000 Acc:1.0000 F1:1.0000
--------------------------------------------------------------------

Epoch 391: Time: 0.0557 Cost: 0.1204 Pre: 1.0000 Re: 1.0000 Acc: 1.0000 F1: 1.0000
Epoch 392: Time: 0.0636 Cost: 0.1198 Pre: 1.0000 Re: 1.0000 Acc: 1.0000 F1: 1.0000
Epoch 393: Time: 0.0540 Cost: 0.1192 Pre: 1.0000 Re: 1.0000 Acc: 1.0000 F1: 1.0000
Epoch 394: Time: 0.0523 Cost: 0.1186 Pre: 1.0000 Re: 1.0000 Acc: 1.0000 F1: 1.0000
Epoch 395: Time: 0.0527 Cost: 0.1181 Pre: 1.0000 Re: 1.0000 Acc: 1.0000 F1: 1.0000
Epoch 396: Time: 0.0544 Cost: 0.1175 Pre: 1.0000 Re: 1.0000 Acc: 1.0000 F1: 1.0000
Epoch 397: Time: 0.0531 Cost: 0.1169 Pre: 1.0000 Re: 1.0000 Acc: 1.0000 F1: 1.0000
Epoch 398: Time: 0.0579 Cost: 0.1164 Pre: 1.0000 Re: 1.0000 Acc: 1.0000 F1: 1.0000
Epoch 399: Time: 0.0556 Cost: 0.1158 Pre: 1.0000 Re: 1.0000 Acc: 1.0000 F1: 1.0000
Epoch 400: Time: 0.0530 Cost: 0.1153 Pre: 1.0000 Re: 1.0000 Acc: 1.0000 F1: 1.0000


--------------------------------------------------------------------
Eval results: Cost:0.0407 Pre:1.0000 Re:1.0000 Acc:1.0000 F1:1.0000
--------------------------------------------------------------------

Epoch 401: Time: 0.0558 Cost: 0.1147 Pre: 1.0000 Re: 1.0000 Acc: 1.0000 F1: 1.0000
Epoch 402: Time: 0.0542 Cost: 0.1142 Pre: 1.0000 Re: 1.0000 Acc: 1.0000 F1: 1.0000
Epoch 403: Time: 0.0529 Cost: 0.1137 Pre: 1.0000 Re: 1.0000 Acc: 1.0000 F1: 1.0000
Epoch 404: Time: 0.0532 Cost: 0.1132 Pre: 1.0000 Re: 1.0000 Acc: 1.0000 F1: 1.0000
Epoch 405: Time: 0.0524 Cost: 0.1126 Pre: 1.0000 Re: 1.0000 Acc: 1.0000 F1: 1.0000
Epoch 406: Time: 0.0525 Cost: 0.1121 Pre: 1.0000 Re: 1.0000 Acc: 1.0000 F1: 1.0000
Epoch 407: Time: 0.0525 Cost: 0.1116 Pre: 1.0000 Re: 1.0000 Acc: 1.0000 F1: 1.0000
Epoch 408: Time: 0.0525 Cost: 0.1111 Pre: 1.0000 Re: 1.0000 Acc: 1.0000 F1: 1.0000
Epoch 409: Time: 0.0524 Cost: 0.1107 Pre: 1.0000 Re: 1.0000 Acc: 1.0000 F1: 1.0000
Epoch 410: Time: 0.0535 Cost: 0.1102 Pre: 1.0000 Re: 1.0000 Acc: 1.0000 F1: 1.0000


--------------------------------------------------------------------
Eval results: Cost:0.0390 Pre:1.0000 Re:1.0000 Acc:1.0000 F1:1.0000
--------------------------------------------------------------------

Epoch 411: Time: 0.0534 Cost: 0.1097 Pre: 1.0000 Re: 1.0000 Acc: 1.0000 F1: 1.0000
Epoch 412: Time: 0.0525 Cost: 0.1092 Pre: 1.0000 Re: 1.0000 Acc: 1.0000 F1: 1.0000
Epoch 413: Time: 0.0540 Cost: 0.1088 Pre: 1.0000 Re: 1.0000 Acc: 1.0000 F1: 1.0000
Epoch 414: Time: 0.0526 Cost: 0.1083 Pre: 1.0000 Re: 1.0000 Acc: 1.0000 F1: 1.0000
Epoch 415: Time: 0.0593 Cost: 0.1078 Pre: 1.0000 Re: 1.0000 Acc: 1.0000 F1: 1.0000
Epoch 416: Time: 0.0533 Cost: 0.1074 Pre: 1.0000 Re: 1.0000 Acc: 1.0000 F1: 1.0000
Epoch 417: Time: 0.0524 Cost: 0.1070 Pre: 1.0000 Re: 1.0000 Acc: 1.0000 F1: 1.0000
Epoch 418: Time: 0.0530 Cost: 0.1065 Pre: 1.0000 Re: 1.0000 Acc: 1.0000 F1: 1.0000
Epoch 419: Time: 0.0552 Cost: 0.1061 Pre: 1.0000 Re: 1.0000 Acc: 1.0000 F1: 1.0000
Epoch 420: Time: 0.0535 Cost: 0.1056 Pre: 1.0000 Re: 1.0000 Acc: 1.0000 F1: 1.0000


--------------------------------------------------------------------
Eval results: Cost:0.0374 Pre:1.0000 Re:1.0000 Acc:1.0000 F1:1.0000
--------------------------------------------------------------------

Epoch 421: Time: 0.0530 Cost: 0.1052 Pre: 1.0000 Re: 1.0000 Acc: 1.0000 F1: 1.0000
Epoch 422: Time: 0.0529 Cost: 0.1048 Pre: 1.0000 Re: 1.0000 Acc: 1.0000 F1: 1.0000
Epoch 423: Time: 0.0529 Cost: 0.1044 Pre: 1.0000 Re: 1.0000 Acc: 1.0000 F1: 1.0000
Epoch 424: Time: 0.0525 Cost: 0.1040 Pre: 1.0000 Re: 1.0000 Acc: 1.0000 F1: 1.0000
Epoch 425: Time: 0.0526 Cost: 0.1036 Pre: 1.0000 Re: 1.0000 Acc: 1.0000 F1: 1.0000
Epoch 426: Time: 0.0526 Cost: 0.1032 Pre: 1.0000 Re: 1.0000 Acc: 1.0000 F1: 1.0000
Epoch 427: Time: 0.0574 Cost: 0.1028 Pre: 1.0000 Re: 1.0000 Acc: 1.0000 F1: 1.0000
Epoch 428: Time: 0.0528 Cost: 0.1024 Pre: 1.0000 Re: 1.0000 Acc: 1.0000 F1: 1.0000
Epoch 429: Time: 0.0524 Cost: 0.1020 Pre: 1.0000 Re: 1.0000 Acc: 1.0000 F1: 1.0000
Epoch 430: Time: 0.0523 Cost: 0.1016 Pre: 1.0000 Re: 1.0000 Acc: 1.0000 F1: 1.0000


--------------------------------------------------------------------
Eval results: Cost:0.0361 Pre:1.0000 Re:1.0000 Acc:1.0000 F1:1.0000
--------------------------------------------------------------------

Epoch 431: Time: 0.0532 Cost: 0.1013 Pre: 1.0000 Re: 1.0000 Acc: 1.0000 F1: 1.0000
Epoch 432: Time: 0.0585 Cost: 0.1009 Pre: 1.0000 Re: 1.0000 Acc: 1.0000 F1: 1.0000
Epoch 433: Time: 0.0532 Cost: 0.1005 Pre: 1.0000 Re: 1.0000 Acc: 1.0000 F1: 1.0000
Epoch 434: Time: 0.0582 Cost: 0.1002 Pre: 1.0000 Re: 1.0000 Acc: 1.0000 F1: 1.0000
Epoch 435: Time: 0.0551 Cost: 0.0998 Pre: 1.0000 Re: 1.0000 Acc: 1.0000 F1: 1.0000
Epoch 436: Time: 0.0539 Cost: 0.0994 Pre: 1.0000 Re: 1.0000 Acc: 1.0000 F1: 1.0000
Epoch 437: Time: 0.0532 Cost: 0.0991 Pre: 1.0000 Re: 1.0000 Acc: 1.0000 F1: 1.0000
Epoch 438: Time: 0.0525 Cost: 0.0987 Pre: 1.0000 Re: 1.0000 Acc: 1.0000 F1: 1.0000
Epoch 439: Time: 0.0529 Cost: 0.0984 Pre: 1.0000 Re: 1.0000 Acc: 1.0000 F1: 1.0000
Epoch 440: Time: 0.0527 Cost: 0.0980 Pre: 1.0000 Re: 1.0000 Acc: 1.0000 F1: 1.0000


--------------------------------------------------------------------
Eval results: Cost:0.0348 Pre:1.0000 Re:1.0000 Acc:1.0000 F1:1.0000
--------------------------------------------------------------------

Epoch 441: Time: 0.0531 Cost: 0.0977 Pre: 1.0000 Re: 1.0000 Acc: 1.0000 F1: 1.0000
Epoch 442: Time: 0.0524 Cost: 0.0974 Pre: 1.0000 Re: 1.0000 Acc: 1.0000 F1: 1.0000
Epoch 443: Time: 0.0533 Cost: 0.0970 Pre: 1.0000 Re: 1.0000 Acc: 1.0000 F1: 1.0000
Epoch 444: Time: 0.0531 Cost: 0.0967 Pre: 1.0000 Re: 1.0000 Acc: 1.0000 F1: 1.0000
Epoch 445: Time: 0.0525 Cost: 0.0964 Pre: 1.0000 Re: 1.0000 Acc: 1.0000 F1: 1.0000
Epoch 446: Time: 0.0530 Cost: 0.0961 Pre: 1.0000 Re: 1.0000 Acc: 1.0000 F1: 1.0000
Epoch 447: Time: 0.0524 Cost: 0.0958 Pre: 1.0000 Re: 1.0000 Acc: 1.0000 F1: 1.0000
Epoch 448: Time: 0.0537 Cost: 0.0955 Pre: 1.0000 Re: 1.0000 Acc: 1.0000 F1: 1.0000
Epoch 449: Time: 0.0641 Cost: 0.0951 Pre: 1.0000 Re: 1.0000 Acc: 1.0000 F1: 1.0000
Epoch 450: Time: 0.0541 Cost: 0.0948 Pre: 1.0000 Re: 1.0000 Acc: 1.0000 F1: 1.0000


--------------------------------------------------------------------
Eval results: Cost:0.0337 Pre:1.0000 Re:1.0000 Acc:1.0000 F1:1.0000
--------------------------------------------------------------------

Epoch 451: Time: 0.0529 Cost: 0.0945 Pre: 1.0000 Re: 1.0000 Acc: 1.0000 F1: 1.0000
Epoch 452: Time: 0.0546 Cost: 0.0942 Pre: 1.0000 Re: 1.0000 Acc: 1.0000 F1: 1.0000
Epoch 453: Time: 0.0595 Cost: 0.0939 Pre: 1.0000 Re: 1.0000 Acc: 1.0000 F1: 1.0000
Epoch 454: Time: 0.0527 Cost: 0.0937 Pre: 1.0000 Re: 1.0000 Acc: 1.0000 F1: 1.0000
Epoch 455: Time: 0.0531 Cost: 0.0934 Pre: 1.0000 Re: 1.0000 Acc: 1.0000 F1: 1.0000
Epoch 456: Time: 0.0525 Cost: 0.0931 Pre: 1.0000 Re: 1.0000 Acc: 1.0000 F1: 1.0000
Epoch 457: Time: 0.0530 Cost: 0.0928 Pre: 1.0000 Re: 1.0000 Acc: 1.0000 F1: 1.0000
Epoch 458: Time: 0.0544 Cost: 0.0925 Pre: 1.0000 Re: 1.0000 Acc: 1.0000 F1: 1.0000
Epoch 459: Time: 0.0524 Cost: 0.0922 Pre: 1.0000 Re: 1.0000 Acc: 1.0000 F1: 1.0000
Epoch 460: Time: 0.0531 Cost: 0.0920 Pre: 1.0000 Re: 1.0000 Acc: 1.0000 F1: 1.0000


--------------------------------------------------------------------
Eval results: Cost:0.0327 Pre:1.0000 Re:1.0000 Acc:1.0000 F1:1.0000
--------------------------------------------------------------------

Epoch 461: Time: 0.0541 Cost: 0.0917 Pre: 1.0000 Re: 1.0000 Acc: 1.0000 F1: 1.0000
Epoch 462: Time: 0.0525 Cost: 0.0914 Pre: 1.0000 Re: 1.0000 Acc: 1.0000 F1: 1.0000
Epoch 463: Time: 0.0535 Cost: 0.0912 Pre: 1.0000 Re: 1.0000 Acc: 1.0000 F1: 1.0000
Epoch 464: Time: 0.0532 Cost: 0.0909 Pre: 1.0000 Re: 1.0000 Acc: 1.0000 F1: 1.0000
Epoch 465: Time: 0.0524 Cost: 0.0906 Pre: 1.0000 Re: 1.0000 Acc: 1.0000 F1: 1.0000
Epoch 466: Time: 0.0562 Cost: 0.0904 Pre: 1.0000 Re: 1.0000 Acc: 1.0000 F1: 1.0000
Epoch 467: Time: 0.0538 Cost: 0.0901 Pre: 1.0000 Re: 1.0000 Acc: 1.0000 F1: 1.0000
Epoch 468: Time: 0.0523 Cost: 0.0899 Pre: 1.0000 Re: 1.0000 Acc: 1.0000 F1: 1.0000
Epoch 469: Time: 0.0533 Cost: 0.0896 Pre: 1.0000 Re: 1.0000 Acc: 1.0000 F1: 1.0000
Epoch 470: Time: 0.0553 Cost: 0.0894 Pre: 1.0000 Re: 1.0000 Acc: 1.0000 F1: 1.0000


--------------------------------------------------------------------
Eval results: Cost:0.0319 Pre:1.0000 Re:1.0000 Acc:1.0000 F1:1.0000
--------------------------------------------------------------------

Epoch 471: Time: 0.0536 Cost: 0.0891 Pre: 1.0000 Re: 1.0000 Acc: 1.0000 F1: 1.0000
Epoch 472: Time: 0.0530 Cost: 0.0889 Pre: 1.0000 Re: 1.0000 Acc: 1.0000 F1: 1.0000
Epoch 473: Time: 0.0528 Cost: 0.0886 Pre: 1.0000 Re: 1.0000 Acc: 1.0000 F1: 1.0000
Epoch 474: Time: 0.0524 Cost: 0.0884 Pre: 1.0000 Re: 1.0000 Acc: 1.0000 F1: 1.0000
Epoch 475: Time: 0.0524 Cost: 0.0882 Pre: 1.0000 Re: 1.0000 Acc: 1.0000 F1: 1.0000
Epoch 476: Time: 0.0527 Cost: 0.0879 Pre: 1.0000 Re: 1.0000 Acc: 1.0000 F1: 1.0000
Epoch 477: Time: 0.0651 Cost: 0.0877 Pre: 1.0000 Re: 1.0000 Acc: 1.0000 F1: 1.0000
Epoch 478: Time: 0.0557 Cost: 0.0875 Pre: 1.0000 Re: 1.0000 Acc: 1.0000 F1: 1.0000
Epoch 479: Time: 0.0524 Cost: 0.0873 Pre: 1.0000 Re: 1.0000 Acc: 1.0000 F1: 1.0000
Epoch 480: Time: 0.0532 Cost: 0.0870 Pre: 1.0000 Re: 1.0000 Acc: 1.0000 F1: 1.0000


--------------------------------------------------------------------
Eval results: Cost:0.0311 Pre:1.0000 Re:1.0000 Acc:1.0000 F1:1.0000
--------------------------------------------------------------------

Epoch 481: Time: 0.0538 Cost: 0.0868 Pre: 1.0000 Re: 1.0000 Acc: 1.0000 F1: 1.0000
Epoch 482: Time: 0.0528 Cost: 0.0866 Pre: 1.0000 Re: 1.0000 Acc: 1.0000 F1: 1.0000
Epoch 483: Time: 0.0574 Cost: 0.0864 Pre: 1.0000 Re: 1.0000 Acc: 1.0000 F1: 1.0000
Epoch 484: Time: 0.0527 Cost: 0.0862 Pre: 1.0000 Re: 1.0000 Acc: 1.0000 F1: 1.0000
Epoch 485: Time: 0.0528 Cost: 0.0860 Pre: 1.0000 Re: 1.0000 Acc: 1.0000 F1: 1.0000
Epoch 486: Time: 0.0553 Cost: 0.0858 Pre: 1.0000 Re: 1.0000 Acc: 1.0000 F1: 1.0000
Epoch 487: Time: 0.0540 Cost: 0.0855 Pre: 1.0000 Re: 1.0000 Acc: 1.0000 F1: 1.0000
Epoch 488: Time: 0.0528 Cost: 0.0853 Pre: 1.0000 Re: 1.0000 Acc: 1.0000 F1: 1.0000
Epoch 489: Time: 0.0526 Cost: 0.0851 Pre: 1.0000 Re: 1.0000 Acc: 1.0000 F1: 1.0000
Epoch 490: Time: 0.0839 Cost: 0.0849 Pre: 1.0000 Re: 1.0000 Acc: 1.0000 F1: 1.0000


--------------------------------------------------------------------
Eval results: Cost:0.0303 Pre:1.0000 Re:1.0000 Acc:1.0000 F1:1.0000
--------------------------------------------------------------------

Epoch 491: Time: 0.0875 Cost: 0.0847 Pre: 1.0000 Re: 1.0000 Acc: 1.0000 F1: 1.0000
Epoch 492: Time: 0.0817 Cost: 0.0845 Pre: 1.0000 Re: 1.0000 Acc: 1.0000 F1: 1.0000
Epoch 493: Time: 0.0616 Cost: 0.0843 Pre: 1.0000 Re: 1.0000 Acc: 1.0000 F1: 1.0000
Epoch 494: Time: 0.0588 Cost: 0.0842 Pre: 1.0000 Re: 1.0000 Acc: 1.0000 F1: 1.0000
Epoch 495: Time: 0.0589 Cost: 0.0840 Pre: 1.0000 Re: 1.0000 Acc: 1.0000 F1: 1.0000
Epoch 496: Time: 0.0587 Cost: 0.0838 Pre: 1.0000 Re: 1.0000 Acc: 1.0000 F1: 1.0000
Epoch 497: Time: 0.0536 Cost: 0.0836 Pre: 1.0000 Re: 1.0000 Acc: 1.0000 F1: 1.0000
Epoch 498: Time: 0.0659 Cost: 0.0834 Pre: 1.0000 Re: 1.0000 Acc: 1.0000 F1: 1.0000
Epoch 499: Time: 0.0545 Cost: 0.0832 Pre: 1.0000 Re: 1.0000 Acc: 1.0000 F1: 1.0000
Epoch 500: Time: 0.0575 Cost: 0.0830 Pre: 1.0000 Re: 1.0000 Acc: 1.0000 F1: 1.0000


--------------------------------------------------------------------
Eval results: Cost:0.0297 Pre:1.0000 Re:1.0000 Acc:1.0000 F1:1.0000
--------------------------------------------------------------------

Epoch 501: Time: 0.0573 Cost: 0.0829 Pre: 1.0000 Re: 1.0000 Acc: 1.0000 F1: 1.0000
Epoch 502: Time: 0.0623 Cost: 0.0827 Pre: 1.0000 Re: 1.0000 Acc: 1.0000 F1: 1.0000
Epoch 503: Time: 0.0635 Cost: 0.0825 Pre: 1.0000 Re: 1.0000 Acc: 1.0000 F1: 1.0000
Epoch 504: Time: 0.0575 Cost: 0.0823 Pre: 1.0000 Re: 1.0000 Acc: 1.0000 F1: 1.0000
Epoch 505: Time: 0.0569 Cost: 0.0821 Pre: 1.0000 Re: 1.0000 Acc: 1.0000 F1: 1.0000
Epoch 506: Time: 0.0573 Cost: 0.0820 Pre: 1.0000 Re: 1.0000 Acc: 1.0000 F1: 1.0000
Epoch 507: Time: 0.0576 Cost: 0.0818 Pre: 1.0000 Re: 1.0000 Acc: 1.0000 F1: 1.0000
Epoch 508: Time: 0.0595 Cost: 0.0816 Pre: 1.0000 Re: 1.0000 Acc: 1.0000 F1: 1.0000
Epoch 509: Time: 0.0539 Cost: 0.0815 Pre: 1.0000 Re: 1.0000 Acc: 1.0000 F1: 1.0000
Epoch 510: Time: 0.0533 Cost: 0.0813 Pre: 1.0000 Re: 1.0000 Acc: 1.0000 F1: 1.0000


--------------------------------------------------------------------
Eval results: Cost:0.0291 Pre:1.0000 Re:1.0000 Acc:1.0000 F1:1.0000
--------------------------------------------------------------------

Epoch 511: Time: 0.0537 Cost: 0.0811 Pre: 1.0000 Re: 1.0000 Acc: 1.0000 F1: 1.0000
Epoch 512: Time: 0.0527 Cost: 0.0810 Pre: 1.0000 Re: 1.0000 Acc: 1.0000 F1: 1.0000
Epoch 513: Time: 0.0568 Cost: 0.0808 Pre: 1.0000 Re: 1.0000 Acc: 1.0000 F1: 1.0000
Epoch 514: Time: 0.0539 Cost: 0.0806 Pre: 1.0000 Re: 1.0000 Acc: 1.0000 F1: 1.0000
Epoch 515: Time: 0.0531 Cost: 0.0805 Pre: 1.0000 Re: 1.0000 Acc: 1.0000 F1: 1.0000
Epoch 516: Time: 0.0533 Cost: 0.0803 Pre: 1.0000 Re: 1.0000 Acc: 1.0000 F1: 1.0000
Epoch 517: Time: 0.0552 Cost: 0.0802 Pre: 1.0000 Re: 1.0000 Acc: 1.0000 F1: 1.0000
Epoch 518: Time: 0.0536 Cost: 0.0800 Pre: 1.0000 Re: 1.0000 Acc: 1.0000 F1: 1.0000
Epoch 519: Time: 0.0525 Cost: 0.0799 Pre: 1.0000 Re: 1.0000 Acc: 1.0000 F1: 1.0000
Epoch 520: Time: 0.0530 Cost: 0.0797 Pre: 1.0000 Re: 1.0000 Acc: 1.0000 F1: 1.0000


--------------------------------------------------------------------
Eval results: Cost:0.0285 Pre:1.0000 Re:1.0000 Acc:1.0000 F1:1.0000
--------------------------------------------------------------------

Epoch 521: Time: 0.0536 Cost: 0.0796 Pre: 1.0000 Re: 1.0000 Acc: 1.0000 F1: 1.0000
Epoch 522: Time: 0.0524 Cost: 0.0794 Pre: 1.0000 Re: 1.0000 Acc: 1.0000 F1: 1.0000
Epoch 523: Time: 0.0525 Cost: 0.0793 Pre: 1.0000 Re: 1.0000 Acc: 1.0000 F1: 1.0000
Epoch 524: Time: 0.0526 Cost: 0.0791 Pre: 1.0000 Re: 1.0000 Acc: 1.0000 F1: 1.0000
Epoch 525: Time: 0.0539 Cost: 0.0790 Pre: 1.0000 Re: 1.0000 Acc: 1.0000 F1: 1.0000
Epoch 526: Time: 0.0525 Cost: 0.0788 Pre: 1.0000 Re: 1.0000 Acc: 1.0000 F1: 1.0000
Epoch 527: Time: 0.0528 Cost: 0.0787 Pre: 1.0000 Re: 1.0000 Acc: 1.0000 F1: 1.0000
Epoch 528: Time: 0.0526 Cost: 0.0785 Pre: 1.0000 Re: 1.0000 Acc: 1.0000 F1: 1.0000
Epoch 529: Time: 0.0543 Cost: 0.0784 Pre: 1.0000 Re: 1.0000 Acc: 1.0000 F1: 1.0000
Epoch 530: Time: 0.0530 Cost: 0.0782 Pre: 1.0000 Re: 1.0000 Acc: 1.0000 F1: 1.0000


--------------------------------------------------------------------
Eval results: Cost:0.0281 Pre:1.0000 Re:1.0000 Acc:1.0000 F1:1.0000
--------------------------------------------------------------------

Epoch 531: Time: 0.0530 Cost: 0.0781 Pre: 1.0000 Re: 1.0000 Acc: 1.0000 F1: 1.0000
Epoch 532: Time: 0.0525 Cost: 0.0780 Pre: 1.0000 Re: 1.0000 Acc: 1.0000 F1: 1.0000
Epoch 533: Time: 0.0532 Cost: 0.0778 Pre: 1.0000 Re: 1.0000 Acc: 1.0000 F1: 1.0000
Epoch 534: Time: 0.0556 Cost: 0.0777 Pre: 1.0000 Re: 1.0000 Acc: 1.0000 F1: 1.0000
Epoch 535: Time: 0.0543 Cost: 0.0776 Pre: 1.0000 Re: 1.0000 Acc: 1.0000 F1: 1.0000
Epoch 536: Time: 0.0537 Cost: 0.0774 Pre: 1.0000 Re: 1.0000 Acc: 1.0000 F1: 1.0000
Epoch 537: Time: 0.0535 Cost: 0.0773 Pre: 1.0000 Re: 1.0000 Acc: 1.0000 F1: 1.0000
Epoch 538: Time: 0.0534 Cost: 0.0772 Pre: 1.0000 Re: 1.0000 Acc: 1.0000 F1: 1.0000
Epoch 539: Time: 0.0524 Cost: 0.0770 Pre: 1.0000 Re: 1.0000 Acc: 1.0000 F1: 1.0000
Epoch 540: Time: 0.0524 Cost: 0.0769 Pre: 1.0000 Re: 1.0000 Acc: 1.0000 F1: 1.0000


--------------------------------------------------------------------
Eval results: Cost:0.0276 Pre:1.0000 Re:1.0000 Acc:1.0000 F1:1.0000
--------------------------------------------------------------------

Early stopping...
--------------------------------------------------------------------
--------------------------------------------------------------------
Test 458 samples take time: 0.1891
Test results: Cost:0.0344 Pre:1.0000 Re:1.0000 Acc:1.0000 F1:1.0000
--------------------------------------------------------------------

