Load data
RNN type: O2 Grammar: g2 Seed: 4
Model total parameters: 4232
Saving hinit ... 

Epoch 0: Time: 0.1517 Cost: 26.1657 Pre: 0.0000 Re: 0.0000 Acc: 0.4915 F1: 0.0000


--------------------------------------------------------------------
Eval results: Cost:24.6986 Pre:0.0000 Re:0.0000 Acc:0.5250 F1:0.0000
--------------------------------------------------------------------

Epoch 1: Time: 0.0758 Cost: 23.8912 Pre: 0.0000 Re: 0.0000 Acc: 0.8093 F1: 0.0000
Epoch 2: Time: 0.0870 Cost: 20.9511 Pre: 0.0000 Re: 0.0000 Acc: 0.9746 F1: 0.0000
Epoch 3: Time: 0.0761 Cost: 17.9282 Pre: 0.0000 Re: 0.0000 Acc: 0.9746 F1: 0.0000
Epoch 4: Time: 0.0767 Cost: 15.0962 Pre: 0.0000 Re: 0.0000 Acc: 0.9746 F1: 0.0000
Epoch 5: Time: 0.0761 Cost: 12.5883 Pre: 0.0000 Re: 0.0000 Acc: 0.9746 F1: 0.0000
Epoch 6: Time: 0.0759 Cost: 10.4552 Pre: 0.0000 Re: 0.0000 Acc: 0.9746 F1: 0.0000
Epoch 7: Time: 0.0756 Cost: 8.6992 Pre: 0.0000 Re: 0.0000 Acc: 0.9746 F1: 0.0000
Epoch 8: Time: 0.0756 Cost: 7.2945 Pre: 0.0000 Re: 0.0000 Acc: 0.9746 F1: 0.0000
Epoch 9: Time: 0.0784 Cost: 6.1992 Pre: 0.0000 Re: 0.0000 Acc: 0.9746 F1: 0.0000
Epoch 10: Time: 0.0760 Cost: 5.3636 Pre: 0.0000 Re: 0.0000 Acc: 0.9746 F1: 0.0000


--------------------------------------------------------------------
Eval results: Cost:4.0088 Pre:0.0000 Re:0.0000 Acc:0.9812 F1:0.0000
--------------------------------------------------------------------

Epoch 11: Time: 0.0786 Cost: 4.7361 Pre: 0.0000 Re: 0.0000 Acc: 0.9746 F1: 0.0000
Epoch 12: Time: 0.0836 Cost: 4.2682 Pre: 0.0000 Re: 0.0000 Acc: 0.9746 F1: 0.0000
Epoch 13: Time: 0.0799 Cost: 3.9208 Pre: 0.0000 Re: 0.0000 Acc: 0.9788 F1: 0.0000
Epoch 14: Time: 0.0800 Cost: 3.6628 Pre: 0.0000 Re: 0.0000 Acc: 0.9788 F1: 0.0000
Epoch 15: Time: 0.0809 Cost: 3.4699 Pre: 0.0000 Re: 0.0000 Acc: 0.9788 F1: 0.0000
Epoch 16: Time: 0.0811 Cost: 3.3240 Pre: 0.0000 Re: 0.0000 Acc: 0.9788 F1: 0.0000
Epoch 17: Time: 0.0811 Cost: 3.2119 Pre: 0.0000 Re: 0.0000 Acc: 0.9788 F1: 0.0000
Epoch 18: Time: 0.0816 Cost: 3.1244 Pre: 0.0000 Re: 0.0000 Acc: 0.9788 F1: 0.0000
Epoch 19: Time: 0.0796 Cost: 3.0549 Pre: 0.0000 Re: 0.0000 Acc: 0.9788 F1: 0.0000
Epoch 20: Time: 0.0927 Cost: 2.9985 Pre: 0.0000 Re: 0.0000 Acc: 0.9788 F1: 0.0000


--------------------------------------------------------------------
Eval results: Cost:1.7049 Pre:0.0000 Re:0.0000 Acc:0.9875 F1:0.0000
--------------------------------------------------------------------

Epoch 21: Time: 0.0787 Cost: 2.9519 Pre: 0.0000 Re: 0.0000 Acc: 0.9788 F1: 0.0000
Epoch 22: Time: 0.0802 Cost: 2.9125 Pre: 0.0000 Re: 0.0000 Acc: 0.9788 F1: 0.0000
Epoch 23: Time: 0.0785 Cost: 2.8786 Pre: 0.0000 Re: 0.0000 Acc: 0.9788 F1: 0.0000
Epoch 24: Time: 0.0758 Cost: 2.8490 Pre: 0.0000 Re: 0.0000 Acc: 0.9788 F1: 0.0000
Epoch 25: Time: 0.0753 Cost: 2.8228 Pre: 0.0000 Re: 0.0000 Acc: 0.9788 F1: 0.0000
Epoch 26: Time: 0.0767 Cost: 2.7995 Pre: 0.0000 Re: 0.0000 Acc: 0.9788 F1: 0.0000
Epoch 27: Time: 0.0765 Cost: 2.7784 Pre: 0.0000 Re: 0.0000 Acc: 0.9788 F1: 0.0000
Epoch 28: Time: 0.0764 Cost: 2.7592 Pre: 0.0000 Re: 0.0000 Acc: 0.9788 F1: 0.0000
Epoch 29: Time: 0.0754 Cost: 2.7415 Pre: 0.0000 Re: 0.0000 Acc: 0.9788 F1: 0.0000
Epoch 30: Time: 0.0763 Cost: 2.7252 Pre: 0.0000 Re: 0.0000 Acc: 0.9788 F1: 0.0000


--------------------------------------------------------------------
Eval results: Cost:1.3728 Pre:0.0000 Re:0.0000 Acc:0.9875 F1:0.0000
--------------------------------------------------------------------

Epoch 31: Time: 0.0772 Cost: 2.7101 Pre: 0.0000 Re: 0.0000 Acc: 0.9788 F1: 0.0000
Epoch 32: Time: 0.0778 Cost: 2.6958 Pre: 0.0000 Re: 0.0000 Acc: 0.9788 F1: 0.0000
Epoch 33: Time: 0.0771 Cost: 2.6824 Pre: 0.0000 Re: 0.0000 Acc: 0.9788 F1: 0.0000
Epoch 34: Time: 0.0754 Cost: 2.6696 Pre: 0.0000 Re: 0.0000 Acc: 0.9788 F1: 0.0000
Epoch 35: Time: 0.0758 Cost: 2.6576 Pre: 0.0000 Re: 0.0000 Acc: 0.9788 F1: 0.0000
Epoch 36: Time: 0.0763 Cost: 2.6463 Pre: 0.0000 Re: 0.0000 Acc: 0.9788 F1: 0.0000
Epoch 37: Time: 0.0758 Cost: 2.6356 Pre: 0.0000 Re: 0.0000 Acc: 0.9788 F1: 0.0000
Epoch 38: Time: 0.0768 Cost: 2.6254 Pre: 0.0000 Re: 0.0000 Acc: 0.9788 F1: 0.0000
Epoch 39: Time: 0.0762 Cost: 2.6158 Pre: 0.0000 Re: 0.0000 Acc: 0.9788 F1: 0.0000
Epoch 40: Time: 0.0768 Cost: 2.6067 Pre: 0.0000 Re: 0.0000 Acc: 0.9788 F1: 0.0000


--------------------------------------------------------------------
Eval results: Cost:1.2207 Pre:0.0000 Re:0.0000 Acc:0.9875 F1:0.0000
--------------------------------------------------------------------

Epoch 41: Time: 0.0763 Cost: 2.5981 Pre: 0.0000 Re: 0.0000 Acc: 0.9788 F1: 0.0000
Epoch 42: Time: 0.0757 Cost: 2.5898 Pre: 0.0000 Re: 0.0000 Acc: 0.9788 F1: 0.0000
Epoch 43: Time: 0.0778 Cost: 2.5818 Pre: 0.0000 Re: 0.0000 Acc: 0.9788 F1: 0.0000
Epoch 44: Time: 0.0774 Cost: 2.5742 Pre: 0.0000 Re: 0.0000 Acc: 0.9788 F1: 0.0000
Epoch 45: Time: 0.0756 Cost: 2.5670 Pre: 0.0000 Re: 0.0000 Acc: 0.9788 F1: 0.0000
Epoch 46: Time: 0.0769 Cost: 2.5600 Pre: 0.0000 Re: 0.0000 Acc: 0.9788 F1: 0.0000
Epoch 47: Time: 0.0756 Cost: 2.5534 Pre: 0.0000 Re: 0.0000 Acc: 0.9788 F1: 0.0000
Epoch 48: Time: 0.0757 Cost: 2.5471 Pre: 0.0000 Re: 0.0000 Acc: 0.9788 F1: 0.0000
Epoch 49: Time: 0.0753 Cost: 2.5411 Pre: 0.0000 Re: 0.0000 Acc: 0.9788 F1: 0.0000
Epoch 50: Time: 0.0767 Cost: 2.5353 Pre: 0.0000 Re: 0.0000 Acc: 0.9788 F1: 0.0000


--------------------------------------------------------------------
Eval results: Cost:1.1368 Pre:0.0000 Re:0.0000 Acc:0.9875 F1:0.0000
--------------------------------------------------------------------

Epoch 51: Time: 0.0756 Cost: 2.5298 Pre: 0.0000 Re: 0.0000 Acc: 0.9788 F1: 0.0000
Epoch 52: Time: 0.0760 Cost: 2.5245 Pre: 0.0000 Re: 0.0000 Acc: 0.9788 F1: 0.0000
Epoch 53: Time: 0.0755 Cost: 2.5193 Pre: 0.0000 Re: 0.0000 Acc: 0.9788 F1: 0.0000
Epoch 54: Time: 0.0756 Cost: 2.5144 Pre: 0.0000 Re: 0.0000 Acc: 0.9788 F1: 0.0000
Epoch 55: Time: 0.0766 Cost: 2.5096 Pre: 0.0000 Re: 0.0000 Acc: 0.9788 F1: 0.0000
Epoch 56: Time: 0.0777 Cost: 2.5050 Pre: 0.0000 Re: 0.0000 Acc: 0.9788 F1: 0.0000
Epoch 57: Time: 0.0762 Cost: 2.5005 Pre: 0.0000 Re: 0.0000 Acc: 0.9788 F1: 0.0000
Epoch 58: Time: 0.0758 Cost: 2.4962 Pre: 0.0000 Re: 0.0000 Acc: 0.9788 F1: 0.0000
Epoch 59: Time: 0.0760 Cost: 2.4921 Pre: 0.0000 Re: 0.0000 Acc: 0.9788 F1: 0.0000
Epoch 60: Time: 0.0763 Cost: 2.4881 Pre: 0.0000 Re: 0.0000 Acc: 0.9788 F1: 0.0000


--------------------------------------------------------------------
Eval results: Cost:1.0982 Pre:0.0000 Re:0.0000 Acc:0.9875 F1:0.0000
--------------------------------------------------------------------

Epoch 61: Time: 0.0764 Cost: 2.4842 Pre: 0.0000 Re: 0.0000 Acc: 0.9788 F1: 0.0000
Epoch 62: Time: 0.0763 Cost: 2.4804 Pre: 0.0000 Re: 0.0000 Acc: 0.9788 F1: 0.0000
Epoch 63: Time: 0.0762 Cost: 2.4768 Pre: 0.0000 Re: 0.0000 Acc: 0.9788 F1: 0.0000
Epoch 64: Time: 0.0765 Cost: 2.4732 Pre: 0.0000 Re: 0.0000 Acc: 0.9788 F1: 0.0000
Epoch 65: Time: 0.0758 Cost: 2.4697 Pre: 0.0000 Re: 0.0000 Acc: 0.9788 F1: 0.0000
Epoch 66: Time: 0.0756 Cost: 2.4663 Pre: 0.0000 Re: 0.0000 Acc: 0.9788 F1: 0.0000
Epoch 67: Time: 0.0761 Cost: 2.4630 Pre: 0.0000 Re: 0.0000 Acc: 0.9788 F1: 0.0000
Epoch 68: Time: 0.0782 Cost: 2.4598 Pre: 0.0000 Re: 0.0000 Acc: 0.9788 F1: 0.0000
Epoch 69: Time: 0.0758 Cost: 2.4566 Pre: 0.0000 Re: 0.0000 Acc: 0.9788 F1: 0.0000
Epoch 70: Time: 0.0771 Cost: 2.4536 Pre: 0.0000 Re: 0.0000 Acc: 0.9788 F1: 0.0000


--------------------------------------------------------------------
Eval results: Cost:1.0844 Pre:0.0000 Re:0.0000 Acc:0.9875 F1:0.0000
--------------------------------------------------------------------

Epoch 71: Time: 0.0765 Cost: 2.4506 Pre: 0.0000 Re: 0.0000 Acc: 0.9788 F1: 0.0000
Epoch 72: Time: 0.0764 Cost: 2.4476 Pre: 0.0000 Re: 0.0000 Acc: 0.9788 F1: 0.0000
Epoch 73: Time: 0.0760 Cost: 2.4448 Pre: 0.0000 Re: 0.0000 Acc: 0.9788 F1: 0.0000
Epoch 74: Time: 0.0764 Cost: 2.4420 Pre: 0.0000 Re: 0.0000 Acc: 0.9788 F1: 0.0000
Epoch 75: Time: 0.0766 Cost: 2.4393 Pre: 0.0000 Re: 0.0000 Acc: 0.9788 F1: 0.0000
Epoch 76: Time: 0.0758 Cost: 2.4366 Pre: 0.0000 Re: 0.0000 Acc: 0.9788 F1: 0.0000
Epoch 77: Time: 0.0755 Cost: 2.4340 Pre: 0.0000 Re: 0.0000 Acc: 0.9788 F1: 0.0000
Epoch 78: Time: 0.0755 Cost: 2.4315 Pre: 0.0000 Re: 0.0000 Acc: 0.9788 F1: 0.0000
Epoch 79: Time: 0.0758 Cost: 2.4290 Pre: 0.0000 Re: 0.0000 Acc: 0.9788 F1: 0.0000
Epoch 80: Time: 0.0788 Cost: 2.4266 Pre: 0.0000 Re: 0.0000 Acc: 0.9788 F1: 0.0000


--------------------------------------------------------------------
Eval results: Cost:1.0822 Pre:0.0000 Re:0.0000 Acc:0.9875 F1:0.0000
--------------------------------------------------------------------

Epoch 81: Time: 0.0766 Cost: 2.4242 Pre: 0.0000 Re: 0.0000 Acc: 0.9788 F1: 0.0000
Epoch 82: Time: 0.0756 Cost: 2.4219 Pre: 0.0000 Re: 0.0000 Acc: 0.9788 F1: 0.0000
Epoch 83: Time: 0.0759 Cost: 2.4196 Pre: 0.0000 Re: 0.0000 Acc: 0.9788 F1: 0.0000
Epoch 84: Time: 0.0764 Cost: 2.4174 Pre: 0.0000 Re: 0.0000 Acc: 0.9788 F1: 0.0000
Epoch 85: Time: 0.0763 Cost: 2.4153 Pre: 0.0000 Re: 0.0000 Acc: 0.9788 F1: 0.0000
Epoch 86: Time: 0.0767 Cost: 2.4132 Pre: 0.0000 Re: 0.0000 Acc: 0.9788 F1: 0.0000
Epoch 87: Time: 0.0767 Cost: 2.4111 Pre: 0.0000 Re: 0.0000 Acc: 0.9788 F1: 0.0000
Epoch 88: Time: 0.0768 Cost: 2.4090 Pre: 0.0000 Re: 0.0000 Acc: 0.9788 F1: 0.0000
Epoch 89: Time: 0.0767 Cost: 2.4070 Pre: 0.0000 Re: 0.0000 Acc: 0.9788 F1: 0.0000
Epoch 90: Time: 0.0760 Cost: 2.4051 Pre: 0.0000 Re: 0.0000 Acc: 0.9788 F1: 0.0000


--------------------------------------------------------------------
Eval results: Cost:1.0852 Pre:0.0000 Re:0.0000 Acc:0.9875 F1:0.0000
--------------------------------------------------------------------

Epoch 91: Time: 0.0783 Cost: 2.4031 Pre: 0.0000 Re: 0.0000 Acc: 0.9788 F1: 0.0000
Epoch 92: Time: 0.0762 Cost: 2.4012 Pre: 0.0000 Re: 0.0000 Acc: 0.9788 F1: 0.0000
Epoch 93: Time: 0.0764 Cost: 2.3994 Pre: 0.0000 Re: 0.0000 Acc: 0.9788 F1: 0.0000
Epoch 94: Time: 0.0763 Cost: 2.3975 Pre: 0.0000 Re: 0.0000 Acc: 0.9788 F1: 0.0000
Epoch 95: Time: 0.0757 Cost: 2.3957 Pre: 0.0000 Re: 0.0000 Acc: 0.9788 F1: 0.0000
Epoch 96: Time: 0.0755 Cost: 2.3939 Pre: 0.0000 Re: 0.0000 Acc: 0.9788 F1: 0.0000
Epoch 97: Time: 0.0759 Cost: 2.3921 Pre: 0.0000 Re: 0.0000 Acc: 0.9788 F1: 0.0000
Epoch 98: Time: 0.0762 Cost: 2.3903 Pre: 0.0000 Re: 0.0000 Acc: 0.9788 F1: 0.0000
Epoch 99: Time: 0.0755 Cost: 2.3886 Pre: 0.0000 Re: 0.0000 Acc: 0.9788 F1: 0.0000
Epoch 100: Time: 0.0765 Cost: 2.3868 Pre: 0.0000 Re: 0.0000 Acc: 0.9788 F1: 0.0000


--------------------------------------------------------------------
Eval results: Cost:1.0893 Pre:0.0000 Re:0.0000 Acc:0.9875 F1:0.0000
--------------------------------------------------------------------

Epoch 101: Time: 0.0762 Cost: 2.3851 Pre: 0.0000 Re: 0.0000 Acc: 0.9788 F1: 0.0000
Epoch 102: Time: 0.0762 Cost: 2.3834 Pre: 0.0000 Re: 0.0000 Acc: 0.9788 F1: 0.0000
Epoch 103: Time: 0.0778 Cost: 2.3817 Pre: 0.0000 Re: 0.0000 Acc: 0.9788 F1: 0.0000
Epoch 104: Time: 0.0767 Cost: 2.3800 Pre: 0.0000 Re: 0.0000 Acc: 0.9788 F1: 0.0000
Epoch 105: Time: 0.0766 Cost: 2.3783 Pre: 0.0000 Re: 0.0000 Acc: 0.9788 F1: 0.0000
Epoch 106: Time: 0.0764 Cost: 2.3766 Pre: 0.0000 Re: 0.0000 Acc: 0.9788 F1: 0.0000
Epoch 107: Time: 0.0762 Cost: 2.3750 Pre: 0.0000 Re: 0.0000 Acc: 0.9788 F1: 0.0000
Epoch 108: Time: 0.0763 Cost: 2.3733 Pre: 0.0000 Re: 0.0000 Acc: 0.9788 F1: 0.0000
Epoch 109: Time: 0.0761 Cost: 2.3716 Pre: 0.0000 Re: 0.0000 Acc: 0.9788 F1: 0.0000
Epoch 110: Time: 0.0762 Cost: 2.3699 Pre: 0.0000 Re: 0.0000 Acc: 0.9788 F1: 0.0000


--------------------------------------------------------------------
Eval results: Cost:1.0933 Pre:0.0000 Re:0.0000 Acc:0.9875 F1:0.0000
--------------------------------------------------------------------

Epoch 111: Time: 0.0774 Cost: 2.3682 Pre: 0.0000 Re: 0.0000 Acc: 0.9788 F1: 0.0000
Epoch 112: Time: 0.0756 Cost: 2.3665 Pre: 0.0000 Re: 0.0000 Acc: 0.9788 F1: 0.0000
Epoch 113: Time: 0.0754 Cost: 2.3649 Pre: 0.0000 Re: 0.0000 Acc: 0.9788 F1: 0.0000
Epoch 114: Time: 0.0756 Cost: 2.3632 Pre: 0.0000 Re: 0.0000 Acc: 0.9788 F1: 0.0000
Epoch 115: Time: 0.0769 Cost: 2.3615 Pre: 0.0000 Re: 0.0000 Acc: 0.9788 F1: 0.0000
Epoch 116: Time: 0.0765 Cost: 2.3599 Pre: 0.0000 Re: 0.0000 Acc: 0.9788 F1: 0.0000
Epoch 117: Time: 0.0765 Cost: 2.3582 Pre: 0.0000 Re: 0.0000 Acc: 0.9788 F1: 0.0000
Epoch 118: Time: 0.0764 Cost: 2.3565 Pre: 0.0000 Re: 0.0000 Acc: 0.9788 F1: 0.0000
Epoch 119: Time: 0.0764 Cost: 2.3548 Pre: 0.0000 Re: 0.0000 Acc: 0.9788 F1: 0.0000
Epoch 120: Time: 0.0765 Cost: 2.3531 Pre: 0.0000 Re: 0.0000 Acc: 0.9788 F1: 0.0000


--------------------------------------------------------------------
Eval results: Cost:1.0974 Pre:0.0000 Re:0.0000 Acc:0.9875 F1:0.0000
--------------------------------------------------------------------

Epoch 121: Time: 0.0906 Cost: 2.3513 Pre: 0.0000 Re: 0.0000 Acc: 0.9788 F1: 0.0000
Epoch 122: Time: 0.0890 Cost: 2.3496 Pre: 0.0000 Re: 0.0000 Acc: 0.9788 F1: 0.0000
Epoch 123: Time: 0.0831 Cost: 2.3479 Pre: 0.0000 Re: 0.0000 Acc: 0.9788 F1: 0.0000
Epoch 124: Time: 0.0766 Cost: 2.3462 Pre: 0.0000 Re: 0.0000 Acc: 0.9788 F1: 0.0000
Epoch 125: Time: 0.0770 Cost: 2.3445 Pre: 0.0000 Re: 0.0000 Acc: 0.9788 F1: 0.0000
Epoch 126: Time: 0.0794 Cost: 2.3427 Pre: 0.0000 Re: 0.0000 Acc: 0.9788 F1: 0.0000
Epoch 127: Time: 0.0786 Cost: 2.3410 Pre: 0.0000 Re: 0.0000 Acc: 0.9788 F1: 0.0000
Epoch 128: Time: 0.0758 Cost: 2.3392 Pre: 0.0000 Re: 0.0000 Acc: 0.9788 F1: 0.0000
Epoch 129: Time: 0.0777 Cost: 2.3375 Pre: 0.0000 Re: 0.0000 Acc: 0.9788 F1: 0.0000
Epoch 130: Time: 0.0835 Cost: 2.3357 Pre: 0.0000 Re: 0.0000 Acc: 0.9788 F1: 0.0000


--------------------------------------------------------------------
Eval results: Cost:1.1017 Pre:0.0000 Re:0.0000 Acc:0.9875 F1:0.0000
--------------------------------------------------------------------

Epoch 131: Time: 0.0765 Cost: 2.3339 Pre: 0.0000 Re: 0.0000 Acc: 0.9788 F1: 0.0000
Epoch 132: Time: 0.0767 Cost: 2.3321 Pre: 0.0000 Re: 0.0000 Acc: 0.9788 F1: 0.0000
Epoch 133: Time: 0.0758 Cost: 2.3303 Pre: 0.0000 Re: 0.0000 Acc: 0.9788 F1: 0.0000
Epoch 134: Time: 0.0763 Cost: 2.3285 Pre: 0.0000 Re: 0.0000 Acc: 0.9788 F1: 0.0000
Epoch 135: Time: 0.0755 Cost: 2.3267 Pre: 0.0000 Re: 0.0000 Acc: 0.9788 F1: 0.0000
Epoch 136: Time: 0.0990 Cost: 2.3249 Pre: 0.0000 Re: 0.0000 Acc: 0.9788 F1: 0.0000
Epoch 137: Time: 0.0884 Cost: 2.3231 Pre: 0.0000 Re: 0.0000 Acc: 0.9788 F1: 0.0000
Epoch 138: Time: 0.0876 Cost: 2.3213 Pre: 0.0000 Re: 0.0000 Acc: 0.9788 F1: 0.0000
Epoch 139: Time: 0.0909 Cost: 2.3194 Pre: 0.0000 Re: 0.0000 Acc: 0.9788 F1: 0.0000
Epoch 140: Time: 0.0830 Cost: 2.3176 Pre: 0.0000 Re: 0.0000 Acc: 0.9788 F1: 0.0000


--------------------------------------------------------------------
Eval results: Cost:1.1064 Pre:0.0000 Re:0.0000 Acc:0.9875 F1:0.0000
--------------------------------------------------------------------

Epoch 141: Time: 0.0832 Cost: 2.3157 Pre: 0.0000 Re: 0.0000 Acc: 0.9788 F1: 0.0000
Epoch 142: Time: 0.0789 Cost: 2.3138 Pre: 0.0000 Re: 0.0000 Acc: 0.9788 F1: 0.0000
Epoch 143: Time: 0.0819 Cost: 2.3119 Pre: 0.0000 Re: 0.0000 Acc: 0.9788 F1: 0.0000
Epoch 144: Time: 0.0828 Cost: 2.3100 Pre: 0.0000 Re: 0.0000 Acc: 0.9788 F1: 0.0000
Epoch 145: Time: 0.0832 Cost: 2.3082 Pre: 0.0000 Re: 0.0000 Acc: 0.9788 F1: 0.0000
Epoch 146: Time: 0.0760 Cost: 2.3063 Pre: 0.0000 Re: 0.0000 Acc: 0.9788 F1: 0.0000
Epoch 147: Time: 0.0759 Cost: 2.3043 Pre: 0.0000 Re: 0.0000 Acc: 0.9788 F1: 0.0000
Epoch 148: Time: 0.0766 Cost: 2.3024 Pre: 0.0000 Re: 0.0000 Acc: 0.9788 F1: 0.0000
Epoch 149: Time: 0.0776 Cost: 2.3005 Pre: 0.0000 Re: 0.0000 Acc: 0.9788 F1: 0.0000
Epoch 150: Time: 0.0776 Cost: 2.2985 Pre: 0.0000 Re: 0.0000 Acc: 0.9788 F1: 0.0000


--------------------------------------------------------------------
Eval results: Cost:1.1116 Pre:0.0000 Re:0.0000 Acc:0.9875 F1:0.0000
--------------------------------------------------------------------

Epoch 151: Time: 0.0791 Cost: 2.2965 Pre: 0.0000 Re: 0.0000 Acc: 0.9788 F1: 0.0000
Epoch 152: Time: 0.0759 Cost: 2.2945 Pre: 0.0000 Re: 0.0000 Acc: 0.9788 F1: 0.0000
Epoch 153: Time: 0.0764 Cost: 2.2926 Pre: 0.0000 Re: 0.0000 Acc: 0.9788 F1: 0.0000
Epoch 154: Time: 0.0784 Cost: 2.2906 Pre: 0.0000 Re: 0.0000 Acc: 0.9788 F1: 0.0000
Epoch 155: Time: 0.0782 Cost: 2.2886 Pre: 0.0000 Re: 0.0000 Acc: 0.9788 F1: 0.0000
Epoch 156: Time: 0.0767 Cost: 2.2866 Pre: 0.0000 Re: 0.0000 Acc: 0.9788 F1: 0.0000
Epoch 157: Time: 0.0765 Cost: 2.2845 Pre: 0.0000 Re: 0.0000 Acc: 0.9788 F1: 0.0000
Epoch 158: Time: 0.0767 Cost: 2.2825 Pre: 0.0000 Re: 0.0000 Acc: 0.9788 F1: 0.0000
Epoch 159: Time: 0.0770 Cost: 2.2804 Pre: 0.0000 Re: 0.0000 Acc: 0.9788 F1: 0.0000
Epoch 160: Time: 0.0770 Cost: 2.2783 Pre: 0.0000 Re: 0.0000 Acc: 0.9788 F1: 0.0000


--------------------------------------------------------------------
Eval results: Cost:1.1173 Pre:0.0000 Re:0.0000 Acc:0.9875 F1:0.0000
--------------------------------------------------------------------

Epoch 161: Time: 0.0767 Cost: 2.2762 Pre: 0.0000 Re: 0.0000 Acc: 0.9788 F1: 0.0000
Epoch 162: Time: 0.0765 Cost: 2.2741 Pre: 0.0000 Re: 0.0000 Acc: 0.9788 F1: 0.0000
Epoch 163: Time: 0.0759 Cost: 2.2720 Pre: 0.0000 Re: 0.0000 Acc: 0.9788 F1: 0.0000
Epoch 164: Time: 0.0765 Cost: 2.2698 Pre: 0.0000 Re: 0.0000 Acc: 0.9788 F1: 0.0000
Epoch 165: Time: 0.0753 Cost: 2.2677 Pre: 0.0000 Re: 0.0000 Acc: 0.9788 F1: 0.0000
Epoch 166: Time: 0.0812 Cost: 2.2655 Pre: 0.0000 Re: 0.0000 Acc: 0.9788 F1: 0.0000
Epoch 167: Time: 0.0766 Cost: 2.2633 Pre: 0.0000 Re: 0.0000 Acc: 0.9788 F1: 0.0000
Epoch 168: Time: 0.0769 Cost: 2.2611 Pre: 0.0000 Re: 0.0000 Acc: 0.9788 F1: 0.0000
Epoch 169: Time: 0.0767 Cost: 2.2588 Pre: 0.0000 Re: 0.0000 Acc: 0.9788 F1: 0.0000
Epoch 170: Time: 0.0756 Cost: 2.2566 Pre: 0.0000 Re: 0.0000 Acc: 0.9788 F1: 0.0000


--------------------------------------------------------------------
Eval results: Cost:1.1237 Pre:0.0000 Re:0.0000 Acc:0.9875 F1:0.0000
--------------------------------------------------------------------

Epoch 171: Time: 0.0764 Cost: 2.2542 Pre: 0.0000 Re: 0.0000 Acc: 0.9788 F1: 0.0000
Epoch 172: Time: 0.0775 Cost: 2.2519 Pre: 0.0000 Re: 0.0000 Acc: 0.9788 F1: 0.0000
Epoch 173: Time: 0.0774 Cost: 2.2496 Pre: 0.0000 Re: 0.0000 Acc: 0.9788 F1: 0.0000
Epoch 174: Time: 0.0763 Cost: 2.2472 Pre: 0.0000 Re: 0.0000 Acc: 0.9788 F1: 0.0000
Epoch 175: Time: 0.0763 Cost: 2.2448 Pre: 0.0000 Re: 0.0000 Acc: 0.9788 F1: 0.0000
Epoch 176: Time: 0.0754 Cost: 2.2424 Pre: 0.0000 Re: 0.0000 Acc: 0.9788 F1: 0.0000
Epoch 177: Time: 0.0754 Cost: 2.2400 Pre: 0.0000 Re: 0.0000 Acc: 0.9788 F1: 0.0000
Epoch 178: Time: 0.0755 Cost: 2.2375 Pre: 0.0000 Re: 0.0000 Acc: 0.9788 F1: 0.0000
Epoch 179: Time: 0.0767 Cost: 2.2349 Pre: 0.0000 Re: 0.0000 Acc: 0.9788 F1: 0.0000
Epoch 180: Time: 0.0758 Cost: 2.2324 Pre: 0.0000 Re: 0.0000 Acc: 0.9788 F1: 0.0000


--------------------------------------------------------------------
Eval results: Cost:1.1307 Pre:0.0000 Re:0.0000 Acc:0.9875 F1:0.0000
--------------------------------------------------------------------

Epoch 181: Time: 0.0759 Cost: 2.2297 Pre: 0.0000 Re: 0.0000 Acc: 0.9788 F1: 0.0000
Epoch 182: Time: 0.0763 Cost: 2.2271 Pre: 0.0000 Re: 0.0000 Acc: 0.9788 F1: 0.0000
Epoch 183: Time: 0.0761 Cost: 2.2244 Pre: 0.0000 Re: 0.0000 Acc: 0.9788 F1: 0.0000
Epoch 184: Time: 0.0767 Cost: 2.2217 Pre: 0.0000 Re: 0.0000 Acc: 0.9788 F1: 0.0000
Epoch 185: Time: 0.0782 Cost: 2.2189 Pre: 0.0000 Re: 0.0000 Acc: 0.9788 F1: 0.0000
Epoch 186: Time: 0.0757 Cost: 2.2161 Pre: 0.0000 Re: 0.0000 Acc: 0.9788 F1: 0.0000
Epoch 187: Time: 0.0760 Cost: 2.2132 Pre: 0.0000 Re: 0.0000 Acc: 0.9788 F1: 0.0000
Epoch 188: Time: 0.0773 Cost: 2.2103 Pre: 0.0000 Re: 0.0000 Acc: 0.9788 F1: 0.0000
Epoch 189: Time: 0.0762 Cost: 2.2073 Pre: 0.0000 Re: 0.0000 Acc: 0.9788 F1: 0.0000
Epoch 190: Time: 0.0762 Cost: 2.2043 Pre: 0.0000 Re: 0.0000 Acc: 0.9788 F1: 0.0000


--------------------------------------------------------------------
Eval results: Cost:1.1388 Pre:0.0000 Re:0.0000 Acc:0.9875 F1:0.0000
--------------------------------------------------------------------

Epoch 191: Time: 0.0759 Cost: 2.2011 Pre: 0.0000 Re: 0.0000 Acc: 0.9788 F1: 0.0000
Epoch 192: Time: 0.0761 Cost: 2.1980 Pre: 0.0000 Re: 0.0000 Acc: 0.9788 F1: 0.0000
Epoch 193: Time: 0.0763 Cost: 2.1948 Pre: 0.0000 Re: 0.0000 Acc: 0.9788 F1: 0.0000
Epoch 194: Time: 0.0764 Cost: 2.1915 Pre: 0.0000 Re: 0.0000 Acc: 0.9788 F1: 0.0000
Epoch 195: Time: 0.0755 Cost: 2.1881 Pre: 0.0000 Re: 0.0000 Acc: 0.9788 F1: 0.0000
Epoch 196: Time: 0.0758 Cost: 2.1847 Pre: 0.0000 Re: 0.0000 Acc: 0.9788 F1: 0.0000
Epoch 197: Time: 0.0782 Cost: 2.1812 Pre: 0.0000 Re: 0.0000 Acc: 0.9788 F1: 0.0000
Epoch 198: Time: 0.0758 Cost: 2.1776 Pre: 0.0000 Re: 0.0000 Acc: 0.9788 F1: 0.0000
Epoch 199: Time: 0.0767 Cost: 2.1740 Pre: 0.0000 Re: 0.0000 Acc: 0.9788 F1: 0.0000
Epoch 200: Time: 0.0864 Cost: 2.1702 Pre: 0.0000 Re: 0.0000 Acc: 0.9788 F1: 0.0000


--------------------------------------------------------------------
Eval results: Cost:1.1484 Pre:0.0000 Re:0.0000 Acc:0.9875 F1:0.0000
--------------------------------------------------------------------

Epoch 201: Time: 0.0798 Cost: 2.1663 Pre: 0.0000 Re: 0.0000 Acc: 0.9788 F1: 0.0000
Epoch 202: Time: 0.0865 Cost: 2.1624 Pre: 0.0000 Re: 0.0000 Acc: 0.9788 F1: 0.0000
Epoch 203: Time: 0.0811 Cost: 2.1583 Pre: 0.0000 Re: 0.0000 Acc: 0.9788 F1: 0.0000
Epoch 204: Time: 0.0773 Cost: 2.1542 Pre: 0.0000 Re: 0.0000 Acc: 0.9788 F1: 0.0000
Epoch 205: Time: 0.0754 Cost: 2.1500 Pre: 0.0000 Re: 0.0000 Acc: 0.9788 F1: 0.0000
Epoch 206: Time: 0.0761 Cost: 2.1456 Pre: 0.0000 Re: 0.0000 Acc: 0.9788 F1: 0.0000
Epoch 207: Time: 0.0754 Cost: 2.1412 Pre: 0.0000 Re: 0.0000 Acc: 0.9788 F1: 0.0000
Epoch 208: Time: 0.0777 Cost: 2.1366 Pre: 0.0000 Re: 0.0000 Acc: 0.9788 F1: 0.0000
Epoch 209: Time: 0.0772 Cost: 2.1319 Pre: 0.0000 Re: 0.0000 Acc: 0.9788 F1: 0.0000
Epoch 210: Time: 0.0762 Cost: 2.1270 Pre: 0.0000 Re: 0.0000 Acc: 0.9788 F1: 0.0000


--------------------------------------------------------------------
Eval results: Cost:1.1606 Pre:0.0000 Re:0.0000 Acc:0.9875 F1:0.0000
--------------------------------------------------------------------

Epoch 211: Time: 0.0780 Cost: 2.1220 Pre: 0.0000 Re: 0.0000 Acc: 0.9788 F1: 0.0000
Epoch 212: Time: 0.0764 Cost: 2.1169 Pre: 0.0000 Re: 0.0000 Acc: 0.9788 F1: 0.0000
Epoch 213: Time: 0.0761 Cost: 2.1117 Pre: 0.0000 Re: 0.0000 Acc: 0.9788 F1: 0.0000
Epoch 214: Time: 0.0764 Cost: 2.1064 Pre: 0.0000 Re: 0.0000 Acc: 0.9788 F1: 0.0000
Epoch 215: Time: 0.0759 Cost: 2.1009 Pre: 0.0000 Re: 0.0000 Acc: 0.9788 F1: 0.0000
Epoch 216: Time: 0.0763 Cost: 2.0952 Pre: 0.0000 Re: 0.0000 Acc: 0.9788 F1: 0.0000
Epoch 217: Time: 0.0765 Cost: 2.0894 Pre: 0.0000 Re: 0.0000 Acc: 0.9788 F1: 0.0000
Epoch 218: Time: 0.0764 Cost: 2.0834 Pre: 0.0000 Re: 0.0000 Acc: 0.9788 F1: 0.0000
Epoch 219: Time: 0.0761 Cost: 2.0772 Pre: 0.0000 Re: 0.0000 Acc: 0.9788 F1: 0.0000
Epoch 220: Time: 0.0802 Cost: 2.0708 Pre: 0.0000 Re: 0.0000 Acc: 0.9788 F1: 0.0000


--------------------------------------------------------------------
Eval results: Cost:1.1767 Pre:0.0000 Re:0.0000 Acc:0.9875 F1:0.0000
--------------------------------------------------------------------

Epoch 221: Time: 0.0772 Cost: 2.0642 Pre: 0.0000 Re: 0.0000 Acc: 0.9788 F1: 0.0000
Epoch 222: Time: 0.0766 Cost: 2.0575 Pre: 0.0000 Re: 0.0000 Acc: 0.9788 F1: 0.0000
Epoch 223: Time: 0.0756 Cost: 2.0506 Pre: 0.0000 Re: 0.0000 Acc: 0.9788 F1: 0.0000
Epoch 224: Time: 0.0766 Cost: 2.0436 Pre: 0.0000 Re: 0.0000 Acc: 0.9788 F1: 0.0000
Epoch 225: Time: 0.0754 Cost: 2.0363 Pre: 0.0000 Re: 0.0000 Acc: 0.9788 F1: 0.0000
Epoch 226: Time: 0.0764 Cost: 2.0288 Pre: 0.0000 Re: 0.0000 Acc: 0.9788 F1: 0.0000
Epoch 227: Time: 0.0759 Cost: 2.0211 Pre: 0.0000 Re: 0.0000 Acc: 0.9788 F1: 0.0000
Epoch 228: Time: 0.0758 Cost: 2.0132 Pre: 0.0000 Re: 0.0000 Acc: 0.9788 F1: 0.0000
Epoch 229: Time: 0.0767 Cost: 2.0050 Pre: 0.0000 Re: 0.0000 Acc: 0.9788 F1: 0.0000
Epoch 230: Time: 0.0760 Cost: 1.9966 Pre: 0.0000 Re: 0.0000 Acc: 0.9788 F1: 0.0000


--------------------------------------------------------------------
Eval results: Cost:1.1983 Pre:0.0000 Re:0.0000 Acc:0.9875 F1:0.0000
--------------------------------------------------------------------

Epoch 231: Time: 0.0766 Cost: 1.9879 Pre: 0.0000 Re: 0.0000 Acc: 0.9788 F1: 0.0000
Epoch 232: Time: 0.0780 Cost: 1.9791 Pre: 0.0000 Re: 0.0000 Acc: 0.9788 F1: 0.0000
Epoch 233: Time: 0.0756 Cost: 1.9700 Pre: 0.0000 Re: 0.0000 Acc: 0.9788 F1: 0.0000
Epoch 234: Time: 0.0771 Cost: 1.9607 Pre: 0.0000 Re: 0.0000 Acc: 0.9788 F1: 0.0000
Epoch 235: Time: 0.0756 Cost: 1.9511 Pre: 0.0000 Re: 0.0000 Acc: 0.9788 F1: 0.0000
Epoch 236: Time: 0.0765 Cost: 1.9413 Pre: 0.0000 Re: 0.0000 Acc: 0.9788 F1: 0.0000
Epoch 237: Time: 0.0850 Cost: 1.9312 Pre: 0.0000 Re: 0.0000 Acc: 0.9788 F1: 0.0000
Epoch 238: Time: 0.0782 Cost: 1.9208 Pre: 0.0000 Re: 0.0000 Acc: 0.9788 F1: 0.0000
Epoch 239: Time: 0.0763 Cost: 1.9101 Pre: 0.0000 Re: 0.0000 Acc: 0.9788 F1: 0.0000
Epoch 240: Time: 0.0758 Cost: 1.8991 Pre: 0.0000 Re: 0.0000 Acc: 0.9788 F1: 0.0000


--------------------------------------------------------------------
Eval results: Cost:1.2259 Pre:0.0000 Re:0.0000 Acc:0.9875 F1:0.0000
--------------------------------------------------------------------

Epoch 241: Time: 0.0755 Cost: 1.8877 Pre: 0.0000 Re: 0.0000 Acc: 0.9788 F1: 0.0000
Epoch 242: Time: 0.0768 Cost: 1.8761 Pre: 0.0000 Re: 0.0000 Acc: 0.9788 F1: 0.0000
Epoch 243: Time: 0.0774 Cost: 1.8643 Pre: 0.0000 Re: 0.0000 Acc: 0.9788 F1: 0.0000
Epoch 244: Time: 0.0779 Cost: 1.8522 Pre: 0.0000 Re: 0.0000 Acc: 0.9788 F1: 0.0000
Epoch 245: Time: 0.0759 Cost: 1.8398 Pre: 0.0000 Re: 0.0000 Acc: 0.9788 F1: 0.0000
Epoch 246: Time: 0.0767 Cost: 1.8271 Pre: 0.0000 Re: 0.0000 Acc: 0.9788 F1: 0.0000
Epoch 247: Time: 0.0761 Cost: 1.8141 Pre: 0.0000 Re: 0.0000 Acc: 0.9788 F1: 0.0000
Epoch 248: Time: 0.0770 Cost: 1.8007 Pre: 0.0000 Re: 0.0000 Acc: 0.9788 F1: 0.0000
Epoch 249: Time: 0.0762 Cost: 1.7869 Pre: 0.0000 Re: 0.0000 Acc: 0.9788 F1: 0.0000
Epoch 250: Time: 0.0770 Cost: 1.7728 Pre: 0.0000 Re: 0.0000 Acc: 0.9788 F1: 0.0000


--------------------------------------------------------------------
Eval results: Cost:1.2554 Pre:0.0000 Re:0.0000 Acc:0.9875 F1:0.0000
--------------------------------------------------------------------

Epoch 251: Time: 0.0768 Cost: 1.7582 Pre: 0.0000 Re: 0.0000 Acc: 0.9788 F1: 0.0000
Epoch 252: Time: 0.0760 Cost: 1.7434 Pre: 1.0000 Re: 0.2000 Acc: 0.9831 F1: 0.3333
Epoch 253: Time: 0.0754 Cost: 1.7284 Pre: 1.0000 Re: 0.2000 Acc: 0.9831 F1: 0.3333
Epoch 254: Time: 0.0760 Cost: 1.7130 Pre: 1.0000 Re: 0.2000 Acc: 0.9831 F1: 0.3333
Epoch 255: Time: 0.0760 Cost: 1.6973 Pre: 1.0000 Re: 0.2000 Acc: 0.9831 F1: 0.3333
Epoch 256: Time: 0.0829 Cost: 1.6812 Pre: 1.0000 Re: 0.2000 Acc: 0.9831 F1: 0.3333
Epoch 257: Time: 0.0761 Cost: 1.6647 Pre: 1.0000 Re: 0.2000 Acc: 0.9831 F1: 0.3333
Epoch 258: Time: 0.0763 Cost: 1.6478 Pre: 1.0000 Re: 0.2000 Acc: 0.9831 F1: 0.3333
Epoch 259: Time: 0.0755 Cost: 1.6305 Pre: 1.0000 Re: 0.2000 Acc: 0.9831 F1: 0.3333
Epoch 260: Time: 0.0754 Cost: 1.6127 Pre: 1.0000 Re: 0.2000 Acc: 0.9831 F1: 0.3333


--------------------------------------------------------------------
Eval results: Cost:1.2732 Pre:0.0000 Re:0.0000 Acc:0.9875 F1:0.0000
--------------------------------------------------------------------

Epoch 261: Time: 0.0757 Cost: 1.5943 Pre: 1.0000 Re: 0.2000 Acc: 0.9831 F1: 0.3333
Epoch 262: Time: 0.0761 Cost: 1.5758 Pre: 1.0000 Re: 0.2000 Acc: 0.9831 F1: 0.3333
Epoch 263: Time: 0.0765 Cost: 1.5570 Pre: 1.0000 Re: 0.2000 Acc: 0.9831 F1: 0.3333
Epoch 264: Time: 0.0760 Cost: 1.5378 Pre: 1.0000 Re: 0.2000 Acc: 0.9831 F1: 0.3333
Epoch 265: Time: 0.0765 Cost: 1.5182 Pre: 1.0000 Re: 0.2000 Acc: 0.9831 F1: 0.3333
Epoch 266: Time: 0.0761 Cost: 1.4981 Pre: 1.0000 Re: 0.2000 Acc: 0.9831 F1: 0.3333
Epoch 267: Time: 0.0756 Cost: 1.4775 Pre: 1.0000 Re: 0.2000 Acc: 0.9831 F1: 0.3333
Epoch 268: Time: 0.0781 Cost: 1.4564 Pre: 1.0000 Re: 0.2000 Acc: 0.9831 F1: 0.3333
Epoch 269: Time: 0.0764 Cost: 1.4348 Pre: 1.0000 Re: 0.2000 Acc: 0.9831 F1: 0.3333
Epoch 270: Time: 0.0765 Cost: 1.4126 Pre: 1.0000 Re: 0.2000 Acc: 0.9831 F1: 0.3333


--------------------------------------------------------------------
Eval results: Cost:1.2534 Pre:0.0000 Re:0.0000 Acc:0.9875 F1:0.0000
--------------------------------------------------------------------

Epoch 271: Time: 0.0756 Cost: 1.3898 Pre: 1.0000 Re: 0.2000 Acc: 0.9831 F1: 0.3333
Epoch 272: Time: 0.0758 Cost: 1.3668 Pre: 1.0000 Re: 0.2000 Acc: 0.9831 F1: 0.3333
Epoch 273: Time: 0.0759 Cost: 1.3435 Pre: 1.0000 Re: 0.2000 Acc: 0.9831 F1: 0.3333
Epoch 274: Time: 0.0764 Cost: 1.3198 Pre: 1.0000 Re: 0.2000 Acc: 0.9831 F1: 0.3333
Epoch 275: Time: 0.0754 Cost: 1.2956 Pre: 1.0000 Re: 0.2000 Acc: 0.9831 F1: 0.3333
Epoch 276: Time: 0.0763 Cost: 1.2709 Pre: 1.0000 Re: 0.2000 Acc: 0.9831 F1: 0.3333
Epoch 277: Time: 0.0755 Cost: 1.2456 Pre: 1.0000 Re: 0.2000 Acc: 0.9831 F1: 0.3333
Epoch 278: Time: 0.0756 Cost: 1.2197 Pre: 1.0000 Re: 0.2000 Acc: 0.9831 F1: 0.3333
Epoch 279: Time: 0.0760 Cost: 1.1933 Pre: 1.0000 Re: 0.2000 Acc: 0.9831 F1: 0.3333
Epoch 280: Time: 0.0781 Cost: 1.1663 Pre: 1.0000 Re: 0.2000 Acc: 0.9831 F1: 0.3333


--------------------------------------------------------------------
Eval results: Cost:1.1613 Pre:1.0000 Re:0.5000 Acc:0.9938 F1:0.6667
--------------------------------------------------------------------

Epoch 281: Time: 0.0768 Cost: 1.1386 Pre: 1.0000 Re: 0.4000 Acc: 0.9873 F1: 0.5714
Epoch 282: Time: 0.0764 Cost: 1.1110 Pre: 1.0000 Re: 0.4000 Acc: 0.9873 F1: 0.5714
Epoch 283: Time: 0.0764 Cost: 1.0831 Pre: 1.0000 Re: 0.4000 Acc: 0.9873 F1: 0.5714
Epoch 284: Time: 0.0762 Cost: 1.0548 Pre: 1.0000 Re: 0.4000 Acc: 0.9873 F1: 0.5714
Epoch 285: Time: 0.0760 Cost: 1.0263 Pre: 1.0000 Re: 0.4000 Acc: 0.9873 F1: 0.5714
Epoch 286: Time: 0.0759 Cost: 0.9973 Pre: 1.0000 Re: 0.4000 Acc: 0.9873 F1: 0.5714
Epoch 287: Time: 0.0751 Cost: 0.9679 Pre: 1.0000 Re: 0.4000 Acc: 0.9873 F1: 0.5714
Epoch 288: Time: 0.0773 Cost: 0.9382 Pre: 1.0000 Re: 0.6000 Acc: 0.9915 F1: 0.7500
Epoch 289: Time: 0.0763 Cost: 0.9081 Pre: 1.0000 Re: 0.6000 Acc: 0.9915 F1: 0.7500
Epoch 290: Time: 0.0764 Cost: 0.8777 Pre: 1.0000 Re: 0.8000 Acc: 0.9958 F1: 0.8889


--------------------------------------------------------------------
Eval results: Cost:0.9641 Pre:1.0000 Re:0.5000 Acc:0.9938 F1:0.6667
--------------------------------------------------------------------

Epoch 291: Time: 0.0778 Cost: 0.8470 Pre: 1.0000 Re: 0.8000 Acc: 0.9958 F1: 0.8889
Epoch 292: Time: 0.0757 Cost: 0.8167 Pre: 1.0000 Re: 1.0000 Acc: 1.0000 F1: 1.0000
Epoch 293: Time: 0.0765 Cost: 0.7866 Pre: 1.0000 Re: 1.0000 Acc: 1.0000 F1: 1.0000
Epoch 294: Time: 0.0762 Cost: 0.7567 Pre: 1.0000 Re: 1.0000 Acc: 1.0000 F1: 1.0000
Epoch 295: Time: 0.0754 Cost: 0.7269 Pre: 1.0000 Re: 1.0000 Acc: 1.0000 F1: 1.0000
Epoch 296: Time: 0.0758 Cost: 0.6972 Pre: 1.0000 Re: 1.0000 Acc: 1.0000 F1: 1.0000
Epoch 297: Time: 0.0761 Cost: 0.6677 Pre: 1.0000 Re: 1.0000 Acc: 1.0000 F1: 1.0000
Epoch 298: Time: 0.0761 Cost: 0.6384 Pre: 1.0000 Re: 1.0000 Acc: 1.0000 F1: 1.0000
Epoch 299: Time: 0.0754 Cost: 0.6095 Pre: 1.0000 Re: 1.0000 Acc: 1.0000 F1: 1.0000
Epoch 300: Time: 0.0758 Cost: 0.5809 Pre: 1.0000 Re: 1.0000 Acc: 1.0000 F1: 1.0000


--------------------------------------------------------------------
Eval results: Cost:0.6682 Pre:1.0000 Re:1.0000 Acc:1.0000 F1:1.0000
--------------------------------------------------------------------

Epoch 301: Time: 0.0760 Cost: 0.5528 Pre: 1.0000 Re: 1.0000 Acc: 1.0000 F1: 1.0000
Epoch 302: Time: 0.0759 Cost: 0.5257 Pre: 1.0000 Re: 1.0000 Acc: 1.0000 F1: 1.0000
Epoch 303: Time: 0.0770 Cost: 0.4994 Pre: 1.0000 Re: 1.0000 Acc: 1.0000 F1: 1.0000
Epoch 304: Time: 0.0776 Cost: 0.4741 Pre: 1.0000 Re: 1.0000 Acc: 1.0000 F1: 1.0000
Epoch 305: Time: 0.0756 Cost: 0.4495 Pre: 1.0000 Re: 1.0000 Acc: 1.0000 F1: 1.0000
Epoch 306: Time: 0.0758 Cost: 0.4257 Pre: 1.0000 Re: 1.0000 Acc: 1.0000 F1: 1.0000
Epoch 307: Time: 0.0760 Cost: 0.4028 Pre: 1.0000 Re: 1.0000 Acc: 1.0000 F1: 1.0000
Epoch 308: Time: 0.0772 Cost: 0.3808 Pre: 1.0000 Re: 1.0000 Acc: 1.0000 F1: 1.0000
Epoch 309: Time: 0.0764 Cost: 0.3597 Pre: 1.0000 Re: 1.0000 Acc: 1.0000 F1: 1.0000
Epoch 310: Time: 0.0770 Cost: 0.3394 Pre: 1.0000 Re: 1.0000 Acc: 1.0000 F1: 1.0000


--------------------------------------------------------------------
Eval results: Cost:0.3741 Pre:1.0000 Re:1.0000 Acc:1.0000 F1:1.0000
--------------------------------------------------------------------

Epoch 311: Time: 0.0757 Cost: 0.3201 Pre: 1.0000 Re: 1.0000 Acc: 1.0000 F1: 1.0000
Epoch 312: Time: 0.0756 Cost: 0.3018 Pre: 1.0000 Re: 1.0000 Acc: 1.0000 F1: 1.0000
Epoch 313: Time: 0.0756 Cost: 0.2846 Pre: 1.0000 Re: 1.0000 Acc: 1.0000 F1: 1.0000
Epoch 314: Time: 0.0757 Cost: 0.2684 Pre: 1.0000 Re: 1.0000 Acc: 1.0000 F1: 1.0000
Epoch 315: Time: 0.0774 Cost: 0.2530 Pre: 1.0000 Re: 1.0000 Acc: 1.0000 F1: 1.0000
Epoch 316: Time: 0.0772 Cost: 0.2386 Pre: 1.0000 Re: 1.0000 Acc: 1.0000 F1: 1.0000
Epoch 317: Time: 0.0759 Cost: 0.2249 Pre: 1.0000 Re: 1.0000 Acc: 1.0000 F1: 1.0000
Epoch 318: Time: 0.0765 Cost: 0.2120 Pre: 1.0000 Re: 1.0000 Acc: 1.0000 F1: 1.0000
Epoch 319: Time: 0.0759 Cost: 0.1999 Pre: 1.0000 Re: 1.0000 Acc: 1.0000 F1: 1.0000
Epoch 320: Time: 0.0764 Cost: 0.1885 Pre: 1.0000 Re: 1.0000 Acc: 1.0000 F1: 1.0000


--------------------------------------------------------------------
Eval results: Cost:0.1842 Pre:1.0000 Re:1.0000 Acc:1.0000 F1:1.0000
--------------------------------------------------------------------

Epoch 321: Time: 0.0762 Cost: 0.1777 Pre: 1.0000 Re: 1.0000 Acc: 1.0000 F1: 1.0000
Epoch 322: Time: 0.0760 Cost: 0.1677 Pre: 1.0000 Re: 1.0000 Acc: 1.0000 F1: 1.0000
Epoch 323: Time: 0.0769 Cost: 0.1582 Pre: 1.0000 Re: 1.0000 Acc: 1.0000 F1: 1.0000
Epoch 324: Time: 0.0759 Cost: 0.1493 Pre: 1.0000 Re: 1.0000 Acc: 1.0000 F1: 1.0000
Epoch 325: Time: 0.0759 Cost: 0.1410 Pre: 1.0000 Re: 1.0000 Acc: 1.0000 F1: 1.0000
Epoch 326: Time: 0.0763 Cost: 0.1332 Pre: 1.0000 Re: 1.0000 Acc: 1.0000 F1: 1.0000
Epoch 327: Time: 0.0767 Cost: 0.1258 Pre: 1.0000 Re: 1.0000 Acc: 1.0000 F1: 1.0000
Epoch 328: Time: 0.0781 Cost: 0.1189 Pre: 1.0000 Re: 1.0000 Acc: 1.0000 F1: 1.0000
Epoch 329: Time: 0.0766 Cost: 0.1125 Pre: 1.0000 Re: 1.0000 Acc: 1.0000 F1: 1.0000
Epoch 330: Time: 0.0761 Cost: 0.1064 Pre: 1.0000 Re: 1.0000 Acc: 1.0000 F1: 1.0000


--------------------------------------------------------------------
Eval results: Cost:0.0909 Pre:1.0000 Re:1.0000 Acc:1.0000 F1:1.0000
--------------------------------------------------------------------

Epoch 331: Time: 0.0757 Cost: 0.1007 Pre: 1.0000 Re: 1.0000 Acc: 1.0000 F1: 1.0000
Epoch 332: Time: 0.0756 Cost: 0.0953 Pre: 1.0000 Re: 1.0000 Acc: 1.0000 F1: 1.0000
Epoch 333: Time: 0.0759 Cost: 0.0902 Pre: 1.0000 Re: 1.0000 Acc: 1.0000 F1: 1.0000
Epoch 334: Time: 0.0756 Cost: 0.0854 Pre: 1.0000 Re: 1.0000 Acc: 1.0000 F1: 1.0000
Epoch 335: Time: 0.0753 Cost: 0.0809 Pre: 1.0000 Re: 1.0000 Acc: 1.0000 F1: 1.0000
Epoch 336: Time: 0.0754 Cost: 0.0767 Pre: 1.0000 Re: 1.0000 Acc: 1.0000 F1: 1.0000
Epoch 337: Time: 0.0765 Cost: 0.0727 Pre: 1.0000 Re: 1.0000 Acc: 1.0000 F1: 1.0000
Epoch 338: Time: 0.0763 Cost: 0.0690 Pre: 1.0000 Re: 1.0000 Acc: 1.0000 F1: 1.0000
Epoch 339: Time: 0.0757 Cost: 0.0655 Pre: 1.0000 Re: 1.0000 Acc: 1.0000 F1: 1.0000
Epoch 340: Time: 0.0788 Cost: 0.0621 Pre: 1.0000 Re: 1.0000 Acc: 1.0000 F1: 1.0000


--------------------------------------------------------------------
Eval results: Cost:0.0482 Pre:1.0000 Re:1.0000 Acc:1.0000 F1:1.0000
--------------------------------------------------------------------

Epoch 341: Time: 0.0753 Cost: 0.0590 Pre: 1.0000 Re: 1.0000 Acc: 1.0000 F1: 1.0000
Epoch 342: Time: 0.0762 Cost: 0.0560 Pre: 1.0000 Re: 1.0000 Acc: 1.0000 F1: 1.0000
Epoch 343: Time: 0.0759 Cost: 0.0532 Pre: 1.0000 Re: 1.0000 Acc: 1.0000 F1: 1.0000
Epoch 344: Time: 0.0761 Cost: 0.0506 Pre: 1.0000 Re: 1.0000 Acc: 1.0000 F1: 1.0000
Epoch 345: Time: 0.0762 Cost: 0.0481 Pre: 1.0000 Re: 1.0000 Acc: 1.0000 F1: 1.0000
Epoch 346: Time: 0.0763 Cost: 0.0457 Pre: 1.0000 Re: 1.0000 Acc: 1.0000 F1: 1.0000
Epoch 347: Time: 0.0762 Cost: 0.0435 Pre: 1.0000 Re: 1.0000 Acc: 1.0000 F1: 1.0000
Epoch 348: Time: 0.0766 Cost: 0.0414 Pre: 1.0000 Re: 1.0000 Acc: 1.0000 F1: 1.0000
Epoch 349: Time: 0.0754 Cost: 0.0394 Pre: 1.0000 Re: 1.0000 Acc: 1.0000 F1: 1.0000
Epoch 350: Time: 0.0756 Cost: 0.0375 Pre: 1.0000 Re: 1.0000 Acc: 1.0000 F1: 1.0000


--------------------------------------------------------------------
Eval results: Cost:0.0275 Pre:1.0000 Re:1.0000 Acc:1.0000 F1:1.0000
--------------------------------------------------------------------

Epoch 351: Time: 0.0795 Cost: 0.0358 Pre: 1.0000 Re: 1.0000 Acc: 1.0000 F1: 1.0000
Epoch 352: Time: 0.0766 Cost: 0.0341 Pre: 1.0000 Re: 1.0000 Acc: 1.0000 F1: 1.0000
Epoch 353: Time: 0.0765 Cost: 0.0325 Pre: 1.0000 Re: 1.0000 Acc: 1.0000 F1: 1.0000
Epoch 354: Time: 0.0762 Cost: 0.0310 Pre: 1.0000 Re: 1.0000 Acc: 1.0000 F1: 1.0000
Epoch 355: Time: 0.0764 Cost: 0.0295 Pre: 1.0000 Re: 1.0000 Acc: 1.0000 F1: 1.0000
Epoch 356: Time: 0.0767 Cost: 0.0282 Pre: 1.0000 Re: 1.0000 Acc: 1.0000 F1: 1.0000
Epoch 357: Time: 0.0825 Cost: 0.0269 Pre: 1.0000 Re: 1.0000 Acc: 1.0000 F1: 1.0000
Epoch 358: Time: 0.0769 Cost: 0.0257 Pre: 1.0000 Re: 1.0000 Acc: 1.0000 F1: 1.0000
Epoch 359: Time: 0.0766 Cost: 0.0246 Pre: 1.0000 Re: 1.0000 Acc: 1.0000 F1: 1.0000
Epoch 360: Time: 0.0769 Cost: 0.0235 Pre: 1.0000 Re: 1.0000 Acc: 1.0000 F1: 1.0000


--------------------------------------------------------------------
Eval results: Cost:0.0168 Pre:1.0000 Re:1.0000 Acc:1.0000 F1:1.0000
--------------------------------------------------------------------

Epoch 361: Time: 0.0753 Cost: 0.0225 Pre: 1.0000 Re: 1.0000 Acc: 1.0000 F1: 1.0000
Epoch 362: Time: 0.0758 Cost: 0.0215 Pre: 1.0000 Re: 1.0000 Acc: 1.0000 F1: 1.0000
Epoch 363: Time: 0.0789 Cost: 0.0206 Pre: 1.0000 Re: 1.0000 Acc: 1.0000 F1: 1.0000
Epoch 364: Time: 0.0756 Cost: 0.0197 Pre: 1.0000 Re: 1.0000 Acc: 1.0000 F1: 1.0000
Epoch 365: Time: 0.0761 Cost: 0.0189 Pre: 1.0000 Re: 1.0000 Acc: 1.0000 F1: 1.0000
Epoch 366: Time: 0.0756 Cost: 0.0181 Pre: 1.0000 Re: 1.0000 Acc: 1.0000 F1: 1.0000
Epoch 367: Time: 0.0753 Cost: 0.0174 Pre: 1.0000 Re: 1.0000 Acc: 1.0000 F1: 1.0000
Epoch 368: Time: 0.0769 Cost: 0.0167 Pre: 1.0000 Re: 1.0000 Acc: 1.0000 F1: 1.0000
Epoch 369: Time: 0.0758 Cost: 0.0160 Pre: 1.0000 Re: 1.0000 Acc: 1.0000 F1: 1.0000
Epoch 370: Time: 0.0771 Cost: 0.0154 Pre: 1.0000 Re: 1.0000 Acc: 1.0000 F1: 1.0000


--------------------------------------------------------------------
Eval results: Cost:0.0110 Pre:1.0000 Re:1.0000 Acc:1.0000 F1:1.0000
--------------------------------------------------------------------

Epoch 371: Time: 0.0758 Cost: 0.0148 Pre: 1.0000 Re: 1.0000 Acc: 1.0000 F1: 1.0000
Epoch 372: Time: 0.0760 Cost: 0.0143 Pre: 1.0000 Re: 1.0000 Acc: 1.0000 F1: 1.0000
Epoch 373: Time: 0.0764 Cost: 0.0138 Pre: 1.0000 Re: 1.0000 Acc: 1.0000 F1: 1.0000
Epoch 374: Time: 0.0760 Cost: 0.0133 Pre: 1.0000 Re: 1.0000 Acc: 1.0000 F1: 1.0000
Epoch 375: Time: 0.0811 Cost: 0.0128 Pre: 1.0000 Re: 1.0000 Acc: 1.0000 F1: 1.0000
Epoch 376: Time: 0.0760 Cost: 0.0124 Pre: 1.0000 Re: 1.0000 Acc: 1.0000 F1: 1.0000
Epoch 377: Time: 0.0767 Cost: 0.0119 Pre: 1.0000 Re: 1.0000 Acc: 1.0000 F1: 1.0000
Epoch 378: Time: 0.0761 Cost: 0.0115 Pre: 1.0000 Re: 1.0000 Acc: 1.0000 F1: 1.0000
Epoch 379: Time: 0.0755 Cost: 0.0112 Pre: 1.0000 Re: 1.0000 Acc: 1.0000 F1: 1.0000
Epoch 380: Time: 0.0757 Cost: 0.0108 Pre: 1.0000 Re: 1.0000 Acc: 1.0000 F1: 1.0000


--------------------------------------------------------------------
Eval results: Cost:0.0077 Pre:1.0000 Re:1.0000 Acc:1.0000 F1:1.0000
--------------------------------------------------------------------

Epoch 381: Time: 0.0763 Cost: 0.0105 Pre: 1.0000 Re: 1.0000 Acc: 1.0000 F1: 1.0000
Epoch 382: Time: 0.0755 Cost: 0.0102 Pre: 1.0000 Re: 1.0000 Acc: 1.0000 F1: 1.0000
Epoch 383: Time: 0.0764 Cost: 0.0099 Pre: 1.0000 Re: 1.0000 Acc: 1.0000 F1: 1.0000
Epoch 384: Time: 0.0758 Cost: 0.0096 Pre: 1.0000 Re: 1.0000 Acc: 1.0000 F1: 1.0000
Epoch 385: Time: 0.0754 Cost: 0.0093 Pre: 1.0000 Re: 1.0000 Acc: 1.0000 F1: 1.0000
Epoch 386: Time: 0.0758 Cost: 0.0090 Pre: 1.0000 Re: 1.0000 Acc: 1.0000 F1: 1.0000
Epoch 387: Time: 0.0784 Cost: 0.0088 Pre: 1.0000 Re: 1.0000 Acc: 1.0000 F1: 1.0000
Epoch 388: Time: 0.0763 Cost: 0.0086 Pre: 1.0000 Re: 1.0000 Acc: 1.0000 F1: 1.0000
Epoch 389: Time: 0.0766 Cost: 0.0083 Pre: 1.0000 Re: 1.0000 Acc: 1.0000 F1: 1.0000
Epoch 390: Time: 0.0760 Cost: 0.0081 Pre: 1.0000 Re: 1.0000 Acc: 1.0000 F1: 1.0000


--------------------------------------------------------------------
Eval results: Cost:0.0058 Pre:1.0000 Re:1.0000 Acc:1.0000 F1:1.0000
--------------------------------------------------------------------

Epoch 391: Time: 0.0754 Cost: 0.0079 Pre: 1.0000 Re: 1.0000 Acc: 1.0000 F1: 1.0000
Epoch 392: Time: 0.0756 Cost: 0.0077 Pre: 1.0000 Re: 1.0000 Acc: 1.0000 F1: 1.0000
Epoch 393: Time: 0.0765 Cost: 0.0075 Pre: 1.0000 Re: 1.0000 Acc: 1.0000 F1: 1.0000
Epoch 394: Time: 0.0762 Cost: 0.0074 Pre: 1.0000 Re: 1.0000 Acc: 1.0000 F1: 1.0000
Epoch 395: Time: 0.0760 Cost: 0.0072 Pre: 1.0000 Re: 1.0000 Acc: 1.0000 F1: 1.0000
Epoch 396: Time: 0.0764 Cost: 0.0070 Pre: 1.0000 Re: 1.0000 Acc: 1.0000 F1: 1.0000
Epoch 397: Time: 0.0754 Cost: 0.0069 Pre: 1.0000 Re: 1.0000 Acc: 1.0000 F1: 1.0000
Epoch 398: Time: 0.0756 Cost: 0.0067 Pre: 1.0000 Re: 1.0000 Acc: 1.0000 F1: 1.0000
Epoch 399: Time: 0.0775 Cost: 0.0066 Pre: 1.0000 Re: 1.0000 Acc: 1.0000 F1: 1.0000
Epoch 400: Time: 0.0772 Cost: 0.0064 Pre: 1.0000 Re: 1.0000 Acc: 1.0000 F1: 1.0000


--------------------------------------------------------------------
Eval results: Cost:0.0045 Pre:1.0000 Re:1.0000 Acc:1.0000 F1:1.0000
--------------------------------------------------------------------

Epoch 401: Time: 0.0766 Cost: 0.0063 Pre: 1.0000 Re: 1.0000 Acc: 1.0000 F1: 1.0000
Epoch 402: Time: 0.0758 Cost: 0.0062 Pre: 1.0000 Re: 1.0000 Acc: 1.0000 F1: 1.0000
Epoch 403: Time: 0.0758 Cost: 0.0061 Pre: 1.0000 Re: 1.0000 Acc: 1.0000 F1: 1.0000
Epoch 404: Time: 0.0755 Cost: 0.0060 Pre: 1.0000 Re: 1.0000 Acc: 1.0000 F1: 1.0000
Epoch 405: Time: 0.0764 Cost: 0.0058 Pre: 1.0000 Re: 1.0000 Acc: 1.0000 F1: 1.0000
Epoch 406: Time: 0.0765 Cost: 0.0057 Pre: 1.0000 Re: 1.0000 Acc: 1.0000 F1: 1.0000
Epoch 407: Time: 0.0769 Cost: 0.0056 Pre: 1.0000 Re: 1.0000 Acc: 1.0000 F1: 1.0000
Epoch 408: Time: 0.0756 Cost: 0.0055 Pre: 1.0000 Re: 1.0000 Acc: 1.0000 F1: 1.0000
Epoch 409: Time: 0.0763 Cost: 0.0054 Pre: 1.0000 Re: 1.0000 Acc: 1.0000 F1: 1.0000
Epoch 410: Time: 0.0759 Cost: 0.0053 Pre: 1.0000 Re: 1.0000 Acc: 1.0000 F1: 1.0000


--------------------------------------------------------------------
Eval results: Cost:0.0037 Pre:1.0000 Re:1.0000 Acc:1.0000 F1:1.0000
--------------------------------------------------------------------

Epoch 411: Time: 0.0770 Cost: 0.0053 Pre: 1.0000 Re: 1.0000 Acc: 1.0000 F1: 1.0000
Epoch 412: Time: 0.0759 Cost: 0.0052 Pre: 1.0000 Re: 1.0000 Acc: 1.0000 F1: 1.0000
Epoch 413: Time: 0.0764 Cost: 0.0051 Pre: 1.0000 Re: 1.0000 Acc: 1.0000 F1: 1.0000
Epoch 414: Time: 0.0755 Cost: 0.0050 Pre: 1.0000 Re: 1.0000 Acc: 1.0000 F1: 1.0000
Epoch 415: Time: 0.0766 Cost: 0.0049 Pre: 1.0000 Re: 1.0000 Acc: 1.0000 F1: 1.0000
Epoch 416: Time: 0.0763 Cost: 0.0048 Pre: 1.0000 Re: 1.0000 Acc: 1.0000 F1: 1.0000
Epoch 417: Time: 0.0767 Cost: 0.0048 Pre: 1.0000 Re: 1.0000 Acc: 1.0000 F1: 1.0000
Epoch 418: Time: 0.0763 Cost: 0.0047 Pre: 1.0000 Re: 1.0000 Acc: 1.0000 F1: 1.0000
Epoch 419: Time: 0.0756 Cost: 0.0046 Pre: 1.0000 Re: 1.0000 Acc: 1.0000 F1: 1.0000
Epoch 420: Time: 0.0755 Cost: 0.0046 Pre: 1.0000 Re: 1.0000 Acc: 1.0000 F1: 1.0000


--------------------------------------------------------------------
Eval results: Cost:0.0032 Pre:1.0000 Re:1.0000 Acc:1.0000 F1:1.0000
--------------------------------------------------------------------

Epoch 421: Time: 0.0753 Cost: 0.0045 Pre: 1.0000 Re: 1.0000 Acc: 1.0000 F1: 1.0000
Epoch 422: Time: 0.0762 Cost: 0.0044 Pre: 1.0000 Re: 1.0000 Acc: 1.0000 F1: 1.0000
Epoch 423: Time: 0.0796 Cost: 0.0044 Pre: 1.0000 Re: 1.0000 Acc: 1.0000 F1: 1.0000
Epoch 424: Time: 0.0769 Cost: 0.0043 Pre: 1.0000 Re: 1.0000 Acc: 1.0000 F1: 1.0000
Epoch 425: Time: 0.0766 Cost: 0.0043 Pre: 1.0000 Re: 1.0000 Acc: 1.0000 F1: 1.0000
Epoch 426: Time: 0.0766 Cost: 0.0042 Pre: 1.0000 Re: 1.0000 Acc: 1.0000 F1: 1.0000
Epoch 427: Time: 0.0756 Cost: 0.0042 Pre: 1.0000 Re: 1.0000 Acc: 1.0000 F1: 1.0000
Epoch 428: Time: 0.0768 Cost: 0.0041 Pre: 1.0000 Re: 1.0000 Acc: 1.0000 F1: 1.0000
Epoch 429: Time: 0.0766 Cost: 0.0040 Pre: 1.0000 Re: 1.0000 Acc: 1.0000 F1: 1.0000
Epoch 430: Time: 0.0759 Cost: 0.0040 Pre: 1.0000 Re: 1.0000 Acc: 1.0000 F1: 1.0000


--------------------------------------------------------------------
Eval results: Cost:0.0028 Pre:1.0000 Re:1.0000 Acc:1.0000 F1:1.0000
--------------------------------------------------------------------

Epoch 431: Time: 0.0763 Cost: 0.0039 Pre: 1.0000 Re: 1.0000 Acc: 1.0000 F1: 1.0000
Epoch 432: Time: 0.0756 Cost: 0.0039 Pre: 1.0000 Re: 1.0000 Acc: 1.0000 F1: 1.0000
Epoch 433: Time: 0.0755 Cost: 0.0039 Pre: 1.0000 Re: 1.0000 Acc: 1.0000 F1: 1.0000
Epoch 434: Time: 0.0755 Cost: 0.0038 Pre: 1.0000 Re: 1.0000 Acc: 1.0000 F1: 1.0000
Epoch 435: Time: 0.0786 Cost: 0.0038 Pre: 1.0000 Re: 1.0000 Acc: 1.0000 F1: 1.0000
Epoch 436: Time: 0.0760 Cost: 0.0037 Pre: 1.0000 Re: 1.0000 Acc: 1.0000 F1: 1.0000
Epoch 437: Time: 0.0765 Cost: 0.0037 Pre: 1.0000 Re: 1.0000 Acc: 1.0000 F1: 1.0000
Epoch 438: Time: 0.0756 Cost: 0.0036 Pre: 1.0000 Re: 1.0000 Acc: 1.0000 F1: 1.0000
Epoch 439: Time: 0.0760 Cost: 0.0036 Pre: 1.0000 Re: 1.0000 Acc: 1.0000 F1: 1.0000
Epoch 440: Time: 0.0837 Cost: 0.0036 Pre: 1.0000 Re: 1.0000 Acc: 1.0000 F1: 1.0000


--------------------------------------------------------------------
Eval results: Cost:0.0025 Pre:1.0000 Re:1.0000 Acc:1.0000 F1:1.0000
--------------------------------------------------------------------

Early stopping...
--------------------------------------------------------------------
--------------------------------------------------------------------
Test 458 samples take time: 0.2657
Test results: Cost:0.0022 Pre:1.0000 Re:1.0000 Acc:1.0000 F1:1.0000
--------------------------------------------------------------------

