Load data
RNN type: O2 Grammar: g2 Seed: 7
Model total parameters: 4232
Saving hinit ... 

Epoch 0: Time: 0.1590 Cost: 24.7050 Pre: 0.0273 Re: 0.6000 Acc: 0.5381 F1: 0.0522


--------------------------------------------------------------------
Eval results: Cost:24.7702 Pre:0.0143 Re:0.5000 Acc:0.5625 F1:0.0278
--------------------------------------------------------------------

Epoch 1: Time: 0.0893 Cost: 24.4136 Pre: 0.0222 Re: 0.4000 Acc: 0.6144 F1: 0.0421
Epoch 2: Time: 0.0872 Cost: 23.9854 Pre: 0.0169 Re: 0.2000 Acc: 0.7373 F1: 0.0312
Epoch 3: Time: 0.0916 Cost: 23.4316 Pre: 0.0714 Re: 0.2000 Acc: 0.9280 F1: 0.1053
Epoch 4: Time: 0.0855 Cost: 22.6806 Pre: 0.2500 Re: 0.2000 Acc: 0.9703 F1: 0.2222
Epoch 5: Time: 0.0921 Cost: 21.5214 Pre: 0.3333 Re: 0.2000 Acc: 0.9746 F1: 0.2500
Epoch 6: Time: 0.0934 Cost: 19.3465 Pre: 0.5000 Re: 0.2000 Acc: 0.9788 F1: 0.2857
Epoch 7: Time: 0.0884 Cost: 14.6867 Pre: 0.5000 Re: 0.2000 Acc: 0.9788 F1: 0.2857
Epoch 8: Time: 0.0841 Cost: 8.5238 Pre: 0.5000 Re: 0.2000 Acc: 0.9788 F1: 0.2857
Epoch 9: Time: 0.0863 Cost: 5.2949 Pre: 0.5000 Re: 0.2000 Acc: 0.9788 F1: 0.2857
Epoch 10: Time: 0.0923 Cost: 4.0614 Pre: 0.5000 Re: 0.2000 Acc: 0.9788 F1: 0.2857


--------------------------------------------------------------------
Eval results: Cost:2.3073 Pre:0.0000 Re:0.0000 Acc:0.9812 F1:0.0000
--------------------------------------------------------------------

Epoch 11: Time: 0.0859 Cost: 3.5249 Pre: 0.5000 Re: 0.2000 Acc: 0.9788 F1: 0.2857
Epoch 12: Time: 0.0899 Cost: 3.2585 Pre: 0.0000 Re: 0.0000 Acc: 0.9746 F1: 0.0000
Epoch 13: Time: 0.0935 Cost: 3.1112 Pre: 0.0000 Re: 0.0000 Acc: 0.9746 F1: 0.0000
Epoch 14: Time: 0.0886 Cost: 3.0208 Pre: 0.0000 Re: 0.0000 Acc: 0.9746 F1: 0.0000
Epoch 15: Time: 0.0951 Cost: 2.9592 Pre: 0.0000 Re: 0.0000 Acc: 0.9746 F1: 0.0000
Epoch 16: Time: 0.0887 Cost: 2.9127 Pre: 0.0000 Re: 0.0000 Acc: 0.9746 F1: 0.0000
Epoch 17: Time: 0.0902 Cost: 2.8746 Pre: 0.0000 Re: 0.0000 Acc: 0.9746 F1: 0.0000
Epoch 18: Time: 0.0881 Cost: 2.8409 Pre: 0.5000 Re: 0.2000 Acc: 0.9788 F1: 0.2857
Epoch 19: Time: 0.0874 Cost: 2.8097 Pre: 0.5000 Re: 0.2000 Acc: 0.9788 F1: 0.2857
Epoch 20: Time: 0.0905 Cost: 2.7794 Pre: 0.5000 Re: 0.2000 Acc: 0.9788 F1: 0.2857


--------------------------------------------------------------------
Eval results: Cost:1.4884 Pre:0.0000 Re:0.0000 Acc:0.9812 F1:0.0000
--------------------------------------------------------------------

Epoch 21: Time: 0.1163 Cost: 2.7492 Pre: 0.5000 Re: 0.2000 Acc: 0.9788 F1: 0.2857
Epoch 22: Time: 0.0986 Cost: 2.7181 Pre: 0.5000 Re: 0.2000 Acc: 0.9788 F1: 0.2857
Epoch 23: Time: 0.0918 Cost: 2.6853 Pre: 0.5000 Re: 0.2000 Acc: 0.9788 F1: 0.2857
Epoch 24: Time: 0.0797 Cost: 2.6496 Pre: 0.5000 Re: 0.2000 Acc: 0.9788 F1: 0.2857
Epoch 25: Time: 0.0803 Cost: 2.6097 Pre: 0.5000 Re: 0.2000 Acc: 0.9788 F1: 0.2857
Epoch 26: Time: 0.0797 Cost: 2.5631 Pre: 0.5000 Re: 0.2000 Acc: 0.9788 F1: 0.2857
Epoch 27: Time: 0.0807 Cost: 2.5070 Pre: 0.5000 Re: 0.2000 Acc: 0.9788 F1: 0.2857
Epoch 28: Time: 0.0804 Cost: 2.4421 Pre: 0.5000 Re: 0.2000 Acc: 0.9788 F1: 0.2857
Epoch 29: Time: 0.0814 Cost: 2.3847 Pre: 0.5000 Re: 0.2000 Acc: 0.9788 F1: 0.2857
Epoch 30: Time: 0.0789 Cost: 2.3510 Pre: 0.6667 Re: 0.4000 Acc: 0.9831 F1: 0.5000


--------------------------------------------------------------------
Eval results: Cost:1.1620 Pre:0.5000 Re:0.5000 Acc:0.9875 F1:0.5000
--------------------------------------------------------------------

Epoch 31: Time: 0.0817 Cost: 2.2926 Pre: 0.6667 Re: 0.4000 Acc: 0.9831 F1: 0.5000
Epoch 32: Time: 0.0820 Cost: 2.2158 Pre: 0.6667 Re: 0.4000 Acc: 0.9831 F1: 0.5000
Epoch 33: Time: 0.0813 Cost: 2.1575 Pre: 0.6667 Re: 0.4000 Acc: 0.9831 F1: 0.5000
Epoch 34: Time: 0.0791 Cost: 2.1065 Pre: 0.6667 Re: 0.4000 Acc: 0.9831 F1: 0.5000
Epoch 35: Time: 0.0814 Cost: 2.0522 Pre: 1.0000 Re: 0.4000 Acc: 0.9873 F1: 0.5714
Epoch 36: Time: 0.0806 Cost: 1.9925 Pre: 1.0000 Re: 0.4000 Acc: 0.9873 F1: 0.5714
Epoch 37: Time: 0.0818 Cost: 1.9222 Pre: 1.0000 Re: 0.4000 Acc: 0.9873 F1: 0.5714
Epoch 38: Time: 0.0798 Cost: 1.7125 Pre: 1.0000 Re: 0.4000 Acc: 0.9873 F1: 0.5714
Epoch 39: Time: 0.0813 Cost: 2.1994 Pre: 0.4545 Re: 1.0000 Acc: 0.9746 F1: 0.6250
Epoch 40: Time: 0.0810 Cost: 1.7021 Pre: 0.5000 Re: 0.6000 Acc: 0.9788 F1: 0.5455


--------------------------------------------------------------------
Eval results: Cost:0.8568 Pre:1.0000 Re:0.5000 Acc:0.9938 F1:0.6667
--------------------------------------------------------------------

Epoch 41: Time: 0.0786 Cost: 1.5844 Pre: 1.0000 Re: 0.6000 Acc: 0.9915 F1: 0.7500
Epoch 42: Time: 0.0812 Cost: 1.6483 Pre: 1.0000 Re: 0.4000 Acc: 0.9873 F1: 0.5714
Epoch 43: Time: 0.0805 Cost: 1.6618 Pre: 1.0000 Re: 0.4000 Acc: 0.9873 F1: 0.5714
Epoch 44: Time: 0.0821 Cost: 1.6495 Pre: 1.0000 Re: 0.4000 Acc: 0.9873 F1: 0.5714
Epoch 45: Time: 0.0815 Cost: 1.6186 Pre: 1.0000 Re: 0.4000 Acc: 0.9873 F1: 0.5714
Epoch 46: Time: 0.0793 Cost: 1.5702 Pre: 1.0000 Re: 0.4000 Acc: 0.9873 F1: 0.5714
Epoch 47: Time: 0.0807 Cost: 1.5004 Pre: 1.0000 Re: 0.4000 Acc: 0.9873 F1: 0.5714
Epoch 48: Time: 0.0809 Cost: 1.3952 Pre: 1.0000 Re: 0.4000 Acc: 0.9873 F1: 0.5714
Epoch 49: Time: 0.0812 Cost: 1.2107 Pre: 1.0000 Re: 0.6000 Acc: 0.9915 F1: 0.7500
Epoch 50: Time: 0.0792 Cost: 0.7995 Pre: 1.0000 Re: 1.0000 Acc: 1.0000 F1: 1.0000


--------------------------------------------------------------------
Eval results: Cost:0.5275 Pre:1.0000 Re:1.0000 Acc:1.0000 F1:1.0000
--------------------------------------------------------------------

Epoch 51: Time: 0.0813 Cost: 0.5384 Pre: 1.0000 Re: 1.0000 Acc: 1.0000 F1: 1.0000
Epoch 52: Time: 0.0805 Cost: 0.7673 Pre: 0.8333 Re: 1.0000 Acc: 0.9958 F1: 0.9091
Epoch 53: Time: 0.0820 Cost: 0.5328 Pre: 1.0000 Re: 1.0000 Acc: 1.0000 F1: 1.0000
Epoch 54: Time: 0.0792 Cost: 0.4085 Pre: 1.0000 Re: 1.0000 Acc: 1.0000 F1: 1.0000
Epoch 55: Time: 0.0846 Cost: 0.4083 Pre: 1.0000 Re: 1.0000 Acc: 1.0000 F1: 1.0000
Epoch 56: Time: 0.0819 Cost: 0.3183 Pre: 1.0000 Re: 1.0000 Acc: 1.0000 F1: 1.0000
Epoch 57: Time: 0.0834 Cost: 0.2794 Pre: 1.0000 Re: 1.0000 Acc: 1.0000 F1: 1.0000
Epoch 58: Time: 0.0807 Cost: 0.2700 Pre: 1.0000 Re: 1.0000 Acc: 1.0000 F1: 1.0000
Epoch 59: Time: 0.0805 Cost: 0.2510 Pre: 1.0000 Re: 1.0000 Acc: 1.0000 F1: 1.0000
Epoch 60: Time: 0.0814 Cost: 0.2244 Pre: 1.0000 Re: 1.0000 Acc: 1.0000 F1: 1.0000


--------------------------------------------------------------------
Eval results: Cost:0.2004 Pre:1.0000 Re:1.0000 Acc:1.0000 F1:1.0000
--------------------------------------------------------------------

Epoch 61: Time: 0.0802 Cost: 0.2048 Pre: 1.0000 Re: 1.0000 Acc: 1.0000 F1: 1.0000
Epoch 62: Time: 0.0790 Cost: 0.1942 Pre: 1.0000 Re: 1.0000 Acc: 1.0000 F1: 1.0000
Epoch 63: Time: 0.0810 Cost: 0.1831 Pre: 1.0000 Re: 1.0000 Acc: 1.0000 F1: 1.0000
Epoch 64: Time: 0.0816 Cost: 0.1707 Pre: 1.0000 Re: 1.0000 Acc: 1.0000 F1: 1.0000
Epoch 65: Time: 0.0817 Cost: 0.1614 Pre: 1.0000 Re: 1.0000 Acc: 1.0000 F1: 1.0000
Epoch 66: Time: 0.0795 Cost: 0.1537 Pre: 1.0000 Re: 1.0000 Acc: 1.0000 F1: 1.0000
Epoch 67: Time: 0.0845 Cost: 0.1457 Pre: 1.0000 Re: 1.0000 Acc: 1.0000 F1: 1.0000
Epoch 68: Time: 0.0805 Cost: 0.1376 Pre: 1.0000 Re: 1.0000 Acc: 1.0000 F1: 1.0000
Epoch 69: Time: 0.0806 Cost: 0.1302 Pre: 1.0000 Re: 1.0000 Acc: 1.0000 F1: 1.0000
Epoch 70: Time: 0.0807 Cost: 0.1233 Pre: 1.0000 Re: 1.0000 Acc: 1.0000 F1: 1.0000


--------------------------------------------------------------------
Eval results: Cost:0.1046 Pre:1.0000 Re:1.0000 Acc:1.0000 F1:1.0000
--------------------------------------------------------------------

Epoch 71: Time: 0.0823 Cost: 0.1166 Pre: 1.0000 Re: 1.0000 Acc: 1.0000 F1: 1.0000
Epoch 72: Time: 0.0814 Cost: 0.1102 Pre: 1.0000 Re: 1.0000 Acc: 1.0000 F1: 1.0000
Epoch 73: Time: 0.0805 Cost: 0.1042 Pre: 1.0000 Re: 1.0000 Acc: 1.0000 F1: 1.0000
Epoch 74: Time: 0.0793 Cost: 0.0985 Pre: 1.0000 Re: 1.0000 Acc: 1.0000 F1: 1.0000
Epoch 75: Time: 0.0802 Cost: 0.0929 Pre: 1.0000 Re: 1.0000 Acc: 1.0000 F1: 1.0000
Epoch 76: Time: 0.0814 Cost: 0.0876 Pre: 1.0000 Re: 1.0000 Acc: 1.0000 F1: 1.0000
Epoch 77: Time: 0.0815 Cost: 0.0826 Pre: 1.0000 Re: 1.0000 Acc: 1.0000 F1: 1.0000
Epoch 78: Time: 0.0813 Cost: 0.0778 Pre: 1.0000 Re: 1.0000 Acc: 1.0000 F1: 1.0000
Epoch 79: Time: 0.0809 Cost: 0.0733 Pre: 1.0000 Re: 1.0000 Acc: 1.0000 F1: 1.0000
Epoch 80: Time: 0.0815 Cost: 0.0690 Pre: 1.0000 Re: 1.0000 Acc: 1.0000 F1: 1.0000


--------------------------------------------------------------------
Eval results: Cost:0.0562 Pre:1.0000 Re:1.0000 Acc:1.0000 F1:1.0000
--------------------------------------------------------------------

Epoch 81: Time: 0.0821 Cost: 0.0650 Pre: 1.0000 Re: 1.0000 Acc: 1.0000 F1: 1.0000
Epoch 82: Time: 0.0794 Cost: 0.0612 Pre: 1.0000 Re: 1.0000 Acc: 1.0000 F1: 1.0000
Epoch 83: Time: 0.0807 Cost: 0.0575 Pre: 1.0000 Re: 1.0000 Acc: 1.0000 F1: 1.0000
Epoch 84: Time: 0.0811 Cost: 0.0541 Pre: 1.0000 Re: 1.0000 Acc: 1.0000 F1: 1.0000
Epoch 85: Time: 0.0809 Cost: 0.0509 Pre: 1.0000 Re: 1.0000 Acc: 1.0000 F1: 1.0000
Epoch 86: Time: 0.0802 Cost: 0.0478 Pre: 1.0000 Re: 1.0000 Acc: 1.0000 F1: 1.0000
Epoch 87: Time: 0.0833 Cost: 0.0450 Pre: 1.0000 Re: 1.0000 Acc: 1.0000 F1: 1.0000
Epoch 88: Time: 0.0811 Cost: 0.0423 Pre: 1.0000 Re: 1.0000 Acc: 1.0000 F1: 1.0000
Epoch 89: Time: 0.0823 Cost: 0.0398 Pre: 1.0000 Re: 1.0000 Acc: 1.0000 F1: 1.0000
Epoch 90: Time: 0.0807 Cost: 0.0374 Pre: 1.0000 Re: 1.0000 Acc: 1.0000 F1: 1.0000


--------------------------------------------------------------------
Eval results: Cost:0.0295 Pre:1.0000 Re:1.0000 Acc:1.0000 F1:1.0000
--------------------------------------------------------------------

Epoch 91: Time: 0.0815 Cost: 0.0352 Pre: 1.0000 Re: 1.0000 Acc: 1.0000 F1: 1.0000
Epoch 92: Time: 0.0810 Cost: 0.0332 Pre: 1.0000 Re: 1.0000 Acc: 1.0000 F1: 1.0000
Epoch 93: Time: 0.0812 Cost: 0.0312 Pre: 1.0000 Re: 1.0000 Acc: 1.0000 F1: 1.0000
Epoch 94: Time: 0.0810 Cost: 0.0294 Pre: 1.0000 Re: 1.0000 Acc: 1.0000 F1: 1.0000
Epoch 95: Time: 0.0806 Cost: 0.0278 Pre: 1.0000 Re: 1.0000 Acc: 1.0000 F1: 1.0000
Epoch 96: Time: 0.0808 Cost: 0.0262 Pre: 1.0000 Re: 1.0000 Acc: 1.0000 F1: 1.0000
Epoch 97: Time: 0.0822 Cost: 0.0247 Pre: 1.0000 Re: 1.0000 Acc: 1.0000 F1: 1.0000
Epoch 98: Time: 0.0808 Cost: 0.0234 Pre: 1.0000 Re: 1.0000 Acc: 1.0000 F1: 1.0000
Epoch 99: Time: 0.0818 Cost: 0.0221 Pre: 1.0000 Re: 1.0000 Acc: 1.0000 F1: 1.0000
Epoch 100: Time: 0.0797 Cost: 0.0209 Pre: 1.0000 Re: 1.0000 Acc: 1.0000 F1: 1.0000


--------------------------------------------------------------------
Eval results: Cost:0.0164 Pre:1.0000 Re:1.0000 Acc:1.0000 F1:1.0000
--------------------------------------------------------------------

Epoch 101: Time: 0.0816 Cost: 0.0198 Pre: 1.0000 Re: 1.0000 Acc: 1.0000 F1: 1.0000
Epoch 102: Time: 0.0809 Cost: 0.0188 Pre: 1.0000 Re: 1.0000 Acc: 1.0000 F1: 1.0000
Epoch 103: Time: 0.0786 Cost: 0.0179 Pre: 1.0000 Re: 1.0000 Acc: 1.0000 F1: 1.0000
Epoch 104: Time: 0.0808 Cost: 0.0170 Pre: 1.0000 Re: 1.0000 Acc: 1.0000 F1: 1.0000
Epoch 105: Time: 0.0816 Cost: 0.0161 Pre: 1.0000 Re: 1.0000 Acc: 1.0000 F1: 1.0000
Epoch 106: Time: 0.0809 Cost: 0.0154 Pre: 1.0000 Re: 1.0000 Acc: 1.0000 F1: 1.0000
Epoch 107: Time: 0.0815 Cost: 0.0147 Pre: 1.0000 Re: 1.0000 Acc: 1.0000 F1: 1.0000
Epoch 108: Time: 0.0791 Cost: 0.0140 Pre: 1.0000 Re: 1.0000 Acc: 1.0000 F1: 1.0000
Epoch 109: Time: 0.0800 Cost: 0.0134 Pre: 1.0000 Re: 1.0000 Acc: 1.0000 F1: 1.0000
Epoch 110: Time: 0.0810 Cost: 0.0128 Pre: 1.0000 Re: 1.0000 Acc: 1.0000 F1: 1.0000


--------------------------------------------------------------------
Eval results: Cost:0.0100 Pre:1.0000 Re:1.0000 Acc:1.0000 F1:1.0000
--------------------------------------------------------------------

Epoch 111: Time: 0.0824 Cost: 0.0122 Pre: 1.0000 Re: 1.0000 Acc: 1.0000 F1: 1.0000
Epoch 112: Time: 0.0809 Cost: 0.0117 Pre: 1.0000 Re: 1.0000 Acc: 1.0000 F1: 1.0000
Epoch 113: Time: 0.0817 Cost: 0.0113 Pre: 1.0000 Re: 1.0000 Acc: 1.0000 F1: 1.0000
Epoch 114: Time: 0.0807 Cost: 0.0108 Pre: 1.0000 Re: 1.0000 Acc: 1.0000 F1: 1.0000
Epoch 115: Time: 0.0804 Cost: 0.0104 Pre: 1.0000 Re: 1.0000 Acc: 1.0000 F1: 1.0000
Epoch 116: Time: 0.0813 Cost: 0.0100 Pre: 1.0000 Re: 1.0000 Acc: 1.0000 F1: 1.0000
Epoch 117: Time: 0.0816 Cost: 0.0096 Pre: 1.0000 Re: 1.0000 Acc: 1.0000 F1: 1.0000
Epoch 118: Time: 0.0811 Cost: 0.0093 Pre: 1.0000 Re: 1.0000 Acc: 1.0000 F1: 1.0000
Epoch 119: Time: 0.0808 Cost: 0.0090 Pre: 1.0000 Re: 1.0000 Acc: 1.0000 F1: 1.0000
Epoch 120: Time: 0.0792 Cost: 0.0087 Pre: 1.0000 Re: 1.0000 Acc: 1.0000 F1: 1.0000


--------------------------------------------------------------------
Eval results: Cost:0.0067 Pre:1.0000 Re:1.0000 Acc:1.0000 F1:1.0000
--------------------------------------------------------------------

Epoch 121: Time: 0.0811 Cost: 0.0084 Pre: 1.0000 Re: 1.0000 Acc: 1.0000 F1: 1.0000
Epoch 122: Time: 0.0809 Cost: 0.0081 Pre: 1.0000 Re: 1.0000 Acc: 1.0000 F1: 1.0000
Epoch 123: Time: 0.0789 Cost: 0.0079 Pre: 1.0000 Re: 1.0000 Acc: 1.0000 F1: 1.0000
Epoch 124: Time: 0.0814 Cost: 0.0076 Pre: 1.0000 Re: 1.0000 Acc: 1.0000 F1: 1.0000
Epoch 125: Time: 0.0805 Cost: 0.0074 Pre: 1.0000 Re: 1.0000 Acc: 1.0000 F1: 1.0000
Epoch 126: Time: 0.0802 Cost: 0.0072 Pre: 1.0000 Re: 1.0000 Acc: 1.0000 F1: 1.0000
Epoch 127: Time: 0.0808 Cost: 0.0070 Pre: 1.0000 Re: 1.0000 Acc: 1.0000 F1: 1.0000
Epoch 128: Time: 0.0793 Cost: 0.0068 Pre: 1.0000 Re: 1.0000 Acc: 1.0000 F1: 1.0000
Epoch 129: Time: 0.0810 Cost: 0.0066 Pre: 1.0000 Re: 1.0000 Acc: 1.0000 F1: 1.0000
Epoch 130: Time: 0.0811 Cost: 0.0064 Pre: 1.0000 Re: 1.0000 Acc: 1.0000 F1: 1.0000


--------------------------------------------------------------------
Eval results: Cost:0.0050 Pre:1.0000 Re:1.0000 Acc:1.0000 F1:1.0000
--------------------------------------------------------------------

Epoch 131: Time: 0.0790 Cost: 0.0063 Pre: 1.0000 Re: 1.0000 Acc: 1.0000 F1: 1.0000
Epoch 132: Time: 0.0825 Cost: 0.0061 Pre: 1.0000 Re: 1.0000 Acc: 1.0000 F1: 1.0000
Epoch 133: Time: 0.0816 Cost: 0.0060 Pre: 1.0000 Re: 1.0000 Acc: 1.0000 F1: 1.0000
Epoch 134: Time: 0.0832 Cost: 0.0058 Pre: 1.0000 Re: 1.0000 Acc: 1.0000 F1: 1.0000
Epoch 135: Time: 0.0814 Cost: 0.0057 Pre: 1.0000 Re: 1.0000 Acc: 1.0000 F1: 1.0000
Epoch 136: Time: 0.0800 Cost: 0.0055 Pre: 1.0000 Re: 1.0000 Acc: 1.0000 F1: 1.0000
Epoch 137: Time: 0.0819 Cost: 0.0054 Pre: 1.0000 Re: 1.0000 Acc: 1.0000 F1: 1.0000
Epoch 138: Time: 0.0811 Cost: 0.0053 Pre: 1.0000 Re: 1.0000 Acc: 1.0000 F1: 1.0000
Epoch 139: Time: 0.0829 Cost: 0.0052 Pre: 1.0000 Re: 1.0000 Acc: 1.0000 F1: 1.0000
Epoch 140: Time: 0.0798 Cost: 0.0051 Pre: 1.0000 Re: 1.0000 Acc: 1.0000 F1: 1.0000


--------------------------------------------------------------------
Eval results: Cost:0.0039 Pre:1.0000 Re:1.0000 Acc:1.0000 F1:1.0000
--------------------------------------------------------------------

Epoch 141: Time: 0.0810 Cost: 0.0050 Pre: 1.0000 Re: 1.0000 Acc: 1.0000 F1: 1.0000
Epoch 142: Time: 0.0810 Cost: 0.0049 Pre: 1.0000 Re: 1.0000 Acc: 1.0000 F1: 1.0000
Epoch 143: Time: 0.0804 Cost: 0.0048 Pre: 1.0000 Re: 1.0000 Acc: 1.0000 F1: 1.0000
Epoch 144: Time: 0.0794 Cost: 0.0047 Pre: 1.0000 Re: 1.0000 Acc: 1.0000 F1: 1.0000
Epoch 145: Time: 0.0821 Cost: 0.0046 Pre: 1.0000 Re: 1.0000 Acc: 1.0000 F1: 1.0000
Epoch 146: Time: 0.0813 Cost: 0.0045 Pre: 1.0000 Re: 1.0000 Acc: 1.0000 F1: 1.0000
Epoch 147: Time: 0.0812 Cost: 0.0044 Pre: 1.0000 Re: 1.0000 Acc: 1.0000 F1: 1.0000
Epoch 148: Time: 0.0795 Cost: 0.0043 Pre: 1.0000 Re: 1.0000 Acc: 1.0000 F1: 1.0000
Epoch 149: Time: 0.0811 Cost: 0.0043 Pre: 1.0000 Re: 1.0000 Acc: 1.0000 F1: 1.0000
Epoch 150: Time: 0.0807 Cost: 0.0042 Pre: 1.0000 Re: 1.0000 Acc: 1.0000 F1: 1.0000


--------------------------------------------------------------------
Eval results: Cost:0.0032 Pre:1.0000 Re:1.0000 Acc:1.0000 F1:1.0000
--------------------------------------------------------------------

Epoch 151: Time: 0.0803 Cost: 0.0041 Pre: 1.0000 Re: 1.0000 Acc: 1.0000 F1: 1.0000
Epoch 152: Time: 0.0798 Cost: 0.0040 Pre: 1.0000 Re: 1.0000 Acc: 1.0000 F1: 1.0000
Epoch 153: Time: 0.0815 Cost: 0.0040 Pre: 1.0000 Re: 1.0000 Acc: 1.0000 F1: 1.0000
Epoch 154: Time: 0.0813 Cost: 0.0039 Pre: 1.0000 Re: 1.0000 Acc: 1.0000 F1: 1.0000
Epoch 155: Time: 0.0825 Cost: 0.0038 Pre: 1.0000 Re: 1.0000 Acc: 1.0000 F1: 1.0000
Epoch 156: Time: 0.0791 Cost: 0.0038 Pre: 1.0000 Re: 1.0000 Acc: 1.0000 F1: 1.0000
Epoch 157: Time: 0.0848 Cost: 0.0037 Pre: 1.0000 Re: 1.0000 Acc: 1.0000 F1: 1.0000
Epoch 158: Time: 0.0810 Cost: 0.0037 Pre: 1.0000 Re: 1.0000 Acc: 1.0000 F1: 1.0000
Epoch 159: Time: 0.0811 Cost: 0.0036 Pre: 1.0000 Re: 1.0000 Acc: 1.0000 F1: 1.0000
Epoch 160: Time: 0.0808 Cost: 0.0036 Pre: 1.0000 Re: 1.0000 Acc: 1.0000 F1: 1.0000


--------------------------------------------------------------------
Eval results: Cost:0.0028 Pre:1.0000 Re:1.0000 Acc:1.0000 F1:1.0000
--------------------------------------------------------------------

Epoch 161: Time: 0.0803 Cost: 0.0035 Pre: 1.0000 Re: 1.0000 Acc: 1.0000 F1: 1.0000
Epoch 162: Time: 0.0809 Cost: 0.0035 Pre: 1.0000 Re: 1.0000 Acc: 1.0000 F1: 1.0000
Epoch 163: Time: 0.0808 Cost: 0.0034 Pre: 1.0000 Re: 1.0000 Acc: 1.0000 F1: 1.0000
Epoch 164: Time: 0.0795 Cost: 0.0034 Pre: 1.0000 Re: 1.0000 Acc: 1.0000 F1: 1.0000
Epoch 165: Time: 0.0810 Cost: 0.0033 Pre: 1.0000 Re: 1.0000 Acc: 1.0000 F1: 1.0000
Epoch 166: Time: 0.0814 Cost: 0.0033 Pre: 1.0000 Re: 1.0000 Acc: 1.0000 F1: 1.0000
Epoch 167: Time: 0.0809 Cost: 0.0032 Pre: 1.0000 Re: 1.0000 Acc: 1.0000 F1: 1.0000
Epoch 168: Time: 0.0801 Cost: 0.0032 Pre: 1.0000 Re: 1.0000 Acc: 1.0000 F1: 1.0000
Epoch 169: Time: 0.0792 Cost: 0.0031 Pre: 1.0000 Re: 1.0000 Acc: 1.0000 F1: 1.0000
Epoch 170: Time: 0.0811 Cost: 0.0031 Pre: 1.0000 Re: 1.0000 Acc: 1.0000 F1: 1.0000


--------------------------------------------------------------------
Eval results: Cost:0.0024 Pre:1.0000 Re:1.0000 Acc:1.0000 F1:1.0000
--------------------------------------------------------------------

Early stopping...
--------------------------------------------------------------------
--------------------------------------------------------------------
Test 458 samples take time: 0.2523
Test results: Cost:0.0015 Pre:1.0000 Re:1.0000 Acc:1.0000 F1:1.0000
--------------------------------------------------------------------

