Load data
RNN type: SRN Grammar: g2 Seed: 2
Model total parameters: 4288
Saving hinit ... 

Epoch 0: Time: 0.1057 Cost: 17.6500 Pre: 0.0222 Re: 0.2000 Acc: 0.7966 F1: 0.0400


--------------------------------------------------------------------
Eval results: Cost:27.4840 Pre:0.0169 Re:0.5000 Acc:0.6312 F1:0.0328
--------------------------------------------------------------------

Epoch 1: Time: 0.0308 Cost: 12.2381 Pre: 0.0357 Re: 0.2000 Acc: 0.8686 F1: 0.0606
Epoch 2: Time: 0.0304 Cost: 9.7106 Pre: 0.0417 Re: 0.2000 Acc: 0.8856 F1: 0.0690
Epoch 3: Time: 0.0303 Cost: 8.2427 Pre: 0.0455 Re: 0.2000 Acc: 0.8941 F1: 0.0741
Epoch 4: Time: 0.0308 Cost: 7.2015 Pre: 0.0476 Re: 0.2000 Acc: 0.8983 F1: 0.0769
Epoch 5: Time: 0.0318 Cost: 6.3400 Pre: 0.0526 Re: 0.2000 Acc: 0.9068 F1: 0.0833
Epoch 6: Time: 0.0310 Cost: 5.5594 Pre: 0.0526 Re: 0.2000 Acc: 0.9068 F1: 0.0833
Epoch 7: Time: 0.0313 Cost: 4.8530 Pre: 0.0000 Re: 0.0000 Acc: 0.9153 F1: 0.0000
Epoch 8: Time: 0.0307 Cost: 4.2687 Pre: 0.0000 Re: 0.0000 Acc: 0.9703 F1: 0.0000
Epoch 9: Time: 0.0309 Cost: 3.8475 Pre: 0.0000 Re: 0.0000 Acc: 0.9703 F1: 0.0000
Epoch 10: Time: 0.0301 Cost: 3.5796 Pre: 0.0000 Re: 0.0000 Acc: 0.9703 F1: 0.0000


--------------------------------------------------------------------
Eval results: Cost:2.6316 Pre:0.0000 Re:0.0000 Acc:0.9750 F1:0.0000
--------------------------------------------------------------------

Epoch 11: Time: 0.0304 Cost: 3.4192 Pre: 0.0000 Re: 0.0000 Acc: 0.9703 F1: 0.0000
Epoch 12: Time: 0.0302 Cost: 3.3213 Pre: 0.0000 Re: 0.0000 Acc: 0.9703 F1: 0.0000
Epoch 13: Time: 0.0302 Cost: 3.2564 Pre: 0.0000 Re: 0.0000 Acc: 0.9703 F1: 0.0000
Epoch 14: Time: 0.0303 Cost: 3.2088 Pre: 0.0000 Re: 0.0000 Acc: 0.9703 F1: 0.0000
Epoch 15: Time: 0.0313 Cost: 3.1705 Pre: 0.0000 Re: 0.0000 Acc: 0.9703 F1: 0.0000
Epoch 16: Time: 0.0303 Cost: 3.1376 Pre: 0.0000 Re: 0.0000 Acc: 0.9703 F1: 0.0000
Epoch 17: Time: 0.0306 Cost: 3.1078 Pre: 0.0000 Re: 0.0000 Acc: 0.9703 F1: 0.0000
Epoch 18: Time: 0.0302 Cost: 3.0799 Pre: 0.0000 Re: 0.0000 Acc: 0.9703 F1: 0.0000
Epoch 19: Time: 0.0303 Cost: 3.0531 Pre: 0.0000 Re: 0.0000 Acc: 0.9703 F1: 0.0000
Epoch 20: Time: 0.0302 Cost: 3.0268 Pre: 0.0000 Re: 0.0000 Acc: 0.9703 F1: 0.0000


--------------------------------------------------------------------
Eval results: Cost:1.6499 Pre:0.0000 Re:0.0000 Acc:0.9750 F1:0.0000
--------------------------------------------------------------------

Epoch 21: Time: 0.0325 Cost: 3.0006 Pre: 0.0000 Re: 0.0000 Acc: 0.9703 F1: 0.0000
Epoch 22: Time: 0.0306 Cost: 2.9740 Pre: 0.0000 Re: 0.0000 Acc: 0.9703 F1: 0.0000
Epoch 23: Time: 0.0309 Cost: 2.9469 Pre: 0.0000 Re: 0.0000 Acc: 0.9703 F1: 0.0000
Epoch 24: Time: 0.0301 Cost: 2.9191 Pre: 0.0000 Re: 0.0000 Acc: 0.9703 F1: 0.0000
Epoch 25: Time: 0.0303 Cost: 2.8907 Pre: 0.0000 Re: 0.0000 Acc: 0.9703 F1: 0.0000
Epoch 26: Time: 0.0303 Cost: 2.8614 Pre: 0.0000 Re: 0.0000 Acc: 0.9703 F1: 0.0000
Epoch 27: Time: 0.0303 Cost: 2.8313 Pre: 0.0000 Re: 0.0000 Acc: 0.9703 F1: 0.0000
Epoch 28: Time: 0.0308 Cost: 2.8003 Pre: 0.0000 Re: 0.0000 Acc: 0.9703 F1: 0.0000
Epoch 29: Time: 0.0306 Cost: 2.7683 Pre: 0.0000 Re: 0.0000 Acc: 0.9746 F1: 0.0000
Epoch 30: Time: 0.0332 Cost: 2.7353 Pre: 0.0000 Re: 0.0000 Acc: 0.9788 F1: 0.0000


--------------------------------------------------------------------
Eval results: Cost:1.3767 Pre:0.0000 Re:0.0000 Acc:0.9875 F1:0.0000
--------------------------------------------------------------------

Epoch 31: Time: 0.0304 Cost: 2.7013 Pre: 0.0000 Re: 0.0000 Acc: 0.9788 F1: 0.0000
Epoch 32: Time: 0.0305 Cost: 2.6660 Pre: 0.0000 Re: 0.0000 Acc: 0.9788 F1: 0.0000
Epoch 33: Time: 0.0305 Cost: 2.6291 Pre: 0.0000 Re: 0.0000 Acc: 0.9788 F1: 0.0000
Epoch 34: Time: 0.0303 Cost: 2.5905 Pre: 0.0000 Re: 0.0000 Acc: 0.9788 F1: 0.0000
Epoch 35: Time: 0.0312 Cost: 2.5498 Pre: 0.0000 Re: 0.0000 Acc: 0.9788 F1: 0.0000
Epoch 36: Time: 0.0317 Cost: 2.5066 Pre: 0.0000 Re: 0.0000 Acc: 0.9788 F1: 0.0000
Epoch 37: Time: 0.0305 Cost: 2.4612 Pre: 0.0000 Re: 0.0000 Acc: 0.9788 F1: 0.0000
Epoch 38: Time: 0.0308 Cost: 2.4133 Pre: 0.0000 Re: 0.0000 Acc: 0.9788 F1: 0.0000
Epoch 39: Time: 0.0305 Cost: 2.3615 Pre: 0.0000 Re: 0.0000 Acc: 0.9788 F1: 0.0000
Epoch 40: Time: 0.0303 Cost: 2.3032 Pre: 0.0000 Re: 0.0000 Acc: 0.9788 F1: 0.0000


--------------------------------------------------------------------
Eval results: Cost:1.1289 Pre:0.0000 Re:0.0000 Acc:0.9875 F1:0.0000
--------------------------------------------------------------------

Epoch 41: Time: 0.0305 Cost: 2.2366 Pre: 0.0000 Re: 0.0000 Acc: 0.9788 F1: 0.0000
Epoch 42: Time: 0.0303 Cost: 2.1570 Pre: 0.0000 Re: 0.0000 Acc: 0.9788 F1: 0.0000
Epoch 43: Time: 0.0303 Cost: 2.0578 Pre: 0.0000 Re: 0.0000 Acc: 0.9788 F1: 0.0000
Epoch 44: Time: 0.0302 Cost: 1.9306 Pre: 0.0000 Re: 0.0000 Acc: 0.9788 F1: 0.0000
Epoch 45: Time: 0.0310 Cost: 1.7872 Pre: 0.0000 Re: 0.0000 Acc: 0.9788 F1: 0.0000
Epoch 46: Time: 0.0303 Cost: 1.6471 Pre: 1.0000 Re: 0.4000 Acc: 0.9873 F1: 0.5714
Epoch 47: Time: 0.0302 Cost: 1.5091 Pre: 1.0000 Re: 0.4000 Acc: 0.9873 F1: 0.5714
Epoch 48: Time: 0.0304 Cost: 1.4066 Pre: 1.0000 Re: 0.4000 Acc: 0.9873 F1: 0.5714
Epoch 49: Time: 0.0303 Cost: 1.3443 Pre: 1.0000 Re: 0.4000 Acc: 0.9873 F1: 0.5714
Epoch 50: Time: 0.0304 Cost: 1.3020 Pre: 0.6667 Re: 0.4000 Acc: 0.9831 F1: 0.5000


--------------------------------------------------------------------
Eval results: Cost:0.5978 Pre:1.0000 Re:0.5000 Acc:0.9938 F1:0.6667
--------------------------------------------------------------------

Epoch 51: Time: 0.0321 Cost: 1.2549 Pre: 1.0000 Re: 0.4000 Acc: 0.9873 F1: 0.5714
Epoch 52: Time: 0.0313 Cost: 1.2100 Pre: 1.0000 Re: 0.4000 Acc: 0.9873 F1: 0.5714
Epoch 53: Time: 0.0304 Cost: 1.1654 Pre: 1.0000 Re: 0.4000 Acc: 0.9873 F1: 0.5714
Epoch 54: Time: 0.0304 Cost: 1.1256 Pre: 1.0000 Re: 0.4000 Acc: 0.9873 F1: 0.5714
Epoch 55: Time: 0.0305 Cost: 1.0985 Pre: 1.0000 Re: 0.4000 Acc: 0.9873 F1: 0.5714
Epoch 56: Time: 0.0312 Cost: 1.0727 Pre: 1.0000 Re: 0.4000 Acc: 0.9873 F1: 0.5714
Epoch 57: Time: 0.0305 Cost: 1.0484 Pre: 1.0000 Re: 0.4000 Acc: 0.9873 F1: 0.5714
Epoch 58: Time: 0.0304 Cost: 1.0261 Pre: 1.0000 Re: 0.4000 Acc: 0.9873 F1: 0.5714
Epoch 59: Time: 0.0303 Cost: 1.0016 Pre: 1.0000 Re: 0.4000 Acc: 0.9873 F1: 0.5714
Epoch 60: Time: 0.0315 Cost: 0.9803 Pre: 1.0000 Re: 0.4000 Acc: 0.9873 F1: 0.5714


--------------------------------------------------------------------
Eval results: Cost:0.4185 Pre:1.0000 Re:0.5000 Acc:0.9938 F1:0.6667
--------------------------------------------------------------------

Epoch 61: Time: 0.0308 Cost: 0.9592 Pre: 1.0000 Re: 0.4000 Acc: 0.9873 F1: 0.5714
Epoch 62: Time: 0.0302 Cost: 0.9385 Pre: 1.0000 Re: 0.4000 Acc: 0.9873 F1: 0.5714
Epoch 63: Time: 0.0307 Cost: 0.9212 Pre: 1.0000 Re: 0.4000 Acc: 0.9873 F1: 0.5714
Epoch 64: Time: 0.0303 Cost: 0.9015 Pre: 1.0000 Re: 0.4000 Acc: 0.9873 F1: 0.5714
Epoch 65: Time: 0.0318 Cost: 0.8844 Pre: 1.0000 Re: 0.4000 Acc: 0.9873 F1: 0.5714
Epoch 66: Time: 0.0310 Cost: 0.8649 Pre: 1.0000 Re: 0.4000 Acc: 0.9873 F1: 0.5714
Epoch 67: Time: 0.0303 Cost: 0.8472 Pre: 1.0000 Re: 0.4000 Acc: 0.9873 F1: 0.5714
Epoch 68: Time: 0.0303 Cost: 0.8288 Pre: 1.0000 Re: 0.4000 Acc: 0.9873 F1: 0.5714
Epoch 69: Time: 0.0305 Cost: 0.8122 Pre: 1.0000 Re: 0.4000 Acc: 0.9873 F1: 0.5714
Epoch 70: Time: 0.0302 Cost: 0.7953 Pre: 1.0000 Re: 0.4000 Acc: 0.9873 F1: 0.5714


--------------------------------------------------------------------
Eval results: Cost:0.3315 Pre:1.0000 Re:0.5000 Acc:0.9938 F1:0.6667
--------------------------------------------------------------------

Epoch 71: Time: 0.0306 Cost: 0.7799 Pre: 1.0000 Re: 0.4000 Acc: 0.9873 F1: 0.5714
Epoch 72: Time: 0.0305 Cost: 0.7628 Pre: 1.0000 Re: 0.4000 Acc: 0.9873 F1: 0.5714
Epoch 73: Time: 0.0303 Cost: 0.7482 Pre: 1.0000 Re: 0.4000 Acc: 0.9873 F1: 0.5714
Epoch 74: Time: 0.0304 Cost: 0.7313 Pre: 1.0000 Re: 0.4000 Acc: 0.9873 F1: 0.5714
Epoch 75: Time: 0.0304 Cost: 0.7219 Pre: 1.0000 Re: 0.4000 Acc: 0.9873 F1: 0.5714
Epoch 76: Time: 0.0306 Cost: 0.7066 Pre: 1.0000 Re: 0.4000 Acc: 0.9873 F1: 0.5714
Epoch 77: Time: 0.0303 Cost: 0.7078 Pre: 1.0000 Re: 0.8000 Acc: 0.9958 F1: 0.8889
Epoch 78: Time: 0.0305 Cost: 0.6890 Pre: 1.0000 Re: 0.8000 Acc: 0.9958 F1: 0.8889
Epoch 79: Time: 0.0310 Cost: 0.6837 Pre: 1.0000 Re: 1.0000 Acc: 1.0000 F1: 1.0000
Epoch 80: Time: 0.0303 Cost: 0.6580 Pre: 1.0000 Re: 0.6000 Acc: 0.9915 F1: 0.7500


--------------------------------------------------------------------
Eval results: Cost:0.2627 Pre:1.0000 Re:0.5000 Acc:0.9938 F1:0.6667
--------------------------------------------------------------------

Epoch 81: Time: 0.0317 Cost: 0.6490 Pre: 1.0000 Re: 0.8000 Acc: 0.9958 F1: 0.8889
Epoch 82: Time: 0.0312 Cost: 0.6408 Pre: 1.0000 Re: 1.0000 Acc: 1.0000 F1: 1.0000
Epoch 83: Time: 0.0303 Cost: 0.6225 Pre: 1.0000 Re: 0.8000 Acc: 0.9958 F1: 0.8889
Epoch 84: Time: 0.0303 Cost: 0.6132 Pre: 1.0000 Re: 0.8000 Acc: 0.9958 F1: 0.8889
Epoch 85: Time: 0.0305 Cost: 0.6071 Pre: 1.0000 Re: 1.0000 Acc: 1.0000 F1: 1.0000
Epoch 86: Time: 0.0306 Cost: 0.5937 Pre: 1.0000 Re: 0.8000 Acc: 0.9958 F1: 0.8889
Epoch 87: Time: 0.0304 Cost: 0.5840 Pre: 1.0000 Re: 1.0000 Acc: 1.0000 F1: 1.0000
Epoch 88: Time: 0.0304 Cost: 0.5775 Pre: 1.0000 Re: 1.0000 Acc: 1.0000 F1: 1.0000
Epoch 89: Time: 0.0303 Cost: 0.5678 Pre: 1.0000 Re: 0.8000 Acc: 0.9958 F1: 0.8889
Epoch 90: Time: 0.0319 Cost: 0.5597 Pre: 1.0000 Re: 1.0000 Acc: 1.0000 F1: 1.0000


--------------------------------------------------------------------
Eval results: Cost:0.2198 Pre:1.0000 Re:1.0000 Acc:1.0000 F1:1.0000
--------------------------------------------------------------------

Epoch 91: Time: 0.0304 Cost: 0.5504 Pre: 1.0000 Re: 1.0000 Acc: 1.0000 F1: 1.0000
Epoch 92: Time: 0.0304 Cost: 0.5423 Pre: 1.0000 Re: 1.0000 Acc: 1.0000 F1: 1.0000
Epoch 93: Time: 0.0305 Cost: 0.5342 Pre: 1.0000 Re: 1.0000 Acc: 1.0000 F1: 1.0000
Epoch 94: Time: 0.0305 Cost: 0.5268 Pre: 1.0000 Re: 1.0000 Acc: 1.0000 F1: 1.0000
Epoch 95: Time: 0.0316 Cost: 0.5197 Pre: 1.0000 Re: 1.0000 Acc: 1.0000 F1: 1.0000
Epoch 96: Time: 0.0304 Cost: 0.5124 Pre: 1.0000 Re: 1.0000 Acc: 1.0000 F1: 1.0000
Epoch 97: Time: 0.0306 Cost: 0.5052 Pre: 1.0000 Re: 1.0000 Acc: 1.0000 F1: 1.0000
Epoch 98: Time: 0.0306 Cost: 0.4979 Pre: 1.0000 Re: 1.0000 Acc: 1.0000 F1: 1.0000
Epoch 99: Time: 0.0305 Cost: 0.4926 Pre: 1.0000 Re: 1.0000 Acc: 1.0000 F1: 1.0000
Epoch 100: Time: 0.0306 Cost: 0.4873 Pre: 1.0000 Re: 1.0000 Acc: 1.0000 F1: 1.0000


--------------------------------------------------------------------
Eval results: Cost:0.1891 Pre:1.0000 Re:1.0000 Acc:1.0000 F1:1.0000
--------------------------------------------------------------------

Epoch 101: Time: 0.0303 Cost: 0.5103 Pre: 1.0000 Re: 1.0000 Acc: 1.0000 F1: 1.0000
Epoch 102: Time: 0.0306 Cost: 0.5129 Pre: 1.0000 Re: 0.8000 Acc: 0.9958 F1: 0.8889
Epoch 103: Time: 0.0303 Cost: 0.5340 Pre: 0.8333 Re: 1.0000 Acc: 0.9958 F1: 0.9091
Epoch 104: Time: 0.0307 Cost: 0.4766 Pre: 1.0000 Re: 1.0000 Acc: 1.0000 F1: 1.0000
Epoch 105: Time: 0.0303 Cost: 0.4932 Pre: 1.0000 Re: 0.8000 Acc: 0.9958 F1: 0.8889
Epoch 106: Time: 0.0307 Cost: 0.4652 Pre: 1.0000 Re: 1.0000 Acc: 1.0000 F1: 1.0000
Epoch 107: Time: 0.0303 Cost: 0.4622 Pre: 1.0000 Re: 1.0000 Acc: 1.0000 F1: 1.0000
Epoch 108: Time: 0.0302 Cost: 0.4480 Pre: 1.0000 Re: 1.0000 Acc: 1.0000 F1: 1.0000
Epoch 109: Time: 0.0305 Cost: 0.4492 Pre: 1.0000 Re: 1.0000 Acc: 1.0000 F1: 1.0000
Epoch 110: Time: 0.0311 Cost: 0.4394 Pre: 1.0000 Re: 1.0000 Acc: 1.0000 F1: 1.0000


--------------------------------------------------------------------
Eval results: Cost:0.1703 Pre:1.0000 Re:1.0000 Acc:1.0000 F1:1.0000
--------------------------------------------------------------------

Epoch 111: Time: 0.0312 Cost: 0.4351 Pre: 1.0000 Re: 1.0000 Acc: 1.0000 F1: 1.0000
Epoch 112: Time: 0.0315 Cost: 0.4262 Pre: 1.0000 Re: 1.0000 Acc: 1.0000 F1: 1.0000
Epoch 113: Time: 0.0303 Cost: 0.4256 Pre: 1.0000 Re: 1.0000 Acc: 1.0000 F1: 1.0000
Epoch 114: Time: 0.0303 Cost: 0.4198 Pre: 1.0000 Re: 1.0000 Acc: 1.0000 F1: 1.0000
Epoch 115: Time: 0.0308 Cost: 0.4148 Pre: 1.0000 Re: 1.0000 Acc: 1.0000 F1: 1.0000
Epoch 116: Time: 0.0307 Cost: 0.4119 Pre: 1.0000 Re: 1.0000 Acc: 1.0000 F1: 1.0000
Epoch 117: Time: 0.0304 Cost: 0.4064 Pre: 1.0000 Re: 1.0000 Acc: 1.0000 F1: 1.0000
Epoch 118: Time: 0.0304 Cost: 0.4022 Pre: 1.0000 Re: 1.0000 Acc: 1.0000 F1: 1.0000
Epoch 119: Time: 0.0312 Cost: 0.3985 Pre: 1.0000 Re: 1.0000 Acc: 1.0000 F1: 1.0000
Epoch 120: Time: 0.0307 Cost: 0.3944 Pre: 1.0000 Re: 1.0000 Acc: 1.0000 F1: 1.0000


--------------------------------------------------------------------
Eval results: Cost:0.1495 Pre:1.0000 Re:1.0000 Acc:1.0000 F1:1.0000
--------------------------------------------------------------------

Epoch 121: Time: 0.0304 Cost: 0.3914 Pre: 1.0000 Re: 1.0000 Acc: 1.0000 F1: 1.0000
Epoch 122: Time: 0.0302 Cost: 0.3905 Pre: 1.0000 Re: 1.0000 Acc: 1.0000 F1: 1.0000
Epoch 123: Time: 0.0303 Cost: 0.3926 Pre: 1.0000 Re: 1.0000 Acc: 1.0000 F1: 1.0000
Epoch 124: Time: 0.0318 Cost: 0.3927 Pre: 1.0000 Re: 1.0000 Acc: 1.0000 F1: 1.0000
Epoch 125: Time: 0.0308 Cost: 0.3821 Pre: 1.0000 Re: 1.0000 Acc: 1.0000 F1: 1.0000
Epoch 126: Time: 0.0305 Cost: 0.3715 Pre: 1.0000 Re: 1.0000 Acc: 1.0000 F1: 1.0000
Epoch 127: Time: 0.0305 Cost: 0.3698 Pre: 1.0000 Re: 1.0000 Acc: 1.0000 F1: 1.0000
Epoch 128: Time: 0.0302 Cost: 0.3686 Pre: 1.0000 Re: 1.0000 Acc: 1.0000 F1: 1.0000
Epoch 129: Time: 0.0303 Cost: 0.3632 Pre: 1.0000 Re: 1.0000 Acc: 1.0000 F1: 1.0000
Epoch 130: Time: 0.0303 Cost: 0.3572 Pre: 1.0000 Re: 1.0000 Acc: 1.0000 F1: 1.0000


--------------------------------------------------------------------
Eval results: Cost:0.1350 Pre:1.0000 Re:1.0000 Acc:1.0000 F1:1.0000
--------------------------------------------------------------------

Epoch 131: Time: 0.0303 Cost: 0.3532 Pre: 1.0000 Re: 1.0000 Acc: 1.0000 F1: 1.0000
Epoch 132: Time: 0.0302 Cost: 0.3504 Pre: 1.0000 Re: 1.0000 Acc: 1.0000 F1: 1.0000
Epoch 133: Time: 0.0307 Cost: 0.3490 Pre: 1.0000 Re: 1.0000 Acc: 1.0000 F1: 1.0000
Epoch 134: Time: 0.0307 Cost: 0.3494 Pre: 1.0000 Re: 1.0000 Acc: 1.0000 F1: 1.0000
Epoch 135: Time: 0.0303 Cost: 0.3515 Pre: 1.0000 Re: 1.0000 Acc: 1.0000 F1: 1.0000
Epoch 136: Time: 0.0306 Cost: 0.3456 Pre: 1.0000 Re: 1.0000 Acc: 1.0000 F1: 1.0000
Epoch 137: Time: 0.0306 Cost: 0.3359 Pre: 1.0000 Re: 1.0000 Acc: 1.0000 F1: 1.0000
Epoch 138: Time: 0.0302 Cost: 0.3306 Pre: 1.0000 Re: 1.0000 Acc: 1.0000 F1: 1.0000
Epoch 139: Time: 0.0302 Cost: 0.3294 Pre: 1.0000 Re: 1.0000 Acc: 1.0000 F1: 1.0000
Epoch 140: Time: 0.0315 Cost: 0.3282 Pre: 1.0000 Re: 1.0000 Acc: 1.0000 F1: 1.0000


--------------------------------------------------------------------
Eval results: Cost:0.1239 Pre:1.0000 Re:1.0000 Acc:1.0000 F1:1.0000
--------------------------------------------------------------------

Epoch 141: Time: 0.0312 Cost: 0.3246 Pre: 1.0000 Re: 1.0000 Acc: 1.0000 F1: 1.0000
Epoch 142: Time: 0.0308 Cost: 0.3209 Pre: 1.0000 Re: 1.0000 Acc: 1.0000 F1: 1.0000
Epoch 143: Time: 0.0303 Cost: 0.3160 Pre: 1.0000 Re: 1.0000 Acc: 1.0000 F1: 1.0000
Epoch 144: Time: 0.0305 Cost: 0.3124 Pre: 1.0000 Re: 1.0000 Acc: 1.0000 F1: 1.0000
Epoch 145: Time: 0.0314 Cost: 0.3092 Pre: 1.0000 Re: 1.0000 Acc: 1.0000 F1: 1.0000
Epoch 146: Time: 0.0305 Cost: 0.3064 Pre: 1.0000 Re: 1.0000 Acc: 1.0000 F1: 1.0000
Epoch 147: Time: 0.0303 Cost: 0.3042 Pre: 1.0000 Re: 1.0000 Acc: 1.0000 F1: 1.0000
Epoch 148: Time: 0.0302 Cost: 0.3053 Pre: 1.0000 Re: 1.0000 Acc: 1.0000 F1: 1.0000
Epoch 149: Time: 0.0315 Cost: 0.3105 Pre: 1.0000 Re: 1.0000 Acc: 1.0000 F1: 1.0000
Epoch 150: Time: 0.0309 Cost: 0.3140 Pre: 1.0000 Re: 1.0000 Acc: 1.0000 F1: 1.0000


--------------------------------------------------------------------
Eval results: Cost:0.1153 Pre:1.0000 Re:1.0000 Acc:1.0000 F1:1.0000
--------------------------------------------------------------------

Epoch 151: Time: 0.0310 Cost: 0.2992 Pre: 1.0000 Re: 1.0000 Acc: 1.0000 F1: 1.0000
Epoch 152: Time: 0.0351 Cost: 0.2902 Pre: 1.0000 Re: 1.0000 Acc: 1.0000 F1: 1.0000
Epoch 153: Time: 0.0382 Cost: 0.2914 Pre: 1.0000 Re: 1.0000 Acc: 1.0000 F1: 1.0000
Epoch 154: Time: 0.0325 Cost: 0.2903 Pre: 1.0000 Re: 1.0000 Acc: 1.0000 F1: 1.0000
Epoch 155: Time: 0.0309 Cost: 0.2831 Pre: 1.0000 Re: 1.0000 Acc: 1.0000 F1: 1.0000
Epoch 156: Time: 0.0302 Cost: 0.2794 Pre: 1.0000 Re: 1.0000 Acc: 1.0000 F1: 1.0000
Epoch 157: Time: 0.0306 Cost: 0.2785 Pre: 1.0000 Re: 1.0000 Acc: 1.0000 F1: 1.0000
Epoch 158: Time: 0.0309 Cost: 0.2771 Pre: 1.0000 Re: 1.0000 Acc: 1.0000 F1: 1.0000
Epoch 159: Time: 0.0306 Cost: 0.2735 Pre: 1.0000 Re: 1.0000 Acc: 1.0000 F1: 1.0000
Epoch 160: Time: 0.0305 Cost: 0.2704 Pre: 1.0000 Re: 1.0000 Acc: 1.0000 F1: 1.0000


--------------------------------------------------------------------
Eval results: Cost:0.1019 Pre:1.0000 Re:1.0000 Acc:1.0000 F1:1.0000
--------------------------------------------------------------------

Epoch 161: Time: 0.0303 Cost: 0.2673 Pre: 1.0000 Re: 1.0000 Acc: 1.0000 F1: 1.0000
Epoch 162: Time: 0.0302 Cost: 0.2649 Pre: 1.0000 Re: 1.0000 Acc: 1.0000 F1: 1.0000
Epoch 163: Time: 0.0309 Cost: 0.2628 Pre: 1.0000 Re: 1.0000 Acc: 1.0000 F1: 1.0000
Epoch 164: Time: 0.0302 Cost: 0.2631 Pre: 1.0000 Re: 1.0000 Acc: 1.0000 F1: 1.0000
Epoch 165: Time: 0.0302 Cost: 0.2665 Pre: 1.0000 Re: 1.0000 Acc: 1.0000 F1: 1.0000
Epoch 166: Time: 0.0305 Cost: 0.2708 Pre: 1.0000 Re: 1.0000 Acc: 1.0000 F1: 1.0000
Epoch 167: Time: 0.0305 Cost: 0.2611 Pre: 1.0000 Re: 1.0000 Acc: 1.0000 F1: 1.0000
Epoch 168: Time: 0.0303 Cost: 0.2515 Pre: 1.0000 Re: 1.0000 Acc: 1.0000 F1: 1.0000
Epoch 169: Time: 0.0310 Cost: 0.2508 Pre: 1.0000 Re: 1.0000 Acc: 1.0000 F1: 1.0000
Epoch 170: Time: 0.0328 Cost: 0.2509 Pre: 1.0000 Re: 1.0000 Acc: 1.0000 F1: 1.0000


--------------------------------------------------------------------
Eval results: Cost:0.0932 Pre:1.0000 Re:1.0000 Acc:1.0000 F1:1.0000
--------------------------------------------------------------------

Epoch 171: Time: 0.0312 Cost: 0.2462 Pre: 1.0000 Re: 1.0000 Acc: 1.0000 F1: 1.0000
Epoch 172: Time: 0.0304 Cost: 0.2415 Pre: 1.0000 Re: 1.0000 Acc: 1.0000 F1: 1.0000
Epoch 173: Time: 0.0303 Cost: 0.2396 Pre: 1.0000 Re: 1.0000 Acc: 1.0000 F1: 1.0000
Epoch 174: Time: 0.0302 Cost: 0.2390 Pre: 1.0000 Re: 1.0000 Acc: 1.0000 F1: 1.0000
Epoch 175: Time: 0.0306 Cost: 0.2373 Pre: 1.0000 Re: 1.0000 Acc: 1.0000 F1: 1.0000
Epoch 176: Time: 0.0304 Cost: 0.2365 Pre: 1.0000 Re: 1.0000 Acc: 1.0000 F1: 1.0000
Epoch 177: Time: 0.0307 Cost: 0.2347 Pre: 1.0000 Re: 1.0000 Acc: 1.0000 F1: 1.0000
Epoch 178: Time: 0.0309 Cost: 0.2325 Pre: 1.0000 Re: 1.0000 Acc: 1.0000 F1: 1.0000
Epoch 179: Time: 0.0314 Cost: 0.2288 Pre: 1.0000 Re: 1.0000 Acc: 1.0000 F1: 1.0000
Epoch 180: Time: 0.0302 Cost: 0.2258 Pre: 1.0000 Re: 1.0000 Acc: 1.0000 F1: 1.0000


--------------------------------------------------------------------
Eval results: Cost:0.0851 Pre:1.0000 Re:1.0000 Acc:1.0000 F1:1.0000
--------------------------------------------------------------------

Epoch 181: Time: 0.0305 Cost: 0.2230 Pre: 1.0000 Re: 1.0000 Acc: 1.0000 F1: 1.0000
Epoch 182: Time: 0.0302 Cost: 0.2210 Pre: 1.0000 Re: 1.0000 Acc: 1.0000 F1: 1.0000
Epoch 183: Time: 0.0303 Cost: 0.2194 Pre: 1.0000 Re: 1.0000 Acc: 1.0000 F1: 1.0000
Epoch 184: Time: 0.0316 Cost: 0.2196 Pre: 1.0000 Re: 1.0000 Acc: 1.0000 F1: 1.0000
Epoch 185: Time: 0.0307 Cost: 0.2216 Pre: 1.0000 Re: 1.0000 Acc: 1.0000 F1: 1.0000
Epoch 186: Time: 0.0302 Cost: 0.2253 Pre: 1.0000 Re: 1.0000 Acc: 1.0000 F1: 1.0000
Epoch 187: Time: 0.0303 Cost: 0.2188 Pre: 1.0000 Re: 1.0000 Acc: 1.0000 F1: 1.0000
Epoch 188: Time: 0.0303 Cost: 0.2101 Pre: 1.0000 Re: 1.0000 Acc: 1.0000 F1: 1.0000
Epoch 189: Time: 0.0303 Cost: 0.2084 Pre: 1.0000 Re: 1.0000 Acc: 1.0000 F1: 1.0000
Epoch 190: Time: 0.0302 Cost: 0.2085 Pre: 1.0000 Re: 1.0000 Acc: 1.0000 F1: 1.0000


--------------------------------------------------------------------
Eval results: Cost:0.0781 Pre:1.0000 Re:1.0000 Acc:1.0000 F1:1.0000
--------------------------------------------------------------------

Epoch 191: Time: 0.0307 Cost: 0.2062 Pre: 1.0000 Re: 1.0000 Acc: 1.0000 F1: 1.0000
Epoch 192: Time: 0.0306 Cost: 0.2020 Pre: 1.0000 Re: 1.0000 Acc: 1.0000 F1: 1.0000
Epoch 193: Time: 0.0310 Cost: 0.1993 Pre: 1.0000 Re: 1.0000 Acc: 1.0000 F1: 1.0000
Epoch 194: Time: 0.0302 Cost: 0.1981 Pre: 1.0000 Re: 1.0000 Acc: 1.0000 F1: 1.0000
Epoch 195: Time: 0.0302 Cost: 0.1968 Pre: 1.0000 Re: 1.0000 Acc: 1.0000 F1: 1.0000
Epoch 196: Time: 0.0302 Cost: 0.1966 Pre: 1.0000 Re: 1.0000 Acc: 1.0000 F1: 1.0000
Epoch 197: Time: 0.0308 Cost: 0.1965 Pre: 1.0000 Re: 1.0000 Acc: 1.0000 F1: 1.0000
Epoch 198: Time: 0.0306 Cost: 0.1972 Pre: 1.0000 Re: 1.0000 Acc: 1.0000 F1: 1.0000
Epoch 199: Time: 0.0312 Cost: 0.1940 Pre: 1.0000 Re: 1.0000 Acc: 1.0000 F1: 1.0000
Epoch 200: Time: 0.0353 Cost: 0.1896 Pre: 1.0000 Re: 1.0000 Acc: 1.0000 F1: 1.0000


--------------------------------------------------------------------
Eval results: Cost:0.0709 Pre:1.0000 Re:1.0000 Acc:1.0000 F1:1.0000
--------------------------------------------------------------------

Epoch 201: Time: 0.0307 Cost: 0.1856 Pre: 1.0000 Re: 1.0000 Acc: 1.0000 F1: 1.0000
Epoch 202: Time: 0.0304 Cost: 0.1836 Pre: 1.0000 Re: 1.0000 Acc: 1.0000 F1: 1.0000
Epoch 203: Time: 0.0305 Cost: 0.1827 Pre: 1.0000 Re: 1.0000 Acc: 1.0000 F1: 1.0000
Epoch 204: Time: 0.0302 Cost: 0.1824 Pre: 1.0000 Re: 1.0000 Acc: 1.0000 F1: 1.0000
Epoch 205: Time: 0.0309 Cost: 0.1838 Pre: 1.0000 Re: 1.0000 Acc: 1.0000 F1: 1.0000
Epoch 206: Time: 0.0305 Cost: 0.1835 Pre: 1.0000 Re: 1.0000 Acc: 1.0000 F1: 1.0000
Epoch 207: Time: 0.0305 Cost: 0.1813 Pre: 1.0000 Re: 1.0000 Acc: 1.0000 F1: 1.0000
Epoch 208: Time: 0.0309 Cost: 0.1759 Pre: 1.0000 Re: 1.0000 Acc: 1.0000 F1: 1.0000
Epoch 209: Time: 0.0318 Cost: 0.1724 Pre: 1.0000 Re: 1.0000 Acc: 1.0000 F1: 1.0000
Epoch 210: Time: 0.0302 Cost: 0.1712 Pre: 1.0000 Re: 1.0000 Acc: 1.0000 F1: 1.0000


--------------------------------------------------------------------
Eval results: Cost:0.0652 Pre:1.0000 Re:1.0000 Acc:1.0000 F1:1.0000
--------------------------------------------------------------------

Epoch 211: Time: 0.0303 Cost: 0.1707 Pre: 1.0000 Re: 1.0000 Acc: 1.0000 F1: 1.0000
Epoch 212: Time: 0.0303 Cost: 0.1709 Pre: 1.0000 Re: 1.0000 Acc: 1.0000 F1: 1.0000
Epoch 213: Time: 0.0311 Cost: 0.1697 Pre: 1.0000 Re: 1.0000 Acc: 1.0000 F1: 1.0000
Epoch 214: Time: 0.0309 Cost: 0.1678 Pre: 1.0000 Re: 1.0000 Acc: 1.0000 F1: 1.0000
Epoch 215: Time: 0.0306 Cost: 0.1646 Pre: 1.0000 Re: 1.0000 Acc: 1.0000 F1: 1.0000
Epoch 216: Time: 0.0302 Cost: 0.1622 Pre: 1.0000 Re: 1.0000 Acc: 1.0000 F1: 1.0000
Epoch 217: Time: 0.0303 Cost: 0.1600 Pre: 1.0000 Re: 1.0000 Acc: 1.0000 F1: 1.0000
Epoch 218: Time: 0.0304 Cost: 0.1583 Pre: 1.0000 Re: 1.0000 Acc: 1.0000 F1: 1.0000
Epoch 219: Time: 0.0302 Cost: 0.1569 Pre: 1.0000 Re: 1.0000 Acc: 1.0000 F1: 1.0000
Epoch 220: Time: 0.0302 Cost: 0.1556 Pre: 1.0000 Re: 1.0000 Acc: 1.0000 F1: 1.0000


--------------------------------------------------------------------
Eval results: Cost:0.0590 Pre:1.0000 Re:1.0000 Acc:1.0000 F1:1.0000
--------------------------------------------------------------------

Epoch 221: Time: 0.0305 Cost: 0.1553 Pre: 1.0000 Re: 1.0000 Acc: 1.0000 F1: 1.0000
Epoch 222: Time: 0.0302 Cost: 0.1571 Pre: 1.0000 Re: 1.0000 Acc: 1.0000 F1: 1.0000
Epoch 223: Time: 0.0308 Cost: 0.1642 Pre: 1.0000 Re: 1.0000 Acc: 1.0000 F1: 1.0000
Epoch 224: Time: 0.0306 Cost: 0.1643 Pre: 1.0000 Re: 1.0000 Acc: 1.0000 F1: 1.0000
Epoch 225: Time: 0.0302 Cost: 0.1526 Pre: 1.0000 Re: 1.0000 Acc: 1.0000 F1: 1.0000
Epoch 226: Time: 0.0302 Cost: 0.1496 Pre: 1.0000 Re: 1.0000 Acc: 1.0000 F1: 1.0000
Epoch 227: Time: 0.0311 Cost: 0.1507 Pre: 1.0000 Re: 1.0000 Acc: 1.0000 F1: 1.0000
Epoch 228: Time: 0.0302 Cost: 0.1466 Pre: 1.0000 Re: 1.0000 Acc: 1.0000 F1: 1.0000
Epoch 229: Time: 0.0310 Cost: 0.1437 Pre: 1.0000 Re: 1.0000 Acc: 1.0000 F1: 1.0000
Epoch 230: Time: 0.0321 Cost: 0.1438 Pre: 1.0000 Re: 1.0000 Acc: 1.0000 F1: 1.0000


--------------------------------------------------------------------
Eval results: Cost:0.0543 Pre:1.0000 Re:1.0000 Acc:1.0000 F1:1.0000
--------------------------------------------------------------------

Epoch 231: Time: 0.0308 Cost: 0.1423 Pre: 1.0000 Re: 1.0000 Acc: 1.0000 F1: 1.0000
Epoch 232: Time: 0.0303 Cost: 0.1397 Pre: 1.0000 Re: 1.0000 Acc: 1.0000 F1: 1.0000
Epoch 233: Time: 0.0304 Cost: 0.1383 Pre: 1.0000 Re: 1.0000 Acc: 1.0000 F1: 1.0000
Epoch 234: Time: 0.0303 Cost: 0.1375 Pre: 1.0000 Re: 1.0000 Acc: 1.0000 F1: 1.0000
Epoch 235: Time: 0.0307 Cost: 0.1365 Pre: 1.0000 Re: 1.0000 Acc: 1.0000 F1: 1.0000
Epoch 236: Time: 0.0304 Cost: 0.1361 Pre: 1.0000 Re: 1.0000 Acc: 1.0000 F1: 1.0000
Epoch 237: Time: 0.0303 Cost: 0.1355 Pre: 1.0000 Re: 1.0000 Acc: 1.0000 F1: 1.0000
Epoch 238: Time: 0.0310 Cost: 0.1356 Pre: 1.0000 Re: 1.0000 Acc: 1.0000 F1: 1.0000
Epoch 239: Time: 0.0305 Cost: 0.1344 Pre: 1.0000 Re: 1.0000 Acc: 1.0000 F1: 1.0000
Epoch 240: Time: 0.0315 Cost: 0.1329 Pre: 1.0000 Re: 1.0000 Acc: 1.0000 F1: 1.0000


--------------------------------------------------------------------
Eval results: Cost:0.0501 Pre:1.0000 Re:1.0000 Acc:1.0000 F1:1.0000
--------------------------------------------------------------------

Epoch 241: Time: 0.0304 Cost: 0.1299 Pre: 1.0000 Re: 1.0000 Acc: 1.0000 F1: 1.0000
Epoch 242: Time: 0.0303 Cost: 0.1278 Pre: 1.0000 Re: 1.0000 Acc: 1.0000 F1: 1.0000
Epoch 243: Time: 0.0310 Cost: 0.1260 Pre: 1.0000 Re: 1.0000 Acc: 1.0000 F1: 1.0000
Epoch 244: Time: 0.0310 Cost: 0.1247 Pre: 1.0000 Re: 1.0000 Acc: 1.0000 F1: 1.0000
Epoch 245: Time: 0.0304 Cost: 0.1237 Pre: 1.0000 Re: 1.0000 Acc: 1.0000 F1: 1.0000
Epoch 246: Time: 0.0302 Cost: 0.1227 Pre: 1.0000 Re: 1.0000 Acc: 1.0000 F1: 1.0000
Epoch 247: Time: 0.0304 Cost: 0.1225 Pre: 1.0000 Re: 1.0000 Acc: 1.0000 F1: 1.0000
Epoch 248: Time: 0.0302 Cost: 0.1237 Pre: 1.0000 Re: 1.0000 Acc: 1.0000 F1: 1.0000
Epoch 249: Time: 0.0304 Cost: 0.1281 Pre: 1.0000 Re: 1.0000 Acc: 1.0000 F1: 1.0000
Epoch 250: Time: 0.0302 Cost: 0.1280 Pre: 1.0000 Re: 1.0000 Acc: 1.0000 F1: 1.0000


--------------------------------------------------------------------
Eval results: Cost:0.0463 Pre:1.0000 Re:1.0000 Acc:1.0000 F1:1.0000
--------------------------------------------------------------------

Epoch 251: Time: 0.0304 Cost: 0.1204 Pre: 1.0000 Re: 1.0000 Acc: 1.0000 F1: 1.0000
Epoch 252: Time: 0.0304 Cost: 0.1167 Pre: 1.0000 Re: 1.0000 Acc: 1.0000 F1: 1.0000
Epoch 253: Time: 0.0305 Cost: 0.1170 Pre: 1.0000 Re: 1.0000 Acc: 1.0000 F1: 1.0000
Epoch 254: Time: 0.0303 Cost: 0.1164 Pre: 1.0000 Re: 1.0000 Acc: 1.0000 F1: 1.0000
Epoch 255: Time: 0.0306 Cost: 0.1132 Pre: 1.0000 Re: 1.0000 Acc: 1.0000 F1: 1.0000
Epoch 256: Time: 0.0302 Cost: 0.1118 Pre: 1.0000 Re: 1.0000 Acc: 1.0000 F1: 1.0000
Epoch 257: Time: 0.0303 Cost: 0.1116 Pre: 1.0000 Re: 1.0000 Acc: 1.0000 F1: 1.0000
Epoch 258: Time: 0.0304 Cost: 0.1106 Pre: 1.0000 Re: 1.0000 Acc: 1.0000 F1: 1.0000
Epoch 259: Time: 0.0326 Cost: 0.1094 Pre: 1.0000 Re: 1.0000 Acc: 1.0000 F1: 1.0000
Epoch 260: Time: 0.0306 Cost: 0.1079 Pre: 1.0000 Re: 1.0000 Acc: 1.0000 F1: 1.0000


--------------------------------------------------------------------
Eval results: Cost:0.0410 Pre:1.0000 Re:1.0000 Acc:1.0000 F1:1.0000
--------------------------------------------------------------------

Epoch 261: Time: 0.0303 Cost: 0.1067 Pre: 1.0000 Re: 1.0000 Acc: 1.0000 F1: 1.0000
Epoch 262: Time: 0.0305 Cost: 0.1056 Pre: 1.0000 Re: 1.0000 Acc: 1.0000 F1: 1.0000
Epoch 263: Time: 0.0307 Cost: 0.1046 Pre: 1.0000 Re: 1.0000 Acc: 1.0000 F1: 1.0000
Epoch 264: Time: 0.0308 Cost: 0.1036 Pre: 1.0000 Re: 1.0000 Acc: 1.0000 F1: 1.0000
Epoch 265: Time: 0.0304 Cost: 0.1028 Pre: 1.0000 Re: 1.0000 Acc: 1.0000 F1: 1.0000
Epoch 266: Time: 0.0303 Cost: 0.1025 Pre: 1.0000 Re: 1.0000 Acc: 1.0000 F1: 1.0000
Epoch 267: Time: 0.0305 Cost: 0.1050 Pre: 1.0000 Re: 1.0000 Acc: 1.0000 F1: 1.0000
Epoch 268: Time: 0.0313 Cost: 0.1091 Pre: 1.0000 Re: 1.0000 Acc: 1.0000 F1: 1.0000
Epoch 269: Time: 0.0308 Cost: 0.1101 Pre: 1.0000 Re: 1.0000 Acc: 1.0000 F1: 1.0000
Epoch 270: Time: 0.0305 Cost: 0.1014 Pre: 1.0000 Re: 1.0000 Acc: 1.0000 F1: 1.0000


--------------------------------------------------------------------
Eval results: Cost:0.0377 Pre:1.0000 Re:1.0000 Acc:1.0000 F1:1.0000
--------------------------------------------------------------------

Epoch 271: Time: 0.0303 Cost: 0.0985 Pre: 1.0000 Re: 1.0000 Acc: 1.0000 F1: 1.0000
Epoch 272: Time: 0.0302 Cost: 0.1001 Pre: 1.0000 Re: 1.0000 Acc: 1.0000 F1: 1.0000
Epoch 273: Time: 0.0319 Cost: 0.0974 Pre: 1.0000 Re: 1.0000 Acc: 1.0000 F1: 1.0000
Epoch 274: Time: 0.0304 Cost: 0.0946 Pre: 1.0000 Re: 1.0000 Acc: 1.0000 F1: 1.0000
Epoch 275: Time: 0.0306 Cost: 0.0951 Pre: 1.0000 Re: 1.0000 Acc: 1.0000 F1: 1.0000
Epoch 276: Time: 0.0304 Cost: 0.0941 Pre: 1.0000 Re: 1.0000 Acc: 1.0000 F1: 1.0000
Epoch 277: Time: 0.0302 Cost: 0.0921 Pre: 1.0000 Re: 1.0000 Acc: 1.0000 F1: 1.0000
Epoch 278: Time: 0.0302 Cost: 0.0914 Pre: 1.0000 Re: 1.0000 Acc: 1.0000 F1: 1.0000
Epoch 279: Time: 0.0304 Cost: 0.0908 Pre: 1.0000 Re: 1.0000 Acc: 1.0000 F1: 1.0000
Epoch 280: Time: 0.0302 Cost: 0.0901 Pre: 1.0000 Re: 1.0000 Acc: 1.0000 F1: 1.0000


--------------------------------------------------------------------
Eval results: Cost:0.0344 Pre:1.0000 Re:1.0000 Acc:1.0000 F1:1.0000
--------------------------------------------------------------------

Epoch 281: Time: 0.0303 Cost: 0.0890 Pre: 1.0000 Re: 1.0000 Acc: 1.0000 F1: 1.0000
Epoch 282: Time: 0.0309 Cost: 0.0881 Pre: 1.0000 Re: 1.0000 Acc: 1.0000 F1: 1.0000
Epoch 283: Time: 0.0303 Cost: 0.0871 Pre: 1.0000 Re: 1.0000 Acc: 1.0000 F1: 1.0000
Epoch 284: Time: 0.0302 Cost: 0.0864 Pre: 1.0000 Re: 1.0000 Acc: 1.0000 F1: 1.0000
Epoch 285: Time: 0.0306 Cost: 0.0857 Pre: 1.0000 Re: 1.0000 Acc: 1.0000 F1: 1.0000
Epoch 286: Time: 0.0301 Cost: 0.0856 Pre: 1.0000 Re: 1.0000 Acc: 1.0000 F1: 1.0000
Epoch 287: Time: 0.0302 Cost: 0.0860 Pre: 1.0000 Re: 1.0000 Acc: 1.0000 F1: 1.0000
Epoch 288: Time: 0.0301 Cost: 0.0880 Pre: 1.0000 Re: 1.0000 Acc: 1.0000 F1: 1.0000
Epoch 289: Time: 0.0329 Cost: 0.0878 Pre: 1.0000 Re: 1.0000 Acc: 1.0000 F1: 1.0000
Epoch 290: Time: 0.0308 Cost: 0.0843 Pre: 1.0000 Re: 1.0000 Acc: 1.0000 F1: 1.0000


--------------------------------------------------------------------
Eval results: Cost:0.0312 Pre:1.0000 Re:1.0000 Acc:1.0000 F1:1.0000
--------------------------------------------------------------------

Epoch 291: Time: 0.0306 Cost: 0.0811 Pre: 1.0000 Re: 1.0000 Acc: 1.0000 F1: 1.0000
Epoch 292: Time: 0.0304 Cost: 0.0806 Pre: 1.0000 Re: 1.0000 Acc: 1.0000 F1: 1.0000
Epoch 293: Time: 0.0306 Cost: 0.0810 Pre: 1.0000 Re: 1.0000 Acc: 1.0000 F1: 1.0000
Epoch 294: Time: 0.0304 Cost: 0.0798 Pre: 1.0000 Re: 1.0000 Acc: 1.0000 F1: 1.0000
Epoch 295: Time: 0.0308 Cost: 0.0781 Pre: 1.0000 Re: 1.0000 Acc: 1.0000 F1: 1.0000
Epoch 296: Time: 0.0303 Cost: 0.0770 Pre: 1.0000 Re: 1.0000 Acc: 1.0000 F1: 1.0000
Epoch 297: Time: 0.0316 Cost: 0.0765 Pre: 1.0000 Re: 1.0000 Acc: 1.0000 F1: 1.0000
Epoch 298: Time: 0.0310 Cost: 0.0761 Pre: 1.0000 Re: 1.0000 Acc: 1.0000 F1: 1.0000
Epoch 299: Time: 0.0303 Cost: 0.0756 Pre: 1.0000 Re: 1.0000 Acc: 1.0000 F1: 1.0000
Epoch 300: Time: 0.0303 Cost: 0.0753 Pre: 1.0000 Re: 1.0000 Acc: 1.0000 F1: 1.0000


--------------------------------------------------------------------
Eval results: Cost:0.0289 Pre:1.0000 Re:1.0000 Acc:1.0000 F1:1.0000
--------------------------------------------------------------------

Epoch 301: Time: 0.0305 Cost: 0.0746 Pre: 1.0000 Re: 1.0000 Acc: 1.0000 F1: 1.0000
Epoch 302: Time: 0.0302 Cost: 0.0743 Pre: 1.0000 Re: 1.0000 Acc: 1.0000 F1: 1.0000
Epoch 303: Time: 0.0322 Cost: 0.0736 Pre: 1.0000 Re: 1.0000 Acc: 1.0000 F1: 1.0000
Epoch 304: Time: 0.0302 Cost: 0.0729 Pre: 1.0000 Re: 1.0000 Acc: 1.0000 F1: 1.0000
Epoch 305: Time: 0.0302 Cost: 0.0716 Pre: 1.0000 Re: 1.0000 Acc: 1.0000 F1: 1.0000
Epoch 306: Time: 0.0301 Cost: 0.0706 Pre: 1.0000 Re: 1.0000 Acc: 1.0000 F1: 1.0000
Epoch 307: Time: 0.0304 Cost: 0.0696 Pre: 1.0000 Re: 1.0000 Acc: 1.0000 F1: 1.0000
Epoch 308: Time: 0.0303 Cost: 0.0688 Pre: 1.0000 Re: 1.0000 Acc: 1.0000 F1: 1.0000
Epoch 309: Time: 0.0302 Cost: 0.0680 Pre: 1.0000 Re: 1.0000 Acc: 1.0000 F1: 1.0000
Epoch 310: Time: 0.0305 Cost: 0.0674 Pre: 1.0000 Re: 1.0000 Acc: 1.0000 F1: 1.0000


--------------------------------------------------------------------
Eval results: Cost:0.0258 Pre:1.0000 Re:1.0000 Acc:1.0000 F1:1.0000
--------------------------------------------------------------------

Epoch 311: Time: 0.0303 Cost: 0.0667 Pre: 1.0000 Re: 1.0000 Acc: 1.0000 F1: 1.0000
Epoch 312: Time: 0.0308 Cost: 0.0661 Pre: 1.0000 Re: 1.0000 Acc: 1.0000 F1: 1.0000
Epoch 313: Time: 0.0303 Cost: 0.0654 Pre: 1.0000 Re: 1.0000 Acc: 1.0000 F1: 1.0000
Epoch 314: Time: 0.0303 Cost: 0.0650 Pre: 1.0000 Re: 1.0000 Acc: 1.0000 F1: 1.0000
Epoch 315: Time: 0.0302 Cost: 0.0650 Pre: 1.0000 Re: 1.0000 Acc: 1.0000 F1: 1.0000
Epoch 316: Time: 0.0308 Cost: 0.0673 Pre: 1.0000 Re: 1.0000 Acc: 1.0000 F1: 1.0000
Epoch 317: Time: 0.0307 Cost: 0.0703 Pre: 1.0000 Re: 1.0000 Acc: 1.0000 F1: 1.0000
Epoch 318: Time: 0.0308 Cost: 0.0696 Pre: 1.0000 Re: 1.0000 Acc: 1.0000 F1: 1.0000
Epoch 319: Time: 0.0321 Cost: 0.0635 Pre: 1.0000 Re: 1.0000 Acc: 1.0000 F1: 1.0000
Epoch 320: Time: 0.0309 Cost: 0.0625 Pre: 1.0000 Re: 1.0000 Acc: 1.0000 F1: 1.0000


--------------------------------------------------------------------
Eval results: Cost:0.0247 Pre:1.0000 Re:1.0000 Acc:1.0000 F1:1.0000
--------------------------------------------------------------------

Epoch 321: Time: 0.0303 Cost: 0.0631 Pre: 1.0000 Re: 1.0000 Acc: 1.0000 F1: 1.0000
Epoch 322: Time: 0.0303 Cost: 0.0610 Pre: 1.0000 Re: 1.0000 Acc: 1.0000 F1: 1.0000
Epoch 323: Time: 0.0303 Cost: 0.0598 Pre: 1.0000 Re: 1.0000 Acc: 1.0000 F1: 1.0000
Epoch 324: Time: 0.0306 Cost: 0.0602 Pre: 1.0000 Re: 1.0000 Acc: 1.0000 F1: 1.0000
Epoch 325: Time: 0.0304 Cost: 0.0592 Pre: 1.0000 Re: 1.0000 Acc: 1.0000 F1: 1.0000
Epoch 326: Time: 0.0302 Cost: 0.0581 Pre: 1.0000 Re: 1.0000 Acc: 1.0000 F1: 1.0000
Epoch 327: Time: 0.0310 Cost: 0.0579 Pre: 1.0000 Re: 1.0000 Acc: 1.0000 F1: 1.0000
Epoch 328: Time: 0.0316 Cost: 0.0574 Pre: 1.0000 Re: 1.0000 Acc: 1.0000 F1: 1.0000
Epoch 329: Time: 0.0303 Cost: 0.0569 Pre: 1.0000 Re: 1.0000 Acc: 1.0000 F1: 1.0000
Epoch 330: Time: 0.0308 Cost: 0.0562 Pre: 1.0000 Re: 1.0000 Acc: 1.0000 F1: 1.0000


--------------------------------------------------------------------
Eval results: Cost:0.0215 Pre:1.0000 Re:1.0000 Acc:1.0000 F1:1.0000
--------------------------------------------------------------------

Epoch 331: Time: 0.0310 Cost: 0.0556 Pre: 1.0000 Re: 1.0000 Acc: 1.0000 F1: 1.0000
Epoch 332: Time: 0.0302 Cost: 0.0551 Pre: 1.0000 Re: 1.0000 Acc: 1.0000 F1: 1.0000
Epoch 333: Time: 0.0309 Cost: 0.0546 Pre: 1.0000 Re: 1.0000 Acc: 1.0000 F1: 1.0000
Epoch 334: Time: 0.0304 Cost: 0.0542 Pre: 1.0000 Re: 1.0000 Acc: 1.0000 F1: 1.0000
Epoch 335: Time: 0.0303 Cost: 0.0538 Pre: 1.0000 Re: 1.0000 Acc: 1.0000 F1: 1.0000
Epoch 336: Time: 0.0302 Cost: 0.0538 Pre: 1.0000 Re: 1.0000 Acc: 1.0000 F1: 1.0000
Epoch 337: Time: 0.0305 Cost: 0.0541 Pre: 1.0000 Re: 1.0000 Acc: 1.0000 F1: 1.0000
Epoch 338: Time: 0.0302 Cost: 0.0551 Pre: 1.0000 Re: 1.0000 Acc: 1.0000 F1: 1.0000
Epoch 339: Time: 0.0303 Cost: 0.0546 Pre: 1.0000 Re: 1.0000 Acc: 1.0000 F1: 1.0000
Epoch 340: Time: 0.0301 Cost: 0.0525 Pre: 1.0000 Re: 1.0000 Acc: 1.0000 F1: 1.0000


--------------------------------------------------------------------
Eval results: Cost:0.0197 Pre:1.0000 Re:1.0000 Acc:1.0000 F1:1.0000
--------------------------------------------------------------------

Epoch 341: Time: 0.0303 Cost: 0.0508 Pre: 1.0000 Re: 1.0000 Acc: 1.0000 F1: 1.0000
Epoch 342: Time: 0.0305 Cost: 0.0505 Pre: 1.0000 Re: 1.0000 Acc: 1.0000 F1: 1.0000
Epoch 343: Time: 0.0304 Cost: 0.0507 Pre: 1.0000 Re: 1.0000 Acc: 1.0000 F1: 1.0000
Epoch 344: Time: 0.0303 Cost: 0.0500 Pre: 1.0000 Re: 1.0000 Acc: 1.0000 F1: 1.0000
Epoch 345: Time: 0.0302 Cost: 0.0491 Pre: 1.0000 Re: 1.0000 Acc: 1.0000 F1: 1.0000
Epoch 346: Time: 0.0303 Cost: 0.0484 Pre: 1.0000 Re: 1.0000 Acc: 1.0000 F1: 1.0000
Epoch 347: Time: 0.0304 Cost: 0.0479 Pre: 1.0000 Re: 1.0000 Acc: 1.0000 F1: 1.0000
Epoch 348: Time: 0.0307 Cost: 0.0477 Pre: 1.0000 Re: 1.0000 Acc: 1.0000 F1: 1.0000
Epoch 349: Time: 0.0321 Cost: 0.0473 Pre: 1.0000 Re: 1.0000 Acc: 1.0000 F1: 1.0000
Epoch 350: Time: 0.0314 Cost: 0.0470 Pre: 1.0000 Re: 1.0000 Acc: 1.0000 F1: 1.0000


--------------------------------------------------------------------
Eval results: Cost:0.0182 Pre:1.0000 Re:1.0000 Acc:1.0000 F1:1.0000
--------------------------------------------------------------------

Epoch 351: Time: 0.0303 Cost: 0.0466 Pre: 1.0000 Re: 1.0000 Acc: 1.0000 F1: 1.0000
Epoch 352: Time: 0.0305 Cost: 0.0464 Pre: 1.0000 Re: 1.0000 Acc: 1.0000 F1: 1.0000
Epoch 353: Time: 0.0303 Cost: 0.0460 Pre: 1.0000 Re: 1.0000 Acc: 1.0000 F1: 1.0000
Epoch 354: Time: 0.0306 Cost: 0.0457 Pre: 1.0000 Re: 1.0000 Acc: 1.0000 F1: 1.0000
Epoch 355: Time: 0.0304 Cost: 0.0452 Pre: 1.0000 Re: 1.0000 Acc: 1.0000 F1: 1.0000
Epoch 356: Time: 0.0303 Cost: 0.0447 Pre: 1.0000 Re: 1.0000 Acc: 1.0000 F1: 1.0000
Epoch 357: Time: 0.0311 Cost: 0.0440 Pre: 1.0000 Re: 1.0000 Acc: 1.0000 F1: 1.0000
Epoch 358: Time: 0.0309 Cost: 0.0435 Pre: 1.0000 Re: 1.0000 Acc: 1.0000 F1: 1.0000
Epoch 359: Time: 0.0304 Cost: 0.0429 Pre: 1.0000 Re: 1.0000 Acc: 1.0000 F1: 1.0000
Epoch 360: Time: 0.0302 Cost: 0.0425 Pre: 1.0000 Re: 1.0000 Acc: 1.0000 F1: 1.0000


--------------------------------------------------------------------
Eval results: Cost:0.0164 Pre:1.0000 Re:1.0000 Acc:1.0000 F1:1.0000
--------------------------------------------------------------------

Epoch 361: Time: 0.0306 Cost: 0.0421 Pre: 1.0000 Re: 1.0000 Acc: 1.0000 F1: 1.0000
Epoch 362: Time: 0.0306 Cost: 0.0417 Pre: 1.0000 Re: 1.0000 Acc: 1.0000 F1: 1.0000
Epoch 363: Time: 0.0319 Cost: 0.0413 Pre: 1.0000 Re: 1.0000 Acc: 1.0000 F1: 1.0000
Epoch 364: Time: 0.0308 Cost: 0.0409 Pre: 1.0000 Re: 1.0000 Acc: 1.0000 F1: 1.0000
Epoch 365: Time: 0.0304 Cost: 0.0405 Pre: 1.0000 Re: 1.0000 Acc: 1.0000 F1: 1.0000
Epoch 366: Time: 0.0302 Cost: 0.0401 Pre: 1.0000 Re: 1.0000 Acc: 1.0000 F1: 1.0000
Epoch 367: Time: 0.0302 Cost: 0.0398 Pre: 1.0000 Re: 1.0000 Acc: 1.0000 F1: 1.0000
Epoch 368: Time: 0.0303 Cost: 0.0394 Pre: 1.0000 Re: 1.0000 Acc: 1.0000 F1: 1.0000
Epoch 369: Time: 0.0303 Cost: 0.0390 Pre: 1.0000 Re: 1.0000 Acc: 1.0000 F1: 1.0000
Epoch 370: Time: 0.0302 Cost: 0.0388 Pre: 1.0000 Re: 1.0000 Acc: 1.0000 F1: 1.0000


--------------------------------------------------------------------
Eval results: Cost:0.0151 Pre:1.0000 Re:1.0000 Acc:1.0000 F1:1.0000
--------------------------------------------------------------------

Epoch 371: Time: 0.0303 Cost: 0.0390 Pre: 1.0000 Re: 1.0000 Acc: 1.0000 F1: 1.0000
Epoch 372: Time: 0.0307 Cost: 0.0402 Pre: 1.0000 Re: 1.0000 Acc: 1.0000 F1: 1.0000
Epoch 373: Time: 0.0304 Cost: 0.0414 Pre: 1.0000 Re: 1.0000 Acc: 1.0000 F1: 1.0000
Epoch 374: Time: 0.0303 Cost: 0.0402 Pre: 1.0000 Re: 1.0000 Acc: 1.0000 F1: 1.0000
Epoch 375: Time: 0.0302 Cost: 0.0375 Pre: 1.0000 Re: 1.0000 Acc: 1.0000 F1: 1.0000
Epoch 376: Time: 0.0302 Cost: 0.0371 Pre: 1.0000 Re: 1.0000 Acc: 1.0000 F1: 1.0000
Epoch 377: Time: 0.0304 Cost: 0.0374 Pre: 1.0000 Re: 1.0000 Acc: 1.0000 F1: 1.0000
Epoch 378: Time: 0.0320 Cost: 0.0364 Pre: 1.0000 Re: 1.0000 Acc: 1.0000 F1: 1.0000
Epoch 379: Time: 0.0315 Cost: 0.0357 Pre: 1.0000 Re: 1.0000 Acc: 1.0000 F1: 1.0000
Epoch 380: Time: 0.0308 Cost: 0.0358 Pre: 1.0000 Re: 1.0000 Acc: 1.0000 F1: 1.0000


--------------------------------------------------------------------
Eval results: Cost:0.0139 Pre:1.0000 Re:1.0000 Acc:1.0000 F1:1.0000
--------------------------------------------------------------------

Epoch 381: Time: 0.0303 Cost: 0.0354 Pre: 1.0000 Re: 1.0000 Acc: 1.0000 F1: 1.0000
Epoch 382: Time: 0.0303 Cost: 0.0349 Pre: 1.0000 Re: 1.0000 Acc: 1.0000 F1: 1.0000
Epoch 383: Time: 0.0308 Cost: 0.0345 Pre: 1.0000 Re: 1.0000 Acc: 1.0000 F1: 1.0000
Epoch 384: Time: 0.0304 Cost: 0.0343 Pre: 1.0000 Re: 1.0000 Acc: 1.0000 F1: 1.0000
Epoch 385: Time: 0.0307 Cost: 0.0341 Pre: 1.0000 Re: 1.0000 Acc: 1.0000 F1: 1.0000
Epoch 386: Time: 0.0303 Cost: 0.0337 Pre: 1.0000 Re: 1.0000 Acc: 1.0000 F1: 1.0000
Epoch 387: Time: 0.0309 Cost: 0.0334 Pre: 1.0000 Re: 1.0000 Acc: 1.0000 F1: 1.0000
Epoch 388: Time: 0.0308 Cost: 0.0331 Pre: 1.0000 Re: 1.0000 Acc: 1.0000 F1: 1.0000
Epoch 389: Time: 0.0304 Cost: 0.0328 Pre: 1.0000 Re: 1.0000 Acc: 1.0000 F1: 1.0000
Epoch 390: Time: 0.0303 Cost: 0.0325 Pre: 1.0000 Re: 1.0000 Acc: 1.0000 F1: 1.0000


--------------------------------------------------------------------
Eval results: Cost:0.0126 Pre:1.0000 Re:1.0000 Acc:1.0000 F1:1.0000
--------------------------------------------------------------------

Epoch 391: Time: 0.0307 Cost: 0.0322 Pre: 1.0000 Re: 1.0000 Acc: 1.0000 F1: 1.0000
Epoch 392: Time: 0.0306 Cost: 0.0320 Pre: 1.0000 Re: 1.0000 Acc: 1.0000 F1: 1.0000
Epoch 393: Time: 0.0316 Cost: 0.0317 Pre: 1.0000 Re: 1.0000 Acc: 1.0000 F1: 1.0000
Epoch 394: Time: 0.0303 Cost: 0.0315 Pre: 1.0000 Re: 1.0000 Acc: 1.0000 F1: 1.0000
Epoch 395: Time: 0.0304 Cost: 0.0312 Pre: 1.0000 Re: 1.0000 Acc: 1.0000 F1: 1.0000
Epoch 396: Time: 0.0302 Cost: 0.0312 Pre: 1.0000 Re: 1.0000 Acc: 1.0000 F1: 1.0000
Epoch 397: Time: 0.0303 Cost: 0.0311 Pre: 1.0000 Re: 1.0000 Acc: 1.0000 F1: 1.0000
Epoch 398: Time: 0.0308 Cost: 0.0313 Pre: 1.0000 Re: 1.0000 Acc: 1.0000 F1: 1.0000
Epoch 399: Time: 0.0302 Cost: 0.0311 Pre: 1.0000 Re: 1.0000 Acc: 1.0000 F1: 1.0000
Epoch 400: Time: 0.0303 Cost: 0.0305 Pre: 1.0000 Re: 1.0000 Acc: 1.0000 F1: 1.0000


--------------------------------------------------------------------
Eval results: Cost:0.0117 Pre:1.0000 Re:1.0000 Acc:1.0000 F1:1.0000
--------------------------------------------------------------------

Epoch 401: Time: 0.0307 Cost: 0.0297 Pre: 1.0000 Re: 1.0000 Acc: 1.0000 F1: 1.0000
Epoch 402: Time: 0.0306 Cost: 0.0293 Pre: 1.0000 Re: 1.0000 Acc: 1.0000 F1: 1.0000
Epoch 403: Time: 0.0303 Cost: 0.0292 Pre: 1.0000 Re: 1.0000 Acc: 1.0000 F1: 1.0000
Epoch 404: Time: 0.0304 Cost: 0.0290 Pre: 1.0000 Re: 1.0000 Acc: 1.0000 F1: 1.0000
Epoch 405: Time: 0.0302 Cost: 0.0288 Pre: 1.0000 Re: 1.0000 Acc: 1.0000 F1: 1.0000
Epoch 406: Time: 0.0301 Cost: 0.0285 Pre: 1.0000 Re: 1.0000 Acc: 1.0000 F1: 1.0000
Epoch 407: Time: 0.0302 Cost: 0.0282 Pre: 1.0000 Re: 1.0000 Acc: 1.0000 F1: 1.0000
Epoch 408: Time: 0.0331 Cost: 0.0279 Pre: 1.0000 Re: 1.0000 Acc: 1.0000 F1: 1.0000
Epoch 409: Time: 0.0309 Cost: 0.0276 Pre: 1.0000 Re: 1.0000 Acc: 1.0000 F1: 1.0000
Epoch 410: Time: 0.0317 Cost: 0.0274 Pre: 1.0000 Re: 1.0000 Acc: 1.0000 F1: 1.0000


--------------------------------------------------------------------
Eval results: Cost:0.0107 Pre:1.0000 Re:1.0000 Acc:1.0000 F1:1.0000
--------------------------------------------------------------------

Epoch 411: Time: 0.0303 Cost: 0.0272 Pre: 1.0000 Re: 1.0000 Acc: 1.0000 F1: 1.0000
Epoch 412: Time: 0.0304 Cost: 0.0270 Pre: 1.0000 Re: 1.0000 Acc: 1.0000 F1: 1.0000
Epoch 413: Time: 0.0306 Cost: 0.0268 Pre: 1.0000 Re: 1.0000 Acc: 1.0000 F1: 1.0000
Epoch 414: Time: 0.0302 Cost: 0.0266 Pre: 1.0000 Re: 1.0000 Acc: 1.0000 F1: 1.0000
Epoch 415: Time: 0.0302 Cost: 0.0264 Pre: 1.0000 Re: 1.0000 Acc: 1.0000 F1: 1.0000
Epoch 416: Time: 0.0301 Cost: 0.0263 Pre: 1.0000 Re: 1.0000 Acc: 1.0000 F1: 1.0000
Epoch 417: Time: 0.0318 Cost: 0.0261 Pre: 1.0000 Re: 1.0000 Acc: 1.0000 F1: 1.0000
Epoch 418: Time: 0.0304 Cost: 0.0259 Pre: 1.0000 Re: 1.0000 Acc: 1.0000 F1: 1.0000
Epoch 419: Time: 0.0304 Cost: 0.0257 Pre: 1.0000 Re: 1.0000 Acc: 1.0000 F1: 1.0000
Epoch 420: Time: 0.0308 Cost: 0.0254 Pre: 1.0000 Re: 1.0000 Acc: 1.0000 F1: 1.0000


--------------------------------------------------------------------
Eval results: Cost:0.0099 Pre:1.0000 Re:1.0000 Acc:1.0000 F1:1.0000
--------------------------------------------------------------------

Epoch 421: Time: 0.0303 Cost: 0.0251 Pre: 1.0000 Re: 1.0000 Acc: 1.0000 F1: 1.0000
Epoch 422: Time: 0.0315 Cost: 0.0249 Pre: 1.0000 Re: 1.0000 Acc: 1.0000 F1: 1.0000
Epoch 423: Time: 0.0304 Cost: 0.0247 Pre: 1.0000 Re: 1.0000 Acc: 1.0000 F1: 1.0000
Epoch 424: Time: 0.0301 Cost: 0.0244 Pre: 1.0000 Re: 1.0000 Acc: 1.0000 F1: 1.0000
Epoch 425: Time: 0.0302 Cost: 0.0242 Pre: 1.0000 Re: 1.0000 Acc: 1.0000 F1: 1.0000
Epoch 426: Time: 0.0303 Cost: 0.0241 Pre: 1.0000 Re: 1.0000 Acc: 1.0000 F1: 1.0000
Epoch 427: Time: 0.0304 Cost: 0.0239 Pre: 1.0000 Re: 1.0000 Acc: 1.0000 F1: 1.0000
Epoch 428: Time: 0.0301 Cost: 0.0237 Pre: 1.0000 Re: 1.0000 Acc: 1.0000 F1: 1.0000
Epoch 429: Time: 0.0303 Cost: 0.0235 Pre: 1.0000 Re: 1.0000 Acc: 1.0000 F1: 1.0000
Epoch 430: Time: 0.0301 Cost: 0.0233 Pre: 1.0000 Re: 1.0000 Acc: 1.0000 F1: 1.0000


--------------------------------------------------------------------
Eval results: Cost:0.0091 Pre:1.0000 Re:1.0000 Acc:1.0000 F1:1.0000
--------------------------------------------------------------------

Epoch 431: Time: 0.0306 Cost: 0.0232 Pre: 1.0000 Re: 1.0000 Acc: 1.0000 F1: 1.0000
Epoch 432: Time: 0.0309 Cost: 0.0230 Pre: 1.0000 Re: 1.0000 Acc: 1.0000 F1: 1.0000
Epoch 433: Time: 0.0302 Cost: 0.0228 Pre: 1.0000 Re: 1.0000 Acc: 1.0000 F1: 1.0000
Epoch 434: Time: 0.0301 Cost: 0.0227 Pre: 1.0000 Re: 1.0000 Acc: 1.0000 F1: 1.0000
Epoch 435: Time: 0.0305 Cost: 0.0225 Pre: 1.0000 Re: 1.0000 Acc: 1.0000 F1: 1.0000
Epoch 436: Time: 0.0305 Cost: 0.0224 Pre: 1.0000 Re: 1.0000 Acc: 1.0000 F1: 1.0000
Epoch 437: Time: 0.0302 Cost: 0.0222 Pre: 1.0000 Re: 1.0000 Acc: 1.0000 F1: 1.0000
Epoch 438: Time: 0.0326 Cost: 0.0220 Pre: 1.0000 Re: 1.0000 Acc: 1.0000 F1: 1.0000
Epoch 439: Time: 0.0311 Cost: 0.0218 Pre: 1.0000 Re: 1.0000 Acc: 1.0000 F1: 1.0000
Epoch 440: Time: 0.0307 Cost: 0.0216 Pre: 1.0000 Re: 1.0000 Acc: 1.0000 F1: 1.0000


--------------------------------------------------------------------
Eval results: Cost:0.0084 Pre:1.0000 Re:1.0000 Acc:1.0000 F1:1.0000
--------------------------------------------------------------------

Epoch 441: Time: 0.0306 Cost: 0.0214 Pre: 1.0000 Re: 1.0000 Acc: 1.0000 F1: 1.0000
Epoch 442: Time: 0.0304 Cost: 0.0213 Pre: 1.0000 Re: 1.0000 Acc: 1.0000 F1: 1.0000
Epoch 443: Time: 0.0322 Cost: 0.0211 Pre: 1.0000 Re: 1.0000 Acc: 1.0000 F1: 1.0000
Epoch 444: Time: 0.0310 Cost: 0.0209 Pre: 1.0000 Re: 1.0000 Acc: 1.0000 F1: 1.0000
Epoch 445: Time: 0.0373 Cost: 0.0208 Pre: 1.0000 Re: 1.0000 Acc: 1.0000 F1: 1.0000
Epoch 446: Time: 0.0350 Cost: 0.0206 Pre: 1.0000 Re: 1.0000 Acc: 1.0000 F1: 1.0000
Epoch 447: Time: 0.0397 Cost: 0.0205 Pre: 1.0000 Re: 1.0000 Acc: 1.0000 F1: 1.0000
Epoch 448: Time: 0.0308 Cost: 0.0203 Pre: 1.0000 Re: 1.0000 Acc: 1.0000 F1: 1.0000
Epoch 449: Time: 0.0303 Cost: 0.0202 Pre: 1.0000 Re: 1.0000 Acc: 1.0000 F1: 1.0000
Epoch 450: Time: 0.0367 Cost: 0.0200 Pre: 1.0000 Re: 1.0000 Acc: 1.0000 F1: 1.0000


--------------------------------------------------------------------
Eval results: Cost:0.0078 Pre:1.0000 Re:1.0000 Acc:1.0000 F1:1.0000
--------------------------------------------------------------------

Epoch 451: Time: 0.0329 Cost: 0.0199 Pre: 1.0000 Re: 1.0000 Acc: 1.0000 F1: 1.0000
Epoch 452: Time: 0.0307 Cost: 0.0198 Pre: 1.0000 Re: 1.0000 Acc: 1.0000 F1: 1.0000
Epoch 453: Time: 0.0302 Cost: 0.0196 Pre: 1.0000 Re: 1.0000 Acc: 1.0000 F1: 1.0000
Epoch 454: Time: 0.0303 Cost: 0.0195 Pre: 1.0000 Re: 1.0000 Acc: 1.0000 F1: 1.0000
Epoch 455: Time: 0.0306 Cost: 0.0193 Pre: 1.0000 Re: 1.0000 Acc: 1.0000 F1: 1.0000
Epoch 456: Time: 0.0307 Cost: 0.0192 Pre: 1.0000 Re: 1.0000 Acc: 1.0000 F1: 1.0000
Epoch 457: Time: 0.0302 Cost: 0.0191 Pre: 1.0000 Re: 1.0000 Acc: 1.0000 F1: 1.0000
Epoch 458: Time: 0.0302 Cost: 0.0189 Pre: 1.0000 Re: 1.0000 Acc: 1.0000 F1: 1.0000
Epoch 459: Time: 0.0303 Cost: 0.0188 Pre: 1.0000 Re: 1.0000 Acc: 1.0000 F1: 1.0000
Epoch 460: Time: 0.0302 Cost: 0.0187 Pre: 1.0000 Re: 1.0000 Acc: 1.0000 F1: 1.0000


--------------------------------------------------------------------
Eval results: Cost:0.0073 Pre:1.0000 Re:1.0000 Acc:1.0000 F1:1.0000
--------------------------------------------------------------------

Epoch 461: Time: 0.0307 Cost: 0.0185 Pre: 1.0000 Re: 1.0000 Acc: 1.0000 F1: 1.0000
Epoch 462: Time: 0.0301 Cost: 0.0184 Pre: 1.0000 Re: 1.0000 Acc: 1.0000 F1: 1.0000
Epoch 463: Time: 0.0302 Cost: 0.0183 Pre: 1.0000 Re: 1.0000 Acc: 1.0000 F1: 1.0000
Epoch 464: Time: 0.0312 Cost: 0.0182 Pre: 1.0000 Re: 1.0000 Acc: 1.0000 F1: 1.0000
Epoch 465: Time: 0.0302 Cost: 0.0180 Pre: 1.0000 Re: 1.0000 Acc: 1.0000 F1: 1.0000
Epoch 466: Time: 0.0320 Cost: 0.0179 Pre: 1.0000 Re: 1.0000 Acc: 1.0000 F1: 1.0000
Epoch 467: Time: 0.0318 Cost: 0.0178 Pre: 1.0000 Re: 1.0000 Acc: 1.0000 F1: 1.0000
Epoch 468: Time: 0.0311 Cost: 0.0177 Pre: 1.0000 Re: 1.0000 Acc: 1.0000 F1: 1.0000
Epoch 469: Time: 0.0306 Cost: 0.0175 Pre: 1.0000 Re: 1.0000 Acc: 1.0000 F1: 1.0000
Epoch 470: Time: 0.0301 Cost: 0.0174 Pre: 1.0000 Re: 1.0000 Acc: 1.0000 F1: 1.0000


--------------------------------------------------------------------
Eval results: Cost:0.0068 Pre:1.0000 Re:1.0000 Acc:1.0000 F1:1.0000
--------------------------------------------------------------------

Epoch 471: Time: 0.0303 Cost: 0.0173 Pre: 1.0000 Re: 1.0000 Acc: 1.0000 F1: 1.0000
Epoch 472: Time: 0.0302 Cost: 0.0172 Pre: 1.0000 Re: 1.0000 Acc: 1.0000 F1: 1.0000
Epoch 473: Time: 0.0304 Cost: 0.0171 Pre: 1.0000 Re: 1.0000 Acc: 1.0000 F1: 1.0000
Epoch 474: Time: 0.0301 Cost: 0.0170 Pre: 1.0000 Re: 1.0000 Acc: 1.0000 F1: 1.0000
Epoch 475: Time: 0.0313 Cost: 0.0169 Pre: 1.0000 Re: 1.0000 Acc: 1.0000 F1: 1.0000
Epoch 476: Time: 0.0306 Cost: 0.0168 Pre: 1.0000 Re: 1.0000 Acc: 1.0000 F1: 1.0000
Epoch 477: Time: 0.0308 Cost: 0.0167 Pre: 1.0000 Re: 1.0000 Acc: 1.0000 F1: 1.0000
Epoch 478: Time: 0.0301 Cost: 0.0165 Pre: 1.0000 Re: 1.0000 Acc: 1.0000 F1: 1.0000
Epoch 479: Time: 0.0302 Cost: 0.0164 Pre: 1.0000 Re: 1.0000 Acc: 1.0000 F1: 1.0000
Epoch 480: Time: 0.0304 Cost: 0.0163 Pre: 1.0000 Re: 1.0000 Acc: 1.0000 F1: 1.0000


--------------------------------------------------------------------
Eval results: Cost:0.0064 Pre:1.0000 Re:1.0000 Acc:1.0000 F1:1.0000
--------------------------------------------------------------------

Early stopping...
--------------------------------------------------------------------
--------------------------------------------------------------------
Test 458 samples take time: 0.1122
Test results: Cost:0.0073 Pre:1.0000 Re:1.0000 Acc:1.0000 F1:1.0000
--------------------------------------------------------------------

