G:g3, model:SRN sigmoid, load all data and stored hidden activations


--------------------------------------------------------------------
Begin DFA extraction with n_state:2
Done fitting takes time: 0.3309
==Minimized===

This DFA has 1 states
States: ['2']
Alphabet: set(['1', '0'])
Starting state: 2
Accepting states: []
Transition function:
	2
1 	2
0 	2
Current state: 2
Currently accepting: False

Precision: 0.0000 Recall: 0.0000 Accuracy: 0.5422 F1: 0.0000


--------------------------------------------------------------------
Begin DFA extraction with n_state:3
Done fitting takes time: 0.2160
==Minimized===

This DFA has 1 states
States: ['2']
Alphabet: set(['1', '0'])
Starting state: 2
Accepting states: []
Transition function:
	2
1 	2
0 	2
Current state: 2
Currently accepting: False

Precision: 0.0000 Recall: 0.0000 Accuracy: 0.5422 F1: 0.0000


--------------------------------------------------------------------
Begin DFA extraction with n_state:4
Done fitting takes time: 0.5311
==Minimized===

This DFA has 1 states
States: ['2']
Alphabet: set(['1', '0'])
Starting state: 2
Accepting states: ['2']
Transition function:
	2
1 	2
0 	2
Current state: 2
Currently accepting: True

Precision: 0.4578 Recall: 1.0000 Accuracy: 0.4578 F1: 0.6280


--------------------------------------------------------------------
Begin DFA extraction with n_state:5
Done fitting takes time: 0.2095
==Minimized===

This DFA has 1 states
States: ['2']
Alphabet: set(['1', '0'])
Starting state: 2
Accepting states: ['2']
Transition function:
	2
1 	2
0 	2
Current state: 2
Currently accepting: True

Precision: 0.4578 Recall: 1.0000 Accuracy: 0.4578 F1: 0.6280


--------------------------------------------------------------------
Begin DFA extraction with n_state:6
Done fitting takes time: 0.2075
==Minimized===

This DFA has 1 states
States: ['2']
Alphabet: set(['1', '0'])
Starting state: 2
Accepting states: ['2']
Transition function:
	2
1 	2
0 	2
Current state: 2
Currently accepting: True

Precision: 0.4578 Recall: 1.0000 Accuracy: 0.4578 F1: 0.6280


--------------------------------------------------------------------
Begin DFA extraction with n_state:7
Done fitting takes time: 0.3803
==Minimized===

This DFA has 1 states
States: ['2']
Alphabet: set(['1', '0'])
Starting state: 2
Accepting states: ['2']
Transition function:
	2
1 	2
0 	2
Current state: 2
Currently accepting: True

Precision: 0.4578 Recall: 1.0000 Accuracy: 0.4578 F1: 0.6280


--------------------------------------------------------------------
Begin DFA extraction with n_state:8
Done fitting takes time: 0.3875
==Minimized===

This DFA has 6 states
States: ['7', '6', '1', '8', '2', '5']
Alphabet: set(['1', '0'])
Starting state: 5
Accepting states: ['2', '5', '7', '6']
Transition function:
	1	2	5	6	7	8
1 	1	6	7	2	7	1
0 	1	2	2	8	8	5
Current state: 5
Currently accepting: True

Precision: 0.8543 Recall: 0.8573 Accuracy: 0.8677 F1: 0.8558


--------------------------------------------------------------------
Begin DFA extraction with n_state:9
Done fitting takes time: 0.5757
==Minimized===

This DFA has 6 states
States: ['2', '9', '6', '5', '1', '8']
Alphabet: set(['1', '0'])
Starting state: 5
Accepting states: ['9', '2', '6']
Transition function:
	1	2	5	6	8	9
1 	1	6	6	2	1	9
0 	1	2	2	8	9	8
Current state: 5
Currently accepting: False

Precision: 1.0000 Recall: 1.0000 Accuracy: 1.0000 F1: 1.0000


--------------------------------------------------------------------
Begin DFA extraction with n_state:10
Done fitting takes time: 0.6017
==Minimized===

This DFA has 6 states
States: ['2', '10', '6', '5', '1', '8']
Alphabet: set(['1', '0'])
Starting state: 5
Accepting states: ['10', '2', '6']
Transition function:
	1	10	2	5	6	8
1 	1	10	6	6	2	1
0 	1	8	2	2	8	10
Current state: 5
Currently accepting: False

Precision: 1.0000 Recall: 1.0000 Accuracy: 1.0000 F1: 1.0000


--------------------------------------------------------------------
Begin DFA extraction with n_state:11
Done fitting takes time: 0.2694
==Minimized===

This DFA has 6 states
States: ['2', '11', '10', '5', '1', '8']
Alphabet: set(['1', '0'])
Starting state: 5
Accepting states: ['11', '10', '2']
Transition function:
	1	10	11	2	5	8
1 	1	10	2	11	11	1
0 	1	8	8	2	2	10
Current state: 5
Currently accepting: False

Precision: 1.0000 Recall: 1.0000 Accuracy: 1.0000 F1: 1.0000


--------------------------------------------------------------------
Begin DFA extraction with n_state:12
Done fitting takes time: 0.3975
==Minimized===

This DFA has 7 states
States: ['12', '11', '10', '2', '5', '1', '8']
Alphabet: set(['1', '0'])
Starting state: 5
Accepting states: ['11', '10', '12', '2']
Transition function:
	1	10	11	12	2	5	8
1 	1	10	2	1	11	11	1
0 	1	12	8	10	2	2	10
Current state: 5
Currently accepting: False

Precision: 0.9258 Recall: 1.0000 Accuracy: 0.9633 F1: 0.9615


--------------------------------------------------------------------
Begin DFA extraction with n_state:13
Done fitting takes time: 0.2303
==Minimized===

This DFA has 7 states
States: ['12', '11', '10', '13', '5', '1', '8']
Alphabet: set(['1', '0'])
Starting state: 5
Accepting states: ['11', '10', '13', '12']
Transition function:
	1	10	11	12	13	5	8
1 	1	10	13	1	11	11	1
0 	1	12	8	10	13	13	10
Current state: 5
Currently accepting: False

Precision: 0.9258 Recall: 1.0000 Accuracy: 0.9633 F1: 0.9615


--------------------------------------------------------------------
Begin DFA extraction with n_state:14
Done fitting takes time: 0.2250
==Minimized===

This DFA has 7 states
States: ['12', '11', '10', '13', '5', '14', '1']
Alphabet: set(['1', '0'])
Starting state: 5
Accepting states: ['11', '10', '13', '12']
Transition function:
	1	10	11	12	13	14	5
1 	1	10	13	1	11	1	11
0 	1	12	14	10	13	10	13
Current state: 5
Currently accepting: False

Precision: 0.9258 Recall: 1.0000 Accuracy: 0.9633 F1: 0.9615


--------------------------------------------------------------------
Begin DFA extraction with n_state:15
Done fitting takes time: 0.2281
==Minimized===

This DFA has 7 states
States: ['12', '11', '10', '13', '5', '15', '14']
Alphabet: set(['1', '0'])
Starting state: 5
Accepting states: ['11', '10', '13', '12']
Transition function:
	10	11	12	13	14	15	5
1 	10	13	15	11	15	15	11
0 	12	14	10	13	10	15	13
Current state: 5
Currently accepting: False

Precision: 0.9258 Recall: 1.0000 Accuracy: 0.9633 F1: 0.9615


--------------------------------------------------------------------
Begin DFA extraction with n_state:16
Done fitting takes time: 0.3209
==Minimized===

This DFA has 7 states
States: ['12', '11', '10', '13', '5', '15', '14']
Alphabet: set(['1', '0'])
Starting state: 5
Accepting states: ['11', '10', '13', '12']
Transition function:
	10	11	12	13	14	15	5
1 	10	13	15	11	15	15	11
0 	12	14	10	13	10	15	13
Current state: 5
Currently accepting: False

Precision: 0.9258 Recall: 1.0000 Accuracy: 0.9633 F1: 0.9615


--------------------------------------------------------------------
Begin DFA extraction with n_state:17
Done fitting takes time: 0.2461
==Minimized===

This DFA has 8 states
States: ['17', '13', '7', '5', '11', '10', '12', '15']
Alphabet: set(['1', '0'])
Starting state: 5
Accepting states: ['11', '10', '13', '17', '7']
Transition function:
	10	11	12	13	15	17	5	7
1 	7	13	15	11	15	15	11	7
0 	12	12	10	13	15	10	13	17
Current state: 5
Currently accepting: False

Precision: 0.9580 Recall: 1.0000 Accuracy: 0.9799 F1: 0.9785


--------------------------------------------------------------------
Begin DFA extraction with n_state:18
Done fitting takes time: 0.2413
==Minimized===

This DFA has 8 states
States: ['12', '11', '7', '5', '10', '13', '15', '14']
Alphabet: set(['1', '0'])
Starting state: 5
Accepting states: ['11', '10', '13', '12', '7']
Transition function:
	10	11	12	13	14	15	5	7
1 	7	13	15	11	15	15	11	7
0 	12	14	10	13	10	15	13	14
Current state: 5
Currently accepting: False

Precision: 0.9650 Recall: 1.0000 Accuracy: 0.9834 F1: 0.9822


--------------------------------------------------------------------
Begin DFA extraction with n_state:19
Done fitting takes time: 0.2464
==Minimized===

This DFA has 8 states
States: ['12', '11', '7', '5', '10', '13', '15', '14']
Alphabet: set(['1', '0'])
Starting state: 5
Accepting states: ['11', '10', '13', '12', '7']
Transition function:
	10	11	12	13	14	15	5	7
1 	7	13	15	11	15	15	11	7
0 	12	14	10	13	10	15	13	14
Current state: 5
Currently accepting: False

Precision: 0.9650 Recall: 1.0000 Accuracy: 0.9834 F1: 0.9822
[ 0.          0.          0.6280285   0.6280285   0.6280285   0.6280285
  0.85577649  1.          1.          1.          0.96145455  0.96145455
  0.96145455  0.96145455  0.96145455  0.97853442  0.98216939  0.98216939]


[[ 0.          0.          0.6280285   0.6280285   0.6280285   0.6280285
   0.85577649  1.          1.          1.          0.96145455  0.96145455
   0.96145455  0.96145455  0.96145455  0.97853442  0.98216939  0.98216939]
 [ 0.          0.          0.          0.          0.          0.          0.
   0.          0.          0.          0.          0.          0.          0.
   0.          0.          0.          0.        ]
 [ 0.          0.          0.          0.          0.          0.          0.
   0.          0.          0.          0.          0.          0.          0.
   0.          0.          0.          0.        ]
 [ 0.          0.          0.          0.          0.          0.          0.
   0.          0.          0.          0.          0.          0.          0.
   0.          0.          0.          0.        ]
 [ 0.          0.          0.          0.          0.          0.          0.
   0.          0.          0.          0.          0.          0.          0.
   0.          0.          0.          0.        ]
 [ 0.          0.          0.          0.          0.          0.          0.
   0.          0.          0.          0.          0.          0.          0.
   0.          0.          0.          0.        ]
 [ 0.          0.          0.          0.          0.          0.          0.
   0.          0.          0.          0.          0.          0.          0.
   0.          0.          0.          0.        ]
 [ 0.          0.          0.          0.          0.          0.          0.
   0.          0.          0.          0.          0.          0.          0.
   0.          0.          0.          0.        ]
 [ 0.          0.          0.          0.          0.          0.          0.
   0.          0.          0.          0.          0.          0.          0.
   0.          0.          0.          0.        ]]
