G:g3, model:MI tanh, load all data and stored hidden activations


--------------------------------------------------------------------
Begin DFA extraction with n_state:2
Done fitting takes time: 0.2534
==Minimized===

This DFA has 1 states
States: ['1']
Alphabet: set(['1', '0'])
Starting state: 1
Accepting states: []
Transition function:
	1
1 	1
0 	1
Current state: 1
Currently accepting: False

Precision: 0.0000 Recall: 0.0000 Accuracy: 0.5422 F1: 0.0000


--------------------------------------------------------------------
Begin DFA extraction with n_state:3
Done fitting takes time: 0.4556
==Minimized===

This DFA has 1 states
States: ['1']
Alphabet: set(['1', '0'])
Starting state: 1
Accepting states: []
Transition function:
	1
1 	1
0 	1
Current state: 1
Currently accepting: False

Precision: 0.0000 Recall: 0.0000 Accuracy: 0.5422 F1: 0.0000


--------------------------------------------------------------------
Begin DFA extraction with n_state:4
Done fitting takes time: 0.4918
==Minimized===

This DFA has 1 states
States: ['2']
Alphabet: set(['1', '0'])
Starting state: 2
Accepting states: ['2']
Transition function:
	2
1 	2
0 	2
Current state: 2
Currently accepting: True

Precision: 0.4578 Recall: 1.0000 Accuracy: 0.4578 F1: 0.6280


--------------------------------------------------------------------
Begin DFA extraction with n_state:5
Done fitting takes time: 0.4624
==Minimized===

This DFA has 3 states
States: ['1', '2', '4']
Alphabet: set(['1', '0'])
Starting state: 4
Accepting states: ['2', '4']
Transition function:
	1	2	4
1 	1	4	2
0 	1	2	1
Current state: 4
Currently accepting: True

Precision: 0.3962 Recall: 0.0530 Accuracy: 0.5295 F1: 0.0934


--------------------------------------------------------------------
Begin DFA extraction with n_state:6
Done fitting takes time: 0.5416
==Minimized===

This DFA has 3 states
States: ['1', '2', '4']
Alphabet: set(['1', '0'])
Starting state: 4
Accepting states: ['2', '4']
Transition function:
	1	2	4
1 	1	4	2
0 	1	2	1
Current state: 4
Currently accepting: True

Precision: 0.3962 Recall: 0.0530 Accuracy: 0.5295 F1: 0.0934


--------------------------------------------------------------------
Begin DFA extraction with n_state:7
Done fitting takes time: 0.4650
==Minimized===

This DFA has 3 states
States: ['1', '2', '7']
Alphabet: set(['1', '0'])
Starting state: 7
Accepting states: ['2', '7']
Transition function:
	1	2	7
1 	1	7	2
0 	1	2	1
Current state: 7
Currently accepting: True

Precision: 0.3962 Recall: 0.0530 Accuracy: 0.5295 F1: 0.0934


--------------------------------------------------------------------
Begin DFA extraction with n_state:8
Done fitting takes time: 0.5518
==Minimized===

This DFA has 5 states
States: ['1', '3', '4', '2', '5']
Alphabet: set(['1', '0'])
Starting state: 5
Accepting states: ['3', '2', '5', '4']
Transition function:
	1	2	3	4	5
1 	1	4	1	5	5
0 	1	2	1	3	2
Current state: 5
Currently accepting: True

Precision: 0.7141 Recall: 0.6299 Accuracy: 0.7151 F1: 0.6693


--------------------------------------------------------------------
Begin DFA extraction with n_state:9
Done fitting takes time: 0.4460
==Minimized===

This DFA has 5 states
States: ['7', '2', '4', '1', '9']
Alphabet: set(['1', '0'])
Starting state: 7
Accepting states: ['2', '4', '7']
Transition function:
	1	2	4	7	9
1 	1	4	2	9	4
0 	1	2	1	9	2
Current state: 7
Currently accepting: True

Precision: 0.8088 Recall: 0.3414 Accuracy: 0.6616 F1: 0.4801


--------------------------------------------------------------------
Begin DFA extraction with n_state:10
Done fitting takes time: 0.5922
==Minimized===

This DFA has 3 states
States: ['1', '10', '7']
Alphabet: set(['1', '0'])
Starting state: 7
Accepting states: ['10', '7']
Transition function:
	1	10	7
1 	1	7	10
0 	1	10	1
Current state: 7
Currently accepting: True

Precision: 0.3962 Recall: 0.0530 Accuracy: 0.5295 F1: 0.0934


--------------------------------------------------------------------
Begin DFA extraction with n_state:11
Done fitting takes time: 0.8543
==Minimized===

This DFA has 7 states
States: ['7', '10', '11', '4', '9', '1', '3']
Alphabet: set(['1', '0'])
Starting state: 7
Accepting states: ['11', '10', '4', '7']
Transition function:
	1	10	11	3	4	7	9
1 	1	4	4	1	10	9	10
0 	1	10	3	11	3	9	10
Current state: 7
Currently accepting: True

Precision: 0.8167 Recall: 0.8896 Accuracy: 0.8580 F1: 0.8516


--------------------------------------------------------------------
Begin DFA extraction with n_state:12
Done fitting takes time: 0.7754
==Minimized===

This DFA has 7 states
States: ['7', '10', '11', '4', '9', '1', '3']
Alphabet: set(['1', '0'])
Starting state: 7
Accepting states: ['11', '10', '4', '7']
Transition function:
	1	10	11	3	4	7	9
1 	1	4	4	1	10	9	10
0 	1	10	3	11	3	9	10
Current state: 7
Currently accepting: True

Precision: 0.8167 Recall: 0.8896 Accuracy: 0.8580 F1: 0.8516


--------------------------------------------------------------------
Begin DFA extraction with n_state:13
Done fitting takes time: 0.7096
==Minimized===

This DFA has 7 states
States: ['7', '10', '11', '4', '9', '12', '1']
Alphabet: set(['1', '0'])
Starting state: 7
Accepting states: ['11', '10', '4', '7']
Transition function:
	1	10	11	12	4	7	9
1 	1	4	4	1	10	9	10
0 	1	10	12	11	12	9	10
Current state: 7
Currently accepting: True

Precision: 0.8167 Recall: 0.8896 Accuracy: 0.8580 F1: 0.8516


--------------------------------------------------------------------
Begin DFA extraction with n_state:14
Done fitting takes time: 0.9194
==Minimized===

This DFA has 6 states
States: ['11', '4', '13', '1', '10', '14']
Alphabet: set(['1', '0'])
Starting state: 14
Accepting states: ['11', '10', '14', '4']
Transition function:
	1	10	11	13	14	4
1 	1	4	4	1	11	10
0 	1	10	13	11	14	13
Current state: 14
Currently accepting: True

Precision: 0.8151 Recall: 0.5714 Accuracy: 0.7445 F1: 0.6718


--------------------------------------------------------------------
Begin DFA extraction with n_state:15
Done fitting takes time: 0.9717
==Minimized===

This DFA has 6 states
States: ['13', '11', '4', '10', '15', '14']
Alphabet: set(['1', '0'])
Starting state: 14
Accepting states: ['11', '10', '15', '14', '4']
Transition function:
	10	11	13	14	15	4
1 	4	4	15	11	15	10
0 	10	13	11	14	15	13
Current state: 14
Currently accepting: True

Precision: 0.4685 Recall: 0.9718 Accuracy: 0.4825 F1: 0.6322


--------------------------------------------------------------------
Begin DFA extraction with n_state:16
Done fitting takes time: 0.9122
==Minimized===

This DFA has 5 states
States: ['13', '11', '4', '10', '15']
Alphabet: set(['1', '0'])
Starting state: 10
Accepting states: ['11', '10', '15', '4']
Transition function:
	10	11	13	15	4
1 	4	4	15	15	10
0 	10	13	11	15	13
Current state: 10
Currently accepting: True

Precision: 0.4822 Recall: 1.0000 Accuracy: 0.5085 F1: 0.6507


--------------------------------------------------------------------
Begin DFA extraction with n_state:17
Done fitting takes time: 0.7799
==Minimized===

This DFA has 5 states
States: ['13', '11', '4', '10', '15']
Alphabet: set(['1', '0'])
Starting state: 10
Accepting states: ['11', '10', '15', '4']
Transition function:
	10	11	13	15	4
1 	4	4	15	15	10
0 	10	13	11	15	13
Current state: 10
Currently accepting: True

Precision: 0.4822 Recall: 1.0000 Accuracy: 0.5085 F1: 0.6507


--------------------------------------------------------------------
Begin DFA extraction with n_state:18
Done fitting takes time: 0.7330
==Minimized===

This DFA has 9 states
States: ['13', '10', '4', '7', '15', '14', '18', '11', '9']
Alphabet: set(['1', '0'])
Starting state: 14
Accepting states: ['11', '10', '15', '14', '18', '4', '7', '9']
Transition function:
	10	11	13	14	15	18	4	7	9
1 	7	7	15	9	15	9	18	10	4
0 	10	13	11	14	15	10	13	13	13
Current state: 14
Currently accepting: True

Precision: 0.4702 Recall: 0.9758 Accuracy: 0.4857 F1: 0.6346


--------------------------------------------------------------------
Begin DFA extraction with n_state:19
Done fitting takes time: 0.5975
==Minimized===

This DFA has 5 states
States: ['13', '11', '7', '10', '15']
Alphabet: set(['1', '0'])
Starting state: 10
Accepting states: ['11', '10', '15', '7']
Transition function:
	10	11	13	15	7
1 	7	7	15	15	10
0 	10	13	11	15	13
Current state: 10
Currently accepting: True

Precision: 0.4822 Recall: 1.0000 Accuracy: 0.5085 F1: 0.6507
[ 0.          0.          0.6280285   0.09341637  0.09341637  0.09341637
  0.6693462   0.48014184  0.09341637  0.85155684  0.85155684  0.85155684
  0.67180551  0.63221785  0.65069729  0.65069729  0.63463431  0.65069729]


[[ 0.          0.          0.6280285   0.6280285   0.94767025  0.94767025
   1.          0.73700591  0.73700591  0.73700591  0.73700591  1.
   0.73700591  0.73700591  0.96145455  0.96145455  0.96145455  0.97853442]
 [ 0.          0.          0.          0.          0.          0.01203008
   0.0803485   0.10132576  0.          0.          0.          0.
   0.18580122  0.42804218  0.          0.          0.43048052  0.00902256]
 [ 0.6280285   0.6280285   0.94767025  0.45920746  0.45920746  1.          1.
   0.45920746  0.45920746  0.45920746  0.45920746  0.85577649  1.          1.
   1.          1.          1.          1.        ]
 [ 0.          0.43092666  0.94767025  0.45920746  0.45920746  1.          1.
   1.          1.          1.          1.          1.          1.          1.
   1.          1.          1.          1.        ]
 [ 0.6280285   0.6280285   0.45920746  0.45920746  0.45920746  0.45920746
   0.45920746  1.          1.          1.          1.          1.          1.
   1.          1.          1.          1.          1.        ]
 [ 0.          0.          0.          0.94767025  1.          1.          1.
   1.          1.          1.          1.          1.          1.          1.
   1.          1.          1.          1.        ]
 [ 0.          0.          0.6280285   0.09341637  0.09341637  0.09341637
   0.6693462   0.48014184  0.09341637  0.85155684  0.85155684  0.85155684
   0.67180551  0.63221785  0.65069729  0.65069729  0.63463431  0.65069729]
 [ 0.          0.          0.          0.          0.          0.          0.
   0.          0.          0.          0.          0.          0.          0.
   0.          0.          0.          0.        ]
 [ 0.          0.          0.          0.          0.          0.          0.
   0.          0.          0.          0.          0.          0.          0.
   0.          0.          0.          0.        ]]
