G:g3, model:GRU tanh, load all data and stored hidden activations


--------------------------------------------------------------------
Begin DFA extraction with n_state:2
Done fitting takes time: 0.2989
==Minimized===

This DFA has 1 states
States: ['2']
Alphabet: set(['1', '0'])
Starting state: 2
Accepting states: []
Transition function:
	2
1 	2
0 	2
Current state: 2
Currently accepting: False

Precision: 0.0000 Recall: 0.0000 Accuracy: 0.5422 F1: 0.0000


--------------------------------------------------------------------
Begin DFA extraction with n_state:3
Done fitting takes time: 0.1836
==Minimized===

This DFA has 1 states
States: ['3']
Alphabet: set(['1', '0'])
Starting state: 3
Accepting states: ['3']
Transition function:
	3
1 	3
0 	3
Current state: 3
Currently accepting: True

Precision: 0.4578 Recall: 1.0000 Accuracy: 0.4578 F1: 0.6280


--------------------------------------------------------------------
Begin DFA extraction with n_state:4
Done fitting takes time: 0.2126
==Minimized===

This DFA has 3 states
States: ['4', '3', '2']
Alphabet: set(['1', '0'])
Starting state: 2
Accepting states: ['3', '2']
Transition function:
	2	3	4
1 	3	4	3
0 	2	4	4
Current state: 2
Currently accepting: True

Precision: 0.4977 Recall: 0.3883 Accuracy: 0.5406 F1: 0.4363


--------------------------------------------------------------------
Begin DFA extraction with n_state:5
Done fitting takes time: 0.5685
==Minimized===

This DFA has 3 states
States: ['4', '3', '5']
Alphabet: set(['1', '0'])
Starting state: 5
Accepting states: ['3', '5']
Transition function:
	3	4	5
1 	4	3	3
0 	4	5	5
Current state: 5
Currently accepting: True

Precision: 0.5094 Recall: 0.7801 Accuracy: 0.5554 F1: 0.6163


--------------------------------------------------------------------
Begin DFA extraction with n_state:6
Done fitting takes time: 0.1962
==Minimized===

This DFA has 4 states
States: ['3', '4', '5', '6']
Alphabet: set(['1', '0'])
Starting state: 5
Accepting states: ['3', '4']
Transition function:
	3	4	5	6
1 	4	3	3	5
0 	6	4	6	5
Current state: 5
Currently accepting: False

Precision: 0.5971 Recall: 0.7595 Accuracy: 0.6554 F1: 0.6686


--------------------------------------------------------------------
Begin DFA extraction with n_state:7
Done fitting takes time: 0.6490
==Minimized===

This DFA has 4 states
States: ['3', '5', '1', '6']
Alphabet: set(['1', '0'])
Starting state: 5
Accepting states: ['3', '5']
Transition function:
	1	3	5	6
1 	1	5	3	1
0 	1	6	5	5
Current state: 5
Currently accepting: True

Precision: 0.8304 Recall: 1.0000 Accuracy: 0.9065 F1: 0.9073


--------------------------------------------------------------------
Begin DFA extraction with n_state:8
Done fitting takes time: 0.3937
==Minimized===

This DFA has 5 states
States: ['3', '8', '2', '5', '6']
Alphabet: set(['1', '0'])
Starting state: 5
Accepting states: ['8', '3', '2']
Transition function:
	2	3	5	6	8
1 	3	2	3	5	2
0 	2	6	8	5	2
Current state: 5
Currently accepting: False

Precision: 0.5150 Recall: 0.8679 Accuracy: 0.5653 F1: 0.6464


--------------------------------------------------------------------
Begin DFA extraction with n_state:9
Done fitting takes time: 0.3904
==Minimized===

This DFA has 6 states
States: ['3', '2', '9', '8', '5', '6']
Alphabet: set(['1', '0'])
Starting state: 5
Accepting states: ['3', '2']
Transition function:
	2	3	5	6	8	9
1 	3	2	8	9	2	3
0 	2	6	8	9	2	6
Current state: 5
Currently accepting: False

Precision: 0.6018 Recall: 0.7927 Accuracy: 0.6651 F1: 0.6842


--------------------------------------------------------------------
Begin DFA extraction with n_state:10
Done fitting takes time: 0.6143
==Minimized===

This DFA has 6 states
States: ['3', '2', '9', '8', '5', '6']
Alphabet: set(['1', '0'])
Starting state: 5
Accepting states: ['3', '2']
Transition function:
	2	3	5	6	8	9
1 	3	2	8	9	2	3
0 	2	6	8	9	2	6
Current state: 5
Currently accepting: False

Precision: 0.6018 Recall: 0.7927 Accuracy: 0.6651 F1: 0.6842


--------------------------------------------------------------------
Begin DFA extraction with n_state:11
Done fitting takes time: 0.5364
==Minimized===

This DFA has 6 states
States: ['11', '3', '9', '8', '5', '6']
Alphabet: set(['1', '0'])
Starting state: 5
Accepting states: ['11', '3']
Transition function:
	11	3	5	6	8	9
1 	3	11	8	9	11	3
0 	11	6	8	9	11	6
Current state: 5
Currently accepting: False

Precision: 0.6018 Recall: 0.7927 Accuracy: 0.6651 F1: 0.6842


--------------------------------------------------------------------
Begin DFA extraction with n_state:12
Done fitting takes time: 0.5266
==Minimized===

This DFA has 6 states
States: ['11', '3', '9', '8', '5', '6']
Alphabet: set(['1', '0'])
Starting state: 5
Accepting states: ['11', '3']
Transition function:
	11	3	5	6	8	9
1 	3	11	8	9	11	3
0 	11	6	8	9	11	6
Current state: 5
Currently accepting: False

Precision: 0.6018 Recall: 0.7927 Accuracy: 0.6651 F1: 0.6842


--------------------------------------------------------------------
Begin DFA extraction with n_state:13
Done fitting takes time: 0.3099
==Minimized===

This DFA has 6 states
States: ['11', '3', '9', '8', '5', '6']
Alphabet: set(['1', '0'])
Starting state: 5
Accepting states: ['11', '3']
Transition function:
	11	3	5	6	8	9
1 	3	11	8	9	11	3
0 	11	6	8	9	11	6
Current state: 5
Currently accepting: False

Precision: 0.6018 Recall: 0.7927 Accuracy: 0.6651 F1: 0.6842


--------------------------------------------------------------------
Begin DFA extraction with n_state:14
Done fitting takes time: 0.2174
==Minimized===

This DFA has 6 states
States: ['11', '14', '9', '8', '5', '6']
Alphabet: set(['1', '0'])
Starting state: 5
Accepting states: ['11', '14']
Transition function:
	11	14	5	6	8	9
1 	14	11	8	9	11	14
0 	11	6	8	9	11	6
Current state: 5
Currently accepting: False

Precision: 0.6018 Recall: 0.7927 Accuracy: 0.6651 F1: 0.6842


--------------------------------------------------------------------
Begin DFA extraction with n_state:15
Done fitting takes time: 0.2158
==Minimized===

This DFA has 7 states
States: ['11', '14', '9', '8', '5', '10', '6']
Alphabet: set(['1', '0'])
Starting state: 5
Accepting states: ['11', '14', '9']
Transition function:
	10	11	14	5	6	8	9
1 	10	14	11	8	10	11	14
0 	10	11	6	8	9	11	6
Current state: 5
Currently accepting: False

Precision: 0.8167 Recall: 0.8896 Accuracy: 0.8580 F1: 0.8516


--------------------------------------------------------------------
Begin DFA extraction with n_state:16
Done fitting takes time: 0.5979
==Minimized===

This DFA has 7 states
States: ['11', '14', '9', '8', '5', '10', '6']
Alphabet: set(['1', '0'])
Starting state: 5
Accepting states: ['11', '14', '9']
Transition function:
	10	11	14	5	6	8	9
1 	10	14	11	8	10	11	14
0 	10	11	6	8	9	11	6
Current state: 5
Currently accepting: False

Precision: 0.8167 Recall: 0.8896 Accuracy: 0.8580 F1: 0.8516


--------------------------------------------------------------------
Begin DFA extraction with n_state:17
Done fitting takes time: 0.4165
==Minimized===

This DFA has 7 states
States: ['11', '14', '9', '8', '5', '10', '17']
Alphabet: set(['1', '0'])
Starting state: 5
Accepting states: ['11', '14', '9']
Transition function:
	10	11	14	17	5	8	9
1 	10	14	11	10	8	11	14
0 	10	11	17	9	8	11	17
Current state: 5
Currently accepting: False

Precision: 0.8167 Recall: 0.8896 Accuracy: 0.8580 F1: 0.8516


--------------------------------------------------------------------
Begin DFA extraction with n_state:18
Done fitting takes time: 0.7295
==Minimized===

This DFA has 7 states
States: ['11', '14', '9', '8', '5', '10', '17']
Alphabet: set(['1', '0'])
Starting state: 5
Accepting states: ['11', '14', '9']
Transition function:
	10	11	14	17	5	8	9
1 	10	14	11	10	8	11	14
0 	10	11	17	9	8	11	17
Current state: 5
Currently accepting: False

Precision: 0.8167 Recall: 0.8896 Accuracy: 0.8580 F1: 0.8516


--------------------------------------------------------------------
Begin DFA extraction with n_state:19
Done fitting takes time: 0.6193
==Minimized===

This DFA has 7 states
States: ['11', '14', '19', '8', '5', '10', '17']
Alphabet: set(['1', '0'])
Starting state: 5
Accepting states: ['11', '14', '19']
Transition function:
	10	11	14	17	19	5	8
1 	10	14	11	10	19	8	11
0 	10	11	17	19	17	8	11
Current state: 5
Currently accepting: False

Precision: 0.8457 Recall: 0.8654 Accuracy: 0.8661 F1: 0.8554
[ 0.          0.6280285   0.43626062  0.61633466  0.66859046  0.90734386
  0.64638498  0.68422198  0.68422198  0.68422198  0.68422198  0.68422198
  0.68422198  0.85155684  0.85155684  0.85155684  0.85155684  0.8554337 ]


[[ 0.43137255  0.53856008  0.6280285   0.43137255  0.43137255  0.6280285
   0.6280285   0.6280285   0.6280285   0.6280285   0.83848797  0.97110676
   0.97110676  0.97110676  1.          1.          1.          1.        ]
 [ 0.43137255  0.02253797  0.          0.          0.          0.          0.
   0.0110331   0.0110331   0.0110331   0.02293121  0.02865613  0.05116059
   0.05116059  0.17177914  0.17177914  0.20117417  0.20117417]
 [ 0.6280285   0.6280285   0.94767025  0.45920746  0.45920746  0.45920746
   1.          1.          1.          1.          1.          1.          1.
   1.          1.          1.          1.          1.        ]
 [ 0.          0.43092666  0.94767025  0.94767025  0.94767025  1.          1.
   1.          1.          1.          1.          1.          1.          1.
   1.          1.          1.          1.        ]
 [ 0.          0.6280285   0.45920746  0.45920746  0.45920746  0.45920746
   0.45920746  0.85577649  1.          1.          1.          1.          1.
   1.          1.          1.          1.          1.        ]
 [ 0.01203008  0.6280285   0.45920746  0.94767025  1.          1.          1.
   1.          1.          1.          1.          1.          1.          1.
   1.          1.          1.          1.        ]
 [ 0.          0.6280285   0.6280285   0.6280285   0.6280285   0.63898421
   0.53865699  0.85155684  0.72893866  0.8554337   0.8554337   0.8554337
   1.          1.          1.          1.          1.          1.        ]
 [ 0.          0.43092666  0.43359818  0.24540368  0.50299401  0.63912164
   0.63912164  0.45920746  1.          1.          1.          1.          1.
   1.          1.          1.          1.          1.        ]
 [ 0.          0.6280285   0.43626062  0.61633466  0.66859046  0.90734386
   0.64638498  0.68422198  0.68422198  0.68422198  0.68422198  0.68422198
   0.68422198  0.85155684  0.85155684  0.85155684  0.85155684  0.8554337 ]]
