G:g3, model:LSTM tanh, load all data and stored hidden activations


--------------------------------------------------------------------
Begin DFA extraction with n_state:2
Done fitting takes time: 0.3616
==Minimized===

This DFA has 1 states
States: ['2']
Alphabet: set(['1', '0'])
Starting state: 2
Accepting states: []
Transition function:
	2
1 	2
0 	2
Current state: 2
Currently accepting: False

Precision: 0.0000 Recall: 0.0000 Accuracy: 0.5422 F1: 0.0000


--------------------------------------------------------------------
Begin DFA extraction with n_state:3
Done fitting takes time: 0.1942
==Minimized===

This DFA has 1 states
States: ['3']
Alphabet: set(['1', '0'])
Starting state: 3
Accepting states: []
Transition function:
	3
1 	3
0 	3
Current state: 3
Currently accepting: False

Precision: 0.0000 Recall: 0.0000 Accuracy: 0.5422 F1: 0.0000


--------------------------------------------------------------------
Begin DFA extraction with n_state:4
Done fitting takes time: 0.2641
==Minimized===

This DFA has 3 states
States: ['3', '2', '4']
Alphabet: set(['1', '0'])
Starting state: 3
Accepting states: ['3']
Transition function:
	2	3	4
1 	4	4	3
0 	4	3	2
Current state: 3
Currently accepting: True

Precision: 0.5474 Recall: 0.5300 Accuracy: 0.5843 F1: 0.5386


--------------------------------------------------------------------
Begin DFA extraction with n_state:5
Done fitting takes time: 0.4462
==Minimized===

This DFA has 1 states
States: ['3']
Alphabet: set(['1', '0'])
Starting state: 3
Accepting states: []
Transition function:
	3
1 	3
0 	3
Current state: 3
Currently accepting: False

Precision: 0.0000 Recall: 0.0000 Accuracy: 0.5422 F1: 0.0000


--------------------------------------------------------------------
Begin DFA extraction with n_state:6
Done fitting takes time: 0.3752
==Minimized===

This DFA has 4 states
States: ['4', '3', '1', '2']
Alphabet: set(['1', '0'])
Starting state: 4
Accepting states: ['4']
Transition function:
	1	2	3	4
1 	1	1	4	3
0 	1	4	3	2
Current state: 4
Currently accepting: True

Precision: 0.5915 Recall: 0.1548 Accuracy: 0.5642 F1: 0.2454


--------------------------------------------------------------------
Begin DFA extraction with n_state:7
Done fitting takes time: 0.2788
==Minimized===

This DFA has 4 states
States: ['4', '3', '1', '2']
Alphabet: set(['1', '0'])
Starting state: 4
Accepting states: ['4']
Transition function:
	1	2	3	4
1 	1	1	4	3
0 	1	4	3	2
Current state: 4
Currently accepting: True

Precision: 0.5915 Recall: 0.1548 Accuracy: 0.5642 F1: 0.2454


--------------------------------------------------------------------
Begin DFA extraction with n_state:8
Done fitting takes time: 0.3142
==Minimized===

This DFA has 3 states
States: ['4', '1', '2']
Alphabet: set(['1', '0'])
Starting state: 4
Accepting states: ['4']
Transition function:
	1	2	4
1 	1	1	4
0 	1	4	2
Current state: 4
Currently accepting: True

Precision: 1.0000 Recall: 0.2980 Accuracy: 0.6787 F1: 0.4592


--------------------------------------------------------------------
Begin DFA extraction with n_state:9
Done fitting takes time: 0.2326
==Minimized===

This DFA has 1 states
States: ['5']
Alphabet: set(['1', '0'])
Starting state: 5
Accepting states: []
Transition function:
	5
1 	5
0 	5
Current state: 5
Currently accepting: False

Precision: 0.0000 Recall: 0.0000 Accuracy: 0.5422 F1: 0.0000


--------------------------------------------------------------------
Begin DFA extraction with n_state:10
Done fitting takes time: 0.3431
==Minimized===

This DFA has 1 states
States: ['5']
Alphabet: set(['1', '0'])
Starting state: 5
Accepting states: []
Transition function:
	5
1 	5
0 	5
Current state: 5
Currently accepting: False

Precision: 0.0000 Recall: 0.0000 Accuracy: 0.5422 F1: 0.0000


--------------------------------------------------------------------
Begin DFA extraction with n_state:11
Done fitting takes time: 0.2196
==Minimized===

This DFA has 8 states
States: ['3', '8', '4', '11', '5', '9', '1', '2']
Alphabet: set(['1', '0'])
Starting state: 9
Accepting states: ['8', '3', '4']
Transition function:
	1	11	2	3	4	5	8	9
1 	1	8	1	8	4	11	3	5
0 	1	3	4	3	2	11	2	5
Current state: 9
Currently accepting: False

Precision: 0.8459 Recall: 0.8638 Accuracy: 0.8657 F1: 0.8548


--------------------------------------------------------------------
Begin DFA extraction with n_state:12
Done fitting takes time: 0.2667
==Minimized===

This DFA has 8 states
States: ['3', '8', '4', '11', '5', '9', '12', '2']
Alphabet: set(['1', '0'])
Starting state: 9
Accepting states: ['8', '3', '4']
Transition function:
	11	12	2	3	4	5	8	9
1 	8	12	12	8	4	11	3	5
0 	3	12	4	3	2	11	2	5
Current state: 9
Currently accepting: False

Precision: 0.8459 Recall: 0.8638 Accuracy: 0.8657 F1: 0.8548


--------------------------------------------------------------------
Begin DFA extraction with n_state:13
Done fitting takes time: 0.2274
==Minimized===

This DFA has 7 states
States: ['11', '4', '8', '5', '9', '12', '2']
Alphabet: set(['1', '0'])
Starting state: 9
Accepting states: ['11', '4', '8']
Transition function:
	11	12	2	4	5	8	9
1 	8	12	12	4	11	11	5
0 	11	12	4	2	11	2	5
Current state: 9
Currently accepting: False

Precision: 0.8457 Recall: 0.8654 Accuracy: 0.8661 F1: 0.8554


--------------------------------------------------------------------
Begin DFA extraction with n_state:14
Done fitting takes time: 0.4482
==Minimized===

This DFA has 8 states
States: ['5', '13', '10', '4', '11', '9', '12', '2']
Alphabet: set(['1', '0'])
Starting state: 9
Accepting states: ['10', '13', '5', '4']
Transition function:
	10	11	12	13	2	4	5	9
1 	13	10	12	10	12	4	11	5
0 	2	13	12	13	4	2	11	13
Current state: 9
Currently accepting: False

Precision: 0.9214 Recall: 0.9995 Accuracy: 0.9608 F1: 0.9589


--------------------------------------------------------------------
Begin DFA extraction with n_state:15
Done fitting takes time: 0.5034
==Minimized===

This DFA has 8 states
States: ['5', '13', '10', '4', '11', '9', '12', '15']
Alphabet: set(['1', '0'])
Starting state: 9
Accepting states: ['10', '13', '5', '4']
Transition function:
	10	11	12	13	15	4	5	9
1 	13	10	12	10	12	4	11	5
0 	15	13	12	13	4	15	11	13
Current state: 9
Currently accepting: False

Precision: 0.9214 Recall: 0.9995 Accuracy: 0.9608 F1: 0.9589


--------------------------------------------------------------------
Begin DFA extraction with n_state:16
Done fitting takes time: 0.2530
==Minimized===

This DFA has 8 states
States: ['5', '13', '10', '4', '11', '9', '12', '15']
Alphabet: set(['1', '0'])
Starting state: 9
Accepting states: ['10', '13', '5', '4']
Transition function:
	10	11	12	13	15	4	5	9
1 	13	10	12	10	12	4	11	5
0 	15	13	12	13	4	15	11	13
Current state: 9
Currently accepting: False

Precision: 0.9214 Recall: 0.9995 Accuracy: 0.9608 F1: 0.9589


--------------------------------------------------------------------
Begin DFA extraction with n_state:17
Done fitting takes time: 0.8189
==Minimized===

This DFA has 8 states
States: ['5', '13', '10', '17', '11', '9', '12', '15']
Alphabet: set(['1', '0'])
Starting state: 9
Accepting states: ['10', '13', '17', '5']
Transition function:
	10	11	12	13	15	17	5	9
1 	13	10	12	10	12	17	11	5
0 	15	13	12	13	17	15	11	13
Current state: 9
Currently accepting: False

Precision: 0.9214 Recall: 0.9995 Accuracy: 0.9608 F1: 0.9589


--------------------------------------------------------------------
Begin DFA extraction with n_state:18
Done fitting takes time: 0.4790
==Minimized===

This DFA has 8 states
States: ['5', '13', '10', '17', '11', '9', '12', '15']
Alphabet: set(['1', '0'])
Starting state: 9
Accepting states: ['10', '13', '17', '5']
Transition function:
	10	11	12	13	15	17	5	9
1 	13	10	12	10	12	17	11	5
0 	15	13	12	13	17	15	11	13
Current state: 9
Currently accepting: False

Precision: 0.9214 Recall: 0.9995 Accuracy: 0.9608 F1: 0.9589


--------------------------------------------------------------------
Begin DFA extraction with n_state:19
Done fitting takes time: 1.0183
==Minimized===

This DFA has 6 states
States: ['11', '10', '17', '9', '12', '15']
Alphabet: set(['1', '0'])
Starting state: 9
Accepting states: ['11', '10', '17']
Transition function:
	10	11	12	15	17	9
1 	11	10	12	12	17	10
0 	15	11	12	17	15	11
Current state: 9
Currently accepting: False

Precision: 1.0000 Recall: 1.0000 Accuracy: 1.0000 F1: 1.0000
[ 0.          0.          0.53856008  0.          0.24540368  0.24540368
  0.45920746  0.          0.          0.85479042  0.85479042  0.8554337
  0.9588776   0.9588776   0.9588776   0.9588776   0.9588776   1.        ]


[[ 0.          0.6280285   0.6280285   0.6280285   0.51224105  0.51224105
   0.62759385  0.78759482  0.78759482  0.85577649  0.85577649  0.85437312
   0.80698152  0.88863993  0.83428261  1.          0.94114855  0.97205882]
 [ 0.          0.          0.          0.          0.          0.37228608
   0.          0.21918847  0.          0.32        0.01203008  0.46678107
   0.38727836  0.32577904  0.38313526  0.38846826  0.41204888  0.3550152 ]
 [ 0.          0.63898421  0.0110331   0.64709596  0.88685152  0.88685152
   0.88685152  1.          1.          1.          1.          1.          1.
   1.          1.          1.          1.          1.        ]
 [ 0.6280285   0.          0.94767025  0.45920746  1.          1.          1.
   1.          1.          1.          1.          1.          1.          1.
   1.          1.          1.          1.        ]
 [ 0.          0.0110331   0.45920746  0.45920746  0.45920746  0.45920746
   0.45920746  1.          1.          1.          1.          1.          1.
   1.          1.          1.          1.          1.        ]
 [ 0.          0.63898421  0.43092666  0.45920746  1.          1.          1.
   1.          1.          1.          1.          1.          1.          1.
   1.          1.          1.          1.        ]
 [ 0.          0.6280285   0.58386459  0.59661017  0.6280285   0.6280285
   0.6387502   0.80056338  1.          0.66221406  0.66221406  0.66221406
   0.66599496  0.67494894  0.66599496  0.66599496  0.66033966  0.68097527]
 [ 0.          0.          0.53856008  0.          0.24540368  0.24540368
   0.45920746  0.          0.          0.85479042  0.85479042  0.8554337
   0.9588776   0.9588776   0.9588776   0.9588776   0.9588776   1.        ]
 [ 0.          0.          0.          0.          0.          0.          0.
   0.          0.          0.          0.          0.          0.          0.
   0.          0.          0.          0.        ]]
