G:g3, model:UNI sigmoid, load all data and stored hidden activations


--------------------------------------------------------------------
Begin DFA extraction with n_state:2
Done fitting takes time: 0.1852
==Minimized===

This DFA has 1 states
States: ['1']
Alphabet: set(['1', '0'])
Starting state: 1
Accepting states: ['1']
Transition function:
	1
1 	1
0 	1
Current state: 1
Currently accepting: True

Precision: 0.4578 Recall: 1.0000 Accuracy: 0.4578 F1: 0.6280


--------------------------------------------------------------------
Begin DFA extraction with n_state:3
Done fitting takes time: 0.3047
==Minimized===

This DFA has 1 states
States: ['3']
Alphabet: set(['1', '0'])
Starting state: 3
Accepting states: ['3']
Transition function:
	3
1 	3
0 	3
Current state: 3
Currently accepting: True

Precision: 0.4578 Recall: 1.0000 Accuracy: 0.4578 F1: 0.6280


--------------------------------------------------------------------
Begin DFA extraction with n_state:4
Done fitting takes time: 0.7602
==Minimized===

This DFA has 3 states
States: ['3', '1', '2']
Alphabet: set(['1', '0'])
Starting state: 3
Accepting states: ['3']
Transition function:
	1	2	3
1 	1	1	3
0 	1	3	2
Current state: 3
Currently accepting: True

Precision: 1.0000 Recall: 0.2980 Accuracy: 0.6787 F1: 0.4592


--------------------------------------------------------------------
Begin DFA extraction with n_state:5
Done fitting takes time: 0.6644
==Minimized===

This DFA has 3 states
States: ['5', '1', '2']
Alphabet: set(['1', '0'])
Starting state: 5
Accepting states: ['5']
Transition function:
	1	2	5
1 	1	1	5
0 	1	5	2
Current state: 5
Currently accepting: True

Precision: 1.0000 Recall: 0.2980 Accuracy: 0.6787 F1: 0.4592


--------------------------------------------------------------------
Begin DFA extraction with n_state:6
Done fitting takes time: 0.2097
==Minimized===

This DFA has 3 states
States: ['5', '1', '6']
Alphabet: set(['1', '0'])
Starting state: 5
Accepting states: ['5']
Transition function:
	1	5	6
1 	1	5	1
0 	1	6	5
Current state: 5
Currently accepting: True

Precision: 1.0000 Recall: 0.2980 Accuracy: 0.6787 F1: 0.4592


--------------------------------------------------------------------
Begin DFA extraction with n_state:7
Done fitting takes time: 0.2032
==Minimized===

This DFA has 3 states
States: ['5', '1', '6']
Alphabet: set(['1', '0'])
Starting state: 5
Accepting states: ['5']
Transition function:
	1	5	6
1 	1	5	1
0 	1	6	5
Current state: 5
Currently accepting: True

Precision: 1.0000 Recall: 0.2980 Accuracy: 0.6787 F1: 0.4592


--------------------------------------------------------------------
Begin DFA extraction with n_state:8
Done fitting takes time: 0.2013
==Minimized===

This DFA has 3 states
States: ['5', '1', '6']
Alphabet: set(['1', '0'])
Starting state: 5
Accepting states: ['5']
Transition function:
	1	5	6
1 	1	5	1
0 	1	6	5
Current state: 5
Currently accepting: True

Precision: 1.0000 Recall: 0.2980 Accuracy: 0.6787 F1: 0.4592


--------------------------------------------------------------------
Begin DFA extraction with n_state:9
Done fitting takes time: 0.2625
==Minimized===

This DFA has 6 states
States: ['2', '3', '5', '9', '1', '6']
Alphabet: set(['1', '0'])
Starting state: 9
Accepting states: ['3', '2', '5']
Transition function:
	1	2	3	5	6	9
1 	1	3	2	5	1	3
0 	1	2	6	6	5	2
Current state: 9
Currently accepting: False

Precision: 1.0000 Recall: 1.0000 Accuracy: 1.0000 F1: 1.0000


--------------------------------------------------------------------
Begin DFA extraction with n_state:10
Done fitting takes time: 0.2073
==Minimized===

This DFA has 6 states
States: ['2', '3', '5', '9', '10', '6']
Alphabet: set(['1', '0'])
Starting state: 9
Accepting states: ['3', '2', '5']
Transition function:
	10	2	3	5	6	9
1 	10	3	2	5	10	3
0 	10	2	6	6	5	2
Current state: 9
Currently accepting: False

Precision: 1.0000 Recall: 1.0000 Accuracy: 1.0000 F1: 1.0000


--------------------------------------------------------------------
Begin DFA extraction with n_state:11
Done fitting takes time: 0.3864
==Minimized===

This DFA has 6 states
States: ['2', '11', '3', '9', '10', '6']
Alphabet: set(['1', '0'])
Starting state: 9
Accepting states: ['11', '3', '2']
Transition function:
	10	11	2	3	6	9
1 	10	11	3	2	10	3
0 	10	6	2	6	11	2
Current state: 9
Currently accepting: False

Precision: 1.0000 Recall: 1.0000 Accuracy: 1.0000 F1: 1.0000


--------------------------------------------------------------------
Begin DFA extraction with n_state:12
Done fitting takes time: 0.2122
==Minimized===

This DFA has 6 states
States: ['2', '11', '3', '9', '10', '6']
Alphabet: set(['1', '0'])
Starting state: 9
Accepting states: ['11', '3', '2']
Transition function:
	10	11	2	3	6	9
1 	10	11	3	2	10	3
0 	10	6	2	6	11	2
Current state: 9
Currently accepting: False

Precision: 1.0000 Recall: 1.0000 Accuracy: 1.0000 F1: 1.0000


--------------------------------------------------------------------
Begin DFA extraction with n_state:13
Done fitting takes time: 0.2350
==Minimized===

This DFA has 6 states
States: ['13', '11', '3', '9', '10', '6']
Alphabet: set(['1', '0'])
Starting state: 9
Accepting states: ['11', '13', '3']
Transition function:
	10	11	13	3	6	9
1 	10	11	3	13	10	3
0 	10	6	13	6	11	13
Current state: 9
Currently accepting: False

Precision: 1.0000 Recall: 1.0000 Accuracy: 1.0000 F1: 1.0000


--------------------------------------------------------------------
Begin DFA extraction with n_state:14
Done fitting takes time: 0.2474
==Minimized===

This DFA has 6 states
States: ['14', '11', '3', '9', '10', '6']
Alphabet: set(['1', '0'])
Starting state: 9
Accepting states: ['11', '14', '3']
Transition function:
	10	11	14	3	6	9
1 	10	11	3	14	10	3
0 	10	6	14	6	11	14
Current state: 9
Currently accepting: False

Precision: 1.0000 Recall: 1.0000 Accuracy: 1.0000 F1: 1.0000


--------------------------------------------------------------------
Begin DFA extraction with n_state:15
Done fitting takes time: 0.4860
==Minimized===

This DFA has 6 states
States: ['15', '11', '3', '9', '10', '6']
Alphabet: set(['1', '0'])
Starting state: 9
Accepting states: ['11', '15', '3']
Transition function:
	10	11	15	3	6	9
1 	10	11	3	15	10	3
0 	10	6	15	6	11	15
Current state: 9
Currently accepting: False

Precision: 1.0000 Recall: 1.0000 Accuracy: 1.0000 F1: 1.0000


--------------------------------------------------------------------
Begin DFA extraction with n_state:16
Done fitting takes time: 0.2231
==Minimized===

This DFA has 6 states
States: ['15', '11', '3', '9', '10', '6']
Alphabet: set(['1', '0'])
Starting state: 9
Accepting states: ['11', '15', '3']
Transition function:
	10	11	15	3	6	9
1 	10	11	3	15	10	3
0 	10	6	15	6	11	15
Current state: 9
Currently accepting: False

Precision: 1.0000 Recall: 1.0000 Accuracy: 1.0000 F1: 1.0000


--------------------------------------------------------------------
Begin DFA extraction with n_state:17
Done fitting takes time: 0.2241
==Minimized===

This DFA has 6 states
States: ['15', '11', '3', '9', '10', '6']
Alphabet: set(['1', '0'])
Starting state: 9
Accepting states: ['11', '15', '3']
Transition function:
	10	11	15	3	6	9
1 	10	11	3	15	10	3
0 	10	6	15	6	11	15
Current state: 9
Currently accepting: False

Precision: 1.0000 Recall: 1.0000 Accuracy: 1.0000 F1: 1.0000


--------------------------------------------------------------------
Begin DFA extraction with n_state:18
Done fitting takes time: 0.2265
==Minimized===

This DFA has 6 states
States: ['15', '11', '3', '9', '10', '6']
Alphabet: set(['1', '0'])
Starting state: 9
Accepting states: ['11', '15', '3']
Transition function:
	10	11	15	3	6	9
1 	10	11	3	15	10	3
0 	10	6	15	6	11	15
Current state: 9
Currently accepting: False

Precision: 1.0000 Recall: 1.0000 Accuracy: 1.0000 F1: 1.0000


--------------------------------------------------------------------
Begin DFA extraction with n_state:19
Done fitting takes time: 0.2435
==Minimized===

This DFA has 6 states
States: ['15', '11', '3', '9', '10', '6']
Alphabet: set(['1', '0'])
Starting state: 9
Accepting states: ['11', '15', '3']
Transition function:
	10	11	15	3	6	9
1 	10	11	3	15	10	3
0 	10	6	15	6	11	15
Current state: 9
Currently accepting: False

Precision: 1.0000 Recall: 1.0000 Accuracy: 1.0000 F1: 1.0000
[ 0.6280285   0.6280285   0.45920746  0.45920746  0.45920746  0.45920746
  0.45920746  1.          1.          1.          1.          1.          1.
  1.          1.          1.          1.          1.        ]


[[ 0.          0.          0.6280285   0.6280285   0.94767025  0.94767025
   1.          0.73700591  0.73700591  0.73700591  0.73700591  1.
   0.73700591  0.73700591  0.96145455  0.96145455  0.96145455  0.97853442]
 [ 0.          0.          0.          0.          0.          0.01203008
   0.0803485   0.10132576  0.          0.          0.          0.
   0.18580122  0.42804218  0.          0.          0.43048052  0.00902256]
 [ 0.6280285   0.6280285   0.94767025  0.45920746  0.45920746  1.          1.
   0.45920746  0.45920746  0.45920746  0.45920746  0.85577649  1.          1.
   1.          1.          1.          1.        ]
 [ 0.          0.43092666  0.94767025  0.45920746  0.45920746  1.          1.
   1.          1.          1.          1.          1.          1.          1.
   1.          1.          1.          1.        ]
 [ 0.6280285   0.6280285   0.45920746  0.45920746  0.45920746  0.45920746
   0.45920746  1.          1.          1.          1.          1.          1.
   1.          1.          1.          1.          1.        ]
 [ 0.          0.          0.          0.          0.          0.          0.
   0.          0.          0.          0.          0.          0.          0.
   0.          0.          0.          0.        ]
 [ 0.          0.          0.          0.10132576  0.6280285   0.6280285
   0.6280285   0.6280285   0.20910806  0.02915838  0.10125766  0.
   0.63639281  0.          0.57019064  0.20968188  0.6806407   0.629366  ]]
