G:g3, model:UNI tanh, load all data and stored hidden activations


--------------------------------------------------------------------
Begin DFA extraction with n_state:2
Done fitting takes time: 0.1996
==Minimized===

This DFA has 2 states
States: ['2', '1']
Alphabet: set(['1', '0'])
Starting state: 2
Accepting states: ['2']
Transition function:
	1	2
1 	1	1
0 	1	2
Current state: 2
Currently accepting: True

Precision: 1.0000 Recall: 0.0061 Accuracy: 0.5450 F1: 0.0120


--------------------------------------------------------------------
Begin DFA extraction with n_state:3
Done fitting takes time: 0.2011
==Minimized===

This DFA has 1 states
States: ['3']
Alphabet: set(['1', '0'])
Starting state: 3
Accepting states: ['3']
Transition function:
	3
1 	3
0 	3
Current state: 3
Currently accepting: True

Precision: 0.4578 Recall: 1.0000 Accuracy: 0.4578 F1: 0.6280


--------------------------------------------------------------------
Begin DFA extraction with n_state:4
Done fitting takes time: 0.3875
==Minimized===

This DFA has 3 states
States: ['3', '1', '4']
Alphabet: set(['1', '0'])
Starting state: 3
Accepting states: ['3']
Transition function:
	1	3	4
1 	1	3	1
0 	1	4	3
Current state: 3
Currently accepting: True

Precision: 1.0000 Recall: 0.2980 Accuracy: 0.6787 F1: 0.4592


--------------------------------------------------------------------
Begin DFA extraction with n_state:5
Done fitting takes time: 0.2400
==Minimized===

This DFA has 5 states
States: ['3', '2', '5', '1', '4']
Alphabet: set(['1', '0'])
Starting state: 5
Accepting states: ['3', '2']
Transition function:
	1	2	3	4	5
1 	1	3	2	1	3
0 	1	2	4	3	2
Current state: 5
Currently accepting: False

Precision: 0.9005 Recall: 1.0000 Accuracy: 0.9494 F1: 0.9477


--------------------------------------------------------------------
Begin DFA extraction with n_state:6
Done fitting takes time: 0.2001
==Minimized===

This DFA has 6 states
States: ['2', '3', '6', '5', '1', '4']
Alphabet: set(['1', '0'])
Starting state: 5
Accepting states: ['3', '2', '6']
Transition function:
	1	2	3	4	5	6
1 	1	3	2	1	3	6
0 	1	2	4	6	2	4
Current state: 5
Currently accepting: False

Precision: 1.0000 Recall: 1.0000 Accuracy: 1.0000 F1: 1.0000


--------------------------------------------------------------------
Begin DFA extraction with n_state:7
Done fitting takes time: 0.5577
==Minimized===

This DFA has 6 states
States: ['2', '3', '6', '5', '1', '4']
Alphabet: set(['1', '0'])
Starting state: 5
Accepting states: ['3', '2', '6']
Transition function:
	1	2	3	4	5	6
1 	1	3	2	1	3	6
0 	1	2	4	6	2	4
Current state: 5
Currently accepting: False

Precision: 1.0000 Recall: 1.0000 Accuracy: 1.0000 F1: 1.0000


--------------------------------------------------------------------
Begin DFA extraction with n_state:8
Done fitting takes time: 0.2091
==Minimized===

This DFA has 6 states
States: ['2', '3', '6', '5', '1', '4']
Alphabet: set(['1', '0'])
Starting state: 5
Accepting states: ['3', '2', '6']
Transition function:
	1	2	3	4	5	6
1 	1	3	2	1	3	6
0 	1	2	4	6	2	4
Current state: 5
Currently accepting: False

Precision: 1.0000 Recall: 1.0000 Accuracy: 1.0000 F1: 1.0000


--------------------------------------------------------------------
Begin DFA extraction with n_state:9
Done fitting takes time: 0.4529
==Minimized===

This DFA has 6 states
States: ['9', '3', '6', '5', '1', '4']
Alphabet: set(['1', '0'])
Starting state: 5
Accepting states: ['9', '3', '6']
Transition function:
	1	3	4	5	6	9
1 	1	9	1	3	6	3
0 	1	4	6	9	4	9
Current state: 5
Currently accepting: False

Precision: 1.0000 Recall: 1.0000 Accuracy: 1.0000 F1: 1.0000


--------------------------------------------------------------------
Begin DFA extraction with n_state:10
Done fitting takes time: 0.2212
==Minimized===

This DFA has 6 states
States: ['9', '3', '6', '5', '10', '1']
Alphabet: set(['1', '0'])
Starting state: 5
Accepting states: ['9', '3', '6']
Transition function:
	1	10	3	5	6	9
1 	1	1	9	3	6	3
0 	1	6	10	9	10	9
Current state: 5
Currently accepting: False

Precision: 1.0000 Recall: 1.0000 Accuracy: 1.0000 F1: 1.0000


--------------------------------------------------------------------
Begin DFA extraction with n_state:11
Done fitting takes time: 0.5595
==Minimized===

This DFA has 6 states
States: ['9', '3', '6', '5', '11', '10']
Alphabet: set(['1', '0'])
Starting state: 5
Accepting states: ['9', '3', '6']
Transition function:
	10	11	3	5	6	9
1 	11	11	9	3	6	3
0 	6	11	10	9	10	9
Current state: 5
Currently accepting: False

Precision: 1.0000 Recall: 1.0000 Accuracy: 1.0000 F1: 1.0000


--------------------------------------------------------------------
Begin DFA extraction with n_state:12
Done fitting takes time: 0.6370
==Minimized===

This DFA has 6 states
States: ['9', '12', '6', '5', '11', '10']
Alphabet: set(['1', '0'])
Starting state: 5
Accepting states: ['9', '12', '6']
Transition function:
	10	11	12	5	6	9
1 	11	11	9	12	6	12
0 	6	11	10	9	10	9
Current state: 5
Currently accepting: False

Precision: 1.0000 Recall: 1.0000 Accuracy: 1.0000 F1: 1.0000


--------------------------------------------------------------------
Begin DFA extraction with n_state:13
Done fitting takes time: 0.2381
==Minimized===

This DFA has 6 states
States: ['9', '12', '6', '5', '11', '10']
Alphabet: set(['1', '0'])
Starting state: 5
Accepting states: ['9', '12', '6']
Transition function:
	10	11	12	5	6	9
1 	11	11	9	12	6	12
0 	6	11	10	9	10	9
Current state: 5
Currently accepting: False

Precision: 1.0000 Recall: 1.0000 Accuracy: 1.0000 F1: 1.0000


--------------------------------------------------------------------
Begin DFA extraction with n_state:14
Done fitting takes time: 0.2606
==Minimized===

This DFA has 6 states
States: ['9', '12', '6', '5', '11', '10']
Alphabet: set(['1', '0'])
Starting state: 5
Accepting states: ['9', '12', '6']
Transition function:
	10	11	12	5	6	9
1 	11	11	9	12	6	12
0 	6	11	10	9	10	9
Current state: 5
Currently accepting: False

Precision: 1.0000 Recall: 1.0000 Accuracy: 1.0000 F1: 1.0000


--------------------------------------------------------------------
Begin DFA extraction with n_state:15
Done fitting takes time: 0.3290
==Minimized===

This DFA has 6 states
States: ['15', '12', '6', '5', '11', '10']
Alphabet: set(['1', '0'])
Starting state: 5
Accepting states: ['12', '15', '6']
Transition function:
	10	11	12	15	5	6
1 	11	11	15	12	12	6
0 	6	11	10	15	15	10
Current state: 5
Currently accepting: False

Precision: 1.0000 Recall: 1.0000 Accuracy: 1.0000 F1: 1.0000


--------------------------------------------------------------------
Begin DFA extraction with n_state:16
Done fitting takes time: 0.2297
==Minimized===

This DFA has 6 states
States: ['15', '12', '16', '5', '11', '10']
Alphabet: set(['1', '0'])
Starting state: 5
Accepting states: ['12', '15', '16']
Transition function:
	10	11	12	15	16	5
1 	11	11	15	12	16	12
0 	16	11	10	15	10	15
Current state: 5
Currently accepting: False

Precision: 1.0000 Recall: 1.0000 Accuracy: 1.0000 F1: 1.0000


--------------------------------------------------------------------
Begin DFA extraction with n_state:17
Done fitting takes time: 0.2394
==Minimized===

This DFA has 6 states
States: ['15', '12', '16', '5', '11', '10']
Alphabet: set(['1', '0'])
Starting state: 5
Accepting states: ['12', '15', '16']
Transition function:
	10	11	12	15	16	5
1 	11	11	15	12	16	12
0 	16	11	10	15	10	15
Current state: 5
Currently accepting: False

Precision: 1.0000 Recall: 1.0000 Accuracy: 1.0000 F1: 1.0000


--------------------------------------------------------------------
Begin DFA extraction with n_state:18
Done fitting takes time: 0.5559
==Minimized===

This DFA has 6 states
States: ['15', '12', '16', '5', '11', '10']
Alphabet: set(['1', '0'])
Starting state: 5
Accepting states: ['12', '15', '16']
Transition function:
	10	11	12	15	16	5
1 	11	11	15	12	16	12
0 	16	11	10	15	10	15
Current state: 5
Currently accepting: False

Precision: 1.0000 Recall: 1.0000 Accuracy: 1.0000 F1: 1.0000


--------------------------------------------------------------------
Begin DFA extraction with n_state:19
Done fitting takes time: 0.5974
==Minimized===

This DFA has 6 states
States: ['15', '12', '16', '5', '11', '10']
Alphabet: set(['1', '0'])
Starting state: 5
Accepting states: ['12', '15', '16']
Transition function:
	10	11	12	15	16	5
1 	11	11	15	12	16	12
0 	16	11	10	15	10	15
Current state: 5
Currently accepting: False

Precision: 1.0000 Recall: 1.0000 Accuracy: 1.0000 F1: 1.0000
[ 0.01203008  0.6280285   0.45920746  0.94767025  1.          1.          1.
  1.          1.          1.          1.          1.          1.          1.
  1.          1.          1.          1.        ]


[[ 0.43137255  0.53856008  0.6280285   0.43137255  0.43137255  0.6280285
   0.6280285   0.6280285   0.6280285   0.6280285   0.83848797  0.97110676
   0.97110676  0.97110676  1.          1.          1.          1.        ]
 [ 0.43137255  0.02253797  0.          0.          0.          0.          0.
   0.0110331   0.0110331   0.0110331   0.02293121  0.02865613  0.05116059
   0.05116059  0.17177914  0.17177914  0.20117417  0.20117417]
 [ 0.          0.          0.          0.          0.          0.          0.
   0.          0.          0.          0.          0.          0.          0.
   0.          0.          0.          0.        ]
 [ 0.          0.          0.          0.          0.          0.          0.
   0.          0.          0.          0.          0.          0.          0.
   0.          0.          0.          0.        ]
 [ 0.          0.6280285   0.45920746  0.45920746  0.45920746  0.45920746
   0.45920746  0.85577649  1.          1.          1.          1.          1.
   1.          1.          1.          1.          1.        ]
 [ 0.01203008  0.6280285   0.45920746  0.94767025  1.          1.          1.
   1.          1.          1.          1.          1.          1.          1.
   1.          1.          1.          1.        ]
 [ 0.          0.          0.          0.          0.          0.          0.
   0.          0.          0.          0.          0.          0.          0.
   0.          0.          0.          0.        ]
 [ 0.          0.          0.          0.          0.          0.          0.
   0.          0.          0.          0.          0.          0.          0.
   0.          0.          0.          0.        ]
 [ 0.          0.          0.          0.          0.          0.          0.
   0.          0.          0.          0.          0.          0.          0.
   0.          0.          0.          0.        ]]
