G:g3, model:GRU tanh, load all data and stored hidden activations


--------------------------------------------------------------------
Begin DFA extraction with n_state:2
Done fitting takes time: 0.2278
==Minimized===

This DFA has 1 states
States: ['1']
Alphabet: set(['1', '0'])
Starting state: 1
Accepting states: ['1']
Transition function:
	1
1 	1
0 	1
Current state: 1
Currently accepting: True

Precision: 0.4578 Recall: 1.0000 Accuracy: 0.4578 F1: 0.6280


--------------------------------------------------------------------
Begin DFA extraction with n_state:3
Done fitting takes time: 0.2661
==Minimized===

This DFA has 1 states
States: ['3']
Alphabet: set(['1', '0'])
Starting state: 3
Accepting states: []
Transition function:
	3
1 	3
0 	3
Current state: 3
Currently accepting: False

Precision: 0.0000 Recall: 0.0000 Accuracy: 0.5422 F1: 0.0000


--------------------------------------------------------------------
Begin DFA extraction with n_state:4
Done fitting takes time: 0.2595
==Minimized===

This DFA has 1 states
States: ['3']
Alphabet: set(['1', '0'])
Starting state: 3
Accepting states: ['3']
Transition function:
	3
1 	3
0 	3
Current state: 3
Currently accepting: True

Precision: 0.4578 Recall: 1.0000 Accuracy: 0.4578 F1: 0.6280


--------------------------------------------------------------------
Begin DFA extraction with n_state:5
Done fitting takes time: 0.3834
==Minimized===

This DFA has 3 states
States: ['4', '3', '5']
Alphabet: set(['1', '0'])
Starting state: 3
Accepting states: ['3', '5']
Transition function:
	3	4	5
1 	3	5	4
0 	4	4	4
Current state: 3
Currently accepting: True

Precision: 0.4958 Recall: 0.3853 Accuracy: 0.5392 F1: 0.4336


--------------------------------------------------------------------
Begin DFA extraction with n_state:6
Done fitting takes time: 0.4277
==Minimized===

This DFA has 2 states
States: ['6', '3']
Alphabet: set(['1', '0'])
Starting state: 3
Accepting states: ['6']
Transition function:
	3	6
1 	3	3
0 	6	3
Current state: 3
Currently accepting: False

Precision: 0.1926 Recall: 0.1079 Accuracy: 0.3846 F1: 0.1383


--------------------------------------------------------------------
Begin DFA extraction with n_state:7
Done fitting takes time: 0.2376
==Minimized===

This DFA has 3 states
States: ['1', '3', '6']
Alphabet: set(['1', '0'])
Starting state: 3
Accepting states: ['3', '6']
Transition function:
	1	3	6
1 	1	3	1
0 	1	6	3
Current state: 3
Currently accepting: True

Precision: 0.8570 Recall: 0.3293 Accuracy: 0.6678 F1: 0.4758


--------------------------------------------------------------------
Begin DFA extraction with n_state:8
Done fitting takes time: 0.2926
==Minimized===

This DFA has 3 states
States: ['3', '1', '6']
Alphabet: set(['1', '0'])
Starting state: 3
Accepting states: ['3']
Transition function:
	1	3	6
1 	1	3	1
0 	1	6	3
Current state: 3
Currently accepting: True

Precision: 1.0000 Recall: 0.2980 Accuracy: 0.6787 F1: 0.4592


--------------------------------------------------------------------
Begin DFA extraction with n_state:9
Done fitting takes time: 0.3747
==Minimized===

This DFA has 3 states
States: ['3', '1', '6']
Alphabet: set(['1', '0'])
Starting state: 3
Accepting states: ['3']
Transition function:
	1	3	6
1 	1	3	1
0 	1	6	3
Current state: 3
Currently accepting: True

Precision: 1.0000 Recall: 0.2980 Accuracy: 0.6787 F1: 0.4592


--------------------------------------------------------------------
Begin DFA extraction with n_state:10
Done fitting takes time: 0.2273
==Minimized===

This DFA has 3 states
States: ['3', '10', '1']
Alphabet: set(['1', '0'])
Starting state: 3
Accepting states: ['3']
Transition function:
	1	10	3
1 	1	1	3
0 	1	3	10
Current state: 3
Currently accepting: True

Precision: 1.0000 Recall: 0.2980 Accuracy: 0.6787 F1: 0.4592


--------------------------------------------------------------------
Begin DFA extraction with n_state:11
Done fitting takes time: 0.3662
==Minimized===

This DFA has 3 states
States: ['3', '10', '1']
Alphabet: set(['1', '0'])
Starting state: 3
Accepting states: ['3']
Transition function:
	1	10	3
1 	1	1	3
0 	1	3	10
Current state: 3
Currently accepting: True

Precision: 1.0000 Recall: 0.2980 Accuracy: 0.6787 F1: 0.4592


--------------------------------------------------------------------
Begin DFA extraction with n_state:12
Done fitting takes time: 0.4295
==Minimized===

This DFA has 3 states
States: ['3', '10', '1']
Alphabet: set(['1', '0'])
Starting state: 3
Accepting states: ['3']
Transition function:
	1	10	3
1 	1	1	3
0 	1	3	10
Current state: 3
Currently accepting: True

Precision: 1.0000 Recall: 0.2980 Accuracy: 0.6787 F1: 0.4592


--------------------------------------------------------------------
Begin DFA extraction with n_state:13
Done fitting takes time: 0.6683
==Minimized===

This DFA has 7 states
States: ['11', '3', '8', '10', '1', '13', '5']
Alphabet: set(['1', '0'])
Starting state: 3
Accepting states: ['11', '13', '3', '5', '8']
Transition function:
	1	10	11	13	3	5	8
1 	1	1	5	3	3	11	11
0 	1	13	11	10	8	10	11
Current state: 3
Currently accepting: True

Precision: 0.6890 Recall: 0.8311 Accuracy: 0.7509 F1: 0.7534


--------------------------------------------------------------------
Begin DFA extraction with n_state:14
Done fitting takes time: 0.7243
==Minimized===

This DFA has 7 states
States: ['11', '13', '3', '8', '14', '10', '1']
Alphabet: set(['1', '0'])
Starting state: 14
Accepting states: ['11', '13', '3']
Transition function:
	1	10	11	13	14	3	8
1 	1	1	13	11	8	3	11
0 	1	3	11	10	8	10	11
Current state: 14
Currently accepting: False

Precision: 0.8457 Recall: 0.8654 Accuracy: 0.8661 F1: 0.8554


--------------------------------------------------------------------
Begin DFA extraction with n_state:15
Done fitting takes time: 0.4585
==Minimized===

This DFA has 6 states
States: ['11', '13', '3', '14', '10', '1']
Alphabet: set(['1', '0'])
Starting state: 14
Accepting states: ['11', '13', '3']
Transition function:
	1	10	11	13	14	3
1 	1	1	13	11	13	3
0 	1	3	11	10	11	10
Current state: 14
Currently accepting: False

Precision: 1.0000 Recall: 1.0000 Accuracy: 1.0000 F1: 1.0000


--------------------------------------------------------------------
Begin DFA extraction with n_state:16
Done fitting takes time: 0.6011
==Minimized===

This DFA has 6 states
States: ['11', '13', '3', '14', '10', '1']
Alphabet: set(['1', '0'])
Starting state: 14
Accepting states: ['11', '13', '3']
Transition function:
	1	10	11	13	14	3
1 	1	1	13	11	13	3
0 	1	3	11	10	11	10
Current state: 14
Currently accepting: False

Precision: 1.0000 Recall: 1.0000 Accuracy: 1.0000 F1: 1.0000


--------------------------------------------------------------------
Begin DFA extraction with n_state:17
Done fitting takes time: 0.6654
==Minimized===

This DFA has 6 states
States: ['11', '13', '3', '14', '10', '1']
Alphabet: set(['1', '0'])
Starting state: 14
Accepting states: ['11', '13', '3']
Transition function:
	1	10	11	13	14	3
1 	1	1	13	11	13	3
0 	1	3	11	10	11	10
Current state: 14
Currently accepting: False

Precision: 1.0000 Recall: 1.0000 Accuracy: 1.0000 F1: 1.0000


--------------------------------------------------------------------
Begin DFA extraction with n_state:18
Done fitting takes time: 0.5408
==Minimized===

This DFA has 6 states
States: ['11', '13', '3', '14', '10', '1']
Alphabet: set(['1', '0'])
Starting state: 14
Accepting states: ['11', '13', '3']
Transition function:
	1	10	11	13	14	3
1 	1	1	13	11	13	3
0 	1	3	11	10	11	10
Current state: 14
Currently accepting: False

Precision: 1.0000 Recall: 1.0000 Accuracy: 1.0000 F1: 1.0000


--------------------------------------------------------------------
Begin DFA extraction with n_state:19
Done fitting takes time: 0.8862
==Minimized===

This DFA has 6 states
States: ['11', '13', '3', '14', '10', '1']
Alphabet: set(['1', '0'])
Starting state: 14
Accepting states: ['11', '13', '3']
Transition function:
	1	10	11	13	14	3
1 	1	1	13	11	13	3
0 	1	3	11	10	11	10
Current state: 14
Currently accepting: False

Precision: 1.0000 Recall: 1.0000 Accuracy: 1.0000 F1: 1.0000
[ 0.6280285   0.          0.6280285   0.43359818  0.13833226  0.47577413
  0.45920746  0.45920746  0.45920746  0.45920746  0.45920746  0.75337143
  0.8554337   1.          1.          1.          1.          1.        ]


[[ 0.          0.          0.6280285   0.43137255  0.43137255  0.6280285
   0.6280285   0.8038103   0.62759385  0.7040533   0.79911344  0.79911344
   0.79911344  0.79911344  0.79911344  0.79911344  0.83424485  0.83424485]
 [ 0.          0.          0.          0.          0.          0.          0.
   0.6280285   0.43104919  0.61188672  0.67723045  0.79259423  0.79259423
   0.79321735  0.82447296  0.78948809  0.84197345  0.84197345]
 [ 0.          0.01203008  0.45920746  0.45920746  0.45920746  1.          1.
   1.          1.          1.          1.          1.          1.          1.
   1.          1.          1.          1.        ]
 [ 0.6280285   0.          0.45920746  0.94767025  0.94767025  1.          1.
   1.          1.          1.          1.          1.          1.          1.
   1.          1.          1.          1.        ]
 [ 0.6280285   0.6280285   0.45920746  0.45920746  0.45920746  0.45920746
   0.45920746  0.45920746  0.85577649  0.85577649  0.85577649  0.85577649
   1.          1.          1.          1.          1.          1.        ]
 [ 0.          0.43092666  0.94767025  0.94767025  1.          1.          1.
   1.          1.          1.          1.          1.          1.          1.
   1.          1.          1.          1.        ]
 [ 0.          0.6280285   0.61633466  0.43092666  0.61633466  0.61633466
   0.61633466  0.61633466  0.61218586  0.61218586  0.61218586  0.78641371
   0.86879635  0.86879635  0.86879635  0.86879635  0.86879635  1.        ]
 [ 0.          0.13833226  0.          0.          0.62571333  0.43137255
   0.67143759  0.63155242  0.63155242  0.63155242  0.63155242  0.63155242
   0.74056742  0.74056742  0.74056742  0.8554337   0.74056742  0.8554337 ]
 [ 0.6280285   0.          0.6280285   0.43359818  0.13833226  0.47577413
   0.45920746  0.45920746  0.45920746  0.45920746  0.45920746  0.75337143
   0.8554337   1.          1.          1.          1.          1.        ]]
