G:g3, model:UNI sigmoid, load all data and stored hidden activations


--------------------------------------------------------------------
Begin DFA extraction with n_state:2
Done fitting takes time: 0.4235
==Minimized===

This DFA has 1 states
States: ['2']
Alphabet: set(['1', '0'])
Starting state: 2
Accepting states: []
Transition function:
	2
1 	2
0 	2
Current state: 2
Currently accepting: False

Precision: 0.0000 Recall: 0.0000 Accuracy: 0.5422 F1: 0.0000


--------------------------------------------------------------------
Begin DFA extraction with n_state:3
Done fitting takes time: 0.5962
==Minimized===

This DFA has 1 states
States: ['3']
Alphabet: set(['1', '0'])
Starting state: 3
Accepting states: ['3']
Transition function:
	3
1 	3
0 	3
Current state: 3
Currently accepting: True

Precision: 0.4578 Recall: 1.0000 Accuracy: 0.4578 F1: 0.6280


--------------------------------------------------------------------
Begin DFA extraction with n_state:4
Done fitting takes time: 0.1997
==Minimized===

This DFA has 3 states
States: ['4', '1', '3']
Alphabet: set(['1', '0'])
Starting state: 4
Accepting states: ['4']
Transition function:
	1	3	4
1 	1	1	4
0 	1	4	3
Current state: 4
Currently accepting: True

Precision: 1.0000 Recall: 0.2980 Accuracy: 0.6787 F1: 0.4592


--------------------------------------------------------------------
Begin DFA extraction with n_state:5
Done fitting takes time: 0.2048
==Minimized===

This DFA has 3 states
States: ['4', '1', '3']
Alphabet: set(['1', '0'])
Starting state: 4
Accepting states: ['4']
Transition function:
	1	3	4
1 	1	1	4
0 	1	4	3
Current state: 4
Currently accepting: True

Precision: 1.0000 Recall: 0.2980 Accuracy: 0.6787 F1: 0.4592


--------------------------------------------------------------------
Begin DFA extraction with n_state:6
Done fitting takes time: 0.5570
==Minimized===

This DFA has 3 states
States: ['4', '1', '3']
Alphabet: set(['1', '0'])
Starting state: 4
Accepting states: ['4']
Transition function:
	1	3	4
1 	1	1	4
0 	1	4	3
Current state: 4
Currently accepting: True

Precision: 1.0000 Recall: 0.2980 Accuracy: 0.6787 F1: 0.4592


--------------------------------------------------------------------
Begin DFA extraction with n_state:7
Done fitting takes time: 0.4010
==Minimized===

This DFA has 3 states
States: ['4', '1', '3']
Alphabet: set(['1', '0'])
Starting state: 4
Accepting states: ['4']
Transition function:
	1	3	4
1 	1	1	4
0 	1	4	3
Current state: 4
Currently accepting: True

Precision: 1.0000 Recall: 0.2980 Accuracy: 0.6787 F1: 0.4592


--------------------------------------------------------------------
Begin DFA extraction with n_state:8
Done fitting takes time: 0.3922
==Minimized===

This DFA has 3 states
States: ['4', '1', '3']
Alphabet: set(['1', '0'])
Starting state: 4
Accepting states: ['4']
Transition function:
	1	3	4
1 	1	1	4
0 	1	4	3
Current state: 4
Currently accepting: True

Precision: 1.0000 Recall: 0.2980 Accuracy: 0.6787 F1: 0.4592


--------------------------------------------------------------------
Begin DFA extraction with n_state:9
Done fitting takes time: 0.2939
==Minimized===

This DFA has 6 states
States: ['4', '7', '1', '3', '2', '9']
Alphabet: set(['1', '0'])
Starting state: 9
Accepting states: ['2', '4', '7', '9']
Transition function:
	1	2	3	4	7	9
1 	1	7	1	4	2	4
0 	1	2	9	3	3	2
Current state: 9
Currently accepting: True

Precision: 0.8543 Recall: 0.8573 Accuracy: 0.8677 F1: 0.8558


--------------------------------------------------------------------
Begin DFA extraction with n_state:10
Done fitting takes time: 0.2600
==Minimized===

This DFA has 6 states
States: ['2', '4', '7', '9', '1', '3']
Alphabet: set(['1', '0'])
Starting state: 9
Accepting states: ['2', '4', '7']
Transition function:
	1	2	3	4	7	9
1 	1	7	1	4	2	7
0 	1	2	4	3	3	2
Current state: 9
Currently accepting: False

Precision: 1.0000 Recall: 1.0000 Accuracy: 1.0000 F1: 1.0000


--------------------------------------------------------------------
Begin DFA extraction with n_state:11
Done fitting takes time: 0.4356
==Minimized===

This DFA has 6 states
States: ['10', '11', '4', '9', '1', '3']
Alphabet: set(['1', '0'])
Starting state: 9
Accepting states: ['11', '10', '4']
Transition function:
	1	10	11	3	4	9
1 	1	11	10	1	4	11
0 	1	10	3	4	3	10
Current state: 9
Currently accepting: False

Precision: 1.0000 Recall: 1.0000 Accuracy: 1.0000 F1: 1.0000


--------------------------------------------------------------------
Begin DFA extraction with n_state:12
Done fitting takes time: 0.2537
==Minimized===

This DFA has 6 states
States: ['10', '11', '4', '9', '1', '3']
Alphabet: set(['1', '0'])
Starting state: 9
Accepting states: ['11', '10', '4']
Transition function:
	1	10	11	3	4	9
1 	1	11	10	1	4	11
0 	1	10	3	4	3	10
Current state: 9
Currently accepting: False

Precision: 1.0000 Recall: 1.0000 Accuracy: 1.0000 F1: 1.0000


--------------------------------------------------------------------
Begin DFA extraction with n_state:13
Done fitting takes time: 0.4582
==Minimized===

This DFA has 6 states
States: ['10', '11', '13', '9', '1', '3']
Alphabet: set(['1', '0'])
Starting state: 9
Accepting states: ['11', '10', '13']
Transition function:
	1	10	11	13	3	9
1 	1	11	10	13	1	11
0 	1	10	3	3	13	10
Current state: 9
Currently accepting: False

Precision: 1.0000 Recall: 1.0000 Accuracy: 1.0000 F1: 1.0000


--------------------------------------------------------------------
Begin DFA extraction with n_state:14
Done fitting takes time: 0.2150
==Minimized===

This DFA has 6 states
States: ['10', '11', '13', '9', '1', '3']
Alphabet: set(['1', '0'])
Starting state: 9
Accepting states: ['11', '10', '13']
Transition function:
	1	10	11	13	3	9
1 	1	11	10	13	1	11
0 	1	10	3	3	13	10
Current state: 9
Currently accepting: False

Precision: 1.0000 Recall: 1.0000 Accuracy: 1.0000 F1: 1.0000


--------------------------------------------------------------------
Begin DFA extraction with n_state:15
Done fitting takes time: 0.6055
==Minimized===

This DFA has 6 states
States: ['10', '11', '13', '9', '15', '3']
Alphabet: set(['1', '0'])
Starting state: 9
Accepting states: ['11', '10', '13']
Transition function:
	10	11	13	15	3	9
1 	11	10	13	15	15	11
0 	10	3	3	15	13	10
Current state: 9
Currently accepting: False

Precision: 1.0000 Recall: 1.0000 Accuracy: 1.0000 F1: 1.0000


--------------------------------------------------------------------
Begin DFA extraction with n_state:16
Done fitting takes time: 0.2238
==Minimized===

This DFA has 6 states
States: ['10', '11', '13', '9', '15', '3']
Alphabet: set(['1', '0'])
Starting state: 9
Accepting states: ['11', '10', '13']
Transition function:
	10	11	13	15	3	9
1 	11	10	13	15	15	11
0 	10	3	3	15	13	10
Current state: 9
Currently accepting: False

Precision: 1.0000 Recall: 1.0000 Accuracy: 1.0000 F1: 1.0000


--------------------------------------------------------------------
Begin DFA extraction with n_state:17
Done fitting takes time: 0.2247
==Minimized===

This DFA has 6 states
States: ['10', '11', '13', '9', '15', '3']
Alphabet: set(['1', '0'])
Starting state: 9
Accepting states: ['11', '10', '13']
Transition function:
	10	11	13	15	3	9
1 	11	10	13	15	15	11
0 	10	3	3	15	13	10
Current state: 9
Currently accepting: False

Precision: 1.0000 Recall: 1.0000 Accuracy: 1.0000 F1: 1.0000


--------------------------------------------------------------------
Begin DFA extraction with n_state:18
Done fitting takes time: 0.4977
==Minimized===

This DFA has 6 states
States: ['10', '11', '13', '9', '15', '3']
Alphabet: set(['1', '0'])
Starting state: 9
Accepting states: ['11', '10', '13']
Transition function:
	10	11	13	15	3	9
1 	11	10	13	15	15	11
0 	10	3	3	15	13	10
Current state: 9
Currently accepting: False

Precision: 1.0000 Recall: 1.0000 Accuracy: 1.0000 F1: 1.0000


--------------------------------------------------------------------
Begin DFA extraction with n_state:19
Done fitting takes time: 0.4678
==Minimized===

This DFA has 6 states
States: ['10', '11', '13', '9', '15', '3']
Alphabet: set(['1', '0'])
Starting state: 9
Accepting states: ['11', '10', '13']
Transition function:
	10	11	13	15	3	9
1 	11	10	13	15	15	11
0 	10	3	3	15	13	10
Current state: 9
Currently accepting: False

Precision: 1.0000 Recall: 1.0000 Accuracy: 1.0000 F1: 1.0000
[ 0.          0.6280285   0.45920746  0.45920746  0.45920746  0.45920746
  0.45920746  0.85577649  1.          1.          1.          1.          1.
  1.          1.          1.          1.          1.        ]


[[ 0.43137255  0.53856008  0.6280285   0.43137255  0.43137255  0.6280285
   0.6280285   0.6280285   0.6280285   0.6280285   0.83848797  0.97110676
   0.97110676  0.97110676  1.          1.          1.          1.        ]
 [ 0.43137255  0.02253797  0.          0.          0.          0.          0.
   0.0110331   0.0110331   0.0110331   0.02293121  0.02865613  0.05116059
   0.05116059  0.17177914  0.17177914  0.20117417  0.20117417]
 [ 0.          0.          0.          0.          0.          0.          0.
   0.          0.          0.          0.          0.          0.          0.
   0.          0.          0.          0.        ]
 [ 0.          0.          0.          0.          0.          0.          0.
   0.          0.          0.          0.          0.          0.          0.
   0.          0.          0.          0.        ]
 [ 0.          0.6280285   0.45920746  0.45920746  0.45920746  0.45920746
   0.45920746  0.85577649  1.          1.          1.          1.          1.
   1.          1.          1.          1.          1.        ]
 [ 0.          0.          0.          0.          0.          0.          0.
   0.          0.          0.          0.          0.          0.          0.
   0.          0.          0.          0.        ]
 [ 0.          0.          0.          0.          0.          0.          0.
   0.          0.          0.          0.          0.          0.          0.
   0.          0.          0.          0.        ]
 [ 0.          0.          0.          0.          0.          0.          0.
   0.          0.          0.          0.          0.          0.          0.
   0.          0.          0.          0.        ]
 [ 0.          0.          0.          0.          0.          0.          0.
   0.          0.          0.          0.          0.          0.          0.
   0.          0.          0.          0.        ]]
