G:g3, model:UNI tanh, load all data and stored hidden activations


--------------------------------------------------------------------
Begin DFA extraction with n_state:2
Done fitting takes time: 0.4716
==Minimized===

This DFA has 1 states
States: ['2']
Alphabet: set(['1', '0'])
Starting state: 2
Accepting states: []
Transition function:
	2
1 	2
0 	2
Current state: 2
Currently accepting: False

Precision: 0.0000 Recall: 0.0000 Accuracy: 0.5422 F1: 0.0000


--------------------------------------------------------------------
Begin DFA extraction with n_state:3
Done fitting takes time: 0.1842
==Minimized===

This DFA has 2 states
States: ['3', '2']
Alphabet: set(['1', '0'])
Starting state: 2
Accepting states: ['3']
Transition function:
	2	3
1 	3	2
0 	2	2
Current state: 2
Currently accepting: False

Precision: 0.4938 Recall: 0.3822 Accuracy: 0.5379 F1: 0.4309


--------------------------------------------------------------------
Begin DFA extraction with n_state:4
Done fitting takes time: 0.3315
==Minimized===

This DFA has 4 states
States: ['3', '2', '1', '4']
Alphabet: set(['1', '0'])
Starting state: 2
Accepting states: ['3', '2']
Transition function:
	1	2	3	4
1 	1	3	2	1
0 	1	2	4	3
Current state: 2
Currently accepting: True

Precision: 0.9005 Recall: 1.0000 Accuracy: 0.9494 F1: 0.9477


--------------------------------------------------------------------
Begin DFA extraction with n_state:5
Done fitting takes time: 0.3843
==Minimized===

This DFA has 5 states
States: ['3', '2', '5', '1', '4']
Alphabet: set(['1', '0'])
Starting state: 5
Accepting states: ['3', '2']
Transition function:
	1	2	3	4	5
1 	1	3	2	1	3
0 	1	2	4	3	2
Current state: 5
Currently accepting: False

Precision: 0.9005 Recall: 1.0000 Accuracy: 0.9494 F1: 0.9477


--------------------------------------------------------------------
Begin DFA extraction with n_state:6
Done fitting takes time: 0.2032
==Minimized===

This DFA has 6 states
States: ['2', '3', '6', '5', '1', '4']
Alphabet: set(['1', '0'])
Starting state: 5
Accepting states: ['3', '2', '6']
Transition function:
	1	2	3	4	5	6
1 	1	6	3	1	6	2
0 	1	2	4	3	2	4
Current state: 5
Currently accepting: False

Precision: 1.0000 Recall: 1.0000 Accuracy: 1.0000 F1: 1.0000


--------------------------------------------------------------------
Begin DFA extraction with n_state:7
Done fitting takes time: 0.2064
==Minimized===

This DFA has 6 states
States: ['2', '3', '6', '5', '1', '4']
Alphabet: set(['1', '0'])
Starting state: 5
Accepting states: ['3', '2', '6']
Transition function:
	1	2	3	4	5	6
1 	1	6	3	1	6	2
0 	1	2	4	3	2	4
Current state: 5
Currently accepting: False

Precision: 1.0000 Recall: 1.0000 Accuracy: 1.0000 F1: 1.0000


--------------------------------------------------------------------
Begin DFA extraction with n_state:8
Done fitting takes time: 0.4469
==Minimized===

This DFA has 6 states
States: ['8', '3', '6', '5', '1', '4']
Alphabet: set(['1', '0'])
Starting state: 5
Accepting states: ['8', '3', '6']
Transition function:
	1	3	4	5	6	8
1 	1	3	1	6	8	6
0 	1	4	3	8	4	8
Current state: 5
Currently accepting: False

Precision: 1.0000 Recall: 1.0000 Accuracy: 1.0000 F1: 1.0000


--------------------------------------------------------------------
Begin DFA extraction with n_state:9
Done fitting takes time: 0.2279
==Minimized===

This DFA has 6 states
States: ['8', '9', '6', '5', '1', '4']
Alphabet: set(['1', '0'])
Starting state: 5
Accepting states: ['9', '8', '6']
Transition function:
	1	4	5	6	8	9
1 	1	1	6	8	6	9
0 	1	9	8	4	8	4
Current state: 5
Currently accepting: False

Precision: 1.0000 Recall: 1.0000 Accuracy: 1.0000 F1: 1.0000


--------------------------------------------------------------------
Begin DFA extraction with n_state:10
Done fitting takes time: 0.5888
==Minimized===

This DFA has 6 states
States: ['10', '3', '6', '5', '1', '4']
Alphabet: set(['1', '0'])
Starting state: 5
Accepting states: ['10', '3', '6']
Transition function:
	1	10	3	4	5	6
1 	1	6	3	1	6	10
0 	1	10	4	3	10	4
Current state: 5
Currently accepting: False

Precision: 1.0000 Recall: 1.0000 Accuracy: 1.0000 F1: 1.0000


--------------------------------------------------------------------
Begin DFA extraction with n_state:11
Done fitting takes time: 0.3924
==Minimized===

This DFA has 6 states
States: ['10', '11', '3', '5', '1', '4']
Alphabet: set(['1', '0'])
Starting state: 5
Accepting states: ['11', '10', '3']
Transition function:
	1	10	11	3	4	5
1 	1	11	10	3	1	11
0 	1	10	4	4	3	10
Current state: 5
Currently accepting: False

Precision: 1.0000 Recall: 1.0000 Accuracy: 1.0000 F1: 1.0000


--------------------------------------------------------------------
Begin DFA extraction with n_state:12
Done fitting takes time: 0.3338
==Minimized===

This DFA has 6 states
States: ['10', '11', '3', '5', '1', '4']
Alphabet: set(['1', '0'])
Starting state: 5
Accepting states: ['11', '10', '3']
Transition function:
	1	10	11	3	4	5
1 	1	11	10	3	1	11
0 	1	10	4	4	3	10
Current state: 5
Currently accepting: False

Precision: 1.0000 Recall: 1.0000 Accuracy: 1.0000 F1: 1.0000


--------------------------------------------------------------------
Begin DFA extraction with n_state:13
Done fitting takes time: 0.2183
==Minimized===

This DFA has 6 states
States: ['10', '11', '3', '5', '1', '4']
Alphabet: set(['1', '0'])
Starting state: 5
Accepting states: ['11', '10', '3']
Transition function:
	1	10	11	3	4	5
1 	1	11	10	3	1	11
0 	1	10	4	4	3	10
Current state: 5
Currently accepting: False

Precision: 1.0000 Recall: 1.0000 Accuracy: 1.0000 F1: 1.0000


--------------------------------------------------------------------
Begin DFA extraction with n_state:14
Done fitting takes time: 0.2206
==Minimized===

This DFA has 6 states
States: ['10', '11', '3', '5', '14', '4']
Alphabet: set(['1', '0'])
Starting state: 5
Accepting states: ['11', '10', '3']
Transition function:
	10	11	14	3	4	5
1 	11	10	14	3	14	11
0 	10	4	14	4	3	10
Current state: 5
Currently accepting: False

Precision: 1.0000 Recall: 1.0000 Accuracy: 1.0000 F1: 1.0000


--------------------------------------------------------------------
Begin DFA extraction with n_state:15
Done fitting takes time: 0.2255
==Minimized===

This DFA has 6 states
States: ['10', '11', '3', '5', '15', '4']
Alphabet: set(['1', '0'])
Starting state: 5
Accepting states: ['11', '10', '3']
Transition function:
	10	11	15	3	4	5
1 	11	10	15	3	15	11
0 	10	4	15	4	3	10
Current state: 5
Currently accepting: False

Precision: 1.0000 Recall: 1.0000 Accuracy: 1.0000 F1: 1.0000


--------------------------------------------------------------------
Begin DFA extraction with n_state:16
Done fitting takes time: 0.4608
==Minimized===

This DFA has 6 states
States: ['10', '11', '3', '5', '15', '4']
Alphabet: set(['1', '0'])
Starting state: 5
Accepting states: ['11', '10', '3']
Transition function:
	10	11	15	3	4	5
1 	11	10	15	3	15	11
0 	10	4	15	4	3	10
Current state: 5
Currently accepting: False

Precision: 1.0000 Recall: 1.0000 Accuracy: 1.0000 F1: 1.0000


--------------------------------------------------------------------
Begin DFA extraction with n_state:17
Done fitting takes time: 0.3548
==Minimized===

This DFA has 6 states
States: ['10', '11', '3', '5', '15', '4']
Alphabet: set(['1', '0'])
Starting state: 5
Accepting states: ['11', '10', '3']
Transition function:
	10	11	15	3	4	5
1 	11	10	15	3	15	11
0 	10	4	15	4	3	10
Current state: 5
Currently accepting: False

Precision: 1.0000 Recall: 1.0000 Accuracy: 1.0000 F1: 1.0000


--------------------------------------------------------------------
Begin DFA extraction with n_state:18
Done fitting takes time: 0.4359
==Minimized===

This DFA has 6 states
States: ['10', '11', '3', '5', '15', '4']
Alphabet: set(['1', '0'])
Starting state: 5
Accepting states: ['11', '10', '3']
Transition function:
	10	11	15	3	4	5
1 	11	10	15	3	15	11
0 	10	4	15	4	3	10
Current state: 5
Currently accepting: False

Precision: 1.0000 Recall: 1.0000 Accuracy: 1.0000 F1: 1.0000


--------------------------------------------------------------------
Begin DFA extraction with n_state:19
Done fitting takes time: 0.2293
==Minimized===

This DFA has 6 states
States: ['10', '11', '3', '5', '15', '19']
Alphabet: set(['1', '0'])
Starting state: 5
Accepting states: ['11', '10', '3']
Transition function:
	10	11	15	19	3	5
1 	11	10	15	15	3	11
0 	10	19	15	3	19	10
Current state: 5
Currently accepting: False

Precision: 1.0000 Recall: 1.0000 Accuracy: 1.0000 F1: 1.0000
[ 0.          0.43092666  0.94767025  0.94767025  1.          1.          1.
  1.          1.          1.          1.          1.          1.          1.
  1.          1.          1.          1.        ]


[[ 0.          0.          0.6280285   0.61434263  0.6280285   0.6280285
   0.70852221  0.6280285   0.6280285   0.55989515  0.43062873  0.73395371
   0.73395371  0.73395371  0.83428261  0.83428261  1.          1.        ]
 [ 0.          0.          0.          0.          0.          0.56060881
   0.29994435  0.0292113   0.12342342  0.35825748  0.50166429  0.21617294
   0.02242808  0.41410317  0.28184282  0.50940799  0.41410317  0.46753247]
 [ 0.          0.          0.          0.          0.          0.          0.
   0.          0.          0.          0.          0.          0.          0.
   0.          0.          0.          0.        ]
 [ 0.          0.          0.          0.          0.          0.          0.
   0.          0.          0.          0.          0.          0.          0.
   0.          0.          0.          0.        ]
 [ 0.6280285   0.6280285   0.13833226  0.6280285   0.45920746  0.94767025
   0.94767025  0.90734386  0.90734386  0.90734386  0.97158256  0.97158256
   1.          1.          1.          1.          1.          1.        ]
 [ 0.          0.43092666  0.94767025  0.94767025  1.          1.          1.
   1.          1.          1.          1.          1.          1.          1.
   1.          1.          1.          1.        ]
 [ 0.          0.          0.          0.          0.          0.          0.
   0.          0.          0.          0.          0.          0.          0.
   0.          0.          0.          0.        ]
 [ 0.          0.          0.          0.          0.          0.          0.
   0.          0.          0.          0.          0.          0.          0.
   0.          0.          0.          0.        ]
 [ 0.          0.          0.          0.          0.          0.          0.
   0.          0.          0.          0.          0.          0.          0.
   0.          0.          0.          0.        ]]
