G:g3, model:O2 sigmoid, load all data and stored hidden activations


--------------------------------------------------------------------
Begin DFA extraction with n_state:2
Done fitting takes time: 0.3535
==Minimized===

This DFA has 2 states
States: ['2', '1']
Alphabet: set(['1', '0'])
Starting state: 2
Accepting states: ['2']
Transition function:
	1	2
1 	1	2
0 	1	1
Current state: 2
Currently accepting: True

Precision: 1.0000 Recall: 0.0055 Accuracy: 0.5448 F1: 0.0110


--------------------------------------------------------------------
Begin DFA extraction with n_state:3
Done fitting takes time: 0.1911
==Minimized===

This DFA has 3 states
States: ['1', '3', '2']
Alphabet: set(['1', '0'])
Starting state: 3
Accepting states: ['3', '2']
Transition function:
	1	2	3
1 	1	3	2
0 	1	1	3
Current state: 3
Currently accepting: True

Precision: 1.0000 Recall: 0.4695 Accuracy: 0.7572 F1: 0.6390


--------------------------------------------------------------------
Begin DFA extraction with n_state:4
Done fitting takes time: 0.2150
==Minimized===

This DFA has 4 states
States: ['3', '2', '1', '4']
Alphabet: set(['1', '0'])
Starting state: 3
Accepting states: ['3', '2']
Transition function:
	1	2	3	4
1 	1	3	2	1
0 	1	4	3	2
Current state: 3
Currently accepting: True

Precision: 0.9005 Recall: 1.0000 Accuracy: 0.9494 F1: 0.9477


--------------------------------------------------------------------
Begin DFA extraction with n_state:5
Done fitting takes time: 0.2121
==Minimized===

This DFA has 3 states
States: ['5', '1', '4']
Alphabet: set(['1', '0'])
Starting state: 5
Accepting states: ['5']
Transition function:
	1	4	5
1 	1	1	5
0 	1	5	4
Current state: 5
Currently accepting: True

Precision: 1.0000 Recall: 0.2980 Accuracy: 0.6787 F1: 0.4592


--------------------------------------------------------------------
Begin DFA extraction with n_state:6
Done fitting takes time: 0.2152
==Minimized===

This DFA has 3 states
States: ['5', '1', '4']
Alphabet: set(['1', '0'])
Starting state: 5
Accepting states: ['5']
Transition function:
	1	4	5
1 	1	1	5
0 	1	5	4
Current state: 5
Currently accepting: True

Precision: 1.0000 Recall: 0.2980 Accuracy: 0.6787 F1: 0.4592


--------------------------------------------------------------------
Begin DFA extraction with n_state:7
Done fitting takes time: 0.2077
==Minimized===

This DFA has 6 states
States: ['3', '2', '5', '7', '1', '4']
Alphabet: set(['1', '0'])
Starting state: 7
Accepting states: ['3', '2', '5']
Transition function:
	1	2	3	4	5	7
1 	1	3	2	1	5	2
0 	1	4	3	5	4	3
Current state: 7
Currently accepting: False

Precision: 1.0000 Recall: 1.0000 Accuracy: 1.0000 F1: 1.0000


--------------------------------------------------------------------
Begin DFA extraction with n_state:8
Done fitting takes time: 0.3069
==Minimized===

This DFA has 6 states
States: ['3', '8', '2', '7', '1', '4']
Alphabet: set(['1', '0'])
Starting state: 7
Accepting states: ['8', '3', '2']
Transition function:
	1	2	3	4	7	8
1 	1	3	2	1	2	8
0 	1	4	3	8	3	4
Current state: 7
Currently accepting: False

Precision: 1.0000 Recall: 1.0000 Accuracy: 1.0000 F1: 1.0000


--------------------------------------------------------------------
Begin DFA extraction with n_state:9
Done fitting takes time: 0.2131
==Minimized===

This DFA has 6 states
States: ['3', '8', '2', '7', '1', '4']
Alphabet: set(['1', '0'])
Starting state: 7
Accepting states: ['8', '3', '2']
Transition function:
	1	2	3	4	7	8
1 	1	3	2	1	2	8
0 	1	4	3	8	3	4
Current state: 7
Currently accepting: False

Precision: 1.0000 Recall: 1.0000 Accuracy: 1.0000 F1: 1.0000


--------------------------------------------------------------------
Begin DFA extraction with n_state:10
Done fitting takes time: 0.2712
==Minimized===

This DFA has 6 states
States: ['10', '2', '5', '7', '1', '4']
Alphabet: set(['1', '0'])
Starting state: 7
Accepting states: ['10', '2', '5']
Transition function:
	1	10	2	4	5	7
1 	1	2	10	1	5	2
0 	1	10	4	5	4	10
Current state: 7
Currently accepting: False

Precision: 1.0000 Recall: 1.0000 Accuracy: 1.0000 F1: 1.0000


--------------------------------------------------------------------
Begin DFA extraction with n_state:11
Done fitting takes time: 0.5765
==Minimized===

This DFA has 6 states
States: ['10', '2', '5', '7', '11', '4']
Alphabet: set(['1', '0'])
Starting state: 7
Accepting states: ['10', '2', '5']
Transition function:
	10	11	2	4	5	7
1 	2	11	10	11	5	2
0 	10	11	4	5	4	10
Current state: 7
Currently accepting: False

Precision: 1.0000 Recall: 1.0000 Accuracy: 1.0000 F1: 1.0000


--------------------------------------------------------------------
Begin DFA extraction with n_state:12
Done fitting takes time: 0.2161
==Minimized===

This DFA has 6 states
States: ['10', '12', '5', '7', '11', '4']
Alphabet: set(['1', '0'])
Starting state: 7
Accepting states: ['10', '12', '5']
Transition function:
	10	11	12	4	5	7
1 	12	11	10	11	5	12
0 	10	11	4	5	4	10
Current state: 7
Currently accepting: False

Precision: 1.0000 Recall: 1.0000 Accuracy: 1.0000 F1: 1.0000


--------------------------------------------------------------------
Begin DFA extraction with n_state:13
Done fitting takes time: 0.3735
==Minimized===

This DFA has 6 states
States: ['10', '12', '5', '7', '11', '4']
Alphabet: set(['1', '0'])
Starting state: 7
Accepting states: ['10', '12', '5']
Transition function:
	10	11	12	4	5	7
1 	12	11	10	11	5	12
0 	10	11	4	5	4	10
Current state: 7
Currently accepting: False

Precision: 1.0000 Recall: 1.0000 Accuracy: 1.0000 F1: 1.0000


--------------------------------------------------------------------
Begin DFA extraction with n_state:14
Done fitting takes time: 0.2258
==Minimized===

This DFA has 6 states
States: ['10', '12', '5', '7', '11', '4']
Alphabet: set(['1', '0'])
Starting state: 7
Accepting states: ['10', '12', '5']
Transition function:
	10	11	12	4	5	7
1 	12	11	10	11	5	12
0 	10	11	4	5	4	10
Current state: 7
Currently accepting: False

Precision: 1.0000 Recall: 1.0000 Accuracy: 1.0000 F1: 1.0000


--------------------------------------------------------------------
Begin DFA extraction with n_state:15
Done fitting takes time: 0.2223
==Minimized===

This DFA has 6 states
States: ['10', '12', '5', '7', '11', '4']
Alphabet: set(['1', '0'])
Starting state: 7
Accepting states: ['10', '12', '5']
Transition function:
	10	11	12	4	5	7
1 	12	11	10	11	5	12
0 	10	11	4	5	4	10
Current state: 7
Currently accepting: False

Precision: 1.0000 Recall: 1.0000 Accuracy: 1.0000 F1: 1.0000


--------------------------------------------------------------------
Begin DFA extraction with n_state:16
Done fitting takes time: 0.4719
==Minimized===

This DFA has 6 states
States: ['10', '12', '5', '7', '11', '4']
Alphabet: set(['1', '0'])
Starting state: 7
Accepting states: ['10', '12', '5']
Transition function:
	10	11	12	4	5	7
1 	12	11	10	11	5	12
0 	10	11	4	5	4	10
Current state: 7
Currently accepting: False

Precision: 1.0000 Recall: 1.0000 Accuracy: 1.0000 F1: 1.0000


--------------------------------------------------------------------
Begin DFA extraction with n_state:17
Done fitting takes time: 0.2266
==Minimized===

This DFA has 6 states
States: ['10', '12', '16', '7', '11', '4']
Alphabet: set(['1', '0'])
Starting state: 7
Accepting states: ['10', '12', '16']
Transition function:
	10	11	12	16	4	7
1 	12	11	10	16	11	12
0 	10	11	4	4	16	10
Current state: 7
Currently accepting: False

Precision: 1.0000 Recall: 1.0000 Accuracy: 1.0000 F1: 1.0000


--------------------------------------------------------------------
Begin DFA extraction with n_state:18
Done fitting takes time: 0.2466
==Minimized===

This DFA has 6 states
States: ['10', '12', '5', '7', '11', '4']
Alphabet: set(['1', '0'])
Starting state: 7
Accepting states: ['10', '12', '5']
Transition function:
	10	11	12	4	5	7
1 	12	11	10	11	5	12
0 	10	11	4	5	4	10
Current state: 7
Currently accepting: False

Precision: 1.0000 Recall: 1.0000 Accuracy: 1.0000 F1: 1.0000


--------------------------------------------------------------------
Begin DFA extraction with n_state:19
Done fitting takes time: 0.3835
==Minimized===

This DFA has 6 states
States: ['10', '12', '5', '7', '11', '4']
Alphabet: set(['1', '0'])
Starting state: 7
Accepting states: ['10', '12', '5']
Transition function:
	10	11	12	4	5	7
1 	12	11	10	11	5	12
0 	10	11	4	5	4	10
Current state: 7
Currently accepting: False

Precision: 1.0000 Recall: 1.0000 Accuracy: 1.0000 F1: 1.0000
[ 0.0110331   0.63898421  0.94767025  0.45920746  0.45920746  1.          1.
  1.          1.          1.          1.          1.          1.          1.
  1.          1.          1.          1.        ]


[[ 0.          0.          0.6280285   0.61434263  0.6280285   0.6280285
   0.70852221  0.6280285   0.6280285   0.55989515  0.43062873  0.73395371
   0.73395371  0.73395371  0.83428261  0.83428261  1.          1.        ]
 [ 0.          0.          0.          0.          0.          0.56060881
   0.29994435  0.0292113   0.12342342  0.35825748  0.50166429  0.21617294
   0.02242808  0.41410317  0.28184282  0.50940799  0.41410317  0.46753247]
 [ 0.0110331   0.63898421  0.94767025  0.45920746  0.45920746  1.          1.
   1.          1.          1.          1.          1.          1.          1.
   1.          1.          1.          1.        ]
 [ 0.          0.          0.          0.          0.          0.          0.
   0.          0.          0.          0.          0.          0.          0.
   0.          0.          0.          0.        ]
 [ 0.6280285   0.6280285   0.13833226  0.6280285   0.45920746  0.94767025
   0.94767025  0.90734386  0.90734386  0.90734386  0.97158256  0.97158256
   1.          1.          1.          1.          1.          1.        ]
 [ 0.          0.43092666  0.94767025  0.94767025  1.          1.          1.
   1.          1.          1.          1.          1.          1.          1.
   1.          1.          1.          1.        ]
 [ 0.          0.          0.          0.          0.          0.          0.
   0.          0.          0.          0.          0.          0.          0.
   0.          0.          0.          0.        ]
 [ 0.          0.          0.          0.          0.          0.          0.
   0.          0.          0.          0.          0.          0.          0.
   0.          0.          0.          0.        ]
 [ 0.          0.          0.          0.          0.          0.          0.
   0.          0.          0.          0.          0.          0.          0.
   0.          0.          0.          0.        ]]
