G:g3, model:UNI tanh, load all data and stored hidden activations


--------------------------------------------------------------------
Begin DFA extraction with n_state:2
Done fitting takes time: 0.3558
==Minimized===

This DFA has 2 states
States: ['2', '1']
Alphabet: set(['1', '0'])
Starting state: 2
Accepting states: ['2']
Transition function:
	1	2
1 	1	1
0 	1	2
Current state: 2
Currently accepting: True

Precision: 1.0000 Recall: 0.0061 Accuracy: 0.5450 F1: 0.0120


--------------------------------------------------------------------
Begin DFA extraction with n_state:3
Done fitting takes time: 0.5577
==Minimized===

This DFA has 2 states
States: ['1', '3']
Alphabet: set(['1', '0'])
Starting state: 3
Accepting states: ['1']
Transition function:
	1	3
1 	3	1
0 	3	3
Current state: 3
Currently accepting: False

Precision: 0.4938 Recall: 0.3822 Accuracy: 0.5379 F1: 0.4309


--------------------------------------------------------------------
Begin DFA extraction with n_state:4
Done fitting takes time: 0.6761
==Minimized===

This DFA has 2 states
States: ['1', '3']
Alphabet: set(['1', '0'])
Starting state: 3
Accepting states: ['1']
Transition function:
	1	3
1 	3	1
0 	3	3
Current state: 3
Currently accepting: False

Precision: 0.4938 Recall: 0.3822 Accuracy: 0.5379 F1: 0.4309


--------------------------------------------------------------------
Begin DFA extraction with n_state:5
Done fitting takes time: 0.5459
==Minimized===

This DFA has 2 states
States: ['5', '3']
Alphabet: set(['1', '0'])
Starting state: 3
Accepting states: ['5']
Transition function:
	3	5
1 	5	3
0 	3	3
Current state: 3
Currently accepting: False

Precision: 0.4938 Recall: 0.3822 Accuracy: 0.5379 F1: 0.4309


--------------------------------------------------------------------
Begin DFA extraction with n_state:6
Done fitting takes time: 0.4106
==Minimized===

This DFA has 4 states
States: ['5', '6', '1', '3']
Alphabet: set(['1', '0'])
Starting state: 6
Accepting states: ['5', '6']
Transition function:
	1	3	5	6
1 	1	1	6	5
0 	1	5	3	6
Current state: 6
Currently accepting: True

Precision: 0.9005 Recall: 1.0000 Accuracy: 0.9494 F1: 0.9477


--------------------------------------------------------------------
Begin DFA extraction with n_state:7
Done fitting takes time: 0.6913
==Minimized===

This DFA has 5 states
States: ['6', '5', '7', '1', '3']
Alphabet: set(['1', '0'])
Starting state: 6
Accepting states: ['5', '7', '6']
Transition function:
	1	3	5	6	7
1 	1	1	6	5	7
0 	1	7	3	6	3
Current state: 6
Currently accepting: True

Precision: 1.0000 Recall: 1.0000 Accuracy: 1.0000 F1: 1.0000


--------------------------------------------------------------------
Begin DFA extraction with n_state:8
Done fitting takes time: 0.2356
==Minimized===

This DFA has 5 states
States: ['6', '8', '5', '1', '3']
Alphabet: set(['1', '0'])
Starting state: 6
Accepting states: ['8', '5', '6']
Transition function:
	1	3	5	6	8
1 	1	1	5	8	6
0 	1	5	3	6	3
Current state: 6
Currently accepting: True

Precision: 1.0000 Recall: 1.0000 Accuracy: 1.0000 F1: 1.0000


--------------------------------------------------------------------
Begin DFA extraction with n_state:9
Done fitting takes time: 0.2459
==Minimized===

This DFA has 6 states
States: ['6', '8', '5', '9', '1', '3']
Alphabet: set(['1', '0'])
Starting state: 9
Accepting states: ['8', '5', '6']
Transition function:
	1	3	5	6	8	9
1 	1	1	5	8	6	8
0 	1	5	3	6	3	6
Current state: 9
Currently accepting: False

Precision: 1.0000 Recall: 1.0000 Accuracy: 1.0000 F1: 1.0000


--------------------------------------------------------------------
Begin DFA extraction with n_state:10
Done fitting takes time: 0.2502
==Minimized===

This DFA has 6 states
States: ['10', '8', '5', '9', '1', '3']
Alphabet: set(['1', '0'])
Starting state: 9
Accepting states: ['8', '5', '10']
Transition function:
	1	10	3	5	8	9
1 	1	8	1	5	10	8
0 	1	10	5	3	3	10
Current state: 9
Currently accepting: False

Precision: 1.0000 Recall: 1.0000 Accuracy: 1.0000 F1: 1.0000


--------------------------------------------------------------------
Begin DFA extraction with n_state:11
Done fitting takes time: 0.2951
==Minimized===

This DFA has 6 states
States: ['10', '11', '5', '9', '1', '3']
Alphabet: set(['1', '0'])
Starting state: 9
Accepting states: ['11', '10', '5']
Transition function:
	1	10	11	3	5	9
1 	1	11	10	1	5	11
0 	1	10	3	5	3	10
Current state: 9
Currently accepting: False

Precision: 1.0000 Recall: 1.0000 Accuracy: 1.0000 F1: 1.0000


--------------------------------------------------------------------
Begin DFA extraction with n_state:12
Done fitting takes time: 0.2354
==Minimized===

This DFA has 6 states
States: ['10', '11', '5', '9', '12', '3']
Alphabet: set(['1', '0'])
Starting state: 9
Accepting states: ['11', '10', '5']
Transition function:
	10	11	12	3	5	9
1 	11	10	12	12	5	11
0 	10	3	12	5	3	10
Current state: 9
Currently accepting: False

Precision: 1.0000 Recall: 1.0000 Accuracy: 1.0000 F1: 1.0000


--------------------------------------------------------------------
Begin DFA extraction with n_state:13
Done fitting takes time: 0.5202
==Minimized===

This DFA has 6 states
States: ['10', '11', '5', '9', '12', '3']
Alphabet: set(['1', '0'])
Starting state: 9
Accepting states: ['11', '10', '5']
Transition function:
	10	11	12	3	5	9
1 	11	10	12	12	5	11
0 	10	3	12	5	3	10
Current state: 9
Currently accepting: False

Precision: 1.0000 Recall: 1.0000 Accuracy: 1.0000 F1: 1.0000


--------------------------------------------------------------------
Begin DFA extraction with n_state:14
Done fitting takes time: 0.2874
==Minimized===

This DFA has 6 states
States: ['10', '11', '5', '9', '12', '3']
Alphabet: set(['1', '0'])
Starting state: 9
Accepting states: ['11', '10', '5']
Transition function:
	10	11	12	3	5	9
1 	11	10	12	12	5	11
0 	10	3	12	5	3	10
Current state: 9
Currently accepting: False

Precision: 1.0000 Recall: 1.0000 Accuracy: 1.0000 F1: 1.0000


--------------------------------------------------------------------
Begin DFA extraction with n_state:15
Done fitting takes time: 0.4380
==Minimized===

This DFA has 6 states
States: ['10', '11', '5', '9', '12', '3']
Alphabet: set(['1', '0'])
Starting state: 9
Accepting states: ['11', '10', '5']
Transition function:
	10	11	12	3	5	9
1 	11	10	12	12	5	11
0 	10	3	12	5	3	10
Current state: 9
Currently accepting: False

Precision: 1.0000 Recall: 1.0000 Accuracy: 1.0000 F1: 1.0000


--------------------------------------------------------------------
Begin DFA extraction with n_state:16
Done fitting takes time: 0.2469
==Minimized===

This DFA has 6 states
States: ['10', '11', '5', '9', '12', '3']
Alphabet: set(['1', '0'])
Starting state: 9
Accepting states: ['11', '10', '5']
Transition function:
	10	11	12	3	5	9
1 	11	10	12	12	5	11
0 	10	3	12	5	3	10
Current state: 9
Currently accepting: False

Precision: 1.0000 Recall: 1.0000 Accuracy: 1.0000 F1: 1.0000


--------------------------------------------------------------------
Begin DFA extraction with n_state:17
Done fitting takes time: 0.2625
==Minimized===

This DFA has 6 states
States: ['10', '11', '5', '9', '12', '3']
Alphabet: set(['1', '0'])
Starting state: 9
Accepting states: ['11', '10', '5']
Transition function:
	10	11	12	3	5	9
1 	11	10	12	12	5	11
0 	10	3	12	5	3	10
Current state: 9
Currently accepting: False

Precision: 1.0000 Recall: 1.0000 Accuracy: 1.0000 F1: 1.0000


--------------------------------------------------------------------
Begin DFA extraction with n_state:18
Done fitting takes time: 0.3456
==Minimized===

This DFA has 6 states
States: ['10', '11', '5', '9', '12', '3']
Alphabet: set(['1', '0'])
Starting state: 9
Accepting states: ['11', '10', '5']
Transition function:
	10	11	12	3	5	9
1 	11	10	12	12	5	11
0 	10	3	12	5	3	10
Current state: 9
Currently accepting: False

Precision: 1.0000 Recall: 1.0000 Accuracy: 1.0000 F1: 1.0000


--------------------------------------------------------------------
Begin DFA extraction with n_state:19
Done fitting takes time: 0.3590
==Minimized===

This DFA has 6 states
States: ['10', '11', '5', '9', '12', '3']
Alphabet: set(['1', '0'])
Starting state: 9
Accepting states: ['11', '10', '5']
Transition function:
	10	11	12	3	5	9
1 	11	10	12	12	5	11
0 	10	3	12	5	3	10
Current state: 9
Currently accepting: False

Precision: 1.0000 Recall: 1.0000 Accuracy: 1.0000 F1: 1.0000
[ 0.01203008  0.43092666  0.43092666  0.43092666  0.94767025  1.          1.
  1.          1.          1.          1.          1.          1.          1.
  1.          1.          1.          1.        ]


[[ 0.          0.43092666  0.43137255  0.6280285   0.6280285   0.67150928
   0.67150928  0.85577649  0.85577649  0.85577649  0.85577649  0.85577649
   1.          1.          1.          1.          1.          1.        ]
 [ 0.          0.          0.          0.          0.          0.
   0.28425283  0.          0.44542254  0.44210526  0.48892535  0.38171091
   0.37903465  0.39738116  0.01393728  0.00201511  0.00201511  0.24236183]
 [ 0.          0.          0.          0.          0.          0.          0.
   0.          0.          0.          0.          0.          0.          0.
   0.          0.          0.          0.        ]
 [ 0.          0.          0.          0.          0.          0.          0.
   0.          0.          0.          0.          0.          0.          0.
   0.          0.          0.          0.        ]
 [ 0.          0.6280285   0.94767025  0.94767025  0.45920746  0.45920746
   0.88685152  1.          1.          1.          1.          1.          1.
   1.          1.          1.          1.          1.        ]
 [ 0.01203008  0.43092666  0.43092666  0.43092666  0.94767025  1.          1.
   1.          1.          1.          1.          1.          1.          1.
   1.          1.          1.          1.        ]
 [ 0.          0.          0.          0.          0.          0.          0.
   0.          0.          0.          0.          0.          0.          0.
   0.          0.          0.          0.        ]
 [ 0.          0.          0.          0.          0.          0.          0.
   0.          0.          0.          0.          0.          0.          0.
   0.          0.          0.          0.        ]
 [ 0.          0.          0.          0.          0.          0.          0.
   0.          0.          0.          0.          0.          0.          0.
   0.          0.          0.          0.        ]]
