G:g3, model:O2 tanh, load all data and stored hidden activations


--------------------------------------------------------------------
Begin DFA extraction with n_state:2
Done fitting takes time: 0.4342
==Minimized===

This DFA has 1 states
States: ['2']
Alphabet: set(['1', '0'])
Starting state: 2
Accepting states: []
Transition function:
	2
1 	2
0 	2
Current state: 2
Currently accepting: False

Precision: 0.0000 Recall: 0.0000 Accuracy: 0.5422 F1: 0.0000


--------------------------------------------------------------------
Begin DFA extraction with n_state:3
Done fitting takes time: 0.2694
==Minimized===

This DFA has 1 states
States: ['3']
Alphabet: set(['1', '0'])
Starting state: 3
Accepting states: ['3']
Transition function:
	3
1 	3
0 	3
Current state: 3
Currently accepting: True

Precision: 0.4578 Recall: 1.0000 Accuracy: 0.4578 F1: 0.6280


--------------------------------------------------------------------
Begin DFA extraction with n_state:4
Done fitting takes time: 0.5920
==Minimized===

This DFA has 3 states
States: ['3', '1', '4']
Alphabet: set(['1', '0'])
Starting state: 3
Accepting states: ['3']
Transition function:
	1	3	4
1 	1	3	1
0 	1	4	3
Current state: 3
Currently accepting: True

Precision: 1.0000 Recall: 0.2980 Accuracy: 0.6787 F1: 0.4592


--------------------------------------------------------------------
Begin DFA extraction with n_state:5
Done fitting takes time: 0.8339
==Minimized===

This DFA has 3 states
States: ['3', '1', '4']
Alphabet: set(['1', '0'])
Starting state: 3
Accepting states: ['3']
Transition function:
	1	3	4
1 	1	3	1
0 	1	4	3
Current state: 3
Currently accepting: True

Precision: 1.0000 Recall: 0.2980 Accuracy: 0.6787 F1: 0.4592


--------------------------------------------------------------------
Begin DFA extraction with n_state:6
Done fitting takes time: 0.2045
==Minimized===

This DFA has 3 states
States: ['3', '1', '6']
Alphabet: set(['1', '0'])
Starting state: 3
Accepting states: ['3']
Transition function:
	1	3	6
1 	1	3	1
0 	1	6	3
Current state: 3
Currently accepting: True

Precision: 1.0000 Recall: 0.2980 Accuracy: 0.6787 F1: 0.4592


--------------------------------------------------------------------
Begin DFA extraction with n_state:7
Done fitting takes time: 0.2564
==Minimized===

This DFA has 6 states
States: ['2', '5', '7', '3', '1', '6']
Alphabet: set(['1', '0'])
Starting state: 3
Accepting states: ['2', '5', '7']
Transition function:
	1	2	3	5	6	7
1 	1	5	5	2	1	7
0 	1	2	2	6	7	6
Current state: 3
Currently accepting: False

Precision: 1.0000 Recall: 1.0000 Accuracy: 1.0000 F1: 1.0000


--------------------------------------------------------------------
Begin DFA extraction with n_state:8
Done fitting takes time: 0.2496
==Minimized===

This DFA has 6 states
States: ['2', '8', '7', '3', '1', '6']
Alphabet: set(['1', '0'])
Starting state: 3
Accepting states: ['8', '2', '7']
Transition function:
	1	2	3	6	7	8
1 	1	8	8	1	7	2
0 	1	2	2	7	6	6
Current state: 3
Currently accepting: False

Precision: 1.0000 Recall: 1.0000 Accuracy: 1.0000 F1: 1.0000


--------------------------------------------------------------------
Begin DFA extraction with n_state:9
Done fitting takes time: 0.4223
==Minimized===

This DFA has 6 states
States: ['9', '8', '7', '3', '1', '6']
Alphabet: set(['1', '0'])
Starting state: 3
Accepting states: ['9', '8', '7']
Transition function:
	1	3	6	7	8	9
1 	1	8	1	7	9	8
0 	1	9	7	6	6	9
Current state: 3
Currently accepting: False

Precision: 1.0000 Recall: 1.0000 Accuracy: 1.0000 F1: 1.0000


--------------------------------------------------------------------
Begin DFA extraction with n_state:10
Done fitting takes time: 0.2174
==Minimized===

This DFA has 6 states
States: ['10', '5', '7', '3', '1', '6']
Alphabet: set(['1', '0'])
Starting state: 3
Accepting states: ['10', '5', '7']
Transition function:
	1	10	3	5	6	7
1 	1	5	5	10	1	7
0 	1	10	10	6	7	6
Current state: 3
Currently accepting: False

Precision: 1.0000 Recall: 1.0000 Accuracy: 1.0000 F1: 1.0000


--------------------------------------------------------------------
Begin DFA extraction with n_state:11
Done fitting takes time: 0.2191
==Minimized===

This DFA has 6 states
States: ['10', '5', '7', '3', '11', '6']
Alphabet: set(['1', '0'])
Starting state: 3
Accepting states: ['10', '5', '7']
Transition function:
	10	11	3	5	6	7
1 	5	11	5	10	11	7
0 	10	11	10	6	7	6
Current state: 3
Currently accepting: False

Precision: 1.0000 Recall: 1.0000 Accuracy: 1.0000 F1: 1.0000


--------------------------------------------------------------------
Begin DFA extraction with n_state:12
Done fitting takes time: 0.2275
==Minimized===

This DFA has 6 states
States: ['10', '5', '7', '3', '11', '6']
Alphabet: set(['1', '0'])
Starting state: 3
Accepting states: ['10', '5', '7']
Transition function:
	10	11	3	5	6	7
1 	5	11	5	10	11	7
0 	10	11	10	6	7	6
Current state: 3
Currently accepting: False

Precision: 1.0000 Recall: 1.0000 Accuracy: 1.0000 F1: 1.0000


--------------------------------------------------------------------
Begin DFA extraction with n_state:13
Done fitting takes time: 0.2279
==Minimized===

This DFA has 6 states
States: ['10', '13', '5', '3', '11', '6']
Alphabet: set(['1', '0'])
Starting state: 3
Accepting states: ['10', '13', '5']
Transition function:
	10	11	13	3	5	6
1 	5	11	13	5	10	11
0 	10	11	6	10	6	13
Current state: 3
Currently accepting: False

Precision: 1.0000 Recall: 1.0000 Accuracy: 1.0000 F1: 1.0000


--------------------------------------------------------------------
Begin DFA extraction with n_state:14
Done fitting takes time: 0.2353
==Minimized===

This DFA has 6 states
States: ['10', '13', '5', '3', '11', '6']
Alphabet: set(['1', '0'])
Starting state: 3
Accepting states: ['10', '13', '5']
Transition function:
	10	11	13	3	5	6
1 	5	11	13	5	10	11
0 	10	11	6	10	6	13
Current state: 3
Currently accepting: False

Precision: 1.0000 Recall: 1.0000 Accuracy: 1.0000 F1: 1.0000


--------------------------------------------------------------------
Begin DFA extraction with n_state:15
Done fitting takes time: 0.3949
==Minimized===

This DFA has 6 states
States: ['10', '13', '5', '3', '11', '6']
Alphabet: set(['1', '0'])
Starting state: 3
Accepting states: ['10', '13', '5']
Transition function:
	10	11	13	3	5	6
1 	5	11	13	5	10	11
0 	10	11	6	10	6	13
Current state: 3
Currently accepting: False

Precision: 1.0000 Recall: 1.0000 Accuracy: 1.0000 F1: 1.0000


--------------------------------------------------------------------
Begin DFA extraction with n_state:16
Done fitting takes time: 0.2306
==Minimized===

This DFA has 6 states
States: ['10', '13', '16', '3', '11', '6']
Alphabet: set(['1', '0'])
Starting state: 3
Accepting states: ['10', '13', '16']
Transition function:
	10	11	13	16	3	6
1 	16	11	13	10	16	11
0 	10	11	6	6	10	13
Current state: 3
Currently accepting: False

Precision: 1.0000 Recall: 1.0000 Accuracy: 1.0000 F1: 1.0000


--------------------------------------------------------------------
Begin DFA extraction with n_state:17
Done fitting takes time: 0.2263
==Minimized===

This DFA has 6 states
States: ['10', '13', '16', '3', '11', '6']
Alphabet: set(['1', '0'])
Starting state: 3
Accepting states: ['10', '13', '16']
Transition function:
	10	11	13	16	3	6
1 	16	11	13	10	16	11
0 	10	11	6	6	10	13
Current state: 3
Currently accepting: False

Precision: 1.0000 Recall: 1.0000 Accuracy: 1.0000 F1: 1.0000


--------------------------------------------------------------------
Begin DFA extraction with n_state:18
Done fitting takes time: 0.8214
==Minimized===

This DFA has 6 states
States: ['10', '13', '16', '3', '11', '18']
Alphabet: set(['1', '0'])
Starting state: 3
Accepting states: ['10', '13', '16']
Transition function:
	10	11	13	16	18	3
1 	16	11	13	10	11	16
0 	10	11	18	18	13	10
Current state: 3
Currently accepting: False

Precision: 1.0000 Recall: 1.0000 Accuracy: 1.0000 F1: 1.0000


--------------------------------------------------------------------
Begin DFA extraction with n_state:19
Done fitting takes time: 0.7650
==Minimized===

This DFA has 6 states
States: ['10', '13', '16', '3', '11', '18']
Alphabet: set(['1', '0'])
Starting state: 3
Accepting states: ['10', '13', '16']
Transition function:
	10	11	13	16	18	3
1 	16	11	13	10	11	16
0 	10	11	18	18	13	10
Current state: 3
Currently accepting: False

Precision: 1.0000 Recall: 1.0000 Accuracy: 1.0000 F1: 1.0000
[ 0.          0.6280285   0.45920746  0.45920746  0.45920746  1.          1.
  1.          1.          1.          1.          1.          1.          1.
  1.          1.          1.          1.        ]


[[ 0.          0.          0.6280285   0.61434263  0.6280285   0.6280285
   0.70852221  0.6280285   0.6280285   0.55989515  0.43062873  0.73395371
   0.73395371  0.73395371  0.83428261  0.83428261  1.          1.        ]
 [ 0.          0.          0.          0.          0.          0.56060881
   0.29994435  0.0292113   0.12342342  0.35825748  0.50166429  0.21617294
   0.02242808  0.41410317  0.28184282  0.50940799  0.41410317  0.46753247]
 [ 0.0110331   0.63898421  0.94767025  0.45920746  0.45920746  1.          1.
   1.          1.          1.          1.          1.          1.          1.
   1.          1.          1.          1.        ]
 [ 0.          0.6280285   0.45920746  0.45920746  0.45920746  1.          1.
   1.          1.          1.          1.          1.          1.          1.
   1.          1.          1.          1.        ]
 [ 0.6280285   0.6280285   0.13833226  0.6280285   0.45920746  0.94767025
   0.94767025  0.90734386  0.90734386  0.90734386  0.97158256  0.97158256
   1.          1.          1.          1.          1.          1.        ]
 [ 0.          0.43092666  0.94767025  0.94767025  1.          1.          1.
   1.          1.          1.          1.          1.          1.          1.
   1.          1.          1.          1.        ]
 [ 0.          0.          0.          0.          0.          0.          0.
   0.          0.          0.          0.          0.          0.          0.
   0.          0.          0.          0.        ]
 [ 0.          0.          0.          0.          0.          0.          0.
   0.          0.          0.          0.          0.          0.          0.
   0.          0.          0.          0.        ]
 [ 0.          0.          0.          0.          0.          0.          0.
   0.          0.          0.          0.          0.          0.          0.
   0.          0.          0.          0.        ]]
