G:g3, model:SRN tanh, load all data and stored hidden activations


--------------------------------------------------------------------
Begin DFA extraction with n_state:2
Done fitting takes time: 0.2368
==Minimized===

This DFA has 1 states
States: ['1']
Alphabet: set(['1', '0'])
Starting state: 1
Accepting states: []
Transition function:
	1
1 	1
0 	1
Current state: 1
Currently accepting: False

Precision: 0.0000 Recall: 0.0000 Accuracy: 0.5422 F1: 0.0000


--------------------------------------------------------------------
Begin DFA extraction with n_state:3
Done fitting takes time: 0.3690
==Minimized===

This DFA has 1 states
States: ['1']
Alphabet: set(['1', '0'])
Starting state: 1
Accepting states: []
Transition function:
	1
1 	1
0 	1
Current state: 1
Currently accepting: False

Precision: 0.0000 Recall: 0.0000 Accuracy: 0.5422 F1: 0.0000


--------------------------------------------------------------------
Begin DFA extraction with n_state:4
Done fitting takes time: 0.5834
==Minimized===

This DFA has 2 states
States: ['1', '3']
Alphabet: set(['1', '0'])
Starting state: 1
Accepting states: ['1']
Transition function:
	1	3
1 	3	3
0 	3	3
Current state: 1
Currently accepting: True

Precision: 0.0000 Recall: 0.0000 Accuracy: 0.5422 F1: 0.0000


--------------------------------------------------------------------
Begin DFA extraction with n_state:5
Done fitting takes time: 0.6742
==Minimized===

This DFA has 2 states
States: ['1', '3']
Alphabet: set(['1', '0'])
Starting state: 1
Accepting states: ['1']
Transition function:
	1	3
1 	3	3
0 	3	3
Current state: 1
Currently accepting: True

Precision: 0.0000 Recall: 0.0000 Accuracy: 0.5422 F1: 0.0000


--------------------------------------------------------------------
Begin DFA extraction with n_state:6
Done fitting takes time: 0.4495
==Minimized===

This DFA has 1 states
States: ['3']
Alphabet: set(['1', '0'])
Starting state: 3
Accepting states: []
Transition function:
	3
1 	3
0 	3
Current state: 3
Currently accepting: False

Precision: 0.0000 Recall: 0.0000 Accuracy: 0.5422 F1: 0.0000


--------------------------------------------------------------------
Begin DFA extraction with n_state:7
Done fitting takes time: 0.7415
==Minimized===

This DFA has 4 states
States: ['5', '6', '2', '7']
Alphabet: set(['1', '0'])
Starting state: 7
Accepting states: ['2', '7']
Transition function:
	2	5	6	7
1 	6	6	2	5
0 	6	6	5	5
Current state: 7
Currently accepting: True

Precision: 0.5074 Recall: 0.2940 Accuracy: 0.5462 F1: 0.3723


--------------------------------------------------------------------
Begin DFA extraction with n_state:8
Done fitting takes time: 0.2210
==Minimized===

This DFA has 2 states
States: ['7', '5']
Alphabet: set(['1', '0'])
Starting state: 7
Accepting states: ['7']
Transition function:
	5	7
1 	5	5
0 	5	5
Current state: 7
Currently accepting: True

Precision: 0.0000 Recall: 0.0000 Accuracy: 0.5422 F1: 0.0000


--------------------------------------------------------------------
Begin DFA extraction with n_state:9
Done fitting takes time: 0.6543
==Minimized===

This DFA has 5 states
States: ['7', '1', '8', '2', '5']
Alphabet: set(['1', '0'])
Starting state: 7
Accepting states: ['2', '5', '7']
Transition function:
	1	2	5	7	8
1 	1	1	8	7	2
0 	1	8	8	5	5
Current state: 7
Currently accepting: True

Precision: 0.4419 Recall: 0.1457 Accuracy: 0.5247 F1: 0.2192


--------------------------------------------------------------------
Begin DFA extraction with n_state:10
Done fitting takes time: 0.6017
==Minimized===

This DFA has 1 states
States: ['7']
Alphabet: set(['1', '0'])
Starting state: 7
Accepting states: []
Transition function:
	7
1 	7
0 	7
Current state: 7
Currently accepting: False

Precision: 0.0000 Recall: 0.0000 Accuracy: 0.5422 F1: 0.0000


--------------------------------------------------------------------
Begin DFA extraction with n_state:11
Done fitting takes time: 0.8322
==Minimized===

This DFA has 8 states
States: ['2', '7', '8', '11', '6', '9', '10', '5']
Alphabet: set(['1', '0'])
Starting state: 7
Accepting states: ['11', '2', '7', '6']
Transition function:
	10	11	2	5	6	7	8	9
1 	9	8	6	10	5	5	2	8
0 	9	8	11	10	5	7	5	8
Current state: 7
Currently accepting: True

Precision: 0.4645 Recall: 0.2441 Accuracy: 0.5252 F1: 0.3200


--------------------------------------------------------------------
Begin DFA extraction with n_state:12
Done fitting takes time: 0.2274
==Minimized===

This DFA has 2 states
States: ['7', '10']
Alphabet: set(['1', '0'])
Starting state: 7
Accepting states: ['7']
Transition function:
	10	7
1 	10	10
0 	10	7
Current state: 7
Currently accepting: True

Precision: 1.0000 Recall: 0.0061 Accuracy: 0.5450 F1: 0.0120


--------------------------------------------------------------------
Begin DFA extraction with n_state:13
Done fitting takes time: 0.2278
==Minimized===

This DFA has 4 states
States: ['13', '12', '10', '7']
Alphabet: set(['1', '0'])
Starting state: 7
Accepting states: ['10', '7']
Transition function:
	10	12	13	7
1 	12	10	12	13
0 	12	10	12	13
Current state: 7
Currently accepting: True

Precision: 0.4542 Recall: 0.4801 Accuracy: 0.4979 F1: 0.4668


--------------------------------------------------------------------
Begin DFA extraction with n_state:14
Done fitting takes time: 0.2318
==Minimized===

This DFA has 11 states
States: ['5', '4', '10', '8', '14', '3', '9', '12', '1', '13', '2']
Alphabet: set(['1', '0'])
Starting state: 14
Accepting states: ['10', '3', '5', '4', '9', '8']
Transition function:
	1	10	12	13	14	2	3	4	5	8	9
1 	4	14	10	12	13	1	14	1	9	12	2
0 	2	5	3	12	13	1	14	4	8	5	2
Current state: 14
Currently accepting: False

Precision: 0.4382 Recall: 0.3469 Accuracy: 0.4975 F1: 0.3873


--------------------------------------------------------------------
Begin DFA extraction with n_state:15
Done fitting takes time: 0.9462
==Minimized===

This DFA has 13 states
States: ['5', '10', '4', '2', '13', '14', '12', '1', '15', '9', '3', '7', '6']
Alphabet: set(['1', '0'])
Starting state: 14
Accepting states: ['10', '3', '2', '5', '4', '7', '6']
Transition function:
	1	10	12	13	14	15	2	3	4	5	6	7	9
1 	4	14	10	12	13	9	1	14	1	10	9	15	15
0 	2	5	3	12	13	6	1	14	4	7	9	15	2
Current state: 14
Currently accepting: False

Precision: 0.3717 Recall: 0.2900 Accuracy: 0.4506 F1: 0.3258


--------------------------------------------------------------------
Begin DFA extraction with n_state:16
Done fitting takes time: 0.8966
==Minimized===

This DFA has 12 states
States: ['5', '11', '2', '7', '14', '3', '9', '1', '13', '4', '12', '16']
Alphabet: set(['1', '0'])
Starting state: 14
Accepting states: ['11', '3', '2', '5', '7', '9']
Transition function:
	1	11	12	13	14	16	2	3	4	5	7	9
1 	2	14	11	12	13	11	1	14	1	9	16	4
0 	4	5	3	12	13	11	2	14	1	7	16	4
Current state: 14
Currently accepting: False

Precision: 0.4365 Recall: 0.3414 Accuracy: 0.4968 F1: 0.3831


--------------------------------------------------------------------
Begin DFA extraction with n_state:17
Done fitting takes time: 0.8059
==Minimized===

This DFA has 16 states
States: ['4', '17', '16', '10', '7', '12', '5', '11', '13', '2', '6', '8', '15', '1', '14', '9']
Alphabet: set(['1', '0'])
Starting state: 14
Accepting states: ['10', '14', '4', '7', '6', '9', '8']
Transition function:
	1	10	11	12	13	14	15	16	17	2	4	5	6	7	8	9
1 	4	5	5	10	12	13	9	11	11	1	1	7	17	15	16	2
0 	2	5	5	10	12	13	8	8	11	1	4	6	17	15	16	2
Current state: 14
Currently accepting: True

Precision: 0.4597 Recall: 0.3364 Accuracy: 0.5152 F1: 0.3885


--------------------------------------------------------------------
Begin DFA extraction with n_state:18
Done fitting takes time: 0.8766
==Minimized===

This DFA has 16 states
States: ['4', '9', '5', '10', '1', '12', '2', '11', '18', '13', '15', '17', '14', '8', '16', '7']
Alphabet: set(['1', '0'])
Starting state: 14
Accepting states: ['10', '14', '16', '18', '1', '7', '8']
Transition function:
	1	10	11	12	13	14	15	16	17	18	2	4	5	7	8	9
1 	2	5	5	10	12	13	9	15	11	4	1	1	7	15	17	16
0 	2	5	5	10	12	13	9	9	11	4	18	4	8	15	17	2
Current state: 14
Currently accepting: True

Precision: 0.4720 Recall: 0.3656 Accuracy: 0.5224 F1: 0.4120


--------------------------------------------------------------------
Begin DFA extraction with n_state:19
Done fitting takes time: 0.7741
==Minimized===

This DFA has 6 states
States: ['11', '12', '13', '5', '10', '14']
Alphabet: set(['1', '0'])
Starting state: 14
Accepting states: ['11', '10', '14']
Transition function:
	10	11	12	13	14	5
1 	5	14	10	12	13	13
0 	5	5	11	12	13	13
Current state: 14
Currently accepting: True

Precision: 0.4468 Recall: 0.2945 Accuracy: 0.5102 F1: 0.3550
[ 0.          0.          0.          0.          0.          0.37228608
  0.          0.21918847  0.          0.32        0.01203008  0.46678107
  0.38727836  0.32577904  0.38313526  0.38846826  0.41204888  0.3550152 ]


[[ 0.          0.6280285   0.6280285   0.6280285   0.51224105  0.51224105
   0.62759385  0.78759482  0.78759482  0.85577649  0.85577649  0.85437312
   0.80698152  0.88863993  0.83428261  1.          0.94114855  0.97205882]
 [ 0.          0.          0.          0.          0.          0.37228608
   0.          0.21918847  0.          0.32        0.01203008  0.46678107
   0.38727836  0.32577904  0.38313526  0.38846826  0.41204888  0.3550152 ]
 [ 0.          0.          0.          0.          0.          0.          0.
   0.          0.          0.          0.          0.          0.          0.
   0.          0.          0.          0.        ]
 [ 0.          0.          0.          0.          0.          0.          0.
   0.          0.          0.          0.          0.          0.          0.
   0.          0.          0.          0.        ]
 [ 0.          0.          0.          0.          0.          0.          0.
   0.          0.          0.          0.          0.          0.          0.
   0.          0.          0.          0.        ]
 [ 0.          0.          0.          0.          0.          0.          0.
   0.          0.          0.          0.          0.          0.          0.
   0.          0.          0.          0.        ]
 [ 0.          0.          0.          0.          0.          0.          0.
   0.          0.          0.          0.          0.          0.          0.
   0.          0.          0.          0.        ]
 [ 0.          0.          0.          0.          0.          0.          0.
   0.          0.          0.          0.          0.          0.          0.
   0.          0.          0.          0.        ]
 [ 0.          0.          0.          0.          0.          0.          0.
   0.          0.          0.          0.          0.          0.          0.
   0.          0.          0.          0.        ]]
