G:g3, model:O2 sigmoid, load all data and stored hidden activations


--------------------------------------------------------------------
Begin DFA extraction with n_state:2
Done fitting takes time: 0.2002
==Minimized===

This DFA has 1 states
States: ['1']
Alphabet: set(['1', '0'])
Starting state: 1
Accepting states: ['1']
Transition function:
	1
1 	1
0 	1
Current state: 1
Currently accepting: True

Precision: 0.4578 Recall: 1.0000 Accuracy: 0.4578 F1: 0.6280


--------------------------------------------------------------------
Begin DFA extraction with n_state:3
Done fitting takes time: 0.1933
==Minimized===

This DFA has 1 states
States: ['3']
Alphabet: set(['1', '0'])
Starting state: 3
Accepting states: ['3']
Transition function:
	3
1 	3
0 	3
Current state: 3
Currently accepting: True

Precision: 0.4578 Recall: 1.0000 Accuracy: 0.4578 F1: 0.6280


--------------------------------------------------------------------
Begin DFA extraction with n_state:4
Done fitting takes time: 0.4519
==Minimized===

This DFA has 4 states
States: ['3', '4', '1', '2']
Alphabet: set(['1', '0'])
Starting state: 4
Accepting states: ['3', '4']
Transition function:
	1	2	3	4
1 	1	1	4	3
0 	1	3	2	4
Current state: 4
Currently accepting: True

Precision: 0.9005 Recall: 1.0000 Accuracy: 0.9494 F1: 0.9477


--------------------------------------------------------------------
Begin DFA extraction with n_state:5
Done fitting takes time: 0.7889
==Minimized===

This DFA has 3 states
States: ['5', '1', '2']
Alphabet: set(['1', '0'])
Starting state: 5
Accepting states: ['5']
Transition function:
	1	2	5
1 	1	1	5
0 	1	5	2
Current state: 5
Currently accepting: True

Precision: 1.0000 Recall: 0.2980 Accuracy: 0.6787 F1: 0.4592


--------------------------------------------------------------------
Begin DFA extraction with n_state:6
Done fitting takes time: 0.7862
==Minimized===

This DFA has 3 states
States: ['5', '1', '2']
Alphabet: set(['1', '0'])
Starting state: 5
Accepting states: ['5']
Transition function:
	1	2	5
1 	1	1	5
0 	1	5	2
Current state: 5
Currently accepting: True

Precision: 1.0000 Recall: 0.2980 Accuracy: 0.6787 F1: 0.4592


--------------------------------------------------------------------
Begin DFA extraction with n_state:7
Done fitting takes time: 0.2066
==Minimized===

This DFA has 5 states
States: ['2', '3', '5', '1', '7']
Alphabet: set(['1', '0'])
Starting state: 2
Accepting states: ['3', '2', '5']
Transition function:
	1	2	3	5	7
1 	1	3	2	5	1
0 	1	2	7	7	5
Current state: 2
Currently accepting: True

Precision: 1.0000 Recall: 1.0000 Accuracy: 1.0000 F1: 1.0000


--------------------------------------------------------------------
Begin DFA extraction with n_state:8
Done fitting takes time: 0.6102
==Minimized===

This DFA has 5 states
States: ['8', '3', '5', '1', '7']
Alphabet: set(['1', '0'])
Starting state: 8
Accepting states: ['8', '3', '5']
Transition function:
	1	3	5	7	8
1 	1	8	5	1	3
0 	1	7	7	5	8
Current state: 8
Currently accepting: True

Precision: 1.0000 Recall: 1.0000 Accuracy: 1.0000 F1: 1.0000


--------------------------------------------------------------------
Begin DFA extraction with n_state:9
Done fitting takes time: 0.3033
==Minimized===

This DFA has 3 states
States: ['9', '1', '7']
Alphabet: set(['1', '0'])
Starting state: 9
Accepting states: ['9']
Transition function:
	1	7	9
1 	1	1	9
0 	1	9	7
Current state: 9
Currently accepting: True

Precision: 1.0000 Recall: 0.2980 Accuracy: 0.6787 F1: 0.4592


--------------------------------------------------------------------
Begin DFA extraction with n_state:10
Done fitting takes time: 0.4513
==Minimized===

This DFA has 3 states
States: ['9', '1', '7']
Alphabet: set(['1', '0'])
Starting state: 9
Accepting states: ['9']
Transition function:
	1	7	9
1 	1	1	9
0 	1	9	7
Current state: 9
Currently accepting: True

Precision: 1.0000 Recall: 0.2980 Accuracy: 0.6787 F1: 0.4592


--------------------------------------------------------------------
Begin DFA extraction with n_state:11
Done fitting takes time: 0.5089
==Minimized===

This DFA has 3 states
States: ['9', '11', '7']
Alphabet: set(['1', '0'])
Starting state: 9
Accepting states: ['9']
Transition function:
	11	7	9
1 	11	11	9
0 	11	9	7
Current state: 9
Currently accepting: True

Precision: 1.0000 Recall: 0.2980 Accuracy: 0.6787 F1: 0.4592


--------------------------------------------------------------------
Begin DFA extraction with n_state:12
Done fitting takes time: 0.6957
==Minimized===

This DFA has 3 states
States: ['9', '11', '7']
Alphabet: set(['1', '0'])
Starting state: 9
Accepting states: ['9']
Transition function:
	11	7	9
1 	11	11	9
0 	11	9	7
Current state: 9
Currently accepting: True

Precision: 1.0000 Recall: 0.2980 Accuracy: 0.6787 F1: 0.4592


--------------------------------------------------------------------
Begin DFA extraction with n_state:13
Done fitting takes time: 0.2211
==Minimized===

This DFA has 6 states
States: ['3', '9', '11', '7', '10', '13']
Alphabet: set(['1', '0'])
Starting state: 13
Accepting states: ['10', '13', '3', '9']
Transition function:
	10	11	13	3	7	9
1 	3	11	9	10	11	9
0 	10	11	10	7	13	7
Current state: 13
Currently accepting: True

Precision: 0.8543 Recall: 0.8573 Accuracy: 0.8677 F1: 0.8558


--------------------------------------------------------------------
Begin DFA extraction with n_state:14
Done fitting takes time: 0.6311
==Minimized===

This DFA has 6 states
States: ['10', '14', '3', '13', '11', '7']
Alphabet: set(['1', '0'])
Starting state: 13
Accepting states: ['10', '14', '3']
Transition function:
	10	11	13	14	3	7
1 	3	11	3	14	10	11
0 	10	11	10	7	7	14
Current state: 13
Currently accepting: False

Precision: 1.0000 Recall: 1.0000 Accuracy: 1.0000 F1: 1.0000


--------------------------------------------------------------------
Begin DFA extraction with n_state:15
Done fitting takes time: 0.5214
==Minimized===

This DFA has 6 states
States: ['10', '14', '3', '13', '11', '7']
Alphabet: set(['1', '0'])
Starting state: 13
Accepting states: ['10', '14', '3']
Transition function:
	10	11	13	14	3	7
1 	3	11	3	14	10	11
0 	10	11	10	7	7	14
Current state: 13
Currently accepting: False

Precision: 1.0000 Recall: 1.0000 Accuracy: 1.0000 F1: 1.0000


--------------------------------------------------------------------
Begin DFA extraction with n_state:16
Done fitting takes time: 0.5096
==Minimized===

This DFA has 6 states
States: ['10', '14', '16', '13', '11', '7']
Alphabet: set(['1', '0'])
Starting state: 13
Accepting states: ['10', '14', '16']
Transition function:
	10	11	13	14	16	7
1 	16	11	16	14	10	11
0 	10	11	10	7	7	14
Current state: 13
Currently accepting: False

Precision: 1.0000 Recall: 1.0000 Accuracy: 1.0000 F1: 1.0000


--------------------------------------------------------------------
Begin DFA extraction with n_state:17
Done fitting takes time: 0.2470
==Minimized===

This DFA has 6 states
States: ['10', '14', '17', '13', '11', '7']
Alphabet: set(['1', '0'])
Starting state: 13
Accepting states: ['10', '14', '17']
Transition function:
	10	11	13	14	17	7
1 	17	11	17	14	10	11
0 	10	11	10	7	7	14
Current state: 13
Currently accepting: False

Precision: 1.0000 Recall: 1.0000 Accuracy: 1.0000 F1: 1.0000


--------------------------------------------------------------------
Begin DFA extraction with n_state:18
Done fitting takes time: 0.4361
==Minimized===

This DFA has 6 states
States: ['10', '14', '17', '13', '11', '7']
Alphabet: set(['1', '0'])
Starting state: 13
Accepting states: ['10', '14', '17']
Transition function:
	10	11	13	14	17	7
1 	17	11	17	14	10	11
0 	10	11	10	7	7	14
Current state: 13
Currently accepting: False

Precision: 1.0000 Recall: 1.0000 Accuracy: 1.0000 F1: 1.0000


--------------------------------------------------------------------
Begin DFA extraction with n_state:19
Done fitting takes time: 0.2366
==Minimized===

This DFA has 6 states
States: ['10', '17', '19', '13', '11', '7']
Alphabet: set(['1', '0'])
Starting state: 13
Accepting states: ['10', '17', '19']
Transition function:
	10	11	13	17	19	7
1 	17	11	17	10	19	11
0 	10	11	10	7	7	19
Current state: 13
Currently accepting: False

Precision: 1.0000 Recall: 1.0000 Accuracy: 1.0000 F1: 1.0000
[ 0.6280285   0.6280285   0.94767025  0.45920746  0.45920746  1.          1.
  0.45920746  0.45920746  0.45920746  0.45920746  0.85577649  1.          1.
  1.          1.          1.          1.        ]


[[ 0.          0.          0.6280285   0.6280285   0.94767025  0.94767025
   1.          0.73700591  0.73700591  0.73700591  0.73700591  1.
   0.73700591  0.73700591  0.96145455  0.96145455  0.96145455  0.97853442]
 [ 0.          0.          0.          0.          0.          0.01203008
   0.0803485   0.10132576  0.          0.          0.          0.
   0.18580122  0.42804218  0.          0.          0.43048052  0.00902256]
 [ 0.6280285   0.6280285   0.94767025  0.45920746  0.45920746  1.          1.
   0.45920746  0.45920746  0.45920746  0.45920746  0.85577649  1.          1.
   1.          1.          1.          1.        ]
 [ 0.          0.43092666  0.94767025  0.45920746  0.45920746  1.          1.
   1.          1.          1.          1.          1.          1.          1.
   1.          1.          1.          1.        ]
 [ 0.6280285   0.6280285   0.45920746  0.45920746  0.45920746  0.45920746
   0.45920746  1.          1.          1.          1.          1.          1.
   1.          1.          1.          1.          1.        ]
 [ 0.          0.          0.          0.          0.          0.          0.
   0.          0.          0.          0.          0.          0.          0.
   0.          0.          0.          0.        ]
 [ 0.          0.          0.          0.10132576  0.6280285   0.6280285
   0.6280285   0.6280285   0.20910806  0.02915838  0.10125766  0.
   0.63639281  0.          0.57019064  0.20968188  0.6806407   0.629366  ]]
