Load data
RNN type: GRU Grammar: g3 Seed: 7
Model total parameters: 4104
Saving hinit ... 

Epoch 0: Time: 0.4854 Cost: 25.1532 Pre: 0.4768 Re: 0.6065 Acc: 0.4969 F1: 0.5339


--------------------------------------------------------------------
Eval results: Cost:24.6759 Pre:0.6667 Re:0.0030 Acc:0.5399 F1:0.0059
--------------------------------------------------------------------

Epoch 1: Time: 0.4912 Cost: 24.8583 Pre: 0.6471 Re: 0.0079 Acc: 0.5267 F1: 0.0156
Epoch 2: Time: 0.5044 Cost: 24.7615 Pre: 0.6481 Re: 0.1086 Acc: 0.5485 F1: 0.1861
Epoch 3: Time: 0.5242 Cost: 24.6305 Pre: 0.5935 Re: 0.2237 Acc: 0.5584 F1: 0.3250
Epoch 4: Time: 0.4146 Cost: 24.4614 Pre: 0.5678 Re: 0.2590 Acc: 0.5543 F1: 0.3557
Epoch 5: Time: 0.4121 Cost: 24.2291 Pre: 0.5451 Re: 0.2914 Acc: 0.5478 F1: 0.3797
Epoch 6: Time: 0.4098 Cost: 23.8594 Pre: 0.5659 Re: 0.3583 Acc: 0.5646 F1: 0.4388
Epoch 7: Time: 0.4169 Cost: 23.0132 Pre: 0.6329 Re: 0.4540 Acc: 0.6155 F1: 0.5287
Epoch 8: Time: 0.4109 Cost: 20.5297 Pre: 0.6854 Re: 0.6741 Acc: 0.6982 F1: 0.6797
Epoch 9: Time: 0.4118 Cost: 17.2836 Pre: 0.7138 Re: 0.7878 Acc: 0.7491 F1: 0.7490
Epoch 10: Time: 0.4103 Cost: 14.0762 Pre: 0.7639 Re: 0.8683 Acc: 0.8100 F1: 0.8128


--------------------------------------------------------------------
Eval results: Cost:10.7149 Pre:0.7875 Re:0.9627 Acc:0.8631 F1:0.8664
--------------------------------------------------------------------

Epoch 11: Time: 0.4166 Cost: 10.4532 Pre: 0.8161 Re: 0.9640 Acc: 0.8797 F1: 0.8839
Epoch 12: Time: 0.4118 Cost: 8.5878 Pre: 0.8435 Re: 0.9849 Acc: 0.9060 F1: 0.9087
Epoch 13: Time: 0.4130 Cost: 7.4982 Pre: 0.8529 Re: 0.9971 Acc: 0.9170 F1: 0.9194
Epoch 14: Time: 0.4114 Cost: 6.6477 Pre: 0.8660 Re: 1.0000 Acc: 0.9265 F1: 0.9282
Epoch 15: Time: 0.4118 Cost: 5.9487 Pre: 0.8809 Re: 1.0000 Acc: 0.9357 F1: 0.9367
Epoch 16: Time: 0.4167 Cost: 5.3042 Pre: 0.9020 Re: 1.0000 Acc: 0.9484 F1: 0.9485
Epoch 17: Time: 0.4099 Cost: 4.7166 Pre: 0.9187 Re: 1.0000 Acc: 0.9580 F1: 0.9576
Epoch 18: Time: 0.4102 Cost: 4.1612 Pre: 0.9341 Re: 1.0000 Acc: 0.9665 F1: 0.9659
Epoch 19: Time: 0.4136 Cost: 3.6511 Pre: 0.9469 Re: 1.0000 Acc: 0.9733 F1: 0.9727
Epoch 20: Time: 0.4096 Cost: 3.1859 Pre: 0.9593 Re: 1.0000 Acc: 0.9798 F1: 0.9792


--------------------------------------------------------------------
Eval results: Cost:2.3142 Pre:0.9767 Re:1.0000 Acc:0.9890 F1:0.9882
--------------------------------------------------------------------

Epoch 21: Time: 0.4159 Cost: 2.7736 Pre: 0.9720 Re: 1.0000 Acc: 0.9863 F1: 0.9858
Epoch 22: Time: 0.4123 Cost: 2.4015 Pre: 0.9803 Re: 1.0000 Acc: 0.9904 F1: 0.9900
Epoch 23: Time: 0.4106 Cost: 2.0743 Pre: 0.9879 Re: 1.0000 Acc: 0.9942 F1: 0.9939
Epoch 24: Time: 0.4101 Cost: 1.7903 Pre: 0.9929 Re: 1.0000 Acc: 0.9966 F1: 0.9964
Epoch 25: Time: 0.4185 Cost: 1.5458 Pre: 0.9950 Re: 1.0000 Acc: 0.9976 F1: 0.9975
Epoch 26: Time: 0.4109 Cost: 1.3296 Pre: 0.9971 Re: 1.0000 Acc: 0.9986 F1: 0.9986
Epoch 27: Time: 0.4116 Cost: 1.1501 Pre: 0.9993 Re: 1.0000 Acc: 0.9997 F1: 0.9996
Epoch 28: Time: 0.4118 Cost: 0.9858 Pre: 1.0000 Re: 1.0000 Acc: 1.0000 F1: 1.0000
Epoch 29: Time: 0.4115 Cost: 0.8524 Pre: 1.0000 Re: 1.0000 Acc: 1.0000 F1: 1.0000
Epoch 30: Time: 0.4162 Cost: 0.7313 Pre: 1.0000 Re: 1.0000 Acc: 1.0000 F1: 1.0000


--------------------------------------------------------------------
Eval results: Cost:0.5332 Pre:1.0000 Re:1.0000 Acc:1.0000 F1:1.0000
--------------------------------------------------------------------

Epoch 31: Time: 0.4148 Cost: 0.6243 Pre: 1.0000 Re: 1.0000 Acc: 1.0000 F1: 1.0000
Epoch 32: Time: 0.4109 Cost: 0.5496 Pre: 1.0000 Re: 1.0000 Acc: 1.0000 F1: 1.0000
Epoch 33: Time: 0.4112 Cost: 0.4487 Pre: 1.0000 Re: 1.0000 Acc: 1.0000 F1: 1.0000
Epoch 34: Time: 0.4162 Cost: 0.4151 Pre: 1.0000 Re: 1.0000 Acc: 1.0000 F1: 1.0000
Epoch 35: Time: 0.4097 Cost: 0.3315 Pre: 1.0000 Re: 1.0000 Acc: 1.0000 F1: 1.0000
Epoch 36: Time: 0.4118 Cost: 0.2884 Pre: 1.0000 Re: 0.9993 Acc: 0.9997 F1: 0.9996
Epoch 37: Time: 0.4214 Cost: 0.2736 Pre: 1.0000 Re: 0.9993 Acc: 0.9997 F1: 0.9996
Epoch 38: Time: 0.4089 Cost: 0.2121 Pre: 1.0000 Re: 0.9993 Acc: 0.9997 F1: 0.9996
Epoch 39: Time: 0.4143 Cost: 0.1900 Pre: 1.0000 Re: 0.9993 Acc: 0.9997 F1: 0.9996
Epoch 40: Time: 0.4109 Cost: 0.1864 Pre: 1.0000 Re: 0.9993 Acc: 0.9997 F1: 0.9996


--------------------------------------------------------------------
Eval results: Cost:0.1578 Pre:1.0000 Re:0.9985 Acc:0.9993 F1:0.9993
--------------------------------------------------------------------

Epoch 41: Time: 0.4154 Cost: 0.1447 Pre: 1.0000 Re: 0.9993 Acc: 0.9997 F1: 0.9996
Epoch 42: Time: 0.4101 Cost: 0.1326 Pre: 1.0000 Re: 0.9993 Acc: 0.9997 F1: 0.9996
Epoch 43: Time: 0.4181 Cost: 0.1186 Pre: 1.0000 Re: 1.0000 Acc: 1.0000 F1: 1.0000
Epoch 44: Time: 0.4108 Cost: 0.1042 Pre: 1.0000 Re: 1.0000 Acc: 1.0000 F1: 1.0000
Epoch 45: Time: 0.4107 Cost: 0.0932 Pre: 1.0000 Re: 1.0000 Acc: 1.0000 F1: 1.0000
Epoch 46: Time: 0.4118 Cost: 0.0844 Pre: 1.0000 Re: 1.0000 Acc: 1.0000 F1: 1.0000
Epoch 47: Time: 0.4095 Cost: 0.0743 Pre: 1.0000 Re: 1.0000 Acc: 1.0000 F1: 1.0000
Epoch 48: Time: 0.4159 Cost: 0.0692 Pre: 1.0000 Re: 1.0000 Acc: 1.0000 F1: 1.0000
Epoch 49: Time: 0.4224 Cost: 0.0625 Pre: 1.0000 Re: 1.0000 Acc: 1.0000 F1: 1.0000
Epoch 50: Time: 0.4169 Cost: 0.0561 Pre: 1.0000 Re: 1.0000 Acc: 1.0000 F1: 1.0000


--------------------------------------------------------------------
Eval results: Cost:0.0520 Pre:1.0000 Re:1.0000 Acc:1.0000 F1:1.0000
--------------------------------------------------------------------

Epoch 51: Time: 0.4130 Cost: 0.0524 Pre: 1.0000 Re: 1.0000 Acc: 1.0000 F1: 1.0000
Epoch 52: Time: 0.4178 Cost: 0.0480 Pre: 1.0000 Re: 1.0000 Acc: 1.0000 F1: 1.0000
Epoch 53: Time: 0.4103 Cost: 0.0459 Pre: 1.0000 Re: 1.0000 Acc: 1.0000 F1: 1.0000
Epoch 54: Time: 0.4102 Cost: 0.0411 Pre: 1.0000 Re: 1.0000 Acc: 1.0000 F1: 1.0000
Epoch 55: Time: 0.4151 Cost: 0.0389 Pre: 1.0000 Re: 1.0000 Acc: 1.0000 F1: 1.0000
Epoch 56: Time: 0.4097 Cost: 0.0372 Pre: 1.0000 Re: 1.0000 Acc: 1.0000 F1: 1.0000
Epoch 57: Time: 0.4264 Cost: 0.0335 Pre: 1.0000 Re: 1.0000 Acc: 1.0000 F1: 1.0000
Epoch 58: Time: 0.4116 Cost: 0.0320 Pre: 1.0000 Re: 1.0000 Acc: 1.0000 F1: 1.0000
Epoch 59: Time: 0.4117 Cost: 0.0305 Pre: 1.0000 Re: 1.0000 Acc: 1.0000 F1: 1.0000
Epoch 60: Time: 0.4107 Cost: 0.0280 Pre: 1.0000 Re: 1.0000 Acc: 1.0000 F1: 1.0000


--------------------------------------------------------------------
Eval results: Cost:0.0265 Pre:1.0000 Re:1.0000 Acc:1.0000 F1:1.0000
--------------------------------------------------------------------

Epoch 61: Time: 0.8822 Cost: 0.0267 Pre: 1.0000 Re: 1.0000 Acc: 1.0000 F1: 1.0000
Epoch 62: Time: 0.5241 Cost: 0.0253 Pre: 1.0000 Re: 1.0000 Acc: 1.0000 F1: 1.0000
Epoch 63: Time: 0.4096 Cost: 0.0239 Pre: 1.0000 Re: 1.0000 Acc: 1.0000 F1: 1.0000
Epoch 64: Time: 0.4151 Cost: 0.0227 Pre: 1.0000 Re: 1.0000 Acc: 1.0000 F1: 1.0000
Epoch 65: Time: 0.4118 Cost: 0.0215 Pre: 1.0000 Re: 1.0000 Acc: 1.0000 F1: 1.0000
Epoch 66: Time: 0.4111 Cost: 0.0204 Pre: 1.0000 Re: 1.0000 Acc: 1.0000 F1: 1.0000
Epoch 67: Time: 0.4117 Cost: 0.0194 Pre: 1.0000 Re: 1.0000 Acc: 1.0000 F1: 1.0000
Epoch 68: Time: 0.4390 Cost: 0.0185 Pre: 1.0000 Re: 1.0000 Acc: 1.0000 F1: 1.0000
Epoch 69: Time: 0.4151 Cost: 0.0177 Pre: 1.0000 Re: 1.0000 Acc: 1.0000 F1: 1.0000
Epoch 70: Time: 0.4099 Cost: 0.0169 Pre: 1.0000 Re: 1.0000 Acc: 1.0000 F1: 1.0000


--------------------------------------------------------------------
Eval results: Cost:0.0158 Pre:1.0000 Re:1.0000 Acc:1.0000 F1:1.0000
--------------------------------------------------------------------

Epoch 71: Time: 0.4158 Cost: 0.0161 Pre: 1.0000 Re: 1.0000 Acc: 1.0000 F1: 1.0000
Epoch 72: Time: 0.4110 Cost: 0.0156 Pre: 1.0000 Re: 1.0000 Acc: 1.0000 F1: 1.0000
Epoch 73: Time: 0.4146 Cost: 0.0149 Pre: 1.0000 Re: 1.0000 Acc: 1.0000 F1: 1.0000
Epoch 74: Time: 0.4111 Cost: 0.0143 Pre: 1.0000 Re: 1.0000 Acc: 1.0000 F1: 1.0000
Epoch 75: Time: 0.4129 Cost: 0.0138 Pre: 1.0000 Re: 1.0000 Acc: 1.0000 F1: 1.0000
Epoch 76: Time: 0.4116 Cost: 0.0133 Pre: 1.0000 Re: 1.0000 Acc: 1.0000 F1: 1.0000
Epoch 77: Time: 0.4092 Cost: 0.0128 Pre: 1.0000 Re: 1.0000 Acc: 1.0000 F1: 1.0000
Epoch 78: Time: 0.4148 Cost: 0.0123 Pre: 1.0000 Re: 1.0000 Acc: 1.0000 F1: 1.0000
Epoch 79: Time: 0.4101 Cost: 0.0119 Pre: 1.0000 Re: 1.0000 Acc: 1.0000 F1: 1.0000
Epoch 80: Time: 0.4121 Cost: 0.0115 Pre: 1.0000 Re: 1.0000 Acc: 1.0000 F1: 1.0000


--------------------------------------------------------------------
Eval results: Cost:0.0108 Pre:1.0000 Re:1.0000 Acc:1.0000 F1:1.0000
--------------------------------------------------------------------

Epoch 81: Time: 0.4189 Cost: 0.0111 Pre: 1.0000 Re: 1.0000 Acc: 1.0000 F1: 1.0000
Epoch 82: Time: 0.4155 Cost: 0.0107 Pre: 1.0000 Re: 1.0000 Acc: 1.0000 F1: 1.0000
Epoch 83: Time: 0.4109 Cost: 0.0104 Pre: 1.0000 Re: 1.0000 Acc: 1.0000 F1: 1.0000
Epoch 84: Time: 0.4103 Cost: 0.0100 Pre: 1.0000 Re: 1.0000 Acc: 1.0000 F1: 1.0000
Epoch 85: Time: 0.4102 Cost: 0.0097 Pre: 1.0000 Re: 1.0000 Acc: 1.0000 F1: 1.0000
Epoch 86: Time: 0.4090 Cost: 0.0094 Pre: 1.0000 Re: 1.0000 Acc: 1.0000 F1: 1.0000
Epoch 87: Time: 0.4153 Cost: 0.0091 Pre: 1.0000 Re: 1.0000 Acc: 1.0000 F1: 1.0000
Epoch 88: Time: 0.4101 Cost: 0.0089 Pre: 1.0000 Re: 1.0000 Acc: 1.0000 F1: 1.0000
Epoch 89: Time: 0.4111 Cost: 0.0086 Pre: 1.0000 Re: 1.0000 Acc: 1.0000 F1: 1.0000
Epoch 90: Time: 0.4121 Cost: 0.0084 Pre: 1.0000 Re: 1.0000 Acc: 1.0000 F1: 1.0000


--------------------------------------------------------------------
Eval results: Cost:0.0078 Pre:1.0000 Re:1.0000 Acc:1.0000 F1:1.0000
--------------------------------------------------------------------

Epoch 91: Time: 0.4191 Cost: 0.0082 Pre: 1.0000 Re: 1.0000 Acc: 1.0000 F1: 1.0000
Epoch 92: Time: 0.4110 Cost: 0.0079 Pre: 1.0000 Re: 1.0000 Acc: 1.0000 F1: 1.0000
Epoch 93: Time: 0.4106 Cost: 0.0077 Pre: 1.0000 Re: 1.0000 Acc: 1.0000 F1: 1.0000
Epoch 94: Time: 0.4120 Cost: 0.0075 Pre: 1.0000 Re: 1.0000 Acc: 1.0000 F1: 1.0000
Epoch 95: Time: 0.4114 Cost: 0.0073 Pre: 1.0000 Re: 1.0000 Acc: 1.0000 F1: 1.0000
Epoch 96: Time: 0.4144 Cost: 0.0072 Pre: 1.0000 Re: 1.0000 Acc: 1.0000 F1: 1.0000
Epoch 97: Time: 0.4132 Cost: 0.0070 Pre: 1.0000 Re: 1.0000 Acc: 1.0000 F1: 1.0000
Epoch 98: Time: 0.4114 Cost: 0.0068 Pre: 1.0000 Re: 1.0000 Acc: 1.0000 F1: 1.0000
Epoch 99: Time: 0.4118 Cost: 0.0067 Pre: 1.0000 Re: 1.0000 Acc: 1.0000 F1: 1.0000
Epoch 100: Time: 0.4102 Cost: 0.0065 Pre: 1.0000 Re: 1.0000 Acc: 1.0000 F1: 1.0000


--------------------------------------------------------------------
Eval results: Cost:0.0060 Pre:1.0000 Re:1.0000 Acc:1.0000 F1:1.0000
--------------------------------------------------------------------

Epoch 101: Time: 0.4142 Cost: 0.0063 Pre: 1.0000 Re: 1.0000 Acc: 1.0000 F1: 1.0000
Epoch 102: Time: 0.4114 Cost: 0.0062 Pre: 1.0000 Re: 1.0000 Acc: 1.0000 F1: 1.0000
Epoch 103: Time: 0.4124 Cost: 0.0061 Pre: 1.0000 Re: 1.0000 Acc: 1.0000 F1: 1.0000
Epoch 104: Time: 0.4095 Cost: 0.0060 Pre: 1.0000 Re: 1.0000 Acc: 1.0000 F1: 1.0000
Epoch 105: Time: 0.4157 Cost: 0.0058 Pre: 1.0000 Re: 1.0000 Acc: 1.0000 F1: 1.0000
Epoch 106: Time: 0.4104 Cost: 0.0057 Pre: 1.0000 Re: 1.0000 Acc: 1.0000 F1: 1.0000
Epoch 107: Time: 0.4089 Cost: 0.0056 Pre: 1.0000 Re: 1.0000 Acc: 1.0000 F1: 1.0000
Epoch 108: Time: 0.4127 Cost: 0.0055 Pre: 1.0000 Re: 1.0000 Acc: 1.0000 F1: 1.0000
Epoch 109: Time: 0.4108 Cost: 0.0054 Pre: 1.0000 Re: 1.0000 Acc: 1.0000 F1: 1.0000
Epoch 110: Time: 0.4139 Cost: 0.0053 Pre: 1.0000 Re: 1.0000 Acc: 1.0000 F1: 1.0000


--------------------------------------------------------------------
Eval results: Cost:0.0049 Pre:1.0000 Re:1.0000 Acc:1.0000 F1:1.0000
--------------------------------------------------------------------

Epoch 111: Time: 0.4139 Cost: 0.0052 Pre: 1.0000 Re: 1.0000 Acc: 1.0000 F1: 1.0000
Epoch 112: Time: 0.4126 Cost: 0.0051 Pre: 1.0000 Re: 1.0000 Acc: 1.0000 F1: 1.0000
Epoch 113: Time: 0.4112 Cost: 0.0050 Pre: 1.0000 Re: 1.0000 Acc: 1.0000 F1: 1.0000
Epoch 114: Time: 0.4154 Cost: 0.0049 Pre: 1.0000 Re: 1.0000 Acc: 1.0000 F1: 1.0000
Epoch 115: Time: 0.4098 Cost: 0.0048 Pre: 1.0000 Re: 1.0000 Acc: 1.0000 F1: 1.0000
Epoch 116: Time: 0.4254 Cost: 0.0047 Pre: 1.0000 Re: 1.0000 Acc: 1.0000 F1: 1.0000
Epoch 117: Time: 0.4118 Cost: 0.0047 Pre: 1.0000 Re: 1.0000 Acc: 1.0000 F1: 1.0000
Epoch 118: Time: 0.4113 Cost: 0.0046 Pre: 1.0000 Re: 1.0000 Acc: 1.0000 F1: 1.0000
Epoch 119: Time: 0.4167 Cost: 0.0045 Pre: 1.0000 Re: 1.0000 Acc: 1.0000 F1: 1.0000
Epoch 120: Time: 0.4103 Cost: 0.0044 Pre: 1.0000 Re: 1.0000 Acc: 1.0000 F1: 1.0000


--------------------------------------------------------------------
Eval results: Cost:0.0042 Pre:1.0000 Re:1.0000 Acc:1.0000 F1:1.0000
--------------------------------------------------------------------

Epoch 121: Time: 0.4160 Cost: 0.0044 Pre: 1.0000 Re: 1.0000 Acc: 1.0000 F1: 1.0000
Epoch 122: Time: 0.4106 Cost: 0.0043 Pre: 1.0000 Re: 1.0000 Acc: 1.0000 F1: 1.0000
Epoch 123: Time: 0.4139 Cost: 0.0042 Pre: 1.0000 Re: 1.0000 Acc: 1.0000 F1: 1.0000
Epoch 124: Time: 0.4109 Cost: 0.0042 Pre: 1.0000 Re: 1.0000 Acc: 1.0000 F1: 1.0000
Epoch 125: Time: 0.4113 Cost: 0.0041 Pre: 1.0000 Re: 1.0000 Acc: 1.0000 F1: 1.0000
Epoch 126: Time: 0.4176 Cost: 0.0041 Pre: 1.0000 Re: 1.0000 Acc: 1.0000 F1: 1.0000
Epoch 127: Time: 0.4095 Cost: 0.0040 Pre: 1.0000 Re: 1.0000 Acc: 1.0000 F1: 1.0000
Epoch 128: Time: 0.4136 Cost: 0.0039 Pre: 1.0000 Re: 1.0000 Acc: 1.0000 F1: 1.0000
Epoch 129: Time: 0.4116 Cost: 0.0039 Pre: 1.0000 Re: 1.0000 Acc: 1.0000 F1: 1.0000
Epoch 130: Time: 0.4153 Cost: 0.0038 Pre: 1.0000 Re: 1.0000 Acc: 1.0000 F1: 1.0000


--------------------------------------------------------------------
Eval results: Cost:0.0037 Pre:1.0000 Re:1.0000 Acc:1.0000 F1:1.0000
--------------------------------------------------------------------

Epoch 131: Time: 0.4134 Cost: 0.0038 Pre: 1.0000 Re: 1.0000 Acc: 1.0000 F1: 1.0000
Epoch 132: Time: 0.4162 Cost: 0.0037 Pre: 1.0000 Re: 1.0000 Acc: 1.0000 F1: 1.0000
Epoch 133: Time: 0.4104 Cost: 0.0037 Pre: 1.0000 Re: 1.0000 Acc: 1.0000 F1: 1.0000
Epoch 134: Time: 0.4119 Cost: 0.0036 Pre: 1.0000 Re: 1.0000 Acc: 1.0000 F1: 1.0000
Epoch 135: Time: 0.4123 Cost: 0.0036 Pre: 1.0000 Re: 1.0000 Acc: 1.0000 F1: 1.0000
Epoch 136: Time: 0.4777 Cost: 0.0035 Pre: 1.0000 Re: 1.0000 Acc: 1.0000 F1: 1.0000
Epoch 137: Time: 0.4825 Cost: 0.0035 Pre: 1.0000 Re: 1.0000 Acc: 1.0000 F1: 1.0000
Epoch 138: Time: 0.4414 Cost: 0.0035 Pre: 1.0000 Re: 1.0000 Acc: 1.0000 F1: 1.0000
Epoch 139: Time: 0.4131 Cost: 0.0034 Pre: 1.0000 Re: 1.0000 Acc: 1.0000 F1: 1.0000
Epoch 140: Time: 0.4103 Cost: 0.0034 Pre: 1.0000 Re: 1.0000 Acc: 1.0000 F1: 1.0000


--------------------------------------------------------------------
Eval results: Cost:0.0033 Pre:1.0000 Re:1.0000 Acc:1.0000 F1:1.0000
--------------------------------------------------------------------

Epoch 141: Time: 0.4190 Cost: 0.0033 Pre: 1.0000 Re: 1.0000 Acc: 1.0000 F1: 1.0000
Epoch 142: Time: 0.4119 Cost: 0.0033 Pre: 1.0000 Re: 1.0000 Acc: 1.0000 F1: 1.0000
Epoch 143: Time: 0.4123 Cost: 0.0033 Pre: 1.0000 Re: 1.0000 Acc: 1.0000 F1: 1.0000
Epoch 144: Time: 0.4097 Cost: 0.0032 Pre: 1.0000 Re: 1.0000 Acc: 1.0000 F1: 1.0000
Epoch 145: Time: 0.4113 Cost: 0.0032 Pre: 1.0000 Re: 1.0000 Acc: 1.0000 F1: 1.0000
Epoch 146: Time: 0.4147 Cost: 0.0032 Pre: 1.0000 Re: 1.0000 Acc: 1.0000 F1: 1.0000
Epoch 147: Time: 0.4163 Cost: 0.0031 Pre: 1.0000 Re: 1.0000 Acc: 1.0000 F1: 1.0000
Epoch 148: Time: 0.4114 Cost: 0.0031 Pre: 1.0000 Re: 1.0000 Acc: 1.0000 F1: 1.0000
Epoch 149: Time: 0.4103 Cost: 0.0030 Pre: 1.0000 Re: 1.0000 Acc: 1.0000 F1: 1.0000
Epoch 150: Time: 0.4154 Cost: 0.0030 Pre: 1.0000 Re: 1.0000 Acc: 1.0000 F1: 1.0000


--------------------------------------------------------------------
Eval results: Cost:0.0030 Pre:1.0000 Re:1.0000 Acc:1.0000 F1:1.0000
--------------------------------------------------------------------

Early stopping...
--------------------------------------------------------------------
--------------------------------------------------------------------
Test 4332 samples take time: 1.3672
Test results: Cost:0.0027 Pre:1.0000 Re:1.0000 Acc:1.0000 F1:1.0000
--------------------------------------------------------------------

