Load data
RNN type: LSTM Grammar: g3 Seed: 6
Model total parameters: 4092
Saving hinit ... 

Epoch 0: Time: 0.6574 Cost: 28.3182 Pre: 0.0000 Re: 0.0000 Acc: 0.5249 F1: 0.0000


--------------------------------------------------------------------
Eval results: Cost:25.5633 Pre:0.0000 Re:0.0000 Acc:0.5392 F1:0.0000
--------------------------------------------------------------------

Epoch 1: Time: 0.5755 Cost: 25.1977 Pre: 0.4764 Re: 0.0871 Acc: 0.5208 F1: 0.1472
Epoch 2: Time: 0.5739 Cost: 24.6763 Pre: 0.4994 Re: 0.3000 Acc: 0.5246 F1: 0.3748
Epoch 3: Time: 0.5782 Cost: 24.5326 Pre: 0.4735 Re: 0.2187 Acc: 0.5133 F1: 0.2992
Epoch 4: Time: 0.5387 Cost: 24.3993 Pre: 0.4835 Re: 0.2842 Acc: 0.5157 F1: 0.3580
Epoch 5: Time: 0.5220 Cost: 24.2666 Pre: 0.4959 Re: 0.3065 Acc: 0.5226 F1: 0.3788
Epoch 6: Time: 0.5286 Cost: 24.1219 Pre: 0.4957 Re: 0.3281 Acc: 0.5222 F1: 0.3948
Epoch 7: Time: 0.5231 Cost: 23.9319 Pre: 0.5047 Re: 0.3511 Acc: 0.5280 F1: 0.4141
Epoch 8: Time: 0.5232 Cost: 23.6169 Pre: 0.5314 Re: 0.4022 Acc: 0.5475 F1: 0.4578
Epoch 9: Time: 0.5356 Cost: 22.8734 Pre: 0.5851 Re: 0.4748 Acc: 0.5906 F1: 0.5242
Epoch 10: Time: 0.5502 Cost: 20.9856 Pre: 0.6659 Re: 0.6626 Acc: 0.6818 F1: 0.6643


--------------------------------------------------------------------
Eval results: Cost:19.8346 Pre:0.6531 Re:0.7672 Acc:0.7050 F1:0.7056
--------------------------------------------------------------------

Epoch 11: Time: 0.5293 Cost: 19.5374 Pre: 0.6870 Re: 0.7058 Acc: 0.7075 F1: 0.6962
Epoch 12: Time: 0.5352 Cost: 18.5980 Pre: 0.7057 Re: 0.7453 Acc: 0.7314 F1: 0.7250
Epoch 13: Time: 0.5358 Cost: 17.6073 Pre: 0.7207 Re: 0.7799 Acc: 0.7519 F1: 0.7491
Epoch 14: Time: 0.5419 Cost: 16.5412 Pre: 0.7377 Re: 0.8115 Acc: 0.7734 F1: 0.7729
Epoch 15: Time: 0.5330 Cost: 15.2965 Pre: 0.7596 Re: 0.8367 Acc: 0.7967 F1: 0.7963
Epoch 16: Time: 0.5333 Cost: 13.7075 Pre: 0.7911 Re: 0.8719 Acc: 0.8298 F1: 0.8296
Epoch 17: Time: 0.5275 Cost: 11.8657 Pre: 0.8107 Re: 0.9302 Acc: 0.8636 F1: 0.8663
Epoch 18: Time: 0.5231 Cost: 10.2668 Pre: 0.8343 Re: 0.9705 Acc: 0.8944 F1: 0.8972
Epoch 19: Time: 0.5271 Cost: 9.1956 Pre: 0.8561 Re: 0.9928 Acc: 0.9173 F1: 0.9194
Epoch 20: Time: 0.5236 Cost: 8.7346 Pre: 0.8446 Re: 0.9892 Acc: 0.9084 F1: 0.9112


--------------------------------------------------------------------
Eval results: Cost:8.1318 Pre:0.8302 Re:1.0000 Acc:0.9058 F1:0.9072
--------------------------------------------------------------------

Epoch 21: Time: 0.5211 Cost: 8.0372 Pre: 0.8649 Re: 0.9993 Acc: 0.9255 F1: 0.9272
Epoch 22: Time: 0.5247 Cost: 7.8096 Pre: 0.8541 Re: 0.9935 Acc: 0.9163 F1: 0.9185
Epoch 23: Time: 0.5213 Cost: 7.2590 Pre: 0.8720 Re: 1.0000 Acc: 0.9303 F1: 0.9316
Epoch 24: Time: 0.5225 Cost: 7.0889 Pre: 0.8690 Re: 0.9971 Acc: 0.9272 F1: 0.9286
Epoch 25: Time: 0.5204 Cost: 6.6258 Pre: 0.8859 Re: 1.0000 Acc: 0.9388 F1: 0.9395
Epoch 26: Time: 0.5246 Cost: 6.4743 Pre: 0.8877 Re: 0.9957 Acc: 0.9381 F1: 0.9386
Epoch 27: Time: 0.5194 Cost: 6.0918 Pre: 0.8927 Re: 1.0000 Acc: 0.9429 F1: 0.9433
Epoch 28: Time: 0.5231 Cost: 5.9278 Pre: 0.8977 Re: 0.9978 Acc: 0.9450 F1: 0.9451
Epoch 29: Time: 0.5247 Cost: 5.6196 Pre: 0.9038 Re: 1.0000 Acc: 0.9494 F1: 0.9495
Epoch 30: Time: 0.5390 Cost: 5.4381 Pre: 0.9096 Re: 0.9986 Acc: 0.9522 F1: 0.9520


--------------------------------------------------------------------
Eval results: Cost:4.5858 Pre:0.9229 Re:1.0000 Acc:0.9615 F1:0.9599
--------------------------------------------------------------------

Epoch 31: Time: 0.5455 Cost: 5.2014 Pre: 0.9121 Re: 1.0000 Acc: 0.9542 F1: 0.9540
Epoch 32: Time: 0.5445 Cost: 5.0203 Pre: 0.9168 Re: 0.9986 Acc: 0.9563 F1: 0.9559
Epoch 33: Time: 0.5224 Cost: 4.8023 Pre: 0.9230 Re: 1.0000 Acc: 0.9604 F1: 0.9599
Epoch 34: Time: 0.5265 Cost: 4.6319 Pre: 0.9272 Re: 0.9993 Acc: 0.9624 F1: 0.9619
Epoch 35: Time: 0.5168 Cost: 4.4570 Pre: 0.9341 Re: 0.9993 Acc: 0.9662 F1: 0.9656
Epoch 36: Time: 0.5333 Cost: 4.2874 Pre: 0.9372 Re: 0.9993 Acc: 0.9679 F1: 0.9673
Epoch 37: Time: 0.5224 Cost: 4.1398 Pre: 0.9417 Re: 0.9993 Acc: 0.9703 F1: 0.9696
Epoch 38: Time: 0.5259 Cost: 3.9886 Pre: 0.9494 Re: 0.9993 Acc: 0.9744 F1: 0.9737
Epoch 39: Time: 0.5467 Cost: 3.8498 Pre: 0.9527 Re: 0.9993 Acc: 0.9761 F1: 0.9754
Epoch 40: Time: 0.5277 Cost: 3.7275 Pre: 0.9632 Re: 0.9993 Acc: 0.9815 F1: 0.9809


--------------------------------------------------------------------
Eval results: Cost:3.0906 Pre:0.9810 Re:1.0000 Acc:0.9911 F1:0.9904
--------------------------------------------------------------------

Epoch 41: Time: 0.5262 Cost: 3.5962 Pre: 0.9626 Re: 1.0000 Acc: 0.9815 F1: 0.9809
Epoch 42: Time: 0.5201 Cost: 3.5021 Pre: 0.9747 Re: 0.9993 Acc: 0.9874 F1: 0.9869
Epoch 43: Time: 0.5279 Cost: 3.3468 Pre: 0.9782 Re: 1.0000 Acc: 0.9894 F1: 0.9890
Epoch 44: Time: 0.5213 Cost: 3.2885 Pre: 0.9802 Re: 0.9993 Acc: 0.9901 F1: 0.9897
Epoch 45: Time: 0.5256 Cost: 3.1514 Pre: 0.9844 Re: 1.0000 Acc: 0.9925 F1: 0.9921
Epoch 46: Time: 0.5184 Cost: 3.0880 Pre: 0.9872 Re: 0.9986 Acc: 0.9932 F1: 0.9928
Epoch 47: Time: 0.5270 Cost: 2.9750 Pre: 0.9900 Re: 0.9993 Acc: 0.9949 F1: 0.9946
Epoch 48: Time: 0.5218 Cost: 2.9133 Pre: 0.9907 Re: 0.9993 Acc: 0.9952 F1: 0.9950
Epoch 49: Time: 0.5252 Cost: 2.8190 Pre: 0.9936 Re: 0.9993 Acc: 0.9966 F1: 0.9964
Epoch 50: Time: 0.5483 Cost: 2.7579 Pre: 0.9929 Re: 0.9993 Acc: 0.9962 F1: 0.9961


--------------------------------------------------------------------
Eval results: Cost:2.2723 Pre:0.9970 Re:0.9985 Acc:0.9979 F1:0.9978
--------------------------------------------------------------------

Epoch 51: Time: 0.5286 Cost: 2.6889 Pre: 0.9943 Re: 0.9993 Acc: 0.9969 F1: 0.9968
Epoch 52: Time: 0.5292 Cost: 2.6208 Pre: 0.9971 Re: 0.9993 Acc: 0.9983 F1: 0.9982
Epoch 53: Time: 0.5221 Cost: 2.5517 Pre: 0.9993 Re: 0.9993 Acc: 0.9993 F1: 0.9993
Epoch 54: Time: 0.5242 Cost: 2.5054 Pre: 1.0000 Re: 0.9993 Acc: 0.9997 F1: 0.9996
Epoch 55: Time: 0.5232 Cost: 2.4455 Pre: 1.0000 Re: 0.9993 Acc: 0.9997 F1: 0.9996
Epoch 56: Time: 0.5213 Cost: 2.3974 Pre: 1.0000 Re: 0.9993 Acc: 0.9997 F1: 0.9996
Epoch 57: Time: 0.6449 Cost: 2.3519 Pre: 1.0000 Re: 0.9993 Acc: 0.9997 F1: 0.9996
Epoch 58: Time: 0.5780 Cost: 2.3067 Pre: 1.0000 Re: 0.9993 Acc: 0.9997 F1: 0.9996
Epoch 59: Time: 0.5754 Cost: 2.2670 Pre: 1.0000 Re: 0.9993 Acc: 0.9997 F1: 0.9996
Epoch 60: Time: 0.5243 Cost: 2.2285 Pre: 1.0000 Re: 0.9993 Acc: 0.9997 F1: 0.9996


--------------------------------------------------------------------
Eval results: Cost:1.8326 Pre:1.0000 Re:0.9985 Acc:0.9993 F1:0.9993
--------------------------------------------------------------------

Epoch 61: Time: 0.5196 Cost: 2.1958 Pre: 1.0000 Re: 0.9993 Acc: 0.9997 F1: 0.9996
Epoch 62: Time: 0.5246 Cost: 2.1581 Pre: 1.0000 Re: 0.9993 Acc: 0.9997 F1: 0.9996
Epoch 63: Time: 0.5211 Cost: 2.1254 Pre: 1.0000 Re: 0.9993 Acc: 0.9997 F1: 0.9996
Epoch 64: Time: 0.5242 Cost: 2.0988 Pre: 1.0000 Re: 0.9993 Acc: 0.9997 F1: 0.9996
Epoch 65: Time: 0.5251 Cost: 2.0700 Pre: 1.0000 Re: 0.9993 Acc: 0.9997 F1: 0.9996
Epoch 66: Time: 0.5282 Cost: 2.0452 Pre: 1.0000 Re: 0.9993 Acc: 0.9997 F1: 0.9996
Epoch 67: Time: 0.5334 Cost: 2.0218 Pre: 1.0000 Re: 0.9993 Acc: 0.9997 F1: 0.9996
Epoch 68: Time: 0.5237 Cost: 1.9995 Pre: 1.0000 Re: 0.9993 Acc: 0.9997 F1: 0.9996
Epoch 69: Time: 0.5227 Cost: 1.9792 Pre: 1.0000 Re: 0.9993 Acc: 0.9997 F1: 0.9996
Epoch 70: Time: 0.5237 Cost: 1.9601 Pre: 1.0000 Re: 0.9993 Acc: 0.9997 F1: 0.9996


--------------------------------------------------------------------
Eval results: Cost:1.6078 Pre:1.0000 Re:0.9985 Acc:0.9993 F1:0.9993
--------------------------------------------------------------------

Epoch 71: Time: 0.5285 Cost: 1.9440 Pre: 1.0000 Re: 0.9993 Acc: 0.9997 F1: 0.9996
Epoch 72: Time: 0.5191 Cost: 1.9247 Pre: 1.0000 Re: 0.9993 Acc: 0.9997 F1: 0.9996
Epoch 73: Time: 0.5264 Cost: 1.9091 Pre: 1.0000 Re: 0.9993 Acc: 0.9997 F1: 0.9996
Epoch 74: Time: 0.5206 Cost: 1.8957 Pre: 1.0000 Re: 0.9993 Acc: 0.9997 F1: 0.9996
Epoch 75: Time: 0.5247 Cost: 1.8814 Pre: 1.0000 Re: 0.9993 Acc: 0.9997 F1: 0.9996
Epoch 76: Time: 0.5218 Cost: 1.8694 Pre: 1.0000 Re: 0.9993 Acc: 0.9997 F1: 0.9996
Epoch 77: Time: 0.5250 Cost: 1.8576 Pre: 1.0000 Re: 0.9993 Acc: 0.9997 F1: 0.9996
Epoch 78: Time: 0.5202 Cost: 1.8467 Pre: 1.0000 Re: 0.9993 Acc: 0.9997 F1: 0.9996
Epoch 79: Time: 0.5242 Cost: 1.8366 Pre: 1.0000 Re: 0.9993 Acc: 0.9997 F1: 0.9996
Epoch 80: Time: 0.5214 Cost: 1.8271 Pre: 1.0000 Re: 0.9993 Acc: 0.9997 F1: 0.9996


--------------------------------------------------------------------
Eval results: Cost:1.4959 Pre:1.0000 Re:0.9985 Acc:0.9993 F1:0.9993
--------------------------------------------------------------------

Epoch 81: Time: 0.5197 Cost: 1.8194 Pre: 1.0000 Re: 0.9993 Acc: 0.9997 F1: 0.9996
Epoch 82: Time: 0.5270 Cost: 1.8094 Pre: 1.0000 Re: 0.9993 Acc: 0.9997 F1: 0.9996
Epoch 83: Time: 0.5227 Cost: 1.8021 Pre: 1.0000 Re: 0.9993 Acc: 0.9997 F1: 0.9996
Epoch 84: Time: 0.5256 Cost: 1.7950 Pre: 1.0000 Re: 0.9993 Acc: 0.9997 F1: 0.9996
Epoch 85: Time: 0.5369 Cost: 1.7881 Pre: 1.0000 Re: 0.9993 Acc: 0.9997 F1: 0.9996
Epoch 86: Time: 0.5226 Cost: 1.7820 Pre: 1.0000 Re: 0.9993 Acc: 0.9997 F1: 0.9996
Epoch 87: Time: 0.5240 Cost: 1.7760 Pre: 1.0000 Re: 0.9993 Acc: 0.9997 F1: 0.9996
Epoch 88: Time: 0.5295 Cost: 1.7705 Pre: 1.0000 Re: 0.9993 Acc: 0.9997 F1: 0.9996
Epoch 89: Time: 0.5209 Cost: 1.7654 Pre: 1.0000 Re: 0.9993 Acc: 0.9997 F1: 0.9996
Epoch 90: Time: 0.5233 Cost: 1.7606 Pre: 1.0000 Re: 0.9993 Acc: 0.9997 F1: 0.9996


--------------------------------------------------------------------
Eval results: Cost:1.4393 Pre:1.0000 Re:0.9985 Acc:0.9993 F1:0.9993
--------------------------------------------------------------------

Epoch 91: Time: 0.5262 Cost: 1.7567 Pre: 1.0000 Re: 0.9993 Acc: 0.9997 F1: 0.9996
Epoch 92: Time: 0.5198 Cost: 1.7514 Pre: 1.0000 Re: 0.9993 Acc: 0.9997 F1: 0.9996
Epoch 93: Time: 0.5239 Cost: 1.7479 Pre: 1.0000 Re: 0.9993 Acc: 0.9997 F1: 0.9996
Epoch 94: Time: 0.5467 Cost: 1.7440 Pre: 1.0000 Re: 0.9993 Acc: 0.9997 F1: 0.9996
Epoch 95: Time: 0.5208 Cost: 1.7406 Pre: 1.0000 Re: 0.9993 Acc: 0.9997 F1: 0.9996
Epoch 96: Time: 0.5260 Cost: 1.7372 Pre: 1.0000 Re: 0.9993 Acc: 0.9997 F1: 0.9996
Epoch 97: Time: 0.5199 Cost: 1.7343 Pre: 1.0000 Re: 0.9993 Acc: 0.9997 F1: 0.9996
Epoch 98: Time: 0.5231 Cost: 1.7313 Pre: 1.0000 Re: 0.9993 Acc: 0.9997 F1: 0.9996
Epoch 99: Time: 0.5210 Cost: 1.7286 Pre: 1.0000 Re: 0.9993 Acc: 0.9997 F1: 0.9996
Epoch 100: Time: 0.5255 Cost: 1.7260 Pre: 1.0000 Re: 0.9993 Acc: 0.9997 F1: 0.9996


--------------------------------------------------------------------
Eval results: Cost:1.4099 Pre:1.0000 Re:0.9985 Acc:0.9993 F1:0.9993
--------------------------------------------------------------------

Epoch 101: Time: 0.5242 Cost: 1.7239 Pre: 1.0000 Re: 0.9993 Acc: 0.9997 F1: 0.9996
Epoch 102: Time: 0.6832 Cost: 1.7211 Pre: 1.0000 Re: 0.9993 Acc: 0.9997 F1: 0.9996
Epoch 103: Time: 0.5750 Cost: 1.7193 Pre: 1.0000 Re: 0.9993 Acc: 0.9997 F1: 0.9996
Epoch 104: Time: 0.5450 Cost: 1.7170 Pre: 1.0000 Re: 0.9993 Acc: 0.9997 F1: 0.9996
Epoch 105: Time: 0.5380 Cost: 1.7154 Pre: 1.0000 Re: 0.9993 Acc: 0.9997 F1: 0.9996
Epoch 106: Time: 0.5230 Cost: 1.7133 Pre: 1.0000 Re: 0.9993 Acc: 0.9997 F1: 0.9996
Epoch 107: Time: 0.5206 Cost: 1.7118 Pre: 1.0000 Re: 0.9993 Acc: 0.9997 F1: 0.9996
Epoch 108: Time: 0.5224 Cost: 1.7099 Pre: 1.0000 Re: 0.9993 Acc: 0.9997 F1: 0.9996
Epoch 109: Time: 0.5278 Cost: 1.7087 Pre: 1.0000 Re: 0.9993 Acc: 0.9997 F1: 0.9996
Epoch 110: Time: 0.5216 Cost: 1.7069 Pre: 1.0000 Re: 0.9993 Acc: 0.9997 F1: 0.9996


--------------------------------------------------------------------
Eval results: Cost:1.3937 Pre:1.0000 Re:0.9985 Acc:0.9993 F1:0.9993
--------------------------------------------------------------------

Epoch 111: Time: 0.5224 Cost: 1.7058 Pre: 1.0000 Re: 0.9993 Acc: 0.9997 F1: 0.9996
Epoch 112: Time: 0.5240 Cost: 1.7041 Pre: 1.0000 Re: 0.9993 Acc: 0.9997 F1: 0.9996
Epoch 113: Time: 0.5178 Cost: 1.7032 Pre: 1.0000 Re: 0.9993 Acc: 0.9997 F1: 0.9996
Epoch 114: Time: 0.5217 Cost: 1.7017 Pre: 1.0000 Re: 0.9993 Acc: 0.9997 F1: 0.9996
Epoch 115: Time: 0.5266 Cost: 1.7009 Pre: 1.0000 Re: 0.9993 Acc: 0.9997 F1: 0.9996
Epoch 116: Time: 0.5273 Cost: 1.6995 Pre: 1.0000 Re: 0.9993 Acc: 0.9997 F1: 0.9996
Epoch 117: Time: 0.5242 Cost: 1.6988 Pre: 1.0000 Re: 0.9993 Acc: 0.9997 F1: 0.9996
Epoch 118: Time: 0.5240 Cost: 1.6974 Pre: 1.0000 Re: 0.9993 Acc: 0.9997 F1: 0.9996
Epoch 119: Time: 0.5230 Cost: 1.6968 Pre: 1.0000 Re: 0.9993 Acc: 0.9997 F1: 0.9996
Epoch 120: Time: 0.5369 Cost: 1.6956 Pre: 1.0000 Re: 0.9993 Acc: 0.9997 F1: 0.9996


--------------------------------------------------------------------
Eval results: Cost:1.3842 Pre:1.0000 Re:0.9985 Acc:0.9993 F1:0.9993
--------------------------------------------------------------------

Epoch 121: Time: 0.5309 Cost: 1.6949 Pre: 1.0000 Re: 0.9993 Acc: 0.9997 F1: 0.9996
Epoch 122: Time: 0.5277 Cost: 1.6939 Pre: 1.0000 Re: 0.9993 Acc: 0.9997 F1: 0.9996
Epoch 123: Time: 0.5231 Cost: 1.6933 Pre: 1.0000 Re: 0.9993 Acc: 0.9997 F1: 0.9996
Epoch 124: Time: 0.5278 Cost: 1.6924 Pre: 1.0000 Re: 0.9993 Acc: 0.9997 F1: 0.9996
Epoch 125: Time: 0.5186 Cost: 1.6918 Pre: 1.0000 Re: 0.9993 Acc: 0.9997 F1: 0.9996
Epoch 126: Time: 0.5233 Cost: 1.6910 Pre: 1.0000 Re: 0.9993 Acc: 0.9997 F1: 0.9996
Epoch 127: Time: 0.5218 Cost: 1.6904 Pre: 1.0000 Re: 0.9993 Acc: 0.9997 F1: 0.9996
Epoch 128: Time: 0.5269 Cost: 1.6896 Pre: 1.0000 Re: 0.9993 Acc: 0.9997 F1: 0.9996
Epoch 129: Time: 0.5170 Cost: 1.6891 Pre: 1.0000 Re: 0.9993 Acc: 0.9997 F1: 0.9996
Epoch 130: Time: 0.5273 Cost: 1.6884 Pre: 1.0000 Re: 0.9993 Acc: 0.9997 F1: 0.9996


--------------------------------------------------------------------
Eval results: Cost:1.3783 Pre:1.0000 Re:0.9985 Acc:0.9993 F1:0.9993
--------------------------------------------------------------------

Epoch 131: Time: 0.5242 Cost: 1.6877 Pre: 1.0000 Re: 0.9993 Acc: 0.9997 F1: 0.9996
Epoch 132: Time: 0.5257 Cost: 1.6874 Pre: 1.0000 Re: 0.9993 Acc: 0.9997 F1: 0.9996
Epoch 133: Time: 0.5321 Cost: 1.6867 Pre: 1.0000 Re: 0.9993 Acc: 0.9997 F1: 0.9996
Epoch 134: Time: 0.5197 Cost: 1.6864 Pre: 1.0000 Re: 0.9993 Acc: 0.9997 F1: 0.9996
Epoch 135: Time: 0.5319 Cost: 1.6857 Pre: 1.0000 Re: 0.9993 Acc: 0.9997 F1: 0.9996
Epoch 136: Time: 0.5263 Cost: 1.6854 Pre: 1.0000 Re: 0.9993 Acc: 0.9997 F1: 0.9996
Epoch 137: Time: 0.5273 Cost: 1.6847 Pre: 1.0000 Re: 0.9993 Acc: 0.9997 F1: 0.9996
Epoch 138: Time: 0.5347 Cost: 1.6844 Pre: 1.0000 Re: 0.9993 Acc: 0.9997 F1: 0.9996
Epoch 139: Time: 0.5262 Cost: 1.6839 Pre: 1.0000 Re: 0.9993 Acc: 0.9997 F1: 0.9996
Epoch 140: Time: 0.5251 Cost: 1.6836 Pre: 1.0000 Re: 0.9993 Acc: 0.9997 F1: 0.9996


--------------------------------------------------------------------
Eval results: Cost:1.3748 Pre:1.0000 Re:0.9985 Acc:0.9993 F1:0.9993
--------------------------------------------------------------------

Epoch 141: Time: 0.5176 Cost: 1.6832 Pre: 1.0000 Re: 0.9993 Acc: 0.9997 F1: 0.9996
Epoch 142: Time: 0.5265 Cost: 1.6834 Pre: 1.0000 Re: 0.9993 Acc: 0.9997 F1: 0.9996
Epoch 143: Time: 0.5206 Cost: 1.6827 Pre: 1.0000 Re: 0.9993 Acc: 0.9997 F1: 0.9996
Epoch 144: Time: 0.5272 Cost: 1.6823 Pre: 1.0000 Re: 0.9993 Acc: 0.9997 F1: 0.9996
Epoch 145: Time: 0.5913 Cost: 1.6817 Pre: 1.0000 Re: 0.9993 Acc: 0.9997 F1: 0.9996
Epoch 146: Time: 0.5408 Cost: 1.6814 Pre: 1.0000 Re: 0.9993 Acc: 0.9997 F1: 0.9996
Epoch 147: Time: 0.5416 Cost: 1.6809 Pre: 1.0000 Re: 0.9993 Acc: 0.9997 F1: 0.9996
Epoch 148: Time: 0.5265 Cost: 1.6806 Pre: 1.0000 Re: 0.9993 Acc: 0.9997 F1: 0.9996
Epoch 149: Time: 0.5224 Cost: 1.6803 Pre: 1.0000 Re: 0.9993 Acc: 0.9997 F1: 0.9996
Epoch 150: Time: 0.5243 Cost: 1.6800 Pre: 1.0000 Re: 0.9993 Acc: 0.9997 F1: 0.9996


--------------------------------------------------------------------
Eval results: Cost:1.3734 Pre:1.0000 Re:0.9985 Acc:0.9993 F1:0.9993
--------------------------------------------------------------------

Epoch 151: Time: 0.5263 Cost: 1.6796 Pre: 1.0000 Re: 0.9993 Acc: 0.9997 F1: 0.9996
Epoch 152: Time: 0.5271 Cost: 1.6806 Pre: 1.0000 Re: 0.9993 Acc: 0.9997 F1: 0.9996
Epoch 153: Time: 0.5289 Cost: 1.6801 Pre: 1.0000 Re: 0.9993 Acc: 0.9997 F1: 0.9996
Epoch 154: Time: 0.5188 Cost: 1.6794 Pre: 1.0000 Re: 0.9993 Acc: 0.9997 F1: 0.9996
Epoch 155: Time: 0.5501 Cost: 1.6790 Pre: 1.0000 Re: 0.9993 Acc: 0.9997 F1: 0.9996
Epoch 156: Time: 0.5239 Cost: 1.6787 Pre: 1.0000 Re: 0.9993 Acc: 0.9997 F1: 0.9996
Epoch 157: Time: 0.5280 Cost: 1.6783 Pre: 1.0000 Re: 0.9993 Acc: 0.9997 F1: 0.9996
Epoch 158: Time: 0.5316 Cost: 1.6780 Pre: 1.0000 Re: 0.9993 Acc: 0.9997 F1: 0.9996
Epoch 159: Time: 0.5193 Cost: 1.6778 Pre: 1.0000 Re: 0.9993 Acc: 0.9997 F1: 0.9996
Epoch 160: Time: 0.5243 Cost: 1.6775 Pre: 1.0000 Re: 0.9993 Acc: 0.9997 F1: 0.9996


--------------------------------------------------------------------
Eval results: Cost:1.3692 Pre:1.0000 Re:0.9985 Acc:0.9993 F1:0.9993
--------------------------------------------------------------------

Epoch 161: Time: 0.5268 Cost: 1.6771 Pre: 1.0000 Re: 0.9993 Acc: 0.9997 F1: 0.9996
Epoch 162: Time: 0.5205 Cost: 1.6769 Pre: 1.0000 Re: 0.9993 Acc: 0.9997 F1: 0.9996
Epoch 163: Time: 0.5212 Cost: 1.6766 Pre: 1.0000 Re: 0.9993 Acc: 0.9997 F1: 0.9996
Epoch 164: Time: 0.5265 Cost: 1.6764 Pre: 1.0000 Re: 0.9993 Acc: 0.9997 F1: 0.9996
Epoch 165: Time: 0.6933 Cost: 1.6762 Pre: 1.0000 Re: 0.9993 Acc: 0.9997 F1: 0.9996
Epoch 166: Time: 0.7118 Cost: 1.6759 Pre: 1.0000 Re: 0.9993 Acc: 0.9997 F1: 0.9996
Epoch 167: Time: 0.5952 Cost: 1.6757 Pre: 1.0000 Re: 0.9993 Acc: 0.9997 F1: 0.9996
Epoch 168: Time: 0.5468 Cost: 1.6755 Pre: 1.0000 Re: 0.9993 Acc: 0.9997 F1: 0.9996
Epoch 169: Time: 0.5388 Cost: 1.6753 Pre: 1.0000 Re: 0.9993 Acc: 0.9997 F1: 0.9996
Epoch 170: Time: 0.5405 Cost: 1.6750 Pre: 1.0000 Re: 0.9993 Acc: 0.9997 F1: 0.9996


--------------------------------------------------------------------
Eval results: Cost:1.3671 Pre:1.0000 Re:0.9985 Acc:0.9993 F1:0.9993
--------------------------------------------------------------------

Epoch 171: Time: 0.5238 Cost: 1.6748 Pre: 1.0000 Re: 0.9993 Acc: 0.9997 F1: 0.9996
Epoch 172: Time: 0.5373 Cost: 1.6746 Pre: 1.0000 Re: 0.9993 Acc: 0.9997 F1: 0.9996
Epoch 173: Time: 0.5292 Cost: 1.6744 Pre: 1.0000 Re: 0.9993 Acc: 0.9997 F1: 0.9996
Epoch 174: Time: 0.5245 Cost: 1.6742 Pre: 1.0000 Re: 0.9993 Acc: 0.9997 F1: 0.9996
Epoch 175: Time: 0.5248 Cost: 1.6740 Pre: 1.0000 Re: 0.9993 Acc: 0.9997 F1: 0.9996
Epoch 176: Time: 0.5197 Cost: 1.6738 Pre: 1.0000 Re: 0.9993 Acc: 0.9997 F1: 0.9996
Epoch 177: Time: 0.5235 Cost: 1.6736 Pre: 1.0000 Re: 0.9993 Acc: 0.9997 F1: 0.9996
Epoch 178: Time: 0.5214 Cost: 1.6735 Pre: 1.0000 Re: 0.9993 Acc: 0.9997 F1: 0.9996
Epoch 179: Time: 0.5272 Cost: 1.6733 Pre: 1.0000 Re: 0.9993 Acc: 0.9997 F1: 0.9996
Epoch 180: Time: 0.5411 Cost: 1.6731 Pre: 1.0000 Re: 0.9993 Acc: 0.9997 F1: 0.9996


--------------------------------------------------------------------
Eval results: Cost:1.3656 Pre:1.0000 Re:0.9985 Acc:0.9993 F1:0.9993
--------------------------------------------------------------------

Epoch 181: Time: 0.5215 Cost: 1.6729 Pre: 1.0000 Re: 0.9993 Acc: 0.9997 F1: 0.9996
Epoch 182: Time: 0.5242 Cost: 1.6727 Pre: 1.0000 Re: 0.9993 Acc: 0.9997 F1: 0.9996
Epoch 183: Time: 0.5229 Cost: 1.6726 Pre: 1.0000 Re: 0.9993 Acc: 0.9997 F1: 0.9996
Epoch 184: Time: 0.5294 Cost: 1.6724 Pre: 1.0000 Re: 0.9993 Acc: 0.9997 F1: 0.9996
Epoch 185: Time: 0.5203 Cost: 1.6723 Pre: 1.0000 Re: 0.9993 Acc: 0.9997 F1: 0.9996
Epoch 186: Time: 0.5226 Cost: 1.6721 Pre: 1.0000 Re: 0.9993 Acc: 0.9997 F1: 0.9996
Epoch 187: Time: 0.5204 Cost: 1.6720 Pre: 1.0000 Re: 0.9993 Acc: 0.9997 F1: 0.9996
Epoch 188: Time: 0.5303 Cost: 1.6718 Pre: 1.0000 Re: 0.9993 Acc: 0.9997 F1: 0.9996
Epoch 189: Time: 0.5244 Cost: 1.6717 Pre: 1.0000 Re: 0.9993 Acc: 0.9997 F1: 0.9996
Epoch 190: Time: 0.5403 Cost: 1.6715 Pre: 1.0000 Re: 0.9993 Acc: 0.9997 F1: 0.9996


--------------------------------------------------------------------
Eval results: Cost:1.3645 Pre:1.0000 Re:0.9985 Acc:0.9993 F1:0.9993
--------------------------------------------------------------------

Epoch 191: Time: 0.5235 Cost: 1.6713 Pre: 1.0000 Re: 0.9993 Acc: 0.9997 F1: 0.9996
Epoch 192: Time: 0.5296 Cost: 1.6712 Pre: 1.0000 Re: 0.9993 Acc: 0.9997 F1: 0.9996
Epoch 193: Time: 0.5302 Cost: 1.6711 Pre: 1.0000 Re: 0.9993 Acc: 0.9997 F1: 0.9996
Epoch 194: Time: 0.5277 Cost: 1.6710 Pre: 1.0000 Re: 0.9993 Acc: 0.9997 F1: 0.9996
Epoch 195: Time: 0.5348 Cost: 1.6708 Pre: 1.0000 Re: 0.9993 Acc: 0.9997 F1: 0.9996
Epoch 196: Time: 0.5575 Cost: 1.6707 Pre: 1.0000 Re: 0.9993 Acc: 0.9997 F1: 0.9996
Epoch 197: Time: 0.5264 Cost: 1.6706 Pre: 1.0000 Re: 0.9993 Acc: 0.9997 F1: 0.9996
Epoch 198: Time: 0.5298 Cost: 1.6705 Pre: 1.0000 Re: 0.9993 Acc: 0.9997 F1: 0.9996
Epoch 199: Time: 0.5324 Cost: 1.6703 Pre: 1.0000 Re: 0.9993 Acc: 0.9997 F1: 0.9996
Epoch 200: Time: 0.5248 Cost: 1.6702 Pre: 1.0000 Re: 0.9993 Acc: 0.9997 F1: 0.9996


--------------------------------------------------------------------
Eval results: Cost:1.3635 Pre:1.0000 Re:0.9985 Acc:0.9993 F1:0.9993
--------------------------------------------------------------------

Epoch 201: Time: 0.5292 Cost: 1.6700 Pre: 1.0000 Re: 0.9993 Acc: 0.9997 F1: 0.9996
Epoch 202: Time: 0.5198 Cost: 1.6699 Pre: 1.0000 Re: 0.9993 Acc: 0.9997 F1: 0.9996
Epoch 203: Time: 0.5237 Cost: 1.6698 Pre: 1.0000 Re: 0.9993 Acc: 0.9997 F1: 0.9996
Epoch 204: Time: 0.5201 Cost: 1.6697 Pre: 1.0000 Re: 0.9993 Acc: 0.9997 F1: 0.9996
Epoch 205: Time: 0.5320 Cost: 1.6696 Pre: 1.0000 Re: 0.9993 Acc: 0.9997 F1: 0.9996
Epoch 206: Time: 0.5286 Cost: 1.6695 Pre: 1.0000 Re: 0.9993 Acc: 0.9997 F1: 0.9996
Epoch 207: Time: 0.6415 Cost: 1.6694 Pre: 1.0000 Re: 0.9993 Acc: 0.9997 F1: 0.9996
Epoch 208: Time: 0.5835 Cost: 1.6693 Pre: 1.0000 Re: 0.9993 Acc: 0.9997 F1: 0.9996
Epoch 209: Time: 0.5534 Cost: 1.6692 Pre: 1.0000 Re: 0.9993 Acc: 0.9997 F1: 0.9996
Epoch 210: Time: 0.5253 Cost: 1.6691 Pre: 1.0000 Re: 0.9993 Acc: 0.9997 F1: 0.9996


--------------------------------------------------------------------
Eval results: Cost:1.3627 Pre:1.0000 Re:0.9985 Acc:0.9993 F1:0.9993
--------------------------------------------------------------------

Epoch 211: Time: 0.5212 Cost: 1.6689 Pre: 1.0000 Re: 0.9993 Acc: 0.9997 F1: 0.9996
Epoch 212: Time: 0.5221 Cost: 1.6688 Pre: 1.0000 Re: 0.9993 Acc: 0.9997 F1: 0.9996
Epoch 213: Time: 0.5243 Cost: 1.6687 Pre: 1.0000 Re: 0.9993 Acc: 0.9997 F1: 0.9996
Epoch 214: Time: 0.5253 Cost: 1.6687 Pre: 1.0000 Re: 0.9993 Acc: 0.9997 F1: 0.9996
Epoch 215: Time: 0.5234 Cost: 1.6686 Pre: 1.0000 Re: 0.9993 Acc: 0.9997 F1: 0.9996
Epoch 216: Time: 0.5273 Cost: 1.6685 Pre: 1.0000 Re: 0.9993 Acc: 0.9997 F1: 0.9996
Epoch 217: Time: 0.5248 Cost: 1.6684 Pre: 1.0000 Re: 0.9993 Acc: 0.9997 F1: 0.9996
Epoch 218: Time: 0.5221 Cost: 1.6683 Pre: 1.0000 Re: 0.9993 Acc: 0.9997 F1: 0.9996
Epoch 219: Time: 0.5240 Cost: 1.6682 Pre: 1.0000 Re: 0.9993 Acc: 0.9997 F1: 0.9996
Epoch 220: Time: 0.5238 Cost: 1.6681 Pre: 1.0000 Re: 0.9993 Acc: 0.9997 F1: 0.9996


--------------------------------------------------------------------
Eval results: Cost:1.3620 Pre:1.0000 Re:0.9985 Acc:0.9993 F1:0.9993
--------------------------------------------------------------------

Epoch 221: Time: 0.5239 Cost: 1.6679 Pre: 1.0000 Re: 0.9993 Acc: 0.9997 F1: 0.9996
Epoch 222: Time: 0.5220 Cost: 1.6678 Pre: 1.0000 Re: 0.9993 Acc: 0.9997 F1: 0.9996
Epoch 223: Time: 0.5249 Cost: 1.6677 Pre: 1.0000 Re: 0.9993 Acc: 0.9997 F1: 0.9996
Epoch 224: Time: 0.5274 Cost: 1.6677 Pre: 1.0000 Re: 0.9993 Acc: 0.9997 F1: 0.9996
Epoch 225: Time: 0.5377 Cost: 1.6676 Pre: 1.0000 Re: 0.9993 Acc: 0.9997 F1: 0.9996
Epoch 226: Time: 0.5253 Cost: 1.6675 Pre: 1.0000 Re: 0.9993 Acc: 0.9997 F1: 0.9996
Epoch 227: Time: 0.5207 Cost: 1.6674 Pre: 1.0000 Re: 0.9993 Acc: 0.9997 F1: 0.9996
Epoch 228: Time: 0.5310 Cost: 1.6673 Pre: 1.0000 Re: 0.9993 Acc: 0.9997 F1: 0.9996
Epoch 229: Time: 0.5224 Cost: 1.6672 Pre: 1.0000 Re: 0.9993 Acc: 0.9997 F1: 0.9996
Epoch 230: Time: 0.5231 Cost: 1.6671 Pre: 1.0000 Re: 0.9993 Acc: 0.9997 F1: 0.9996


--------------------------------------------------------------------
Eval results: Cost:1.3614 Pre:1.0000 Re:0.9985 Acc:0.9993 F1:0.9993
--------------------------------------------------------------------

Epoch 231: Time: 0.5252 Cost: 1.6669 Pre: 1.0000 Re: 0.9993 Acc: 0.9997 F1: 0.9996
Epoch 232: Time: 0.5242 Cost: 1.6668 Pre: 1.0000 Re: 0.9993 Acc: 0.9997 F1: 0.9996
Epoch 233: Time: 0.5228 Cost: 1.6668 Pre: 1.0000 Re: 0.9993 Acc: 0.9997 F1: 0.9996
Epoch 234: Time: 0.5286 Cost: 1.6667 Pre: 1.0000 Re: 0.9993 Acc: 0.9997 F1: 0.9996
Epoch 235: Time: 0.5275 Cost: 1.6666 Pre: 1.0000 Re: 0.9993 Acc: 0.9997 F1: 0.9996
Epoch 236: Time: 0.5210 Cost: 1.6665 Pre: 1.0000 Re: 0.9993 Acc: 0.9997 F1: 0.9996
Epoch 237: Time: 0.5295 Cost: 1.6664 Pre: 1.0000 Re: 0.9993 Acc: 0.9997 F1: 0.9996
Epoch 238: Time: 0.5272 Cost: 1.6662 Pre: 1.0000 Re: 0.9993 Acc: 0.9997 F1: 0.9996
Epoch 239: Time: 0.5264 Cost: 1.6661 Pre: 1.0000 Re: 0.9993 Acc: 0.9997 F1: 0.9996
Epoch 240: Time: 0.5170 Cost: 1.6660 Pre: 1.0000 Re: 0.9993 Acc: 0.9997 F1: 0.9996


--------------------------------------------------------------------
Eval results: Cost:1.3609 Pre:1.0000 Re:0.9985 Acc:0.9993 F1:0.9993
--------------------------------------------------------------------

Epoch 241: Time: 0.5302 Cost: 1.6658 Pre: 1.0000 Re: 0.9993 Acc: 0.9997 F1: 0.9996
Epoch 242: Time: 0.5247 Cost: 1.6657 Pre: 1.0000 Re: 0.9993 Acc: 0.9997 F1: 0.9996
Epoch 243: Time: 0.5487 Cost: 1.6656 Pre: 1.0000 Re: 0.9993 Acc: 0.9997 F1: 0.9996
Epoch 244: Time: 0.5246 Cost: 1.6655 Pre: 1.0000 Re: 0.9993 Acc: 0.9997 F1: 0.9996
Epoch 245: Time: 0.5183 Cost: 1.6654 Pre: 1.0000 Re: 0.9993 Acc: 0.9997 F1: 0.9996
Epoch 246: Time: 0.5368 Cost: 1.6652 Pre: 1.0000 Re: 0.9993 Acc: 0.9997 F1: 0.9996
Epoch 247: Time: 0.5221 Cost: 1.6650 Pre: 1.0000 Re: 0.9993 Acc: 0.9997 F1: 0.9996
Epoch 248: Time: 0.5241 Cost: 1.6649 Pre: 1.0000 Re: 0.9993 Acc: 0.9997 F1: 0.9996
Epoch 249: Time: 0.5229 Cost: 1.6647 Pre: 1.0000 Re: 0.9993 Acc: 0.9997 F1: 0.9996
Epoch 250: Time: 0.5260 Cost: 1.6645 Pre: 1.0000 Re: 0.9993 Acc: 0.9997 F1: 0.9996


--------------------------------------------------------------------
Eval results: Cost:1.3605 Pre:1.0000 Re:0.9985 Acc:0.9993 F1:0.9993
--------------------------------------------------------------------

Epoch 251: Time: 0.5316 Cost: 1.6642 Pre: 1.0000 Re: 0.9993 Acc: 0.9997 F1: 0.9996
Epoch 252: Time: 0.5430 Cost: 1.6640 Pre: 1.0000 Re: 0.9993 Acc: 0.9997 F1: 0.9996
Epoch 253: Time: 0.5218 Cost: 1.6638 Pre: 1.0000 Re: 0.9993 Acc: 0.9997 F1: 0.9996
Epoch 254: Time: 0.5223 Cost: 1.6635 Pre: 1.0000 Re: 0.9993 Acc: 0.9997 F1: 0.9996
Epoch 255: Time: 0.5242 Cost: 1.6632 Pre: 1.0000 Re: 0.9993 Acc: 0.9997 F1: 0.9996
Epoch 256: Time: 0.5234 Cost: 1.6629 Pre: 1.0000 Re: 0.9993 Acc: 0.9997 F1: 0.9996
Epoch 257: Time: 0.5221 Cost: 1.6626 Pre: 1.0000 Re: 0.9993 Acc: 0.9997 F1: 0.9996
Epoch 258: Time: 0.5221 Cost: 1.6622 Pre: 1.0000 Re: 0.9993 Acc: 0.9997 F1: 0.9996
Epoch 259: Time: 0.5284 Cost: 1.6618 Pre: 1.0000 Re: 0.9993 Acc: 0.9997 F1: 0.9996
Epoch 260: Time: 0.5240 Cost: 1.6613 Pre: 1.0000 Re: 0.9993 Acc: 0.9997 F1: 0.9996


--------------------------------------------------------------------
Eval results: Cost:1.3607 Pre:1.0000 Re:0.9985 Acc:0.9993 F1:0.9993
--------------------------------------------------------------------

Epoch 261: Time: 0.5383 Cost: 1.6606 Pre: 1.0000 Re: 0.9993 Acc: 0.9997 F1: 0.9996
Epoch 262: Time: 0.5298 Cost: 1.6603 Pre: 1.0000 Re: 0.9993 Acc: 0.9997 F1: 0.9996
Epoch 263: Time: 0.5267 Cost: 1.6599 Pre: 1.0000 Re: 0.9993 Acc: 0.9997 F1: 0.9996
Epoch 264: Time: 0.5339 Cost: 1.6593 Pre: 1.0000 Re: 0.9993 Acc: 0.9997 F1: 0.9996
Epoch 265: Time: 0.5272 Cost: 1.6587 Pre: 1.0000 Re: 0.9993 Acc: 0.9997 F1: 0.9996
Epoch 266: Time: 0.5264 Cost: 1.6581 Pre: 1.0000 Re: 0.9993 Acc: 0.9997 F1: 0.9996
Epoch 267: Time: 0.5268 Cost: 1.6574 Pre: 1.0000 Re: 0.9993 Acc: 0.9997 F1: 0.9996
Epoch 268: Time: 0.5288 Cost: 1.6567 Pre: 1.0000 Re: 0.9993 Acc: 0.9997 F1: 0.9996
Epoch 269: Time: 0.5503 Cost: 1.6559 Pre: 1.0000 Re: 0.9993 Acc: 0.9997 F1: 0.9996
Epoch 270: Time: 0.6547 Cost: 1.6551 Pre: 1.0000 Re: 0.9993 Acc: 0.9997 F1: 0.9996


--------------------------------------------------------------------
Eval results: Cost:1.3625 Pre:1.0000 Re:0.9985 Acc:0.9993 F1:0.9993
--------------------------------------------------------------------

Epoch 271: Time: 0.5272 Cost: 1.6539 Pre: 1.0000 Re: 0.9993 Acc: 0.9997 F1: 0.9996
Epoch 272: Time: 0.5326 Cost: 1.6532 Pre: 1.0000 Re: 0.9993 Acc: 0.9997 F1: 0.9996
Epoch 273: Time: 0.5195 Cost: 1.6525 Pre: 1.0000 Re: 0.9993 Acc: 0.9997 F1: 0.9996
Epoch 274: Time: 0.5312 Cost: 1.6515 Pre: 1.0000 Re: 0.9993 Acc: 0.9997 F1: 0.9996
Epoch 275: Time: 0.5197 Cost: 1.6505 Pre: 1.0000 Re: 0.9993 Acc: 0.9997 F1: 0.9996
Epoch 276: Time: 0.5331 Cost: 1.6494 Pre: 1.0000 Re: 0.9993 Acc: 0.9997 F1: 0.9996
Epoch 277: Time: 0.5199 Cost: 1.6483 Pre: 1.0000 Re: 0.9993 Acc: 0.9997 F1: 0.9996
Epoch 278: Time: 0.5327 Cost: 1.6472 Pre: 1.0000 Re: 0.9993 Acc: 0.9997 F1: 0.9996
Epoch 279: Time: 0.5378 Cost: 1.6461 Pre: 1.0000 Re: 0.9993 Acc: 0.9997 F1: 0.9996
Epoch 280: Time: 0.5246 Cost: 1.6449 Pre: 1.0000 Re: 0.9993 Acc: 0.9997 F1: 0.9996


--------------------------------------------------------------------
Eval results: Cost:1.3637 Pre:1.0000 Re:0.9985 Acc:0.9993 F1:0.9993
--------------------------------------------------------------------

Early stopping...
--------------------------------------------------------------------
--------------------------------------------------------------------
Test 4332 samples take time: 1.6932
FN id:
[1395]
Test results: Cost:1.3872 Pre:1.0000 Re:0.9995 Acc:0.9998 F1:0.9997
--------------------------------------------------------------------

