Load data
RNN type: LSTM Grammar: g3 Seed: 10
Model total parameters: 4092
Saving hinit ... 

Epoch 0: Time: 0.6289 Cost: 26.9840 Pre: 1.0000 Re: 0.0007 Acc: 0.5253 F1: 0.0014


--------------------------------------------------------------------
Eval results: Cost:25.0624 Pre:1.0000 Re:0.0030 Acc:0.5406 F1:0.0060
--------------------------------------------------------------------

Epoch 1: Time: 0.5631 Cost: 25.1472 Pre: 0.7727 Re: 0.0122 Acc: 0.5290 F1: 0.0241
Epoch 2: Time: 0.5718 Cost: 24.9321 Pre: 0.6173 Re: 0.0360 Acc: 0.5314 F1: 0.0680
Epoch 3: Time: 0.5701 Cost: 24.8391 Pre: 0.6949 Re: 0.0295 Acc: 0.5328 F1: 0.0566
Epoch 4: Time: 0.5859 Cost: 24.7477 Pre: 0.5769 Re: 0.1511 Acc: 0.5441 F1: 0.2395
Epoch 5: Time: 0.5593 Cost: 24.6589 Pre: 0.5009 Re: 0.2043 Acc: 0.5253 F1: 0.2902
Epoch 6: Time: 0.5773 Cost: 24.5736 Pre: 0.4731 Re: 0.2281 Acc: 0.5126 F1: 0.3078
Epoch 7: Time: 0.5286 Cost: 24.4877 Pre: 0.4626 Re: 0.2360 Acc: 0.5068 F1: 0.3125
Epoch 8: Time: 0.5221 Cost: 24.3978 Pre: 0.4665 Re: 0.2403 Acc: 0.5085 F1: 0.3172
Epoch 9: Time: 0.5262 Cost: 24.3001 Pre: 0.4754 Re: 0.2504 Acc: 0.5126 F1: 0.3280
Epoch 10: Time: 0.5243 Cost: 24.1891 Pre: 0.4808 Re: 0.2705 Acc: 0.5147 F1: 0.3462


--------------------------------------------------------------------
Eval results: Cost:23.8359 Pre:0.4788 Re:0.2522 Acc:0.5289 F1:0.3304
--------------------------------------------------------------------

Epoch 11: Time: 0.6018 Cost: 24.0574 Pre: 0.4959 Re: 0.3043 Acc: 0.5226 F1: 0.3772
Epoch 12: Time: 0.5306 Cost: 23.9097 Pre: 0.5184 Re: 0.3647 Acc: 0.5373 F1: 0.4282
Epoch 13: Time: 0.5442 Cost: 23.6960 Pre: 0.5362 Re: 0.4259 Acc: 0.5523 F1: 0.4747
Epoch 14: Time: 0.5336 Cost: 23.3468 Pre: 0.5638 Re: 0.5180 Acc: 0.5807 F1: 0.5399
Epoch 15: Time: 0.5259 Cost: 22.6860 Pre: 0.5981 Re: 0.6230 Acc: 0.6220 F1: 0.6103
Epoch 16: Time: 0.5270 Cost: 21.2068 Pre: 0.6433 Re: 0.7460 Acc: 0.6828 F1: 0.6909
Epoch 17: Time: 0.5251 Cost: 17.7950 Pre: 0.7276 Re: 0.8453 Acc: 0.7761 F1: 0.7820
Epoch 18: Time: 0.5274 Cost: 13.0841 Pre: 0.7966 Re: 0.9439 Acc: 0.8589 F1: 0.8640
Epoch 19: Time: 0.5263 Cost: 10.8539 Pre: 0.8209 Re: 0.9727 Acc: 0.8862 F1: 0.8904
Epoch 20: Time: 0.5278 Cost: 9.7074 Pre: 0.8459 Re: 0.9914 Acc: 0.9101 F1: 0.9129


--------------------------------------------------------------------
Eval results: Cost:7.9121 Pre:0.8666 Re:0.9985 Acc:0.9285 F1:0.9279
--------------------------------------------------------------------

Epoch 21: Time: 0.5381 Cost: 8.9527 Pre: 0.8477 Re: 0.9928 Acc: 0.9118 F1: 0.9145
Epoch 22: Time: 0.5284 Cost: 8.2635 Pre: 0.8594 Re: 0.9978 Acc: 0.9214 F1: 0.9234
Epoch 23: Time: 0.5439 Cost: 7.7992 Pre: 0.8609 Re: 0.9971 Acc: 0.9221 F1: 0.9240
Epoch 24: Time: 0.5395 Cost: 7.2953 Pre: 0.8752 Re: 0.9993 Acc: 0.9320 F1: 0.9332
Epoch 25: Time: 0.5463 Cost: 6.9728 Pre: 0.8730 Re: 0.9993 Acc: 0.9306 F1: 0.9319
Epoch 26: Time: 0.5246 Cost: 6.5600 Pre: 0.8858 Re: 0.9993 Acc: 0.9385 F1: 0.9391
Epoch 27: Time: 0.5435 Cost: 6.3500 Pre: 0.8870 Re: 1.0000 Acc: 0.9395 F1: 0.9401
Epoch 28: Time: 0.5281 Cost: 5.9681 Pre: 0.8991 Re: 1.0000 Acc: 0.9467 F1: 0.9469
Epoch 29: Time: 0.5556 Cost: 5.8052 Pre: 0.8996 Re: 0.9993 Acc: 0.9467 F1: 0.9468
Epoch 30: Time: 0.5556 Cost: 5.5299 Pre: 0.9079 Re: 1.0000 Acc: 0.9518 F1: 0.9517


--------------------------------------------------------------------
Eval results: Cost:4.3406 Pre:0.9216 Re:1.0000 Acc:0.9608 F1:0.9592
--------------------------------------------------------------------

Epoch 31: Time: 0.5305 Cost: 5.3337 Pre: 0.9115 Re: 1.0000 Acc: 0.9539 F1: 0.9537
Epoch 32: Time: 0.5285 Cost: 5.1355 Pre: 0.9145 Re: 1.0000 Acc: 0.9556 F1: 0.9553
Epoch 33: Time: 0.5282 Cost: 4.9555 Pre: 0.9157 Re: 1.0000 Acc: 0.9563 F1: 0.9560
Epoch 34: Time: 0.6464 Cost: 4.7978 Pre: 0.9181 Re: 1.0000 Acc: 0.9576 F1: 0.9573
Epoch 35: Time: 0.5820 Cost: 4.6509 Pre: 0.9199 Re: 1.0000 Acc: 0.9586 F1: 0.9583
Epoch 36: Time: 0.5527 Cost: 4.5195 Pre: 0.9205 Re: 1.0000 Acc: 0.9590 F1: 0.9586
Epoch 37: Time: 0.5267 Cost: 4.3981 Pre: 0.9218 Re: 1.0000 Acc: 0.9597 F1: 0.9593
Epoch 38: Time: 0.5261 Cost: 4.2845 Pre: 0.9224 Re: 1.0000 Acc: 0.9600 F1: 0.9596
Epoch 39: Time: 0.5282 Cost: 4.1784 Pre: 0.9224 Re: 1.0000 Acc: 0.9600 F1: 0.9596
Epoch 40: Time: 0.5454 Cost: 4.0807 Pre: 0.9224 Re: 1.0000 Acc: 0.9600 F1: 0.9596


--------------------------------------------------------------------
Eval results: Cost:3.1726 Pre:0.9463 Re:1.0000 Acc:0.9739 F1:0.9724
--------------------------------------------------------------------

Epoch 41: Time: 0.5269 Cost: 3.9881 Pre: 0.9224 Re: 1.0000 Acc: 0.9600 F1: 0.9596
Epoch 42: Time: 0.5570 Cost: 3.9102 Pre: 0.9224 Re: 1.0000 Acc: 0.9600 F1: 0.9596
Epoch 43: Time: 0.5225 Cost: 3.8313 Pre: 0.9224 Re: 1.0000 Acc: 0.9600 F1: 0.9596
Epoch 44: Time: 0.5275 Cost: 3.7625 Pre: 0.9224 Re: 1.0000 Acc: 0.9600 F1: 0.9596
Epoch 45: Time: 0.5248 Cost: 3.6999 Pre: 0.9224 Re: 1.0000 Acc: 0.9600 F1: 0.9596
Epoch 46: Time: 0.5404 Cost: 3.6428 Pre: 0.9224 Re: 1.0000 Acc: 0.9600 F1: 0.9596
Epoch 47: Time: 0.5282 Cost: 3.5909 Pre: 0.9224 Re: 1.0000 Acc: 0.9600 F1: 0.9596
Epoch 48: Time: 0.5246 Cost: 3.5437 Pre: 0.9224 Re: 1.0000 Acc: 0.9600 F1: 0.9596
Epoch 49: Time: 0.5318 Cost: 3.5008 Pre: 0.9224 Re: 1.0000 Acc: 0.9600 F1: 0.9596
Epoch 50: Time: 0.5248 Cost: 3.4617 Pre: 0.9224 Re: 1.0000 Acc: 0.9600 F1: 0.9596


--------------------------------------------------------------------
Eval results: Cost:2.7231 Pre:0.9477 Re:1.0000 Acc:0.9746 F1:0.9731
--------------------------------------------------------------------

Epoch 51: Time: 0.5247 Cost: 3.4258 Pre: 0.9224 Re: 1.0000 Acc: 0.9600 F1: 0.9596
Epoch 52: Time: 0.5269 Cost: 3.3928 Pre: 0.9224 Re: 1.0000 Acc: 0.9600 F1: 0.9596
Epoch 53: Time: 0.5227 Cost: 3.3618 Pre: 0.9224 Re: 1.0000 Acc: 0.9600 F1: 0.9596
Epoch 54: Time: 0.5265 Cost: 3.3327 Pre: 0.9224 Re: 1.0000 Acc: 0.9600 F1: 0.9596
Epoch 55: Time: 0.5268 Cost: 3.3052 Pre: 0.9224 Re: 1.0000 Acc: 0.9600 F1: 0.9596
Epoch 56: Time: 0.5279 Cost: 3.2789 Pre: 0.9224 Re: 1.0000 Acc: 0.9600 F1: 0.9596
Epoch 57: Time: 0.5218 Cost: 3.2531 Pre: 0.9224 Re: 1.0000 Acc: 0.9600 F1: 0.9596
Epoch 58: Time: 0.5261 Cost: 3.2275 Pre: 0.9224 Re: 1.0000 Acc: 0.9600 F1: 0.9596
Epoch 59: Time: 0.5221 Cost: 3.2020 Pre: 0.9224 Re: 1.0000 Acc: 0.9600 F1: 0.9596
Epoch 60: Time: 0.5306 Cost: 3.1765 Pre: 0.9224 Re: 1.0000 Acc: 0.9600 F1: 0.9596


--------------------------------------------------------------------
Eval results: Cost:2.4960 Pre:0.9477 Re:1.0000 Acc:0.9746 F1:0.9731
--------------------------------------------------------------------

Epoch 61: Time: 0.5245 Cost: 3.1549 Pre: 0.9224 Re: 1.0000 Acc: 0.9600 F1: 0.9596
Epoch 62: Time: 0.5233 Cost: 3.1270 Pre: 0.9224 Re: 1.0000 Acc: 0.9600 F1: 0.9596
Epoch 63: Time: 0.5260 Cost: 3.0999 Pre: 0.9224 Re: 1.0000 Acc: 0.9600 F1: 0.9596
Epoch 64: Time: 0.5373 Cost: 3.0779 Pre: 0.9224 Re: 1.0000 Acc: 0.9600 F1: 0.9596
Epoch 65: Time: 0.5247 Cost: 3.0508 Pre: 0.9224 Re: 1.0000 Acc: 0.9600 F1: 0.9596
Epoch 66: Time: 0.5272 Cost: 3.0234 Pre: 0.9224 Re: 1.0000 Acc: 0.9600 F1: 0.9596
Epoch 67: Time: 0.5266 Cost: 2.9944 Pre: 0.9224 Re: 1.0000 Acc: 0.9600 F1: 0.9596
Epoch 68: Time: 0.5229 Cost: 2.9625 Pre: 0.9224 Re: 1.0000 Acc: 0.9600 F1: 0.9596
Epoch 69: Time: 0.5310 Cost: 2.9301 Pre: 0.9224 Re: 1.0000 Acc: 0.9600 F1: 0.9596
Epoch 70: Time: 0.5231 Cost: 2.8989 Pre: 0.9224 Re: 1.0000 Acc: 0.9600 F1: 0.9596


--------------------------------------------------------------------
Eval results: Cost:2.3042 Pre:0.9477 Re:1.0000 Acc:0.9746 F1:0.9731
--------------------------------------------------------------------

Epoch 71: Time: 0.5243 Cost: 2.8714 Pre: 0.9224 Re: 1.0000 Acc: 0.9600 F1: 0.9596
Epoch 72: Time: 0.5253 Cost: 2.8448 Pre: 0.9224 Re: 1.0000 Acc: 0.9600 F1: 0.9596
Epoch 73: Time: 0.5258 Cost: 2.8209 Pre: 0.9224 Re: 1.0000 Acc: 0.9600 F1: 0.9596
Epoch 74: Time: 0.5287 Cost: 2.7995 Pre: 0.9224 Re: 1.0000 Acc: 0.9600 F1: 0.9596
Epoch 75: Time: 0.5239 Cost: 2.7798 Pre: 0.9224 Re: 1.0000 Acc: 0.9600 F1: 0.9596
Epoch 76: Time: 0.5260 Cost: 2.7617 Pre: 0.9224 Re: 1.0000 Acc: 0.9600 F1: 0.9596
Epoch 77: Time: 0.5244 Cost: 2.7449 Pre: 0.9224 Re: 1.0000 Acc: 0.9600 F1: 0.9596
Epoch 78: Time: 0.5298 Cost: 2.7293 Pre: 0.9224 Re: 1.0000 Acc: 0.9600 F1: 0.9596
Epoch 79: Time: 0.5294 Cost: 2.7148 Pre: 0.9224 Re: 1.0000 Acc: 0.9600 F1: 0.9596
Epoch 80: Time: 0.5284 Cost: 2.7014 Pre: 0.9224 Re: 1.0000 Acc: 0.9600 F1: 0.9596


--------------------------------------------------------------------
Eval results: Cost:2.1499 Pre:0.9477 Re:1.0000 Acc:0.9746 F1:0.9731
--------------------------------------------------------------------

Epoch 81: Time: 0.5258 Cost: 2.6890 Pre: 0.9224 Re: 1.0000 Acc: 0.9600 F1: 0.9596
Epoch 82: Time: 0.5723 Cost: 2.6772 Pre: 0.9224 Re: 1.0000 Acc: 0.9600 F1: 0.9596
Epoch 83: Time: 0.5502 Cost: 2.6663 Pre: 0.9224 Re: 1.0000 Acc: 0.9600 F1: 0.9596
Epoch 84: Time: 0.5289 Cost: 2.6562 Pre: 0.9224 Re: 1.0000 Acc: 0.9600 F1: 0.9596
Epoch 85: Time: 0.5252 Cost: 2.6467 Pre: 0.9224 Re: 1.0000 Acc: 0.9600 F1: 0.9596
Epoch 86: Time: 0.5291 Cost: 2.6378 Pre: 0.9224 Re: 1.0000 Acc: 0.9600 F1: 0.9596
Epoch 87: Time: 0.5237 Cost: 2.6296 Pre: 0.9224 Re: 1.0000 Acc: 0.9600 F1: 0.9596
Epoch 88: Time: 0.6642 Cost: 2.6219 Pre: 0.9224 Re: 1.0000 Acc: 0.9600 F1: 0.9596
Epoch 89: Time: 0.5587 Cost: 2.6147 Pre: 0.9224 Re: 1.0000 Acc: 0.9600 F1: 0.9596
Epoch 90: Time: 0.5387 Cost: 2.6081 Pre: 0.9224 Re: 1.0000 Acc: 0.9600 F1: 0.9596


--------------------------------------------------------------------
Eval results: Cost:2.0680 Pre:0.9477 Re:1.0000 Acc:0.9746 F1:0.9731
--------------------------------------------------------------------

Epoch 91: Time: 0.5263 Cost: 2.6019 Pre: 0.9224 Re: 1.0000 Acc: 0.9600 F1: 0.9596
Epoch 92: Time: 0.5257 Cost: 2.5963 Pre: 0.9224 Re: 1.0000 Acc: 0.9600 F1: 0.9596
Epoch 93: Time: 0.5272 Cost: 2.5909 Pre: 0.9224 Re: 1.0000 Acc: 0.9600 F1: 0.9596
Epoch 94: Time: 0.5346 Cost: 2.5859 Pre: 0.9224 Re: 1.0000 Acc: 0.9600 F1: 0.9596
Epoch 95: Time: 0.5293 Cost: 2.5811 Pre: 0.9224 Re: 1.0000 Acc: 0.9600 F1: 0.9596
Epoch 96: Time: 0.5238 Cost: 2.5767 Pre: 0.9224 Re: 1.0000 Acc: 0.9600 F1: 0.9596
Epoch 97: Time: 0.5268 Cost: 2.5726 Pre: 0.9224 Re: 1.0000 Acc: 0.9600 F1: 0.9596
Epoch 98: Time: 0.5224 Cost: 2.5688 Pre: 0.9224 Re: 1.0000 Acc: 0.9600 F1: 0.9596
Epoch 99: Time: 0.5386 Cost: 2.5652 Pre: 0.9224 Re: 1.0000 Acc: 0.9600 F1: 0.9596
Epoch 100: Time: 0.5405 Cost: 2.5618 Pre: 0.9224 Re: 1.0000 Acc: 0.9600 F1: 0.9596


--------------------------------------------------------------------
Eval results: Cost:2.0226 Pre:0.9477 Re:1.0000 Acc:0.9746 F1:0.9731
--------------------------------------------------------------------

Epoch 101: Time: 0.5298 Cost: 2.5587 Pre: 0.9224 Re: 1.0000 Acc: 0.9600 F1: 0.9596
Epoch 102: Time: 0.5319 Cost: 2.5557 Pre: 0.9224 Re: 1.0000 Acc: 0.9600 F1: 0.9596
Epoch 103: Time: 0.5224 Cost: 2.5529 Pre: 0.9224 Re: 1.0000 Acc: 0.9600 F1: 0.9596
Epoch 104: Time: 0.5281 Cost: 2.5502 Pre: 0.9224 Re: 1.0000 Acc: 0.9600 F1: 0.9596
Epoch 105: Time: 0.5261 Cost: 2.5477 Pre: 0.9224 Re: 1.0000 Acc: 0.9600 F1: 0.9596
Epoch 106: Time: 0.5233 Cost: 2.5454 Pre: 0.9224 Re: 1.0000 Acc: 0.9600 F1: 0.9596
Epoch 107: Time: 0.5254 Cost: 2.5432 Pre: 0.9224 Re: 1.0000 Acc: 0.9600 F1: 0.9596
Epoch 108: Time: 0.5229 Cost: 2.5411 Pre: 0.9224 Re: 1.0000 Acc: 0.9600 F1: 0.9596
Epoch 109: Time: 0.5283 Cost: 2.5391 Pre: 0.9224 Re: 1.0000 Acc: 0.9600 F1: 0.9596
Epoch 110: Time: 0.5240 Cost: 2.5372 Pre: 0.9224 Re: 1.0000 Acc: 0.9600 F1: 0.9596


--------------------------------------------------------------------
Eval results: Cost:1.9980 Pre:0.9477 Re:1.0000 Acc:0.9746 F1:0.9731
--------------------------------------------------------------------

Epoch 111: Time: 0.5290 Cost: 2.5355 Pre: 0.9224 Re: 1.0000 Acc: 0.9600 F1: 0.9596
Epoch 112: Time: 0.5401 Cost: 2.5338 Pre: 0.9224 Re: 1.0000 Acc: 0.9600 F1: 0.9596
Epoch 113: Time: 0.5777 Cost: 2.5321 Pre: 0.9224 Re: 1.0000 Acc: 0.9600 F1: 0.9596
Epoch 114: Time: 0.5304 Cost: 2.5306 Pre: 0.9224 Re: 1.0000 Acc: 0.9600 F1: 0.9596
Epoch 115: Time: 0.5264 Cost: 2.5291 Pre: 0.9224 Re: 1.0000 Acc: 0.9600 F1: 0.9596
Epoch 116: Time: 0.5364 Cost: 2.5277 Pre: 0.9224 Re: 1.0000 Acc: 0.9600 F1: 0.9596
Epoch 117: Time: 0.5441 Cost: 2.5263 Pre: 0.9224 Re: 1.0000 Acc: 0.9600 F1: 0.9596
Epoch 118: Time: 0.5305 Cost: 2.5250 Pre: 0.9224 Re: 1.0000 Acc: 0.9600 F1: 0.9596
Epoch 119: Time: 0.5270 Cost: 2.5238 Pre: 0.9224 Re: 1.0000 Acc: 0.9600 F1: 0.9596
Epoch 120: Time: 0.5255 Cost: 2.5226 Pre: 0.9224 Re: 1.0000 Acc: 0.9600 F1: 0.9596


--------------------------------------------------------------------
Eval results: Cost:1.9832 Pre:0.9477 Re:1.0000 Acc:0.9746 F1:0.9731
--------------------------------------------------------------------

Epoch 121: Time: 0.5275 Cost: 2.5215 Pre: 0.9224 Re: 1.0000 Acc: 0.9600 F1: 0.9596
Epoch 122: Time: 0.5262 Cost: 2.5203 Pre: 0.9224 Re: 1.0000 Acc: 0.9600 F1: 0.9596
Epoch 123: Time: 0.5250 Cost: 2.5192 Pre: 0.9224 Re: 1.0000 Acc: 0.9600 F1: 0.9596
Epoch 124: Time: 0.5236 Cost: 2.5181 Pre: 0.9224 Re: 1.0000 Acc: 0.9600 F1: 0.9596
Epoch 125: Time: 0.5228 Cost: 2.5171 Pre: 0.9224 Re: 1.0000 Acc: 0.9600 F1: 0.9596
Epoch 126: Time: 0.5295 Cost: 2.5161 Pre: 0.9224 Re: 1.0000 Acc: 0.9600 F1: 0.9596
Epoch 127: Time: 0.5253 Cost: 2.5151 Pre: 0.9224 Re: 1.0000 Acc: 0.9600 F1: 0.9596
Epoch 128: Time: 0.5265 Cost: 2.5141 Pre: 0.9224 Re: 1.0000 Acc: 0.9600 F1: 0.9596
Epoch 129: Time: 0.5322 Cost: 2.5131 Pre: 0.9224 Re: 1.0000 Acc: 0.9600 F1: 0.9596
Epoch 130: Time: 0.5226 Cost: 2.5122 Pre: 0.9224 Re: 1.0000 Acc: 0.9600 F1: 0.9596


--------------------------------------------------------------------
Eval results: Cost:1.9722 Pre:0.9477 Re:1.0000 Acc:0.9746 F1:0.9731
--------------------------------------------------------------------

Epoch 131: Time: 0.5245 Cost: 2.5112 Pre: 0.9224 Re: 1.0000 Acc: 0.9600 F1: 0.9596
Epoch 132: Time: 0.5265 Cost: 2.5103 Pre: 0.9224 Re: 1.0000 Acc: 0.9600 F1: 0.9596
Epoch 133: Time: 0.5235 Cost: 2.5094 Pre: 0.9224 Re: 1.0000 Acc: 0.9600 F1: 0.9596
Epoch 134: Time: 0.6267 Cost: 2.5084 Pre: 0.9224 Re: 1.0000 Acc: 0.9600 F1: 0.9596
Epoch 135: Time: 0.5451 Cost: 2.5075 Pre: 0.9224 Re: 1.0000 Acc: 0.9600 F1: 0.9596
Epoch 136: Time: 0.5414 Cost: 2.5066 Pre: 0.9224 Re: 1.0000 Acc: 0.9600 F1: 0.9596
Epoch 137: Time: 0.5279 Cost: 2.5057 Pre: 0.9224 Re: 1.0000 Acc: 0.9600 F1: 0.9596
Epoch 138: Time: 0.5237 Cost: 2.5048 Pre: 0.9224 Re: 1.0000 Acc: 0.9600 F1: 0.9596
Epoch 139: Time: 0.5262 Cost: 2.5039 Pre: 0.9224 Re: 1.0000 Acc: 0.9600 F1: 0.9596
Epoch 140: Time: 0.5243 Cost: 2.5030 Pre: 0.9224 Re: 1.0000 Acc: 0.9600 F1: 0.9596


--------------------------------------------------------------------
Eval results: Cost:1.9619 Pre:0.9477 Re:1.0000 Acc:0.9746 F1:0.9731
--------------------------------------------------------------------

Epoch 141: Time: 0.5328 Cost: 2.5020 Pre: 0.9224 Re: 1.0000 Acc: 0.9600 F1: 0.9596
Epoch 142: Time: 0.5237 Cost: 2.5012 Pre: 0.9224 Re: 1.0000 Acc: 0.9600 F1: 0.9596
Epoch 143: Time: 0.5240 Cost: 2.5004 Pre: 0.9224 Re: 1.0000 Acc: 0.9600 F1: 0.9596
Epoch 144: Time: 0.5293 Cost: 2.4995 Pre: 0.9224 Re: 1.0000 Acc: 0.9600 F1: 0.9596
Epoch 145: Time: 0.5230 Cost: 2.4987 Pre: 0.9224 Re: 1.0000 Acc: 0.9600 F1: 0.9596
Epoch 146: Time: 0.5267 Cost: 2.4978 Pre: 0.9224 Re: 1.0000 Acc: 0.9600 F1: 0.9596
Epoch 147: Time: 0.5272 Cost: 2.4969 Pre: 0.9224 Re: 1.0000 Acc: 0.9600 F1: 0.9596
Epoch 148: Time: 0.5259 Cost: 2.4961 Pre: 0.9224 Re: 1.0000 Acc: 0.9600 F1: 0.9596
Epoch 149: Time: 0.6481 Cost: 2.4953 Pre: 0.9224 Re: 1.0000 Acc: 0.9600 F1: 0.9596
Epoch 150: Time: 0.5690 Cost: 2.4944 Pre: 0.9224 Re: 1.0000 Acc: 0.9600 F1: 0.9596


--------------------------------------------------------------------
Eval results: Cost:1.9569 Pre:0.9477 Re:1.0000 Acc:0.9746 F1:0.9731
--------------------------------------------------------------------

Epoch 151: Time: 0.5256 Cost: 2.4932 Pre: 0.9224 Re: 1.0000 Acc: 0.9600 F1: 0.9596
Epoch 152: Time: 0.5386 Cost: 2.4925 Pre: 0.9224 Re: 1.0000 Acc: 0.9600 F1: 0.9596
Epoch 153: Time: 0.5266 Cost: 2.4918 Pre: 0.9224 Re: 1.0000 Acc: 0.9600 F1: 0.9596
Epoch 154: Time: 0.5265 Cost: 2.4912 Pre: 0.9224 Re: 1.0000 Acc: 0.9600 F1: 0.9596
Epoch 155: Time: 0.5269 Cost: 2.4902 Pre: 0.9224 Re: 1.0000 Acc: 0.9600 F1: 0.9596
Epoch 156: Time: 0.5269 Cost: 2.4890 Pre: 0.9224 Re: 1.0000 Acc: 0.9600 F1: 0.9596
Epoch 157: Time: 0.5243 Cost: 2.4881 Pre: 0.9224 Re: 1.0000 Acc: 0.9600 F1: 0.9596
Epoch 158: Time: 0.5269 Cost: 2.4876 Pre: 0.9224 Re: 1.0000 Acc: 0.9600 F1: 0.9596
Epoch 159: Time: 0.5236 Cost: 2.4866 Pre: 0.9224 Re: 1.0000 Acc: 0.9600 F1: 0.9596
Epoch 160: Time: 0.5249 Cost: 2.4852 Pre: 0.9224 Re: 1.0000 Acc: 0.9600 F1: 0.9596


--------------------------------------------------------------------
Eval results: Cost:1.9663 Pre:0.9477 Re:1.0000 Acc:0.9746 F1:0.9731
--------------------------------------------------------------------

Epoch 161: Time: 0.5263 Cost: 2.4835 Pre: 0.9224 Re: 1.0000 Acc: 0.9600 F1: 0.9596
Epoch 162: Time: 0.5265 Cost: 2.4845 Pre: 0.9224 Re: 1.0000 Acc: 0.9600 F1: 0.9596
Epoch 163: Time: 0.5252 Cost: 2.4832 Pre: 0.9224 Re: 1.0000 Acc: 0.9600 F1: 0.9596
Epoch 164: Time: 0.5261 Cost: 2.4818 Pre: 0.9224 Re: 1.0000 Acc: 0.9600 F1: 0.9596
Epoch 165: Time: 0.5248 Cost: 2.4821 Pre: 0.9224 Re: 1.0000 Acc: 0.9600 F1: 0.9596
Epoch 166: Time: 0.5292 Cost: 2.4803 Pre: 0.9224 Re: 1.0000 Acc: 0.9600 F1: 0.9596
Epoch 167: Time: 0.5262 Cost: 2.4789 Pre: 0.9224 Re: 1.0000 Acc: 0.9600 F1: 0.9596
Epoch 168: Time: 0.5263 Cost: 2.4795 Pre: 0.9224 Re: 1.0000 Acc: 0.9600 F1: 0.9596
Epoch 169: Time: 0.5317 Cost: 2.4772 Pre: 0.9224 Re: 1.0000 Acc: 0.9600 F1: 0.9596
Epoch 170: Time: 0.6673 Cost: 2.4765 Pre: 0.9224 Re: 1.0000 Acc: 0.9600 F1: 0.9596


--------------------------------------------------------------------
Eval results: Cost:2.0052 Pre:0.9463 Re:1.0000 Acc:0.9739 F1:0.9724
--------------------------------------------------------------------

Epoch 171: Time: 0.5305 Cost: 2.4802 Pre: 0.9224 Re: 1.0000 Acc: 0.9600 F1: 0.9596
Epoch 172: Time: 0.5272 Cost: 2.4772 Pre: 0.9224 Re: 1.0000 Acc: 0.9600 F1: 0.9596
Epoch 173: Time: 0.5239 Cost: 2.4755 Pre: 0.9224 Re: 1.0000 Acc: 0.9600 F1: 0.9596
Epoch 174: Time: 0.5264 Cost: 2.4745 Pre: 0.9224 Re: 1.0000 Acc: 0.9600 F1: 0.9596
Epoch 175: Time: 0.5230 Cost: 2.4744 Pre: 0.9224 Re: 1.0000 Acc: 0.9600 F1: 0.9596
Epoch 176: Time: 0.5243 Cost: 2.4721 Pre: 0.9224 Re: 1.0000 Acc: 0.9600 F1: 0.9596
Epoch 177: Time: 0.5222 Cost: 2.4718 Pre: 0.9224 Re: 1.0000 Acc: 0.9600 F1: 0.9596
Epoch 178: Time: 0.5287 Cost: 2.4710 Pre: 0.9224 Re: 1.0000 Acc: 0.9600 F1: 0.9596
Epoch 179: Time: 0.5218 Cost: 2.4701 Pre: 0.9224 Re: 1.0000 Acc: 0.9600 F1: 0.9596
Epoch 180: Time: 0.5276 Cost: 2.4700 Pre: 0.9224 Re: 1.0000 Acc: 0.9600 F1: 0.9596


--------------------------------------------------------------------
Eval results: Cost:2.0299 Pre:0.9450 Re:1.0000 Acc:0.9732 F1:0.9717
--------------------------------------------------------------------

Epoch 181: Time: 0.5267 Cost: 2.4725 Pre: 0.9224 Re: 1.0000 Acc: 0.9600 F1: 0.9596
Epoch 182: Time: 0.5193 Cost: 2.4734 Pre: 0.9224 Re: 1.0000 Acc: 0.9600 F1: 0.9596
Epoch 183: Time: 0.5211 Cost: 2.4709 Pre: 0.9224 Re: 1.0000 Acc: 0.9600 F1: 0.9596
Epoch 184: Time: 0.5210 Cost: 2.4692 Pre: 0.9224 Re: 1.0000 Acc: 0.9600 F1: 0.9596
Epoch 185: Time: 0.5213 Cost: 2.4682 Pre: 0.9224 Re: 1.0000 Acc: 0.9600 F1: 0.9596
Epoch 186: Time: 0.5209 Cost: 2.4673 Pre: 0.9224 Re: 1.0000 Acc: 0.9600 F1: 0.9596
Epoch 187: Time: 0.5360 Cost: 2.4663 Pre: 0.9224 Re: 1.0000 Acc: 0.9600 F1: 0.9596
Epoch 188: Time: 0.5562 Cost: 2.4659 Pre: 0.9224 Re: 1.0000 Acc: 0.9600 F1: 0.9596
Epoch 189: Time: 0.5335 Cost: 2.4648 Pre: 0.9224 Re: 1.0000 Acc: 0.9600 F1: 0.9596
Epoch 190: Time: 0.5243 Cost: 2.4650 Pre: 0.9224 Re: 1.0000 Acc: 0.9600 F1: 0.9596


--------------------------------------------------------------------
Eval results: Cost:2.0312 Pre:0.9450 Re:1.0000 Acc:0.9732 F1:0.9717
--------------------------------------------------------------------

Early stopping...
--------------------------------------------------------------------
--------------------------------------------------------------------
Test 4332 samples take time: 1.6293
FN id:
[2475]
FP id:
[  65  127  164  167  176  185  193  263  265  268  269  275  323  352  353
  394  408  411  465  483  533  540  578  580  609  631  696  731  736  752
  769  773  804  847  889  907  933  945 1023 1033 1053 1130 1142 1193 1203
 1236 1374 1404 1550 1566 1576 1610 1620 1624 1638 1644 1657 1740 1750 1804
 1819 1832 1837 1889 1943 1947 1954 1974 2069 2089 2164 2193 2278 2330 2352
 2354 2359 2381 2405 2484 2531 2544 2582 2631 2681 2703 2740 2782 2819 2841
 2932 2981 3066 3076 3147 3149 3183 3205 3252 3344 3369 3414 3421 3453 3465
 3613 3652 3709 3840 3885 3912 3952 3974 4008 4070 4131 4231 4290]
Test results: Cost:2.0278 Pre:0.9438 Re:0.9995 Acc:0.9725 F1:0.9709
--------------------------------------------------------------------

