Load data
RNN type: LSTM Grammar: g3 Seed: 1
Model total parameters: 4092
Saving hinit ... 

Epoch 0: Time: 0.8917 Cost: 25.9155 Pre: 0.0000 Re: 0.0000 Acc: 0.5249 F1: 0.0000


--------------------------------------------------------------------
Eval results: Cost:24.8581 Pre:0.0000 Re:0.0000 Acc:0.5392 F1:0.0000
--------------------------------------------------------------------

Epoch 1: Time: 0.9895 Cost: 25.0497 Pre: 0.5656 Re: 0.2978 Acc: 0.5578 F1: 0.3902
Epoch 2: Time: 0.8075 Cost: 24.8627 Pre: 0.5962 Re: 0.2230 Acc: 0.5591 F1: 0.3246
Epoch 3: Time: 0.7999 Cost: 24.7385 Pre: 0.5914 Re: 0.2187 Acc: 0.5571 F1: 0.3193
Epoch 4: Time: 0.7794 Cost: 24.6222 Pre: 0.4984 Re: 0.2273 Acc: 0.5243 F1: 0.3123
Epoch 5: Time: 0.7875 Cost: 24.5214 Pre: 0.4805 Re: 0.2482 Acc: 0.5154 F1: 0.3273
Epoch 6: Time: 0.9149 Cost: 24.4329 Pre: 0.4724 Re: 0.2590 Acc: 0.5106 F1: 0.3346
Epoch 7: Time: 1.0190 Cost: 24.3521 Pre: 0.4733 Re: 0.2676 Acc: 0.5106 F1: 0.3419
Epoch 8: Time: 0.8815 Cost: 24.2748 Pre: 0.4751 Re: 0.2741 Acc: 0.5113 F1: 0.3476
Epoch 9: Time: 0.8093 Cost: 24.1955 Pre: 0.4820 Re: 0.2892 Acc: 0.5147 F1: 0.3615
Epoch 10: Time: 0.8166 Cost: 24.1069 Pre: 0.4914 Re: 0.3101 Acc: 0.5198 F1: 0.3802


--------------------------------------------------------------------
Eval results: Cost:23.7342 Pre:0.4865 Re:0.2687 Acc:0.5323 F1:0.3462
--------------------------------------------------------------------

Epoch 11: Time: 0.8933 Cost: 23.9946 Pre: 0.5049 Re: 0.3360 Acc: 0.5280 F1: 0.4035
Epoch 12: Time: 1.0007 Cost: 23.8495 Pre: 0.5114 Re: 0.3547 Acc: 0.5325 F1: 0.4189
Epoch 13: Time: 0.7948 Cost: 23.5733 Pre: 0.5406 Re: 0.4165 Acc: 0.5547 F1: 0.4705
Epoch 14: Time: 0.8565 Cost: 22.8523 Pre: 0.5969 Re: 0.5453 Acc: 0.6090 F1: 0.5699
Epoch 15: Time: 0.8232 Cost: 20.9198 Pre: 0.6724 Re: 0.7043 Acc: 0.6965 F1: 0.6880
Epoch 16: Time: 0.7907 Cost: 18.1634 Pre: 0.7146 Re: 0.7763 Acc: 0.7464 F1: 0.7441
Epoch 17: Time: 1.1411 Cost: 15.9422 Pre: 0.7443 Re: 0.8439 Acc: 0.7881 F1: 0.7910
Epoch 18: Time: 0.9961 Cost: 13.5419 Pre: 0.7854 Re: 0.9029 Acc: 0.8366 F1: 0.8400
Epoch 19: Time: 0.8059 Cost: 11.2911 Pre: 0.8223 Re: 0.9453 Acc: 0.8770 F1: 0.8795
Epoch 20: Time: 0.8067 Cost: 10.0078 Pre: 0.8319 Re: 0.9647 Acc: 0.8906 F1: 0.8934


--------------------------------------------------------------------
Eval results: Cost:8.9152 Pre:0.8136 Re:0.9970 Acc:0.8934 F1:0.8960
--------------------------------------------------------------------

Epoch 21: Time: 0.7570 Cost: 9.1074 Pre: 0.8434 Re: 0.9763 Acc: 0.9026 F1: 0.9050
Epoch 22: Time: 1.1231 Cost: 8.3835 Pre: 0.8462 Re: 0.9892 Acc: 0.9094 F1: 0.9121
Epoch 23: Time: 0.9705 Cost: 7.8412 Pre: 0.8501 Re: 0.9914 Acc: 0.9129 F1: 0.9153
Epoch 24: Time: 0.7798 Cost: 7.3397 Pre: 0.8559 Re: 0.9957 Acc: 0.9183 F1: 0.9205
Epoch 25: Time: 0.7690 Cost: 6.9391 Pre: 0.8642 Re: 0.9978 Acc: 0.9245 F1: 0.9262
Epoch 26: Time: 0.7884 Cost: 6.5631 Pre: 0.8740 Re: 0.9978 Acc: 0.9306 F1: 0.9318
Epoch 27: Time: 0.7818 Cost: 6.2308 Pre: 0.8875 Re: 0.9986 Acc: 0.9392 F1: 0.9397
Epoch 28: Time: 0.9688 Cost: 5.9273 Pre: 0.9007 Re: 0.9986 Acc: 0.9470 F1: 0.9471
Epoch 29: Time: 0.9008 Cost: 5.6473 Pre: 0.9114 Re: 0.9986 Acc: 0.9532 F1: 0.9530
Epoch 30: Time: 0.8049 Cost: 5.3909 Pre: 0.9174 Re: 0.9986 Acc: 0.9566 F1: 0.9563


--------------------------------------------------------------------
Eval results: Cost:4.5062 Pre:0.9214 Re:0.9970 Acc:0.9594 F1:0.9577
--------------------------------------------------------------------

Epoch 31: Time: 0.7930 Cost: 5.1537 Pre: 0.9290 Re: 0.9986 Acc: 0.9631 F1: 0.9626
Epoch 32: Time: 0.7891 Cost: 4.9218 Pre: 0.9391 Re: 0.9986 Acc: 0.9686 F1: 0.9679
Epoch 33: Time: 0.9238 Cost: 4.7160 Pre: 0.9507 Re: 0.9986 Acc: 0.9747 F1: 0.9740
Epoch 34: Time: 0.9248 Cost: 4.5133 Pre: 0.9619 Re: 0.9993 Acc: 0.9809 F1: 0.9802
Epoch 35: Time: 0.7731 Cost: 4.3223 Pre: 0.9666 Re: 0.9993 Acc: 0.9833 F1: 0.9827
Epoch 36: Time: 0.7753 Cost: 4.1384 Pre: 0.9734 Re: 0.9993 Acc: 0.9867 F1: 0.9862
Epoch 37: Time: 0.8073 Cost: 3.9611 Pre: 0.9823 Re: 0.9993 Acc: 0.9911 F1: 0.9907
Epoch 38: Time: 0.7942 Cost: 3.7900 Pre: 0.9879 Re: 0.9993 Acc: 0.9938 F1: 0.9936
Epoch 39: Time: 0.9270 Cost: 3.6272 Pre: 0.9893 Re: 0.9993 Acc: 0.9945 F1: 0.9943
Epoch 40: Time: 0.9380 Cost: 3.4718 Pre: 0.9921 Re: 0.9993 Acc: 0.9959 F1: 0.9957


--------------------------------------------------------------------
Eval results: Cost:2.9157 Pre:0.9940 Re:0.9970 Acc:0.9959 F1:0.9955
--------------------------------------------------------------------

Epoch 41: Time: 0.7710 Cost: 3.3228 Pre: 0.9936 Re: 0.9993 Acc: 0.9966 F1: 0.9964
Epoch 42: Time: 0.7725 Cost: 3.1793 Pre: 0.9971 Re: 0.9993 Acc: 0.9983 F1: 0.9982
Epoch 43: Time: 0.7542 Cost: 3.0781 Pre: 0.9964 Re: 0.9993 Acc: 0.9979 F1: 0.9978
Epoch 44: Time: 0.8869 Cost: 2.9403 Pre: 0.9986 Re: 0.9993 Acc: 0.9990 F1: 0.9989
Epoch 45: Time: 1.0237 Cost: 2.8429 Pre: 0.9986 Re: 0.9993 Acc: 0.9990 F1: 0.9989
Epoch 46: Time: 0.8061 Cost: 2.7312 Pre: 0.9993 Re: 0.9993 Acc: 0.9993 F1: 0.9993
Epoch 47: Time: 0.7820 Cost: 2.6383 Pre: 0.9993 Re: 0.9993 Acc: 0.9993 F1: 0.9993
Epoch 48: Time: 0.8597 Cost: 2.5457 Pre: 0.9993 Re: 0.9993 Acc: 0.9993 F1: 0.9993
Epoch 49: Time: 0.7999 Cost: 2.4609 Pre: 0.9993 Re: 0.9993 Acc: 0.9993 F1: 0.9993
Epoch 50: Time: 0.9215 Cost: 2.3812 Pre: 1.0000 Re: 0.9993 Acc: 0.9997 F1: 0.9996


--------------------------------------------------------------------
Eval results: Cost:2.0294 Pre:1.0000 Re:0.9985 Acc:0.9993 F1:0.9993
--------------------------------------------------------------------

Epoch 51: Time: 0.8536 Cost: 2.3061 Pre: 1.0000 Re: 0.9993 Acc: 0.9997 F1: 0.9996
Epoch 52: Time: 0.7548 Cost: 2.2339 Pre: 1.0000 Re: 0.9993 Acc: 0.9997 F1: 0.9996
Epoch 53: Time: 0.8218 Cost: 2.1675 Pre: 1.0000 Re: 0.9993 Acc: 0.9997 F1: 0.9996
Epoch 54: Time: 0.7721 Cost: 2.1066 Pre: 1.0000 Re: 0.9993 Acc: 0.9997 F1: 0.9996
Epoch 55: Time: 0.8108 Cost: 2.0482 Pre: 1.0000 Re: 0.9993 Acc: 0.9997 F1: 0.9996
Epoch 56: Time: 1.0027 Cost: 1.9942 Pre: 1.0000 Re: 0.9993 Acc: 0.9997 F1: 0.9996
Epoch 57: Time: 0.9082 Cost: 1.9434 Pre: 1.0000 Re: 0.9993 Acc: 0.9997 F1: 0.9996
Epoch 58: Time: 0.8348 Cost: 1.8956 Pre: 1.0000 Re: 0.9993 Acc: 0.9997 F1: 0.9996
Epoch 59: Time: 0.8491 Cost: 1.8512 Pre: 1.0000 Re: 0.9993 Acc: 0.9997 F1: 0.9996
Epoch 60: Time: 0.7625 Cost: 1.8093 Pre: 1.0000 Re: 0.9993 Acc: 0.9997 F1: 0.9996


--------------------------------------------------------------------
Eval results: Cost:1.5620 Pre:1.0000 Re:0.9985 Acc:0.9993 F1:0.9993
--------------------------------------------------------------------

Epoch 61: Time: 0.5946 Cost: 1.7719 Pre: 1.0000 Re: 0.9993 Acc: 0.9997 F1: 0.9996
Epoch 62: Time: 0.5908 Cost: 1.7331 Pre: 1.0000 Re: 0.9993 Acc: 0.9997 F1: 0.9996
Epoch 63: Time: 0.5963 Cost: 1.6972 Pre: 1.0000 Re: 0.9993 Acc: 0.9997 F1: 0.9996
Epoch 64: Time: 0.5951 Cost: 1.6680 Pre: 1.0000 Re: 0.9993 Acc: 0.9997 F1: 0.9996
Epoch 65: Time: 0.5980 Cost: 1.6360 Pre: 1.0000 Re: 0.9993 Acc: 0.9997 F1: 0.9996
Epoch 66: Time: 0.5734 Cost: 1.6093 Pre: 1.0000 Re: 0.9993 Acc: 0.9997 F1: 0.9996
Epoch 67: Time: 0.5966 Cost: 1.5831 Pre: 1.0000 Re: 0.9993 Acc: 0.9997 F1: 0.9996
Epoch 68: Time: 0.5475 Cost: 1.5585 Pre: 1.0000 Re: 0.9993 Acc: 0.9997 F1: 0.9996
Epoch 69: Time: 0.5340 Cost: 1.5363 Pre: 1.0000 Re: 0.9993 Acc: 0.9997 F1: 0.9996
Epoch 70: Time: 0.5460 Cost: 1.5147 Pre: 1.0000 Re: 0.9993 Acc: 0.9997 F1: 0.9996


--------------------------------------------------------------------
Eval results: Cost:1.3223 Pre:1.0000 Re:0.9985 Acc:0.9993 F1:0.9993
--------------------------------------------------------------------

Epoch 71: Time: 0.5457 Cost: 1.4967 Pre: 1.0000 Re: 0.9993 Acc: 0.9997 F1: 0.9996
Epoch 72: Time: 0.5335 Cost: 1.4763 Pre: 1.0000 Re: 0.9993 Acc: 0.9997 F1: 0.9996
Epoch 73: Time: 0.5464 Cost: 1.4581 Pre: 1.0000 Re: 0.9993 Acc: 0.9997 F1: 0.9996
Epoch 74: Time: 0.5326 Cost: 1.4438 Pre: 1.0000 Re: 0.9993 Acc: 0.9997 F1: 0.9996
Epoch 75: Time: 0.5390 Cost: 1.4271 Pre: 1.0000 Re: 0.9993 Acc: 0.9997 F1: 0.9996
Epoch 76: Time: 0.5233 Cost: 1.4138 Pre: 1.0000 Re: 0.9993 Acc: 0.9997 F1: 0.9996
Epoch 77: Time: 0.5429 Cost: 1.4004 Pre: 1.0000 Re: 0.9993 Acc: 0.9997 F1: 0.9996
Epoch 78: Time: 0.5382 Cost: 1.3878 Pre: 1.0000 Re: 0.9993 Acc: 0.9997 F1: 0.9996
Epoch 79: Time: 0.5467 Cost: 1.3765 Pre: 1.0000 Re: 0.9993 Acc: 0.9997 F1: 0.9996
Epoch 80: Time: 0.5430 Cost: 1.3654 Pre: 1.0000 Re: 0.9993 Acc: 0.9997 F1: 0.9996


--------------------------------------------------------------------
Eval results: Cost:1.1988 Pre:1.0000 Re:0.9985 Acc:0.9993 F1:0.9993
--------------------------------------------------------------------

Epoch 81: Time: 0.5449 Cost: 1.3564 Pre: 1.0000 Re: 0.9993 Acc: 0.9997 F1: 0.9996
Epoch 82: Time: 0.5463 Cost: 1.3458 Pre: 1.0000 Re: 0.9993 Acc: 0.9997 F1: 0.9996
Epoch 83: Time: 0.5543 Cost: 1.3365 Pre: 1.0000 Re: 0.9993 Acc: 0.9997 F1: 0.9996
Epoch 84: Time: 0.5338 Cost: 1.3290 Pre: 1.0000 Re: 0.9993 Acc: 0.9997 F1: 0.9996
Epoch 85: Time: 0.5397 Cost: 1.3203 Pre: 1.0000 Re: 0.9993 Acc: 0.9997 F1: 0.9996
Epoch 86: Time: 0.5316 Cost: 1.3134 Pre: 1.0000 Re: 0.9993 Acc: 0.9997 F1: 0.9996
Epoch 87: Time: 0.5422 Cost: 1.3062 Pre: 1.0000 Re: 0.9993 Acc: 0.9997 F1: 0.9996
Epoch 88: Time: 0.5404 Cost: 1.2997 Pre: 1.0000 Re: 0.9993 Acc: 0.9997 F1: 0.9996
Epoch 89: Time: 0.5370 Cost: 1.2936 Pre: 1.0000 Re: 0.9993 Acc: 0.9997 F1: 0.9996
Epoch 90: Time: 0.5382 Cost: 1.2877 Pre: 1.0000 Re: 0.9993 Acc: 0.9997 F1: 0.9996


--------------------------------------------------------------------
Eval results: Cost:1.1319 Pre:1.0000 Re:0.9985 Acc:0.9993 F1:0.9993
--------------------------------------------------------------------

Epoch 91: Time: 0.5391 Cost: 1.2830 Pre: 1.0000 Re: 0.9993 Acc: 0.9997 F1: 0.9996
Epoch 92: Time: 0.5453 Cost: 1.2771 Pre: 1.0000 Re: 0.9993 Acc: 0.9997 F1: 0.9996
Epoch 93: Time: 0.5347 Cost: 1.2722 Pre: 1.0000 Re: 0.9993 Acc: 0.9997 F1: 0.9996
Epoch 94: Time: 0.5417 Cost: 1.2679 Pre: 1.0000 Re: 0.9993 Acc: 0.9997 F1: 0.9996
Epoch 95: Time: 0.6222 Cost: 1.2631 Pre: 1.0000 Re: 0.9993 Acc: 0.9997 F1: 0.9996
Epoch 96: Time: 0.6263 Cost: 1.2592 Pre: 1.0000 Re: 0.9993 Acc: 0.9997 F1: 0.9996
Epoch 97: Time: 0.5694 Cost: 1.2551 Pre: 1.0000 Re: 0.9993 Acc: 0.9997 F1: 0.9996
Epoch 98: Time: 0.5240 Cost: 1.2515 Pre: 1.0000 Re: 0.9993 Acc: 0.9997 F1: 0.9996
Epoch 99: Time: 0.5399 Cost: 1.2479 Pre: 1.0000 Re: 0.9993 Acc: 0.9997 F1: 0.9996
Epoch 100: Time: 0.5341 Cost: 1.2445 Pre: 1.0000 Re: 0.9993 Acc: 0.9997 F1: 0.9996


--------------------------------------------------------------------
Eval results: Cost:1.0924 Pre:1.0000 Re:0.9985 Acc:0.9993 F1:0.9993
--------------------------------------------------------------------

Epoch 101: Time: 0.5353 Cost: 1.2418 Pre: 1.0000 Re: 0.9993 Acc: 0.9997 F1: 0.9996
Epoch 102: Time: 0.5444 Cost: 1.2383 Pre: 1.0000 Re: 0.9993 Acc: 0.9997 F1: 0.9996
Epoch 103: Time: 0.5426 Cost: 1.2354 Pre: 1.0000 Re: 0.9993 Acc: 0.9997 F1: 0.9996
Epoch 104: Time: 0.5391 Cost: 1.2327 Pre: 1.0000 Re: 0.9993 Acc: 0.9997 F1: 0.9996
Epoch 105: Time: 0.5295 Cost: 1.2299 Pre: 1.0000 Re: 0.9993 Acc: 0.9997 F1: 0.9996
Epoch 106: Time: 0.5520 Cost: 1.2275 Pre: 1.0000 Re: 0.9993 Acc: 0.9997 F1: 0.9996
Epoch 107: Time: 0.5467 Cost: 1.2250 Pre: 1.0000 Re: 0.9993 Acc: 0.9997 F1: 0.9996
Epoch 108: Time: 0.5565 Cost: 1.2227 Pre: 1.0000 Re: 0.9993 Acc: 0.9997 F1: 0.9996
Epoch 109: Time: 0.5441 Cost: 1.2205 Pre: 1.0000 Re: 0.9993 Acc: 0.9997 F1: 0.9996
Epoch 110: Time: 0.7614 Cost: 1.2183 Pre: 1.0000 Re: 0.9993 Acc: 0.9997 F1: 0.9996


--------------------------------------------------------------------
Eval results: Cost:1.0670 Pre:1.0000 Re:0.9985 Acc:0.9993 F1:0.9993
--------------------------------------------------------------------

Epoch 111: Time: 1.3771 Cost: 1.2166 Pre: 1.0000 Re: 0.9993 Acc: 0.9997 F1: 0.9996
Epoch 112: Time: 0.5674 Cost: 1.2144 Pre: 1.0000 Re: 0.9993 Acc: 0.9997 F1: 0.9996
Epoch 113: Time: 0.5662 Cost: 1.2125 Pre: 1.0000 Re: 0.9993 Acc: 0.9997 F1: 0.9996
Epoch 114: Time: 0.6558 Cost: 1.2108 Pre: 1.0000 Re: 0.9993 Acc: 0.9997 F1: 0.9996
Epoch 115: Time: 0.6040 Cost: 1.2090 Pre: 1.0000 Re: 1.0000 Acc: 1.0000 F1: 1.0000
Epoch 116: Time: 0.5634 Cost: 1.2074 Pre: 1.0000 Re: 1.0000 Acc: 1.0000 F1: 1.0000
Epoch 117: Time: 0.5612 Cost: 1.2058 Pre: 1.0000 Re: 1.0000 Acc: 1.0000 F1: 1.0000
Epoch 118: Time: 0.5644 Cost: 1.2043 Pre: 1.0000 Re: 1.0000 Acc: 1.0000 F1: 1.0000
Epoch 119: Time: 0.6810 Cost: 1.2028 Pre: 1.0000 Re: 1.0000 Acc: 1.0000 F1: 1.0000
Epoch 120: Time: 0.6283 Cost: 1.2014 Pre: 1.0000 Re: 1.0000 Acc: 1.0000 F1: 1.0000


--------------------------------------------------------------------
Eval results: Cost:1.0501 Pre:1.0000 Re:1.0000 Acc:1.0000 F1:1.0000
--------------------------------------------------------------------

Epoch 121: Time: 0.8570 Cost: 1.2002 Pre: 1.0000 Re: 1.0000 Acc: 1.0000 F1: 1.0000
Epoch 122: Time: 0.6784 Cost: 1.1988 Pre: 1.0000 Re: 1.0000 Acc: 1.0000 F1: 1.0000
Epoch 123: Time: 1.0000 Cost: 1.1975 Pre: 1.0000 Re: 1.0000 Acc: 1.0000 F1: 1.0000
Epoch 124: Time: 0.5795 Cost: 1.1963 Pre: 1.0000 Re: 1.0000 Acc: 1.0000 F1: 1.0000
Epoch 125: Time: 0.5708 Cost: 1.1952 Pre: 1.0000 Re: 1.0000 Acc: 1.0000 F1: 1.0000
Epoch 126: Time: 0.5763 Cost: 1.1941 Pre: 1.0000 Re: 1.0000 Acc: 1.0000 F1: 1.0000
Epoch 127: Time: 0.5413 Cost: 1.1930 Pre: 1.0000 Re: 1.0000 Acc: 1.0000 F1: 1.0000
Epoch 128: Time: 0.5505 Cost: 1.1919 Pre: 1.0000 Re: 1.0000 Acc: 1.0000 F1: 1.0000
Epoch 129: Time: 0.6442 Cost: 1.1910 Pre: 1.0000 Re: 1.0000 Acc: 1.0000 F1: 1.0000
Epoch 130: Time: 0.5696 Cost: 1.1900 Pre: 1.0000 Re: 1.0000 Acc: 1.0000 F1: 1.0000


--------------------------------------------------------------------
Eval results: Cost:1.0386 Pre:1.0000 Re:1.0000 Acc:1.0000 F1:1.0000
--------------------------------------------------------------------

Epoch 131: Time: 0.5526 Cost: 1.1891 Pre: 1.0000 Re: 1.0000 Acc: 1.0000 F1: 1.0000
Epoch 132: Time: 0.5538 Cost: 1.1882 Pre: 1.0000 Re: 1.0000 Acc: 1.0000 F1: 1.0000
Epoch 133: Time: 0.5413 Cost: 1.1873 Pre: 1.0000 Re: 1.0000 Acc: 1.0000 F1: 1.0000
Epoch 134: Time: 0.5597 Cost: 1.1865 Pre: 1.0000 Re: 1.0000 Acc: 1.0000 F1: 1.0000
Epoch 135: Time: 0.5614 Cost: 1.1857 Pre: 1.0000 Re: 1.0000 Acc: 1.0000 F1: 1.0000
Epoch 136: Time: 0.5752 Cost: 1.1849 Pre: 1.0000 Re: 1.0000 Acc: 1.0000 F1: 1.0000
Epoch 137: Time: 0.8698 Cost: 1.1842 Pre: 1.0000 Re: 1.0000 Acc: 1.0000 F1: 1.0000
Epoch 138: Time: 0.8543 Cost: 1.1835 Pre: 1.0000 Re: 1.0000 Acc: 1.0000 F1: 1.0000
Epoch 139: Time: 1.1536 Cost: 1.1828 Pre: 1.0000 Re: 1.0000 Acc: 1.0000 F1: 1.0000
Epoch 140: Time: 0.7432 Cost: 1.1821 Pre: 1.0000 Re: 1.0000 Acc: 1.0000 F1: 1.0000


--------------------------------------------------------------------
Eval results: Cost:1.0308 Pre:1.0000 Re:1.0000 Acc:1.0000 F1:1.0000
--------------------------------------------------------------------

Epoch 141: Time: 0.9239 Cost: 1.1814 Pre: 1.0000 Re: 1.0000 Acc: 1.0000 F1: 1.0000
Epoch 142: Time: 0.8020 Cost: 1.1808 Pre: 1.0000 Re: 1.0000 Acc: 1.0000 F1: 1.0000
Epoch 143: Time: 0.8059 Cost: 1.1802 Pre: 1.0000 Re: 1.0000 Acc: 1.0000 F1: 1.0000
Epoch 144: Time: 0.7578 Cost: 1.1796 Pre: 1.0000 Re: 1.0000 Acc: 1.0000 F1: 1.0000
Epoch 145: Time: 0.8060 Cost: 1.1791 Pre: 1.0000 Re: 1.0000 Acc: 1.0000 F1: 1.0000
Epoch 146: Time: 1.5930 Cost: 1.1785 Pre: 1.0000 Re: 1.0000 Acc: 1.0000 F1: 1.0000
Epoch 147: Time: 1.1445 Cost: 1.1780 Pre: 1.0000 Re: 1.0000 Acc: 1.0000 F1: 1.0000
Epoch 148: Time: 0.7702 Cost: 1.1775 Pre: 1.0000 Re: 1.0000 Acc: 1.0000 F1: 1.0000
Epoch 149: Time: 0.6001 Cost: 1.1770 Pre: 1.0000 Re: 1.0000 Acc: 1.0000 F1: 1.0000
Epoch 150: Time: 0.5365 Cost: 1.1765 Pre: 1.0000 Re: 1.0000 Acc: 1.0000 F1: 1.0000


--------------------------------------------------------------------
Eval results: Cost:1.0255 Pre:1.0000 Re:1.0000 Acc:1.0000 F1:1.0000
--------------------------------------------------------------------

Epoch 151: Time: 0.6909 Cost: 1.1760 Pre: 1.0000 Re: 1.0000 Acc: 1.0000 F1: 1.0000
Epoch 152: Time: 0.9908 Cost: 1.1755 Pre: 1.0000 Re: 1.0000 Acc: 1.0000 F1: 1.0000
Epoch 153: Time: 1.0241 Cost: 1.1751 Pre: 1.0000 Re: 1.0000 Acc: 1.0000 F1: 1.0000
Epoch 154: Time: 0.9335 Cost: 1.1747 Pre: 1.0000 Re: 1.0000 Acc: 1.0000 F1: 1.0000
Epoch 155: Time: 0.7123 Cost: 1.1742 Pre: 1.0000 Re: 1.0000 Acc: 1.0000 F1: 1.0000
Epoch 156: Time: 0.8145 Cost: 1.1738 Pre: 1.0000 Re: 1.0000 Acc: 1.0000 F1: 1.0000
Epoch 157: Time: 0.9783 Cost: 1.1734 Pre: 1.0000 Re: 1.0000 Acc: 1.0000 F1: 1.0000
Epoch 158: Time: 0.9759 Cost: 1.1730 Pre: 1.0000 Re: 1.0000 Acc: 1.0000 F1: 1.0000
Epoch 159: Time: 1.0244 Cost: 1.1727 Pre: 1.0000 Re: 1.0000 Acc: 1.0000 F1: 1.0000
Epoch 160: Time: 1.0208 Cost: 1.1723 Pre: 1.0000 Re: 1.0000 Acc: 1.0000 F1: 1.0000


--------------------------------------------------------------------
Eval results: Cost:1.0217 Pre:1.0000 Re:1.0000 Acc:1.0000 F1:1.0000
--------------------------------------------------------------------

Epoch 161: Time: 0.7464 Cost: 1.1719 Pre: 1.0000 Re: 1.0000 Acc: 1.0000 F1: 1.0000
Epoch 162: Time: 0.6495 Cost: 1.1716 Pre: 1.0000 Re: 1.0000 Acc: 1.0000 F1: 1.0000
Epoch 163: Time: 0.5622 Cost: 1.1713 Pre: 1.0000 Re: 1.0000 Acc: 1.0000 F1: 1.0000
Epoch 164: Time: 0.5838 Cost: 1.1709 Pre: 1.0000 Re: 1.0000 Acc: 1.0000 F1: 1.0000
Epoch 165: Time: 0.6931 Cost: 1.1706 Pre: 1.0000 Re: 1.0000 Acc: 1.0000 F1: 1.0000
Epoch 166: Time: 0.6139 Cost: 1.1703 Pre: 1.0000 Re: 1.0000 Acc: 1.0000 F1: 1.0000
Epoch 167: Time: 0.6364 Cost: 1.1700 Pre: 1.0000 Re: 1.0000 Acc: 1.0000 F1: 1.0000
Epoch 168: Time: 0.8131 Cost: 1.1697 Pre: 1.0000 Re: 1.0000 Acc: 1.0000 F1: 1.0000
Epoch 169: Time: 0.6529 Cost: 1.1694 Pre: 1.0000 Re: 1.0000 Acc: 1.0000 F1: 1.0000
Epoch 170: Time: 0.5817 Cost: 1.1691 Pre: 1.0000 Re: 1.0000 Acc: 1.0000 F1: 1.0000


--------------------------------------------------------------------
Eval results: Cost:1.0186 Pre:1.0000 Re:1.0000 Acc:1.0000 F1:1.0000
--------------------------------------------------------------------

Epoch 171: Time: 0.5477 Cost: 1.1689 Pre: 1.0000 Re: 1.0000 Acc: 1.0000 F1: 1.0000
Epoch 172: Time: 0.5576 Cost: 1.1686 Pre: 1.0000 Re: 1.0000 Acc: 1.0000 F1: 1.0000
Epoch 173: Time: 0.5396 Cost: 1.1683 Pre: 1.0000 Re: 1.0000 Acc: 1.0000 F1: 1.0000
Epoch 174: Time: 0.5398 Cost: 1.1681 Pre: 1.0000 Re: 1.0000 Acc: 1.0000 F1: 1.0000
Epoch 175: Time: 0.5620 Cost: 1.1678 Pre: 1.0000 Re: 1.0000 Acc: 1.0000 F1: 1.0000
Epoch 176: Time: 0.6341 Cost: 1.1676 Pre: 1.0000 Re: 1.0000 Acc: 1.0000 F1: 1.0000
Epoch 177: Time: 0.5866 Cost: 1.1673 Pre: 1.0000 Re: 1.0000 Acc: 1.0000 F1: 1.0000
Epoch 178: Time: 0.5535 Cost: 1.1671 Pre: 1.0000 Re: 1.0000 Acc: 1.0000 F1: 1.0000
Epoch 179: Time: 0.5725 Cost: 1.1669 Pre: 1.0000 Re: 1.0000 Acc: 1.0000 F1: 1.0000
Epoch 180: Time: 0.5421 Cost: 1.1666 Pre: 1.0000 Re: 1.0000 Acc: 1.0000 F1: 1.0000


--------------------------------------------------------------------
Eval results: Cost:1.0161 Pre:1.0000 Re:1.0000 Acc:1.0000 F1:1.0000
--------------------------------------------------------------------

Epoch 181: Time: 0.5536 Cost: 1.1664 Pre: 1.0000 Re: 1.0000 Acc: 1.0000 F1: 1.0000
Epoch 182: Time: 0.5400 Cost: 1.1662 Pre: 1.0000 Re: 1.0000 Acc: 1.0000 F1: 1.0000
Epoch 183: Time: 0.5462 Cost: 1.1660 Pre: 1.0000 Re: 1.0000 Acc: 1.0000 F1: 1.0000
Epoch 184: Time: 0.6042 Cost: 1.1658 Pre: 1.0000 Re: 1.0000 Acc: 1.0000 F1: 1.0000
Epoch 185: Time: 0.5422 Cost: 1.1656 Pre: 1.0000 Re: 1.0000 Acc: 1.0000 F1: 1.0000
Epoch 186: Time: 0.5488 Cost: 1.1654 Pre: 1.0000 Re: 1.0000 Acc: 1.0000 F1: 1.0000
Epoch 187: Time: 0.5399 Cost: 1.1652 Pre: 1.0000 Re: 1.0000 Acc: 1.0000 F1: 1.0000
Epoch 188: Time: 0.5509 Cost: 1.1650 Pre: 1.0000 Re: 1.0000 Acc: 1.0000 F1: 1.0000
Epoch 189: Time: 0.5475 Cost: 1.1648 Pre: 1.0000 Re: 1.0000 Acc: 1.0000 F1: 1.0000
Epoch 190: Time: 0.5463 Cost: 1.1646 Pre: 1.0000 Re: 1.0000 Acc: 1.0000 F1: 1.0000


--------------------------------------------------------------------
Eval results: Cost:1.0142 Pre:1.0000 Re:1.0000 Acc:1.0000 F1:1.0000
--------------------------------------------------------------------

Epoch 191: Time: 0.5595 Cost: 1.1644 Pre: 1.0000 Re: 1.0000 Acc: 1.0000 F1: 1.0000
Epoch 192: Time: 0.5661 Cost: 1.1643 Pre: 1.0000 Re: 1.0000 Acc: 1.0000 F1: 1.0000
Epoch 193: Time: 0.5474 Cost: 1.1641 Pre: 1.0000 Re: 1.0000 Acc: 1.0000 F1: 1.0000
Epoch 194: Time: 0.5475 Cost: 1.1639 Pre: 1.0000 Re: 1.0000 Acc: 1.0000 F1: 1.0000
Epoch 195: Time: 0.5429 Cost: 1.1638 Pre: 1.0000 Re: 1.0000 Acc: 1.0000 F1: 1.0000
Epoch 196: Time: 0.5514 Cost: 1.1636 Pre: 1.0000 Re: 1.0000 Acc: 1.0000 F1: 1.0000
Epoch 197: Time: 0.5490 Cost: 1.1634 Pre: 1.0000 Re: 1.0000 Acc: 1.0000 F1: 1.0000
Epoch 198: Time: 0.5480 Cost: 1.1633 Pre: 1.0000 Re: 1.0000 Acc: 1.0000 F1: 1.0000
Epoch 199: Time: 0.5409 Cost: 1.1631 Pre: 1.0000 Re: 1.0000 Acc: 1.0000 F1: 1.0000
Epoch 200: Time: 0.5472 Cost: 1.1630 Pre: 1.0000 Re: 1.0000 Acc: 1.0000 F1: 1.0000


--------------------------------------------------------------------
Eval results: Cost:1.0127 Pre:1.0000 Re:1.0000 Acc:1.0000 F1:1.0000
--------------------------------------------------------------------

Epoch 201: Time: 0.5464 Cost: 1.1628 Pre: 1.0000 Re: 1.0000 Acc: 1.0000 F1: 1.0000
Epoch 202: Time: 0.5371 Cost: 1.1627 Pre: 1.0000 Re: 1.0000 Acc: 1.0000 F1: 1.0000
Epoch 203: Time: 0.5379 Cost: 1.1626 Pre: 1.0000 Re: 1.0000 Acc: 1.0000 F1: 1.0000
Epoch 204: Time: 0.5311 Cost: 1.1624 Pre: 1.0000 Re: 1.0000 Acc: 1.0000 F1: 1.0000
Epoch 205: Time: 0.5303 Cost: 1.1623 Pre: 1.0000 Re: 1.0000 Acc: 1.0000 F1: 1.0000
Epoch 206: Time: 0.5337 Cost: 1.1622 Pre: 1.0000 Re: 1.0000 Acc: 1.0000 F1: 1.0000
Epoch 207: Time: 0.5312 Cost: 1.1620 Pre: 1.0000 Re: 1.0000 Acc: 1.0000 F1: 1.0000
Epoch 208: Time: 0.5289 Cost: 1.1619 Pre: 1.0000 Re: 1.0000 Acc: 1.0000 F1: 1.0000
Epoch 209: Time: 0.5324 Cost: 1.1618 Pre: 1.0000 Re: 1.0000 Acc: 1.0000 F1: 1.0000
Epoch 210: Time: 0.5374 Cost: 1.1616 Pre: 1.0000 Re: 1.0000 Acc: 1.0000 F1: 1.0000


--------------------------------------------------------------------
Eval results: Cost:1.0115 Pre:1.0000 Re:1.0000 Acc:1.0000 F1:1.0000
--------------------------------------------------------------------

Epoch 211: Time: 0.7285 Cost: 1.1615 Pre: 1.0000 Re: 1.0000 Acc: 1.0000 F1: 1.0000
Epoch 212: Time: 0.5857 Cost: 1.1614 Pre: 1.0000 Re: 1.0000 Acc: 1.0000 F1: 1.0000
Epoch 213: Time: 0.6153 Cost: 1.1613 Pre: 1.0000 Re: 1.0000 Acc: 1.0000 F1: 1.0000
Epoch 214: Time: 0.6473 Cost: 1.1612 Pre: 1.0000 Re: 1.0000 Acc: 1.0000 F1: 1.0000
Epoch 215: Time: 0.5833 Cost: 1.1611 Pre: 1.0000 Re: 1.0000 Acc: 1.0000 F1: 1.0000
Epoch 216: Time: 0.6877 Cost: 1.1610 Pre: 1.0000 Re: 1.0000 Acc: 1.0000 F1: 1.0000
Epoch 217: Time: 0.5879 Cost: 1.1608 Pre: 1.0000 Re: 1.0000 Acc: 1.0000 F1: 1.0000
Epoch 218: Time: 0.5930 Cost: 1.1607 Pre: 1.0000 Re: 1.0000 Acc: 1.0000 F1: 1.0000
Epoch 219: Time: 0.5819 Cost: 1.1606 Pre: 1.0000 Re: 1.0000 Acc: 1.0000 F1: 1.0000
Epoch 220: Time: 0.6311 Cost: 1.1605 Pre: 1.0000 Re: 1.0000 Acc: 1.0000 F1: 1.0000


--------------------------------------------------------------------
Eval results: Cost:1.0105 Pre:1.0000 Re:1.0000 Acc:1.0000 F1:1.0000
--------------------------------------------------------------------

Epoch 221: Time: 0.7181 Cost: 1.1604 Pre: 1.0000 Re: 1.0000 Acc: 1.0000 F1: 1.0000
Epoch 222: Time: 0.6827 Cost: 1.1603 Pre: 1.0000 Re: 1.0000 Acc: 1.0000 F1: 1.0000
Epoch 223: Time: 0.5970 Cost: 1.1602 Pre: 1.0000 Re: 1.0000 Acc: 1.0000 F1: 1.0000
Epoch 224: Time: 0.7456 Cost: 1.1601 Pre: 1.0000 Re: 1.0000 Acc: 1.0000 F1: 1.0000
Epoch 225: Time: 0.6445 Cost: 1.1600 Pre: 1.0000 Re: 1.0000 Acc: 1.0000 F1: 1.0000
Epoch 226: Time: 0.6261 Cost: 1.1599 Pre: 1.0000 Re: 1.0000 Acc: 1.0000 F1: 1.0000
Epoch 227: Time: 0.5904 Cost: 1.1598 Pre: 1.0000 Re: 1.0000 Acc: 1.0000 F1: 1.0000
Epoch 228: Time: 0.6230 Cost: 1.1597 Pre: 1.0000 Re: 1.0000 Acc: 1.0000 F1: 1.0000
Epoch 229: Time: 0.5831 Cost: 1.1597 Pre: 1.0000 Re: 1.0000 Acc: 1.0000 F1: 1.0000
Epoch 230: Time: 0.6528 Cost: 1.1596 Pre: 1.0000 Re: 1.0000 Acc: 1.0000 F1: 1.0000


--------------------------------------------------------------------
Eval results: Cost:1.0096 Pre:1.0000 Re:1.0000 Acc:1.0000 F1:1.0000
--------------------------------------------------------------------

Epoch 231: Time: 0.5757 Cost: 1.1595 Pre: 1.0000 Re: 1.0000 Acc: 1.0000 F1: 1.0000
Epoch 232: Time: 0.7313 Cost: 1.1594 Pre: 1.0000 Re: 1.0000 Acc: 1.0000 F1: 1.0000
Epoch 233: Time: 0.7733 Cost: 1.1593 Pre: 1.0000 Re: 1.0000 Acc: 1.0000 F1: 1.0000
Epoch 234: Time: 0.8417 Cost: 1.1592 Pre: 1.0000 Re: 1.0000 Acc: 1.0000 F1: 1.0000
Epoch 235: Time: 1.0442 Cost: 1.1591 Pre: 1.0000 Re: 1.0000 Acc: 1.0000 F1: 1.0000
Epoch 236: Time: 1.0828 Cost: 1.1591 Pre: 1.0000 Re: 1.0000 Acc: 1.0000 F1: 1.0000
Epoch 237: Time: 0.8763 Cost: 1.1590 Pre: 1.0000 Re: 1.0000 Acc: 1.0000 F1: 1.0000
Epoch 238: Time: 0.8815 Cost: 1.1589 Pre: 1.0000 Re: 1.0000 Acc: 1.0000 F1: 1.0000
Epoch 239: Time: 0.8703 Cost: 1.1588 Pre: 1.0000 Re: 1.0000 Acc: 1.0000 F1: 1.0000
Epoch 240: Time: 0.7555 Cost: 1.1587 Pre: 1.0000 Re: 1.0000 Acc: 1.0000 F1: 1.0000


--------------------------------------------------------------------
Eval results: Cost:1.0089 Pre:1.0000 Re:1.0000 Acc:1.0000 F1:1.0000
--------------------------------------------------------------------

Epoch 241: Time: 0.6804 Cost: 1.1587 Pre: 1.0000 Re: 1.0000 Acc: 1.0000 F1: 1.0000
Epoch 242: Time: 0.5429 Cost: 1.1586 Pre: 1.0000 Re: 1.0000 Acc: 1.0000 F1: 1.0000
Epoch 243: Time: 0.6915 Cost: 1.1585 Pre: 1.0000 Re: 1.0000 Acc: 1.0000 F1: 1.0000
Epoch 244: Time: 0.9299 Cost: 1.1584 Pre: 1.0000 Re: 1.0000 Acc: 1.0000 F1: 1.0000
Epoch 245: Time: 0.8402 Cost: 1.1584 Pre: 1.0000 Re: 1.0000 Acc: 1.0000 F1: 1.0000
Epoch 246: Time: 0.6579 Cost: 1.1583 Pre: 1.0000 Re: 1.0000 Acc: 1.0000 F1: 1.0000
Epoch 247: Time: 0.8111 Cost: 1.1582 Pre: 1.0000 Re: 1.0000 Acc: 1.0000 F1: 1.0000
Epoch 248: Time: 0.6861 Cost: 1.1582 Pre: 1.0000 Re: 1.0000 Acc: 1.0000 F1: 1.0000
Epoch 249: Time: 0.5735 Cost: 1.1581 Pre: 1.0000 Re: 1.0000 Acc: 1.0000 F1: 1.0000
Epoch 250: Time: 0.5756 Cost: 1.1580 Pre: 1.0000 Re: 1.0000 Acc: 1.0000 F1: 1.0000


--------------------------------------------------------------------
Eval results: Cost:1.0082 Pre:1.0000 Re:1.0000 Acc:1.0000 F1:1.0000
--------------------------------------------------------------------

Epoch 251: Time: 0.8953 Cost: 1.1580 Pre: 1.0000 Re: 1.0000 Acc: 1.0000 F1: 1.0000
Epoch 252: Time: 0.9693 Cost: 1.1579 Pre: 1.0000 Re: 1.0000 Acc: 1.0000 F1: 1.0000
Epoch 253: Time: 0.6269 Cost: 1.1578 Pre: 1.0000 Re: 1.0000 Acc: 1.0000 F1: 1.0000
Epoch 254: Time: 0.5383 Cost: 1.1578 Pre: 1.0000 Re: 1.0000 Acc: 1.0000 F1: 1.0000
Epoch 255: Time: 0.5333 Cost: 1.1577 Pre: 1.0000 Re: 1.0000 Acc: 1.0000 F1: 1.0000
Epoch 256: Time: 0.5389 Cost: 1.1576 Pre: 1.0000 Re: 1.0000 Acc: 1.0000 F1: 1.0000
Epoch 257: Time: 0.5535 Cost: 1.1576 Pre: 1.0000 Re: 1.0000 Acc: 1.0000 F1: 1.0000
Epoch 258: Time: 0.5451 Cost: 1.1575 Pre: 1.0000 Re: 1.0000 Acc: 1.0000 F1: 1.0000
Epoch 259: Time: 0.5597 Cost: 1.1574 Pre: 1.0000 Re: 1.0000 Acc: 1.0000 F1: 1.0000
Epoch 260: Time: 0.5566 Cost: 1.1574 Pre: 1.0000 Re: 1.0000 Acc: 1.0000 F1: 1.0000


--------------------------------------------------------------------
Eval results: Cost:1.0076 Pre:1.0000 Re:1.0000 Acc:1.0000 F1:1.0000
--------------------------------------------------------------------

Epoch 261: Time: 0.5337 Cost: 1.1573 Pre: 1.0000 Re: 1.0000 Acc: 1.0000 F1: 1.0000
Epoch 262: Time: 0.7113 Cost: 1.1573 Pre: 1.0000 Re: 1.0000 Acc: 1.0000 F1: 1.0000
Epoch 263: Time: 0.7896 Cost: 1.1572 Pre: 1.0000 Re: 1.0000 Acc: 1.0000 F1: 1.0000
Epoch 264: Time: 0.7339 Cost: 1.1572 Pre: 1.0000 Re: 1.0000 Acc: 1.0000 F1: 1.0000
Epoch 265: Time: 0.6533 Cost: 1.1571 Pre: 1.0000 Re: 1.0000 Acc: 1.0000 F1: 1.0000
Epoch 266: Time: 2.3394 Cost: 1.1570 Pre: 1.0000 Re: 1.0000 Acc: 1.0000 F1: 1.0000
Epoch 267: Time: 1.3274 Cost: 1.1570 Pre: 1.0000 Re: 1.0000 Acc: 1.0000 F1: 1.0000
Epoch 268: Time: 1.4257 Cost: 1.1569 Pre: 1.0000 Re: 1.0000 Acc: 1.0000 F1: 1.0000
Epoch 269: Time: 0.9588 Cost: 1.1569 Pre: 1.0000 Re: 1.0000 Acc: 1.0000 F1: 1.0000
Epoch 270: Time: 0.7118 Cost: 1.1568 Pre: 1.0000 Re: 1.0000 Acc: 1.0000 F1: 1.0000


--------------------------------------------------------------------
Eval results: Cost:1.0071 Pre:1.0000 Re:1.0000 Acc:1.0000 F1:1.0000
--------------------------------------------------------------------

Epoch 271: Time: 2.3577 Cost: 1.1568 Pre: 1.0000 Re: 1.0000 Acc: 1.0000 F1: 1.0000
Epoch 272: Time: 1.3252 Cost: 1.1567 Pre: 1.0000 Re: 1.0000 Acc: 1.0000 F1: 1.0000
Epoch 273: Time: 0.7667 Cost: 1.1567 Pre: 1.0000 Re: 1.0000 Acc: 1.0000 F1: 1.0000
Epoch 274: Time: 0.7184 Cost: 1.1566 Pre: 1.0000 Re: 1.0000 Acc: 1.0000 F1: 1.0000
Epoch 275: Time: 1.0167 Cost: 1.1566 Pre: 1.0000 Re: 1.0000 Acc: 1.0000 F1: 1.0000
Epoch 276: Time: 0.7251 Cost: 1.1565 Pre: 1.0000 Re: 1.0000 Acc: 1.0000 F1: 1.0000
Epoch 277: Time: 0.6040 Cost: 1.1565 Pre: 1.0000 Re: 1.0000 Acc: 1.0000 F1: 1.0000
Epoch 278: Time: 0.6932 Cost: 1.1564 Pre: 1.0000 Re: 1.0000 Acc: 1.0000 F1: 1.0000
Epoch 279: Time: 1.0837 Cost: 1.1564 Pre: 1.0000 Re: 1.0000 Acc: 1.0000 F1: 1.0000
Epoch 280: Time: 1.6334 Cost: 1.1563 Pre: 1.0000 Re: 1.0000 Acc: 1.0000 F1: 1.0000


--------------------------------------------------------------------
Eval results: Cost:1.0067 Pre:1.0000 Re:1.0000 Acc:1.0000 F1:1.0000
--------------------------------------------------------------------

Early stopping...
--------------------------------------------------------------------
--------------------------------------------------------------------
Test 4332 samples take time: 4.4666
Test results: Cost:1.0221 Pre:1.0000 Re:1.0000 Acc:1.0000 F1:1.0000
--------------------------------------------------------------------

