Load data
RNN type: LSTM Grammar: g3 Seed: 3
Model total parameters: 4092
Saving hinit ... 

Epoch 0: Time: 0.5971 Cost: 28.1830 Pre: 0.0000 Re: 0.0000 Acc: 0.5249 F1: 0.0000


--------------------------------------------------------------------
Eval results: Cost:25.9103 Pre:0.0000 Re:0.0000 Acc:0.5392 F1:0.0000
--------------------------------------------------------------------

Epoch 1: Time: 0.5271 Cost: 25.8540 Pre: 0.4498 Re: 0.2612 Acc: 0.4973 F1: 0.3305
Epoch 2: Time: 0.5281 Cost: 25.5129 Pre: 0.4744 Re: 0.3597 Acc: 0.5065 F1: 0.4092
Epoch 3: Time: 0.5305 Cost: 25.3248 Pre: 0.5542 Re: 0.3165 Acc: 0.5543 F1: 0.4029
Epoch 4: Time: 0.5272 Cost: 25.1578 Pre: 0.5750 Re: 0.3144 Acc: 0.5639 F1: 0.4065
Epoch 5: Time: 0.5360 Cost: 25.0079 Pre: 0.5711 Re: 0.3180 Acc: 0.5625 F1: 0.4085
Epoch 6: Time: 0.5274 Cost: 24.8757 Pre: 0.5587 Re: 0.3151 Acc: 0.5564 F1: 0.4029
Epoch 7: Time: 0.5341 Cost: 24.7556 Pre: 0.5407 Re: 0.3295 Acc: 0.5485 F1: 0.4095
Epoch 8: Time: 0.5295 Cost: 24.6443 Pre: 0.5130 Re: 0.3410 Acc: 0.5332 F1: 0.4097
Epoch 9: Time: 0.5411 Cost: 24.5380 Pre: 0.4957 Re: 0.3353 Acc: 0.5222 F1: 0.4000
Epoch 10: Time: 0.5290 Cost: 24.4307 Pre: 0.4973 Re: 0.3309 Acc: 0.5232 F1: 0.3974


--------------------------------------------------------------------
Eval results: Cost:24.1001 Pre:0.4987 Re:0.2806 Acc:0.5385 F1:0.3591
--------------------------------------------------------------------

Epoch 11: Time: 0.5467 Cost: 24.3123 Pre: 0.5055 Re: 0.3281 Acc: 0.5284 F1: 0.3979
Epoch 12: Time: 0.5315 Cost: 24.1756 Pre: 0.5005 Re: 0.3388 Acc: 0.5253 F1: 0.4041
Epoch 13: Time: 0.5292 Cost: 23.9312 Pre: 0.5257 Re: 0.3906 Acc: 0.5431 F1: 0.4482
Epoch 14: Time: 0.5308 Cost: 23.2845 Pre: 0.5702 Re: 0.4935 Acc: 0.5827 F1: 0.5291
Epoch 15: Time: 0.5285 Cost: 21.4506 Pre: 0.6547 Re: 0.6942 Acc: 0.6808 F1: 0.6739
Epoch 16: Time: 0.5283 Cost: 19.0625 Pre: 0.6997 Re: 0.7410 Acc: 0.7259 F1: 0.7198
Epoch 17: Time: 0.5289 Cost: 17.5254 Pre: 0.7246 Re: 0.7914 Acc: 0.7580 F1: 0.7565
Epoch 18: Time: 0.5295 Cost: 15.7820 Pre: 0.7472 Re: 0.8273 Acc: 0.7850 F1: 0.7853
Epoch 19: Time: 0.5301 Cost: 13.7991 Pre: 0.7722 Re: 0.8777 Acc: 0.8189 F1: 0.8215
Epoch 20: Time: 0.5287 Cost: 12.0731 Pre: 0.7984 Re: 0.9201 Acc: 0.8517 F1: 0.8549


--------------------------------------------------------------------
Eval results: Cost:10.7012 Pre:0.7893 Re:0.9672 Acc:0.8659 F1:0.8692
--------------------------------------------------------------------

Epoch 21: Time: 0.5242 Cost: 10.7292 Pre: 0.8177 Re: 0.9489 Acc: 0.8753 F1: 0.8785
Epoch 22: Time: 0.5284 Cost: 9.7555 Pre: 0.8305 Re: 0.9763 Acc: 0.8941 F1: 0.8975
Epoch 23: Time: 0.5269 Cost: 9.0357 Pre: 0.8422 Re: 0.9942 Acc: 0.9087 F1: 0.9119
Epoch 24: Time: 0.5340 Cost: 8.5717 Pre: 0.8464 Re: 0.9993 Acc: 0.9135 F1: 0.9165
Epoch 25: Time: 0.5676 Cost: 8.1882 Pre: 0.8527 Re: 0.9993 Acc: 0.9176 F1: 0.9202
Epoch 26: Time: 0.5439 Cost: 7.8739 Pre: 0.8579 Re: 0.9993 Acc: 0.9211 F1: 0.9232
Epoch 27: Time: 0.5508 Cost: 7.5830 Pre: 0.8655 Re: 1.0000 Acc: 0.9262 F1: 0.9279
Epoch 28: Time: 0.5332 Cost: 7.3201 Pre: 0.8720 Re: 1.0000 Acc: 0.9303 F1: 0.9316
Epoch 29: Time: 0.5278 Cost: 7.0707 Pre: 0.8781 Re: 1.0000 Acc: 0.9340 F1: 0.9351
Epoch 30: Time: 0.5381 Cost: 6.8416 Pre: 0.8865 Re: 1.0000 Acc: 0.9392 F1: 0.9398


--------------------------------------------------------------------
Eval results: Cost:5.3023 Pre:0.9079 Re:1.0000 Acc:0.9532 F1:0.9517
--------------------------------------------------------------------

Epoch 31: Time: 0.5282 Cost: 6.6232 Pre: 0.8933 Re: 1.0000 Acc: 0.9433 F1: 0.9437
Epoch 32: Time: 0.5306 Cost: 6.4246 Pre: 0.8979 Re: 1.0000 Acc: 0.9460 F1: 0.9462
Epoch 33: Time: 0.5313 Cost: 6.2508 Pre: 0.9044 Re: 1.0000 Acc: 0.9498 F1: 0.9498
Epoch 34: Time: 0.5291 Cost: 6.0765 Pre: 0.9061 Re: 1.0000 Acc: 0.9508 F1: 0.9508
Epoch 35: Time: 0.6710 Cost: 5.9252 Pre: 0.9085 Re: 1.0000 Acc: 0.9522 F1: 0.9521
Epoch 36: Time: 0.5676 Cost: 5.7822 Pre: 0.9103 Re: 1.0000 Acc: 0.9532 F1: 0.9530
Epoch 37: Time: 0.5257 Cost: 5.6540 Pre: 0.9133 Re: 1.0000 Acc: 0.9549 F1: 0.9547
Epoch 38: Time: 0.5299 Cost: 5.5361 Pre: 0.9157 Re: 1.0000 Acc: 0.9563 F1: 0.9560
Epoch 39: Time: 0.5270 Cost: 5.4292 Pre: 0.9175 Re: 1.0000 Acc: 0.9573 F1: 0.9570
Epoch 40: Time: 0.5262 Cost: 5.3318 Pre: 0.9187 Re: 1.0000 Acc: 0.9580 F1: 0.9576


--------------------------------------------------------------------
Eval results: Cost:3.9653 Pre:0.9437 Re:1.0000 Acc:0.9725 F1:0.9710
--------------------------------------------------------------------

Epoch 41: Time: 0.5251 Cost: 5.2314 Pre: 0.9193 Re: 1.0000 Acc: 0.9583 F1: 0.9580
Epoch 42: Time: 0.5323 Cost: 5.1404 Pre: 0.9205 Re: 1.0000 Acc: 0.9590 F1: 0.9586
Epoch 43: Time: 0.5269 Cost: 5.0607 Pre: 0.9205 Re: 1.0000 Acc: 0.9590 F1: 0.9586
Epoch 44: Time: 0.6014 Cost: 4.9864 Pre: 0.9205 Re: 1.0000 Acc: 0.9590 F1: 0.9586
Epoch 45: Time: 0.5333 Cost: 4.9169 Pre: 0.9205 Re: 1.0000 Acc: 0.9590 F1: 0.9586
Epoch 46: Time: 0.5321 Cost: 4.8517 Pre: 0.9205 Re: 1.0000 Acc: 0.9590 F1: 0.9586
Epoch 47: Time: 0.5266 Cost: 4.7899 Pre: 0.9211 Re: 1.0000 Acc: 0.9593 F1: 0.9590
Epoch 48: Time: 0.5266 Cost: 4.7311 Pre: 0.9211 Re: 1.0000 Acc: 0.9593 F1: 0.9590
Epoch 49: Time: 0.5289 Cost: 4.6750 Pre: 0.9211 Re: 1.0000 Acc: 0.9593 F1: 0.9590
Epoch 50: Time: 0.5276 Cost: 4.6219 Pre: 0.9211 Re: 1.0000 Acc: 0.9593 F1: 0.9590


--------------------------------------------------------------------
Eval results: Cost:3.3692 Pre:0.9477 Re:1.0000 Acc:0.9746 F1:0.9731
--------------------------------------------------------------------

Epoch 51: Time: 0.5237 Cost: 4.5694 Pre: 0.9218 Re: 1.0000 Acc: 0.9597 F1: 0.9593
Epoch 52: Time: 0.5248 Cost: 4.5247 Pre: 0.9218 Re: 1.0000 Acc: 0.9597 F1: 0.9593
Epoch 53: Time: 0.5250 Cost: 4.4795 Pre: 0.9218 Re: 1.0000 Acc: 0.9597 F1: 0.9593
Epoch 54: Time: 0.5357 Cost: 4.4408 Pre: 0.9218 Re: 1.0000 Acc: 0.9597 F1: 0.9593
Epoch 55: Time: 0.5291 Cost: 4.4050 Pre: 0.9218 Re: 1.0000 Acc: 0.9597 F1: 0.9593
Epoch 56: Time: 0.5250 Cost: 4.3713 Pre: 0.9217 Re: 0.9993 Acc: 0.9593 F1: 0.9589
Epoch 57: Time: 0.5268 Cost: 4.3402 Pre: 0.9217 Re: 0.9993 Acc: 0.9593 F1: 0.9589
Epoch 58: Time: 0.5267 Cost: 4.3114 Pre: 0.9217 Re: 0.9993 Acc: 0.9593 F1: 0.9589
Epoch 59: Time: 0.5275 Cost: 4.2843 Pre: 0.9223 Re: 0.9993 Acc: 0.9597 F1: 0.9593
Epoch 60: Time: 0.5337 Cost: 4.2590 Pre: 0.9223 Re: 0.9993 Acc: 0.9597 F1: 0.9593


--------------------------------------------------------------------
Eval results: Cost:3.0629 Pre:0.9477 Re:1.0000 Acc:0.9746 F1:0.9731
--------------------------------------------------------------------

Epoch 61: Time: 0.5417 Cost: 4.2352 Pre: 0.9223 Re: 0.9993 Acc: 0.9597 F1: 0.9593
Epoch 62: Time: 0.5303 Cost: 4.2193 Pre: 0.9223 Re: 0.9993 Acc: 0.9597 F1: 0.9593
Epoch 63: Time: 0.5324 Cost: 4.1898 Pre: 0.9224 Re: 1.0000 Acc: 0.9600 F1: 0.9596
Epoch 64: Time: 0.5274 Cost: 4.1708 Pre: 0.9224 Re: 1.0000 Acc: 0.9600 F1: 0.9596
Epoch 65: Time: 0.5318 Cost: 4.1545 Pre: 0.9224 Re: 1.0000 Acc: 0.9600 F1: 0.9596
Epoch 66: Time: 0.5609 Cost: 4.1367 Pre: 0.9224 Re: 1.0000 Acc: 0.9600 F1: 0.9596
Epoch 67: Time: 0.5286 Cost: 4.1197 Pre: 0.9224 Re: 1.0000 Acc: 0.9600 F1: 0.9596
Epoch 68: Time: 0.5424 Cost: 4.1051 Pre: 0.9224 Re: 1.0000 Acc: 0.9600 F1: 0.9596
Epoch 69: Time: 0.5509 Cost: 4.0912 Pre: 0.9224 Re: 1.0000 Acc: 0.9600 F1: 0.9596
Epoch 70: Time: 0.5347 Cost: 4.0777 Pre: 0.9224 Re: 1.0000 Acc: 0.9600 F1: 0.9596


--------------------------------------------------------------------
Eval results: Cost:2.9102 Pre:0.9477 Re:1.0000 Acc:0.9746 F1:0.9731
--------------------------------------------------------------------

Epoch 71: Time: 0.5687 Cost: 4.0671 Pre: 0.9224 Re: 1.0000 Acc: 0.9600 F1: 0.9596
Epoch 72: Time: 0.5624 Cost: 4.0597 Pre: 0.9224 Re: 1.0000 Acc: 0.9600 F1: 0.9596
Epoch 73: Time: 0.5303 Cost: 4.0415 Pre: 0.9224 Re: 1.0000 Acc: 0.9600 F1: 0.9596
Epoch 74: Time: 0.5313 Cost: 4.0315 Pre: 0.9224 Re: 1.0000 Acc: 0.9600 F1: 0.9596
Epoch 75: Time: 0.5438 Cost: 4.0245 Pre: 0.9224 Re: 1.0000 Acc: 0.9600 F1: 0.9596
Epoch 76: Time: 0.5505 Cost: 4.0145 Pre: 0.9224 Re: 1.0000 Acc: 0.9600 F1: 0.9596
Epoch 77: Time: 0.5770 Cost: 4.0042 Pre: 0.9224 Re: 1.0000 Acc: 0.9600 F1: 0.9596
Epoch 78: Time: 0.5264 Cost: 3.9962 Pre: 0.9224 Re: 1.0000 Acc: 0.9600 F1: 0.9596
Epoch 79: Time: 0.5395 Cost: 3.9873 Pre: 0.9224 Re: 1.0000 Acc: 0.9600 F1: 0.9596
Epoch 80: Time: 0.5278 Cost: 3.9770 Pre: 0.9224 Re: 1.0000 Acc: 0.9600 F1: 0.9596


--------------------------------------------------------------------
Eval results: Cost:2.8398 Pre:0.9477 Re:1.0000 Acc:0.9746 F1:0.9731
--------------------------------------------------------------------

Epoch 81: Time: 0.5294 Cost: 3.9668 Pre: 0.9224 Re: 1.0000 Acc: 0.9600 F1: 0.9596
Epoch 82: Time: 0.5299 Cost: 3.9541 Pre: 0.9224 Re: 1.0000 Acc: 0.9600 F1: 0.9596
Epoch 83: Time: 0.5695 Cost: 3.9403 Pre: 0.9224 Re: 1.0000 Acc: 0.9600 F1: 0.9596
Epoch 84: Time: 0.5281 Cost: 3.9245 Pre: 0.9224 Re: 1.0000 Acc: 0.9600 F1: 0.9596
Epoch 85: Time: 0.5347 Cost: 3.9074 Pre: 0.9224 Re: 1.0000 Acc: 0.9600 F1: 0.9596
Epoch 86: Time: 0.5309 Cost: 3.8904 Pre: 0.9224 Re: 1.0000 Acc: 0.9600 F1: 0.9596
Epoch 87: Time: 0.6603 Cost: 3.8738 Pre: 0.9224 Re: 1.0000 Acc: 0.9600 F1: 0.9596
Epoch 88: Time: 0.5738 Cost: 3.8595 Pre: 0.9224 Re: 1.0000 Acc: 0.9600 F1: 0.9596
Epoch 89: Time: 0.5443 Cost: 3.8459 Pre: 0.9224 Re: 1.0000 Acc: 0.9600 F1: 0.9596
Epoch 90: Time: 0.5269 Cost: 3.8347 Pre: 0.9224 Re: 1.0000 Acc: 0.9600 F1: 0.9596


--------------------------------------------------------------------
Eval results: Cost:2.7824 Pre:0.9477 Re:1.0000 Acc:0.9746 F1:0.9731
--------------------------------------------------------------------

Epoch 91: Time: 0.5296 Cost: 3.8227 Pre: 0.9224 Re: 1.0000 Acc: 0.9600 F1: 0.9596
Epoch 92: Time: 0.5289 Cost: 3.8245 Pre: 0.9224 Re: 1.0000 Acc: 0.9600 F1: 0.9596
Epoch 93: Time: 0.5286 Cost: 3.8083 Pre: 0.9224 Re: 1.0000 Acc: 0.9600 F1: 0.9596
Epoch 94: Time: 0.5278 Cost: 3.8093 Pre: 0.9224 Re: 1.0000 Acc: 0.9600 F1: 0.9596
Epoch 95: Time: 0.5274 Cost: 3.7956 Pre: 0.9224 Re: 1.0000 Acc: 0.9600 F1: 0.9596
Epoch 96: Time: 0.5473 Cost: 3.7950 Pre: 0.9224 Re: 1.0000 Acc: 0.9600 F1: 0.9596
Epoch 97: Time: 0.5241 Cost: 3.7844 Pre: 0.9224 Re: 1.0000 Acc: 0.9600 F1: 0.9596
Epoch 98: Time: 0.5332 Cost: 3.7824 Pre: 0.9224 Re: 1.0000 Acc: 0.9600 F1: 0.9596
Epoch 99: Time: 0.5243 Cost: 3.7741 Pre: 0.9224 Re: 1.0000 Acc: 0.9600 F1: 0.9596
Epoch 100: Time: 0.5287 Cost: 3.7716 Pre: 0.9224 Re: 1.0000 Acc: 0.9600 F1: 0.9596


--------------------------------------------------------------------
Eval results: Cost:2.7501 Pre:0.9477 Re:1.0000 Acc:0.9746 F1:0.9731
--------------------------------------------------------------------

Epoch 101: Time: 0.5275 Cost: 3.7632 Pre: 0.9224 Re: 1.0000 Acc: 0.9600 F1: 0.9596
Epoch 102: Time: 0.5288 Cost: 3.7636 Pre: 0.9224 Re: 1.0000 Acc: 0.9600 F1: 0.9596
Epoch 103: Time: 0.5280 Cost: 3.7622 Pre: 0.9224 Re: 1.0000 Acc: 0.9600 F1: 0.9596
Epoch 104: Time: 0.5268 Cost: 3.7596 Pre: 0.9224 Re: 1.0000 Acc: 0.9600 F1: 0.9596
Epoch 105: Time: 0.5288 Cost: 3.7552 Pre: 0.9224 Re: 1.0000 Acc: 0.9600 F1: 0.9596
Epoch 106: Time: 0.5268 Cost: 3.7524 Pre: 0.9224 Re: 1.0000 Acc: 0.9600 F1: 0.9596
Epoch 107: Time: 0.5300 Cost: 3.7491 Pre: 0.9224 Re: 1.0000 Acc: 0.9600 F1: 0.9596
Epoch 108: Time: 0.5287 Cost: 3.7466 Pre: 0.9224 Re: 1.0000 Acc: 0.9600 F1: 0.9596
Epoch 109: Time: 0.5512 Cost: 3.7440 Pre: 0.9224 Re: 1.0000 Acc: 0.9600 F1: 0.9596
Epoch 110: Time: 0.5281 Cost: 3.7419 Pre: 0.9224 Re: 1.0000 Acc: 0.9600 F1: 0.9596


--------------------------------------------------------------------
Eval results: Cost:2.7185 Pre:0.9477 Re:1.0000 Acc:0.9746 F1:0.9731
--------------------------------------------------------------------

Epoch 111: Time: 0.5302 Cost: 3.7376 Pre: 0.9224 Re: 1.0000 Acc: 0.9600 F1: 0.9596
Epoch 112: Time: 0.5283 Cost: 3.7346 Pre: 0.9224 Re: 1.0000 Acc: 0.9600 F1: 0.9596
Epoch 113: Time: 0.5421 Cost: 3.7376 Pre: 0.9224 Re: 1.0000 Acc: 0.9600 F1: 0.9596
Epoch 114: Time: 0.5423 Cost: 3.7351 Pre: 0.9224 Re: 1.0000 Acc: 0.9600 F1: 0.9596
Epoch 115: Time: 0.5356 Cost: 3.7343 Pre: 0.9224 Re: 1.0000 Acc: 0.9600 F1: 0.9596
Epoch 116: Time: 0.5336 Cost: 3.7326 Pre: 0.9224 Re: 1.0000 Acc: 0.9600 F1: 0.9596
Epoch 117: Time: 0.7079 Cost: 3.7309 Pre: 0.9224 Re: 1.0000 Acc: 0.9600 F1: 0.9596
Epoch 118: Time: 0.9024 Cost: 3.7293 Pre: 0.9224 Re: 1.0000 Acc: 0.9600 F1: 0.9596
Epoch 119: Time: 0.9415 Cost: 3.7280 Pre: 0.9224 Re: 1.0000 Acc: 0.9600 F1: 0.9596
Epoch 120: Time: 0.6198 Cost: 3.7267 Pre: 0.9224 Re: 1.0000 Acc: 0.9600 F1: 0.9596


--------------------------------------------------------------------
Eval results: Cost:2.7029 Pre:0.9477 Re:1.0000 Acc:0.9746 F1:0.9731
--------------------------------------------------------------------

Epoch 121: Time: 0.5593 Cost: 3.7245 Pre: 0.9224 Re: 1.0000 Acc: 0.9600 F1: 0.9596
Epoch 122: Time: 0.5551 Cost: 3.7223 Pre: 0.9224 Re: 1.0000 Acc: 0.9600 F1: 0.9596
Epoch 123: Time: 0.5271 Cost: 3.7243 Pre: 0.9224 Re: 1.0000 Acc: 0.9600 F1: 0.9596
Epoch 124: Time: 0.5308 Cost: 3.7228 Pre: 0.9224 Re: 1.0000 Acc: 0.9600 F1: 0.9596
Epoch 125: Time: 0.5313 Cost: 3.7220 Pre: 0.9224 Re: 1.0000 Acc: 0.9600 F1: 0.9596
Epoch 126: Time: 0.6096 Cost: 3.7208 Pre: 0.9224 Re: 1.0000 Acc: 0.9600 F1: 0.9596
Epoch 127: Time: 0.5454 Cost: 3.7199 Pre: 0.9224 Re: 1.0000 Acc: 0.9600 F1: 0.9596
Epoch 128: Time: 0.5331 Cost: 3.7190 Pre: 0.9224 Re: 1.0000 Acc: 0.9600 F1: 0.9596
Epoch 129: Time: 0.5410 Cost: 3.7183 Pre: 0.9224 Re: 1.0000 Acc: 0.9600 F1: 0.9596
Epoch 130: Time: 0.5303 Cost: 3.7175 Pre: 0.9224 Re: 1.0000 Acc: 0.9600 F1: 0.9596


--------------------------------------------------------------------
Eval results: Cost:2.6960 Pre:0.9477 Re:1.0000 Acc:0.9746 F1:0.9731
--------------------------------------------------------------------

Epoch 131: Time: 0.5299 Cost: 3.7159 Pre: 0.9224 Re: 1.0000 Acc: 0.9600 F1: 0.9596
Epoch 132: Time: 0.5313 Cost: 3.7146 Pre: 0.9224 Re: 1.0000 Acc: 0.9600 F1: 0.9596
Epoch 133: Time: 0.5413 Cost: 3.7157 Pre: 0.9224 Re: 1.0000 Acc: 0.9600 F1: 0.9596
Epoch 134: Time: 0.5310 Cost: 3.7151 Pre: 0.9224 Re: 1.0000 Acc: 0.9600 F1: 0.9596
Epoch 135: Time: 0.5317 Cost: 3.7143 Pre: 0.9224 Re: 1.0000 Acc: 0.9600 F1: 0.9596
Epoch 136: Time: 0.5339 Cost: 3.7136 Pre: 0.9224 Re: 1.0000 Acc: 0.9600 F1: 0.9596
Epoch 137: Time: 0.5399 Cost: 3.7130 Pre: 0.9224 Re: 1.0000 Acc: 0.9600 F1: 0.9596
Epoch 138: Time: 0.5317 Cost: 3.7124 Pre: 0.9224 Re: 1.0000 Acc: 0.9600 F1: 0.9596
Epoch 139: Time: 0.5278 Cost: 3.7119 Pre: 0.9224 Re: 1.0000 Acc: 0.9600 F1: 0.9596
Epoch 140: Time: 0.5284 Cost: 3.7113 Pre: 0.9224 Re: 1.0000 Acc: 0.9600 F1: 0.9596


--------------------------------------------------------------------
Eval results: Cost:2.6924 Pre:0.9477 Re:1.0000 Acc:0.9746 F1:0.9731
--------------------------------------------------------------------

Epoch 141: Time: 0.5303 Cost: 3.7096 Pre: 0.9224 Re: 1.0000 Acc: 0.9600 F1: 0.9596
Epoch 142: Time: 0.5290 Cost: 3.7090 Pre: 0.9224 Re: 1.0000 Acc: 0.9600 F1: 0.9596
Epoch 143: Time: 0.5263 Cost: 3.7095 Pre: 0.9224 Re: 1.0000 Acc: 0.9600 F1: 0.9596
Epoch 144: Time: 0.5266 Cost: 3.7094 Pre: 0.9224 Re: 1.0000 Acc: 0.9600 F1: 0.9596
Epoch 145: Time: 0.5293 Cost: 3.7090 Pre: 0.9224 Re: 1.0000 Acc: 0.9600 F1: 0.9596
Epoch 146: Time: 0.5310 Cost: 3.7086 Pre: 0.9224 Re: 1.0000 Acc: 0.9600 F1: 0.9596
Epoch 147: Time: 0.5846 Cost: 3.7081 Pre: 0.9224 Re: 1.0000 Acc: 0.9600 F1: 0.9596
Epoch 148: Time: 0.6516 Cost: 3.7075 Pre: 0.9224 Re: 1.0000 Acc: 0.9600 F1: 0.9596
Epoch 149: Time: 0.5797 Cost: 3.7070 Pre: 0.9224 Re: 1.0000 Acc: 0.9600 F1: 0.9596
Epoch 150: Time: 0.5440 Cost: 3.7066 Pre: 0.9224 Re: 1.0000 Acc: 0.9600 F1: 0.9596


--------------------------------------------------------------------
Eval results: Cost:2.6936 Pre:0.9477 Re:1.0000 Acc:0.9746 F1:0.9731
--------------------------------------------------------------------

Epoch 151: Time: 0.5272 Cost: 3.7048 Pre: 0.9224 Re: 1.0000 Acc: 0.9600 F1: 0.9596
Epoch 152: Time: 0.5268 Cost: 3.7046 Pre: 0.9224 Re: 1.0000 Acc: 0.9600 F1: 0.9596
Epoch 153: Time: 0.5281 Cost: 3.7047 Pre: 0.9224 Re: 1.0000 Acc: 0.9600 F1: 0.9596
Epoch 154: Time: 0.5284 Cost: 3.7049 Pre: 0.9224 Re: 1.0000 Acc: 0.9600 F1: 0.9596
Epoch 155: Time: 0.5308 Cost: 3.7048 Pre: 0.9224 Re: 1.0000 Acc: 0.9600 F1: 0.9596
Epoch 156: Time: 0.5282 Cost: 3.7045 Pre: 0.9224 Re: 1.0000 Acc: 0.9600 F1: 0.9596
Epoch 157: Time: 0.5317 Cost: 3.7042 Pre: 0.9224 Re: 1.0000 Acc: 0.9600 F1: 0.9596
Epoch 158: Time: 0.5297 Cost: 3.7039 Pre: 0.9224 Re: 1.0000 Acc: 0.9600 F1: 0.9596
Epoch 159: Time: 0.5311 Cost: 3.7032 Pre: 0.9224 Re: 1.0000 Acc: 0.9600 F1: 0.9596
Epoch 160: Time: 0.5295 Cost: 3.7024 Pre: 0.9224 Re: 1.0000 Acc: 0.9600 F1: 0.9596


--------------------------------------------------------------------
Eval results: Cost:2.7099 Pre:0.9463 Re:1.0000 Acc:0.9739 F1:0.9724
--------------------------------------------------------------------

Epoch 161: Time: 0.5274 Cost: 3.7008 Pre: 0.9224 Re: 1.0000 Acc: 0.9600 F1: 0.9596
Epoch 162: Time: 0.5286 Cost: 3.7006 Pre: 0.9224 Re: 1.0000 Acc: 0.9600 F1: 0.9596
Epoch 163: Time: 0.5290 Cost: 3.7007 Pre: 0.9224 Re: 1.0000 Acc: 0.9600 F1: 0.9596
Epoch 164: Time: 0.5430 Cost: 3.7009 Pre: 0.9224 Re: 1.0000 Acc: 0.9600 F1: 0.9596
Epoch 165: Time: 0.5269 Cost: 3.7007 Pre: 0.9224 Re: 1.0000 Acc: 0.9600 F1: 0.9596
Epoch 166: Time: 0.5321 Cost: 3.7005 Pre: 0.9224 Re: 1.0000 Acc: 0.9600 F1: 0.9596
Epoch 167: Time: 0.5294 Cost: 3.7003 Pre: 0.9224 Re: 1.0000 Acc: 0.9600 F1: 0.9596
Epoch 168: Time: 0.5330 Cost: 3.6996 Pre: 0.9224 Re: 1.0000 Acc: 0.9600 F1: 0.9596
Epoch 169: Time: 0.5268 Cost: 3.6986 Pre: 0.9224 Re: 1.0000 Acc: 0.9600 F1: 0.9596
Epoch 170: Time: 0.5285 Cost: 3.6983 Pre: 0.9224 Re: 1.0000 Acc: 0.9600 F1: 0.9596


--------------------------------------------------------------------
Eval results: Cost:2.7197 Pre:0.9463 Re:1.0000 Acc:0.9739 F1:0.9724
--------------------------------------------------------------------

Epoch 171: Time: 0.5282 Cost: 3.6966 Pre: 0.9224 Re: 1.0000 Acc: 0.9600 F1: 0.9596
Epoch 172: Time: 0.5316 Cost: 3.6958 Pre: 0.9224 Re: 1.0000 Acc: 0.9600 F1: 0.9596
Epoch 173: Time: 0.5292 Cost: 3.6958 Pre: 0.9224 Re: 1.0000 Acc: 0.9600 F1: 0.9596
Epoch 174: Time: 0.5273 Cost: 3.6955 Pre: 0.9224 Re: 1.0000 Acc: 0.9600 F1: 0.9596
Epoch 175: Time: 0.5291 Cost: 3.6951 Pre: 0.9224 Re: 1.0000 Acc: 0.9600 F1: 0.9596
Epoch 176: Time: 0.5293 Cost: 3.6944 Pre: 0.9224 Re: 1.0000 Acc: 0.9600 F1: 0.9596
Epoch 177: Time: 0.5333 Cost: 3.6930 Pre: 0.9224 Re: 1.0000 Acc: 0.9600 F1: 0.9596
Epoch 178: Time: 0.5269 Cost: 3.6918 Pre: 0.9224 Re: 1.0000 Acc: 0.9600 F1: 0.9596
Epoch 179: Time: 0.5279 Cost: 3.6915 Pre: 0.9224 Re: 1.0000 Acc: 0.9600 F1: 0.9596
Epoch 180: Time: 0.5394 Cost: 3.6911 Pre: 0.9224 Re: 1.0000 Acc: 0.9600 F1: 0.9596


--------------------------------------------------------------------
Eval results: Cost:2.7210 Pre:0.9463 Re:1.0000 Acc:0.9739 F1:0.9724
--------------------------------------------------------------------

Epoch 181: Time: 0.5451 Cost: 3.6877 Pre: 0.9224 Re: 1.0000 Acc: 0.9600 F1: 0.9596
Epoch 182: Time: 0.5264 Cost: 3.6867 Pre: 0.9224 Re: 1.0000 Acc: 0.9600 F1: 0.9596
Epoch 183: Time: 0.5311 Cost: 3.6856 Pre: 0.9224 Re: 1.0000 Acc: 0.9600 F1: 0.9596
Epoch 184: Time: 0.5323 Cost: 3.6844 Pre: 0.9224 Re: 1.0000 Acc: 0.9600 F1: 0.9596
Epoch 185: Time: 0.5352 Cost: 3.6844 Pre: 0.9224 Re: 1.0000 Acc: 0.9600 F1: 0.9596
Epoch 186: Time: 0.5312 Cost: 3.6837 Pre: 0.9224 Re: 1.0000 Acc: 0.9600 F1: 0.9596
Epoch 187: Time: 0.5274 Cost: 3.6804 Pre: 0.9224 Re: 1.0000 Acc: 0.9600 F1: 0.9596
Epoch 188: Time: 0.5336 Cost: 3.6789 Pre: 0.9224 Re: 1.0000 Acc: 0.9600 F1: 0.9596
Epoch 189: Time: 0.5278 Cost: 3.6796 Pre: 0.9224 Re: 1.0000 Acc: 0.9600 F1: 0.9596
Epoch 190: Time: 0.5262 Cost: 3.6790 Pre: 0.9224 Re: 1.0000 Acc: 0.9600 F1: 0.9596


--------------------------------------------------------------------
Eval results: Cost:2.7304 Pre:0.9463 Re:1.0000 Acc:0.9739 F1:0.9724
--------------------------------------------------------------------

Early stopping...
--------------------------------------------------------------------
--------------------------------------------------------------------
Test 4332 samples take time: 1.7640
FN id:
[4282]
FP id:
[  65  127  164  167  176  185  193  263  265  268  269  275  323  352  353
  394  408  411  465  483  533  540  578  580  609  631  696  731  736  752
  769  773  804  847  889  907  933  945 1023 1033 1053 1130 1142 1193 1203
 1236 1374 1404 1550 1566 1576 1610 1620 1624 1638 1644 1657 1740 1750 1804
 1819 1832 1837 1889 1943 1947 1954 1974 2069 2089 2164 2193 2271 2278 2330
 2352 2354 2359 2381 2405 2484 2531 2544 2582 2631 2681 2703 2740 2782 2819
 2841 2932 2981 3066 3076 3147 3149 3183 3205 3252 3344 3369 3414 3421 3453
 3465 3613 3636 3652 3709 3840 3885 3912 3952 3974 4008 4070 4131 4231 4290]
Test results: Cost:2.8353 Pre:0.9429 Re:0.9995 Acc:0.9721 F1:0.9704
--------------------------------------------------------------------

