Load data
RNN type: O2 Grammar: g3 Seed: 2
Model total parameters: 4232
Saving hinit ... 

Epoch 0: Time: 0.8524 Cost: 24.5990 Pre: 0.5045 Re: 0.3655 Acc: 0.5280 F1: 0.4239


--------------------------------------------------------------------
Eval results: Cost:23.0614 Pre:0.5243 Re:0.5955 Acc:0.5646 F1:0.5577
--------------------------------------------------------------------

Epoch 1: Time: 0.7741 Cost: 22.6428 Pre: 0.5638 Re: 0.8165 Acc: 0.6128 F1: 0.6671
Epoch 2: Time: 0.7706 Cost: 22.0432 Pre: 0.5887 Re: 0.7187 Acc: 0.6278 F1: 0.6472
Epoch 3: Time: 0.8478 Cost: 21.6131 Pre: 0.6124 Re: 0.8230 Acc: 0.6685 F1: 0.7023
Epoch 4: Time: 0.8186 Cost: 21.0658 Pre: 0.6375 Re: 0.8288 Acc: 0.6948 F1: 0.7207
Epoch 5: Time: 0.7669 Cost: 20.3845 Pre: 0.6487 Re: 0.8144 Acc: 0.7023 F1: 0.7222
Epoch 6: Time: 0.7672 Cost: 19.6536 Pre: 0.6545 Re: 0.8014 Acc: 0.7047 F1: 0.7206
Epoch 7: Time: 0.8302 Cost: 18.9844 Pre: 0.6928 Re: 0.7770 Acc: 0.7303 F1: 0.7325
Epoch 8: Time: 0.7746 Cost: 18.2733 Pre: 0.6983 Re: 0.7676 Acc: 0.7321 F1: 0.7313
Epoch 9: Time: 0.7683 Cost: 17.2503 Pre: 0.7076 Re: 0.7676 Acc: 0.7389 F1: 0.7364
Epoch 10: Time: 0.7851 Cost: 15.5929 Pre: 0.7490 Re: 0.8029 Acc: 0.7785 F1: 0.7750


--------------------------------------------------------------------
Eval results: Cost:15.3829 Pre:0.7420 Re:0.8284 Acc:0.7882 F1:0.7828
--------------------------------------------------------------------

Epoch 11: Time: 0.7580 Cost: 13.0743 Pre: 0.8063 Re: 0.8835 Acc: 0.8438 F1: 0.8431
Epoch 12: Time: 0.7633 Cost: 8.4941 Pre: 0.8962 Re: 0.9813 Acc: 0.9371 F1: 0.9368
Epoch 13: Time: 0.7546 Cost: 3.6237 Pre: 0.9851 Re: 0.9986 Acc: 0.9921 F1: 0.9918
Epoch 14: Time: 0.7591 Cost: 1.5845 Pre: 0.9986 Re: 0.9993 Acc: 0.9990 F1: 0.9989
Epoch 15: Time: 0.7532 Cost: 0.8726 Pre: 0.9993 Re: 1.0000 Acc: 0.9997 F1: 0.9996
Epoch 16: Time: 0.7685 Cost: 0.5342 Pre: 0.9993 Re: 1.0000 Acc: 0.9997 F1: 0.9996
Epoch 17: Time: 0.7577 Cost: 0.3422 Pre: 0.9993 Re: 1.0000 Acc: 0.9997 F1: 0.9996
Epoch 18: Time: 0.7663 Cost: 0.2247 Pre: 0.9993 Re: 1.0000 Acc: 0.9997 F1: 0.9996
Epoch 19: Time: 0.7892 Cost: 0.1514 Pre: 1.0000 Re: 1.0000 Acc: 1.0000 F1: 1.0000
Epoch 20: Time: 0.7550 Cost: 0.1057 Pre: 1.0000 Re: 1.0000 Acc: 1.0000 F1: 1.0000


--------------------------------------------------------------------
Eval results: Cost:0.0821 Pre:1.0000 Re:1.0000 Acc:1.0000 F1:1.0000
--------------------------------------------------------------------

Epoch 21: Time: 0.7556 Cost: 0.0758 Pre: 1.0000 Re: 1.0000 Acc: 1.0000 F1: 1.0000
Epoch 22: Time: 0.7915 Cost: 0.0558 Pre: 1.0000 Re: 1.0000 Acc: 1.0000 F1: 1.0000
Epoch 23: Time: 0.7740 Cost: 0.0433 Pre: 1.0000 Re: 1.0000 Acc: 1.0000 F1: 1.0000
Epoch 24: Time: 0.7719 Cost: 0.0351 Pre: 1.0000 Re: 1.0000 Acc: 1.0000 F1: 1.0000
Epoch 25: Time: 0.7591 Cost: 0.0292 Pre: 1.0000 Re: 1.0000 Acc: 1.0000 F1: 1.0000
Epoch 26: Time: 0.7550 Cost: 0.0249 Pre: 1.0000 Re: 1.0000 Acc: 1.0000 F1: 1.0000
Epoch 27: Time: 0.7604 Cost: 0.0217 Pre: 1.0000 Re: 1.0000 Acc: 1.0000 F1: 1.0000
Epoch 28: Time: 0.7544 Cost: 0.0191 Pre: 1.0000 Re: 1.0000 Acc: 1.0000 F1: 1.0000
Epoch 29: Time: 0.7698 Cost: 0.0171 Pre: 1.0000 Re: 1.0000 Acc: 1.0000 F1: 1.0000
Epoch 30: Time: 0.7535 Cost: 0.0154 Pre: 1.0000 Re: 1.0000 Acc: 1.0000 F1: 1.0000


--------------------------------------------------------------------
Eval results: Cost:0.0153 Pre:1.0000 Re:1.0000 Acc:1.0000 F1:1.0000
--------------------------------------------------------------------

Epoch 31: Time: 0.7562 Cost: 0.0141 Pre: 1.0000 Re: 1.0000 Acc: 1.0000 F1: 1.0000
Epoch 32: Time: 0.7565 Cost: 0.0129 Pre: 1.0000 Re: 1.0000 Acc: 1.0000 F1: 1.0000
Epoch 33: Time: 0.7530 Cost: 0.0119 Pre: 1.0000 Re: 1.0000 Acc: 1.0000 F1: 1.0000
Epoch 34: Time: 0.7570 Cost: 0.0111 Pre: 1.0000 Re: 1.0000 Acc: 1.0000 F1: 1.0000
Epoch 35: Time: 0.7555 Cost: 0.0103 Pre: 1.0000 Re: 1.0000 Acc: 1.0000 F1: 1.0000
Epoch 36: Time: 0.7552 Cost: 0.0097 Pre: 1.0000 Re: 1.0000 Acc: 1.0000 F1: 1.0000
Epoch 37: Time: 0.7541 Cost: 0.0091 Pre: 1.0000 Re: 1.0000 Acc: 1.0000 F1: 1.0000
Epoch 38: Time: 0.7566 Cost: 0.0085 Pre: 1.0000 Re: 1.0000 Acc: 1.0000 F1: 1.0000
Epoch 39: Time: 0.7557 Cost: 0.0081 Pre: 1.0000 Re: 1.0000 Acc: 1.0000 F1: 1.0000
Epoch 40: Time: 0.7572 Cost: 0.0076 Pre: 1.0000 Re: 1.0000 Acc: 1.0000 F1: 1.0000


--------------------------------------------------------------------
Eval results: Cost:0.0081 Pre:1.0000 Re:1.0000 Acc:1.0000 F1:1.0000
--------------------------------------------------------------------

Epoch 41: Time: 0.7569 Cost: 0.0073 Pre: 1.0000 Re: 1.0000 Acc: 1.0000 F1: 1.0000
Epoch 42: Time: 0.7601 Cost: 0.0069 Pre: 1.0000 Re: 1.0000 Acc: 1.0000 F1: 1.0000
Epoch 43: Time: 0.7531 Cost: 0.0066 Pre: 1.0000 Re: 1.0000 Acc: 1.0000 F1: 1.0000
Epoch 44: Time: 0.7575 Cost: 0.0063 Pre: 1.0000 Re: 1.0000 Acc: 1.0000 F1: 1.0000
Epoch 45: Time: 0.8346 Cost: 0.0060 Pre: 1.0000 Re: 1.0000 Acc: 1.0000 F1: 1.0000
Epoch 46: Time: 0.7912 Cost: 0.0058 Pre: 1.0000 Re: 1.0000 Acc: 1.0000 F1: 1.0000
Epoch 47: Time: 0.7560 Cost: 0.0055 Pre: 1.0000 Re: 1.0000 Acc: 1.0000 F1: 1.0000
Epoch 48: Time: 0.7535 Cost: 0.0053 Pre: 1.0000 Re: 1.0000 Acc: 1.0000 F1: 1.0000
Epoch 49: Time: 0.7552 Cost: 0.0051 Pre: 1.0000 Re: 1.0000 Acc: 1.0000 F1: 1.0000
Epoch 50: Time: 0.7571 Cost: 0.0049 Pre: 1.0000 Re: 1.0000 Acc: 1.0000 F1: 1.0000


--------------------------------------------------------------------
Eval results: Cost:0.0054 Pre:1.0000 Re:1.0000 Acc:1.0000 F1:1.0000
--------------------------------------------------------------------

Epoch 51: Time: 0.7564 Cost: 0.0047 Pre: 1.0000 Re: 1.0000 Acc: 1.0000 F1: 1.0000
Epoch 52: Time: 0.7576 Cost: 0.0046 Pre: 1.0000 Re: 1.0000 Acc: 1.0000 F1: 1.0000
Epoch 53: Time: 0.7685 Cost: 0.0044 Pre: 1.0000 Re: 1.0000 Acc: 1.0000 F1: 1.0000
Epoch 54: Time: 0.7516 Cost: 0.0043 Pre: 1.0000 Re: 1.0000 Acc: 1.0000 F1: 1.0000
Epoch 55: Time: 0.7648 Cost: 0.0041 Pre: 1.0000 Re: 1.0000 Acc: 1.0000 F1: 1.0000
Epoch 56: Time: 0.7661 Cost: 0.0040 Pre: 1.0000 Re: 1.0000 Acc: 1.0000 F1: 1.0000
Epoch 57: Time: 0.7552 Cost: 0.0039 Pre: 1.0000 Re: 1.0000 Acc: 1.0000 F1: 1.0000
Epoch 58: Time: 0.7526 Cost: 0.0038 Pre: 1.0000 Re: 1.0000 Acc: 1.0000 F1: 1.0000
Epoch 59: Time: 0.7567 Cost: 0.0037 Pre: 1.0000 Re: 1.0000 Acc: 1.0000 F1: 1.0000
Epoch 60: Time: 0.7680 Cost: 0.0035 Pre: 1.0000 Re: 1.0000 Acc: 1.0000 F1: 1.0000


--------------------------------------------------------------------
Eval results: Cost:0.0039 Pre:1.0000 Re:1.0000 Acc:1.0000 F1:1.0000
--------------------------------------------------------------------

Epoch 61: Time: 0.7545 Cost: 0.0034 Pre: 1.0000 Re: 1.0000 Acc: 1.0000 F1: 1.0000
Epoch 62: Time: 0.7616 Cost: 0.0034 Pre: 1.0000 Re: 1.0000 Acc: 1.0000 F1: 1.0000
Epoch 63: Time: 0.7569 Cost: 0.0033 Pre: 1.0000 Re: 1.0000 Acc: 1.0000 F1: 1.0000
Epoch 64: Time: 0.7630 Cost: 0.0032 Pre: 1.0000 Re: 1.0000 Acc: 1.0000 F1: 1.0000
Epoch 65: Time: 0.7643 Cost: 0.0031 Pre: 1.0000 Re: 1.0000 Acc: 1.0000 F1: 1.0000
Epoch 66: Time: 0.7571 Cost: 0.0030 Pre: 1.0000 Re: 1.0000 Acc: 1.0000 F1: 1.0000
Epoch 67: Time: 0.7612 Cost: 0.0029 Pre: 1.0000 Re: 1.0000 Acc: 1.0000 F1: 1.0000
Epoch 68: Time: 0.7955 Cost: 0.0029 Pre: 1.0000 Re: 1.0000 Acc: 1.0000 F1: 1.0000
Epoch 69: Time: 0.8145 Cost: 0.0028 Pre: 1.0000 Re: 1.0000 Acc: 1.0000 F1: 1.0000
Epoch 70: Time: 0.7585 Cost: 0.0027 Pre: 1.0000 Re: 1.0000 Acc: 1.0000 F1: 1.0000


--------------------------------------------------------------------
Eval results: Cost:0.0030 Pre:1.0000 Re:1.0000 Acc:1.0000 F1:1.0000
--------------------------------------------------------------------

Epoch 71: Time: 0.7514 Cost: 0.0027 Pre: 1.0000 Re: 1.0000 Acc: 1.0000 F1: 1.0000
Epoch 72: Time: 0.7555 Cost: 0.0026 Pre: 1.0000 Re: 1.0000 Acc: 1.0000 F1: 1.0000
Epoch 73: Time: 0.7574 Cost: 0.0026 Pre: 1.0000 Re: 1.0000 Acc: 1.0000 F1: 1.0000
Epoch 74: Time: 0.7554 Cost: 0.0025 Pre: 1.0000 Re: 1.0000 Acc: 1.0000 F1: 1.0000
Epoch 75: Time: 0.7569 Cost: 0.0025 Pre: 1.0000 Re: 1.0000 Acc: 1.0000 F1: 1.0000
Epoch 76: Time: 0.7534 Cost: 0.0024 Pre: 1.0000 Re: 1.0000 Acc: 1.0000 F1: 1.0000
Epoch 77: Time: 0.8269 Cost: 0.0024 Pre: 1.0000 Re: 1.0000 Acc: 1.0000 F1: 1.0000
Epoch 78: Time: 0.8005 Cost: 0.0023 Pre: 1.0000 Re: 1.0000 Acc: 1.0000 F1: 1.0000
Epoch 79: Time: 0.7637 Cost: 0.0023 Pre: 1.0000 Re: 1.0000 Acc: 1.0000 F1: 1.0000
Epoch 80: Time: 0.7518 Cost: 0.0022 Pre: 1.0000 Re: 1.0000 Acc: 1.0000 F1: 1.0000


--------------------------------------------------------------------
Eval results: Cost:0.0025 Pre:1.0000 Re:1.0000 Acc:1.0000 F1:1.0000
--------------------------------------------------------------------

Epoch 81: Time: 0.7568 Cost: 0.0022 Pre: 1.0000 Re: 1.0000 Acc: 1.0000 F1: 1.0000
Epoch 82: Time: 0.7540 Cost: 0.0021 Pre: 1.0000 Re: 1.0000 Acc: 1.0000 F1: 1.0000
Epoch 83: Time: 0.7564 Cost: 0.0021 Pre: 1.0000 Re: 1.0000 Acc: 1.0000 F1: 1.0000
Epoch 84: Time: 0.7576 Cost: 0.0021 Pre: 1.0000 Re: 1.0000 Acc: 1.0000 F1: 1.0000
Epoch 85: Time: 0.7555 Cost: 0.0020 Pre: 1.0000 Re: 1.0000 Acc: 1.0000 F1: 1.0000
Epoch 86: Time: 0.7528 Cost: 0.0020 Pre: 1.0000 Re: 1.0000 Acc: 1.0000 F1: 1.0000
Epoch 87: Time: 0.7560 Cost: 0.0019 Pre: 1.0000 Re: 1.0000 Acc: 1.0000 F1: 1.0000
Epoch 88: Time: 0.7569 Cost: 0.0019 Pre: 1.0000 Re: 1.0000 Acc: 1.0000 F1: 1.0000
Epoch 89: Time: 0.7554 Cost: 0.0019 Pre: 1.0000 Re: 1.0000 Acc: 1.0000 F1: 1.0000
Epoch 90: Time: 0.7666 Cost: 0.0018 Pre: 1.0000 Re: 1.0000 Acc: 1.0000 F1: 1.0000


--------------------------------------------------------------------
Eval results: Cost:0.0021 Pre:1.0000 Re:1.0000 Acc:1.0000 F1:1.0000
--------------------------------------------------------------------

Epoch 91: Time: 0.7602 Cost: 0.0018 Pre: 1.0000 Re: 1.0000 Acc: 1.0000 F1: 1.0000
Epoch 92: Time: 0.7568 Cost: 0.0018 Pre: 1.0000 Re: 1.0000 Acc: 1.0000 F1: 1.0000
Epoch 93: Time: 0.7533 Cost: 0.0018 Pre: 1.0000 Re: 1.0000 Acc: 1.0000 F1: 1.0000
Epoch 94: Time: 0.7554 Cost: 0.0017 Pre: 1.0000 Re: 1.0000 Acc: 1.0000 F1: 1.0000
Epoch 95: Time: 0.7543 Cost: 0.0017 Pre: 1.0000 Re: 1.0000 Acc: 1.0000 F1: 1.0000
Epoch 96: Time: 0.7557 Cost: 0.0017 Pre: 1.0000 Re: 1.0000 Acc: 1.0000 F1: 1.0000
Epoch 97: Time: 0.7603 Cost: 0.0017 Pre: 1.0000 Re: 1.0000 Acc: 1.0000 F1: 1.0000
Epoch 98: Time: 0.7951 Cost: 0.0016 Pre: 1.0000 Re: 1.0000 Acc: 1.0000 F1: 1.0000
Epoch 99: Time: 0.7559 Cost: 0.0016 Pre: 1.0000 Re: 1.0000 Acc: 1.0000 F1: 1.0000
Epoch 100: Time: 0.7556 Cost: 0.0016 Pre: 1.0000 Re: 1.0000 Acc: 1.0000 F1: 1.0000


--------------------------------------------------------------------
Eval results: Cost:0.0018 Pre:1.0000 Re:1.0000 Acc:1.0000 F1:1.0000
--------------------------------------------------------------------

Early stopping...
--------------------------------------------------------------------
--------------------------------------------------------------------
Test 4332 samples take time: 2.1894
Test results: Cost:0.0013 Pre:1.0000 Re:1.0000 Acc:1.0000 F1:1.0000
--------------------------------------------------------------------

