Load data
RNN type: O2 Grammar: g3 Seed: 6
Model total parameters: 4232
Saving hinit ... 

Epoch 0: Time: 4.5848 Cost: 24.3473 Pre: 0.5505 Re: 0.9367 Acc: 0.6066 F1: 0.6935


--------------------------------------------------------------------
Eval results: Cost:23.0249 Pre:0.6039 Re:0.8761 Acc:0.6781 F1:0.7150
--------------------------------------------------------------------

Epoch 1: Time: 4.1829 Cost: 16.8804 Pre: 0.6939 Re: 0.9036 Acc: 0.7649 F1: 0.7850
Epoch 2: Time: 4.1379 Cost: 6.1587 Pre: 0.8752 Re: 0.9993 Acc: 0.9320 F1: 0.9332
Epoch 3: Time: 3.4457 Cost: 1.1007 Pre: 0.9929 Re: 0.9993 Acc: 0.9962 F1: 0.9961
Epoch 4: Time: 3.5230 Cost: 0.2668 Pre: 1.0000 Re: 0.9993 Acc: 0.9997 F1: 0.9996
Epoch 5: Time: 3.1077 Cost: 0.1213 Pre: 1.0000 Re: 0.9993 Acc: 0.9997 F1: 0.9996
Epoch 6: Time: 3.5822 Cost: 0.0689 Pre: 1.0000 Re: 0.9993 Acc: 0.9997 F1: 0.9996
Epoch 7: Time: 3.1788 Cost: 0.0431 Pre: 1.0000 Re: 0.9993 Acc: 0.9997 F1: 0.9996
Epoch 8: Time: 3.0771 Cost: 0.0300 Pre: 1.0000 Re: 0.9993 Acc: 0.9997 F1: 0.9996
Epoch 9: Time: 3.0752 Cost: 0.0229 Pre: 1.0000 Re: 0.9993 Acc: 0.9997 F1: 0.9996
Epoch 10: Time: 3.0783 Cost: 0.0188 Pre: 1.0000 Re: 0.9993 Acc: 0.9997 F1: 0.9996


--------------------------------------------------------------------
Eval results: Cost:0.0252 Pre:1.0000 Re:0.9985 Acc:0.9993 F1:0.9993
--------------------------------------------------------------------

Epoch 11: Time: 3.3309 Cost: 0.0160 Pre: 1.0000 Re: 0.9993 Acc: 0.9997 F1: 0.9996
Epoch 12: Time: 2.7763 Cost: 0.0141 Pre: 1.0000 Re: 0.9993 Acc: 0.9997 F1: 0.9996
Epoch 13: Time: 2.7479 Cost: 0.0125 Pre: 1.0000 Re: 1.0000 Acc: 1.0000 F1: 1.0000
Epoch 14: Time: 2.7348 Cost: 0.0111 Pre: 1.0000 Re: 1.0000 Acc: 1.0000 F1: 1.0000
Epoch 15: Time: 2.6680 Cost: 0.0099 Pre: 1.0000 Re: 1.0000 Acc: 1.0000 F1: 1.0000
Epoch 16: Time: 2.4512 Cost: 0.0089 Pre: 1.0000 Re: 1.0000 Acc: 1.0000 F1: 1.0000
Epoch 17: Time: 2.8548 Cost: 0.0079 Pre: 1.0000 Re: 1.0000 Acc: 1.0000 F1: 1.0000
Epoch 18: Time: 2.6194 Cost: 0.0071 Pre: 1.0000 Re: 1.0000 Acc: 1.0000 F1: 1.0000
Epoch 19: Time: 2.4801 Cost: 0.0064 Pre: 1.0000 Re: 1.0000 Acc: 1.0000 F1: 1.0000
Epoch 20: Time: 2.4862 Cost: 0.0057 Pre: 1.0000 Re: 1.0000 Acc: 1.0000 F1: 1.0000


--------------------------------------------------------------------
Eval results: Cost:0.0081 Pre:1.0000 Re:1.0000 Acc:1.0000 F1:1.0000
--------------------------------------------------------------------

Epoch 21: Time: 2.5172 Cost: 0.0051 Pre: 1.0000 Re: 1.0000 Acc: 1.0000 F1: 1.0000
Epoch 22: Time: 2.4567 Cost: 0.0046 Pre: 1.0000 Re: 1.0000 Acc: 1.0000 F1: 1.0000
Epoch 23: Time: 2.5487 Cost: 0.0042 Pre: 1.0000 Re: 1.0000 Acc: 1.0000 F1: 1.0000
Epoch 24: Time: 2.5031 Cost: 0.0038 Pre: 1.0000 Re: 1.0000 Acc: 1.0000 F1: 1.0000
Epoch 25: Time: 2.4935 Cost: 0.0034 Pre: 1.0000 Re: 1.0000 Acc: 1.0000 F1: 1.0000
Epoch 26: Time: 2.8304 Cost: 0.0031 Pre: 1.0000 Re: 1.0000 Acc: 1.0000 F1: 1.0000
Epoch 27: Time: 2.6600 Cost: 0.0028 Pre: 1.0000 Re: 1.0000 Acc: 1.0000 F1: 1.0000
Epoch 28: Time: 2.7081 Cost: 0.0026 Pre: 1.0000 Re: 1.0000 Acc: 1.0000 F1: 1.0000
Epoch 29: Time: 2.7246 Cost: 0.0024 Pre: 1.0000 Re: 1.0000 Acc: 1.0000 F1: 1.0000
Epoch 30: Time: 2.7618 Cost: 0.0022 Pre: 1.0000 Re: 1.0000 Acc: 1.0000 F1: 1.0000


--------------------------------------------------------------------
Eval results: Cost:0.0028 Pre:1.0000 Re:1.0000 Acc:1.0000 F1:1.0000
--------------------------------------------------------------------

Epoch 31: Time: 2.7603 Cost: 0.0020 Pre: 1.0000 Re: 1.0000 Acc: 1.0000 F1: 1.0000
Epoch 32: Time: 2.7514 Cost: 0.0019 Pre: 1.0000 Re: 1.0000 Acc: 1.0000 F1: 1.0000
Epoch 33: Time: 2.7965 Cost: 0.0018 Pre: 1.0000 Re: 1.0000 Acc: 1.0000 F1: 1.0000
Epoch 34: Time: 3.0826 Cost: 0.0016 Pre: 1.0000 Re: 1.0000 Acc: 1.0000 F1: 1.0000
Epoch 35: Time: 3.0980 Cost: 0.0015 Pre: 1.0000 Re: 1.0000 Acc: 1.0000 F1: 1.0000
Epoch 36: Time: 3.0563 Cost: 0.0015 Pre: 1.0000 Re: 1.0000 Acc: 1.0000 F1: 1.0000
Epoch 37: Time: 3.3468 Cost: 0.0014 Pre: 1.0000 Re: 1.0000 Acc: 1.0000 F1: 1.0000
Epoch 38: Time: 4.0881 Cost: 0.0013 Pre: 1.0000 Re: 1.0000 Acc: 1.0000 F1: 1.0000
Epoch 39: Time: 3.2817 Cost: 0.0012 Pre: 1.0000 Re: 1.0000 Acc: 1.0000 F1: 1.0000
Epoch 40: Time: 3.0708 Cost: 0.0012 Pre: 1.0000 Re: 1.0000 Acc: 1.0000 F1: 1.0000


--------------------------------------------------------------------
Eval results: Cost:0.0014 Pre:1.0000 Re:1.0000 Acc:1.0000 F1:1.0000
--------------------------------------------------------------------

Epoch 41: Time: 3.0477 Cost: 0.0011 Pre: 1.0000 Re: 1.0000 Acc: 1.0000 F1: 1.0000
Epoch 42: Time: 3.0476 Cost: 0.0011 Pre: 1.0000 Re: 1.0000 Acc: 1.0000 F1: 1.0000
Epoch 43: Time: 3.0270 Cost: 0.0010 Pre: 1.0000 Re: 1.0000 Acc: 1.0000 F1: 1.0000
Epoch 44: Time: 3.0571 Cost: 0.0010 Pre: 1.0000 Re: 1.0000 Acc: 1.0000 F1: 1.0000
Epoch 45: Time: 3.0854 Cost: 0.0009 Pre: 1.0000 Re: 1.0000 Acc: 1.0000 F1: 1.0000
Epoch 46: Time: 3.4444 Cost: 0.0009 Pre: 1.0000 Re: 1.0000 Acc: 1.0000 F1: 1.0000
Epoch 47: Time: 3.1970 Cost: 0.0009 Pre: 1.0000 Re: 1.0000 Acc: 1.0000 F1: 1.0000
Epoch 48: Time: 3.0000 Cost: 0.0008 Pre: 1.0000 Re: 1.0000 Acc: 1.0000 F1: 1.0000
Epoch 49: Time: 3.0540 Cost: 0.0008 Pre: 1.0000 Re: 1.0000 Acc: 1.0000 F1: 1.0000
Epoch 50: Time: 3.3790 Cost: 0.0008 Pre: 1.0000 Re: 1.0000 Acc: 1.0000 F1: 1.0000


--------------------------------------------------------------------
Eval results: Cost:0.0009 Pre:1.0000 Re:1.0000 Acc:1.0000 F1:1.0000
--------------------------------------------------------------------

Epoch 51: Time: 3.0374 Cost: 0.0008 Pre: 1.0000 Re: 1.0000 Acc: 1.0000 F1: 1.0000
Epoch 52: Time: 3.0839 Cost: 0.0007 Pre: 1.0000 Re: 1.0000 Acc: 1.0000 F1: 1.0000
Epoch 53: Time: 3.1314 Cost: 0.0007 Pre: 1.0000 Re: 1.0000 Acc: 1.0000 F1: 1.0000
Epoch 54: Time: 3.0508 Cost: 0.0007 Pre: 1.0000 Re: 1.0000 Acc: 1.0000 F1: 1.0000
Epoch 55: Time: 3.4610 Cost: 0.0007 Pre: 1.0000 Re: 1.0000 Acc: 1.0000 F1: 1.0000
Epoch 56: Time: 3.1941 Cost: 0.0007 Pre: 1.0000 Re: 1.0000 Acc: 1.0000 F1: 1.0000
Epoch 57: Time: 3.0055 Cost: 0.0006 Pre: 1.0000 Re: 1.0000 Acc: 1.0000 F1: 1.0000
Epoch 58: Time: 3.0268 Cost: 0.0006 Pre: 1.0000 Re: 1.0000 Acc: 1.0000 F1: 1.0000
Epoch 59: Time: 3.1040 Cost: 0.0006 Pre: 1.0000 Re: 1.0000 Acc: 1.0000 F1: 1.0000
Epoch 60: Time: 3.0631 Cost: 0.0006 Pre: 1.0000 Re: 1.0000 Acc: 1.0000 F1: 1.0000


--------------------------------------------------------------------
Eval results: Cost:0.0007 Pre:1.0000 Re:1.0000 Acc:1.0000 F1:1.0000
--------------------------------------------------------------------

Epoch 61: Time: 3.0696 Cost: 0.0006 Pre: 1.0000 Re: 1.0000 Acc: 1.0000 F1: 1.0000
Epoch 62: Time: 3.4799 Cost: 0.0006 Pre: 1.0000 Re: 1.0000 Acc: 1.0000 F1: 1.0000
Epoch 63: Time: 3.2572 Cost: 0.0005 Pre: 1.0000 Re: 1.0000 Acc: 1.0000 F1: 1.0000
Epoch 64: Time: 3.0645 Cost: 0.0005 Pre: 1.0000 Re: 1.0000 Acc: 1.0000 F1: 1.0000
Epoch 65: Time: 3.0588 Cost: 0.0005 Pre: 1.0000 Re: 1.0000 Acc: 1.0000 F1: 1.0000
Epoch 66: Time: 3.0587 Cost: 0.0005 Pre: 1.0000 Re: 1.0000 Acc: 1.0000 F1: 1.0000
Epoch 67: Time: 3.0445 Cost: 0.0005 Pre: 1.0000 Re: 1.0000 Acc: 1.0000 F1: 1.0000
Epoch 68: Time: 3.1174 Cost: 0.0005 Pre: 1.0000 Re: 1.0000 Acc: 1.0000 F1: 1.0000
Epoch 69: Time: 2.8108 Cost: 0.0005 Pre: 1.0000 Re: 1.0000 Acc: 1.0000 F1: 1.0000
Epoch 70: Time: 2.7166 Cost: 0.0005 Pre: 1.0000 Re: 1.0000 Acc: 1.0000 F1: 1.0000


--------------------------------------------------------------------
Eval results: Cost:0.0005 Pre:1.0000 Re:1.0000 Acc:1.0000 F1:1.0000
--------------------------------------------------------------------

Early stopping...
--------------------------------------------------------------------
--------------------------------------------------------------------
Test 4332 samples take time: 7.6397
Test results: Cost:0.0004 Pre:1.0000 Re:1.0000 Acc:1.0000 F1:1.0000
--------------------------------------------------------------------

