Load data
RNN type: SRN Grammar: g3 Seed: 6
Model total parameters: 4288
Saving hinit ... 

Epoch 0: Time: 0.3802 Cost: 26.3086 Pre: 0.5138 Re: 0.4288 Acc: 0.5359 F1: 0.4675


--------------------------------------------------------------------
Eval results: Cost:25.5406 Pre:0.4772 Re:0.3597 Acc:0.5234 F1:0.4102
--------------------------------------------------------------------

Epoch 1: Time: 0.4424 Cost: 24.5642 Pre: 0.5319 Re: 0.5094 Acc: 0.5540 F1: 0.5204
Epoch 2: Time: 0.3684 Cost: 22.4712 Pre: 0.5961 Re: 0.6137 Acc: 0.6189 F1: 0.6048
Epoch 3: Time: 0.3695 Cost: 20.7852 Pre: 0.6371 Re: 0.7388 Acc: 0.6760 F1: 0.6842
Epoch 4: Time: 0.3451 Cost: 18.7411 Pre: 0.6968 Re: 0.8252 Acc: 0.7464 F1: 0.7556
Epoch 5: Time: 0.3985 Cost: 16.7547 Pre: 0.7171 Re: 0.8388 Acc: 0.7662 F1: 0.7732
Epoch 6: Time: 0.2980 Cost: 15.2028 Pre: 0.7376 Re: 0.8777 Acc: 0.7936 F1: 0.8016
Epoch 7: Time: 0.3148 Cost: 14.2672 Pre: 0.7557 Re: 0.8878 Acc: 0.8103 F1: 0.8164
Epoch 8: Time: 0.3010 Cost: 13.5832 Pre: 0.7663 Re: 0.9036 Acc: 0.8233 F1: 0.8293
Epoch 9: Time: 0.3011 Cost: 12.9449 Pre: 0.7735 Re: 0.9043 Acc: 0.8288 F1: 0.8338
Epoch 10: Time: 0.3034 Cost: 12.5113 Pre: 0.7845 Re: 0.9115 Acc: 0.8390 F1: 0.8433


--------------------------------------------------------------------
Eval results: Cost:14.7576 Pre:0.7479 Re:0.8149 Acc:0.7882 F1:0.7800
--------------------------------------------------------------------

Epoch 11: Time: 0.2973 Cost: 11.7866 Pre: 0.7968 Re: 0.9194 Acc: 0.8503 F1: 0.8537
Epoch 12: Time: 0.2990 Cost: 11.5041 Pre: 0.7940 Re: 0.9259 Acc: 0.8506 F1: 0.8549
Epoch 13: Time: 0.2970 Cost: 11.1636 Pre: 0.8014 Re: 0.9374 Acc: 0.8599 F1: 0.8641
Epoch 14: Time: 0.3009 Cost: 10.7659 Pre: 0.8057 Re: 0.9424 Acc: 0.8647 F1: 0.8687
Epoch 15: Time: 0.2973 Cost: 10.4862 Pre: 0.8086 Re: 0.9482 Acc: 0.8688 F1: 0.8728
Epoch 16: Time: 0.2985 Cost: 10.2003 Pre: 0.8143 Re: 0.9496 Acc: 0.8732 F1: 0.8768
Epoch 17: Time: 0.3055 Cost: 9.9174 Pre: 0.8236 Re: 0.9576 Acc: 0.8824 F1: 0.8856
Epoch 18: Time: 0.2979 Cost: 9.6869 Pre: 0.8267 Re: 0.9612 Acc: 0.8859 F1: 0.8889
Epoch 19: Time: 0.2979 Cost: 9.4805 Pre: 0.8311 Re: 0.9626 Acc: 0.8893 F1: 0.8920
Epoch 20: Time: 0.2997 Cost: 9.3091 Pre: 0.8365 Re: 0.9640 Acc: 0.8934 F1: 0.8957


--------------------------------------------------------------------
Eval results: Cost:10.4347 Pre:0.8363 Re:0.9075 Acc:0.8755 F1:0.8704
--------------------------------------------------------------------

Epoch 21: Time: 0.2987 Cost: 9.0924 Pre: 0.8422 Re: 0.9676 Acc: 0.8985 F1: 0.9006
Epoch 22: Time: 0.2964 Cost: 8.9058 Pre: 0.8429 Re: 0.9727 Acc: 0.9009 F1: 0.9031
Epoch 23: Time: 0.3222 Cost: 8.7945 Pre: 0.8426 Re: 0.9705 Acc: 0.8999 F1: 0.9020
Epoch 24: Time: 0.2977 Cost: 8.7348 Pre: 0.8465 Re: 0.9683 Acc: 0.9016 F1: 0.9034
Epoch 25: Time: 0.2971 Cost: 8.5081 Pre: 0.8507 Re: 0.9755 Acc: 0.9070 F1: 0.9088
Epoch 26: Time: 0.3001 Cost: 8.3406 Pre: 0.8560 Re: 0.9791 Acc: 0.9118 F1: 0.9134
Epoch 27: Time: 0.2969 Cost: 8.2385 Pre: 0.8538 Re: 0.9748 Acc: 0.9087 F1: 0.9103
Epoch 28: Time: 0.2996 Cost: 8.2559 Pre: 0.8521 Re: 0.9741 Acc: 0.9074 F1: 0.9090
Epoch 29: Time: 0.2964 Cost: 8.0289 Pre: 0.8625 Re: 0.9791 Acc: 0.9159 F1: 0.9171
Epoch 30: Time: 0.3008 Cost: 7.8871 Pre: 0.8641 Re: 0.9835 Acc: 0.9187 F1: 0.9199


--------------------------------------------------------------------
Eval results: Cost:8.2502 Pre:0.8669 Re:0.9328 Acc:0.9030 F1:0.8986
--------------------------------------------------------------------

Epoch 31: Time: 0.2992 Cost: 7.9882 Pre: 0.8625 Re: 0.9748 Acc: 0.9142 F1: 0.9152
Epoch 32: Time: 0.3010 Cost: 7.6602 Pre: 0.8680 Re: 0.9842 Acc: 0.9214 F1: 0.9225
Epoch 33: Time: 0.2961 Cost: 7.7532 Pre: 0.8586 Re: 0.9827 Acc: 0.9149 F1: 0.9165
Epoch 34: Time: 0.3138 Cost: 7.6756 Pre: 0.8650 Re: 0.9820 Acc: 0.9187 F1: 0.9198
Epoch 35: Time: 0.2961 Cost: 7.5179 Pre: 0.8715 Re: 0.9856 Acc: 0.9241 F1: 0.9251
Epoch 36: Time: 0.3007 Cost: 7.3587 Pre: 0.8742 Re: 0.9899 Acc: 0.9275 F1: 0.9285
Epoch 37: Time: 0.2985 Cost: 7.4219 Pre: 0.8718 Re: 0.9835 Acc: 0.9234 F1: 0.9243
Epoch 38: Time: 0.2999 Cost: 7.1685 Pre: 0.8769 Re: 0.9892 Acc: 0.9289 F1: 0.9297
Epoch 39: Time: 0.3004 Cost: 7.2359 Pre: 0.8807 Re: 0.9878 Acc: 0.9306 F1: 0.9312
Epoch 40: Time: 0.2974 Cost: 6.9417 Pre: 0.8862 Re: 0.9914 Acc: 0.9354 F1: 0.9358


--------------------------------------------------------------------
Eval results: Cost:7.0541 Pre:0.8838 Re:0.9418 Acc:0.9161 F1:0.9118
--------------------------------------------------------------------

Epoch 41: Time: 0.2966 Cost: 7.0287 Pre: 0.8869 Re: 0.9871 Acc: 0.9340 F1: 0.9343
Epoch 42: Time: 0.2993 Cost: 6.7130 Pre: 0.8950 Re: 0.9935 Acc: 0.9416 F1: 0.9417
Epoch 43: Time: 0.2965 Cost: 6.8514 Pre: 0.8920 Re: 0.9921 Acc: 0.9392 F1: 0.9394
Epoch 44: Time: 0.2972 Cost: 6.7435 Pre: 0.8966 Re: 0.9914 Acc: 0.9416 F1: 0.9416
Epoch 45: Time: 0.2995 Cost: 6.5731 Pre: 0.9014 Re: 0.9928 Acc: 0.9450 F1: 0.9449
Epoch 46: Time: 0.2953 Cost: 6.4703 Pre: 0.9009 Re: 0.9942 Acc: 0.9453 F1: 0.9453
Epoch 47: Time: 0.2994 Cost: 6.4362 Pre: 0.9049 Re: 0.9928 Acc: 0.9470 F1: 0.9468
Epoch 48: Time: 0.2992 Cost: 6.3402 Pre: 0.9056 Re: 0.9942 Acc: 0.9481 F1: 0.9479
Epoch 49: Time: 0.2956 Cost: 6.4799 Pre: 0.9022 Re: 0.9885 Acc: 0.9436 F1: 0.9434
Epoch 50: Time: 0.3019 Cost: 6.3991 Pre: 0.9003 Re: 0.9935 Acc: 0.9446 F1: 0.9446


--------------------------------------------------------------------
Eval results: Cost:6.3312 Pre:0.9010 Re:0.9642 Acc:0.9347 F1:0.9315
--------------------------------------------------------------------

Epoch 51: Time: 0.3092 Cost: 6.1536 Pre: 0.9106 Re: 0.9964 Acc: 0.9518 F1: 0.9516
Epoch 52: Time: 0.2965 Cost: 6.0255 Pre: 0.9112 Re: 0.9964 Acc: 0.9522 F1: 0.9519
Epoch 53: Time: 0.2960 Cost: 6.0260 Pre: 0.9105 Re: 0.9950 Acc: 0.9511 F1: 0.9508
Epoch 54: Time: 0.3026 Cost: 6.0105 Pre: 0.9111 Re: 0.9950 Acc: 0.9515 F1: 0.9512
Epoch 55: Time: 0.2963 Cost: 5.8315 Pre: 0.9142 Re: 0.9964 Acc: 0.9539 F1: 0.9535
Epoch 56: Time: 0.3004 Cost: 5.8392 Pre: 0.9129 Re: 0.9957 Acc: 0.9528 F1: 0.9525
Epoch 57: Time: 0.2973 Cost: 5.7401 Pre: 0.9147 Re: 0.9957 Acc: 0.9539 F1: 0.9535
Epoch 58: Time: 0.2977 Cost: 5.7293 Pre: 0.9153 Re: 0.9950 Acc: 0.9539 F1: 0.9535
Epoch 59: Time: 0.2974 Cost: 5.9633 Pre: 0.9068 Re: 0.9942 Acc: 0.9487 F1: 0.9485
Epoch 60: Time: 0.2964 Cost: 5.7713 Pre: 0.9135 Re: 0.9957 Acc: 0.9532 F1: 0.9528


--------------------------------------------------------------------
Eval results: Cost:6.2687 Pre:0.8938 Re:0.9672 Acc:0.9319 F1:0.9290
--------------------------------------------------------------------

Epoch 61: Time: 0.2970 Cost: 5.9602 Pre: 0.9092 Re: 0.9942 Acc: 0.9501 F1: 0.9498
Epoch 62: Time: 0.2992 Cost: 5.7191 Pre: 0.9131 Re: 0.9978 Acc: 0.9539 F1: 0.9536
Epoch 63: Time: 0.2998 Cost: 5.6600 Pre: 0.9136 Re: 0.9971 Acc: 0.9539 F1: 0.9536
Epoch 64: Time: 0.2982 Cost: 5.5865 Pre: 0.9166 Re: 0.9957 Acc: 0.9549 F1: 0.9545
Epoch 65: Time: 0.3128 Cost: 5.4947 Pre: 0.9167 Re: 0.9978 Acc: 0.9559 F1: 0.9556
Epoch 66: Time: 0.2955 Cost: 5.4030 Pre: 0.9192 Re: 0.9978 Acc: 0.9573 F1: 0.9569
Epoch 67: Time: 0.3016 Cost: 5.3902 Pre: 0.9185 Re: 0.9978 Acc: 0.9569 F1: 0.9566
Epoch 68: Time: 0.2968 Cost: 5.3499 Pre: 0.9198 Re: 0.9978 Acc: 0.9576 F1: 0.9572
Epoch 69: Time: 0.3049 Cost: 5.3341 Pre: 0.9210 Re: 0.9978 Acc: 0.9583 F1: 0.9579
Epoch 70: Time: 0.2991 Cost: 5.3169 Pre: 0.9204 Re: 0.9978 Acc: 0.9580 F1: 0.9575


--------------------------------------------------------------------
Eval results: Cost:5.4205 Pre:0.9150 Re:0.9642 Acc:0.9422 F1:0.9390
--------------------------------------------------------------------

Epoch 71: Time: 0.3029 Cost: 5.6541 Pre: 0.9126 Re: 0.9914 Acc: 0.9508 F1: 0.9503
Epoch 72: Time: 0.2968 Cost: 5.2363 Pre: 0.9174 Re: 0.9986 Acc: 0.9566 F1: 0.9563
Epoch 73: Time: 0.2980 Cost: 5.2296 Pre: 0.9162 Re: 0.9993 Acc: 0.9563 F1: 0.9560
Epoch 74: Time: 0.2976 Cost: 5.1394 Pre: 0.9180 Re: 0.9986 Acc: 0.9569 F1: 0.9566
Epoch 75: Time: 0.2979 Cost: 5.0632 Pre: 0.9210 Re: 0.9986 Acc: 0.9586 F1: 0.9582
Epoch 76: Time: 0.2974 Cost: 5.0138 Pre: 0.9210 Re: 0.9986 Acc: 0.9586 F1: 0.9582
Epoch 77: Time: 0.2962 Cost: 4.9721 Pre: 0.9210 Re: 0.9986 Acc: 0.9586 F1: 0.9582
Epoch 78: Time: 0.2967 Cost: 4.9492 Pre: 0.9204 Re: 0.9986 Acc: 0.9583 F1: 0.9579
Epoch 79: Time: 0.2989 Cost: 4.9455 Pre: 0.9210 Re: 0.9986 Acc: 0.9586 F1: 0.9582
Epoch 80: Time: 0.2960 Cost: 4.9803 Pre: 0.9204 Re: 0.9986 Acc: 0.9583 F1: 0.9579


--------------------------------------------------------------------
Eval results: Cost:4.8553 Pre:0.9266 Re:0.9791 Acc:0.9546 F1:0.9521
--------------------------------------------------------------------

Epoch 81: Time: 0.3008 Cost: 4.9329 Pre: 0.9204 Re: 0.9978 Acc: 0.9580 F1: 0.9575
Epoch 82: Time: 0.2989 Cost: 4.7858 Pre: 0.9217 Re: 0.9993 Acc: 0.9593 F1: 0.9589
Epoch 83: Time: 0.2961 Cost: 4.8195 Pre: 0.9211 Re: 0.9993 Acc: 0.9590 F1: 0.9586
Epoch 84: Time: 0.2972 Cost: 4.8013 Pre: 0.9210 Re: 0.9986 Acc: 0.9586 F1: 0.9582
Epoch 85: Time: 0.2985 Cost: 4.8019 Pre: 0.9198 Re: 0.9986 Acc: 0.9580 F1: 0.9576
Epoch 86: Time: 0.2970 Cost: 4.7793 Pre: 0.9210 Re: 0.9986 Acc: 0.9586 F1: 0.9582
Epoch 87: Time: 0.2973 Cost: 4.7819 Pre: 0.9211 Re: 0.9993 Acc: 0.9590 F1: 0.9586
Epoch 88: Time: 0.2958 Cost: 4.7032 Pre: 0.9211 Re: 0.9993 Acc: 0.9590 F1: 0.9586
Epoch 89: Time: 0.3002 Cost: 4.6547 Pre: 0.9211 Re: 0.9993 Acc: 0.9590 F1: 0.9586
Epoch 90: Time: 0.2965 Cost: 4.5881 Pre: 0.9223 Re: 0.9993 Acc: 0.9597 F1: 0.9593


--------------------------------------------------------------------
Eval results: Cost:3.9490 Pre:0.9391 Re:0.9896 Acc:0.9656 F1:0.9637
--------------------------------------------------------------------

Epoch 91: Time: 0.2972 Cost: 4.6476 Pre: 0.9223 Re: 0.9993 Acc: 0.9597 F1: 0.9593
Epoch 92: Time: 0.2966 Cost: 4.5311 Pre: 0.9217 Re: 0.9993 Acc: 0.9593 F1: 0.9589
Epoch 93: Time: 0.3564 Cost: 4.4918 Pre: 0.9223 Re: 0.9993 Acc: 0.9597 F1: 0.9593
Epoch 94: Time: 0.4315 Cost: 4.4433 Pre: 0.9223 Re: 0.9993 Acc: 0.9597 F1: 0.9593
Epoch 95: Time: 0.4356 Cost: 4.4331 Pre: 0.9223 Re: 0.9993 Acc: 0.9597 F1: 0.9593
Epoch 96: Time: 0.3339 Cost: 4.4226 Pre: 0.9223 Re: 0.9993 Acc: 0.9597 F1: 0.9593
Epoch 97: Time: 0.3020 Cost: 4.3968 Pre: 0.9223 Re: 0.9993 Acc: 0.9597 F1: 0.9593
Epoch 98: Time: 0.2958 Cost: 4.3782 Pre: 0.9223 Re: 0.9993 Acc: 0.9597 F1: 0.9593
Epoch 99: Time: 0.3014 Cost: 4.3618 Pre: 0.9223 Re: 0.9993 Acc: 0.9597 F1: 0.9593
Epoch 100: Time: 0.3163 Cost: 4.3543 Pre: 0.9223 Re: 0.9993 Acc: 0.9597 F1: 0.9593


--------------------------------------------------------------------
Eval results: Cost:3.5133 Pre:0.9380 Re:0.9940 Acc:0.9670 F1:0.9652
--------------------------------------------------------------------

Epoch 101: Time: 0.2983 Cost: 4.4072 Pre: 0.9223 Re: 0.9993 Acc: 0.9597 F1: 0.9593
Epoch 102: Time: 0.2949 Cost: 4.3792 Pre: 0.9217 Re: 0.9993 Acc: 0.9593 F1: 0.9589
Epoch 103: Time: 0.2994 Cost: 4.3306 Pre: 0.9223 Re: 0.9993 Acc: 0.9597 F1: 0.9593
Epoch 104: Time: 0.2964 Cost: 4.3037 Pre: 0.9223 Re: 0.9993 Acc: 0.9597 F1: 0.9593
Epoch 105: Time: 0.2958 Cost: 4.2843 Pre: 0.9223 Re: 0.9993 Acc: 0.9597 F1: 0.9593
Epoch 106: Time: 0.3016 Cost: 4.2809 Pre: 0.9223 Re: 0.9993 Acc: 0.9597 F1: 0.9593
Epoch 107: Time: 0.2963 Cost: 4.2819 Pre: 0.9223 Re: 0.9993 Acc: 0.9597 F1: 0.9593
Epoch 108: Time: 0.2984 Cost: 4.2869 Pre: 0.9223 Re: 0.9993 Acc: 0.9597 F1: 0.9593
Epoch 109: Time: 0.2989 Cost: 4.3205 Pre: 0.9223 Re: 0.9993 Acc: 0.9597 F1: 0.9593
Epoch 110: Time: 0.3041 Cost: 4.3958 Pre: 0.9216 Re: 0.9986 Acc: 0.9590 F1: 0.9586


--------------------------------------------------------------------
Eval results: Cost:3.8068 Pre:0.9311 Re:0.9881 Acc:0.9608 F1:0.9587
--------------------------------------------------------------------

Epoch 111: Time: 0.2975 Cost: 4.5063 Pre: 0.9192 Re: 0.9986 Acc: 0.9576 F1: 0.9572
Epoch 112: Time: 0.3057 Cost: 4.2282 Pre: 0.9223 Re: 0.9993 Acc: 0.9597 F1: 0.9593
Epoch 113: Time: 0.2994 Cost: 4.2117 Pre: 0.9223 Re: 0.9993 Acc: 0.9597 F1: 0.9593
Epoch 114: Time: 0.2979 Cost: 4.2126 Pre: 0.9223 Re: 0.9993 Acc: 0.9597 F1: 0.9593
Epoch 115: Time: 0.3008 Cost: 4.1928 Pre: 0.9223 Re: 0.9993 Acc: 0.9597 F1: 0.9593
Epoch 116: Time: 0.2987 Cost: 4.1772 Pre: 0.9223 Re: 0.9993 Acc: 0.9597 F1: 0.9593
Epoch 117: Time: 0.2983 Cost: 4.1688 Pre: 0.9223 Re: 0.9993 Acc: 0.9597 F1: 0.9593
Epoch 118: Time: 0.2951 Cost: 4.1669 Pre: 0.9223 Re: 0.9993 Acc: 0.9597 F1: 0.9593
Epoch 119: Time: 0.3009 Cost: 4.1554 Pre: 0.9223 Re: 0.9993 Acc: 0.9597 F1: 0.9593
Epoch 120: Time: 0.2978 Cost: 4.1569 Pre: 0.9223 Re: 0.9993 Acc: 0.9597 F1: 0.9593


--------------------------------------------------------------------
Eval results: Cost:3.2317 Pre:0.9394 Re:0.9955 Acc:0.9684 F1:0.9667
--------------------------------------------------------------------

Epoch 121: Time: 0.3000 Cost: 4.2031 Pre: 0.9223 Re: 0.9993 Acc: 0.9597 F1: 0.9593
Epoch 122: Time: 0.2979 Cost: 4.1298 Pre: 0.9223 Re: 0.9993 Acc: 0.9597 F1: 0.9593
Epoch 123: Time: 0.2988 Cost: 4.1371 Pre: 0.9223 Re: 0.9993 Acc: 0.9597 F1: 0.9593
Epoch 124: Time: 0.2989 Cost: 4.1478 Pre: 0.9223 Re: 0.9993 Acc: 0.9597 F1: 0.9593
Epoch 125: Time: 0.3006 Cost: 4.1364 Pre: 0.9223 Re: 0.9993 Acc: 0.9597 F1: 0.9593
Epoch 126: Time: 0.3127 Cost: 4.1211 Pre: 0.9223 Re: 0.9993 Acc: 0.9597 F1: 0.9593
Epoch 127: Time: 0.2973 Cost: 4.1096 Pre: 0.9223 Re: 0.9993 Acc: 0.9597 F1: 0.9593
Epoch 128: Time: 0.3014 Cost: 4.1046 Pre: 0.9223 Re: 0.9993 Acc: 0.9597 F1: 0.9593
Epoch 129: Time: 0.2969 Cost: 4.1139 Pre: 0.9223 Re: 0.9993 Acc: 0.9597 F1: 0.9593
Epoch 130: Time: 0.3023 Cost: 4.1059 Pre: 0.9223 Re: 0.9993 Acc: 0.9597 F1: 0.9593


--------------------------------------------------------------------
Eval results: Cost:3.1498 Pre:0.9404 Re:0.9896 Acc:0.9663 F1:0.9644
--------------------------------------------------------------------

Epoch 131: Time: 0.3007 Cost: 4.2425 Pre: 0.9216 Re: 0.9986 Acc: 0.9590 F1: 0.9586
Epoch 132: Time: 0.2972 Cost: 4.0989 Pre: 0.9223 Re: 0.9993 Acc: 0.9597 F1: 0.9593
Epoch 133: Time: 0.2976 Cost: 4.0872 Pre: 0.9223 Re: 0.9993 Acc: 0.9597 F1: 0.9593
Epoch 134: Time: 0.3022 Cost: 4.0857 Pre: 0.9223 Re: 0.9993 Acc: 0.9597 F1: 0.9593
Epoch 135: Time: 0.2970 Cost: 4.0894 Pre: 0.9223 Re: 0.9993 Acc: 0.9597 F1: 0.9593
Epoch 136: Time: 0.2966 Cost: 4.0816 Pre: 0.9223 Re: 0.9993 Acc: 0.9597 F1: 0.9593
Epoch 137: Time: 0.3013 Cost: 4.0770 Pre: 0.9223 Re: 0.9993 Acc: 0.9597 F1: 0.9593
Epoch 138: Time: 0.3032 Cost: 4.0720 Pre: 0.9223 Re: 0.9993 Acc: 0.9597 F1: 0.9593
Epoch 139: Time: 0.2978 Cost: 4.0699 Pre: 0.9223 Re: 0.9993 Acc: 0.9597 F1: 0.9593
Epoch 140: Time: 0.2976 Cost: 4.0739 Pre: 0.9223 Re: 0.9993 Acc: 0.9597 F1: 0.9593


--------------------------------------------------------------------
Eval results: Cost:3.2387 Pre:0.9379 Re:0.9925 Acc:0.9663 F1:0.9645
--------------------------------------------------------------------

Epoch 141: Time: 0.2959 Cost: 4.0928 Pre: 0.9223 Re: 0.9993 Acc: 0.9597 F1: 0.9593
Epoch 142: Time: 0.2966 Cost: 4.0633 Pre: 0.9223 Re: 0.9993 Acc: 0.9597 F1: 0.9593
Epoch 143: Time: 0.3007 Cost: 4.0594 Pre: 0.9223 Re: 0.9993 Acc: 0.9597 F1: 0.9593
Epoch 144: Time: 0.2967 Cost: 4.0657 Pre: 0.9223 Re: 0.9993 Acc: 0.9597 F1: 0.9593
Epoch 145: Time: 0.2980 Cost: 4.0615 Pre: 0.9224 Re: 1.0000 Acc: 0.9600 F1: 0.9596
Epoch 146: Time: 0.2954 Cost: 4.0562 Pre: 0.9224 Re: 1.0000 Acc: 0.9600 F1: 0.9596
Epoch 147: Time: 0.3025 Cost: 4.0504 Pre: 0.9224 Re: 1.0000 Acc: 0.9600 F1: 0.9596
Epoch 148: Time: 0.2963 Cost: 4.0463 Pre: 0.9224 Re: 1.0000 Acc: 0.9600 F1: 0.9596
Epoch 149: Time: 0.2964 Cost: 4.0436 Pre: 0.9224 Re: 1.0000 Acc: 0.9600 F1: 0.9596
Epoch 150: Time: 0.2990 Cost: 4.0459 Pre: 0.9224 Re: 1.0000 Acc: 0.9600 F1: 0.9596


--------------------------------------------------------------------
Eval results: Cost:3.0780 Pre:0.9381 Re:0.9955 Acc:0.9677 F1:0.9660
--------------------------------------------------------------------

Epoch 151: Time: 0.2974 Cost: 4.0677 Pre: 0.9224 Re: 1.0000 Acc: 0.9600 F1: 0.9596
Epoch 152: Time: 0.2966 Cost: 4.0401 Pre: 0.9224 Re: 1.0000 Acc: 0.9600 F1: 0.9596
Epoch 153: Time: 0.3029 Cost: 4.0389 Pre: 0.9224 Re: 1.0000 Acc: 0.9600 F1: 0.9596
Epoch 154: Time: 0.2965 Cost: 4.0411 Pre: 0.9224 Re: 1.0000 Acc: 0.9600 F1: 0.9596
Epoch 155: Time: 0.2969 Cost: 4.0522 Pre: 0.9224 Re: 1.0000 Acc: 0.9600 F1: 0.9596
Epoch 156: Time: 0.2995 Cost: 4.0501 Pre: 0.9224 Re: 1.0000 Acc: 0.9600 F1: 0.9596
Epoch 157: Time: 0.3071 Cost: 4.0491 Pre: 0.9224 Re: 1.0000 Acc: 0.9600 F1: 0.9596
Epoch 158: Time: 0.2996 Cost: 4.0452 Pre: 0.9224 Re: 1.0000 Acc: 0.9600 F1: 0.9596
Epoch 159: Time: 0.3002 Cost: 4.0349 Pre: 0.9224 Re: 1.0000 Acc: 0.9600 F1: 0.9596
Epoch 160: Time: 0.2964 Cost: 4.0301 Pre: 0.9224 Re: 1.0000 Acc: 0.9600 F1: 0.9596


--------------------------------------------------------------------
Eval results: Cost:2.9867 Pre:0.9446 Re:0.9925 Acc:0.9697 F1:0.9680
--------------------------------------------------------------------

Epoch 161: Time: 0.3015 Cost: 4.0299 Pre: 0.9224 Re: 1.0000 Acc: 0.9600 F1: 0.9596
Epoch 162: Time: 0.3011 Cost: 4.0255 Pre: 0.9224 Re: 1.0000 Acc: 0.9600 F1: 0.9596
Epoch 163: Time: 0.2975 Cost: 4.0240 Pre: 0.9224 Re: 1.0000 Acc: 0.9600 F1: 0.9596
Epoch 164: Time: 0.2968 Cost: 4.0232 Pre: 0.9224 Re: 1.0000 Acc: 0.9600 F1: 0.9596
Epoch 165: Time: 0.2987 Cost: 4.0220 Pre: 0.9224 Re: 1.0000 Acc: 0.9600 F1: 0.9596
Epoch 166: Time: 0.2958 Cost: 4.0212 Pre: 0.9224 Re: 1.0000 Acc: 0.9600 F1: 0.9596
Epoch 167: Time: 0.2981 Cost: 4.0203 Pre: 0.9224 Re: 1.0000 Acc: 0.9600 F1: 0.9596
Epoch 168: Time: 0.2947 Cost: 4.0192 Pre: 0.9224 Re: 1.0000 Acc: 0.9600 F1: 0.9596
Epoch 169: Time: 0.2982 Cost: 4.0181 Pre: 0.9224 Re: 1.0000 Acc: 0.9600 F1: 0.9596
Epoch 170: Time: 0.2998 Cost: 4.0170 Pre: 0.9224 Re: 1.0000 Acc: 0.9600 F1: 0.9596


--------------------------------------------------------------------
Eval results: Cost:2.8810 Pre:0.9420 Re:0.9940 Acc:0.9691 F1:0.9673
--------------------------------------------------------------------

Epoch 171: Time: 0.2998 Cost: 4.0197 Pre: 0.9224 Re: 1.0000 Acc: 0.9600 F1: 0.9596
Epoch 172: Time: 0.2964 Cost: 4.0158 Pre: 0.9224 Re: 1.0000 Acc: 0.9600 F1: 0.9596
Epoch 173: Time: 0.3042 Cost: 4.0152 Pre: 0.9224 Re: 1.0000 Acc: 0.9600 F1: 0.9596
Epoch 174: Time: 0.2963 Cost: 4.0150 Pre: 0.9224 Re: 1.0000 Acc: 0.9600 F1: 0.9596
Epoch 175: Time: 0.2977 Cost: 4.0150 Pre: 0.9224 Re: 1.0000 Acc: 0.9600 F1: 0.9596
Epoch 176: Time: 0.3022 Cost: 4.0148 Pre: 0.9224 Re: 1.0000 Acc: 0.9600 F1: 0.9596
Epoch 177: Time: 0.2976 Cost: 4.0142 Pre: 0.9224 Re: 1.0000 Acc: 0.9600 F1: 0.9596
Epoch 178: Time: 0.2979 Cost: 4.0136 Pre: 0.9224 Re: 1.0000 Acc: 0.9600 F1: 0.9596
Epoch 179: Time: 0.2969 Cost: 4.0134 Pre: 0.9224 Re: 1.0000 Acc: 0.9600 F1: 0.9596
Epoch 180: Time: 0.2975 Cost: 4.0132 Pre: 0.9224 Re: 1.0000 Acc: 0.9600 F1: 0.9596


--------------------------------------------------------------------
Eval results: Cost:2.9708 Pre:0.9420 Re:0.9940 Acc:0.9691 F1:0.9673
--------------------------------------------------------------------

Epoch 181: Time: 0.2971 Cost: 4.0169 Pre: 0.9224 Re: 1.0000 Acc: 0.9600 F1: 0.9596
Epoch 182: Time: 0.2975 Cost: 4.0118 Pre: 0.9224 Re: 1.0000 Acc: 0.9600 F1: 0.9596
Epoch 183: Time: 0.2961 Cost: 4.0113 Pre: 0.9224 Re: 1.0000 Acc: 0.9600 F1: 0.9596
Epoch 184: Time: 0.3015 Cost: 4.0112 Pre: 0.9224 Re: 1.0000 Acc: 0.9600 F1: 0.9596
Epoch 185: Time: 0.2970 Cost: 4.0109 Pre: 0.9224 Re: 1.0000 Acc: 0.9600 F1: 0.9596
Epoch 186: Time: 0.2968 Cost: 4.0109 Pre: 0.9224 Re: 1.0000 Acc: 0.9600 F1: 0.9596
Epoch 187: Time: 0.2997 Cost: 4.0108 Pre: 0.9224 Re: 1.0000 Acc: 0.9600 F1: 0.9596
Epoch 188: Time: 0.2956 Cost: 4.0104 Pre: 0.9224 Re: 1.0000 Acc: 0.9600 F1: 0.9596
Epoch 189: Time: 0.3123 Cost: 4.0100 Pre: 0.9224 Re: 1.0000 Acc: 0.9600 F1: 0.9596
Epoch 190: Time: 0.2977 Cost: 4.0098 Pre: 0.9224 Re: 1.0000 Acc: 0.9600 F1: 0.9596


--------------------------------------------------------------------
Eval results: Cost:2.9577 Pre:0.9459 Re:0.9925 Acc:0.9704 F1:0.9687
--------------------------------------------------------------------

Epoch 191: Time: 0.2958 Cost: 4.0113 Pre: 0.9224 Re: 1.0000 Acc: 0.9600 F1: 0.9596
Epoch 192: Time: 0.3013 Cost: 4.0089 Pre: 0.9224 Re: 1.0000 Acc: 0.9600 F1: 0.9596
Epoch 193: Time: 0.3202 Cost: 4.0087 Pre: 0.9224 Re: 1.0000 Acc: 0.9600 F1: 0.9596
Epoch 194: Time: 0.3017 Cost: 4.0086 Pre: 0.9224 Re: 1.0000 Acc: 0.9600 F1: 0.9596
Epoch 195: Time: 0.2975 Cost: 4.0082 Pre: 0.9224 Re: 1.0000 Acc: 0.9600 F1: 0.9596
Epoch 196: Time: 0.3002 Cost: 4.0081 Pre: 0.9224 Re: 1.0000 Acc: 0.9600 F1: 0.9596
Epoch 197: Time: 0.2974 Cost: 4.0080 Pre: 0.9224 Re: 1.0000 Acc: 0.9600 F1: 0.9596
Epoch 198: Time: 0.2974 Cost: 4.0077 Pre: 0.9224 Re: 1.0000 Acc: 0.9600 F1: 0.9596
Epoch 199: Time: 0.2951 Cost: 4.0075 Pre: 0.9224 Re: 1.0000 Acc: 0.9600 F1: 0.9596
Epoch 200: Time: 0.3014 Cost: 4.0074 Pre: 0.9224 Re: 1.0000 Acc: 0.9600 F1: 0.9596


--------------------------------------------------------------------
Eval results: Cost:2.9703 Pre:0.9459 Re:0.9925 Acc:0.9704 F1:0.9687
--------------------------------------------------------------------

Epoch 201: Time: 0.3002 Cost: 4.0073 Pre: 0.9224 Re: 1.0000 Acc: 0.9600 F1: 0.9596
Epoch 202: Time: 0.3007 Cost: 4.0069 Pre: 0.9224 Re: 1.0000 Acc: 0.9600 F1: 0.9596
Epoch 203: Time: 0.3947 Cost: 4.0067 Pre: 0.9224 Re: 1.0000 Acc: 0.9600 F1: 0.9596
Epoch 204: Time: 0.3481 Cost: 4.0067 Pre: 0.9224 Re: 1.0000 Acc: 0.9600 F1: 0.9596
Epoch 205: Time: 0.3253 Cost: 4.0064 Pre: 0.9224 Re: 1.0000 Acc: 0.9600 F1: 0.9596
Epoch 206: Time: 0.3173 Cost: 4.0062 Pre: 0.9224 Re: 1.0000 Acc: 0.9600 F1: 0.9596
Epoch 207: Time: 0.2985 Cost: 4.0061 Pre: 0.9224 Re: 1.0000 Acc: 0.9600 F1: 0.9596
Epoch 208: Time: 0.2982 Cost: 4.0060 Pre: 0.9224 Re: 1.0000 Acc: 0.9600 F1: 0.9596
Epoch 209: Time: 0.2997 Cost: 4.0059 Pre: 0.9224 Re: 1.0000 Acc: 0.9600 F1: 0.9596
Epoch 210: Time: 0.2983 Cost: 4.0057 Pre: 0.9224 Re: 1.0000 Acc: 0.9600 F1: 0.9596


--------------------------------------------------------------------
Eval results: Cost:2.9160 Pre:0.9459 Re:0.9925 Acc:0.9704 F1:0.9687
--------------------------------------------------------------------

Epoch 211: Time: 0.3002 Cost: 4.0059 Pre: 0.9224 Re: 1.0000 Acc: 0.9600 F1: 0.9596
Epoch 212: Time: 0.2971 Cost: 4.0055 Pre: 0.9224 Re: 1.0000 Acc: 0.9600 F1: 0.9596
Epoch 213: Time: 0.2988 Cost: 4.0055 Pre: 0.9224 Re: 1.0000 Acc: 0.9600 F1: 0.9596
Epoch 214: Time: 0.2977 Cost: 4.0054 Pre: 0.9224 Re: 1.0000 Acc: 0.9600 F1: 0.9596
Epoch 215: Time: 0.2981 Cost: 4.0054 Pre: 0.9224 Re: 1.0000 Acc: 0.9600 F1: 0.9596
Epoch 216: Time: 0.2968 Cost: 4.0052 Pre: 0.9224 Re: 1.0000 Acc: 0.9600 F1: 0.9596
Epoch 217: Time: 0.2970 Cost: 4.0051 Pre: 0.9224 Re: 1.0000 Acc: 0.9600 F1: 0.9596
Epoch 218: Time: 0.3003 Cost: 4.0050 Pre: 0.9224 Re: 1.0000 Acc: 0.9600 F1: 0.9596
Epoch 219: Time: 0.3124 Cost: 4.0049 Pre: 0.9224 Re: 1.0000 Acc: 0.9600 F1: 0.9596
Epoch 220: Time: 0.2979 Cost: 4.0048 Pre: 0.9224 Re: 1.0000 Acc: 0.9600 F1: 0.9596


--------------------------------------------------------------------
Eval results: Cost:2.9022 Pre:0.9460 Re:0.9940 Acc:0.9711 F1:0.9694
--------------------------------------------------------------------

Epoch 221: Time: 0.2972 Cost: 4.0047 Pre: 0.9224 Re: 1.0000 Acc: 0.9600 F1: 0.9596
Epoch 222: Time: 0.3043 Cost: 4.0046 Pre: 0.9224 Re: 1.0000 Acc: 0.9600 F1: 0.9596
Epoch 223: Time: 0.2958 Cost: 4.0046 Pre: 0.9224 Re: 1.0000 Acc: 0.9600 F1: 0.9596
Epoch 224: Time: 0.3006 Cost: 4.0046 Pre: 0.9224 Re: 1.0000 Acc: 0.9600 F1: 0.9596
Epoch 225: Time: 0.2968 Cost: 4.0046 Pre: 0.9224 Re: 1.0000 Acc: 0.9600 F1: 0.9596
Epoch 226: Time: 0.2965 Cost: 4.0044 Pre: 0.9224 Re: 1.0000 Acc: 0.9600 F1: 0.9596
Epoch 227: Time: 0.3021 Cost: 4.0044 Pre: 0.9224 Re: 1.0000 Acc: 0.9600 F1: 0.9596
Epoch 228: Time: 0.2962 Cost: 4.0043 Pre: 0.9224 Re: 1.0000 Acc: 0.9600 F1: 0.9596
Epoch 229: Time: 0.2985 Cost: 4.0042 Pre: 0.9224 Re: 1.0000 Acc: 0.9600 F1: 0.9596
Epoch 230: Time: 0.2977 Cost: 4.0042 Pre: 0.9224 Re: 1.0000 Acc: 0.9600 F1: 0.9596


--------------------------------------------------------------------
Eval results: Cost:2.9058 Pre:0.9460 Re:0.9940 Acc:0.9711 F1:0.9694
--------------------------------------------------------------------

Epoch 231: Time: 0.2990 Cost: 4.0041 Pre: 0.9224 Re: 1.0000 Acc: 0.9600 F1: 0.9596
Epoch 232: Time: 0.2961 Cost: 4.0040 Pre: 0.9224 Re: 1.0000 Acc: 0.9600 F1: 0.9596
Epoch 233: Time: 0.3012 Cost: 4.0040 Pre: 0.9224 Re: 1.0000 Acc: 0.9600 F1: 0.9596
Epoch 234: Time: 0.2950 Cost: 4.0041 Pre: 0.9224 Re: 1.0000 Acc: 0.9600 F1: 0.9596
Epoch 235: Time: 0.2977 Cost: 4.0040 Pre: 0.9224 Re: 1.0000 Acc: 0.9600 F1: 0.9596
Epoch 236: Time: 0.2986 Cost: 4.0039 Pre: 0.9224 Re: 1.0000 Acc: 0.9600 F1: 0.9596
Epoch 237: Time: 0.2967 Cost: 4.0038 Pre: 0.9224 Re: 1.0000 Acc: 0.9600 F1: 0.9596
Epoch 238: Time: 0.2976 Cost: 4.0038 Pre: 0.9224 Re: 1.0000 Acc: 0.9600 F1: 0.9596
Epoch 239: Time: 0.2944 Cost: 4.0037 Pre: 0.9224 Re: 1.0000 Acc: 0.9600 F1: 0.9596
Epoch 240: Time: 0.3005 Cost: 4.0037 Pre: 0.9224 Re: 1.0000 Acc: 0.9600 F1: 0.9596


--------------------------------------------------------------------
Eval results: Cost:2.9110 Pre:0.9459 Re:0.9925 Acc:0.9704 F1:0.9687
--------------------------------------------------------------------

Epoch 241: Time: 0.2980 Cost: 4.0036 Pre: 0.9224 Re: 1.0000 Acc: 0.9600 F1: 0.9596
Epoch 242: Time: 0.2983 Cost: 4.0036 Pre: 0.9224 Re: 1.0000 Acc: 0.9600 F1: 0.9596
Epoch 243: Time: 0.2967 Cost: 4.0036 Pre: 0.9224 Re: 1.0000 Acc: 0.9600 F1: 0.9596
Epoch 244: Time: 0.2994 Cost: 4.0036 Pre: 0.9224 Re: 1.0000 Acc: 0.9600 F1: 0.9596
Epoch 245: Time: 0.2956 Cost: 4.0035 Pre: 0.9224 Re: 1.0000 Acc: 0.9600 F1: 0.9596
Epoch 246: Time: 0.2995 Cost: 4.0034 Pre: 0.9224 Re: 1.0000 Acc: 0.9600 F1: 0.9596
Epoch 247: Time: 0.2966 Cost: 4.0034 Pre: 0.9224 Re: 1.0000 Acc: 0.9600 F1: 0.9596
Epoch 248: Time: 0.2961 Cost: 4.0034 Pre: 0.9224 Re: 1.0000 Acc: 0.9600 F1: 0.9596
Epoch 249: Time: 0.2993 Cost: 4.0033 Pre: 0.9224 Re: 1.0000 Acc: 0.9600 F1: 0.9596
Epoch 250: Time: 0.3093 Cost: 4.0033 Pre: 0.9224 Re: 1.0000 Acc: 0.9600 F1: 0.9596


--------------------------------------------------------------------
Eval results: Cost:2.9158 Pre:0.9459 Re:0.9925 Acc:0.9704 F1:0.9687
--------------------------------------------------------------------

Epoch 251: Time: 0.2957 Cost: 4.0032 Pre: 0.9224 Re: 1.0000 Acc: 0.9600 F1: 0.9596
Epoch 252: Time: 0.3025 Cost: 4.0032 Pre: 0.9224 Re: 1.0000 Acc: 0.9600 F1: 0.9596
Epoch 253: Time: 0.2976 Cost: 4.0032 Pre: 0.9224 Re: 1.0000 Acc: 0.9600 F1: 0.9596
Epoch 254: Time: 0.3026 Cost: 4.0032 Pre: 0.9224 Re: 1.0000 Acc: 0.9600 F1: 0.9596
Epoch 255: Time: 0.3007 Cost: 4.0032 Pre: 0.9224 Re: 1.0000 Acc: 0.9600 F1: 0.9596
Epoch 256: Time: 0.2970 Cost: 4.0031 Pre: 0.9224 Re: 1.0000 Acc: 0.9600 F1: 0.9596
Epoch 257: Time: 0.2988 Cost: 4.0031 Pre: 0.9224 Re: 1.0000 Acc: 0.9600 F1: 0.9596
Epoch 258: Time: 0.2986 Cost: 4.0030 Pre: 0.9224 Re: 1.0000 Acc: 0.9600 F1: 0.9596
Epoch 259: Time: 0.2968 Cost: 4.0030 Pre: 0.9224 Re: 1.0000 Acc: 0.9600 F1: 0.9596
Epoch 260: Time: 0.2992 Cost: 4.0029 Pre: 0.9224 Re: 1.0000 Acc: 0.9600 F1: 0.9596


--------------------------------------------------------------------
Eval results: Cost:2.9195 Pre:0.9459 Re:0.9925 Acc:0.9704 F1:0.9687
--------------------------------------------------------------------

Epoch 261: Time: 0.2996 Cost: 4.0029 Pre: 0.9224 Re: 1.0000 Acc: 0.9600 F1: 0.9596
Epoch 262: Time: 0.2949 Cost: 4.0029 Pre: 0.9224 Re: 1.0000 Acc: 0.9600 F1: 0.9596
Epoch 263: Time: 0.2978 Cost: 4.0029 Pre: 0.9224 Re: 1.0000 Acc: 0.9600 F1: 0.9596
Epoch 264: Time: 0.2999 Cost: 4.0029 Pre: 0.9224 Re: 1.0000 Acc: 0.9600 F1: 0.9596
Epoch 265: Time: 0.2961 Cost: 4.0029 Pre: 0.9224 Re: 1.0000 Acc: 0.9600 F1: 0.9596
Epoch 266: Time: 0.3004 Cost: 4.0028 Pre: 0.9224 Re: 1.0000 Acc: 0.9600 F1: 0.9596
Epoch 267: Time: 0.2953 Cost: 4.0028 Pre: 0.9224 Re: 1.0000 Acc: 0.9600 F1: 0.9596
Epoch 268: Time: 0.2997 Cost: 4.0028 Pre: 0.9224 Re: 1.0000 Acc: 0.9600 F1: 0.9596
Epoch 269: Time: 0.2980 Cost: 4.0027 Pre: 0.9224 Re: 1.0000 Acc: 0.9600 F1: 0.9596
Epoch 270: Time: 0.2969 Cost: 4.0027 Pre: 0.9224 Re: 1.0000 Acc: 0.9600 F1: 0.9596


--------------------------------------------------------------------
Eval results: Cost:2.9222 Pre:0.9446 Re:0.9925 Acc:0.9697 F1:0.9680
--------------------------------------------------------------------

Epoch 271: Time: 0.2985 Cost: 4.0027 Pre: 0.9224 Re: 1.0000 Acc: 0.9600 F1: 0.9596
Epoch 272: Time: 0.2976 Cost: 4.0026 Pre: 0.9224 Re: 1.0000 Acc: 0.9600 F1: 0.9596
Epoch 273: Time: 0.2957 Cost: 4.0026 Pre: 0.9224 Re: 1.0000 Acc: 0.9600 F1: 0.9596
Epoch 274: Time: 0.3007 Cost: 4.0026 Pre: 0.9224 Re: 1.0000 Acc: 0.9600 F1: 0.9596
Epoch 275: Time: 0.2963 Cost: 4.0026 Pre: 0.9224 Re: 1.0000 Acc: 0.9600 F1: 0.9596
Epoch 276: Time: 0.2959 Cost: 4.0026 Pre: 0.9224 Re: 1.0000 Acc: 0.9600 F1: 0.9596
Epoch 277: Time: 0.2996 Cost: 4.0026 Pre: 0.9224 Re: 1.0000 Acc: 0.9600 F1: 0.9596
Epoch 278: Time: 0.2956 Cost: 4.0025 Pre: 0.9224 Re: 1.0000 Acc: 0.9600 F1: 0.9596
Epoch 279: Time: 0.4046 Cost: 4.0025 Pre: 0.9224 Re: 1.0000 Acc: 0.9600 F1: 0.9596
Epoch 280: Time: 0.3404 Cost: 4.0025 Pre: 0.9224 Re: 1.0000 Acc: 0.9600 F1: 0.9596


--------------------------------------------------------------------
Eval results: Cost:2.9242 Pre:0.9446 Re:0.9925 Acc:0.9697 F1:0.9680
--------------------------------------------------------------------

Epoch 281: Time: 0.3066 Cost: 4.0024 Pre: 0.9224 Re: 1.0000 Acc: 0.9600 F1: 0.9596
Epoch 282: Time: 0.2992 Cost: 4.0024 Pre: 0.9224 Re: 1.0000 Acc: 0.9600 F1: 0.9596
Epoch 283: Time: 0.2964 Cost: 4.0024 Pre: 0.9224 Re: 1.0000 Acc: 0.9600 F1: 0.9596
Epoch 284: Time: 0.3031 Cost: 4.0024 Pre: 0.9224 Re: 1.0000 Acc: 0.9600 F1: 0.9596
Epoch 285: Time: 0.3139 Cost: 4.0024 Pre: 0.9224 Re: 1.0000 Acc: 0.9600 F1: 0.9596
Epoch 286: Time: 0.2986 Cost: 4.0024 Pre: 0.9224 Re: 1.0000 Acc: 0.9600 F1: 0.9596
Epoch 287: Time: 0.2985 Cost: 4.0024 Pre: 0.9224 Re: 1.0000 Acc: 0.9600 F1: 0.9596
Epoch 288: Time: 0.2961 Cost: 4.0023 Pre: 0.9224 Re: 1.0000 Acc: 0.9600 F1: 0.9596
Epoch 289: Time: 0.2976 Cost: 4.0023 Pre: 0.9224 Re: 1.0000 Acc: 0.9600 F1: 0.9596
Epoch 290: Time: 0.2965 Cost: 4.0023 Pre: 0.9224 Re: 1.0000 Acc: 0.9600 F1: 0.9596


--------------------------------------------------------------------
Eval results: Cost:2.9257 Pre:0.9446 Re:0.9925 Acc:0.9697 F1:0.9680
--------------------------------------------------------------------

Epoch 291: Time: 0.2962 Cost: 4.0023 Pre: 0.9224 Re: 1.0000 Acc: 0.9600 F1: 0.9596
Epoch 292: Time: 0.3012 Cost: 4.0022 Pre: 0.9224 Re: 1.0000 Acc: 0.9600 F1: 0.9596
Epoch 293: Time: 0.2987 Cost: 4.0022 Pre: 0.9224 Re: 1.0000 Acc: 0.9600 F1: 0.9596
Epoch 294: Time: 0.2962 Cost: 4.0022 Pre: 0.9224 Re: 1.0000 Acc: 0.9600 F1: 0.9596
Epoch 295: Time: 0.3002 Cost: 4.0022 Pre: 0.9224 Re: 1.0000 Acc: 0.9600 F1: 0.9596
Epoch 296: Time: 0.2955 Cost: 4.0022 Pre: 0.9224 Re: 1.0000 Acc: 0.9600 F1: 0.9596
Epoch 297: Time: 0.2994 Cost: 4.0022 Pre: 0.9224 Re: 1.0000 Acc: 0.9600 F1: 0.9596
Epoch 298: Time: 0.2991 Cost: 4.0022 Pre: 0.9224 Re: 1.0000 Acc: 0.9600 F1: 0.9596
Epoch 299: Time: 0.2963 Cost: 4.0021 Pre: 0.9224 Re: 1.0000 Acc: 0.9600 F1: 0.9596
Epoch 300: Time: 0.2977 Cost: 4.0021 Pre: 0.9224 Re: 1.0000 Acc: 0.9600 F1: 0.9596


--------------------------------------------------------------------
Eval results: Cost:2.9266 Pre:0.9446 Re:0.9925 Acc:0.9697 F1:0.9680
--------------------------------------------------------------------

Early stopping...
--------------------------------------------------------------------
--------------------------------------------------------------------
Test 4332 samples take time: 1.0581
FN id:
[ 110  312  321  838 1041 1474 1672 2012 2064 2992 3095 3126 3255 3592]
FP id:
[  24   65  127  164  167  175  176  185  193  263  265  268  269  275  313
  323  352  353  394  408  411  465  483  533  540  578  580  609  631  696
  731  736  752  769  773  804  847  889  907  933  945 1023 1033 1053 1130
 1142 1193 1203 1236 1374 1404 1550 1566 1576 1610 1620 1624 1638 1644 1657
 1740 1750 1804 1819 1832 1837 1889 1943 1947 1954 1974 2069 2089 2164 2193
 2278 2330 2352 2354 2359 2381 2405 2484 2531 2544 2582 2631 2681 2703 2719
 2740 2782 2819 2841 2932 2981 3022 3066 3076 3147 3149 3183 3205 3252 3344
 3369 3384 3414 3421 3453 3465 3613 3652 3709 3840 3885 3912 3952 3974 4008
 4070 4131 4231 4290]
Test results: Cost:3.1641 Pre:0.9408 Re:0.9929 Acc:0.9681 F1:0.9661
--------------------------------------------------------------------

