Load data
RNN type: UNI Grammar: g3 Seed: 7
Model total parameters: 4218
Saving hinit ... 

Epoch 0: Time: 0.7391 Cost: 24.6300 Pre: 0.5283 Re: 0.5770 Acc: 0.5543 F1: 0.5516


--------------------------------------------------------------------
Eval results: Cost:24.1351 Pre:0.5243 Re:0.5955 Acc:0.5646 F1:0.5577
--------------------------------------------------------------------

Epoch 1: Time: 0.7138 Cost: 24.2280 Pre: 0.5283 Re: 0.5770 Acc: 0.5543 F1: 0.5516
Epoch 2: Time: 0.6776 Cost: 23.5731 Pre: 0.5283 Re: 0.5770 Acc: 0.5543 F1: 0.5516
Epoch 3: Time: 0.6389 Cost: 22.8611 Pre: 0.5476 Re: 0.7360 Acc: 0.5858 F1: 0.6280
Epoch 4: Time: 0.6383 Cost: 22.2115 Pre: 0.5835 Re: 0.8165 Acc: 0.6360 F1: 0.6807
Epoch 5: Time: 0.6383 Cost: 21.6472 Pre: 0.6402 Re: 0.8180 Acc: 0.6951 F1: 0.7183
Epoch 6: Time: 0.6377 Cost: 21.1709 Pre: 0.6510 Re: 0.8065 Acc: 0.7027 F1: 0.7204
Epoch 7: Time: 0.6345 Cost: 20.8386 Pre: 0.6510 Re: 0.8065 Acc: 0.7027 F1: 0.7204
Epoch 8: Time: 0.6382 Cost: 20.5971 Pre: 0.6510 Re: 0.8065 Acc: 0.7027 F1: 0.7204
Epoch 9: Time: 0.6400 Cost: 20.3641 Pre: 0.6510 Re: 0.8065 Acc: 0.7027 F1: 0.7204
Epoch 10: Time: 0.6380 Cost: 20.0689 Pre: 0.6510 Re: 0.8065 Acc: 0.7027 F1: 0.7204


--------------------------------------------------------------------
Eval results: Cost:20.1778 Pre:0.6217 Re:0.8194 Acc:0.6871 F1:0.7070
--------------------------------------------------------------------

Epoch 11: Time: 0.6369 Cost: 19.6168 Pre: 0.6510 Re: 0.8065 Acc: 0.7027 F1: 0.7204
Epoch 12: Time: 0.6375 Cost: 18.8793 Pre: 0.6462 Re: 0.8094 Acc: 0.6989 F1: 0.7186
Epoch 13: Time: 0.6378 Cost: 17.9960 Pre: 0.6445 Re: 0.8935 Acc: 0.7153 F1: 0.7489
Epoch 14: Time: 0.6376 Cost: 17.0811 Pre: 0.6674 Re: 0.9165 Acc: 0.7433 F1: 0.7724
Epoch 15: Time: 0.6356 Cost: 16.0117 Pre: 0.6951 Re: 0.9381 Acc: 0.7751 F1: 0.7985
Epoch 16: Time: 0.6400 Cost: 14.6494 Pre: 0.7325 Re: 0.9633 Acc: 0.8154 F1: 0.8322
Epoch 17: Time: 0.6402 Cost: 12.9068 Pre: 0.7617 Re: 0.9727 Acc: 0.8424 F1: 0.8543
Epoch 18: Time: 0.6369 Cost: 10.8041 Pre: 0.7817 Re: 0.9763 Acc: 0.8592 F1: 0.8682
Epoch 19: Time: 0.6375 Cost: 8.4809 Pre: 0.8347 Re: 0.9734 Acc: 0.8958 F1: 0.8987
Epoch 20: Time: 0.6375 Cost: 5.1430 Pre: 0.9254 Re: 0.9899 Acc: 0.9573 F1: 0.9566


--------------------------------------------------------------------
Eval results: Cost:3.4920 Pre:0.9583 Re:0.9940 Acc:0.9773 F1:0.9758
--------------------------------------------------------------------

Epoch 21: Time: 0.6357 Cost: 2.3424 Pre: 0.9857 Re: 0.9950 Acc: 0.9908 F1: 0.9903
Epoch 22: Time: 0.6373 Cost: 1.3450 Pre: 0.9978 Re: 0.9986 Acc: 0.9983 F1: 0.9982
Epoch 23: Time: 0.6383 Cost: 0.8764 Pre: 1.0000 Re: 0.9986 Acc: 0.9993 F1: 0.9993
Epoch 24: Time: 0.6529 Cost: 0.5828 Pre: 1.0000 Re: 0.9993 Acc: 0.9997 F1: 0.9996
Epoch 25: Time: 0.6367 Cost: 0.3929 Pre: 1.0000 Re: 0.9993 Acc: 0.9997 F1: 0.9996
Epoch 26: Time: 0.6387 Cost: 0.2689 Pre: 1.0000 Re: 0.9993 Acc: 0.9997 F1: 0.9996
Epoch 27: Time: 0.6391 Cost: 0.1883 Pre: 1.0000 Re: 0.9993 Acc: 0.9997 F1: 0.9996
Epoch 28: Time: 0.6607 Cost: 0.1359 Pre: 1.0000 Re: 0.9993 Acc: 0.9997 F1: 0.9996
Epoch 29: Time: 0.6790 Cost: 0.1016 Pre: 1.0000 Re: 0.9993 Acc: 0.9997 F1: 0.9996
Epoch 30: Time: 0.6530 Cost: 0.0788 Pre: 1.0000 Re: 0.9993 Acc: 0.9997 F1: 0.9996


--------------------------------------------------------------------
Eval results: Cost:0.0662 Pre:1.0000 Re:0.9985 Acc:0.9993 F1:0.9993
--------------------------------------------------------------------

Epoch 31: Time: 0.6403 Cost: 0.0631 Pre: 1.0000 Re: 0.9993 Acc: 0.9997 F1: 0.9996
Epoch 32: Time: 0.6379 Cost: 0.0520 Pre: 1.0000 Re: 0.9993 Acc: 0.9997 F1: 0.9996
Epoch 33: Time: 0.6372 Cost: 0.0442 Pre: 1.0000 Re: 0.9993 Acc: 0.9997 F1: 0.9996
Epoch 34: Time: 0.6430 Cost: 0.0385 Pre: 1.0000 Re: 0.9993 Acc: 0.9997 F1: 0.9996
Epoch 35: Time: 0.6349 Cost: 0.0341 Pre: 1.0000 Re: 0.9993 Acc: 0.9997 F1: 0.9996
Epoch 36: Time: 0.6464 Cost: 0.0305 Pre: 1.0000 Re: 0.9993 Acc: 0.9997 F1: 0.9996
Epoch 37: Time: 0.6577 Cost: 0.0276 Pre: 1.0000 Re: 0.9993 Acc: 0.9997 F1: 0.9996
Epoch 38: Time: 0.6366 Cost: 0.0252 Pre: 1.0000 Re: 0.9993 Acc: 0.9997 F1: 0.9996
Epoch 39: Time: 0.6379 Cost: 0.0231 Pre: 1.0000 Re: 0.9993 Acc: 0.9997 F1: 0.9996
Epoch 40: Time: 0.6409 Cost: 0.0214 Pre: 1.0000 Re: 1.0000 Acc: 1.0000 F1: 1.0000


--------------------------------------------------------------------
Eval results: Cost:0.0245 Pre:1.0000 Re:1.0000 Acc:1.0000 F1:1.0000
--------------------------------------------------------------------

Epoch 41: Time: 0.6368 Cost: 0.0198 Pre: 1.0000 Re: 1.0000 Acc: 1.0000 F1: 1.0000
Epoch 42: Time: 0.6380 Cost: 0.0185 Pre: 1.0000 Re: 1.0000 Acc: 1.0000 F1: 1.0000
Epoch 43: Time: 0.6397 Cost: 0.0173 Pre: 1.0000 Re: 1.0000 Acc: 1.0000 F1: 1.0000
Epoch 44: Time: 0.7147 Cost: 0.0162 Pre: 1.0000 Re: 1.0000 Acc: 1.0000 F1: 1.0000
Epoch 45: Time: 0.6611 Cost: 0.0152 Pre: 1.0000 Re: 1.0000 Acc: 1.0000 F1: 1.0000
Epoch 46: Time: 0.6381 Cost: 0.0143 Pre: 1.0000 Re: 1.0000 Acc: 1.0000 F1: 1.0000
Epoch 47: Time: 0.6373 Cost: 0.0135 Pre: 1.0000 Re: 1.0000 Acc: 1.0000 F1: 1.0000
Epoch 48: Time: 0.6357 Cost: 0.0127 Pre: 1.0000 Re: 1.0000 Acc: 1.0000 F1: 1.0000
Epoch 49: Time: 0.6394 Cost: 0.0120 Pre: 1.0000 Re: 1.0000 Acc: 1.0000 F1: 1.0000
Epoch 50: Time: 0.6392 Cost: 0.0114 Pre: 1.0000 Re: 1.0000 Acc: 1.0000 F1: 1.0000


--------------------------------------------------------------------
Eval results: Cost:0.0135 Pre:1.0000 Re:1.0000 Acc:1.0000 F1:1.0000
--------------------------------------------------------------------

Epoch 51: Time: 0.6372 Cost: 0.0108 Pre: 1.0000 Re: 1.0000 Acc: 1.0000 F1: 1.0000
Epoch 52: Time: 0.6485 Cost: 0.0103 Pre: 1.0000 Re: 1.0000 Acc: 1.0000 F1: 1.0000
Epoch 53: Time: 0.6368 Cost: 0.0098 Pre: 1.0000 Re: 1.0000 Acc: 1.0000 F1: 1.0000
Epoch 54: Time: 0.6403 Cost: 0.0093 Pre: 1.0000 Re: 1.0000 Acc: 1.0000 F1: 1.0000
Epoch 55: Time: 0.6373 Cost: 0.0088 Pre: 1.0000 Re: 1.0000 Acc: 1.0000 F1: 1.0000
Epoch 56: Time: 0.6384 Cost: 0.0084 Pre: 1.0000 Re: 1.0000 Acc: 1.0000 F1: 1.0000
Epoch 57: Time: 0.6369 Cost: 0.0080 Pre: 1.0000 Re: 1.0000 Acc: 1.0000 F1: 1.0000
Epoch 58: Time: 0.6367 Cost: 0.0077 Pre: 1.0000 Re: 1.0000 Acc: 1.0000 F1: 1.0000
Epoch 59: Time: 0.6418 Cost: 0.0073 Pre: 1.0000 Re: 1.0000 Acc: 1.0000 F1: 1.0000
Epoch 60: Time: 0.6335 Cost: 0.0070 Pre: 1.0000 Re: 1.0000 Acc: 1.0000 F1: 1.0000


--------------------------------------------------------------------
Eval results: Cost:0.0083 Pre:1.0000 Re:1.0000 Acc:1.0000 F1:1.0000
--------------------------------------------------------------------

Epoch 61: Time: 0.6353 Cost: 0.0067 Pre: 1.0000 Re: 1.0000 Acc: 1.0000 F1: 1.0000
Epoch 62: Time: 0.6356 Cost: 0.0065 Pre: 1.0000 Re: 1.0000 Acc: 1.0000 F1: 1.0000
Epoch 63: Time: 0.6369 Cost: 0.0062 Pre: 1.0000 Re: 1.0000 Acc: 1.0000 F1: 1.0000
Epoch 64: Time: 0.6383 Cost: 0.0060 Pre: 1.0000 Re: 1.0000 Acc: 1.0000 F1: 1.0000
Epoch 65: Time: 0.6373 Cost: 0.0057 Pre: 1.0000 Re: 1.0000 Acc: 1.0000 F1: 1.0000
Epoch 66: Time: 0.6401 Cost: 0.0055 Pre: 1.0000 Re: 1.0000 Acc: 1.0000 F1: 1.0000
Epoch 67: Time: 0.6369 Cost: 0.0053 Pre: 1.0000 Re: 1.0000 Acc: 1.0000 F1: 1.0000
Epoch 68: Time: 0.6354 Cost: 0.0051 Pre: 1.0000 Re: 1.0000 Acc: 1.0000 F1: 1.0000
Epoch 69: Time: 0.6371 Cost: 0.0049 Pre: 1.0000 Re: 1.0000 Acc: 1.0000 F1: 1.0000
Epoch 70: Time: 0.6366 Cost: 0.0047 Pre: 1.0000 Re: 1.0000 Acc: 1.0000 F1: 1.0000


--------------------------------------------------------------------
Eval results: Cost:0.0055 Pre:1.0000 Re:1.0000 Acc:1.0000 F1:1.0000
--------------------------------------------------------------------

Epoch 71: Time: 0.6383 Cost: 0.0046 Pre: 1.0000 Re: 1.0000 Acc: 1.0000 F1: 1.0000
Epoch 72: Time: 0.6358 Cost: 0.0044 Pre: 1.0000 Re: 1.0000 Acc: 1.0000 F1: 1.0000
Epoch 73: Time: 0.6467 Cost: 0.0043 Pre: 1.0000 Re: 1.0000 Acc: 1.0000 F1: 1.0000
Epoch 74: Time: 0.6378 Cost: 0.0041 Pre: 1.0000 Re: 1.0000 Acc: 1.0000 F1: 1.0000
Epoch 75: Time: 0.6375 Cost: 0.0040 Pre: 1.0000 Re: 1.0000 Acc: 1.0000 F1: 1.0000
Epoch 76: Time: 0.6367 Cost: 0.0039 Pre: 1.0000 Re: 1.0000 Acc: 1.0000 F1: 1.0000
Epoch 77: Time: 0.6386 Cost: 0.0038 Pre: 1.0000 Re: 1.0000 Acc: 1.0000 F1: 1.0000
Epoch 78: Time: 0.6420 Cost: 0.0036 Pre: 1.0000 Re: 1.0000 Acc: 1.0000 F1: 1.0000
Epoch 79: Time: 0.6356 Cost: 0.0035 Pre: 1.0000 Re: 1.0000 Acc: 1.0000 F1: 1.0000
Epoch 80: Time: 0.6386 Cost: 0.0034 Pre: 1.0000 Re: 1.0000 Acc: 1.0000 F1: 1.0000


--------------------------------------------------------------------
Eval results: Cost:0.0039 Pre:1.0000 Re:1.0000 Acc:1.0000 F1:1.0000
--------------------------------------------------------------------

Epoch 81: Time: 0.7315 Cost: 0.0033 Pre: 1.0000 Re: 1.0000 Acc: 1.0000 F1: 1.0000
Epoch 82: Time: 0.6815 Cost: 0.0032 Pre: 1.0000 Re: 1.0000 Acc: 1.0000 F1: 1.0000
Epoch 83: Time: 0.6404 Cost: 0.0031 Pre: 1.0000 Re: 1.0000 Acc: 1.0000 F1: 1.0000
Epoch 84: Time: 0.6366 Cost: 0.0031 Pre: 1.0000 Re: 1.0000 Acc: 1.0000 F1: 1.0000
Epoch 85: Time: 0.6353 Cost: 0.0030 Pre: 1.0000 Re: 1.0000 Acc: 1.0000 F1: 1.0000
Epoch 86: Time: 0.6356 Cost: 0.0029 Pre: 1.0000 Re: 1.0000 Acc: 1.0000 F1: 1.0000
Epoch 87: Time: 0.6401 Cost: 0.0028 Pre: 1.0000 Re: 1.0000 Acc: 1.0000 F1: 1.0000
Epoch 88: Time: 0.6370 Cost: 0.0028 Pre: 1.0000 Re: 1.0000 Acc: 1.0000 F1: 1.0000
Epoch 89: Time: 0.6392 Cost: 0.0027 Pre: 1.0000 Re: 1.0000 Acc: 1.0000 F1: 1.0000
Epoch 90: Time: 0.6362 Cost: 0.0026 Pre: 1.0000 Re: 1.0000 Acc: 1.0000 F1: 1.0000


--------------------------------------------------------------------
Eval results: Cost:0.0029 Pre:1.0000 Re:1.0000 Acc:1.0000 F1:1.0000
--------------------------------------------------------------------

Epoch 91: Time: 0.6370 Cost: 0.0026 Pre: 1.0000 Re: 1.0000 Acc: 1.0000 F1: 1.0000
Epoch 92: Time: 0.6372 Cost: 0.0025 Pre: 1.0000 Re: 1.0000 Acc: 1.0000 F1: 1.0000
Epoch 93: Time: 0.6344 Cost: 0.0024 Pre: 1.0000 Re: 1.0000 Acc: 1.0000 F1: 1.0000
Epoch 94: Time: 0.6356 Cost: 0.0024 Pre: 1.0000 Re: 1.0000 Acc: 1.0000 F1: 1.0000
Epoch 95: Time: 0.6380 Cost: 0.0023 Pre: 1.0000 Re: 1.0000 Acc: 1.0000 F1: 1.0000
Epoch 96: Time: 0.6364 Cost: 0.0023 Pre: 1.0000 Re: 1.0000 Acc: 1.0000 F1: 1.0000
Epoch 97: Time: 0.6388 Cost: 0.0022 Pre: 1.0000 Re: 1.0000 Acc: 1.0000 F1: 1.0000
Epoch 98: Time: 0.6930 Cost: 0.0022 Pre: 1.0000 Re: 1.0000 Acc: 1.0000 F1: 1.0000
Epoch 99: Time: 0.6627 Cost: 0.0021 Pre: 1.0000 Re: 1.0000 Acc: 1.0000 F1: 1.0000
Epoch 100: Time: 0.6372 Cost: 0.0021 Pre: 1.0000 Re: 1.0000 Acc: 1.0000 F1: 1.0000


--------------------------------------------------------------------
Eval results: Cost:0.0023 Pre:1.0000 Re:1.0000 Acc:1.0000 F1:1.0000
--------------------------------------------------------------------

Epoch 101: Time: 0.6456 Cost: 0.0020 Pre: 1.0000 Re: 1.0000 Acc: 1.0000 F1: 1.0000
Epoch 102: Time: 0.6393 Cost: 0.0020 Pre: 1.0000 Re: 1.0000 Acc: 1.0000 F1: 1.0000
Epoch 103: Time: 0.6380 Cost: 0.0020 Pre: 1.0000 Re: 1.0000 Acc: 1.0000 F1: 1.0000
Epoch 104: Time: 0.6359 Cost: 0.0019 Pre: 1.0000 Re: 1.0000 Acc: 1.0000 F1: 1.0000
Epoch 105: Time: 0.6360 Cost: 0.0019 Pre: 1.0000 Re: 1.0000 Acc: 1.0000 F1: 1.0000
Epoch 106: Time: 0.6363 Cost: 0.0019 Pre: 1.0000 Re: 1.0000 Acc: 1.0000 F1: 1.0000
Epoch 107: Time: 0.6368 Cost: 0.0018 Pre: 1.0000 Re: 1.0000 Acc: 1.0000 F1: 1.0000
Epoch 108: Time: 0.6387 Cost: 0.0018 Pre: 1.0000 Re: 1.0000 Acc: 1.0000 F1: 1.0000
Epoch 109: Time: 0.6388 Cost: 0.0018 Pre: 1.0000 Re: 1.0000 Acc: 1.0000 F1: 1.0000
Epoch 110: Time: 0.6393 Cost: 0.0017 Pre: 1.0000 Re: 1.0000 Acc: 1.0000 F1: 1.0000


--------------------------------------------------------------------
Eval results: Cost:0.0019 Pre:1.0000 Re:1.0000 Acc:1.0000 F1:1.0000
--------------------------------------------------------------------

Epoch 111: Time: 0.6381 Cost: 0.0017 Pre: 1.0000 Re: 1.0000 Acc: 1.0000 F1: 1.0000
Epoch 112: Time: 0.6408 Cost: 0.0017 Pre: 1.0000 Re: 1.0000 Acc: 1.0000 F1: 1.0000
Epoch 113: Time: 0.6352 Cost: 0.0016 Pre: 1.0000 Re: 1.0000 Acc: 1.0000 F1: 1.0000
Epoch 114: Time: 0.6355 Cost: 0.0016 Pre: 1.0000 Re: 1.0000 Acc: 1.0000 F1: 1.0000
Epoch 115: Time: 0.6361 Cost: 0.0016 Pre: 1.0000 Re: 1.0000 Acc: 1.0000 F1: 1.0000
Epoch 116: Time: 0.6427 Cost: 0.0016 Pre: 1.0000 Re: 1.0000 Acc: 1.0000 F1: 1.0000
Epoch 117: Time: 0.6392 Cost: 0.0015 Pre: 1.0000 Re: 1.0000 Acc: 1.0000 F1: 1.0000
Epoch 118: Time: 0.6380 Cost: 0.0015 Pre: 1.0000 Re: 1.0000 Acc: 1.0000 F1: 1.0000
Epoch 119: Time: 0.6393 Cost: 0.0015 Pre: 1.0000 Re: 1.0000 Acc: 1.0000 F1: 1.0000
Epoch 120: Time: 0.6353 Cost: 0.0015 Pre: 1.0000 Re: 1.0000 Acc: 1.0000 F1: 1.0000


--------------------------------------------------------------------
Eval results: Cost:0.0016 Pre:1.0000 Re:1.0000 Acc:1.0000 F1:1.0000
--------------------------------------------------------------------

Early stopping...
--------------------------------------------------------------------
--------------------------------------------------------------------
Test 4332 samples take time: 2.1351
Test results: Cost:0.0011 Pre:1.0000 Re:1.0000 Acc:1.0000 F1:1.0000
--------------------------------------------------------------------

