G:g4, model:GRU tanh, load all data and stored hidden activations


--------------------------------------------------------------------
Begin DFA extraction with n_state:2
Done fitting takes time: 0.5054
==Minimized===

This DFA has 1 states
States: ['1']
Alphabet: set(['1', '0'])
Starting state: 1
Accepting states: []
Transition function:
	1
1 	1
0 	1
Current state: 1
Currently accepting: False

Precision: 0.0000 Recall: 0.0000 Accuracy: 0.5094 F1: 0.0000


--------------------------------------------------------------------
Begin DFA extraction with n_state:3
Done fitting takes time: 0.7605
==Minimized===

This DFA has 2 states
States: ['3', '1']
Alphabet: set(['1', '0'])
Starting state: 3
Accepting states: ['3']
Transition function:
	1	3
1 	1	1
0 	1	3
Current state: 3
Currently accepting: True

Precision: 0.1818 Recall: 0.0004 Accuracy: 0.5087 F1: 0.0008


--------------------------------------------------------------------
Begin DFA extraction with n_state:4
Done fitting takes time: 1.2145
==Minimized===

This DFA has 2 states
States: ['3', '1']
Alphabet: set(['1', '0'])
Starting state: 3
Accepting states: ['3']
Transition function:
	1	3
1 	1	1
0 	1	3
Current state: 3
Currently accepting: True

Precision: 0.1818 Recall: 0.0004 Accuracy: 0.5087 F1: 0.0008


--------------------------------------------------------------------
Begin DFA extraction with n_state:5
Done fitting takes time: 1.0642
==Minimized===

This DFA has 1 states
States: ['5']
Alphabet: set(['1', '0'])
Starting state: 5
Accepting states: []
Transition function:
	5
1 	5
0 	5
Current state: 5
Currently accepting: False

Precision: 0.0000 Recall: 0.0000 Accuracy: 0.5094 F1: 0.0000


--------------------------------------------------------------------
Begin DFA extraction with n_state:6
Done fitting takes time: 0.6253
==Minimized===

This DFA has 1 states
States: ['5']
Alphabet: set(['1', '0'])
Starting state: 5
Accepting states: []
Transition function:
	5
1 	5
0 	5
Current state: 5
Currently accepting: False

Precision: 0.0000 Recall: 0.0000 Accuracy: 0.5094 F1: 0.0000


--------------------------------------------------------------------
Begin DFA extraction with n_state:7
Done fitting takes time: 0.6824
==Minimized===

This DFA has 1 states
States: ['5']
Alphabet: set(['1', '0'])
Starting state: 5
Accepting states: []
Transition function:
	5
1 	5
0 	5
Current state: 5
Currently accepting: False

Precision: 0.0000 Recall: 0.0000 Accuracy: 0.5094 F1: 0.0000


--------------------------------------------------------------------
Begin DFA extraction with n_state:8
Done fitting takes time: 0.5555
==Minimized===

This DFA has 4 states
States: ['3', '8', '1', '5']
Alphabet: set(['1', '0'])
Starting state: 5
Accepting states: ['3']
Transition function:
	1	3	5	8
1 	1	1	8	1
0 	1	1	8	3
Current state: 5
Currently accepting: False

Precision: 1.0000 Recall: 0.0004 Accuracy: 0.5096 F1: 0.0008


--------------------------------------------------------------------
Begin DFA extraction with n_state:9
Done fitting takes time: 0.5574
==Minimized===

This DFA has 6 states
States: ['3', '1', '9', '8', '2', '5']
Alphabet: set(['1', '0'])
Starting state: 5
Accepting states: ['1', '9', '3']
Transition function:
	1	2	3	5	8	9
1 	1	2	1	8	1	1
0 	9	2	2	8	3	3
Current state: 5
Currently accepting: False

Precision: 1.0000 Recall: 0.9157 Accuracy: 0.9586 F1: 0.9560


--------------------------------------------------------------------
Begin DFA extraction with n_state:10
Done fitting takes time: 1.1939
==Minimized===

This DFA has 7 states
States: ['3', '1', '9', '10', '8', '2', '5']
Alphabet: set(['1', '0'])
Starting state: 5
Accepting states: ['1', '9', '3']
Transition function:
	1	10	2	3	5	8	9
1 	1	1	2	1	8	10	1
0 	9	9	2	2	8	10	3
Current state: 5
Currently accepting: False

Precision: 0.8995 Recall: 0.9988 Accuracy: 0.9447 F1: 0.9466


--------------------------------------------------------------------
Begin DFA extraction with n_state:11
Done fitting takes time: 0.5743
==Minimized===

This DFA has 6 states
States: ['3', '1', '9', '8', '2', '5']
Alphabet: set(['1', '0'])
Starting state: 5
Accepting states: ['1', '9', '3']
Transition function:
	1	2	3	5	8	9
1 	1	2	1	8	1	1
0 	9	2	2	8	9	3
Current state: 5
Currently accepting: False

Precision: 0.9499 Recall: 0.9996 Accuracy: 0.9739 F1: 0.9741


--------------------------------------------------------------------
Begin DFA extraction with n_state:12
Done fitting takes time: 0.5612
==Minimized===

This DFA has 6 states
States: ['3', '11', '10', '8', '2', '5']
Alphabet: set(['1', '0'])
Starting state: 5
Accepting states: ['11', '10', '3']
Transition function:
	10	11	2	3	5	8
1 	10	10	2	10	8	10
0 	11	3	2	2	8	11
Current state: 5
Currently accepting: False

Precision: 0.9499 Recall: 0.9996 Accuracy: 0.9739 F1: 0.9741


--------------------------------------------------------------------
Begin DFA extraction with n_state:13
Done fitting takes time: 0.5869
==Minimized===

This DFA has 6 states
States: ['3', '11', '10', '8', '2', '5']
Alphabet: set(['1', '0'])
Starting state: 5
Accepting states: ['11', '10', '3']
Transition function:
	10	11	2	3	5	8
1 	10	10	2	10	8	10
0 	11	3	2	2	8	11
Current state: 5
Currently accepting: False

Precision: 0.9499 Recall: 0.9996 Accuracy: 0.9739 F1: 0.9741


--------------------------------------------------------------------
Begin DFA extraction with n_state:14
Done fitting takes time: 1.3344
==Minimized===

This DFA has 6 states
States: ['3', '11', '10', '8', '2', '5']
Alphabet: set(['1', '0'])
Starting state: 5
Accepting states: ['11', '10', '3']
Transition function:
	10	11	2	3	5	8
1 	10	10	2	10	8	10
0 	11	3	2	2	8	11
Current state: 5
Currently accepting: False

Precision: 0.9499 Recall: 0.9996 Accuracy: 0.9739 F1: 0.9741


--------------------------------------------------------------------
Begin DFA extraction with n_state:15
Done fitting takes time: 0.7224
==Minimized===

This DFA has 6 states
States: ['3', '11', '10', '8', '15', '5']
Alphabet: set(['1', '0'])
Starting state: 5
Accepting states: ['11', '10', '3']
Transition function:
	10	11	15	3	5	8
1 	10	10	15	10	8	10
0 	11	3	15	15	8	11
Current state: 5
Currently accepting: False

Precision: 0.9499 Recall: 0.9996 Accuracy: 0.9739 F1: 0.9741


--------------------------------------------------------------------
Begin DFA extraction with n_state:16
Done fitting takes time: 0.9326
==Minimized===

This DFA has 6 states
States: ['3', '11', '10', '8', '15', '5']
Alphabet: set(['1', '0'])
Starting state: 5
Accepting states: ['11', '10', '3']
Transition function:
	10	11	15	3	5	8
1 	10	10	15	10	8	10
0 	11	3	15	15	8	11
Current state: 5
Currently accepting: False

Precision: 0.9499 Recall: 0.9996 Accuracy: 0.9739 F1: 0.9741


--------------------------------------------------------------------
Begin DFA extraction with n_state:17
Done fitting takes time: 0.5825
==Minimized===

This DFA has 6 states
States: ['3', '11', '10', '8', '15', '5']
Alphabet: set(['1', '0'])
Starting state: 5
Accepting states: ['11', '10', '3']
Transition function:
	10	11	15	3	5	8
1 	10	10	15	10	8	10
0 	11	3	15	15	8	11
Current state: 5
Currently accepting: False

Precision: 0.9499 Recall: 0.9996 Accuracy: 0.9739 F1: 0.9741


--------------------------------------------------------------------
Begin DFA extraction with n_state:18
Done fitting takes time: 0.6114
==Minimized===

This DFA has 6 states
States: ['3', '11', '10', '8', '15', '5']
Alphabet: set(['1', '0'])
Starting state: 5
Accepting states: ['11', '10', '3']
Transition function:
	10	11	15	3	5	8
1 	10	10	15	10	8	10
0 	11	3	15	15	8	11
Current state: 5
Currently accepting: False

Precision: 0.9499 Recall: 0.9996 Accuracy: 0.9739 F1: 0.9741


--------------------------------------------------------------------
Begin DFA extraction with n_state:19
Done fitting takes time: 1.8051
==Minimized===

This DFA has 6 states
States: ['3', '11', '10', '8', '15', '5']
Alphabet: set(['1', '0'])
Starting state: 5
Accepting states: ['11', '10', '3']
Transition function:
	10	11	15	3	5	8
1 	10	10	15	10	8	10
0 	11	3	15	15	8	11
Current state: 5
Currently accepting: False

Precision: 0.9499 Recall: 0.9996 Accuracy: 0.9739 F1: 0.9741
[  0.00000000e+00   7.77000777e-04   7.77000777e-04   0.00000000e+00
   0.00000000e+00   0.00000000e+00   7.78361549e-04   9.56000406e-01
   9.46591643e-01   9.74106042e-01   9.74106042e-01   9.74106042e-01
   9.74106042e-01   9.74106042e-01   9.74106042e-01   9.74106042e-01
   9.74106042e-01   9.74106042e-01]


[[  0.00000000e+00   0.00000000e+00   3.89256520e-04   3.89256520e-04
    6.58294355e-01   1.00000000e+00   1.00000000e+00   1.00000000e+00
    1.00000000e+00   1.00000000e+00   1.00000000e+00   1.00000000e+00
    1.00000000e+00   1.00000000e+00   1.00000000e+00   1.00000000e+00
    1.00000000e+00   1.00000000e+00]
 [  0.00000000e+00   0.00000000e+00   0.00000000e+00   0.00000000e+00
    0.00000000e+00   0.00000000e+00   0.00000000e+00   0.00000000e+00
    0.00000000e+00   0.00000000e+00   0.00000000e+00   9.19680517e-01
    4.69588442e-01   8.90030475e-01   7.24949847e-01   8.61232738e-01
    8.73665312e-01   7.40669184e-01]
 [  6.58294355e-01   6.58294355e-01   6.58294355e-01   9.06904990e-01
    9.44475087e-01   9.44475087e-01   9.44475087e-01   1.00000000e+00
    1.00000000e+00   1.00000000e+00   1.00000000e+00   1.00000000e+00
    1.00000000e+00   1.00000000e+00   1.00000000e+00   1.00000000e+00
    1.00000000e+00   1.00000000e+00]
 [  0.00000000e+00   0.00000000e+00   0.00000000e+00   9.06904990e-01
    9.44475087e-01   9.44475087e-01   9.44475087e-01   1.00000000e+00
    1.00000000e+00   1.00000000e+00   1.00000000e+00   1.00000000e+00
    1.00000000e+00   1.00000000e+00   1.00000000e+00   1.00000000e+00
    1.00000000e+00   1.00000000e+00]
 [  0.00000000e+00   6.58294355e-01   6.58294355e-01   9.06904990e-01
    9.44475087e-01   9.44475087e-01   9.44475087e-01   1.00000000e+00
    9.44475087e-01   9.44475087e-01   1.00000000e+00   1.00000000e+00
    1.00000000e+00   1.00000000e+00   1.00000000e+00   1.00000000e+00
    1.00000000e+00   1.00000000e+00]
 [  0.00000000e+00   6.58294355e-01   6.58294355e-01   6.58294355e-01
    1.00000000e+00   1.00000000e+00   1.00000000e+00   1.00000000e+00
    1.00000000e+00   1.00000000e+00   1.00000000e+00   1.00000000e+00
    1.00000000e+00   1.00000000e+00   1.00000000e+00   1.00000000e+00
    1.00000000e+00   1.00000000e+00]
 [  0.00000000e+00   0.00000000e+00   0.00000000e+00   1.00000000e+00
    1.00000000e+00   1.00000000e+00   9.44475087e-01   1.00000000e+00
    1.00000000e+00   1.00000000e+00   1.00000000e+00   1.00000000e+00
    1.00000000e+00   1.00000000e+00   1.00000000e+00   1.00000000e+00
    1.00000000e+00   1.00000000e+00]
 [  0.00000000e+00   6.58294355e-01   6.58294355e-01   6.58294355e-01
    0.00000000e+00   0.00000000e+00   0.00000000e+00   1.00000000e+00
    9.44475087e-01   9.44475087e-01   9.44475087e-01   9.44475087e-01
    9.74106042e-01   9.74106042e-01   1.00000000e+00   1.00000000e+00
    1.00000000e+00   1.00000000e+00]
 [  0.00000000e+00   7.77000777e-04   7.77000777e-04   0.00000000e+00
    0.00000000e+00   0.00000000e+00   7.78361549e-04   9.56000406e-01
    9.46591643e-01   9.74106042e-01   9.74106042e-01   9.74106042e-01
    9.74106042e-01   9.74106042e-01   9.74106042e-01   9.74106042e-01
    9.74106042e-01   9.74106042e-01]]
