G:g4, model:UNI sigmoid, load all data and stored hidden activations


--------------------------------------------------------------------
Begin DFA extraction with n_state:2
Done fitting takes time: 0.4915
==Minimized===

This DFA has 1 states
States: ['1']
Alphabet: set(['1', '0'])
Starting state: 1
Accepting states: []
Transition function:
	1
1 	1
0 	1
Current state: 1
Currently accepting: False

Precision: 0.0000 Recall: 0.0000 Accuracy: 0.5094 F1: 0.0000


--------------------------------------------------------------------
Begin DFA extraction with n_state:3
Done fitting takes time: 0.4764
==Minimized===

This DFA has 1 states
States: ['1']
Alphabet: set(['1', '0'])
Starting state: 1
Accepting states: ['1']
Transition function:
	1
1 	1
0 	1
Current state: 1
Currently accepting: True

Precision: 0.4906 Recall: 1.0000 Accuracy: 0.4906 F1: 0.6583


--------------------------------------------------------------------
Begin DFA extraction with n_state:4
Done fitting takes time: 0.5186
==Minimized===

This DFA has 2 states
States: ['1', '3']
Alphabet: set(['1', '0'])
Starting state: 3
Accepting states: ['1']
Transition function:
	1	3
1 	1	1
0 	1	1
Current state: 3
Currently accepting: False

Precision: 0.4906 Recall: 1.0000 Accuracy: 0.4906 F1: 0.6583


--------------------------------------------------------------------
Begin DFA extraction with n_state:5
Done fitting takes time: 0.5319
==Minimized===

This DFA has 2 states
States: ['1', '3']
Alphabet: set(['1', '0'])
Starting state: 3
Accepting states: ['1']
Transition function:
	1	3
1 	1	1
0 	1	1
Current state: 3
Currently accepting: False

Precision: 0.4906 Recall: 1.0000 Accuracy: 0.4906 F1: 0.6583


--------------------------------------------------------------------
Begin DFA extraction with n_state:6
Done fitting takes time: 0.5243
==Minimized===

This DFA has 5 states
States: ['6', '1', '4', '3', '2']
Alphabet: set(['1', '0'])
Starting state: 3
Accepting states: ['1', '4', '6']
Transition function:
	1	2	3	4	6
1 	1	2	1	1	1
0 	4	2	4	6	2
Current state: 3
Currently accepting: False

Precision: 1.0000 Recall: 1.0000 Accuracy: 1.0000 F1: 1.0000


--------------------------------------------------------------------
Begin DFA extraction with n_state:7
Done fitting takes time: 0.6343
==Minimized===

This DFA has 5 states
States: ['6', '1', '4', '3', '2']
Alphabet: set(['1', '0'])
Starting state: 3
Accepting states: ['1', '4', '6']
Transition function:
	1	2	3	4	6
1 	1	2	1	1	1
0 	4	2	4	6	2
Current state: 3
Currently accepting: False

Precision: 1.0000 Recall: 1.0000 Accuracy: 1.0000 F1: 1.0000


--------------------------------------------------------------------
Begin DFA extraction with n_state:8
Done fitting takes time: 0.5358
==Minimized===

This DFA has 5 states
States: ['6', '1', '4', '3', '2']
Alphabet: set(['1', '0'])
Starting state: 3
Accepting states: ['1', '4', '6']
Transition function:
	1	2	3	4	6
1 	1	2	1	1	1
0 	4	2	4	6	2
Current state: 3
Currently accepting: False

Precision: 1.0000 Recall: 1.0000 Accuracy: 1.0000 F1: 1.0000


--------------------------------------------------------------------
Begin DFA extraction with n_state:9
Done fitting takes time: 1.1075
==Minimized===

This DFA has 5 states
States: ['6', '1', '4', '3', '2']
Alphabet: set(['1', '0'])
Starting state: 3
Accepting states: ['1', '4', '6']
Transition function:
	1	2	3	4	6
1 	1	2	1	1	1
0 	4	2	4	6	2
Current state: 3
Currently accepting: False

Precision: 1.0000 Recall: 1.0000 Accuracy: 1.0000 F1: 1.0000


--------------------------------------------------------------------
Begin DFA extraction with n_state:10
Done fitting takes time: 0.5731
==Minimized===

This DFA has 5 states
States: ['6', '1', '4', '10', '3']
Alphabet: set(['1', '0'])
Starting state: 3
Accepting states: ['1', '4', '6']
Transition function:
	1	10	3	4	6
1 	1	10	1	1	1
0 	4	10	4	6	10
Current state: 3
Currently accepting: False

Precision: 1.0000 Recall: 1.0000 Accuracy: 1.0000 F1: 1.0000


--------------------------------------------------------------------
Begin DFA extraction with n_state:11
Done fitting takes time: 1.0789
==Minimized===

This DFA has 5 states
States: ['6', '11', '4', '10', '3']
Alphabet: set(['1', '0'])
Starting state: 3
Accepting states: ['11', '4', '6']
Transition function:
	10	11	3	4	6
1 	10	11	11	11	11
0 	10	4	4	6	10
Current state: 3
Currently accepting: False

Precision: 1.0000 Recall: 1.0000 Accuracy: 1.0000 F1: 1.0000


--------------------------------------------------------------------
Begin DFA extraction with n_state:12
Done fitting takes time: 0.5536
==Minimized===

This DFA has 5 states
States: ['12', '11', '4', '10', '3']
Alphabet: set(['1', '0'])
Starting state: 3
Accepting states: ['11', '12', '4']
Transition function:
	10	11	12	3	4
1 	10	11	11	11	11
0 	10	4	10	4	12
Current state: 3
Currently accepting: False

Precision: 1.0000 Recall: 1.0000 Accuracy: 1.0000 F1: 1.0000


--------------------------------------------------------------------
Begin DFA extraction with n_state:13
Done fitting takes time: 1.2265
==Minimized===

This DFA has 5 states
States: ['12', '11', '13', '10', '3']
Alphabet: set(['1', '0'])
Starting state: 3
Accepting states: ['11', '13', '12']
Transition function:
	10	11	12	13	3
1 	10	11	11	11	11
0 	10	13	10	12	13
Current state: 3
Currently accepting: False

Precision: 1.0000 Recall: 1.0000 Accuracy: 1.0000 F1: 1.0000


--------------------------------------------------------------------
Begin DFA extraction with n_state:14
Done fitting takes time: 0.7175
==Minimized===

This DFA has 5 states
States: ['12', '11', '13', '10', '3']
Alphabet: set(['1', '0'])
Starting state: 3
Accepting states: ['11', '13', '12']
Transition function:
	10	11	12	13	3
1 	10	11	11	11	11
0 	10	13	10	12	13
Current state: 3
Currently accepting: False

Precision: 1.0000 Recall: 1.0000 Accuracy: 1.0000 F1: 1.0000


--------------------------------------------------------------------
Begin DFA extraction with n_state:15
Done fitting takes time: 0.5817
==Minimized===

This DFA has 5 states
States: ['12', '11', '13', '10', '3']
Alphabet: set(['1', '0'])
Starting state: 3
Accepting states: ['11', '13', '12']
Transition function:
	10	11	12	13	3
1 	10	11	11	11	11
0 	10	13	10	12	13
Current state: 3
Currently accepting: False

Precision: 1.0000 Recall: 1.0000 Accuracy: 1.0000 F1: 1.0000


--------------------------------------------------------------------
Begin DFA extraction with n_state:16
Done fitting takes time: 0.5575
==Minimized===

This DFA has 5 states
States: ['12', '11', '13', '10', '3']
Alphabet: set(['1', '0'])
Starting state: 3
Accepting states: ['11', '13', '12']
Transition function:
	10	11	12	13	3
1 	10	11	11	11	11
0 	10	13	10	12	13
Current state: 3
Currently accepting: False

Precision: 1.0000 Recall: 1.0000 Accuracy: 1.0000 F1: 1.0000


--------------------------------------------------------------------
Begin DFA extraction with n_state:17
Done fitting takes time: 0.5724
==Minimized===

This DFA has 5 states
States: ['12', '11', '13', '10', '3']
Alphabet: set(['1', '0'])
Starting state: 3
Accepting states: ['11', '13', '12']
Transition function:
	10	11	12	13	3
1 	10	11	11	11	11
0 	10	13	10	12	13
Current state: 3
Currently accepting: False

Precision: 1.0000 Recall: 1.0000 Accuracy: 1.0000 F1: 1.0000


--------------------------------------------------------------------
Begin DFA extraction with n_state:18
Done fitting takes time: 0.5710
==Minimized===

This DFA has 5 states
States: ['12', '11', '13', '10', '3']
Alphabet: set(['1', '0'])
Starting state: 3
Accepting states: ['11', '13', '12']
Transition function:
	10	11	12	13	3
1 	10	11	11	11	11
0 	10	13	10	12	13
Current state: 3
Currently accepting: False

Precision: 1.0000 Recall: 1.0000 Accuracy: 1.0000 F1: 1.0000


--------------------------------------------------------------------
Begin DFA extraction with n_state:19
Done fitting takes time: 0.9039
==Minimized===

This DFA has 5 states
States: ['12', '11', '13', '10', '3']
Alphabet: set(['1', '0'])
Starting state: 3
Accepting states: ['11', '13', '12']
Transition function:
	10	11	12	13	3
1 	10	11	11	11	11
0 	10	13	10	12	13
Current state: 3
Currently accepting: False

Precision: 1.0000 Recall: 1.0000 Accuracy: 1.0000 F1: 1.0000
[ 0.          0.65829436  0.65829436  0.65829436  1.          1.          1.
  1.          1.          1.          1.          1.          1.          1.
  1.          1.          1.          1.        ]


[[  0.00000000e+00   7.77000777e-04   6.58294355e-01   6.58294355e-01
    6.58294355e-01   1.00000000e+00   1.00000000e+00   1.00000000e+00
    1.00000000e+00   1.00000000e+00   1.00000000e+00   1.00000000e+00
    1.00000000e+00   1.00000000e+00   1.00000000e+00   1.00000000e+00
    1.00000000e+00   1.00000000e+00]
 [  0.00000000e+00   0.00000000e+00   0.00000000e+00   0.00000000e+00
    0.00000000e+00   0.00000000e+00   0.00000000e+00   0.00000000e+00
    1.00000000e+00   1.00000000e+00   1.00000000e+00   1.00000000e+00
    9.19680517e-01   9.31200582e-01   9.19680517e-01   9.20276208e-01
    9.31200582e-01   9.05683727e-01]
 [  0.00000000e+00   0.00000000e+00   0.00000000e+00   0.00000000e+00
    0.00000000e+00   0.00000000e+00   0.00000000e+00   0.00000000e+00
    0.00000000e+00   0.00000000e+00   0.00000000e+00   0.00000000e+00
    0.00000000e+00   0.00000000e+00   0.00000000e+00   0.00000000e+00
    0.00000000e+00   0.00000000e+00]
 [  0.00000000e+00   0.00000000e+00   0.00000000e+00   0.00000000e+00
    0.00000000e+00   0.00000000e+00   0.00000000e+00   0.00000000e+00
    0.00000000e+00   0.00000000e+00   0.00000000e+00   0.00000000e+00
    0.00000000e+00   0.00000000e+00   0.00000000e+00   0.00000000e+00
    0.00000000e+00   0.00000000e+00]
 [  0.00000000e+00   6.58294355e-01   6.58294355e-01   6.58294355e-01
    1.00000000e+00   1.00000000e+00   1.00000000e+00   1.00000000e+00
    1.00000000e+00   1.00000000e+00   1.00000000e+00   1.00000000e+00
    1.00000000e+00   1.00000000e+00   1.00000000e+00   1.00000000e+00
    1.00000000e+00   1.00000000e+00]
 [  0.00000000e+00   0.00000000e+00   0.00000000e+00   0.00000000e+00
    0.00000000e+00   0.00000000e+00   0.00000000e+00   0.00000000e+00
    0.00000000e+00   0.00000000e+00   0.00000000e+00   0.00000000e+00
    0.00000000e+00   0.00000000e+00   0.00000000e+00   0.00000000e+00
    0.00000000e+00   0.00000000e+00]
 [  0.00000000e+00   0.00000000e+00   0.00000000e+00   0.00000000e+00
    0.00000000e+00   0.00000000e+00   0.00000000e+00   0.00000000e+00
    0.00000000e+00   0.00000000e+00   0.00000000e+00   0.00000000e+00
    0.00000000e+00   0.00000000e+00   0.00000000e+00   0.00000000e+00
    0.00000000e+00   0.00000000e+00]
 [  0.00000000e+00   0.00000000e+00   0.00000000e+00   0.00000000e+00
    0.00000000e+00   0.00000000e+00   0.00000000e+00   0.00000000e+00
    0.00000000e+00   0.00000000e+00   0.00000000e+00   0.00000000e+00
    0.00000000e+00   0.00000000e+00   0.00000000e+00   0.00000000e+00
    0.00000000e+00   0.00000000e+00]
 [  0.00000000e+00   0.00000000e+00   0.00000000e+00   0.00000000e+00
    0.00000000e+00   0.00000000e+00   0.00000000e+00   0.00000000e+00
    0.00000000e+00   0.00000000e+00   0.00000000e+00   0.00000000e+00
    0.00000000e+00   0.00000000e+00   0.00000000e+00   0.00000000e+00
    0.00000000e+00   0.00000000e+00]]
