G:g4, model:UNI sigmoid, load all data and stored hidden activations


--------------------------------------------------------------------
Begin DFA extraction with n_state:2
Done fitting takes time: 0.4867
==Minimized===

This DFA has 1 states
States: ['1']
Alphabet: set(['1', '0'])
Starting state: 1
Accepting states: []
Transition function:
	1
1 	1
0 	1
Current state: 1
Currently accepting: False

Precision: 0.0000 Recall: 0.0000 Accuracy: 0.5094 F1: 0.0000


--------------------------------------------------------------------
Begin DFA extraction with n_state:3
Done fitting takes time: 0.4677
==Minimized===

This DFA has 1 states
States: ['1']
Alphabet: set(['1', '0'])
Starting state: 1
Accepting states: ['1']
Transition function:
	1
1 	1
0 	1
Current state: 1
Currently accepting: True

Precision: 0.4906 Recall: 1.0000 Accuracy: 0.4906 F1: 0.6583


--------------------------------------------------------------------
Begin DFA extraction with n_state:4
Done fitting takes time: 0.5223
==Minimized===

This DFA has 1 states
States: ['1']
Alphabet: set(['1', '0'])
Starting state: 1
Accepting states: ['1']
Transition function:
	1
1 	1
0 	1
Current state: 1
Currently accepting: True

Precision: 0.4906 Recall: 1.0000 Accuracy: 0.4906 F1: 0.6583


--------------------------------------------------------------------
Begin DFA extraction with n_state:5
Done fitting takes time: 0.5321
==Minimized===

This DFA has 4 states
States: ['2', '5', '1', '3']
Alphabet: set(['1', '0'])
Starting state: 3
Accepting states: ['1', '3', '5']
Transition function:
	1	2	3	5
1 	1	2	1	1
0 	3	2	5	2
Current state: 3
Currently accepting: True

Precision: 1.0000 Recall: 0.8297 Accuracy: 0.9164 F1: 0.9069


--------------------------------------------------------------------
Begin DFA extraction with n_state:6
Done fitting takes time: 0.5260
==Minimized===

This DFA has 4 states
States: ['2', '5', '1', '3']
Alphabet: set(['1', '0'])
Starting state: 3
Accepting states: ['1', '3', '5']
Transition function:
	1	2	3	5
1 	1	2	1	1
0 	3	2	5	2
Current state: 3
Currently accepting: True

Precision: 1.0000 Recall: 0.8297 Accuracy: 0.9164 F1: 0.9069


--------------------------------------------------------------------
Begin DFA extraction with n_state:7
Done fitting takes time: 1.1606
==Minimized===

This DFA has 5 states
States: ['2', '5', '3', '1', '7']
Alphabet: set(['1', '0'])
Starting state: 7
Accepting states: ['1', '3', '5', '7']
Transition function:
	1	2	3	5	7
1 	1	2	1	1	1
0 	3	2	5	2	7
Current state: 7
Currently accepting: True

Precision: 0.8948 Recall: 1.0000 Accuracy: 0.9423 F1: 0.9445


--------------------------------------------------------------------
Begin DFA extraction with n_state:8
Done fitting takes time: 0.5287
==Minimized===

This DFA has 5 states
States: ['2', '5', '3', '1', '7']
Alphabet: set(['1', '0'])
Starting state: 7
Accepting states: ['1', '3', '5', '7']
Transition function:
	1	2	3	5	7
1 	1	2	1	1	1
0 	3	2	5	2	7
Current state: 7
Currently accepting: True

Precision: 0.8948 Recall: 1.0000 Accuracy: 0.9423 F1: 0.9445


--------------------------------------------------------------------
Begin DFA extraction with n_state:9
Done fitting takes time: 1.2555
==Minimized===

This DFA has 5 states
States: ['5', '1', '3', '2', '7']
Alphabet: set(['1', '0'])
Starting state: 7
Accepting states: ['1', '3', '5']
Transition function:
	1	2	3	5	7
1 	1	2	1	1	1
0 	3	2	5	2	3
Current state: 7
Currently accepting: False

Precision: 1.0000 Recall: 1.0000 Accuracy: 1.0000 F1: 1.0000


--------------------------------------------------------------------
Begin DFA extraction with n_state:10
Done fitting takes time: 0.8216
==Minimized===

This DFA has 5 states
States: ['10', '1', '3', '2', '7']
Alphabet: set(['1', '0'])
Starting state: 7
Accepting states: ['10', '1', '3']
Transition function:
	1	10	2	3	7
1 	1	1	2	1	1
0 	3	2	2	10	3
Current state: 7
Currently accepting: False

Precision: 1.0000 Recall: 1.0000 Accuracy: 1.0000 F1: 1.0000


--------------------------------------------------------------------
Begin DFA extraction with n_state:11
Done fitting takes time: 0.9600
==Minimized===

This DFA has 5 states
States: ['10', '1', '3', '11', '2']
Alphabet: set(['1', '0'])
Starting state: 11
Accepting states: ['10', '1', '3']
Transition function:
	1	10	11	2	3
1 	1	1	1	2	1
0 	3	2	3	2	10
Current state: 11
Currently accepting: False

Precision: 1.0000 Recall: 1.0000 Accuracy: 1.0000 F1: 1.0000


--------------------------------------------------------------------
Begin DFA extraction with n_state:12
Done fitting takes time: 0.8086
==Minimized===

This DFA has 5 states
States: ['10', '12', '3', '11', '2']
Alphabet: set(['1', '0'])
Starting state: 11
Accepting states: ['10', '12', '3']
Transition function:
	10	11	12	2	3
1 	12	12	12	2	12
0 	2	3	3	2	10
Current state: 11
Currently accepting: False

Precision: 1.0000 Recall: 1.0000 Accuracy: 1.0000 F1: 1.0000


--------------------------------------------------------------------
Begin DFA extraction with n_state:13
Done fitting takes time: 1.1371
==Minimized===

This DFA has 5 states
States: ['10', '13', '3', '11', '2']
Alphabet: set(['1', '0'])
Starting state: 11
Accepting states: ['10', '13', '3']
Transition function:
	10	11	13	2	3
1 	13	13	13	2	13
0 	2	3	3	2	10
Current state: 11
Currently accepting: False

Precision: 1.0000 Recall: 1.0000 Accuracy: 1.0000 F1: 1.0000


--------------------------------------------------------------------
Begin DFA extraction with n_state:14
Done fitting takes time: 0.5535
==Minimized===

This DFA has 5 states
States: ['10', '13', '3', '11', '2']
Alphabet: set(['1', '0'])
Starting state: 11
Accepting states: ['10', '13', '3']
Transition function:
	10	11	13	2	3
1 	13	13	13	2	13
0 	2	3	3	2	10
Current state: 11
Currently accepting: False

Precision: 1.0000 Recall: 1.0000 Accuracy: 1.0000 F1: 1.0000


--------------------------------------------------------------------
Begin DFA extraction with n_state:15
Done fitting takes time: 0.5583
==Minimized===

This DFA has 5 states
States: ['10', '13', '3', '11', '15']
Alphabet: set(['1', '0'])
Starting state: 11
Accepting states: ['10', '13', '3']
Transition function:
	10	11	13	15	3
1 	13	13	13	15	13
0 	15	3	3	15	10
Current state: 11
Currently accepting: False

Precision: 1.0000 Recall: 1.0000 Accuracy: 1.0000 F1: 1.0000


--------------------------------------------------------------------
Begin DFA extraction with n_state:16
Done fitting takes time: 0.5569
==Minimized===

This DFA has 5 states
States: ['10', '13', '3', '11', '15']
Alphabet: set(['1', '0'])
Starting state: 11
Accepting states: ['10', '13', '3']
Transition function:
	10	11	13	15	3
1 	13	13	13	15	13
0 	15	3	3	15	10
Current state: 11
Currently accepting: False

Precision: 1.0000 Recall: 1.0000 Accuracy: 1.0000 F1: 1.0000


--------------------------------------------------------------------
Begin DFA extraction with n_state:17
Done fitting takes time: 0.6404
==Minimized===

This DFA has 5 states
States: ['10', '13', '3', '11', '15']
Alphabet: set(['1', '0'])
Starting state: 11
Accepting states: ['10', '13', '3']
Transition function:
	10	11	13	15	3
1 	13	13	13	15	13
0 	15	3	3	15	10
Current state: 11
Currently accepting: False

Precision: 1.0000 Recall: 1.0000 Accuracy: 1.0000 F1: 1.0000


--------------------------------------------------------------------
Begin DFA extraction with n_state:18
Done fitting takes time: 0.5734
==Minimized===

This DFA has 5 states
States: ['10', '13', '3', '11', '15']
Alphabet: set(['1', '0'])
Starting state: 11
Accepting states: ['10', '13', '3']
Transition function:
	10	11	13	15	3
1 	13	13	13	15	13
0 	15	3	3	15	10
Current state: 11
Currently accepting: False

Precision: 1.0000 Recall: 1.0000 Accuracy: 1.0000 F1: 1.0000


--------------------------------------------------------------------
Begin DFA extraction with n_state:19
Done fitting takes time: 0.5745
==Minimized===

This DFA has 5 states
States: ['10', '13', '3', '11', '15']
Alphabet: set(['1', '0'])
Starting state: 11
Accepting states: ['10', '13', '3']
Transition function:
	10	11	13	15	3
1 	13	13	13	15	13
0 	15	3	3	15	10
Current state: 11
Currently accepting: False

Precision: 1.0000 Recall: 1.0000 Accuracy: 1.0000 F1: 1.0000
[ 0.          0.65829436  0.65829436  0.90690499  0.90690499  0.94447509
  0.94447509  1.          1.          1.          1.          1.          1.
  1.          1.          1.          1.          1.        ]


[[  0.00000000e+00   0.00000000e+00   6.58294355e-01   6.58294355e-01
    6.58294355e-01   6.58294355e-01   6.58294355e-01   1.00000000e+00
    1.00000000e+00   1.00000000e+00   1.00000000e+00   1.00000000e+00
    1.00000000e+00   1.00000000e+00   1.00000000e+00   1.00000000e+00
    1.00000000e+00   1.00000000e+00]
 [  0.00000000e+00   0.00000000e+00   0.00000000e+00   0.00000000e+00
    0.00000000e+00   0.00000000e+00   0.00000000e+00   0.00000000e+00
    0.00000000e+00   0.00000000e+00   3.89256520e-04   0.00000000e+00
    1.93836015e-03   5.66304077e-01   5.66304077e-01   6.47973457e-01
    6.47973457e-01   6.47973457e-01]
 [  0.00000000e+00   0.00000000e+00   0.00000000e+00   0.00000000e+00
    0.00000000e+00   0.00000000e+00   0.00000000e+00   0.00000000e+00
    0.00000000e+00   0.00000000e+00   0.00000000e+00   0.00000000e+00
    0.00000000e+00   0.00000000e+00   0.00000000e+00   0.00000000e+00
    0.00000000e+00   0.00000000e+00]
 [  0.00000000e+00   0.00000000e+00   0.00000000e+00   0.00000000e+00
    0.00000000e+00   0.00000000e+00   0.00000000e+00   0.00000000e+00
    0.00000000e+00   0.00000000e+00   0.00000000e+00   0.00000000e+00
    0.00000000e+00   0.00000000e+00   0.00000000e+00   0.00000000e+00
    0.00000000e+00   0.00000000e+00]
 [  0.00000000e+00   6.58294355e-01   6.58294355e-01   9.06904990e-01
    9.06904990e-01   9.44475087e-01   9.44475087e-01   1.00000000e+00
    1.00000000e+00   1.00000000e+00   1.00000000e+00   1.00000000e+00
    1.00000000e+00   1.00000000e+00   1.00000000e+00   1.00000000e+00
    1.00000000e+00   1.00000000e+00]
 [  0.00000000e+00   0.00000000e+00   0.00000000e+00   0.00000000e+00
    0.00000000e+00   0.00000000e+00   0.00000000e+00   0.00000000e+00
    0.00000000e+00   0.00000000e+00   0.00000000e+00   0.00000000e+00
    0.00000000e+00   0.00000000e+00   0.00000000e+00   0.00000000e+00
    0.00000000e+00   0.00000000e+00]
 [  0.00000000e+00   0.00000000e+00   0.00000000e+00   0.00000000e+00
    0.00000000e+00   0.00000000e+00   0.00000000e+00   0.00000000e+00
    0.00000000e+00   0.00000000e+00   0.00000000e+00   0.00000000e+00
    0.00000000e+00   0.00000000e+00   0.00000000e+00   0.00000000e+00
    0.00000000e+00   0.00000000e+00]
 [  0.00000000e+00   0.00000000e+00   0.00000000e+00   0.00000000e+00
    0.00000000e+00   0.00000000e+00   0.00000000e+00   0.00000000e+00
    0.00000000e+00   0.00000000e+00   0.00000000e+00   0.00000000e+00
    0.00000000e+00   0.00000000e+00   0.00000000e+00   0.00000000e+00
    0.00000000e+00   0.00000000e+00]
 [  0.00000000e+00   0.00000000e+00   0.00000000e+00   0.00000000e+00
    0.00000000e+00   0.00000000e+00   0.00000000e+00   0.00000000e+00
    0.00000000e+00   0.00000000e+00   0.00000000e+00   0.00000000e+00
    0.00000000e+00   0.00000000e+00   0.00000000e+00   0.00000000e+00
    0.00000000e+00   0.00000000e+00]]
