G:g4, model:UNI tanh, load all data and stored hidden activations


--------------------------------------------------------------------
Begin DFA extraction with n_state:2
Done fitting takes time: 0.5468
==Minimized===

This DFA has 1 states
States: ['1']
Alphabet: set(['1', '0'])
Starting state: 1
Accepting states: []
Transition function:
	1
1 	1
0 	1
Current state: 1
Currently accepting: False

Precision: 0.0000 Recall: 0.0000 Accuracy: 0.5094 F1: 0.0000


--------------------------------------------------------------------
Begin DFA extraction with n_state:3
Done fitting takes time: 0.4850
==Minimized===

This DFA has 1 states
States: ['1']
Alphabet: set(['1', '0'])
Starting state: 1
Accepting states: ['1']
Transition function:
	1
1 	1
0 	1
Current state: 1
Currently accepting: True

Precision: 0.4906 Recall: 1.0000 Accuracy: 0.4906 F1: 0.6583


--------------------------------------------------------------------
Begin DFA extraction with n_state:4
Done fitting takes time: 0.5452
==Minimized===

This DFA has 1 states
States: ['1']
Alphabet: set(['1', '0'])
Starting state: 1
Accepting states: ['1']
Transition function:
	1
1 	1
0 	1
Current state: 1
Currently accepting: True

Precision: 0.4906 Recall: 1.0000 Accuracy: 0.4906 F1: 0.6583


--------------------------------------------------------------------
Begin DFA extraction with n_state:5
Done fitting takes time: 0.7994
==Minimized===

This DFA has 1 states
States: ['1']
Alphabet: set(['1', '0'])
Starting state: 1
Accepting states: ['1']
Transition function:
	1
1 	1
0 	1
Current state: 1
Currently accepting: True

Precision: 0.4906 Recall: 1.0000 Accuracy: 0.4906 F1: 0.6583


--------------------------------------------------------------------
Begin DFA extraction with n_state:6
Done fitting takes time: 0.5501
==Minimized===

This DFA has 4 states
States: ['2', '5', '1', '3']
Alphabet: set(['1', '0'])
Starting state: 1
Accepting states: ['1', '3', '5']
Transition function:
	1	2	3	5
1 	1	2	1	1
0 	3	2	5	2
Current state: 1
Currently accepting: True

Precision: 1.0000 Recall: 1.0000 Accuracy: 1.0000 F1: 1.0000


--------------------------------------------------------------------
Begin DFA extraction with n_state:7
Done fitting takes time: 0.5551
==Minimized===

This DFA has 5 states
States: ['5', '1', '3', '2', '7']
Alphabet: set(['1', '0'])
Starting state: 7
Accepting states: ['1', '3', '5']
Transition function:
	1	2	3	5	7
1 	1	2	1	1	1
0 	3	2	5	2	3
Current state: 7
Currently accepting: False

Precision: 1.0000 Recall: 1.0000 Accuracy: 1.0000 F1: 1.0000


--------------------------------------------------------------------
Begin DFA extraction with n_state:8
Done fitting takes time: 0.5350
==Minimized===

This DFA has 5 states
States: ['5', '1', '3', '2', '7']
Alphabet: set(['1', '0'])
Starting state: 7
Accepting states: ['1', '3', '5']
Transition function:
	1	2	3	5	7
1 	1	2	1	1	1
0 	3	2	5	2	3
Current state: 7
Currently accepting: False

Precision: 1.0000 Recall: 1.0000 Accuracy: 1.0000 F1: 1.0000


--------------------------------------------------------------------
Begin DFA extraction with n_state:9
Done fitting takes time: 0.5691
==Minimized===

This DFA has 5 states
States: ['5', '1', '3', '2', '7']
Alphabet: set(['1', '0'])
Starting state: 7
Accepting states: ['1', '3', '5']
Transition function:
	1	2	3	5	7
1 	1	2	1	1	1
0 	3	2	5	2	3
Current state: 7
Currently accepting: False

Precision: 1.0000 Recall: 1.0000 Accuracy: 1.0000 F1: 1.0000


--------------------------------------------------------------------
Begin DFA extraction with n_state:10
Done fitting takes time: 0.5986
==Minimized===

This DFA has 5 states
States: ['5', '1', '3', '2', '7']
Alphabet: set(['1', '0'])
Starting state: 7
Accepting states: ['1', '3', '5']
Transition function:
	1	2	3	5	7
1 	1	2	1	1	1
0 	3	2	5	2	3
Current state: 7
Currently accepting: False

Precision: 1.0000 Recall: 1.0000 Accuracy: 1.0000 F1: 1.0000


--------------------------------------------------------------------
Begin DFA extraction with n_state:11
Done fitting takes time: 0.5493
==Minimized===

This DFA has 5 states
States: ['5', '11', '10', '2', '7']
Alphabet: set(['1', '0'])
Starting state: 7
Accepting states: ['11', '10', '5']
Transition function:
	10	11	2	5	7
1 	11	11	2	11	11
0 	5	10	2	2	10
Current state: 7
Currently accepting: False

Precision: 1.0000 Recall: 1.0000 Accuracy: 1.0000 F1: 1.0000


--------------------------------------------------------------------
Begin DFA extraction with n_state:12
Done fitting takes time: 1.1161
==Minimized===

This DFA has 5 states
States: ['5', '11', '10', '12', '7']
Alphabet: set(['1', '0'])
Starting state: 7
Accepting states: ['11', '10', '5']
Transition function:
	10	11	12	5	7
1 	11	11	12	11	11
0 	5	10	12	12	10
Current state: 7
Currently accepting: False

Precision: 1.0000 Recall: 1.0000 Accuracy: 1.0000 F1: 1.0000


--------------------------------------------------------------------
Begin DFA extraction with n_state:13
Done fitting takes time: 0.5499
==Minimized===

This DFA has 5 states
States: ['5', '11', '10', '12', '7']
Alphabet: set(['1', '0'])
Starting state: 7
Accepting states: ['11', '10', '5']
Transition function:
	10	11	12	5	7
1 	11	11	12	11	11
0 	5	10	12	12	10
Current state: 7
Currently accepting: False

Precision: 1.0000 Recall: 1.0000 Accuracy: 1.0000 F1: 1.0000


--------------------------------------------------------------------
Begin DFA extraction with n_state:14
Done fitting takes time: 0.5701
==Minimized===

This DFA has 5 states
States: ['5', '11', '10', '12', '7']
Alphabet: set(['1', '0'])
Starting state: 7
Accepting states: ['11', '10', '5']
Transition function:
	10	11	12	5	7
1 	11	11	12	11	11
0 	5	10	12	12	10
Current state: 7
Currently accepting: False

Precision: 1.0000 Recall: 1.0000 Accuracy: 1.0000 F1: 1.0000


--------------------------------------------------------------------
Begin DFA extraction with n_state:15
Done fitting takes time: 1.1152
==Minimized===

This DFA has 5 states
States: ['5', '11', '10', '12', '7']
Alphabet: set(['1', '0'])
Starting state: 7
Accepting states: ['11', '10', '5']
Transition function:
	10	11	12	5	7
1 	11	11	12	11	11
0 	5	10	12	12	10
Current state: 7
Currently accepting: False

Precision: 1.0000 Recall: 1.0000 Accuracy: 1.0000 F1: 1.0000


--------------------------------------------------------------------
Begin DFA extraction with n_state:16
Done fitting takes time: 0.5588
==Minimized===

This DFA has 5 states
States: ['5', '11', '10', '12', '7']
Alphabet: set(['1', '0'])
Starting state: 7
Accepting states: ['11', '10', '5']
Transition function:
	10	11	12	5	7
1 	11	11	12	11	11
0 	5	10	12	12	10
Current state: 7
Currently accepting: False

Precision: 1.0000 Recall: 1.0000 Accuracy: 1.0000 F1: 1.0000


--------------------------------------------------------------------
Begin DFA extraction with n_state:17
Done fitting takes time: 1.2090
==Minimized===

This DFA has 5 states
States: ['5', '11', '10', '12', '7']
Alphabet: set(['1', '0'])
Starting state: 7
Accepting states: ['11', '10', '5']
Transition function:
	10	11	12	5	7
1 	11	11	12	11	11
0 	5	10	12	12	10
Current state: 7
Currently accepting: False

Precision: 1.0000 Recall: 1.0000 Accuracy: 1.0000 F1: 1.0000


--------------------------------------------------------------------
Begin DFA extraction with n_state:18
Done fitting takes time: 0.5728
==Minimized===

This DFA has 5 states
States: ['5', '11', '10', '12', '7']
Alphabet: set(['1', '0'])
Starting state: 7
Accepting states: ['11', '10', '5']
Transition function:
	10	11	12	5	7
1 	11	11	12	11	11
0 	5	10	12	12	10
Current state: 7
Currently accepting: False

Precision: 1.0000 Recall: 1.0000 Accuracy: 1.0000 F1: 1.0000


--------------------------------------------------------------------
Begin DFA extraction with n_state:19
Done fitting takes time: 0.6318
==Minimized===

This DFA has 5 states
States: ['5', '11', '10', '12', '7']
Alphabet: set(['1', '0'])
Starting state: 7
Accepting states: ['11', '10', '5']
Transition function:
	10	11	12	5	7
1 	11	11	12	11	11
0 	5	10	12	12	10
Current state: 7
Currently accepting: False

Precision: 1.0000 Recall: 1.0000 Accuracy: 1.0000 F1: 1.0000
[ 0.          0.65829436  0.65829436  0.65829436  1.          1.          1.
  1.          1.          1.          1.          1.          1.          1.
  1.          1.          1.          1.        ]


[[ 0.          0.          0.65829436  0.65829436  0.65829436  0.65829436
   1.          1.          1.          1.          1.          1.          1.
   1.          1.          1.          1.          1.        ]
 [ 0.          0.          0.          0.29842062  0.29842062  0.29842062
   0.          0.39324383  0.83196908  1.          0.92137658  0.92137658
   0.77685477  0.92442323  0.91968052  0.91968052  0.67028041  0.97410604]
 [ 0.          0.          0.          0.          0.          0.          0.
   0.          0.          0.          0.          0.          0.          0.
   0.          0.          0.          0.        ]
 [ 0.          0.          0.          0.          0.          0.          0.
   0.          0.          0.          0.          0.          0.          0.
   0.          0.          0.          0.        ]
 [ 0.          0.65829436  0.69735007  1.          1.          1.          1.
   1.          1.          1.          1.          1.          1.          1.
   1.          1.          1.          1.        ]
 [ 0.          0.65829436  0.65829436  0.65829436  1.          1.          1.
   1.          1.          1.          1.          1.          1.          1.
   1.          1.          1.          1.        ]
 [ 0.          0.          0.          0.          0.          0.          0.
   0.          0.          0.          0.          0.          0.          0.
   0.          0.          0.          0.        ]
 [ 0.          0.          0.          0.          0.          0.          0.
   0.          0.          0.          0.          0.          0.          0.
   0.          0.          0.          0.        ]
 [ 0.          0.          0.          0.          0.          0.          0.
   0.          0.          0.          0.          0.          0.          0.
   0.          0.          0.          0.        ]]
