G:g4, model:LSTM tanh, load all data and stored hidden activations


--------------------------------------------------------------------
Begin DFA extraction with n_state:2
Done fitting takes time: 1.4005
==Minimized===

This DFA has 1 states
States: ['1']
Alphabet: set(['1', '0'])
Starting state: 1
Accepting states: []
Transition function:
	1
1 	1
0 	1
Current state: 1
Currently accepting: False

Precision: 0.0000 Recall: 0.0000 Accuracy: 0.5094 F1: 0.0000


--------------------------------------------------------------------
Begin DFA extraction with n_state:3
Done fitting takes time: 0.5388
==Minimized===

This DFA has 1 states
States: ['1']
Alphabet: set(['1', '0'])
Starting state: 1
Accepting states: ['1']
Transition function:
	1
1 	1
0 	1
Current state: 1
Currently accepting: True

Precision: 0.4906 Recall: 1.0000 Accuracy: 0.4906 F1: 0.6583


--------------------------------------------------------------------
Begin DFA extraction with n_state:4
Done fitting takes time: 0.6600
==Minimized===

This DFA has 1 states
States: ['1']
Alphabet: set(['1', '0'])
Starting state: 1
Accepting states: ['1']
Transition function:
	1
1 	1
0 	1
Current state: 1
Currently accepting: True

Precision: 0.4906 Recall: 1.0000 Accuracy: 0.4906 F1: 0.6583


--------------------------------------------------------------------
Begin DFA extraction with n_state:5
Done fitting takes time: 0.5844
==Minimized===

This DFA has 1 states
States: ['1']
Alphabet: set(['1', '0'])
Starting state: 1
Accepting states: ['1']
Transition function:
	1
1 	1
0 	1
Current state: 1
Currently accepting: True

Precision: 0.4906 Recall: 1.0000 Accuracy: 0.4906 F1: 0.6583


--------------------------------------------------------------------
Begin DFA extraction with n_state:6
Done fitting takes time: 0.5769
==Minimized===

This DFA has 1 states
States: ['1']
Alphabet: set(['1', '0'])
Starting state: 1
Accepting states: ['1']
Transition function:
	1
1 	1
0 	1
Current state: 1
Currently accepting: True

Precision: 0.4906 Recall: 1.0000 Accuracy: 0.4906 F1: 0.6583


--------------------------------------------------------------------
Begin DFA extraction with n_state:7
Done fitting takes time: 1.1567
==Minimized===

This DFA has 4 states
States: ['3', '2', '1', '7']
Alphabet: set(['1', '0'])
Starting state: 1
Accepting states: ['1', '2', '7']
Transition function:
	1	2	3	7
1 	1	1	3	1
0 	7	3	3	2
Current state: 1
Currently accepting: True

Precision: 1.0000 Recall: 1.0000 Accuracy: 1.0000 F1: 1.0000


--------------------------------------------------------------------
Begin DFA extraction with n_state:8
Done fitting takes time: 0.8570
==Minimized===

This DFA has 5 states
States: ['2', '1', '8', '3', '6']
Alphabet: set(['1', '0'])
Starting state: 6
Accepting states: ['1', '8', '2']
Transition function:
	1	2	3	6	8
1 	1	1	3	1	1
0 	8	3	3	8	2
Current state: 6
Currently accepting: False

Precision: 1.0000 Recall: 1.0000 Accuracy: 1.0000 F1: 1.0000


--------------------------------------------------------------------
Begin DFA extraction with n_state:9
Done fitting takes time: 1.3557
==Minimized===

This DFA has 4 states
States: ['3', '2', '1', '7']
Alphabet: set(['1', '0'])
Starting state: 1
Accepting states: ['1', '2', '7']
Transition function:
	1	2	3	7
1 	1	1	3	1
0 	7	3	3	2
Current state: 1
Currently accepting: True

Precision: 1.0000 Recall: 1.0000 Accuracy: 1.0000 F1: 1.0000


--------------------------------------------------------------------
Begin DFA extraction with n_state:10
Done fitting takes time: 0.9127
==Minimized===

This DFA has 5 states
States: ['2', '10', '7', '3', '6']
Alphabet: set(['1', '0'])
Starting state: 6
Accepting states: ['10', '2', '7']
Transition function:
	10	2	3	6	7
1 	10	10	3	10	10
0 	7	3	3	7	2
Current state: 6
Currently accepting: False

Precision: 1.0000 Recall: 1.0000 Accuracy: 1.0000 F1: 1.0000


--------------------------------------------------------------------
Begin DFA extraction with n_state:11
Done fitting takes time: 1.6742
==Minimized===

This DFA has 5 states
States: ['2', '11', '7', '3', '6']
Alphabet: set(['1', '0'])
Starting state: 6
Accepting states: ['11', '2', '7']
Transition function:
	11	2	3	6	7
1 	11	11	3	11	11
0 	7	3	3	7	2
Current state: 6
Currently accepting: False

Precision: 1.0000 Recall: 1.0000 Accuracy: 1.0000 F1: 1.0000


--------------------------------------------------------------------
Begin DFA extraction with n_state:12
Done fitting takes time: 0.9240
==Minimized===

This DFA has 5 states
States: ['2', '11', '7', '12', '3']
Alphabet: set(['1', '0'])
Starting state: 12
Accepting states: ['11', '2', '7']
Transition function:
	11	12	2	3	7
1 	11	11	11	3	11
0 	7	7	3	3	2
Current state: 12
Currently accepting: False

Precision: 1.0000 Recall: 1.0000 Accuracy: 1.0000 F1: 1.0000


--------------------------------------------------------------------
Begin DFA extraction with n_state:13
Done fitting takes time: 0.6344
==Minimized===

This DFA has 5 states
States: ['2', '11', '7', '13', '12']
Alphabet: set(['1', '0'])
Starting state: 12
Accepting states: ['11', '2', '7']
Transition function:
	11	12	13	2	7
1 	11	11	13	11	11
0 	7	7	13	13	2
Current state: 12
Currently accepting: False

Precision: 1.0000 Recall: 1.0000 Accuracy: 1.0000 F1: 1.0000


--------------------------------------------------------------------
Begin DFA extraction with n_state:14
Done fitting takes time: 1.6098
==Minimized===

This DFA has 5 states
States: ['2', '11', '7', '13', '14']
Alphabet: set(['1', '0'])
Starting state: 14
Accepting states: ['11', '2', '7']
Transition function:
	11	13	14	2	7
1 	11	13	11	11	11
0 	7	13	7	13	2
Current state: 14
Currently accepting: False

Precision: 1.0000 Recall: 1.0000 Accuracy: 1.0000 F1: 1.0000


--------------------------------------------------------------------
Begin DFA extraction with n_state:15
Done fitting takes time: 0.6427
==Minimized===

This DFA has 5 states
States: ['2', '11', '7', '13', '14']
Alphabet: set(['1', '0'])
Starting state: 14
Accepting states: ['11', '2', '7']
Transition function:
	11	13	14	2	7
1 	11	13	11	11	11
0 	7	13	7	13	2
Current state: 14
Currently accepting: False

Precision: 1.0000 Recall: 1.0000 Accuracy: 1.0000 F1: 1.0000


--------------------------------------------------------------------
Begin DFA extraction with n_state:16
Done fitting takes time: 0.6134
==Minimized===

This DFA has 5 states
States: ['2', '11', '7', '13', '14']
Alphabet: set(['1', '0'])
Starting state: 14
Accepting states: ['11', '2', '7']
Transition function:
	11	13	14	2	7
1 	11	13	11	11	11
0 	7	13	7	13	2
Current state: 14
Currently accepting: False

Precision: 1.0000 Recall: 1.0000 Accuracy: 1.0000 F1: 1.0000


--------------------------------------------------------------------
Begin DFA extraction with n_state:17
Done fitting takes time: 1.7534
==Minimized===

This DFA has 5 states
States: ['2', '11', '7', '13', '14']
Alphabet: set(['1', '0'])
Starting state: 14
Accepting states: ['11', '2', '7']
Transition function:
	11	13	14	2	7
1 	11	13	11	11	11
0 	7	13	7	13	2
Current state: 14
Currently accepting: False

Precision: 1.0000 Recall: 1.0000 Accuracy: 1.0000 F1: 1.0000


--------------------------------------------------------------------
Begin DFA extraction with n_state:18
Done fitting takes time: 0.7462
==Minimized===

This DFA has 5 states
States: ['2', '11', '7', '13', '14']
Alphabet: set(['1', '0'])
Starting state: 14
Accepting states: ['11', '2', '7']
Transition function:
	11	13	14	2	7
1 	11	13	11	11	11
0 	7	13	7	13	2
Current state: 14
Currently accepting: False

Precision: 1.0000 Recall: 1.0000 Accuracy: 1.0000 F1: 1.0000


--------------------------------------------------------------------
Begin DFA extraction with n_state:19
Done fitting takes time: 0.6484
==Minimized===

This DFA has 5 states
States: ['2', '11', '7', '13', '14']
Alphabet: set(['1', '0'])
Starting state: 14
Accepting states: ['11', '2', '7']
Transition function:
	11	13	14	2	7
1 	11	13	11	11	11
0 	7	13	7	13	2
Current state: 14
Currently accepting: False

Precision: 1.0000 Recall: 1.0000 Accuracy: 1.0000 F1: 1.0000
[ 0.          0.65829436  0.65829436  0.65829436  0.65829436  1.          1.
  1.          1.          1.          1.          1.          1.          1.
  1.          1.          1.          1.        ]


[[ 0.          0.          0.          0.60553864  0.82217742  0.91797862
   0.91797862  0.91797862  0.91797862  1.          1.          1.          1.
   1.          1.          1.          1.          1.        ]
 [ 0.          0.65829436  0.35072427  0.51631776  0.35072427  0.57622654
   0.57622654  0.57622654  0.57622654  0.57622654  0.57622654  0.57622654
   0.57596969  0.57596969  0.57596969  0.57596969  0.57596969  0.5752635 ]
 [ 0.65829436  0.65829436  0.90690499  0.94447509  1.          1.          1.
   1.          1.          1.          1.          1.          1.          1.
   1.          1.          1.          1.        ]
 [ 0.          0.20416011  0.90690499  1.          1.          1.          1.
   1.          1.          1.          1.          1.          1.          1.
   1.          1.          1.          1.        ]
 [ 0.          0.65829436  0.65829436  0.65829436  0.94447509  1.          1.
   1.          1.          1.          1.          1.          1.          1.
   1.          1.          1.          1.        ]
 [ 0.          0.          0.65829436  0.90690499  0.90690499  1.          1.
   1.          1.          1.          1.          1.          1.          1.
   1.          1.          1.          1.        ]
 [ 0.          0.          0.          0.          0.          0.          1.
   1.          1.          1.          1.          0.91797862  0.97410604
   0.97410604  0.97410604  0.97410604  0.97410604  0.97410604]
 [ 0.          0.65829436  0.65829436  0.65829436  0.65829436  1.          1.
   1.          1.          1.          1.          1.          1.          1.
   1.          1.          1.          1.        ]
 [ 0.          0.          0.          0.          0.          0.          0.
   0.          0.          0.          0.          0.          0.          0.
   0.          0.          0.          0.        ]]
