G:g4, model:UNI tanh, load all data and stored hidden activations


--------------------------------------------------------------------
Begin DFA extraction with n_state:2
Done fitting takes time: 0.6605
==Minimized===

This DFA has 1 states
States: ['1']
Alphabet: set(['1', '0'])
Starting state: 1
Accepting states: []
Transition function:
	1
1 	1
0 	1
Current state: 1
Currently accepting: False

Precision: 0.0000 Recall: 0.0000 Accuracy: 0.5094 F1: 0.0000


--------------------------------------------------------------------
Begin DFA extraction with n_state:3
Done fitting takes time: 0.4782
==Minimized===

This DFA has 1 states
States: ['1']
Alphabet: set(['1', '0'])
Starting state: 1
Accepting states: []
Transition function:
	1
1 	1
0 	1
Current state: 1
Currently accepting: False

Precision: 0.0000 Recall: 0.0000 Accuracy: 0.5094 F1: 0.0000


--------------------------------------------------------------------
Begin DFA extraction with n_state:4
Done fitting takes time: 0.5178
==Minimized===

This DFA has 1 states
States: ['1']
Alphabet: set(['1', '0'])
Starting state: 1
Accepting states: ['1']
Transition function:
	1
1 	1
0 	1
Current state: 1
Currently accepting: True

Precision: 0.4906 Recall: 1.0000 Accuracy: 0.4906 F1: 0.6583


--------------------------------------------------------------------
Begin DFA extraction with n_state:5
Done fitting takes time: 0.5707
==Minimized===

This DFA has 4 states
States: ['3', '4', '1', '5']
Alphabet: set(['1', '0'])
Starting state: 5
Accepting states: ['1', '5', '4']
Transition function:
	1	3	4	5
1 	1	3	1	1
0 	5	3	3	4
Current state: 5
Currently accepting: True

Precision: 1.0000 Recall: 0.8297 Accuracy: 0.9164 F1: 0.9069


--------------------------------------------------------------------
Begin DFA extraction with n_state:6
Done fitting takes time: 0.8809
==Minimized===

This DFA has 4 states
States: ['3', '4', '1', '5']
Alphabet: set(['1', '0'])
Starting state: 5
Accepting states: ['1', '5', '4']
Transition function:
	1	3	4	5
1 	1	3	1	1
0 	5	3	3	4
Current state: 5
Currently accepting: True

Precision: 1.0000 Recall: 0.8297 Accuracy: 0.9164 F1: 0.9069


--------------------------------------------------------------------
Begin DFA extraction with n_state:7
Done fitting takes time: 0.5430
==Minimized===

This DFA has 5 states
States: ['4', '1', '5', '3', '7']
Alphabet: set(['1', '0'])
Starting state: 7
Accepting states: ['1', '5', '4']
Transition function:
	1	3	4	5	7
1 	1	3	1	1	1
0 	5	3	3	4	5
Current state: 7
Currently accepting: False

Precision: 1.0000 Recall: 1.0000 Accuracy: 1.0000 F1: 1.0000


--------------------------------------------------------------------
Begin DFA extraction with n_state:8
Done fitting takes time: 1.1414
==Minimized===

This DFA has 5 states
States: ['4', '1', '5', '3', '7']
Alphabet: set(['1', '0'])
Starting state: 7
Accepting states: ['1', '5', '4']
Transition function:
	1	3	4	5	7
1 	1	3	1	1	1
0 	5	3	3	4	5
Current state: 7
Currently accepting: False

Precision: 1.0000 Recall: 1.0000 Accuracy: 1.0000 F1: 1.0000


--------------------------------------------------------------------
Begin DFA extraction with n_state:9
Done fitting takes time: 0.5389
==Minimized===

This DFA has 5 states
States: ['4', '1', '5', '3', '7']
Alphabet: set(['1', '0'])
Starting state: 7
Accepting states: ['1', '5', '4']
Transition function:
	1	3	4	5	7
1 	1	3	1	1	1
0 	5	3	3	4	5
Current state: 7
Currently accepting: False

Precision: 1.0000 Recall: 1.0000 Accuracy: 1.0000 F1: 1.0000


--------------------------------------------------------------------
Begin DFA extraction with n_state:10
Done fitting takes time: 0.5415
==Minimized===

This DFA has 5 states
States: ['4', '1', '5', '10', '7']
Alphabet: set(['1', '0'])
Starting state: 7
Accepting states: ['1', '5', '4']
Transition function:
	1	10	4	5	7
1 	1	10	1	1	1
0 	5	10	10	4	5
Current state: 7
Currently accepting: False

Precision: 1.0000 Recall: 1.0000 Accuracy: 1.0000 F1: 1.0000


--------------------------------------------------------------------
Begin DFA extraction with n_state:11
Done fitting takes time: 0.5439
==Minimized===

This DFA has 5 states
States: ['11', '1', '5', '10', '7']
Alphabet: set(['1', '0'])
Starting state: 7
Accepting states: ['1', '5', '11']
Transition function:
	1	10	11	5	7
1 	1	10	1	1	1
0 	5	10	10	11	5
Current state: 7
Currently accepting: False

Precision: 1.0000 Recall: 1.0000 Accuracy: 1.0000 F1: 1.0000


--------------------------------------------------------------------
Begin DFA extraction with n_state:12
Done fitting takes time: 0.5508
==Minimized===

This DFA has 5 states
States: ['11', '12', '1', '10', '7']
Alphabet: set(['1', '0'])
Starting state: 7
Accepting states: ['11', '12', '1']
Transition function:
	1	10	11	12	7
1 	1	10	1	1	1
0 	12	10	10	11	12
Current state: 7
Currently accepting: False

Precision: 1.0000 Recall: 1.0000 Accuracy: 1.0000 F1: 1.0000


--------------------------------------------------------------------
Begin DFA extraction with n_state:13
Done fitting takes time: 1.0616
==Minimized===

This DFA has 5 states
States: ['11', '13', '12', '10', '7']
Alphabet: set(['1', '0'])
Starting state: 7
Accepting states: ['11', '13', '12']
Transition function:
	10	11	12	13	7
1 	10	13	13	13	13
0 	10	10	11	12	12
Current state: 7
Currently accepting: False

Precision: 1.0000 Recall: 1.0000 Accuracy: 1.0000 F1: 1.0000


--------------------------------------------------------------------
Begin DFA extraction with n_state:14
Done fitting takes time: 0.5533
==Minimized===

This DFA has 5 states
States: ['11', '13', '12', '10', '7']
Alphabet: set(['1', '0'])
Starting state: 7
Accepting states: ['11', '13', '12']
Transition function:
	10	11	12	13	7
1 	10	13	13	13	13
0 	10	10	11	12	12
Current state: 7
Currently accepting: False

Precision: 1.0000 Recall: 1.0000 Accuracy: 1.0000 F1: 1.0000


--------------------------------------------------------------------
Begin DFA extraction with n_state:15
Done fitting takes time: 0.5674
==Minimized===

This DFA has 5 states
States: ['11', '13', '12', '10', '7']
Alphabet: set(['1', '0'])
Starting state: 7
Accepting states: ['11', '13', '12']
Transition function:
	10	11	12	13	7
1 	10	13	13	13	13
0 	10	10	11	12	12
Current state: 7
Currently accepting: False

Precision: 1.0000 Recall: 1.0000 Accuracy: 1.0000 F1: 1.0000


--------------------------------------------------------------------
Begin DFA extraction with n_state:16
Done fitting takes time: 1.1640
==Minimized===

This DFA has 5 states
States: ['11', '13', '12', '10', '7']
Alphabet: set(['1', '0'])
Starting state: 7
Accepting states: ['11', '13', '12']
Transition function:
	10	11	12	13	7
1 	10	13	13	13	13
0 	10	10	11	12	12
Current state: 7
Currently accepting: False

Precision: 1.0000 Recall: 1.0000 Accuracy: 1.0000 F1: 1.0000


--------------------------------------------------------------------
Begin DFA extraction with n_state:17
Done fitting takes time: 1.5170
==Minimized===

This DFA has 5 states
States: ['11', '13', '12', '10', '7']
Alphabet: set(['1', '0'])
Starting state: 7
Accepting states: ['11', '13', '12']
Transition function:
	10	11	12	13	7
1 	10	13	13	13	13
0 	10	10	11	12	12
Current state: 7
Currently accepting: False

Precision: 1.0000 Recall: 1.0000 Accuracy: 1.0000 F1: 1.0000


--------------------------------------------------------------------
Begin DFA extraction with n_state:18
Done fitting takes time: 0.5765
==Minimized===

This DFA has 5 states
States: ['11', '13', '12', '10', '7']
Alphabet: set(['1', '0'])
Starting state: 7
Accepting states: ['11', '13', '12']
Transition function:
	10	11	12	13	7
1 	10	13	13	13	13
0 	10	10	11	12	12
Current state: 7
Currently accepting: False

Precision: 1.0000 Recall: 1.0000 Accuracy: 1.0000 F1: 1.0000


--------------------------------------------------------------------
Begin DFA extraction with n_state:19
Done fitting takes time: 0.8430
==Minimized===

This DFA has 5 states
States: ['11', '13', '12', '10', '7']
Alphabet: set(['1', '0'])
Starting state: 7
Accepting states: ['11', '13', '12']
Transition function:
	10	11	12	13	7
1 	10	13	13	13	13
0 	10	10	11	12	12
Current state: 7
Currently accepting: False

Precision: 1.0000 Recall: 1.0000 Accuracy: 1.0000 F1: 1.0000
[ 0.          0.          0.65829436  0.90690499  0.90690499  1.          1.
  1.          1.          1.          1.          1.          1.          1.
  1.          1.          1.          1.        ]


[[ 0.          0.          0.          0.60553864  0.82217742  0.91797862
   0.91797862  0.91797862  0.91797862  1.          1.          1.          1.
   1.          1.          1.          1.          1.        ]
 [ 0.          0.65829436  0.35072427  0.51631776  0.35072427  0.57622654
   0.57622654  0.57622654  0.57622654  0.57622654  0.57622654  0.57622654
   0.57596969  0.57596969  0.57596969  0.57596969  0.57596969  0.5752635 ]
 [ 0.          0.          0.          0.          0.          0.          0.
   0.          0.          0.          0.          0.          0.          0.
   0.          0.          0.          0.        ]
 [ 0.          0.          0.          0.          0.          0.          0.
   0.          0.          0.          0.          0.          0.          0.
   0.          0.          0.          0.        ]
 [ 0.          0.65829436  0.65829436  0.65829436  0.94447509  1.          1.
   1.          1.          1.          1.          1.          1.          1.
   1.          1.          1.          1.        ]
 [ 0.          0.          0.65829436  0.90690499  0.90690499  1.          1.
   1.          1.          1.          1.          1.          1.          1.
   1.          1.          1.          1.        ]
 [ 0.          0.          0.          0.          0.          0.          0.
   0.          0.          0.          0.          0.          0.          0.
   0.          0.          0.          0.        ]
 [ 0.          0.          0.          0.          0.          0.          0.
   0.          0.          0.          0.          0.          0.          0.
   0.          0.          0.          0.        ]
 [ 0.          0.          0.          0.          0.          0.          0.
   0.          0.          0.          0.          0.          0.          0.
   0.          0.          0.          0.        ]]
