G:g4, model:O2 sigmoid, load all data and stored hidden activations


--------------------------------------------------------------------
Begin DFA extraction with n_state:2
Done fitting takes time: 0.5890
==Minimized===

This DFA has 1 states
States: ['1']
Alphabet: set(['1', '0'])
Starting state: 1
Accepting states: ['1']
Transition function:
	1
1 	1
0 	1
Current state: 1
Currently accepting: True

Precision: 0.4906 Recall: 1.0000 Accuracy: 0.4906 F1: 0.6583


--------------------------------------------------------------------
Begin DFA extraction with n_state:3
Done fitting takes time: 1.2597
==Minimized===

This DFA has 1 states
States: ['1']
Alphabet: set(['1', '0'])
Starting state: 1
Accepting states: ['1']
Transition function:
	1
1 	1
0 	1
Current state: 1
Currently accepting: True

Precision: 0.4906 Recall: 1.0000 Accuracy: 0.4906 F1: 0.6583


--------------------------------------------------------------------
Begin DFA extraction with n_state:4
Done fitting takes time: 0.5394
==Minimized===

This DFA has 4 states
States: ['4', '2', '1', '3']
Alphabet: set(['1', '0'])
Starting state: 3
Accepting states: ['1', '3', '2']
Transition function:
	1	2	3	4
1 	1	1	1	4
0 	3	4	2	4
Current state: 3
Currently accepting: True

Precision: 1.0000 Recall: 0.8297 Accuracy: 0.9164 F1: 0.9069


--------------------------------------------------------------------
Begin DFA extraction with n_state:5
Done fitting takes time: 0.5736
==Minimized===

This DFA has 5 states
States: ['4', '2', '3', '1', '5']
Alphabet: set(['1', '0'])
Starting state: 5
Accepting states: ['1', '3', '2', '5']
Transition function:
	1	2	3	4	5
1 	1	1	1	4	1
0 	3	4	2	4	5
Current state: 5
Currently accepting: True

Precision: 0.8948 Recall: 1.0000 Accuracy: 0.9423 F1: 0.9445


--------------------------------------------------------------------
Begin DFA extraction with n_state:6
Done fitting takes time: 0.5604
==Minimized===

This DFA has 5 states
States: ['4', '2', '3', '1', '5']
Alphabet: set(['1', '0'])
Starting state: 5
Accepting states: ['1', '3', '2', '5']
Transition function:
	1	2	3	4	5
1 	1	1	1	4	1
0 	3	4	2	4	5
Current state: 5
Currently accepting: True

Precision: 0.8948 Recall: 1.0000 Accuracy: 0.9423 F1: 0.9445


--------------------------------------------------------------------
Begin DFA extraction with n_state:7
Done fitting takes time: 0.5578
==Minimized===

This DFA has 5 states
States: ['4', '2', '3', '1', '5']
Alphabet: set(['1', '0'])
Starting state: 5
Accepting states: ['1', '3', '2', '5']
Transition function:
	1	2	3	4	5
1 	1	1	1	4	1
0 	3	4	2	4	5
Current state: 5
Currently accepting: True

Precision: 0.8948 Recall: 1.0000 Accuracy: 0.9423 F1: 0.9445


--------------------------------------------------------------------
Begin DFA extraction with n_state:8
Done fitting takes time: 0.6395
==Minimized===

This DFA has 5 states
States: ['4', '8', '3', '1', '5']
Alphabet: set(['1', '0'])
Starting state: 5
Accepting states: ['1', '3', '5', '8']
Transition function:
	1	3	4	5	8
1 	1	1	4	1	1
0 	3	8	4	5	4
Current state: 5
Currently accepting: True

Precision: 0.8948 Recall: 1.0000 Accuracy: 0.9423 F1: 0.9445


--------------------------------------------------------------------
Begin DFA extraction with n_state:9
Done fitting takes time: 0.6917
==Minimized===

This DFA has 5 states
States: ['2', '1', '3', '5', '4']
Alphabet: set(['1', '0'])
Starting state: 5
Accepting states: ['1', '3', '2']
Transition function:
	1	2	3	4	5
1 	1	1	1	4	1
0 	3	4	2	4	3
Current state: 5
Currently accepting: False

Precision: 1.0000 Recall: 1.0000 Accuracy: 1.0000 F1: 1.0000


--------------------------------------------------------------------
Begin DFA extraction with n_state:10
Done fitting takes time: 0.9975
==Minimized===

This DFA has 5 states
States: ['2', '10', '1', '5', '4']
Alphabet: set(['1', '0'])
Starting state: 5
Accepting states: ['10', '1', '2']
Transition function:
	1	10	2	4	5
1 	1	1	1	4	1
0 	10	2	4	4	10
Current state: 5
Currently accepting: False

Precision: 1.0000 Recall: 1.0000 Accuracy: 1.0000 F1: 1.0000


--------------------------------------------------------------------
Begin DFA extraction with n_state:11
Done fitting takes time: 1.2190
==Minimized===

This DFA has 5 states
States: ['2', '11', '10', '5', '4']
Alphabet: set(['1', '0'])
Starting state: 5
Accepting states: ['11', '10', '2']
Transition function:
	10	11	2	4	5
1 	11	11	11	4	11
0 	2	10	4	4	10
Current state: 5
Currently accepting: False

Precision: 1.0000 Recall: 1.0000 Accuracy: 1.0000 F1: 1.0000


--------------------------------------------------------------------
Begin DFA extraction with n_state:12
Done fitting takes time: 1.2657
==Minimized===

This DFA has 5 states
States: ['2', '11', '10', '12', '5']
Alphabet: set(['1', '0'])
Starting state: 5
Accepting states: ['11', '10', '2']
Transition function:
	10	11	12	2	5
1 	11	11	12	11	11
0 	2	10	12	12	10
Current state: 5
Currently accepting: False

Precision: 1.0000 Recall: 1.0000 Accuracy: 1.0000 F1: 1.0000


--------------------------------------------------------------------
Begin DFA extraction with n_state:13
Done fitting takes time: 0.7075
==Minimized===

This DFA has 5 states
States: ['2', '11', '10', '12', '5']
Alphabet: set(['1', '0'])
Starting state: 5
Accepting states: ['11', '10', '2']
Transition function:
	10	11	12	2	5
1 	11	11	12	11	11
0 	2	10	12	12	10
Current state: 5
Currently accepting: False

Precision: 1.0000 Recall: 1.0000 Accuracy: 1.0000 F1: 1.0000


--------------------------------------------------------------------
Begin DFA extraction with n_state:14
Done fitting takes time: 0.6091
==Minimized===

This DFA has 5 states
States: ['2', '11', '10', '12', '5']
Alphabet: set(['1', '0'])
Starting state: 5
Accepting states: ['11', '10', '2']
Transition function:
	10	11	12	2	5
1 	11	11	12	11	11
0 	2	10	12	12	10
Current state: 5
Currently accepting: False

Precision: 1.0000 Recall: 1.0000 Accuracy: 1.0000 F1: 1.0000


--------------------------------------------------------------------
Begin DFA extraction with n_state:15
Done fitting takes time: 1.3933
==Minimized===

This DFA has 5 states
States: ['2', '11', '10', '12', '5']
Alphabet: set(['1', '0'])
Starting state: 5
Accepting states: ['11', '10', '2']
Transition function:
	10	11	12	2	5
1 	11	11	12	11	11
0 	2	10	12	12	10
Current state: 5
Currently accepting: False

Precision: 1.0000 Recall: 1.0000 Accuracy: 1.0000 F1: 1.0000


--------------------------------------------------------------------
Begin DFA extraction with n_state:16
Done fitting takes time: 0.7152
==Minimized===

This DFA has 5 states
States: ['2', '11', '10', '12', '5']
Alphabet: set(['1', '0'])
Starting state: 5
Accepting states: ['11', '10', '2']
Transition function:
	10	11	12	2	5
1 	11	11	12	11	11
0 	2	10	12	12	10
Current state: 5
Currently accepting: False

Precision: 1.0000 Recall: 1.0000 Accuracy: 1.0000 F1: 1.0000


--------------------------------------------------------------------
Begin DFA extraction with n_state:17
Done fitting takes time: 1.4644
==Minimized===

This DFA has 5 states
States: ['2', '11', '10', '12', '5']
Alphabet: set(['1', '0'])
Starting state: 5
Accepting states: ['11', '10', '2']
Transition function:
	10	11	12	2	5
1 	11	11	12	11	11
0 	2	10	12	12	10
Current state: 5
Currently accepting: False

Precision: 1.0000 Recall: 1.0000 Accuracy: 1.0000 F1: 1.0000


--------------------------------------------------------------------
Begin DFA extraction with n_state:18
Done fitting takes time: 1.4630
==Minimized===

This DFA has 5 states
States: ['2', '11', '10', '12', '5']
Alphabet: set(['1', '0'])
Starting state: 5
Accepting states: ['11', '10', '2']
Transition function:
	10	11	12	2	5
1 	11	11	12	11	11
0 	2	10	12	12	10
Current state: 5
Currently accepting: False

Precision: 1.0000 Recall: 1.0000 Accuracy: 1.0000 F1: 1.0000


--------------------------------------------------------------------
Begin DFA extraction with n_state:19
Done fitting takes time: 0.6850
==Minimized===

This DFA has 5 states
States: ['19', '11', '10', '12', '5']
Alphabet: set(['1', '0'])
Starting state: 5
Accepting states: ['11', '10', '19']
Transition function:
	10	11	12	19	5
1 	11	11	12	11	11
0 	19	10	12	12	10
Current state: 5
Currently accepting: False

Precision: 1.0000 Recall: 1.0000 Accuracy: 1.0000 F1: 1.0000
[ 0.65829436  0.65829436  0.90690499  0.94447509  0.94447509  0.94447509
  0.94447509  1.          1.          1.          1.          1.          1.
  1.          1.          1.          1.          1.        ]


[[ 0.          0.65829436  0.65829436  0.65829436  0.65829436  1.          1.
   1.          1.          1.          1.          1.          1.          1.
   1.          1.          1.          1.        ]
 [ 0.          0.65829436  0.30690466  0.5760619   0.          0.5760619
   0.          0.          0.30690466  0.58196573  0.34973098  0.51314406
   0.51536688  0.5830304   0.75940396  0.91968052  0.89089803  0.91968052]
 [ 0.65829436  0.65829436  0.90690499  0.94447509  0.94447509  0.94447509
   0.94447509  1.          1.          1.          1.          1.          1.
   1.          1.          1.          1.          1.        ]
 [ 0.          0.          0.65829436  0.69735007  1.          1.          1.
   1.          1.          1.          1.          1.          1.          1.
   1.          1.          1.          1.        ]
 [ 0.          0.65829436  0.65829436  0.94447509  0.94447509  1.          1.
   1.          1.          1.          1.          1.          1.          1.
   1.          1.          1.          1.        ]
 [ 0.          0.          0.          0.          0.          0.          0.
   0.          0.          0.          0.          0.          0.          0.
   0.          0.          0.          0.        ]
 [ 0.          0.          0.65829436  0.65829436  0.65829436  0.          0.
   0.6581224   0.97410604  0.97410604  0.97410604  0.97410604  0.97410604
   0.97410604  0.97410604  0.97410604  0.97410604  0.97410604]]
