G:g4, model:O2 sigmoid, load all data and stored hidden activations


--------------------------------------------------------------------
Begin DFA extraction with n_state:2
Done fitting takes time: 0.5214
==Minimized===

This DFA has 1 states
States: ['1']
Alphabet: set(['1', '0'])
Starting state: 1
Accepting states: ['1']
Transition function:
	1
1 	1
0 	1
Current state: 1
Currently accepting: True

Precision: 0.4906 Recall: 1.0000 Accuracy: 0.4906 F1: 0.6583


--------------------------------------------------------------------
Begin DFA extraction with n_state:3
Done fitting takes time: 0.5085
==Minimized===

This DFA has 1 states
States: ['1']
Alphabet: set(['1', '0'])
Starting state: 1
Accepting states: ['1']
Transition function:
	1
1 	1
0 	1
Current state: 1
Currently accepting: True

Precision: 0.4906 Recall: 1.0000 Accuracy: 0.4906 F1: 0.6583


--------------------------------------------------------------------
Begin DFA extraction with n_state:4
Done fitting takes time: 0.5490
==Minimized===

This DFA has 4 states
States: ['3', '2', '1', '4']
Alphabet: set(['1', '0'])
Starting state: 4
Accepting states: ['1', '2', '4']
Transition function:
	1	2	3	4
1 	1	1	3	1
0 	4	3	3	2
Current state: 4
Currently accepting: True

Precision: 1.0000 Recall: 0.8297 Accuracy: 0.9164 F1: 0.9069


--------------------------------------------------------------------
Begin DFA extraction with n_state:5
Done fitting takes time: 0.5534
==Minimized===

This DFA has 5 states
States: ['3', '2', '4', '1', '5']
Alphabet: set(['1', '0'])
Starting state: 5
Accepting states: ['1', '2', '5', '4']
Transition function:
	1	2	3	4	5
1 	1	1	3	1	1
0 	4	3	3	2	5
Current state: 5
Currently accepting: True

Precision: 0.8948 Recall: 1.0000 Accuracy: 0.9423 F1: 0.9445


--------------------------------------------------------------------
Begin DFA extraction with n_state:6
Done fitting takes time: 0.5435
==Minimized===

This DFA has 5 states
States: ['2', '1', '5', '3', '6']
Alphabet: set(['1', '0'])
Starting state: 6
Accepting states: ['1', '2', '5']
Transition function:
	1	2	3	5	6
1 	1	1	3	1	1
0 	5	3	3	2	5
Current state: 6
Currently accepting: False

Precision: 1.0000 Recall: 1.0000 Accuracy: 1.0000 F1: 1.0000


--------------------------------------------------------------------
Begin DFA extraction with n_state:7
Done fitting takes time: 1.3525
==Minimized===

This DFA has 5 states
States: ['2', '1', '5', '3', '6']
Alphabet: set(['1', '0'])
Starting state: 6
Accepting states: ['1', '2', '5']
Transition function:
	1	2	3	5	6
1 	1	1	3	1	1
0 	5	3	3	2	5
Current state: 6
Currently accepting: False

Precision: 1.0000 Recall: 1.0000 Accuracy: 1.0000 F1: 1.0000


--------------------------------------------------------------------
Begin DFA extraction with n_state:8
Done fitting takes time: 0.5481
==Minimized===

This DFA has 5 states
States: ['2', '1', '5', '3', '6']
Alphabet: set(['1', '0'])
Starting state: 6
Accepting states: ['1', '2', '5']
Transition function:
	1	2	3	5	6
1 	1	1	3	1	1
0 	5	3	3	2	5
Current state: 6
Currently accepting: False

Precision: 1.0000 Recall: 1.0000 Accuracy: 1.0000 F1: 1.0000


--------------------------------------------------------------------
Begin DFA extraction with n_state:9
Done fitting takes time: 0.5664
==Minimized===

This DFA has 5 states
States: ['2', '1', '5', '3', '6']
Alphabet: set(['1', '0'])
Starting state: 6
Accepting states: ['1', '2', '5']
Transition function:
	1	2	3	5	6
1 	1	1	3	1	1
0 	5	3	3	2	5
Current state: 6
Currently accepting: False

Precision: 1.0000 Recall: 1.0000 Accuracy: 1.0000 F1: 1.0000


--------------------------------------------------------------------
Begin DFA extraction with n_state:10
Done fitting takes time: 0.5929
==Minimized===

This DFA has 5 states
States: ['10', '1', '5', '3', '6']
Alphabet: set(['1', '0'])
Starting state: 6
Accepting states: ['10', '1', '5']
Transition function:
	1	10	3	5	6
1 	1	1	3	1	1
0 	5	3	3	10	5
Current state: 6
Currently accepting: False

Precision: 1.0000 Recall: 1.0000 Accuracy: 1.0000 F1: 1.0000


--------------------------------------------------------------------
Begin DFA extraction with n_state:11
Done fitting takes time: 1.7294
==Minimized===

This DFA has 5 states
States: ['10', '1', '5', '11', '6']
Alphabet: set(['1', '0'])
Starting state: 6
Accepting states: ['10', '1', '5']
Transition function:
	1	10	11	5	6
1 	1	1	11	1	1
0 	5	11	11	10	5
Current state: 6
Currently accepting: False

Precision: 1.0000 Recall: 1.0000 Accuracy: 1.0000 F1: 1.0000


--------------------------------------------------------------------
Begin DFA extraction with n_state:12
Done fitting takes time: 0.7324
==Minimized===

This DFA has 5 states
States: ['10', '12', '1', '11', '6']
Alphabet: set(['1', '0'])
Starting state: 6
Accepting states: ['10', '12', '1']
Transition function:
	1	10	11	12	6
1 	1	1	11	1	1
0 	12	11	11	10	12
Current state: 6
Currently accepting: False

Precision: 1.0000 Recall: 1.0000 Accuracy: 1.0000 F1: 1.0000


--------------------------------------------------------------------
Begin DFA extraction with n_state:13
Done fitting takes time: 0.5716
==Minimized===

This DFA has 5 states
States: ['10', '12', '1', '11', '6']
Alphabet: set(['1', '0'])
Starting state: 6
Accepting states: ['10', '12', '1']
Transition function:
	1	10	11	12	6
1 	1	1	11	1	1
0 	12	11	11	10	12
Current state: 6
Currently accepting: False

Precision: 1.0000 Recall: 1.0000 Accuracy: 1.0000 F1: 1.0000


--------------------------------------------------------------------
Begin DFA extraction with n_state:14
Done fitting takes time: 1.4800
==Minimized===

This DFA has 5 states
States: ['10', '12', '14', '11', '6']
Alphabet: set(['1', '0'])
Starting state: 6
Accepting states: ['10', '12', '14']
Transition function:
	10	11	12	14	6
1 	14	11	14	14	14
0 	11	11	10	12	12
Current state: 6
Currently accepting: False

Precision: 1.0000 Recall: 1.0000 Accuracy: 1.0000 F1: 1.0000


--------------------------------------------------------------------
Begin DFA extraction with n_state:15
Done fitting takes time: 0.6187
==Minimized===

This DFA has 5 states
States: ['10', '12', '15', '11', '6']
Alphabet: set(['1', '0'])
Starting state: 6
Accepting states: ['10', '12', '15']
Transition function:
	10	11	12	15	6
1 	15	11	15	15	15
0 	11	11	10	12	12
Current state: 6
Currently accepting: False

Precision: 1.0000 Recall: 1.0000 Accuracy: 1.0000 F1: 1.0000


--------------------------------------------------------------------
Begin DFA extraction with n_state:16
Done fitting takes time: 1.5034
==Minimized===

This DFA has 5 states
States: ['10', '12', '15', '11', '6']
Alphabet: set(['1', '0'])
Starting state: 6
Accepting states: ['10', '12', '15']
Transition function:
	10	11	12	15	6
1 	15	11	15	15	15
0 	11	11	10	12	12
Current state: 6
Currently accepting: False

Precision: 1.0000 Recall: 1.0000 Accuracy: 1.0000 F1: 1.0000


--------------------------------------------------------------------
Begin DFA extraction with n_state:17
Done fitting takes time: 0.5827
==Minimized===

This DFA has 5 states
States: ['10', '12', '15', '11', '6']
Alphabet: set(['1', '0'])
Starting state: 6
Accepting states: ['10', '12', '15']
Transition function:
	10	11	12	15	6
1 	15	11	15	15	15
0 	11	11	10	12	12
Current state: 6
Currently accepting: False

Precision: 1.0000 Recall: 1.0000 Accuracy: 1.0000 F1: 1.0000


--------------------------------------------------------------------
Begin DFA extraction with n_state:18
Done fitting takes time: 0.6264
==Minimized===

This DFA has 5 states
States: ['10', '12', '15', '11', '6']
Alphabet: set(['1', '0'])
Starting state: 6
Accepting states: ['10', '12', '15']
Transition function:
	10	11	12	15	6
1 	15	11	15	15	15
0 	11	11	10	12	12
Current state: 6
Currently accepting: False

Precision: 1.0000 Recall: 1.0000 Accuracy: 1.0000 F1: 1.0000


--------------------------------------------------------------------
Begin DFA extraction with n_state:19
Done fitting takes time: 0.6070
==Minimized===

This DFA has 5 states
States: ['10', '12', '15', '11', '6']
Alphabet: set(['1', '0'])
Starting state: 6
Accepting states: ['10', '12', '15']
Transition function:
	10	11	12	15	6
1 	15	11	15	15	15
0 	11	11	10	12	12
Current state: 6
Currently accepting: False

Precision: 1.0000 Recall: 1.0000 Accuracy: 1.0000 F1: 1.0000
[ 0.65829436  0.65829436  0.90690499  0.94447509  1.          1.          1.
  1.          1.          1.          1.          1.          1.          1.
  1.          1.          1.          1.        ]


[[ 0.          0.          0.          0.60553864  0.82217742  0.91797862
   0.91797862  0.91797862  0.91797862  1.          1.          1.          1.
   1.          1.          1.          1.          1.        ]
 [ 0.          0.65829436  0.35072427  0.51631776  0.35072427  0.57622654
   0.57622654  0.57622654  0.57622654  0.57622654  0.57622654  0.57622654
   0.57596969  0.57596969  0.57596969  0.57596969  0.57596969  0.5752635 ]
 [ 0.65829436  0.65829436  0.90690499  0.94447509  1.          1.          1.
   1.          1.          1.          1.          1.          1.          1.
   1.          1.          1.          1.        ]
 [ 0.          0.          0.          0.          0.          0.          0.
   0.          0.          0.          0.          0.          0.          0.
   0.          0.          0.          0.        ]
 [ 0.          0.65829436  0.65829436  0.65829436  0.94447509  1.          1.
   1.          1.          1.          1.          1.          1.          1.
   1.          1.          1.          1.        ]
 [ 0.          0.          0.65829436  0.90690499  0.90690499  1.          1.
   1.          1.          1.          1.          1.          1.          1.
   1.          1.          1.          1.        ]
 [ 0.          0.          0.          0.          0.          0.          0.
   0.          0.          0.          0.          0.          0.          0.
   0.          0.          0.          0.        ]
 [ 0.          0.          0.          0.          0.          0.          0.
   0.          0.          0.          0.          0.          0.          0.
   0.          0.          0.          0.        ]
 [ 0.          0.          0.          0.          0.          0.          0.
   0.          0.          0.          0.          0.          0.          0.
   0.          0.          0.          0.        ]]
