G:g4, model:GRU tanh, load all data and stored hidden activations


--------------------------------------------------------------------
Begin DFA extraction with n_state:2
Done fitting takes time: 0.4861
==Minimized===

This DFA has 1 states
States: ['1']
Alphabet: set(['1', '0'])
Starting state: 1
Accepting states: []
Transition function:
	1
1 	1
0 	1
Current state: 1
Currently accepting: False

Precision: 0.0000 Recall: 0.0000 Accuracy: 0.5094 F1: 0.0000


--------------------------------------------------------------------
Begin DFA extraction with n_state:3
Done fitting takes time: 0.4795
==Minimized===

This DFA has 2 states
States: ['3', '1']
Alphabet: set(['1', '0'])
Starting state: 3
Accepting states: ['3']
Transition function:
	1	3
1 	1	1
0 	1	3
Current state: 3
Currently accepting: True

Precision: 0.1818 Recall: 0.0004 Accuracy: 0.5087 F1: 0.0008


--------------------------------------------------------------------
Begin DFA extraction with n_state:4
Done fitting takes time: 0.5051
==Minimized===

This DFA has 2 states
States: ['3', '1']
Alphabet: set(['1', '0'])
Starting state: 3
Accepting states: ['3']
Transition function:
	1	3
1 	1	1
0 	1	3
Current state: 3
Currently accepting: True

Precision: 0.1818 Recall: 0.0004 Accuracy: 0.5087 F1: 0.0008


--------------------------------------------------------------------
Begin DFA extraction with n_state:5
Done fitting takes time: 0.5411
==Minimized===

This DFA has 3 states
States: ['3', '1', '4']
Alphabet: set(['1', '0'])
Starting state: 3
Accepting states: ['3']
Transition function:
	1	3	4
1 	1	4	1
0 	1	4	3
Current state: 3
Currently accepting: True

Precision: 0.1375 Recall: 0.0021 Accuracy: 0.5038 F1: 0.0042


--------------------------------------------------------------------
Begin DFA extraction with n_state:6
Done fitting takes time: 0.8139
==Minimized===

This DFA has 3 states
States: ['1', '3', '4']
Alphabet: set(['1', '0'])
Starting state: 3
Accepting states: ['1']
Transition function:
	1	3	4
1 	1	4	1
0 	1	4	1
Current state: 3
Currently accepting: False

Precision: 0.4905 Recall: 0.9996 Accuracy: 0.4904 F1: 0.6581


--------------------------------------------------------------------
Begin DFA extraction with n_state:7
Done fitting takes time: 1.5316
==Minimized===

This DFA has 6 states
States: ['6', '1', '7', '4', '3', '5']
Alphabet: set(['1', '0'])
Starting state: 3
Accepting states: ['1', '7', '6']
Transition function:
	1	3	4	5	6	7
1 	1	4	1	5	1	1
0 	7	4	7	5	5	6
Current state: 3
Currently accepting: False

Precision: 0.9499 Recall: 0.9996 Accuracy: 0.9739 F1: 0.9741


--------------------------------------------------------------------
Begin DFA extraction with n_state:8
Done fitting takes time: 1.4265
==Minimized===

This DFA has 6 states
States: ['6', '1', '7', '4', '3', '5']
Alphabet: set(['1', '0'])
Starting state: 3
Accepting states: ['1', '7', '6']
Transition function:
	1	3	4	5	6	7
1 	1	4	1	5	1	1
0 	7	4	7	5	5	6
Current state: 3
Currently accepting: False

Precision: 0.9499 Recall: 0.9996 Accuracy: 0.9739 F1: 0.9741


--------------------------------------------------------------------
Begin DFA extraction with n_state:9
Done fitting takes time: 1.5839
==Minimized===

This DFA has 6 states
States: ['6', '1', '7', '4', '3', '5']
Alphabet: set(['1', '0'])
Starting state: 3
Accepting states: ['1', '7', '6']
Transition function:
	1	3	4	5	6	7
1 	1	4	1	5	1	1
0 	7	4	7	5	5	6
Current state: 3
Currently accepting: False

Precision: 0.9499 Recall: 0.9996 Accuracy: 0.9739 F1: 0.9741


--------------------------------------------------------------------
Begin DFA extraction with n_state:10
Done fitting takes time: 1.5323
==Minimized===

This DFA has 6 states
States: ['6', '10', '7', '4', '3', '5']
Alphabet: set(['1', '0'])
Starting state: 3
Accepting states: ['10', '7', '6']
Transition function:
	10	3	4	5	6	7
1 	10	4	10	5	10	10
0 	7	4	7	5	5	6
Current state: 3
Currently accepting: False

Precision: 0.9499 Recall: 0.9996 Accuracy: 0.9739 F1: 0.9741


--------------------------------------------------------------------
Begin DFA extraction with n_state:11
Done fitting takes time: 1.4411
==Minimized===

This DFA has 6 states
States: ['11', '10', '7', '4', '3', '5']
Alphabet: set(['1', '0'])
Starting state: 3
Accepting states: ['11', '10', '7']
Transition function:
	10	11	3	4	5	7
1 	10	10	4	10	5	10
0 	7	5	4	7	5	11
Current state: 3
Currently accepting: False

Precision: 0.9499 Recall: 0.9996 Accuracy: 0.9739 F1: 0.9741


--------------------------------------------------------------------
Begin DFA extraction with n_state:12
Done fitting takes time: 0.5713
==Minimized===

This DFA has 6 states
States: ['11', '10', '7', '4', '12', '3']
Alphabet: set(['1', '0'])
Starting state: 3
Accepting states: ['11', '10', '7']
Transition function:
	10	11	12	3	4	7
1 	10	10	12	4	10	10
0 	7	12	12	4	7	11
Current state: 3
Currently accepting: False

Precision: 0.9499 Recall: 0.9996 Accuracy: 0.9739 F1: 0.9741


--------------------------------------------------------------------
Begin DFA extraction with n_state:13
Done fitting takes time: 1.1280
==Minimized===

This DFA has 6 states
States: ['11', '10', '7', '4', '12', '3']
Alphabet: set(['1', '0'])
Starting state: 3
Accepting states: ['11', '10', '7']
Transition function:
	10	11	12	3	4	7
1 	10	10	12	4	10	10
0 	7	12	12	4	7	11
Current state: 3
Currently accepting: False

Precision: 0.9499 Recall: 0.9996 Accuracy: 0.9739 F1: 0.9741


--------------------------------------------------------------------
Begin DFA extraction with n_state:14
Done fitting takes time: 1.0574
==Minimized===

This DFA has 6 states
States: ['11', '10', '7', '4', '12', '3']
Alphabet: set(['1', '0'])
Starting state: 3
Accepting states: ['11', '10', '7']
Transition function:
	10	11	12	3	4	7
1 	10	10	12	4	10	10
0 	7	12	12	4	7	11
Current state: 3
Currently accepting: False

Precision: 0.9499 Recall: 0.9996 Accuracy: 0.9739 F1: 0.9741


--------------------------------------------------------------------
Begin DFA extraction with n_state:15
Done fitting takes time: 1.7673
==Minimized===

This DFA has 6 states
States: ['11', '10', '7', '4', '12', '3']
Alphabet: set(['1', '0'])
Starting state: 3
Accepting states: ['11', '10', '7']
Transition function:
	10	11	12	3	4	7
1 	10	10	12	4	10	10
0 	7	12	12	4	7	11
Current state: 3
Currently accepting: False

Precision: 0.9499 Recall: 0.9996 Accuracy: 0.9739 F1: 0.9741


--------------------------------------------------------------------
Begin DFA extraction with n_state:16
Done fitting takes time: 1.7834
==Minimized===

This DFA has 6 states
States: ['11', '10', '7', '4', '12', '3']
Alphabet: set(['1', '0'])
Starting state: 3
Accepting states: ['11', '10', '7']
Transition function:
	10	11	12	3	4	7
1 	10	10	12	4	10	10
0 	7	12	12	4	7	11
Current state: 3
Currently accepting: False

Precision: 0.9499 Recall: 0.9996 Accuracy: 0.9739 F1: 0.9741


--------------------------------------------------------------------
Begin DFA extraction with n_state:17
Done fitting takes time: 0.5637
==Minimized===

This DFA has 5 states
States: ['11', '10', '4', '12', '3']
Alphabet: set(['1', '0'])
Starting state: 3
Accepting states: ['11', '10', '4']
Transition function:
	10	11	12	3	4
1 	10	10	12	10	10
0 	4	12	12	4	11
Current state: 3
Currently accepting: False

Precision: 1.0000 Recall: 1.0000 Accuracy: 1.0000 F1: 1.0000


--------------------------------------------------------------------
Begin DFA extraction with n_state:18
Done fitting takes time: 2.4002
==Minimized===

This DFA has 5 states
States: ['11', '10', '18', '12', '3']
Alphabet: set(['1', '0'])
Starting state: 3
Accepting states: ['11', '10', '18']
Transition function:
	10	11	12	18	3
1 	10	10	12	10	10
0 	18	12	12	11	18
Current state: 3
Currently accepting: False

Precision: 1.0000 Recall: 1.0000 Accuracy: 1.0000 F1: 1.0000


--------------------------------------------------------------------
Begin DFA extraction with n_state:19
Done fitting takes time: 2.1189
==Minimized===

This DFA has 5 states
States: ['11', '10', '18', '12', '3']
Alphabet: set(['1', '0'])
Starting state: 3
Accepting states: ['11', '10', '18']
Transition function:
	10	11	12	18	3
1 	10	10	12	10	10
0 	18	12	12	11	18
Current state: 3
Currently accepting: False

Precision: 1.0000 Recall: 1.0000 Accuracy: 1.0000 F1: 1.0000
[  0.00000000e+00   7.77000777e-04   7.77000777e-04   4.21698294e-03
   6.58122397e-01   9.74106042e-01   9.74106042e-01   9.74106042e-01
   9.74106042e-01   9.74106042e-01   9.74106042e-01   9.74106042e-01
   9.74106042e-01   9.74106042e-01   9.74106042e-01   1.00000000e+00
   1.00000000e+00   1.00000000e+00]


[[  0.00000000e+00   6.58294355e-01   6.58294355e-01   1.00000000e+00
    1.00000000e+00   1.00000000e+00   1.00000000e+00   1.00000000e+00
    1.00000000e+00   1.00000000e+00   1.00000000e+00   1.00000000e+00
    1.00000000e+00   1.00000000e+00   1.00000000e+00   1.00000000e+00
    1.00000000e+00   1.00000000e+00]
 [  0.00000000e+00   0.00000000e+00   0.00000000e+00   0.00000000e+00
    0.00000000e+00   3.93243828e-01   3.17399050e-01   2.96373057e-01
    2.36037935e-01   9.19680517e-01   8.38179656e-01   7.88068059e-01
    8.19133881e-01   8.28832407e-01   5.80378139e-01   8.05776599e-01
    6.70795364e-01   6.95996318e-01]
 [  6.58294355e-01   6.58294355e-01   6.58294355e-01   9.44475087e-01
    9.44475087e-01   9.44475087e-01   9.44475087e-01   1.00000000e+00
    1.00000000e+00   1.00000000e+00   1.00000000e+00   1.00000000e+00
    1.00000000e+00   1.00000000e+00   1.00000000e+00   1.00000000e+00
    1.00000000e+00   1.00000000e+00]
 [  0.00000000e+00   0.00000000e+00   1.00000000e+00   1.00000000e+00
    1.00000000e+00   1.00000000e+00   1.00000000e+00   1.00000000e+00
    1.00000000e+00   1.00000000e+00   1.00000000e+00   1.00000000e+00
    1.00000000e+00   1.00000000e+00   1.00000000e+00   1.00000000e+00
    1.00000000e+00   1.00000000e+00]
 [  0.00000000e+00   6.58294355e-01   6.58294355e-01   6.58294355e-01
    6.58294355e-01   9.44475087e-01   9.44475087e-01   1.00000000e+00
    1.00000000e+00   1.00000000e+00   1.00000000e+00   1.00000000e+00
    1.00000000e+00   1.00000000e+00   1.00000000e+00   1.00000000e+00
    1.00000000e+00   1.00000000e+00]
 [  0.00000000e+00   6.58294355e-01   6.58294355e-01   1.00000000e+00
    9.44475087e-01   9.44475087e-01   9.44475087e-01   9.44475087e-01
    9.44475087e-01   1.00000000e+00   1.00000000e+00   1.00000000e+00
    1.00000000e+00   1.00000000e+00   1.00000000e+00   1.00000000e+00
    1.00000000e+00   1.00000000e+00]
 [  6.58294355e-01   4.24151811e-01   2.65113137e-01   1.00000000e+00
    1.00000000e+00   1.00000000e+00   1.00000000e+00   1.00000000e+00
    1.00000000e+00   9.74106042e-01   9.74106042e-01   9.74106042e-01
    9.74106042e-01   9.74106042e-01   9.74106042e-01   9.74106042e-01
    9.74106042e-01   9.74106042e-01]
 [  0.00000000e+00   0.00000000e+00   0.00000000e+00   4.24075350e-01
    3.89256520e-04   5.71652720e-01   5.71652720e-01   9.44475087e-01
    9.56000406e-01   9.56000406e-01   9.56000406e-01   9.56000406e-01
    9.18889884e-01   9.18889884e-01   9.46980175e-01   9.86556558e-01
    9.86556558e-01   9.86556558e-01]
 [  0.00000000e+00   7.77000777e-04   7.77000777e-04   4.21698294e-03
    6.58122397e-01   9.74106042e-01   9.74106042e-01   9.74106042e-01
    9.74106042e-01   9.74106042e-01   9.74106042e-01   9.74106042e-01
    9.74106042e-01   9.74106042e-01   9.74106042e-01   1.00000000e+00
    1.00000000e+00   1.00000000e+00]]
