G:g4, model:LSTM tanh, load all data and stored hidden activations


--------------------------------------------------------------------
Begin DFA extraction with n_state:2
Done fitting takes time: 1.3354
==Minimized===

This DFA has 1 states
States: ['2']
Alphabet: set(['1', '0'])
Starting state: 2
Accepting states: []
Transition function:
	2
1 	2
0 	2
Current state: 2
Currently accepting: False

Precision: 0.0000 Recall: 0.0000 Accuracy: 0.5094 F1: 0.0000


--------------------------------------------------------------------
Begin DFA extraction with n_state:3
Done fitting takes time: 1.5016
==Minimized===

This DFA has 2 states
States: ['1', '2']
Alphabet: set(['1', '0'])
Starting state: 1
Accepting states: ['1']
Transition function:
	1	2
1 	2	2
0 	1	2
Current state: 1
Currently accepting: True

Precision: 0.1818 Recall: 0.0004 Accuracy: 0.5087 F1: 0.0008


--------------------------------------------------------------------
Begin DFA extraction with n_state:4
Done fitting takes time: 0.5587
==Minimized===

This DFA has 1 states
States: ['3']
Alphabet: set(['1', '0'])
Starting state: 3
Accepting states: []
Transition function:
	3
1 	3
0 	3
Current state: 3
Currently accepting: False

Precision: 0.0000 Recall: 0.0000 Accuracy: 0.5094 F1: 0.0000


--------------------------------------------------------------------
Begin DFA extraction with n_state:5
Done fitting takes time: 0.5620
==Minimized===

This DFA has 3 states
States: ['1', '2', '5']
Alphabet: set(['1', '0'])
Starting state: 5
Accepting states: ['1']
Transition function:
	1	2	5
1 	2	2	1
0 	2	2	5
Current state: 5
Currently accepting: False

Precision: 0.2727 Recall: 0.0006 Accuracy: 0.5089 F1: 0.0012


--------------------------------------------------------------------
Begin DFA extraction with n_state:6
Done fitting takes time: 0.6484
==Minimized===

This DFA has 3 states
States: ['1', '2', '5']
Alphabet: set(['1', '0'])
Starting state: 5
Accepting states: ['1']
Transition function:
	1	2	5
1 	2	2	1
0 	2	2	2
Current state: 5
Currently accepting: False

Precision: 1.0000 Recall: 0.0002 Accuracy: 0.5095 F1: 0.0004


--------------------------------------------------------------------
Begin DFA extraction with n_state:7
Done fitting takes time: 1.0654
==Minimized===

This DFA has 3 states
States: ['1', '2', '5']
Alphabet: set(['1', '0'])
Starting state: 5
Accepting states: ['1']
Transition function:
	1	2	5
1 	2	2	1
0 	2	2	2
Current state: 5
Currently accepting: False

Precision: 1.0000 Recall: 0.0002 Accuracy: 0.5095 F1: 0.0004


--------------------------------------------------------------------
Begin DFA extraction with n_state:8
Done fitting takes time: 1.0359
==Minimized===

This DFA has 1 states
States: ['3']
Alphabet: set(['1', '0'])
Starting state: 3
Accepting states: []
Transition function:
	3
1 	3
0 	3
Current state: 3
Currently accepting: False

Precision: 0.0000 Recall: 0.0000 Accuracy: 0.5094 F1: 0.0000


--------------------------------------------------------------------
Begin DFA extraction with n_state:9
Done fitting takes time: 0.5918
==Minimized===

This DFA has 1 states
States: ['3']
Alphabet: set(['1', '0'])
Starting state: 3
Accepting states: []
Transition function:
	3
1 	3
0 	3
Current state: 3
Currently accepting: False

Precision: 0.0000 Recall: 0.0000 Accuracy: 0.5094 F1: 0.0000


--------------------------------------------------------------------
Begin DFA extraction with n_state:10
Done fitting takes time: 0.5889
==Minimized===

This DFA has 3 states
States: ['3', '10', '5']
Alphabet: set(['1', '0'])
Starting state: 5
Accepting states: ['10', '5']
Transition function:
	10	3	5
1 	10	10	3
0 	10	5	3
Current state: 5
Currently accepting: True

Precision: 0.4938 Recall: 0.9969 Accuracy: 0.4971 F1: 0.6605


--------------------------------------------------------------------
Begin DFA extraction with n_state:11
Done fitting takes time: 0.6136
==Minimized===

This DFA has 3 states
States: ['3', '10', '5']
Alphabet: set(['1', '0'])
Starting state: 5
Accepting states: ['10', '5']
Transition function:
	10	3	5
1 	10	10	3
0 	10	5	3
Current state: 5
Currently accepting: True

Precision: 0.4938 Recall: 0.9969 Accuracy: 0.4971 F1: 0.6605


--------------------------------------------------------------------
Begin DFA extraction with n_state:12
Done fitting takes time: 0.6748
==Minimized===

This DFA has 4 states
States: ['1', '12', '3', '5']
Alphabet: set(['1', '0'])
Starting state: 5
Accepting states: ['1']
Transition function:
	1	12	3	5
1 	1	1	12	3
0 	1	1	12	3
Current state: 5
Currently accepting: False

Precision: 0.4903 Recall: 0.9988 Accuracy: 0.4901 F1: 0.6578


--------------------------------------------------------------------
Begin DFA extraction with n_state:13
Done fitting takes time: 2.0590
==Minimized===

This DFA has 7 states
States: ['9', '1', '8', '12', '3', '11', '5']
Alphabet: set(['1', '0'])
Starting state: 5
Accepting states: ['1', '8', '9']
Transition function:
	1	11	12	3	5	8	9
1 	1	11	1	12	3	1	1
0 	8	11	8	12	3	9	11
Current state: 5
Currently accepting: False

Precision: 0.8995 Recall: 0.9988 Accuracy: 0.9447 F1: 0.9466


--------------------------------------------------------------------
Begin DFA extraction with n_state:14
Done fitting takes time: 1.5476
==Minimized===

This DFA has 6 states
States: ['14', '10', '9', '3', '11', '5']
Alphabet: set(['1', '0'])
Starting state: 5
Accepting states: ['10', '14', '9']
Transition function:
	10	11	14	3	5	9
1 	10	11	10	10	3	10
0 	9	11	11	9	3	14
Current state: 5
Currently accepting: False

Precision: 0.9499 Recall: 0.9996 Accuracy: 0.9739 F1: 0.9741


--------------------------------------------------------------------
Begin DFA extraction with n_state:15
Done fitting takes time: 2.0973
==Minimized===

This DFA has 7 states
States: ['14', '10', '8', '15', '3', '11', '5']
Alphabet: set(['1', '0'])
Starting state: 5
Accepting states: ['10', '14', '8']
Transition function:
	10	11	14	15	3	5	8
1 	10	11	10	10	15	3	10
0 	8	11	11	8	15	3	14
Current state: 5
Currently accepting: False

Precision: 0.8995 Recall: 0.9988 Accuracy: 0.9447 F1: 0.9466


--------------------------------------------------------------------
Begin DFA extraction with n_state:16
Done fitting takes time: 1.1936
==Minimized===

This DFA has 6 states
States: ['14', '10', '16', '3', '11', '5']
Alphabet: set(['1', '0'])
Starting state: 5
Accepting states: ['10', '14', '16']
Transition function:
	10	11	14	16	3	5
1 	10	11	10	10	10	3
0 	16	11	11	14	16	3
Current state: 5
Currently accepting: False

Precision: 0.9499 Recall: 0.9996 Accuracy: 0.9739 F1: 0.9741


--------------------------------------------------------------------
Begin DFA extraction with n_state:17
Done fitting takes time: 0.6318
==Minimized===

This DFA has 6 states
States: ['14', '10', '17', '3', '11', '5']
Alphabet: set(['1', '0'])
Starting state: 5
Accepting states: ['10', '14', '17']
Transition function:
	10	11	14	17	3	5
1 	10	11	10	10	10	3
0 	17	11	11	14	17	3
Current state: 5
Currently accepting: False

Precision: 0.9499 Recall: 0.9996 Accuracy: 0.9739 F1: 0.9741


--------------------------------------------------------------------
Begin DFA extraction with n_state:18
Done fitting takes time: 0.6175
==Minimized===

This DFA has 6 states
States: ['14', '10', '17', '3', '11', '5']
Alphabet: set(['1', '0'])
Starting state: 5
Accepting states: ['10', '14', '17']
Transition function:
	10	11	14	17	3	5
1 	10	11	10	10	10	3
0 	17	11	11	14	17	3
Current state: 5
Currently accepting: False

Precision: 0.9499 Recall: 0.9996 Accuracy: 0.9739 F1: 0.9741


--------------------------------------------------------------------
Begin DFA extraction with n_state:19
Done fitting takes time: 0.6331
==Minimized===

This DFA has 6 states
States: ['14', '10', '17', '3', '11', '5']
Alphabet: set(['1', '0'])
Starting state: 5
Accepting states: ['10', '14', '17']
Transition function:
	10	11	14	17	3	5
1 	10	11	10	10	10	3
0 	17	11	11	14	17	3
Current state: 5
Currently accepting: False

Precision: 0.9499 Recall: 0.9996 Accuracy: 0.9739 F1: 0.9741
[  0.00000000e+00   7.77000777e-04   0.00000000e+00   1.16550117e-03
   3.89256520e-04   3.89256520e-04   0.00000000e+00   0.00000000e+00
   6.60475914e-01   6.60475914e-01   6.57778348e-01   9.46591643e-01
   9.74106042e-01   9.46591643e-01   9.74106042e-01   9.74106042e-01
   9.74106042e-01   9.74106042e-01]


[[  0.00000000e+00   0.00000000e+00   6.58294355e-01   6.58294355e-01
    6.58294355e-01   6.58294355e-01   6.58294355e-01   1.00000000e+00
    1.00000000e+00   1.00000000e+00   1.00000000e+00   1.00000000e+00
    1.00000000e+00   1.00000000e+00   1.00000000e+00   1.00000000e+00
    1.00000000e+00   1.00000000e+00]
 [  0.00000000e+00   0.00000000e+00   0.00000000e+00   0.00000000e+00
    0.00000000e+00   0.00000000e+00   0.00000000e+00   0.00000000e+00
    0.00000000e+00   0.00000000e+00   3.89256520e-04   0.00000000e+00
    1.93836015e-03   5.66304077e-01   5.66304077e-01   6.47973457e-01
    6.47973457e-01   6.47973457e-01]
 [  0.00000000e+00   6.58294355e-01   6.58294355e-01   6.58294355e-01
    9.44475087e-01   9.44475087e-01   9.44475087e-01   9.44475087e-01
    1.00000000e+00   1.00000000e+00   1.00000000e+00   1.00000000e+00
    1.00000000e+00   1.00000000e+00   1.00000000e+00   1.00000000e+00
    1.00000000e+00   1.00000000e+00]
 [  0.00000000e+00   6.58294355e-01   6.58294355e-01   1.00000000e+00
    1.00000000e+00   9.44475087e-01   9.30722592e-01   9.44475087e-01
    9.74106042e-01   9.44475087e-01   9.44475087e-01   9.44475087e-01
    1.00000000e+00   1.00000000e+00   1.00000000e+00   1.00000000e+00
    1.00000000e+00   1.00000000e+00]
 [  0.00000000e+00   6.58294355e-01   6.58294355e-01   9.06904990e-01
    9.06904990e-01   9.44475087e-01   9.44475087e-01   1.00000000e+00
    1.00000000e+00   1.00000000e+00   1.00000000e+00   1.00000000e+00
    1.00000000e+00   1.00000000e+00   1.00000000e+00   1.00000000e+00
    1.00000000e+00   1.00000000e+00]
 [  0.00000000e+00   6.58294355e-01   6.58294355e-01   1.00000000e+00
    1.00000000e+00   1.00000000e+00   1.00000000e+00   1.00000000e+00
    1.00000000e+00   1.00000000e+00   1.00000000e+00   1.00000000e+00
    1.00000000e+00   1.00000000e+00   1.00000000e+00   1.00000000e+00
    1.00000000e+00   1.00000000e+00]
 [  0.00000000e+00   6.58294355e-01   6.58294355e-01   6.58294355e-01
    6.58294355e-01   6.58294355e-01   6.58294355e-01   6.58294355e-01
    6.58294355e-01   1.00000000e+00   1.00000000e+00   1.00000000e+00
    1.00000000e+00   1.00000000e+00   1.00000000e+00   1.00000000e+00
    1.00000000e+00   1.00000000e+00]
 [  0.00000000e+00   7.77000777e-04   0.00000000e+00   1.16550117e-03
    3.89256520e-04   3.89256520e-04   0.00000000e+00   0.00000000e+00
    6.60475914e-01   6.60475914e-01   6.57778348e-01   9.46591643e-01
    9.74106042e-01   9.46591643e-01   9.74106042e-01   9.74106042e-01
    9.74106042e-01   9.74106042e-01]
 [  0.00000000e+00   0.00000000e+00   0.00000000e+00   0.00000000e+00
    0.00000000e+00   0.00000000e+00   0.00000000e+00   0.00000000e+00
    0.00000000e+00   0.00000000e+00   0.00000000e+00   0.00000000e+00
    0.00000000e+00   0.00000000e+00   0.00000000e+00   0.00000000e+00
    0.00000000e+00   0.00000000e+00]]
