G:g4, model:LSTM tanh, load all data and stored hidden activations


--------------------------------------------------------------------
Begin DFA extraction with n_state:2
Done fitting takes time: 1.5646
==Minimized===

This DFA has 1 states
States: ['1']
Alphabet: set(['1', '0'])
Starting state: 1
Accepting states: []
Transition function:
	1
1 	1
0 	1
Current state: 1
Currently accepting: False

Precision: 0.0000 Recall: 0.0000 Accuracy: 0.5094 F1: 0.0000


--------------------------------------------------------------------
Begin DFA extraction with n_state:3
Done fitting takes time: 1.2056
==Minimized===

This DFA has 1 states
States: ['1']
Alphabet: set(['1', '0'])
Starting state: 1
Accepting states: ['1']
Transition function:
	1
1 	1
0 	1
Current state: 1
Currently accepting: True

Precision: 0.4906 Recall: 1.0000 Accuracy: 0.4906 F1: 0.6583


--------------------------------------------------------------------
Begin DFA extraction with n_state:4
Done fitting takes time: 1.5790
==Minimized===

This DFA has 1 states
States: ['1']
Alphabet: set(['1', '0'])
Starting state: 1
Accepting states: ['1']
Transition function:
	1
1 	1
0 	1
Current state: 1
Currently accepting: True

Precision: 0.4906 Recall: 1.0000 Accuracy: 0.4906 F1: 0.6583


--------------------------------------------------------------------
Begin DFA extraction with n_state:5
Done fitting takes time: 0.7550
==Minimized===

This DFA has 1 states
States: ['1']
Alphabet: set(['1', '0'])
Starting state: 1
Accepting states: ['1']
Transition function:
	1
1 	1
0 	1
Current state: 1
Currently accepting: True

Precision: 0.4906 Recall: 1.0000 Accuracy: 0.4906 F1: 0.6583


--------------------------------------------------------------------
Begin DFA extraction with n_state:6
Done fitting takes time: 0.5896
==Minimized===

This DFA has 1 states
States: ['3']
Alphabet: set(['1', '0'])
Starting state: 3
Accepting states: []
Transition function:
	3
1 	3
0 	3
Current state: 3
Currently accepting: False

Precision: 0.0000 Recall: 0.0000 Accuracy: 0.5094 F1: 0.0000


--------------------------------------------------------------------
Begin DFA extraction with n_state:7
Done fitting takes time: 0.7158
==Minimized===

This DFA has 1 states
States: ['3']
Alphabet: set(['1', '0'])
Starting state: 3
Accepting states: []
Transition function:
	3
1 	3
0 	3
Current state: 3
Currently accepting: False

Precision: 0.0000 Recall: 0.0000 Accuracy: 0.5094 F1: 0.0000


--------------------------------------------------------------------
Begin DFA extraction with n_state:8
Done fitting takes time: 0.5531
==Minimized===

This DFA has 1 states
States: ['3']
Alphabet: set(['1', '0'])
Starting state: 3
Accepting states: []
Transition function:
	3
1 	3
0 	3
Current state: 3
Currently accepting: False

Precision: 0.0000 Recall: 0.0000 Accuracy: 0.5094 F1: 0.0000


--------------------------------------------------------------------
Begin DFA extraction with n_state:9
Done fitting takes time: 0.6014
==Minimized===

This DFA has 1 states
States: ['3']
Alphabet: set(['1', '0'])
Starting state: 3
Accepting states: []
Transition function:
	3
1 	3
0 	3
Current state: 3
Currently accepting: False

Precision: 0.0000 Recall: 0.0000 Accuracy: 0.5094 F1: 0.0000


--------------------------------------------------------------------
Begin DFA extraction with n_state:10
Done fitting takes time: 0.9526
==Minimized===

This DFA has 6 states
States: ['4', '1', '2', '10', '3', '5']
Alphabet: set(['1', '0'])
Starting state: 3
Accepting states: ['1', '2', '4']
Transition function:
	1	10	2	3	4	5
1 	1	1	1	10	1	5
0 	2	2	4	10	5	5
Current state: 3
Currently accepting: False

Precision: 0.9499 Recall: 0.9996 Accuracy: 0.9739 F1: 0.9741


--------------------------------------------------------------------
Begin DFA extraction with n_state:11
Done fitting takes time: 1.0734
==Minimized===

This DFA has 6 states
States: ['4', '1', '2', '10', '3', '5']
Alphabet: set(['1', '0'])
Starting state: 3
Accepting states: ['1', '2', '4']
Transition function:
	1	10	2	3	4	5
1 	1	1	1	10	1	5
0 	2	2	4	10	5	5
Current state: 3
Currently accepting: False

Precision: 0.9499 Recall: 0.9996 Accuracy: 0.9739 F1: 0.9741


--------------------------------------------------------------------
Begin DFA extraction with n_state:12
Done fitting takes time: 0.5888
==Minimized===

This DFA has 6 states
States: ['4', '12', '2', '10', '3', '5']
Alphabet: set(['1', '0'])
Starting state: 3
Accepting states: ['12', '2', '4']
Transition function:
	10	12	2	3	4	5
1 	12	12	12	10	12	5
0 	2	2	4	10	5	5
Current state: 3
Currently accepting: False

Precision: 0.9499 Recall: 0.9996 Accuracy: 0.9739 F1: 0.9741


--------------------------------------------------------------------
Begin DFA extraction with n_state:13
Done fitting takes time: 0.5812
==Minimized===

This DFA has 6 states
States: ['13', '12', '2', '10', '3', '5']
Alphabet: set(['1', '0'])
Starting state: 3
Accepting states: ['13', '12', '2']
Transition function:
	10	12	13	2	3	5
1 	12	12	12	12	10	5
0 	2	2	5	13	10	5
Current state: 3
Currently accepting: False

Precision: 0.9499 Recall: 0.9996 Accuracy: 0.9739 F1: 0.9741


--------------------------------------------------------------------
Begin DFA extraction with n_state:14
Done fitting takes time: 0.5877
==Minimized===

This DFA has 6 states
States: ['13', '12', '2', '10', '14', '3']
Alphabet: set(['1', '0'])
Starting state: 3
Accepting states: ['13', '12', '2']
Transition function:
	10	12	13	14	2	3
1 	12	12	12	14	12	10
0 	2	2	14	14	13	10
Current state: 3
Currently accepting: False

Precision: 0.9499 Recall: 0.9996 Accuracy: 0.9739 F1: 0.9741


--------------------------------------------------------------------
Begin DFA extraction with n_state:15
Done fitting takes time: 0.6312
==Minimized===

This DFA has 5 states
States: ['13', '11', '15', '14', '3']
Alphabet: set(['1', '0'])
Starting state: 3
Accepting states: ['11', '13', '15']
Transition function:
	11	13	14	15	3
1 	11	11	14	11	11
0 	15	14	14	13	15
Current state: 3
Currently accepting: False

Precision: 1.0000 Recall: 1.0000 Accuracy: 1.0000 F1: 1.0000


--------------------------------------------------------------------
Begin DFA extraction with n_state:16
Done fitting takes time: 0.6314
==Minimized===

This DFA has 5 states
States: ['13', '11', '15', '14', '3']
Alphabet: set(['1', '0'])
Starting state: 3
Accepting states: ['11', '13', '15']
Transition function:
	11	13	14	15	3
1 	11	11	14	11	11
0 	15	14	14	13	15
Current state: 3
Currently accepting: False

Precision: 1.0000 Recall: 1.0000 Accuracy: 1.0000 F1: 1.0000


--------------------------------------------------------------------
Begin DFA extraction with n_state:17
Done fitting takes time: 0.5963
==Minimized===

This DFA has 5 states
States: ['13', '11', '15', '14', '3']
Alphabet: set(['1', '0'])
Starting state: 3
Accepting states: ['11', '13', '15']
Transition function:
	11	13	14	15	3
1 	11	11	14	11	11
0 	15	14	14	13	15
Current state: 3
Currently accepting: False

Precision: 1.0000 Recall: 1.0000 Accuracy: 1.0000 F1: 1.0000


--------------------------------------------------------------------
Begin DFA extraction with n_state:18
Done fitting takes time: 0.6169
==Minimized===

This DFA has 5 states
States: ['13', '11', '15', '14', '3']
Alphabet: set(['1', '0'])
Starting state: 3
Accepting states: ['11', '13', '15']
Transition function:
	11	13	14	15	3
1 	11	11	14	11	11
0 	15	14	14	13	15
Current state: 3
Currently accepting: False

Precision: 1.0000 Recall: 1.0000 Accuracy: 1.0000 F1: 1.0000


--------------------------------------------------------------------
Begin DFA extraction with n_state:19
Done fitting takes time: 0.6056
==Minimized===

This DFA has 5 states
States: ['13', '11', '15', '14', '3']
Alphabet: set(['1', '0'])
Starting state: 3
Accepting states: ['11', '13', '15']
Transition function:
	11	13	14	15	3
1 	11	11	14	11	11
0 	15	14	14	13	15
Current state: 3
Currently accepting: False

Precision: 1.0000 Recall: 1.0000 Accuracy: 1.0000 F1: 1.0000
[ 0.          0.65829436  0.65829436  0.65829436  0.          0.          0.
  0.          0.97410604  0.97410604  0.97410604  0.97410604  0.97410604
  1.          1.          1.          1.          1.        ]


[[ 0.          0.          0.          0.65829436  0.6581224   1.          1.
   1.          1.          1.          1.          1.          1.          1.
   1.          1.          1.          1.        ]
 [ 0.          0.          0.          0.34183344  0.          0.          0.
   0.37430303  0.          0.          0.14811422  0.47835225  0.49052202
   0.35397091  0.          0.50908043  0.57499763  0.5034454 ]
 [ 0.          0.          0.65829436  0.65829436  0.94447509  1.          1.
   1.          1.          1.          1.          1.          1.          1.
   1.          1.          1.          1.        ]
 [ 0.          0.          0.90690499  1.          1.          1.          1.
   1.          1.          1.          1.          1.          1.          1.
   1.          1.          1.          1.        ]
 [ 0.65829436  0.65829436  0.90690499  0.94447509  0.94447509  1.          1.
   1.          1.          1.          1.          1.          1.          1.
   1.          1.          1.          1.        ]
 [ 0.          0.65829436  0.90690499  0.65829436  0.90690499  1.          1.
   1.          1.          1.          1.          1.          1.          1.
   1.          1.          1.          1.        ]
 [ 0.65829436  0.65829436  0.65829436  0.65829436  0.65829436  0.65829436
   0.65829436  0.65829436  0.65829436  0.65829436  0.65829436  0.65829436
   0.65829436  0.65829436  0.65829436  0.65829436  0.65829436  0.65829436]
 [ 0.          0.65829436  0.65829436  0.65829436  0.          0.          0.
   0.          0.97410604  0.97410604  0.97410604  0.97410604  0.97410604
   1.          1.          1.          1.          1.        ]
 [ 0.          0.          0.          0.          0.          0.          0.
   0.          0.          0.          0.          0.          0.          0.
   0.          0.          0.          0.        ]]
