G:g4, model:GRU tanh, load all data and stored hidden activations


--------------------------------------------------------------------
Begin DFA extraction with n_state:2
Done fitting takes time: 0.7294
==Minimized===

This DFA has 1 states
States: ['1']
Alphabet: set(['1', '0'])
Starting state: 1
Accepting states: []
Transition function:
	1
1 	1
0 	1
Current state: 1
Currently accepting: False

Precision: 0.0000 Recall: 0.0000 Accuracy: 0.5094 F1: 0.0000


--------------------------------------------------------------------
Begin DFA extraction with n_state:3
Done fitting takes time: 0.5086
==Minimized===

This DFA has 1 states
States: ['1']
Alphabet: set(['1', '0'])
Starting state: 1
Accepting states: ['1']
Transition function:
	1
1 	1
0 	1
Current state: 1
Currently accepting: True

Precision: 0.4906 Recall: 1.0000 Accuracy: 0.4906 F1: 0.6583


--------------------------------------------------------------------
Begin DFA extraction with n_state:4
Done fitting takes time: 0.5407
==Minimized===

This DFA has 1 states
States: ['1']
Alphabet: set(['1', '0'])
Starting state: 1
Accepting states: ['1']
Transition function:
	1
1 	1
0 	1
Current state: 1
Currently accepting: True

Precision: 0.4906 Recall: 1.0000 Accuracy: 0.4906 F1: 0.6583


--------------------------------------------------------------------
Begin DFA extraction with n_state:5
Done fitting takes time: 0.5614
==Minimized===

This DFA has 1 states
States: ['1']
Alphabet: set(['1', '0'])
Starting state: 1
Accepting states: ['1']
Transition function:
	1
1 	1
0 	1
Current state: 1
Currently accepting: True

Precision: 0.4906 Recall: 1.0000 Accuracy: 0.4906 F1: 0.6583


--------------------------------------------------------------------
Begin DFA extraction with n_state:6
Done fitting takes time: 0.5529
==Minimized===

This DFA has 1 states
States: ['1']
Alphabet: set(['1', '0'])
Starting state: 1
Accepting states: ['1']
Transition function:
	1
1 	1
0 	1
Current state: 1
Currently accepting: True

Precision: 0.4906 Recall: 1.0000 Accuracy: 0.4906 F1: 0.6583


--------------------------------------------------------------------
Begin DFA extraction with n_state:7
Done fitting takes time: 0.5695
==Minimized===

This DFA has 1 states
States: ['7']
Alphabet: set(['1', '0'])
Starting state: 7
Accepting states: []
Transition function:
	7
1 	7
0 	7
Current state: 7
Currently accepting: False

Precision: 0.0000 Recall: 0.0000 Accuracy: 0.5094 F1: 0.0000


--------------------------------------------------------------------
Begin DFA extraction with n_state:8
Done fitting takes time: 1.6696
==Minimized===

This DFA has 1 states
States: ['7']
Alphabet: set(['1', '0'])
Starting state: 7
Accepting states: []
Transition function:
	7
1 	7
0 	7
Current state: 7
Currently accepting: False

Precision: 0.0000 Recall: 0.0000 Accuracy: 0.5094 F1: 0.0000


--------------------------------------------------------------------
Begin DFA extraction with n_state:9
Done fitting takes time: 0.7090
==Minimized===

This DFA has 3 states
States: ['1', '7', '9']
Alphabet: set(['1', '0'])
Starting state: 7
Accepting states: ['1']
Transition function:
	1	7	9
1 	1	9	1
0 	1	9	1
Current state: 7
Currently accepting: False

Precision: 0.4905 Recall: 0.9996 Accuracy: 0.4904 F1: 0.6581


--------------------------------------------------------------------
Begin DFA extraction with n_state:10
Done fitting takes time: 0.5780
==Minimized===

This DFA has 6 states
States: ['10', '1', '3', '9', '5', '7']
Alphabet: set(['1', '0'])
Starting state: 7
Accepting states: ['1', '10', '3']
Transition function:
	1	10	3	5	7	9
1 	1	1	1	5	9	1
0 	3	5	10	5	9	3
Current state: 7
Currently accepting: False

Precision: 0.9499 Recall: 0.9996 Accuracy: 0.9739 F1: 0.9741


--------------------------------------------------------------------
Begin DFA extraction with n_state:11
Done fitting takes time: 0.8475
==Minimized===

This DFA has 6 states
States: ['10', '1', '3', '9', '11', '7']
Alphabet: set(['1', '0'])
Starting state: 7
Accepting states: ['1', '10', '3']
Transition function:
	1	10	11	3	7	9
1 	1	1	11	1	9	1
0 	3	11	11	10	9	3
Current state: 7
Currently accepting: False

Precision: 0.9499 Recall: 0.9996 Accuracy: 0.9739 F1: 0.9741


--------------------------------------------------------------------
Begin DFA extraction with n_state:12
Done fitting takes time: 0.8251
==Minimized===

This DFA has 6 states
States: ['10', '1', '3', '9', '11', '7']
Alphabet: set(['1', '0'])
Starting state: 7
Accepting states: ['1', '10', '3']
Transition function:
	1	10	11	3	7	9
1 	1	1	11	1	9	1
0 	3	11	11	10	9	3
Current state: 7
Currently accepting: False

Precision: 0.9499 Recall: 0.9996 Accuracy: 0.9739 F1: 0.9741


--------------------------------------------------------------------
Begin DFA extraction with n_state:13
Done fitting takes time: 0.6172
==Minimized===

This DFA has 6 states
States: ['10', '1', '3', '9', '11', '7']
Alphabet: set(['1', '0'])
Starting state: 7
Accepting states: ['1', '10', '3']
Transition function:
	1	10	11	3	7	9
1 	1	1	11	1	9	1
0 	3	11	11	10	9	3
Current state: 7
Currently accepting: False

Precision: 0.9499 Recall: 0.9996 Accuracy: 0.9739 F1: 0.9741


--------------------------------------------------------------------
Begin DFA extraction with n_state:14
Done fitting takes time: 0.8582
==Minimized===

This DFA has 5 states
States: ['10', '13', '14', '11', '7']
Alphabet: set(['1', '0'])
Starting state: 7
Accepting states: ['10', '13', '14']
Transition function:
	10	11	13	14	7
1 	14	11	14	14	14
0 	11	11	10	13	13
Current state: 7
Currently accepting: False

Precision: 1.0000 Recall: 1.0000 Accuracy: 1.0000 F1: 1.0000


--------------------------------------------------------------------
Begin DFA extraction with n_state:15
Done fitting takes time: 0.6023
==Minimized===

This DFA has 5 states
States: ['10', '13', '15', '11', '7']
Alphabet: set(['1', '0'])
Starting state: 7
Accepting states: ['10', '13', '15']
Transition function:
	10	11	13	15	7
1 	15	11	15	15	15
0 	11	11	10	13	13
Current state: 7
Currently accepting: False

Precision: 1.0000 Recall: 1.0000 Accuracy: 1.0000 F1: 1.0000


--------------------------------------------------------------------
Begin DFA extraction with n_state:16
Done fitting takes time: 0.5928
==Minimized===

This DFA has 5 states
States: ['10', '13', '15', '11', '7']
Alphabet: set(['1', '0'])
Starting state: 7
Accepting states: ['10', '13', '15']
Transition function:
	10	11	13	15	7
1 	15	11	15	15	15
0 	11	11	10	13	13
Current state: 7
Currently accepting: False

Precision: 1.0000 Recall: 1.0000 Accuracy: 1.0000 F1: 1.0000


--------------------------------------------------------------------
Begin DFA extraction with n_state:17
Done fitting takes time: 0.5969
==Minimized===

This DFA has 5 states
States: ['10', '13', '15', '11', '7']
Alphabet: set(['1', '0'])
Starting state: 7
Accepting states: ['10', '13', '15']
Transition function:
	10	11	13	15	7
1 	15	11	15	15	15
0 	11	11	10	13	13
Current state: 7
Currently accepting: False

Precision: 1.0000 Recall: 1.0000 Accuracy: 1.0000 F1: 1.0000


--------------------------------------------------------------------
Begin DFA extraction with n_state:18
Done fitting takes time: 0.6182
==Minimized===

This DFA has 5 states
States: ['10', '13', '15', '11', '7']
Alphabet: set(['1', '0'])
Starting state: 7
Accepting states: ['10', '13', '15']
Transition function:
	10	11	13	15	7
1 	15	11	15	15	15
0 	11	11	10	13	13
Current state: 7
Currently accepting: False

Precision: 1.0000 Recall: 1.0000 Accuracy: 1.0000 F1: 1.0000


--------------------------------------------------------------------
Begin DFA extraction with n_state:19
Done fitting takes time: 1.9636
==Minimized===

This DFA has 5 states
States: ['10', '13', '15', '11', '7']
Alphabet: set(['1', '0'])
Starting state: 7
Accepting states: ['10', '13', '15']
Transition function:
	10	11	13	15	7
1 	15	11	15	15	15
0 	11	11	10	13	13
Current state: 7
Currently accepting: False

Precision: 1.0000 Recall: 1.0000 Accuracy: 1.0000 F1: 1.0000
[ 0.          0.65829436  0.65829436  0.65829436  0.65829436  0.          0.
  0.6581224   0.97410604  0.97410604  0.97410604  0.97410604  1.          1.
  1.          1.          1.          1.        ]


[[  0.00000000e+00   7.77000777e-04   6.58294355e-01   6.58294355e-01
    6.58294355e-01   1.00000000e+00   1.00000000e+00   1.00000000e+00
    1.00000000e+00   1.00000000e+00   1.00000000e+00   1.00000000e+00
    1.00000000e+00   1.00000000e+00   1.00000000e+00   1.00000000e+00
    1.00000000e+00   1.00000000e+00]
 [  0.00000000e+00   0.00000000e+00   0.00000000e+00   0.00000000e+00
    0.00000000e+00   0.00000000e+00   0.00000000e+00   0.00000000e+00
    1.00000000e+00   1.00000000e+00   1.00000000e+00   1.00000000e+00
    9.19680517e-01   9.31200582e-01   9.19680517e-01   9.20276208e-01
    9.31200582e-01   9.05683727e-01]
 [  0.00000000e+00   0.00000000e+00   9.06904990e-01   6.58294355e-01
    9.06904990e-01   9.44475087e-01   9.44475087e-01   9.44475087e-01
    1.00000000e+00   1.00000000e+00   1.00000000e+00   1.00000000e+00
    1.00000000e+00   1.00000000e+00   1.00000000e+00   1.00000000e+00
    1.00000000e+00   1.00000000e+00]
 [  0.00000000e+00   6.58294355e-01   9.06904990e-01   1.00000000e+00
    1.00000000e+00   1.00000000e+00   1.00000000e+00   1.00000000e+00
    1.00000000e+00   1.00000000e+00   1.00000000e+00   1.00000000e+00
    1.00000000e+00   1.00000000e+00   1.00000000e+00   1.00000000e+00
    1.00000000e+00   1.00000000e+00]
 [  0.00000000e+00   6.58294355e-01   6.58294355e-01   6.58294355e-01
    1.00000000e+00   1.00000000e+00   1.00000000e+00   1.00000000e+00
    1.00000000e+00   1.00000000e+00   1.00000000e+00   1.00000000e+00
    1.00000000e+00   1.00000000e+00   1.00000000e+00   1.00000000e+00
    1.00000000e+00   1.00000000e+00]
 [  0.00000000e+00   0.00000000e+00   0.00000000e+00   9.06904990e-01
    1.00000000e+00   1.00000000e+00   1.00000000e+00   1.00000000e+00
    1.00000000e+00   1.00000000e+00   1.00000000e+00   1.00000000e+00
    1.00000000e+00   1.00000000e+00   1.00000000e+00   1.00000000e+00
    1.00000000e+00   1.00000000e+00]
 [  0.00000000e+00   0.00000000e+00   3.65033174e-01   6.58294355e-01
    6.58294355e-01   1.00000000e+00   6.58294355e-01   6.58294355e-01
    1.00000000e+00   1.00000000e+00   1.00000000e+00   1.00000000e+00
    1.00000000e+00   1.00000000e+00   1.00000000e+00   1.00000000e+00
    1.00000000e+00   1.00000000e+00]
 [  0.00000000e+00   7.77000777e-04   0.00000000e+00   7.77000777e-04
    0.00000000e+00   6.56658968e-01   9.72449173e-01   9.72449173e-01
    9.72449173e-01   9.72449173e-01   9.72449173e-01   9.72449173e-01
    9.72449173e-01   9.46591643e-01   9.72449173e-01   9.72449173e-01
    9.72449173e-01   9.46591643e-01]
 [  0.00000000e+00   6.58294355e-01   6.58294355e-01   6.58294355e-01
    6.58294355e-01   0.00000000e+00   0.00000000e+00   6.58122397e-01
    9.74106042e-01   9.74106042e-01   9.74106042e-01   9.74106042e-01
    1.00000000e+00   1.00000000e+00   1.00000000e+00   1.00000000e+00
    1.00000000e+00   1.00000000e+00]]
