G:g4, model:MI tanh, load all data and stored hidden activations


--------------------------------------------------------------------
Begin DFA extraction with n_state:2
Done fitting takes time: 0.7712
==Minimized===

This DFA has 1 states
States: ['1']
Alphabet: set(['1', '0'])
Starting state: 1
Accepting states: []
Transition function:
	1
1 	1
0 	1
Current state: 1
Currently accepting: False

Precision: 0.0000 Recall: 0.0000 Accuracy: 0.5094 F1: 0.0000


--------------------------------------------------------------------
Begin DFA extraction with n_state:3
Done fitting takes time: 0.5096
==Minimized===

This DFA has 1 states
States: ['1']
Alphabet: set(['1', '0'])
Starting state: 1
Accepting states: []
Transition function:
	1
1 	1
0 	1
Current state: 1
Currently accepting: False

Precision: 0.0000 Recall: 0.0000 Accuracy: 0.5094 F1: 0.0000


--------------------------------------------------------------------
Begin DFA extraction with n_state:4
Done fitting takes time: 0.5528
==Minimized===

This DFA has 2 states
States: ['4', '1']
Alphabet: set(['1', '0'])
Starting state: 1
Accepting states: ['4']
Transition function:
	1	4
1 	1	1
0 	4	1
Current state: 1
Currently accepting: False

Precision: 0.4540 Recall: 0.3052 Accuracy: 0.4790 F1: 0.3650


--------------------------------------------------------------------
Begin DFA extraction with n_state:5
Done fitting takes time: 0.8812
==Minimized===

This DFA has 1 states
States: ['1']
Alphabet: set(['1', '0'])
Starting state: 1
Accepting states: ['1']
Transition function:
	1
1 	1
0 	1
Current state: 1
Currently accepting: True

Precision: 0.4906 Recall: 1.0000 Accuracy: 0.4906 F1: 0.6583


--------------------------------------------------------------------
Begin DFA extraction with n_state:6
Done fitting takes time: 0.5625
==Minimized===

This DFA has 1 states
States: ['1']
Alphabet: set(['1', '0'])
Starting state: 1
Accepting states: ['1']
Transition function:
	1
1 	1
0 	1
Current state: 1
Currently accepting: True

Precision: 0.4906 Recall: 1.0000 Accuracy: 0.4906 F1: 0.6583


--------------------------------------------------------------------
Begin DFA extraction with n_state:7
Done fitting takes time: 0.5678
==Minimized===

This DFA has 4 states
States: ['3', '5', '1', '4']
Alphabet: set(['1', '0'])
Starting state: 1
Accepting states: ['1', '5', '4']
Transition function:
	1	3	4	5
1 	1	3	1	1
0 	4	3	5	3
Current state: 1
Currently accepting: True

Precision: 1.0000 Recall: 1.0000 Accuracy: 1.0000 F1: 1.0000


--------------------------------------------------------------------
Begin DFA extraction with n_state:8
Done fitting takes time: 1.2591
==Minimized===

This DFA has 1 states
States: ['1']
Alphabet: set(['1', '0'])
Starting state: 1
Accepting states: ['1']
Transition function:
	1
1 	1
0 	1
Current state: 1
Currently accepting: True

Precision: 0.4906 Recall: 1.0000 Accuracy: 0.4906 F1: 0.6583


--------------------------------------------------------------------
Begin DFA extraction with n_state:9
Done fitting takes time: 1.3085
==Minimized===

This DFA has 1 states
States: ['1']
Alphabet: set(['1', '0'])
Starting state: 1
Accepting states: ['1']
Transition function:
	1
1 	1
0 	1
Current state: 1
Currently accepting: True

Precision: 0.4906 Recall: 1.0000 Accuracy: 0.4906 F1: 0.6583


--------------------------------------------------------------------
Begin DFA extraction with n_state:10
Done fitting takes time: 0.5794
==Minimized===

This DFA has 4 states
States: ['10', '5', '1', '4']
Alphabet: set(['1', '0'])
Starting state: 1
Accepting states: ['1', '5', '4']
Transition function:
	1	10	4	5
1 	1	10	1	1
0 	4	10	5	10
Current state: 1
Currently accepting: True

Precision: 1.0000 Recall: 1.0000 Accuracy: 1.0000 F1: 1.0000


--------------------------------------------------------------------
Begin DFA extraction with n_state:11
Done fitting takes time: 1.5873
==Minimized===

This DFA has 4 states
States: ['10', '5', '11', '4']
Alphabet: set(['1', '0'])
Starting state: 11
Accepting states: ['11', '5', '4']
Transition function:
	10	11	4	5
1 	10	11	11	11
0 	10	4	5	10
Current state: 11
Currently accepting: True

Precision: 1.0000 Recall: 1.0000 Accuracy: 1.0000 F1: 1.0000


--------------------------------------------------------------------
Begin DFA extraction with n_state:12
Done fitting takes time: 2.2313
==Minimized===

This DFA has 4 states
States: ['10', '5', '11', '4']
Alphabet: set(['1', '0'])
Starting state: 11
Accepting states: ['11', '5', '4']
Transition function:
	10	11	4	5
1 	10	11	11	11
0 	10	4	5	10
Current state: 11
Currently accepting: True

Precision: 1.0000 Recall: 1.0000 Accuracy: 1.0000 F1: 1.0000


--------------------------------------------------------------------
Begin DFA extraction with n_state:13
Done fitting takes time: 1.7584
==Minimized===

This DFA has 4 states
States: ['10', '5', '11', '4']
Alphabet: set(['1', '0'])
Starting state: 11
Accepting states: ['11', '5', '4']
Transition function:
	10	11	4	5
1 	10	11	11	11
0 	10	4	5	10
Current state: 11
Currently accepting: True

Precision: 1.0000 Recall: 1.0000 Accuracy: 1.0000 F1: 1.0000


--------------------------------------------------------------------
Begin DFA extraction with n_state:14
Done fitting takes time: 2.5815
==Minimized===

This DFA has 4 states
States: ['10', '5', '11', '4']
Alphabet: set(['1', '0'])
Starting state: 11
Accepting states: ['11', '5', '4']
Transition function:
	10	11	4	5
1 	10	11	11	11
0 	10	4	5	10
Current state: 11
Currently accepting: True

Precision: 1.0000 Recall: 1.0000 Accuracy: 1.0000 F1: 1.0000


--------------------------------------------------------------------
Begin DFA extraction with n_state:15
Done fitting takes time: 0.8592
==Minimized===

This DFA has 4 states
States: ['10', '5', '11', '4']
Alphabet: set(['1', '0'])
Starting state: 11
Accepting states: ['11', '5', '4']
Transition function:
	10	11	4	5
1 	10	11	11	11
0 	10	4	5	10
Current state: 11
Currently accepting: True

Precision: 1.0000 Recall: 1.0000 Accuracy: 1.0000 F1: 1.0000


--------------------------------------------------------------------
Begin DFA extraction with n_state:16
Done fitting takes time: 0.9418
==Minimized===

This DFA has 4 states
States: ['10', '5', '11', '4']
Alphabet: set(['1', '0'])
Starting state: 11
Accepting states: ['11', '5', '4']
Transition function:
	10	11	4	5
1 	10	11	11	11
0 	10	4	5	10
Current state: 11
Currently accepting: True

Precision: 1.0000 Recall: 1.0000 Accuracy: 1.0000 F1: 1.0000


--------------------------------------------------------------------
Begin DFA extraction with n_state:17
Done fitting takes time: 1.6804
==Minimized===

This DFA has 4 states
States: ['10', '5', '11', '4']
Alphabet: set(['1', '0'])
Starting state: 11
Accepting states: ['11', '5', '4']
Transition function:
	10	11	4	5
1 	10	11	11	11
0 	10	4	5	10
Current state: 11
Currently accepting: True

Precision: 1.0000 Recall: 1.0000 Accuracy: 1.0000 F1: 1.0000


--------------------------------------------------------------------
Begin DFA extraction with n_state:18
Done fitting takes time: 1.5725
==Minimized===

This DFA has 5 states
States: ['5', '11', '4', '10', '14']
Alphabet: set(['1', '0'])
Starting state: 14
Accepting states: ['11', '5', '4']
Transition function:
	10	11	14	4	5
1 	10	11	11	11	11
0 	10	4	4	5	10
Current state: 14
Currently accepting: False

Precision: 1.0000 Recall: 1.0000 Accuracy: 1.0000 F1: 1.0000


--------------------------------------------------------------------
Begin DFA extraction with n_state:19
Done fitting takes time: 2.1336
==Minimized===

This DFA has 5 states
States: ['5', '11', '4', '10', '14']
Alphabet: set(['1', '0'])
Starting state: 14
Accepting states: ['11', '5', '4']
Transition function:
	10	11	14	4	5
1 	10	11	11	11	11
0 	10	4	4	5	10
Current state: 14
Currently accepting: False

Precision: 1.0000 Recall: 1.0000 Accuracy: 1.0000 F1: 1.0000
[ 0.          0.          0.36503317  0.65829436  0.65829436  1.
  0.65829436  0.65829436  1.          1.          1.          1.          1.
  1.          1.          1.          1.          1.        ]


[[  0.00000000e+00   7.77000777e-04   6.58294355e-01   6.58294355e-01
    6.58294355e-01   1.00000000e+00   1.00000000e+00   1.00000000e+00
    1.00000000e+00   1.00000000e+00   1.00000000e+00   1.00000000e+00
    1.00000000e+00   1.00000000e+00   1.00000000e+00   1.00000000e+00
    1.00000000e+00   1.00000000e+00]
 [  0.00000000e+00   0.00000000e+00   0.00000000e+00   0.00000000e+00
    0.00000000e+00   0.00000000e+00   0.00000000e+00   0.00000000e+00
    1.00000000e+00   1.00000000e+00   1.00000000e+00   1.00000000e+00
    9.19680517e-01   9.31200582e-01   9.19680517e-01   9.20276208e-01
    9.31200582e-01   9.05683727e-01]
 [  0.00000000e+00   0.00000000e+00   9.06904990e-01   6.58294355e-01
    9.06904990e-01   9.44475087e-01   9.44475087e-01   9.44475087e-01
    1.00000000e+00   1.00000000e+00   1.00000000e+00   1.00000000e+00
    1.00000000e+00   1.00000000e+00   1.00000000e+00   1.00000000e+00
    1.00000000e+00   1.00000000e+00]
 [  0.00000000e+00   6.58294355e-01   9.06904990e-01   1.00000000e+00
    1.00000000e+00   1.00000000e+00   1.00000000e+00   1.00000000e+00
    1.00000000e+00   1.00000000e+00   1.00000000e+00   1.00000000e+00
    1.00000000e+00   1.00000000e+00   1.00000000e+00   1.00000000e+00
    1.00000000e+00   1.00000000e+00]
 [  0.00000000e+00   6.58294355e-01   6.58294355e-01   6.58294355e-01
    1.00000000e+00   1.00000000e+00   1.00000000e+00   1.00000000e+00
    1.00000000e+00   1.00000000e+00   1.00000000e+00   1.00000000e+00
    1.00000000e+00   1.00000000e+00   1.00000000e+00   1.00000000e+00
    1.00000000e+00   1.00000000e+00]
 [  0.00000000e+00   0.00000000e+00   0.00000000e+00   9.06904990e-01
    1.00000000e+00   1.00000000e+00   1.00000000e+00   1.00000000e+00
    1.00000000e+00   1.00000000e+00   1.00000000e+00   1.00000000e+00
    1.00000000e+00   1.00000000e+00   1.00000000e+00   1.00000000e+00
    1.00000000e+00   1.00000000e+00]
 [  0.00000000e+00   0.00000000e+00   3.65033174e-01   6.58294355e-01
    6.58294355e-01   1.00000000e+00   6.58294355e-01   6.58294355e-01
    1.00000000e+00   1.00000000e+00   1.00000000e+00   1.00000000e+00
    1.00000000e+00   1.00000000e+00   1.00000000e+00   1.00000000e+00
    1.00000000e+00   1.00000000e+00]
 [  0.00000000e+00   0.00000000e+00   0.00000000e+00   0.00000000e+00
    0.00000000e+00   0.00000000e+00   0.00000000e+00   0.00000000e+00
    0.00000000e+00   0.00000000e+00   0.00000000e+00   0.00000000e+00
    0.00000000e+00   0.00000000e+00   0.00000000e+00   0.00000000e+00
    0.00000000e+00   0.00000000e+00]
 [  0.00000000e+00   0.00000000e+00   0.00000000e+00   0.00000000e+00
    0.00000000e+00   0.00000000e+00   0.00000000e+00   0.00000000e+00
    0.00000000e+00   0.00000000e+00   0.00000000e+00   0.00000000e+00
    0.00000000e+00   0.00000000e+00   0.00000000e+00   0.00000000e+00
    0.00000000e+00   0.00000000e+00]]
