G:g4, model:SRN sigmoid, load all data and stored hidden activations


--------------------------------------------------------------------
Begin DFA extraction with n_state:2
Done fitting takes time: 0.6345
==Minimized===

This DFA has 1 states
States: ['1']
Alphabet: set(['1', '0'])
Starting state: 1
Accepting states: []
Transition function:
	1
1 	1
0 	1
Current state: 1
Currently accepting: False

Precision: 0.0000 Recall: 0.0000 Accuracy: 0.5094 F1: 0.0000


--------------------------------------------------------------------
Begin DFA extraction with n_state:3
Done fitting takes time: 0.5037
==Minimized===

This DFA has 1 states
States: ['1']
Alphabet: set(['1', '0'])
Starting state: 1
Accepting states: ['1']
Transition function:
	1
1 	1
0 	1
Current state: 1
Currently accepting: True

Precision: 0.4906 Recall: 1.0000 Accuracy: 0.4906 F1: 0.6583


--------------------------------------------------------------------
Begin DFA extraction with n_state:4
Done fitting takes time: 0.5581
==Minimized===

This DFA has 1 states
States: ['1']
Alphabet: set(['1', '0'])
Starting state: 1
Accepting states: ['1']
Transition function:
	1
1 	1
0 	1
Current state: 1
Currently accepting: True

Precision: 0.4906 Recall: 1.0000 Accuracy: 0.4906 F1: 0.6583


--------------------------------------------------------------------
Begin DFA extraction with n_state:5
Done fitting takes time: 1.2243
==Minimized===

This DFA has 1 states
States: ['1']
Alphabet: set(['1', '0'])
Starting state: 1
Accepting states: ['1']
Transition function:
	1
1 	1
0 	1
Current state: 1
Currently accepting: True

Precision: 0.4906 Recall: 1.0000 Accuracy: 0.4906 F1: 0.6583


--------------------------------------------------------------------
Begin DFA extraction with n_state:6
Done fitting takes time: 0.5550
==Minimized===

This DFA has 2 states
States: ['1', '5']
Alphabet: set(['1', '0'])
Starting state: 5
Accepting states: ['1']
Transition function:
	1	5
1 	1	1
0 	1	1
Current state: 5
Currently accepting: False

Precision: 0.4906 Recall: 1.0000 Accuracy: 0.4906 F1: 0.6583


--------------------------------------------------------------------
Begin DFA extraction with n_state:7
Done fitting takes time: 0.6478
==Minimized===

This DFA has 5 states
States: ['7', '1', '3', '2', '5']
Alphabet: set(['1', '0'])
Starting state: 5
Accepting states: ['1', '3', '7']
Transition function:
	1	2	3	5	7
1 	1	2	1	1	1
0 	3	2	7	3	2
Current state: 5
Currently accepting: False

Precision: 1.0000 Recall: 1.0000 Accuracy: 1.0000 F1: 1.0000


--------------------------------------------------------------------
Begin DFA extraction with n_state:8
Done fitting takes time: 0.5731
==Minimized===

This DFA has 5 states
States: ['7', '1', '3', '2', '5']
Alphabet: set(['1', '0'])
Starting state: 5
Accepting states: ['1', '3', '7']
Transition function:
	1	2	3	5	7
1 	1	2	1	1	1
0 	3	2	7	3	2
Current state: 5
Currently accepting: False

Precision: 1.0000 Recall: 1.0000 Accuracy: 1.0000 F1: 1.0000


--------------------------------------------------------------------
Begin DFA extraction with n_state:9
Done fitting takes time: 0.5653
==Minimized===

This DFA has 5 states
States: ['7', '1', '3', '2', '5']
Alphabet: set(['1', '0'])
Starting state: 5
Accepting states: ['1', '3', '7']
Transition function:
	1	2	3	5	7
1 	1	2	1	1	1
0 	3	2	7	3	2
Current state: 5
Currently accepting: False

Precision: 1.0000 Recall: 1.0000 Accuracy: 1.0000 F1: 1.0000


--------------------------------------------------------------------
Begin DFA extraction with n_state:10
Done fitting takes time: 0.5740
==Minimized===

This DFA has 5 states
States: ['10', '1', '3', '2', '5']
Alphabet: set(['1', '0'])
Starting state: 5
Accepting states: ['10', '1', '3']
Transition function:
	1	10	2	3	5
1 	1	1	2	1	1
0 	3	2	2	10	3
Current state: 5
Currently accepting: False

Precision: 1.0000 Recall: 1.0000 Accuracy: 1.0000 F1: 1.0000


--------------------------------------------------------------------
Begin DFA extraction with n_state:11
Done fitting takes time: 0.5777
==Minimized===

This DFA has 5 states
States: ['10', '1', '3', '11', '5']
Alphabet: set(['1', '0'])
Starting state: 5
Accepting states: ['10', '1', '3']
Transition function:
	1	10	11	3	5
1 	1	1	11	1	1
0 	3	11	11	10	3
Current state: 5
Currently accepting: False

Precision: 1.0000 Recall: 1.0000 Accuracy: 1.0000 F1: 1.0000


--------------------------------------------------------------------
Begin DFA extraction with n_state:12
Done fitting takes time: 1.2585
==Minimized===

This DFA has 5 states
States: ['10', '1', '3', '11', '5']
Alphabet: set(['1', '0'])
Starting state: 5
Accepting states: ['10', '1', '3']
Transition function:
	1	10	11	3	5
1 	1	1	11	1	1
0 	3	11	11	10	3
Current state: 5
Currently accepting: False

Precision: 1.0000 Recall: 1.0000 Accuracy: 1.0000 F1: 1.0000


--------------------------------------------------------------------
Begin DFA extraction with n_state:13
Done fitting takes time: 0.5933
==Minimized===

This DFA has 5 states
States: ['10', '13', '1', '11', '5']
Alphabet: set(['1', '0'])
Starting state: 5
Accepting states: ['10', '13', '1']
Transition function:
	1	10	11	13	5
1 	1	1	11	1	1
0 	13	11	11	10	13
Current state: 5
Currently accepting: False

Precision: 1.0000 Recall: 1.0000 Accuracy: 1.0000 F1: 1.0000


--------------------------------------------------------------------
Begin DFA extraction with n_state:14
Done fitting takes time: 0.6341
==Minimized===

This DFA has 5 states
States: ['10', '13', '14', '11', '5']
Alphabet: set(['1', '0'])
Starting state: 5
Accepting states: ['10', '13', '14']
Transition function:
	10	11	13	14	5
1 	14	11	14	14	14
0 	11	11	10	13	13
Current state: 5
Currently accepting: False

Precision: 1.0000 Recall: 1.0000 Accuracy: 1.0000 F1: 1.0000


--------------------------------------------------------------------
Begin DFA extraction with n_state:15
Done fitting takes time: 1.2457
==Minimized===

This DFA has 5 states
States: ['10', '13', '14', '11', '5']
Alphabet: set(['1', '0'])
Starting state: 5
Accepting states: ['10', '13', '14']
Transition function:
	10	11	13	14	5
1 	14	11	14	14	14
0 	11	11	10	13	13
Current state: 5
Currently accepting: False

Precision: 1.0000 Recall: 1.0000 Accuracy: 1.0000 F1: 1.0000


--------------------------------------------------------------------
Begin DFA extraction with n_state:16
Done fitting takes time: 0.5919
==Minimized===

This DFA has 5 states
States: ['10', '13', '14', '11', '5']
Alphabet: set(['1', '0'])
Starting state: 5
Accepting states: ['10', '13', '14']
Transition function:
	10	11	13	14	5
1 	14	11	14	14	14
0 	11	11	10	13	13
Current state: 5
Currently accepting: False

Precision: 1.0000 Recall: 1.0000 Accuracy: 1.0000 F1: 1.0000


--------------------------------------------------------------------
Begin DFA extraction with n_state:17
Done fitting takes time: 1.3681
==Minimized===

This DFA has 5 states
States: ['10', '13', '14', '11', '5']
Alphabet: set(['1', '0'])
Starting state: 5
Accepting states: ['10', '13', '14']
Transition function:
	10	11	13	14	5
1 	14	11	14	14	14
0 	11	11	10	13	13
Current state: 5
Currently accepting: False

Precision: 1.0000 Recall: 1.0000 Accuracy: 1.0000 F1: 1.0000


--------------------------------------------------------------------
Begin DFA extraction with n_state:18
Done fitting takes time: 0.6077
==Minimized===

This DFA has 5 states
States: ['10', '13', '14', '11', '5']
Alphabet: set(['1', '0'])
Starting state: 5
Accepting states: ['10', '13', '14']
Transition function:
	10	11	13	14	5
1 	14	11	14	14	14
0 	11	11	10	13	13
Current state: 5
Currently accepting: False

Precision: 1.0000 Recall: 1.0000 Accuracy: 1.0000 F1: 1.0000


--------------------------------------------------------------------
Begin DFA extraction with n_state:19
Done fitting takes time: 0.6187
==Minimized===

This DFA has 5 states
States: ['10', '13', '14', '11', '5']
Alphabet: set(['1', '0'])
Starting state: 5
Accepting states: ['10', '13', '14']
Transition function:
	10	11	13	14	5
1 	14	11	14	14	14
0 	11	11	10	13	13
Current state: 5
Currently accepting: False

Precision: 1.0000 Recall: 1.0000 Accuracy: 1.0000 F1: 1.0000
[ 0.          0.65829436  0.65829436  0.65829436  0.65829436  1.          1.
  1.          1.          1.          1.          1.          1.          1.
  1.          1.          1.          1.        ]


[[ 0.          0.65829436  0.65829436  0.65829436  0.65829436  1.          1.
   1.          1.          1.          1.          1.          1.          1.
   1.          1.          1.          1.        ]
 [ 0.          0.65829436  0.30690466  0.5760619   0.          0.5760619
   0.          0.          0.30690466  0.58196573  0.34973098  0.51314406
   0.51536688  0.5830304   0.75940396  0.91968052  0.89089803  0.91968052]
 [ 0.65829436  0.65829436  0.90690499  0.94447509  0.94447509  0.94447509
   0.94447509  1.          1.          1.          1.          1.          1.
   1.          1.          1.          1.          1.        ]
 [ 0.          0.          0.65829436  0.69735007  1.          1.          1.
   1.          1.          1.          1.          1.          1.          1.
   1.          1.          1.          1.        ]
 [ 0.65829436  0.65829436  0.65829436  0.65829436  0.65829436  0.65829436
   0.          0.          0.          1.          1.          1.          1.
   1.          1.          1.          1.          1.        ]
 [ 0.          0.          0.          0.          0.          0.          0.
   0.          0.          0.          0.          0.          0.          0.
   0.          0.          0.          0.        ]
 [ 0.          0.          0.65829436  0.65829436  0.65829436  0.          0.
   0.6581224   0.97410604  0.97410604  0.97410604  0.97410604  0.97410604
   0.97410604  0.97410604  0.97410604  0.97410604  0.97410604]]
