G:g4, model:O2 sigmoid, load all data and stored hidden activations


--------------------------------------------------------------------
Begin DFA extraction with n_state:2
Done fitting takes time: 0.6086
==Minimized===

This DFA has 1 states
States: ['1']
Alphabet: set(['1', '0'])
Starting state: 1
Accepting states: ['1']
Transition function:
	1
1 	1
0 	1
Current state: 1
Currently accepting: True

Precision: 0.4906 Recall: 1.0000 Accuracy: 0.4906 F1: 0.6583


--------------------------------------------------------------------
Begin DFA extraction with n_state:3
Done fitting takes time: 1.7007
==Minimized===

This DFA has 1 states
States: ['1']
Alphabet: set(['1', '0'])
Starting state: 1
Accepting states: ['1']
Transition function:
	1
1 	1
0 	1
Current state: 1
Currently accepting: True

Precision: 0.4906 Recall: 1.0000 Accuracy: 0.4906 F1: 0.6583


--------------------------------------------------------------------
Begin DFA extraction with n_state:4
Done fitting takes time: 0.6455
==Minimized===

This DFA has 4 states
States: ['4', '2', '1', '3']
Alphabet: set(['1', '0'])
Starting state: 3
Accepting states: ['1', '3', '2']
Transition function:
	1	2	3	4
1 	1	1	1	4
0 	3	4	2	4
Current state: 3
Currently accepting: True

Precision: 1.0000 Recall: 0.8297 Accuracy: 0.9164 F1: 0.9069


--------------------------------------------------------------------
Begin DFA extraction with n_state:5
Done fitting takes time: 0.9991
==Minimized===

This DFA has 5 states
States: ['4', '2', '3', '1', '5']
Alphabet: set(['1', '0'])
Starting state: 5
Accepting states: ['1', '3', '2', '5']
Transition function:
	1	2	3	4	5
1 	1	1	1	4	1
0 	3	4	2	4	5
Current state: 5
Currently accepting: True

Precision: 0.8948 Recall: 1.0000 Accuracy: 0.9423 F1: 0.9445


--------------------------------------------------------------------
Begin DFA extraction with n_state:6
Done fitting takes time: 0.9431
==Minimized===

This DFA has 5 states
States: ['4', '2', '3', '1', '5']
Alphabet: set(['1', '0'])
Starting state: 5
Accepting states: ['1', '3', '2', '5']
Transition function:
	1	2	3	4	5
1 	1	1	1	4	1
0 	3	4	2	4	5
Current state: 5
Currently accepting: True

Precision: 0.8948 Recall: 1.0000 Accuracy: 0.9423 F1: 0.9445


--------------------------------------------------------------------
Begin DFA extraction with n_state:7
Done fitting takes time: 0.7831
==Minimized===

This DFA has 5 states
States: ['4', '2', '3', '1', '5']
Alphabet: set(['1', '0'])
Starting state: 5
Accepting states: ['1', '3', '2', '5']
Transition function:
	1	2	3	4	5
1 	1	1	1	4	1
0 	3	4	2	4	5
Current state: 5
Currently accepting: True

Precision: 0.8948 Recall: 1.0000 Accuracy: 0.9423 F1: 0.9445


--------------------------------------------------------------------
Begin DFA extraction with n_state:8
Done fitting takes time: 0.6243
==Minimized===

This DFA has 5 states
States: ['4', '2', '3', '1', '5']
Alphabet: set(['1', '0'])
Starting state: 5
Accepting states: ['1', '3', '2', '5']
Transition function:
	1	2	3	4	5
1 	1	1	1	4	1
0 	3	4	2	4	5
Current state: 5
Currently accepting: True

Precision: 0.8948 Recall: 1.0000 Accuracy: 0.9423 F1: 0.9445


--------------------------------------------------------------------
Begin DFA extraction with n_state:9
Done fitting takes time: 0.9733
==Minimized===

This DFA has 5 states
States: ['4', '2', '3', '1', '5']
Alphabet: set(['1', '0'])
Starting state: 5
Accepting states: ['1', '3', '2', '5']
Transition function:
	1	2	3	4	5
1 	1	1	1	4	1
0 	3	4	2	4	5
Current state: 5
Currently accepting: True

Precision: 0.8948 Recall: 1.0000 Accuracy: 0.9423 F1: 0.9445


--------------------------------------------------------------------
Begin DFA extraction with n_state:10
Done fitting takes time: 1.3063
==Minimized===

This DFA has 5 states
States: ['2', '10', '1', '5', '4']
Alphabet: set(['1', '0'])
Starting state: 5
Accepting states: ['10', '1', '2']
Transition function:
	1	10	2	4	5
1 	1	1	1	4	1
0 	10	2	4	4	10
Current state: 5
Currently accepting: False

Precision: 1.0000 Recall: 1.0000 Accuracy: 1.0000 F1: 1.0000


--------------------------------------------------------------------
Begin DFA extraction with n_state:11
Done fitting takes time: 0.6882
==Minimized===

This DFA has 5 states
States: ['2', '10', '1', '11', '5']
Alphabet: set(['1', '0'])
Starting state: 5
Accepting states: ['10', '1', '2']
Transition function:
	1	10	11	2	5
1 	1	1	11	1	1
0 	10	2	11	11	10
Current state: 5
Currently accepting: False

Precision: 1.0000 Recall: 1.0000 Accuracy: 1.0000 F1: 1.0000


--------------------------------------------------------------------
Begin DFA extraction with n_state:12
Done fitting takes time: 0.9894
==Minimized===

This DFA has 5 states
States: ['2', '10', '12', '11', '5']
Alphabet: set(['1', '0'])
Starting state: 5
Accepting states: ['10', '12', '2']
Transition function:
	10	11	12	2	5
1 	12	11	12	12	12
0 	2	11	10	11	10
Current state: 5
Currently accepting: False

Precision: 1.0000 Recall: 1.0000 Accuracy: 1.0000 F1: 1.0000


--------------------------------------------------------------------
Begin DFA extraction with n_state:13
Done fitting takes time: 0.6825
==Minimized===

This DFA has 5 states
States: ['2', '10', '12', '13', '5']
Alphabet: set(['1', '0'])
Starting state: 5
Accepting states: ['10', '12', '2']
Transition function:
	10	12	13	2	5
1 	12	12	13	12	12
0 	2	10	13	13	10
Current state: 5
Currently accepting: False

Precision: 1.0000 Recall: 1.0000 Accuracy: 1.0000 F1: 1.0000


--------------------------------------------------------------------
Begin DFA extraction with n_state:14
Done fitting takes time: 1.0127
==Minimized===

This DFA has 5 states
States: ['2', '10', '12', '11', '5']
Alphabet: set(['1', '0'])
Starting state: 5
Accepting states: ['10', '12', '2']
Transition function:
	10	11	12	2	5
1 	12	11	12	12	12
0 	2	11	10	11	10
Current state: 5
Currently accepting: False

Precision: 1.0000 Recall: 1.0000 Accuracy: 1.0000 F1: 1.0000


--------------------------------------------------------------------
Begin DFA extraction with n_state:15
Done fitting takes time: 1.1019
==Minimized===

This DFA has 5 states
States: ['15', '10', '12', '11', '5']
Alphabet: set(['1', '0'])
Starting state: 5
Accepting states: ['10', '12', '15']
Transition function:
	10	11	12	15	5
1 	12	11	12	12	12
0 	15	11	10	11	10
Current state: 5
Currently accepting: False

Precision: 1.0000 Recall: 1.0000 Accuracy: 1.0000 F1: 1.0000


--------------------------------------------------------------------
Begin DFA extraction with n_state:16
Done fitting takes time: 0.6733
==Minimized===

This DFA has 5 states
States: ['15', '10', '12', '11', '5']
Alphabet: set(['1', '0'])
Starting state: 5
Accepting states: ['10', '12', '15']
Transition function:
	10	11	12	15	5
1 	12	11	12	12	12
0 	15	11	10	11	10
Current state: 5
Currently accepting: False

Precision: 1.0000 Recall: 1.0000 Accuracy: 1.0000 F1: 1.0000


--------------------------------------------------------------------
Begin DFA extraction with n_state:17
Done fitting takes time: 0.6799
==Minimized===

This DFA has 5 states
States: ['15', '10', '12', '13', '5']
Alphabet: set(['1', '0'])
Starting state: 5
Accepting states: ['10', '12', '15']
Transition function:
	10	12	13	15	5
1 	12	12	13	12	12
0 	15	10	13	13	10
Current state: 5
Currently accepting: False

Precision: 1.0000 Recall: 1.0000 Accuracy: 1.0000 F1: 1.0000


--------------------------------------------------------------------
Begin DFA extraction with n_state:18
Done fitting takes time: 0.7558
==Minimized===

This DFA has 5 states
States: ['15', '10', '12', '13', '5']
Alphabet: set(['1', '0'])
Starting state: 5
Accepting states: ['10', '12', '15']
Transition function:
	10	12	13	15	5
1 	12	12	13	12	12
0 	15	10	13	13	10
Current state: 5
Currently accepting: False

Precision: 1.0000 Recall: 1.0000 Accuracy: 1.0000 F1: 1.0000


--------------------------------------------------------------------
Begin DFA extraction with n_state:19
Done fitting takes time: 0.7062
==Minimized===

This DFA has 5 states
States: ['15', '10', '12', '13', '5']
Alphabet: set(['1', '0'])
Starting state: 5
Accepting states: ['10', '12', '15']
Transition function:
	10	12	13	15	5
1 	12	12	13	12	12
0 	15	10	13	13	10
Current state: 5
Currently accepting: False

Precision: 1.0000 Recall: 1.0000 Accuracy: 1.0000 F1: 1.0000
[ 0.65829436  0.65829436  0.90690499  0.94447509  0.94447509  0.94447509
  0.94447509  0.94447509  1.          1.          1.          1.          1.
  1.          1.          1.          1.          1.        ]


[[  0.00000000e+00   7.77000777e-04   7.77000777e-04   6.97350070e-01
    7.08160443e-01   1.00000000e+00   8.46006964e-01   1.00000000e+00
    1.00000000e+00   1.00000000e+00   1.00000000e+00   1.00000000e+00
    1.00000000e+00   1.00000000e+00   1.00000000e+00   1.00000000e+00
    1.00000000e+00   1.00000000e+00]
 [  0.00000000e+00   0.00000000e+00   0.00000000e+00   3.93243828e-01
    3.00235424e-01   0.00000000e+00   0.00000000e+00   5.44034865e-01
    4.37732639e-01   4.37732639e-01   4.89807861e-01   4.96048395e-01
    4.96048395e-01   4.02172683e-01   6.43711045e-01   6.55646817e-01
    6.23517382e-01   7.27136991e-01]
 [  6.58294355e-01   6.58294355e-01   9.06904990e-01   9.44475087e-01
    9.44475087e-01   9.44475087e-01   9.44475087e-01   9.44475087e-01
    1.00000000e+00   1.00000000e+00   1.00000000e+00   1.00000000e+00
    1.00000000e+00   1.00000000e+00   1.00000000e+00   1.00000000e+00
    1.00000000e+00   1.00000000e+00]
 [  0.00000000e+00   0.00000000e+00   0.00000000e+00   0.00000000e+00
    0.00000000e+00   0.00000000e+00   0.00000000e+00   0.00000000e+00
    0.00000000e+00   0.00000000e+00   0.00000000e+00   0.00000000e+00
    0.00000000e+00   0.00000000e+00   0.00000000e+00   0.00000000e+00
    0.00000000e+00   0.00000000e+00]
 [  6.58294355e-01   6.58294355e-01   6.58294355e-01   9.06904990e-01
    9.06904990e-01   9.44475087e-01   1.00000000e+00   1.00000000e+00
    1.00000000e+00   1.00000000e+00   1.00000000e+00   1.00000000e+00
    1.00000000e+00   1.00000000e+00   1.00000000e+00   1.00000000e+00
    1.00000000e+00   1.00000000e+00]
 [  0.00000000e+00   0.00000000e+00   0.00000000e+00   9.06904990e-01
    1.00000000e+00   9.30722592e-01   9.30722592e-01   9.30722592e-01
    1.00000000e+00   1.00000000e+00   1.00000000e+00   1.00000000e+00
    1.00000000e+00   1.00000000e+00   1.00000000e+00   1.00000000e+00
    1.00000000e+00   1.00000000e+00]
 [  0.00000000e+00   0.00000000e+00   0.00000000e+00   0.00000000e+00
    0.00000000e+00   0.00000000e+00   0.00000000e+00   0.00000000e+00
    0.00000000e+00   0.00000000e+00   0.00000000e+00   0.00000000e+00
    0.00000000e+00   0.00000000e+00   0.00000000e+00   0.00000000e+00
    0.00000000e+00   0.00000000e+00]
 [  0.00000000e+00   0.00000000e+00   0.00000000e+00   0.00000000e+00
    0.00000000e+00   0.00000000e+00   0.00000000e+00   0.00000000e+00
    0.00000000e+00   0.00000000e+00   0.00000000e+00   0.00000000e+00
    0.00000000e+00   0.00000000e+00   0.00000000e+00   0.00000000e+00
    0.00000000e+00   0.00000000e+00]
 [  0.00000000e+00   0.00000000e+00   0.00000000e+00   0.00000000e+00
    0.00000000e+00   0.00000000e+00   0.00000000e+00   0.00000000e+00
    0.00000000e+00   0.00000000e+00   0.00000000e+00   0.00000000e+00
    0.00000000e+00   0.00000000e+00   0.00000000e+00   0.00000000e+00
    0.00000000e+00   0.00000000e+00]]
