G:g4, model:SRN sigmoid, load all data and stored hidden activations


--------------------------------------------------------------------
Begin DFA extraction with n_state:2
Done fitting takes time: 0.6436
==Minimized===

This DFA has 1 states
States: ['1']
Alphabet: set(['1', '0'])
Starting state: 1
Accepting states: []
Transition function:
	1
1 	1
0 	1
Current state: 1
Currently accepting: False

Precision: 0.0000 Recall: 0.0000 Accuracy: 0.5094 F1: 0.0000


--------------------------------------------------------------------
Begin DFA extraction with n_state:3
Done fitting takes time: 0.9969
==Minimized===

This DFA has 2 states
States: ['3', '1']
Alphabet: set(['1', '0'])
Starting state: 3
Accepting states: ['3']
Transition function:
	1	3
1 	1	1
0 	1	3
Current state: 3
Currently accepting: True

Precision: 0.1818 Recall: 0.0004 Accuracy: 0.5087 F1: 0.0008


--------------------------------------------------------------------
Begin DFA extraction with n_state:4
Done fitting takes time: 0.8363
==Minimized===

This DFA has 2 states
States: ['3', '1']
Alphabet: set(['1', '0'])
Starting state: 3
Accepting states: ['3']
Transition function:
	1	3
1 	1	1
0 	1	3
Current state: 3
Currently accepting: True

Precision: 0.1818 Recall: 0.0004 Accuracy: 0.5087 F1: 0.0008


--------------------------------------------------------------------
Begin DFA extraction with n_state:5
Done fitting takes time: 0.6438
==Minimized===

This DFA has 4 states
States: ['2', '3', '1', '5']
Alphabet: set(['1', '0'])
Starting state: 3
Accepting states: ['1', '3', '5']
Transition function:
	1	2	3	5
1 	1	2	1	1
0 	5	2	2	3
Current state: 3
Currently accepting: True

Precision: 1.0000 Recall: 0.5353 Accuracy: 0.7720 F1: 0.6974


--------------------------------------------------------------------
Begin DFA extraction with n_state:6
Done fitting takes time: 1.0387
==Minimized===

This DFA has 6 states
States: ['4', '1', '6', '5', '3', '2']
Alphabet: set(['1', '0'])
Starting state: 3
Accepting states: ['1', '4', '6']
Transition function:
	1	2	3	4	5	6
1 	1	2	5	5	1	4
0 	5	2	5	5	6	2
Current state: 3
Currently accepting: False

Precision: 1.0000 Recall: 0.5482 Accuracy: 0.7783 F1: 0.7082


--------------------------------------------------------------------
Begin DFA extraction with n_state:7
Done fitting takes time: 0.8645
==Minimized===

This DFA has 5 states
States: ['6', '1', '5', '3', '2']
Alphabet: set(['1', '0'])
Starting state: 3
Accepting states: ['1', '5', '6']
Transition function:
	1	2	3	5	6
1 	1	2	1	1	1
0 	5	2	5	6	2
Current state: 3
Currently accepting: False

Precision: 1.0000 Recall: 1.0000 Accuracy: 1.0000 F1: 1.0000


--------------------------------------------------------------------
Begin DFA extraction with n_state:8
Done fitting takes time: 0.6885
==Minimized===

This DFA has 7 states
States: ['4', '6', '1', '8', '5', '3', '2']
Alphabet: set(['1', '0'])
Starting state: 3
Accepting states: ['1', '8', '4', '6']
Transition function:
	1	2	3	4	5	6	8
1 	1	2	5	5	1	4	1
0 	8	2	5	5	6	2	6
Current state: 3
Currently accepting: False

Precision: 1.0000 Recall: 0.7331 Accuracy: 0.8691 F1: 0.8460


--------------------------------------------------------------------
Begin DFA extraction with n_state:9
Done fitting takes time: 1.3018
==Minimized===

This DFA has 5 states
States: ['6', '1', '5', '3', '2']
Alphabet: set(['1', '0'])
Starting state: 3
Accepting states: ['1', '5', '6']
Transition function:
	1	2	3	5	6
1 	1	2	1	1	1
0 	5	2	5	6	2
Current state: 3
Currently accepting: False

Precision: 1.0000 Recall: 1.0000 Accuracy: 1.0000 F1: 1.0000


--------------------------------------------------------------------
Begin DFA extraction with n_state:10
Done fitting takes time: 1.3436
==Minimized===

This DFA has 5 states
States: ['6', '1', '5', '10', '3']
Alphabet: set(['1', '0'])
Starting state: 3
Accepting states: ['1', '5', '6']
Transition function:
	1	10	3	5	6
1 	1	10	1	1	1
0 	5	10	5	6	10
Current state: 3
Currently accepting: False

Precision: 1.0000 Recall: 1.0000 Accuracy: 1.0000 F1: 1.0000


--------------------------------------------------------------------
Begin DFA extraction with n_state:11
Done fitting takes time: 0.7194
==Minimized===

This DFA has 5 states
States: ['6', '1', '5', '11', '3']
Alphabet: set(['1', '0'])
Starting state: 3
Accepting states: ['1', '5', '6']
Transition function:
	1	11	3	5	6
1 	1	11	1	1	1
0 	5	11	5	6	11
Current state: 3
Currently accepting: False

Precision: 1.0000 Recall: 1.0000 Accuracy: 1.0000 F1: 1.0000


--------------------------------------------------------------------
Begin DFA extraction with n_state:12
Done fitting takes time: 0.7096
==Minimized===

This DFA has 5 states
States: ['12', '1', '5', '11', '3']
Alphabet: set(['1', '0'])
Starting state: 3
Accepting states: ['12', '1', '5']
Transition function:
	1	11	12	3	5
1 	1	11	1	1	1
0 	5	11	11	5	12
Current state: 3
Currently accepting: False

Precision: 1.0000 Recall: 1.0000 Accuracy: 1.0000 F1: 1.0000


--------------------------------------------------------------------
Begin DFA extraction with n_state:13
Done fitting takes time: 1.1300
==Minimized===

This DFA has 5 states
States: ['12', '1', '5', '11', '3']
Alphabet: set(['1', '0'])
Starting state: 3
Accepting states: ['12', '1', '5']
Transition function:
	1	11	12	3	5
1 	1	11	1	1	1
0 	5	11	11	5	12
Current state: 3
Currently accepting: False

Precision: 1.0000 Recall: 1.0000 Accuracy: 1.0000 F1: 1.0000


--------------------------------------------------------------------
Begin DFA extraction with n_state:14
Done fitting takes time: 0.7625
==Minimized===

This DFA has 5 states
States: ['12', '14', '1', '11', '3']
Alphabet: set(['1', '0'])
Starting state: 3
Accepting states: ['12', '14', '1']
Transition function:
	1	11	12	14	3
1 	1	11	1	1	1
0 	14	11	11	12	14
Current state: 3
Currently accepting: False

Precision: 1.0000 Recall: 1.0000 Accuracy: 1.0000 F1: 1.0000


--------------------------------------------------------------------
Begin DFA extraction with n_state:15
Done fitting takes time: 0.7314
==Minimized===

This DFA has 5 states
States: ['12', '15', '14', '11', '3']
Alphabet: set(['1', '0'])
Starting state: 3
Accepting states: ['12', '15', '14']
Transition function:
	11	12	14	15	3
1 	11	15	15	15	15
0 	11	11	12	14	14
Current state: 3
Currently accepting: False

Precision: 1.0000 Recall: 1.0000 Accuracy: 1.0000 F1: 1.0000


--------------------------------------------------------------------
Begin DFA extraction with n_state:16
Done fitting takes time: 0.7164
==Minimized===

This DFA has 5 states
States: ['12', '15', '14', '11', '3']
Alphabet: set(['1', '0'])
Starting state: 3
Accepting states: ['12', '15', '14']
Transition function:
	11	12	14	15	3
1 	11	15	15	15	15
0 	11	11	12	14	14
Current state: 3
Currently accepting: False

Precision: 1.0000 Recall: 1.0000 Accuracy: 1.0000 F1: 1.0000


--------------------------------------------------------------------
Begin DFA extraction with n_state:17
Done fitting takes time: 0.8064
==Minimized===

This DFA has 5 states
States: ['12', '15', '14', '11', '3']
Alphabet: set(['1', '0'])
Starting state: 3
Accepting states: ['12', '15', '14']
Transition function:
	11	12	14	15	3
1 	11	15	15	15	15
0 	11	11	12	14	14
Current state: 3
Currently accepting: False

Precision: 1.0000 Recall: 1.0000 Accuracy: 1.0000 F1: 1.0000


--------------------------------------------------------------------
Begin DFA extraction with n_state:18
Done fitting takes time: 2.6743
==Minimized===

This DFA has 5 states
States: ['12', '15', '14', '11', '3']
Alphabet: set(['1', '0'])
Starting state: 3
Accepting states: ['12', '15', '14']
Transition function:
	11	12	14	15	3
1 	11	15	15	15	15
0 	11	11	12	14	14
Current state: 3
Currently accepting: False

Precision: 1.0000 Recall: 1.0000 Accuracy: 1.0000 F1: 1.0000


--------------------------------------------------------------------
Begin DFA extraction with n_state:19
Done fitting takes time: 1.4896
==Minimized===

This DFA has 5 states
States: ['12', '15', '14', '11', '3']
Alphabet: set(['1', '0'])
Starting state: 3
Accepting states: ['12', '15', '14']
Transition function:
	11	12	14	15	3
1 	11	15	15	15	15
0 	11	11	12	14	14
Current state: 3
Currently accepting: False

Precision: 1.0000 Recall: 1.0000 Accuracy: 1.0000 F1: 1.0000
[  0.00000000e+00   7.77000777e-04   7.77000777e-04   6.97350070e-01
   7.08160443e-01   1.00000000e+00   8.46006964e-01   1.00000000e+00
   1.00000000e+00   1.00000000e+00   1.00000000e+00   1.00000000e+00
   1.00000000e+00   1.00000000e+00   1.00000000e+00   1.00000000e+00
   1.00000000e+00   1.00000000e+00]


[[  0.00000000e+00   7.77000777e-04   7.77000777e-04   6.97350070e-01
    7.08160443e-01   1.00000000e+00   8.46006964e-01   1.00000000e+00
    1.00000000e+00   1.00000000e+00   1.00000000e+00   1.00000000e+00
    1.00000000e+00   1.00000000e+00   1.00000000e+00   1.00000000e+00
    1.00000000e+00   1.00000000e+00]
 [  0.00000000e+00   0.00000000e+00   0.00000000e+00   0.00000000e+00
    0.00000000e+00   0.00000000e+00   0.00000000e+00   0.00000000e+00
    0.00000000e+00   0.00000000e+00   0.00000000e+00   0.00000000e+00
    0.00000000e+00   0.00000000e+00   0.00000000e+00   0.00000000e+00
    0.00000000e+00   0.00000000e+00]
 [  0.00000000e+00   0.00000000e+00   0.00000000e+00   0.00000000e+00
    0.00000000e+00   0.00000000e+00   0.00000000e+00   0.00000000e+00
    0.00000000e+00   0.00000000e+00   0.00000000e+00   0.00000000e+00
    0.00000000e+00   0.00000000e+00   0.00000000e+00   0.00000000e+00
    0.00000000e+00   0.00000000e+00]
 [  0.00000000e+00   0.00000000e+00   0.00000000e+00   0.00000000e+00
    0.00000000e+00   0.00000000e+00   0.00000000e+00   0.00000000e+00
    0.00000000e+00   0.00000000e+00   0.00000000e+00   0.00000000e+00
    0.00000000e+00   0.00000000e+00   0.00000000e+00   0.00000000e+00
    0.00000000e+00   0.00000000e+00]
 [  0.00000000e+00   0.00000000e+00   0.00000000e+00   0.00000000e+00
    0.00000000e+00   0.00000000e+00   0.00000000e+00   0.00000000e+00
    0.00000000e+00   0.00000000e+00   0.00000000e+00   0.00000000e+00
    0.00000000e+00   0.00000000e+00   0.00000000e+00   0.00000000e+00
    0.00000000e+00   0.00000000e+00]
 [  0.00000000e+00   0.00000000e+00   0.00000000e+00   0.00000000e+00
    0.00000000e+00   0.00000000e+00   0.00000000e+00   0.00000000e+00
    0.00000000e+00   0.00000000e+00   0.00000000e+00   0.00000000e+00
    0.00000000e+00   0.00000000e+00   0.00000000e+00   0.00000000e+00
    0.00000000e+00   0.00000000e+00]
 [  0.00000000e+00   0.00000000e+00   0.00000000e+00   0.00000000e+00
    0.00000000e+00   0.00000000e+00   0.00000000e+00   0.00000000e+00
    0.00000000e+00   0.00000000e+00   0.00000000e+00   0.00000000e+00
    0.00000000e+00   0.00000000e+00   0.00000000e+00   0.00000000e+00
    0.00000000e+00   0.00000000e+00]
 [  0.00000000e+00   0.00000000e+00   0.00000000e+00   0.00000000e+00
    0.00000000e+00   0.00000000e+00   0.00000000e+00   0.00000000e+00
    0.00000000e+00   0.00000000e+00   0.00000000e+00   0.00000000e+00
    0.00000000e+00   0.00000000e+00   0.00000000e+00   0.00000000e+00
    0.00000000e+00   0.00000000e+00]
 [  0.00000000e+00   0.00000000e+00   0.00000000e+00   0.00000000e+00
    0.00000000e+00   0.00000000e+00   0.00000000e+00   0.00000000e+00
    0.00000000e+00   0.00000000e+00   0.00000000e+00   0.00000000e+00
    0.00000000e+00   0.00000000e+00   0.00000000e+00   0.00000000e+00
    0.00000000e+00   0.00000000e+00]]
