G:g4, model:O2 sigmoid, load all data and stored hidden activations


--------------------------------------------------------------------
Begin DFA extraction with n_state:2
Done fitting takes time: 0.5484
==Minimized===

This DFA has 1 states
States: ['1']
Alphabet: set(['1', '0'])
Starting state: 1
Accepting states: []
Transition function:
	1
1 	1
0 	1
Current state: 1
Currently accepting: False

Precision: 0.0000 Recall: 0.0000 Accuracy: 0.5094 F1: 0.0000


--------------------------------------------------------------------
Begin DFA extraction with n_state:3
Done fitting takes time: 1.6240
==Minimized===

This DFA has 1 states
States: ['1']
Alphabet: set(['1', '0'])
Starting state: 1
Accepting states: []
Transition function:
	1
1 	1
0 	1
Current state: 1
Currently accepting: False

Precision: 0.0000 Recall: 0.0000 Accuracy: 0.5094 F1: 0.0000


--------------------------------------------------------------------
Begin DFA extraction with n_state:4
Done fitting takes time: 1.0272
==Minimized===

This DFA has 1 states
States: ['1']
Alphabet: set(['1', '0'])
Starting state: 1
Accepting states: ['1']
Transition function:
	1
1 	1
0 	1
Current state: 1
Currently accepting: True

Precision: 0.4906 Recall: 1.0000 Accuracy: 0.4906 F1: 0.6583


--------------------------------------------------------------------
Begin DFA extraction with n_state:5
Done fitting takes time: 0.5480
==Minimized===

This DFA has 1 states
States: ['1']
Alphabet: set(['1', '0'])
Starting state: 1
Accepting states: ['1']
Transition function:
	1
1 	1
0 	1
Current state: 1
Currently accepting: True

Precision: 0.4906 Recall: 1.0000 Accuracy: 0.4906 F1: 0.6583


--------------------------------------------------------------------
Begin DFA extraction with n_state:6
Done fitting takes time: 0.9646
==Minimized===

This DFA has 5 states
States: ['3', '6', '4', '1', '5']
Alphabet: set(['1', '0'])
Starting state: 5
Accepting states: ['1', '5', '4', '6']
Transition function:
	1	3	4	5	6
1 	1	3	1	1	1
0 	4	3	6	5	3
Current state: 5
Currently accepting: True

Precision: 0.8948 Recall: 1.0000 Accuracy: 0.9423 F1: 0.9445


--------------------------------------------------------------------
Begin DFA extraction with n_state:7
Done fitting takes time: 0.5595
==Minimized===

This DFA has 5 states
States: ['6', '1', '4', '3', '5']
Alphabet: set(['1', '0'])
Starting state: 5
Accepting states: ['1', '4', '6']
Transition function:
	1	3	4	5	6
1 	1	3	1	1	1
0 	4	3	6	4	3
Current state: 5
Currently accepting: False

Precision: 1.0000 Recall: 1.0000 Accuracy: 1.0000 F1: 1.0000


--------------------------------------------------------------------
Begin DFA extraction with n_state:8
Done fitting takes time: 1.5982
==Minimized===

This DFA has 5 states
States: ['6', '1', '4', '3', '5']
Alphabet: set(['1', '0'])
Starting state: 5
Accepting states: ['1', '4', '6']
Transition function:
	1	3	4	5	6
1 	1	3	1	1	1
0 	4	3	6	4	3
Current state: 5
Currently accepting: False

Precision: 1.0000 Recall: 1.0000 Accuracy: 1.0000 F1: 1.0000


--------------------------------------------------------------------
Begin DFA extraction with n_state:9
Done fitting takes time: 0.5639
==Minimized===

This DFA has 5 states
States: ['6', '1', '4', '3', '5']
Alphabet: set(['1', '0'])
Starting state: 5
Accepting states: ['1', '4', '6']
Transition function:
	1	3	4	5	6
1 	1	3	1	1	1
0 	4	3	6	4	3
Current state: 5
Currently accepting: False

Precision: 1.0000 Recall: 1.0000 Accuracy: 1.0000 F1: 1.0000


--------------------------------------------------------------------
Begin DFA extraction with n_state:10
Done fitting takes time: 0.5908
==Minimized===

This DFA has 5 states
States: ['6', '1', '4', '10', '5']
Alphabet: set(['1', '0'])
Starting state: 5
Accepting states: ['1', '4', '6']
Transition function:
	1	10	4	5	6
1 	1	10	1	1	1
0 	4	10	6	4	10
Current state: 5
Currently accepting: False

Precision: 1.0000 Recall: 1.0000 Accuracy: 1.0000 F1: 1.0000


--------------------------------------------------------------------
Begin DFA extraction with n_state:11
Done fitting takes time: 0.5939
==Minimized===

This DFA has 5 states
States: ['6', '11', '4', '10', '5']
Alphabet: set(['1', '0'])
Starting state: 5
Accepting states: ['11', '4', '6']
Transition function:
	10	11	4	5	6
1 	10	11	11	11	11
0 	10	4	6	4	10
Current state: 5
Currently accepting: False

Precision: 1.0000 Recall: 1.0000 Accuracy: 1.0000 F1: 1.0000


--------------------------------------------------------------------
Begin DFA extraction with n_state:12
Done fitting takes time: 0.5775
==Minimized===

This DFA has 5 states
States: ['6', '11', '12', '10', '5']
Alphabet: set(['1', '0'])
Starting state: 5
Accepting states: ['11', '12', '6']
Transition function:
	10	11	12	5	6
1 	10	11	11	11	11
0 	10	12	6	12	10
Current state: 5
Currently accepting: False

Precision: 1.0000 Recall: 1.0000 Accuracy: 1.0000 F1: 1.0000


--------------------------------------------------------------------
Begin DFA extraction with n_state:13
Done fitting takes time: 0.6056
==Minimized===

This DFA has 5 states
States: ['6', '11', '12', '10', '5']
Alphabet: set(['1', '0'])
Starting state: 5
Accepting states: ['11', '12', '6']
Transition function:
	10	11	12	5	6
1 	10	11	11	11	11
0 	10	12	6	12	10
Current state: 5
Currently accepting: False

Precision: 1.0000 Recall: 1.0000 Accuracy: 1.0000 F1: 1.0000


--------------------------------------------------------------------
Begin DFA extraction with n_state:14
Done fitting takes time: 0.5898
==Minimized===

This DFA has 5 states
States: ['6', '11', '12', '10', '5']
Alphabet: set(['1', '0'])
Starting state: 5
Accepting states: ['11', '12', '6']
Transition function:
	10	11	12	5	6
1 	10	11	11	11	11
0 	10	12	6	12	10
Current state: 5
Currently accepting: False

Precision: 1.0000 Recall: 1.0000 Accuracy: 1.0000 F1: 1.0000


--------------------------------------------------------------------
Begin DFA extraction with n_state:15
Done fitting takes time: 0.5975
==Minimized===

This DFA has 5 states
States: ['6', '11', '12', '10', '5']
Alphabet: set(['1', '0'])
Starting state: 5
Accepting states: ['11', '12', '6']
Transition function:
	10	11	12	5	6
1 	10	11	11	11	11
0 	10	12	6	12	10
Current state: 5
Currently accepting: False

Precision: 1.0000 Recall: 1.0000 Accuracy: 1.0000 F1: 1.0000


--------------------------------------------------------------------
Begin DFA extraction with n_state:16
Done fitting takes time: 0.5904
==Minimized===

This DFA has 5 states
States: ['6', '11', '12', '10', '5']
Alphabet: set(['1', '0'])
Starting state: 5
Accepting states: ['11', '12', '6']
Transition function:
	10	11	12	5	6
1 	10	11	11	11	11
0 	10	12	6	12	10
Current state: 5
Currently accepting: False

Precision: 1.0000 Recall: 1.0000 Accuracy: 1.0000 F1: 1.0000


--------------------------------------------------------------------
Begin DFA extraction with n_state:17
Done fitting takes time: 0.6032
==Minimized===

This DFA has 5 states
States: ['6', '11', '12', '10', '5']
Alphabet: set(['1', '0'])
Starting state: 5
Accepting states: ['11', '12', '6']
Transition function:
	10	11	12	5	6
1 	10	11	11	11	11
0 	10	12	6	12	10
Current state: 5
Currently accepting: False

Precision: 1.0000 Recall: 1.0000 Accuracy: 1.0000 F1: 1.0000


--------------------------------------------------------------------
Begin DFA extraction with n_state:18
Done fitting takes time: 0.7148
==Minimized===

This DFA has 5 states
States: ['6', '11', '12', '10', '5']
Alphabet: set(['1', '0'])
Starting state: 5
Accepting states: ['11', '12', '6']
Transition function:
	10	11	12	5	6
1 	10	11	11	11	11
0 	10	12	6	12	10
Current state: 5
Currently accepting: False

Precision: 1.0000 Recall: 1.0000 Accuracy: 1.0000 F1: 1.0000


--------------------------------------------------------------------
Begin DFA extraction with n_state:19
Done fitting takes time: 2.0623
==Minimized===

This DFA has 5 states
States: ['6', '11', '12', '10', '5']
Alphabet: set(['1', '0'])
Starting state: 5
Accepting states: ['11', '12', '6']
Transition function:
	10	11	12	5	6
1 	10	11	11	11	11
0 	10	12	6	12	10
Current state: 5
Currently accepting: False

Precision: 1.0000 Recall: 1.0000 Accuracy: 1.0000 F1: 1.0000
[ 0.          0.          0.65829436  0.65829436  0.94447509  1.          1.
  1.          1.          1.          1.          1.          1.          1.
  1.          1.          1.          1.        ]


[[ 0.          0.          0.          0.65829436  0.6581224   1.          1.
   1.          1.          1.          1.          1.          1.          1.
   1.          1.          1.          1.        ]
 [ 0.          0.          0.          0.34183344  0.          0.          0.
   0.37430303  0.          0.          0.14811422  0.47835225  0.49052202
   0.35397091  0.          0.50908043  0.57499763  0.5034454 ]
 [ 0.          0.          0.65829436  0.65829436  0.94447509  1.          1.
   1.          1.          1.          1.          1.          1.          1.
   1.          1.          1.          1.        ]
 [ 0.          0.          0.          0.          0.          0.          0.
   0.          0.          0.          0.          0.          0.          0.
   0.          0.          0.          0.        ]
 [ 0.65829436  0.65829436  0.90690499  0.94447509  0.94447509  1.          1.
   1.          1.          1.          1.          1.          1.          1.
   1.          1.          1.          1.        ]
 [ 0.          0.65829436  0.90690499  0.65829436  0.90690499  1.          1.
   1.          1.          1.          1.          1.          1.          1.
   1.          1.          1.          1.        ]
 [ 0.          0.          0.          0.          0.          0.          0.
   0.          0.          0.          0.          0.          0.          0.
   0.          0.          0.          0.        ]
 [ 0.          0.          0.          0.          0.          0.          0.
   0.          0.          0.          0.          0.          0.          0.
   0.          0.          0.          0.        ]
 [ 0.          0.          0.          0.          0.          0.          0.
   0.          0.          0.          0.          0.          0.          0.
   0.          0.          0.          0.        ]]
