Load data
RNN type: LSTM Grammar: g4 Seed: 5
Model total parameters: 4092
Saving hinit ... 

Epoch 0: Time: 1.0919 Cost: 26.9373 Pre: 0.8776 Re: 0.0326 Acc: 0.5113 F1: 0.0629


--------------------------------------------------------------------
Eval results: Cost:23.5913 Pre:0.7072 Re:0.7146 Acc:0.7124 F1:0.7109
--------------------------------------------------------------------

Epoch 1: Time: 0.9649 Cost: 19.1238 Pre: 0.7510 Re: 0.7835 Acc: 0.7605 F1: 0.7669
Epoch 2: Time: 0.9425 Cost: 13.8527 Pre: 0.7922 Re: 0.8604 Acc: 0.8164 F1: 0.8249
Epoch 3: Time: 0.9314 Cost: 10.6717 Pre: 0.8406 Re: 0.8980 Acc: 0.8631 F1: 0.8684
Epoch 4: Time: 0.9291 Cost: 8.1113 Pre: 0.8851 Re: 0.9321 Acc: 0.9051 F1: 0.9080
Epoch 5: Time: 0.9354 Cost: 6.1190 Pre: 0.9052 Re: 0.9632 Acc: 0.9308 F1: 0.9333
Epoch 6: Time: 0.9318 Cost: 4.8259 Pre: 0.9242 Re: 0.9708 Acc: 0.9453 F1: 0.9469
Epoch 7: Time: 0.9333 Cost: 3.7463 Pre: 0.9336 Re: 0.9917 Acc: 0.9603 F1: 0.9618
Epoch 8: Time: 0.9334 Cost: 3.0771 Pre: 0.9433 Re: 0.9973 Acc: 0.9685 F1: 0.9696
Epoch 9: Time: 0.9410 Cost: 2.7020 Pre: 0.9585 Re: 0.9992 Acc: 0.9779 F1: 0.9785
Epoch 10: Time: 0.9562 Cost: 2.5544 Pre: 0.9730 Re: 0.9985 Acc: 0.9853 F1: 0.9856


--------------------------------------------------------------------
Eval results: Cost:2.1031 Pre:0.9673 Re:0.9985 Acc:0.9826 F1:0.9827
--------------------------------------------------------------------

Epoch 11: Time: 0.9475 Cost: 2.3041 Pre: 0.9836 Re: 0.9992 Acc: 0.9912 F1: 0.9913
Epoch 12: Time: 0.9465 Cost: 2.1356 Pre: 0.9985 Re: 0.9992 Acc: 0.9989 F1: 0.9989
Epoch 13: Time: 0.9404 Cost: 1.9886 Pre: 0.9977 Re: 0.9992 Acc: 0.9985 F1: 0.9985
Epoch 14: Time: 0.9394 Cost: 1.8614 Pre: 1.0000 Re: 0.9992 Acc: 0.9996 F1: 0.9996
Epoch 15: Time: 0.9585 Cost: 1.7579 Pre: 1.0000 Re: 0.9992 Acc: 0.9996 F1: 0.9996
Epoch 16: Time: 0.9485 Cost: 1.6693 Pre: 1.0000 Re: 0.9992 Acc: 0.9996 F1: 0.9996
Epoch 17: Time: 0.9372 Cost: 1.5937 Pre: 1.0000 Re: 0.9992 Acc: 0.9996 F1: 0.9996
Epoch 18: Time: 0.9475 Cost: 1.5275 Pre: 1.0000 Re: 0.9992 Acc: 0.9996 F1: 0.9996
Epoch 19: Time: 0.9407 Cost: 1.4682 Pre: 1.0000 Re: 0.9992 Acc: 0.9996 F1: 0.9996
Epoch 20: Time: 0.9647 Cost: 1.4148 Pre: 1.0000 Re: 0.9992 Acc: 0.9996 F1: 0.9996


--------------------------------------------------------------------
Eval results: Cost:1.3235 Pre:1.0000 Re:0.9993 Acc:0.9996 F1:0.9996
--------------------------------------------------------------------

Epoch 21: Time: 0.9365 Cost: 1.3743 Pre: 1.0000 Re: 0.9996 Acc: 0.9998 F1: 0.9998
Epoch 22: Time: 0.9359 Cost: 1.3307 Pre: 1.0000 Re: 0.9996 Acc: 0.9998 F1: 0.9998
Epoch 23: Time: 0.9338 Cost: 1.2922 Pre: 1.0000 Re: 0.9996 Acc: 0.9998 F1: 0.9998
Epoch 24: Time: 1.0298 Cost: 1.2574 Pre: 1.0000 Re: 0.9996 Acc: 0.9998 F1: 0.9998
Epoch 25: Time: 0.9637 Cost: 1.2261 Pre: 1.0000 Re: 0.9996 Acc: 0.9998 F1: 0.9998
Epoch 26: Time: 0.9310 Cost: 1.1981 Pre: 1.0000 Re: 0.9996 Acc: 0.9998 F1: 0.9998
Epoch 27: Time: 0.9334 Cost: 1.1732 Pre: 1.0000 Re: 0.9996 Acc: 0.9998 F1: 0.9998
Epoch 28: Time: 0.9701 Cost: 1.1510 Pre: 1.0000 Re: 0.9996 Acc: 0.9998 F1: 0.9998
Epoch 29: Time: 1.0105 Cost: 1.1312 Pre: 1.0000 Re: 0.9996 Acc: 0.9998 F1: 0.9998
Epoch 30: Time: 0.9741 Cost: 1.1134 Pre: 1.0000 Re: 0.9996 Acc: 0.9998 F1: 0.9998


--------------------------------------------------------------------
Eval results: Cost:1.0745 Pre:1.0000 Re:0.9993 Acc:0.9996 F1:0.9996
--------------------------------------------------------------------

Epoch 31: Time: 0.9402 Cost: 1.0980 Pre: 1.0000 Re: 0.9996 Acc: 0.9998 F1: 0.9998
Epoch 32: Time: 0.9350 Cost: 1.0835 Pre: 1.0000 Re: 0.9996 Acc: 0.9998 F1: 0.9998
Epoch 33: Time: 0.9302 Cost: 1.0704 Pre: 1.0000 Re: 0.9996 Acc: 0.9998 F1: 0.9998
Epoch 34: Time: 0.9300 Cost: 1.0585 Pre: 1.0000 Re: 0.9996 Acc: 0.9998 F1: 0.9998
Epoch 35: Time: 1.0840 Cost: 1.0477 Pre: 1.0000 Re: 0.9996 Acc: 0.9998 F1: 0.9998
Epoch 36: Time: 1.0205 Cost: 1.0379 Pre: 1.0000 Re: 0.9996 Acc: 0.9998 F1: 0.9998
Epoch 37: Time: 0.9324 Cost: 1.0289 Pre: 1.0000 Re: 0.9996 Acc: 0.9998 F1: 0.9998
Epoch 38: Time: 0.9345 Cost: 1.0208 Pre: 1.0000 Re: 0.9996 Acc: 0.9998 F1: 0.9998
Epoch 39: Time: 0.9346 Cost: 1.0133 Pre: 1.0000 Re: 0.9996 Acc: 0.9998 F1: 0.9998
Epoch 40: Time: 0.9477 Cost: 1.0065 Pre: 1.0000 Re: 0.9996 Acc: 0.9998 F1: 0.9998


--------------------------------------------------------------------
Eval results: Cost:0.9855 Pre:1.0000 Re:0.9993 Acc:0.9996 F1:0.9996
--------------------------------------------------------------------

Epoch 41: Time: 0.9393 Cost: 1.0006 Pre: 1.0000 Re: 0.9996 Acc: 0.9998 F1: 0.9998
Epoch 42: Time: 0.9321 Cost: 0.9948 Pre: 1.0000 Re: 0.9996 Acc: 0.9998 F1: 0.9998
Epoch 43: Time: 0.9342 Cost: 0.9896 Pre: 1.0000 Re: 0.9996 Acc: 0.9998 F1: 0.9998
Epoch 44: Time: 0.9378 Cost: 0.9847 Pre: 1.0000 Re: 0.9996 Acc: 0.9998 F1: 0.9998
Epoch 45: Time: 0.9504 Cost: 0.9803 Pre: 1.0000 Re: 0.9996 Acc: 0.9998 F1: 0.9998
Epoch 46: Time: 0.9319 Cost: 0.9762 Pre: 1.0000 Re: 0.9996 Acc: 0.9998 F1: 0.9998
Epoch 47: Time: 0.9312 Cost: 0.9724 Pre: 1.0000 Re: 0.9996 Acc: 0.9998 F1: 0.9998
Epoch 48: Time: 0.9306 Cost: 0.9689 Pre: 1.0000 Re: 0.9996 Acc: 0.9998 F1: 0.9998
Epoch 49: Time: 0.9309 Cost: 0.9657 Pre: 1.0000 Re: 0.9996 Acc: 0.9998 F1: 0.9998
Epoch 50: Time: 0.9484 Cost: 0.9628 Pre: 1.0000 Re: 0.9996 Acc: 0.9998 F1: 0.9998


--------------------------------------------------------------------
Eval results: Cost:0.9471 Pre:1.0000 Re:0.9993 Acc:0.9996 F1:0.9996
--------------------------------------------------------------------

Epoch 51: Time: 0.9375 Cost: 0.9602 Pre: 1.0000 Re: 0.9996 Acc: 0.9998 F1: 0.9998
Epoch 52: Time: 0.9586 Cost: 0.9576 Pre: 1.0000 Re: 0.9996 Acc: 0.9998 F1: 0.9998
Epoch 53: Time: 0.9306 Cost: 0.9553 Pre: 1.0000 Re: 0.9996 Acc: 0.9998 F1: 0.9998
Epoch 54: Time: 0.9361 Cost: 0.9530 Pre: 1.0000 Re: 0.9996 Acc: 0.9998 F1: 0.9998
Epoch 55: Time: 0.9594 Cost: 0.9510 Pre: 1.0000 Re: 0.9996 Acc: 0.9998 F1: 0.9998
Epoch 56: Time: 0.9282 Cost: 0.9491 Pre: 1.0000 Re: 0.9996 Acc: 0.9998 F1: 0.9998
Epoch 57: Time: 0.9736 Cost: 0.9473 Pre: 1.0000 Re: 0.9996 Acc: 0.9998 F1: 0.9998
Epoch 58: Time: 1.0007 Cost: 0.9457 Pre: 1.0000 Re: 0.9996 Acc: 0.9998 F1: 0.9998
Epoch 59: Time: 1.0053 Cost: 0.9442 Pre: 1.0000 Re: 0.9996 Acc: 0.9998 F1: 0.9998
Epoch 60: Time: 1.0973 Cost: 0.9429 Pre: 1.0000 Re: 0.9996 Acc: 0.9998 F1: 0.9998


--------------------------------------------------------------------
Eval results: Cost:0.9273 Pre:1.0000 Re:0.9993 Acc:0.9996 F1:0.9996
--------------------------------------------------------------------

Epoch 61: Time: 0.9499 Cost: 0.9415 Pre: 1.0000 Re: 0.9996 Acc: 0.9998 F1: 0.9998
Epoch 62: Time: 0.9325 Cost: 0.9402 Pre: 1.0000 Re: 0.9996 Acc: 0.9998 F1: 0.9998
Epoch 63: Time: 0.9322 Cost: 0.9389 Pre: 1.0000 Re: 0.9996 Acc: 0.9998 F1: 0.9998
Epoch 64: Time: 0.9307 Cost: 0.9377 Pre: 1.0000 Re: 0.9996 Acc: 0.9998 F1: 0.9998
Epoch 65: Time: 0.9308 Cost: 0.9365 Pre: 1.0000 Re: 0.9996 Acc: 0.9998 F1: 0.9998
Epoch 66: Time: 0.9343 Cost: 0.9354 Pre: 1.0000 Re: 0.9996 Acc: 0.9998 F1: 0.9998
Epoch 67: Time: 0.9283 Cost: 0.9343 Pre: 1.0000 Re: 0.9996 Acc: 0.9998 F1: 0.9998
Epoch 68: Time: 0.9310 Cost: 0.9333 Pre: 1.0000 Re: 0.9996 Acc: 0.9998 F1: 0.9998
Epoch 69: Time: 0.9480 Cost: 0.9324 Pre: 1.0000 Re: 0.9996 Acc: 0.9998 F1: 0.9998
Epoch 70: Time: 0.9368 Cost: 0.9315 Pre: 1.0000 Re: 0.9996 Acc: 0.9998 F1: 0.9998


--------------------------------------------------------------------
Eval results: Cost:0.9160 Pre:1.0000 Re:0.9993 Acc:0.9996 F1:0.9996
--------------------------------------------------------------------

Epoch 71: Time: 0.9841 Cost: 0.9306 Pre: 1.0000 Re: 0.9996 Acc: 0.9998 F1: 0.9998
Epoch 72: Time: 0.9464 Cost: 0.9298 Pre: 1.0000 Re: 1.0000 Acc: 1.0000 F1: 1.0000
Epoch 73: Time: 0.9330 Cost: 0.9290 Pre: 1.0000 Re: 1.0000 Acc: 1.0000 F1: 1.0000
Epoch 74: Time: 0.9330 Cost: 0.9283 Pre: 1.0000 Re: 1.0000 Acc: 1.0000 F1: 1.0000
Epoch 75: Time: 0.9292 Cost: 0.9276 Pre: 1.0000 Re: 1.0000 Acc: 1.0000 F1: 1.0000
Epoch 76: Time: 0.9415 Cost: 0.9269 Pre: 1.0000 Re: 1.0000 Acc: 1.0000 F1: 1.0000
Epoch 77: Time: 0.9315 Cost: 0.9262 Pre: 1.0000 Re: 1.0000 Acc: 1.0000 F1: 1.0000
Epoch 78: Time: 0.9291 Cost: 0.9256 Pre: 1.0000 Re: 1.0000 Acc: 1.0000 F1: 1.0000
Epoch 79: Time: 0.9523 Cost: 0.9250 Pre: 1.0000 Re: 1.0000 Acc: 1.0000 F1: 1.0000
Epoch 80: Time: 0.9342 Cost: 0.9244 Pre: 1.0000 Re: 1.0000 Acc: 1.0000 F1: 1.0000


--------------------------------------------------------------------
Eval results: Cost:0.9090 Pre:1.0000 Re:1.0000 Acc:1.0000 F1:1.0000
--------------------------------------------------------------------

Epoch 81: Time: 0.9368 Cost: 0.9239 Pre: 1.0000 Re: 1.0000 Acc: 1.0000 F1: 1.0000
Epoch 82: Time: 0.9360 Cost: 0.9234 Pre: 1.0000 Re: 1.0000 Acc: 1.0000 F1: 1.0000
Epoch 83: Time: 0.9314 Cost: 0.9229 Pre: 1.0000 Re: 1.0000 Acc: 1.0000 F1: 1.0000
Epoch 84: Time: 0.9718 Cost: 0.9224 Pre: 1.0000 Re: 1.0000 Acc: 1.0000 F1: 1.0000
Epoch 85: Time: 0.9265 Cost: 0.9219 Pre: 1.0000 Re: 1.0000 Acc: 1.0000 F1: 1.0000
Epoch 86: Time: 0.9311 Cost: 0.9215 Pre: 1.0000 Re: 1.0000 Acc: 1.0000 F1: 1.0000
Epoch 87: Time: 0.9292 Cost: 0.9211 Pre: 1.0000 Re: 1.0000 Acc: 1.0000 F1: 1.0000
Epoch 88: Time: 0.9809 Cost: 0.9207 Pre: 1.0000 Re: 1.0000 Acc: 1.0000 F1: 1.0000
Epoch 89: Time: 0.9396 Cost: 0.9203 Pre: 1.0000 Re: 1.0000 Acc: 1.0000 F1: 1.0000
Epoch 90: Time: 0.9320 Cost: 0.9199 Pre: 1.0000 Re: 1.0000 Acc: 1.0000 F1: 1.0000


--------------------------------------------------------------------
Eval results: Cost:0.9044 Pre:1.0000 Re:1.0000 Acc:1.0000 F1:1.0000
--------------------------------------------------------------------

Epoch 91: Time: 0.9392 Cost: 0.9196 Pre: 1.0000 Re: 1.0000 Acc: 1.0000 F1: 1.0000
Epoch 92: Time: 0.9311 Cost: 0.9192 Pre: 1.0000 Re: 1.0000 Acc: 1.0000 F1: 1.0000
Epoch 93: Time: 0.9307 Cost: 0.9189 Pre: 1.0000 Re: 1.0000 Acc: 1.0000 F1: 1.0000
Epoch 94: Time: 1.0778 Cost: 0.9186 Pre: 1.0000 Re: 1.0000 Acc: 1.0000 F1: 1.0000
Epoch 95: Time: 1.0150 Cost: 0.9183 Pre: 1.0000 Re: 1.0000 Acc: 1.0000 F1: 1.0000
Epoch 96: Time: 0.9463 Cost: 0.9180 Pre: 1.0000 Re: 1.0000 Acc: 1.0000 F1: 1.0000
Epoch 97: Time: 0.9436 Cost: 0.9177 Pre: 1.0000 Re: 1.0000 Acc: 1.0000 F1: 1.0000
Epoch 98: Time: 0.9340 Cost: 0.9174 Pre: 1.0000 Re: 1.0000 Acc: 1.0000 F1: 1.0000
Epoch 99: Time: 0.9590 Cost: 0.9172 Pre: 1.0000 Re: 1.0000 Acc: 1.0000 F1: 1.0000
Epoch 100: Time: 0.9469 Cost: 0.9169 Pre: 1.0000 Re: 1.0000 Acc: 1.0000 F1: 1.0000


--------------------------------------------------------------------
Eval results: Cost:0.9014 Pre:1.0000 Re:1.0000 Acc:1.0000 F1:1.0000
--------------------------------------------------------------------

Epoch 101: Time: 0.9346 Cost: 0.9167 Pre: 1.0000 Re: 1.0000 Acc: 1.0000 F1: 1.0000
Epoch 102: Time: 0.9410 Cost: 0.9164 Pre: 1.0000 Re: 1.0000 Acc: 1.0000 F1: 1.0000
Epoch 103: Time: 0.9328 Cost: 0.9162 Pre: 1.0000 Re: 1.0000 Acc: 1.0000 F1: 1.0000
Epoch 104: Time: 0.9309 Cost: 0.9160 Pre: 1.0000 Re: 1.0000 Acc: 1.0000 F1: 1.0000
Epoch 105: Time: 0.9353 Cost: 0.9158 Pre: 1.0000 Re: 1.0000 Acc: 1.0000 F1: 1.0000
Epoch 106: Time: 0.9330 Cost: 0.9156 Pre: 1.0000 Re: 1.0000 Acc: 1.0000 F1: 1.0000
Epoch 107: Time: 0.9327 Cost: 0.9154 Pre: 1.0000 Re: 1.0000 Acc: 1.0000 F1: 1.0000
Epoch 108: Time: 0.9330 Cost: 0.9152 Pre: 1.0000 Re: 1.0000 Acc: 1.0000 F1: 1.0000
Epoch 109: Time: 0.9628 Cost: 0.9150 Pre: 1.0000 Re: 1.0000 Acc: 1.0000 F1: 1.0000
Epoch 110: Time: 0.9434 Cost: 0.9148 Pre: 1.0000 Re: 1.0000 Acc: 1.0000 F1: 1.0000


--------------------------------------------------------------------
Eval results: Cost:0.8994 Pre:1.0000 Re:1.0000 Acc:1.0000 F1:1.0000
--------------------------------------------------------------------

Epoch 111: Time: 0.9668 Cost: 0.9147 Pre: 1.0000 Re: 1.0000 Acc: 1.0000 F1: 1.0000
Epoch 112: Time: 0.9305 Cost: 0.9145 Pre: 1.0000 Re: 1.0000 Acc: 1.0000 F1: 1.0000
Epoch 113: Time: 0.9317 Cost: 0.9143 Pre: 1.0000 Re: 1.0000 Acc: 1.0000 F1: 1.0000
Epoch 114: Time: 0.9553 Cost: 0.9142 Pre: 1.0000 Re: 1.0000 Acc: 1.0000 F1: 1.0000
Epoch 115: Time: 0.9306 Cost: 0.9140 Pre: 1.0000 Re: 1.0000 Acc: 1.0000 F1: 1.0000
Epoch 116: Time: 0.9442 Cost: 0.9139 Pre: 1.0000 Re: 1.0000 Acc: 1.0000 F1: 1.0000
Epoch 117: Time: 0.9858 Cost: 0.9137 Pre: 1.0000 Re: 1.0000 Acc: 1.0000 F1: 1.0000
Epoch 118: Time: 0.9924 Cost: 0.9136 Pre: 1.0000 Re: 1.0000 Acc: 1.0000 F1: 1.0000
Epoch 119: Time: 1.0336 Cost: 0.9135 Pre: 1.0000 Re: 1.0000 Acc: 1.0000 F1: 1.0000
Epoch 120: Time: 1.1226 Cost: 0.9133 Pre: 1.0000 Re: 1.0000 Acc: 1.0000 F1: 1.0000


--------------------------------------------------------------------
Eval results: Cost:0.8979 Pre:1.0000 Re:1.0000 Acc:1.0000 F1:1.0000
--------------------------------------------------------------------

Epoch 121: Time: 0.9161 Cost: 0.9132 Pre: 1.0000 Re: 1.0000 Acc: 1.0000 F1: 1.0000
Epoch 122: Time: 0.9152 Cost: 0.9131 Pre: 1.0000 Re: 1.0000 Acc: 1.0000 F1: 1.0000
Epoch 123: Time: 0.9222 Cost: 0.9130 Pre: 1.0000 Re: 1.0000 Acc: 1.0000 F1: 1.0000
Epoch 124: Time: 0.9126 Cost: 0.9129 Pre: 1.0000 Re: 1.0000 Acc: 1.0000 F1: 1.0000
Epoch 125: Time: 0.9221 Cost: 0.9128 Pre: 1.0000 Re: 1.0000 Acc: 1.0000 F1: 1.0000
Epoch 126: Time: 0.9224 Cost: 0.9126 Pre: 1.0000 Re: 1.0000 Acc: 1.0000 F1: 1.0000
Epoch 127: Time: 0.9187 Cost: 0.9125 Pre: 1.0000 Re: 1.0000 Acc: 1.0000 F1: 1.0000
Epoch 128: Time: 0.9302 Cost: 0.9124 Pre: 1.0000 Re: 1.0000 Acc: 1.0000 F1: 1.0000
Epoch 129: Time: 0.9221 Cost: 0.9123 Pre: 1.0000 Re: 1.0000 Acc: 1.0000 F1: 1.0000
Epoch 130: Time: 0.9277 Cost: 0.9122 Pre: 1.0000 Re: 1.0000 Acc: 1.0000 F1: 1.0000


--------------------------------------------------------------------
Eval results: Cost:0.8968 Pre:1.0000 Re:1.0000 Acc:1.0000 F1:1.0000
--------------------------------------------------------------------

Epoch 131: Time: 0.9281 Cost: 0.9121 Pre: 1.0000 Re: 1.0000 Acc: 1.0000 F1: 1.0000
Epoch 132: Time: 0.9286 Cost: 0.9121 Pre: 1.0000 Re: 1.0000 Acc: 1.0000 F1: 1.0000
Epoch 133: Time: 0.9287 Cost: 0.9120 Pre: 1.0000 Re: 1.0000 Acc: 1.0000 F1: 1.0000
Epoch 134: Time: 0.9252 Cost: 0.9119 Pre: 1.0000 Re: 1.0000 Acc: 1.0000 F1: 1.0000
Epoch 135: Time: 0.9266 Cost: 0.9118 Pre: 1.0000 Re: 1.0000 Acc: 1.0000 F1: 1.0000
Epoch 136: Time: 0.9326 Cost: 0.9117 Pre: 1.0000 Re: 1.0000 Acc: 1.0000 F1: 1.0000
Epoch 137: Time: 0.9216 Cost: 0.9116 Pre: 1.0000 Re: 1.0000 Acc: 1.0000 F1: 1.0000
Epoch 138: Time: 0.9284 Cost: 0.9115 Pre: 1.0000 Re: 1.0000 Acc: 1.0000 F1: 1.0000
Epoch 139: Time: 0.9408 Cost: 0.9115 Pre: 1.0000 Re: 1.0000 Acc: 1.0000 F1: 1.0000
Epoch 140: Time: 0.9267 Cost: 0.9114 Pre: 1.0000 Re: 1.0000 Acc: 1.0000 F1: 1.0000


--------------------------------------------------------------------
Eval results: Cost:0.8960 Pre:1.0000 Re:1.0000 Acc:1.0000 F1:1.0000
--------------------------------------------------------------------

Epoch 141: Time: 0.9462 Cost: 0.9113 Pre: 1.0000 Re: 1.0000 Acc: 1.0000 F1: 1.0000
Epoch 142: Time: 0.9404 Cost: 0.9113 Pre: 1.0000 Re: 1.0000 Acc: 1.0000 F1: 1.0000
Epoch 143: Time: 1.0388 Cost: 0.9112 Pre: 1.0000 Re: 1.0000 Acc: 1.0000 F1: 1.0000
Epoch 144: Time: 0.9261 Cost: 0.9111 Pre: 1.0000 Re: 1.0000 Acc: 1.0000 F1: 1.0000
Epoch 145: Time: 0.9342 Cost: 0.9110 Pre: 1.0000 Re: 1.0000 Acc: 1.0000 F1: 1.0000
Epoch 146: Time: 0.9329 Cost: 0.9110 Pre: 1.0000 Re: 1.0000 Acc: 1.0000 F1: 1.0000
Epoch 147: Time: 0.9409 Cost: 0.9109 Pre: 1.0000 Re: 1.0000 Acc: 1.0000 F1: 1.0000
Epoch 148: Time: 0.9472 Cost: 0.9109 Pre: 1.0000 Re: 1.0000 Acc: 1.0000 F1: 1.0000
Epoch 149: Time: 0.9330 Cost: 0.9108 Pre: 1.0000 Re: 1.0000 Acc: 1.0000 F1: 1.0000
Epoch 150: Time: 0.9405 Cost: 0.9107 Pre: 1.0000 Re: 1.0000 Acc: 1.0000 F1: 1.0000


--------------------------------------------------------------------
Eval results: Cost:0.8953 Pre:1.0000 Re:1.0000 Acc:1.0000 F1:1.0000
--------------------------------------------------------------------

Epoch 151: Time: 0.9456 Cost: 0.9107 Pre: 1.0000 Re: 1.0000 Acc: 1.0000 F1: 1.0000
Epoch 152: Time: 0.9382 Cost: 0.9106 Pre: 1.0000 Re: 1.0000 Acc: 1.0000 F1: 1.0000
Epoch 153: Time: 1.4994 Cost: 0.9106 Pre: 1.0000 Re: 1.0000 Acc: 1.0000 F1: 1.0000
Epoch 154: Time: 1.5930 Cost: 0.9105 Pre: 1.0000 Re: 1.0000 Acc: 1.0000 F1: 1.0000
Epoch 155: Time: 0.9497 Cost: 0.9104 Pre: 1.0000 Re: 1.0000 Acc: 1.0000 F1: 1.0000
Epoch 156: Time: 0.9417 Cost: 0.9104 Pre: 1.0000 Re: 1.0000 Acc: 1.0000 F1: 1.0000
Epoch 157: Time: 0.9581 Cost: 0.9103 Pre: 1.0000 Re: 1.0000 Acc: 1.0000 F1: 1.0000
Epoch 158: Time: 0.9417 Cost: 0.9103 Pre: 1.0000 Re: 1.0000 Acc: 1.0000 F1: 1.0000
Epoch 159: Time: 0.9433 Cost: 0.9102 Pre: 1.0000 Re: 1.0000 Acc: 1.0000 F1: 1.0000
Epoch 160: Time: 0.9443 Cost: 0.9102 Pre: 1.0000 Re: 1.0000 Acc: 1.0000 F1: 1.0000


--------------------------------------------------------------------
Eval results: Cost:0.8948 Pre:1.0000 Re:1.0000 Acc:1.0000 F1:1.0000
--------------------------------------------------------------------

Epoch 161: Time: 0.9400 Cost: 0.9101 Pre: 1.0000 Re: 1.0000 Acc: 1.0000 F1: 1.0000
Epoch 162: Time: 0.9359 Cost: 0.9101 Pre: 1.0000 Re: 1.0000 Acc: 1.0000 F1: 1.0000
Epoch 163: Time: 0.9227 Cost: 0.9101 Pre: 1.0000 Re: 1.0000 Acc: 1.0000 F1: 1.0000
Epoch 164: Time: 0.9234 Cost: 0.9100 Pre: 1.0000 Re: 1.0000 Acc: 1.0000 F1: 1.0000
Epoch 165: Time: 0.9187 Cost: 0.9100 Pre: 1.0000 Re: 1.0000 Acc: 1.0000 F1: 1.0000
Epoch 166: Time: 0.9227 Cost: 0.9099 Pre: 1.0000 Re: 1.0000 Acc: 1.0000 F1: 1.0000
Epoch 167: Time: 0.9545 Cost: 0.9099 Pre: 1.0000 Re: 1.0000 Acc: 1.0000 F1: 1.0000
Epoch 168: Time: 0.9205 Cost: 0.9098 Pre: 1.0000 Re: 1.0000 Acc: 1.0000 F1: 1.0000
Epoch 169: Time: 0.9446 Cost: 0.9098 Pre: 1.0000 Re: 1.0000 Acc: 1.0000 F1: 1.0000
Epoch 170: Time: 0.9758 Cost: 0.9097 Pre: 1.0000 Re: 1.0000 Acc: 1.0000 F1: 1.0000


--------------------------------------------------------------------
Eval results: Cost:0.8943 Pre:1.0000 Re:1.0000 Acc:1.0000 F1:1.0000
--------------------------------------------------------------------

Early stopping...
--------------------------------------------------------------------
--------------------------------------------------------------------
Test 10470 samples take time: 4.0636
Test results: Cost:0.8857 Pre:1.0000 Re:1.0000 Acc:1.0000 F1:1.0000
--------------------------------------------------------------------

