Load data
RNN type: LSTM Grammar: g4 Seed: 7
Model total parameters: 4092
Saving hinit ... 

Epoch 0: Time: 1.0793 Cost: 25.5280 Pre: 0.7293 Re: 0.2575 Acc: 0.5786 F1: 0.3806


--------------------------------------------------------------------
Eval results: Cost:21.9074 Pre:0.6314 Re:0.8929 Acc:0.6890 F1:0.7397
--------------------------------------------------------------------

Epoch 1: Time: 0.9318 Cost: 17.2489 Pre: 0.7672 Re: 0.7971 Acc: 0.7764 F1: 0.7818
Epoch 2: Time: 1.0661 Cost: 12.0815 Pre: 0.8137 Re: 0.8896 Acc: 0.8421 F1: 0.8500
Epoch 3: Time: 1.9600 Cost: 8.5268 Pre: 0.8845 Re: 0.9295 Acc: 0.9035 F1: 0.9064
Epoch 4: Time: 1.4870 Cost: 5.6306 Pre: 0.9233 Re: 0.9723 Acc: 0.9455 F1: 0.9472
Epoch 5: Time: 0.9937 Cost: 4.0352 Pre: 0.9353 Re: 0.9920 Acc: 0.9615 F1: 0.9628
Epoch 6: Time: 0.9291 Cost: 3.2852 Pre: 0.9387 Re: 0.9985 Acc: 0.9664 F1: 0.9677
Epoch 7: Time: 0.9270 Cost: 2.8359 Pre: 0.9485 Re: 0.9996 Acc: 0.9725 F1: 0.9734
Epoch 8: Time: 0.9296 Cost: 2.5333 Pre: 0.9720 Re: 0.9996 Acc: 0.9853 F1: 0.9856
Epoch 9: Time: 0.9291 Cost: 2.2962 Pre: 0.9914 Re: 0.9996 Acc: 0.9954 F1: 0.9955
Epoch 10: Time: 0.9854 Cost: 2.1047 Pre: 0.9992 Re: 0.9996 Acc: 0.9994 F1: 0.9994


--------------------------------------------------------------------
Eval results: Cost:1.9074 Pre:0.9933 Re:0.9993 Acc:0.9963 F1:0.9963
--------------------------------------------------------------------

Epoch 11: Time: 0.9991 Cost: 1.9562 Pre: 1.0000 Re: 0.9996 Acc: 0.9998 F1: 0.9998
Epoch 12: Time: 0.9613 Cost: 1.8348 Pre: 1.0000 Re: 0.9996 Acc: 0.9998 F1: 0.9998
Epoch 13: Time: 0.9514 Cost: 1.7264 Pre: 1.0000 Re: 0.9996 Acc: 0.9998 F1: 0.9998
Epoch 14: Time: 0.9657 Cost: 1.6334 Pre: 1.0000 Re: 0.9996 Acc: 0.9998 F1: 0.9998
Epoch 15: Time: 0.9442 Cost: 1.5524 Pre: 1.0000 Re: 0.9996 Acc: 0.9998 F1: 0.9998
Epoch 16: Time: 0.9418 Cost: 1.4821 Pre: 1.0000 Re: 0.9996 Acc: 0.9998 F1: 0.9998
Epoch 17: Time: 0.9451 Cost: 1.4203 Pre: 1.0000 Re: 0.9996 Acc: 0.9998 F1: 0.9998
Epoch 18: Time: 0.9371 Cost: 1.3660 Pre: 1.0000 Re: 1.0000 Acc: 1.0000 F1: 1.0000
Epoch 19: Time: 0.9490 Cost: 1.3180 Pre: 1.0000 Re: 1.0000 Acc: 1.0000 F1: 1.0000
Epoch 20: Time: 0.9470 Cost: 1.2755 Pre: 1.0000 Re: 1.0000 Acc: 1.0000 F1: 1.0000


--------------------------------------------------------------------
Eval results: Cost:1.1986 Pre:1.0000 Re:1.0000 Acc:1.0000 F1:1.0000
--------------------------------------------------------------------

Epoch 21: Time: 0.9607 Cost: 1.2378 Pre: 1.0000 Re: 1.0000 Acc: 1.0000 F1: 1.0000
Epoch 22: Time: 0.9432 Cost: 1.2045 Pre: 1.0000 Re: 1.0000 Acc: 1.0000 F1: 1.0000
Epoch 23: Time: 0.9511 Cost: 1.1749 Pre: 1.0000 Re: 1.0000 Acc: 1.0000 F1: 1.0000
Epoch 24: Time: 0.9625 Cost: 1.1485 Pre: 1.0000 Re: 1.0000 Acc: 1.0000 F1: 1.0000
Epoch 25: Time: 0.9756 Cost: 1.1251 Pre: 1.0000 Re: 1.0000 Acc: 1.0000 F1: 1.0000
Epoch 26: Time: 0.9475 Cost: 1.1042 Pre: 1.0000 Re: 1.0000 Acc: 1.0000 F1: 1.0000
Epoch 27: Time: 0.9577 Cost: 1.0856 Pre: 1.0000 Re: 1.0000 Acc: 1.0000 F1: 1.0000
Epoch 28: Time: 0.9541 Cost: 1.0690 Pre: 1.0000 Re: 1.0000 Acc: 1.0000 F1: 1.0000
Epoch 29: Time: 0.9461 Cost: 1.0541 Pre: 1.0000 Re: 1.0000 Acc: 1.0000 F1: 1.0000
Epoch 30: Time: 0.9575 Cost: 1.0409 Pre: 1.0000 Re: 1.0000 Acc: 1.0000 F1: 1.0000


--------------------------------------------------------------------
Eval results: Cost:1.0059 Pre:1.0000 Re:1.0000 Acc:1.0000 F1:1.0000
--------------------------------------------------------------------

Epoch 31: Time: 1.0162 Cost: 1.0291 Pre: 1.0000 Re: 1.0000 Acc: 1.0000 F1: 1.0000
Epoch 32: Time: 0.9505 Cost: 1.0186 Pre: 1.0000 Re: 1.0000 Acc: 1.0000 F1: 1.0000
Epoch 33: Time: 0.9585 Cost: 1.0093 Pre: 1.0000 Re: 1.0000 Acc: 1.0000 F1: 1.0000
Epoch 34: Time: 0.9403 Cost: 1.0009 Pre: 1.0000 Re: 1.0000 Acc: 1.0000 F1: 1.0000
Epoch 35: Time: 0.9457 Cost: 0.9934 Pre: 1.0000 Re: 1.0000 Acc: 1.0000 F1: 1.0000
Epoch 36: Time: 0.9411 Cost: 0.9866 Pre: 1.0000 Re: 1.0000 Acc: 1.0000 F1: 1.0000
Epoch 37: Time: 0.9466 Cost: 0.9805 Pre: 1.0000 Re: 1.0000 Acc: 1.0000 F1: 1.0000
Epoch 38: Time: 0.9466 Cost: 0.9750 Pre: 1.0000 Re: 1.0000 Acc: 1.0000 F1: 1.0000
Epoch 39: Time: 0.9473 Cost: 0.9700 Pre: 1.0000 Re: 1.0000 Acc: 1.0000 F1: 1.0000
Epoch 40: Time: 0.9502 Cost: 0.9654 Pre: 1.0000 Re: 1.0000 Acc: 1.0000 F1: 1.0000


--------------------------------------------------------------------
Eval results: Cost:0.9424 Pre:1.0000 Re:1.0000 Acc:1.0000 F1:1.0000
--------------------------------------------------------------------

Epoch 41: Time: 0.9512 Cost: 0.9612 Pre: 1.0000 Re: 1.0000 Acc: 1.0000 F1: 1.0000
Epoch 42: Time: 0.9449 Cost: 0.9576 Pre: 1.0000 Re: 1.0000 Acc: 1.0000 F1: 1.0000
Epoch 43: Time: 0.9408 Cost: 0.9541 Pre: 1.0000 Re: 1.0000 Acc: 1.0000 F1: 1.0000
Epoch 44: Time: 0.9378 Cost: 0.9510 Pre: 1.0000 Re: 1.0000 Acc: 1.0000 F1: 1.0000
Epoch 45: Time: 0.9413 Cost: 0.9481 Pre: 1.0000 Re: 1.0000 Acc: 1.0000 F1: 1.0000
Epoch 46: Time: 0.9376 Cost: 0.9455 Pre: 1.0000 Re: 1.0000 Acc: 1.0000 F1: 1.0000
Epoch 47: Time: 0.9441 Cost: 0.9431 Pre: 1.0000 Re: 1.0000 Acc: 1.0000 F1: 1.0000
Epoch 48: Time: 0.9411 Cost: 0.9410 Pre: 1.0000 Re: 1.0000 Acc: 1.0000 F1: 1.0000
Epoch 49: Time: 0.9439 Cost: 0.9390 Pre: 1.0000 Re: 1.0000 Acc: 1.0000 F1: 1.0000
Epoch 50: Time: 0.9399 Cost: 0.9372 Pre: 1.0000 Re: 1.0000 Acc: 1.0000 F1: 1.0000


--------------------------------------------------------------------
Eval results: Cost:0.9188 Pre:1.0000 Re:1.0000 Acc:1.0000 F1:1.0000
--------------------------------------------------------------------

Epoch 51: Time: 0.9546 Cost: 0.9355 Pre: 1.0000 Re: 1.0000 Acc: 1.0000 F1: 1.0000
Epoch 52: Time: 0.9423 Cost: 0.9341 Pre: 1.0000 Re: 1.0000 Acc: 1.0000 F1: 1.0000
Epoch 53: Time: 0.9472 Cost: 0.9327 Pre: 1.0000 Re: 1.0000 Acc: 1.0000 F1: 1.0000
Epoch 54: Time: 0.9368 Cost: 0.9314 Pre: 1.0000 Re: 1.0000 Acc: 1.0000 F1: 1.0000
Epoch 55: Time: 0.9419 Cost: 0.9302 Pre: 1.0000 Re: 1.0000 Acc: 1.0000 F1: 1.0000
Epoch 56: Time: 0.9486 Cost: 0.9292 Pre: 1.0000 Re: 1.0000 Acc: 1.0000 F1: 1.0000
Epoch 57: Time: 0.9350 Cost: 0.9282 Pre: 1.0000 Re: 1.0000 Acc: 1.0000 F1: 1.0000
Epoch 58: Time: 0.9378 Cost: 0.9273 Pre: 1.0000 Re: 1.0000 Acc: 1.0000 F1: 1.0000
Epoch 59: Time: 0.9412 Cost: 0.9265 Pre: 1.0000 Re: 1.0000 Acc: 1.0000 F1: 1.0000
Epoch 60: Time: 0.9358 Cost: 0.9257 Pre: 1.0000 Re: 1.0000 Acc: 1.0000 F1: 1.0000


--------------------------------------------------------------------
Eval results: Cost:0.9085 Pre:1.0000 Re:1.0000 Acc:1.0000 F1:1.0000
--------------------------------------------------------------------

Epoch 61: Time: 0.9568 Cost: 0.9249 Pre: 1.0000 Re: 1.0000 Acc: 1.0000 F1: 1.0000
Epoch 62: Time: 0.9472 Cost: 0.9242 Pre: 1.0000 Re: 1.0000 Acc: 1.0000 F1: 1.0000
Epoch 63: Time: 0.9596 Cost: 0.9235 Pre: 1.0000 Re: 1.0000 Acc: 1.0000 F1: 1.0000
Epoch 64: Time: 0.9472 Cost: 0.9228 Pre: 1.0000 Re: 1.0000 Acc: 1.0000 F1: 1.0000
Epoch 65: Time: 1.1018 Cost: 0.9222 Pre: 1.0000 Re: 1.0000 Acc: 1.0000 F1: 1.0000
Epoch 66: Time: 0.9744 Cost: 0.9216 Pre: 1.0000 Re: 1.0000 Acc: 1.0000 F1: 1.0000
Epoch 67: Time: 0.9574 Cost: 0.9211 Pre: 1.0000 Re: 1.0000 Acc: 1.0000 F1: 1.0000
Epoch 68: Time: 0.9373 Cost: 0.9206 Pre: 1.0000 Re: 1.0000 Acc: 1.0000 F1: 1.0000
Epoch 69: Time: 0.9399 Cost: 0.9201 Pre: 1.0000 Re: 1.0000 Acc: 1.0000 F1: 1.0000
Epoch 70: Time: 0.9424 Cost: 0.9196 Pre: 1.0000 Re: 1.0000 Acc: 1.0000 F1: 1.0000


--------------------------------------------------------------------
Eval results: Cost:0.9035 Pre:1.0000 Re:1.0000 Acc:1.0000 F1:1.0000
--------------------------------------------------------------------

Epoch 71: Time: 0.9385 Cost: 0.9192 Pre: 1.0000 Re: 1.0000 Acc: 1.0000 F1: 1.0000
Epoch 72: Time: 0.9385 Cost: 0.9188 Pre: 1.0000 Re: 1.0000 Acc: 1.0000 F1: 1.0000
Epoch 73: Time: 0.9438 Cost: 0.9184 Pre: 1.0000 Re: 1.0000 Acc: 1.0000 F1: 1.0000
Epoch 74: Time: 0.9401 Cost: 0.9180 Pre: 1.0000 Re: 1.0000 Acc: 1.0000 F1: 1.0000
Epoch 75: Time: 0.9591 Cost: 0.9177 Pre: 1.0000 Re: 1.0000 Acc: 1.0000 F1: 1.0000
Epoch 76: Time: 0.9969 Cost: 0.9174 Pre: 1.0000 Re: 1.0000 Acc: 1.0000 F1: 1.0000
Epoch 77: Time: 0.9702 Cost: 0.9170 Pre: 1.0000 Re: 1.0000 Acc: 1.0000 F1: 1.0000
Epoch 78: Time: 0.9799 Cost: 0.9167 Pre: 1.0000 Re: 1.0000 Acc: 1.0000 F1: 1.0000
Epoch 79: Time: 0.9786 Cost: 0.9165 Pre: 1.0000 Re: 1.0000 Acc: 1.0000 F1: 1.0000
Epoch 80: Time: 0.9648 Cost: 0.9162 Pre: 1.0000 Re: 1.0000 Acc: 1.0000 F1: 1.0000


--------------------------------------------------------------------
Eval results: Cost:0.9005 Pre:1.0000 Re:1.0000 Acc:1.0000 F1:1.0000
--------------------------------------------------------------------

Epoch 81: Time: 0.9424 Cost: 0.9159 Pre: 1.0000 Re: 1.0000 Acc: 1.0000 F1: 1.0000
Epoch 82: Time: 0.9398 Cost: 0.9157 Pre: 1.0000 Re: 1.0000 Acc: 1.0000 F1: 1.0000
Epoch 83: Time: 0.9438 Cost: 0.9155 Pre: 1.0000 Re: 1.0000 Acc: 1.0000 F1: 1.0000
Epoch 84: Time: 0.9913 Cost: 0.9152 Pre: 1.0000 Re: 1.0000 Acc: 1.0000 F1: 1.0000
Epoch 85: Time: 0.9767 Cost: 0.9150 Pre: 1.0000 Re: 1.0000 Acc: 1.0000 F1: 1.0000
Epoch 86: Time: 0.9612 Cost: 0.9148 Pre: 1.0000 Re: 1.0000 Acc: 1.0000 F1: 1.0000
Epoch 87: Time: 0.9583 Cost: 0.9146 Pre: 1.0000 Re: 1.0000 Acc: 1.0000 F1: 1.0000
Epoch 88: Time: 0.9900 Cost: 0.9144 Pre: 1.0000 Re: 1.0000 Acc: 1.0000 F1: 1.0000
Epoch 89: Time: 1.0215 Cost: 0.9142 Pre: 1.0000 Re: 1.0000 Acc: 1.0000 F1: 1.0000
Epoch 90: Time: 1.0929 Cost: 0.9141 Pre: 1.0000 Re: 1.0000 Acc: 1.0000 F1: 1.0000


--------------------------------------------------------------------
Eval results: Cost:0.8986 Pre:1.0000 Re:1.0000 Acc:1.0000 F1:1.0000
--------------------------------------------------------------------

Epoch 91: Time: 0.9908 Cost: 0.9139 Pre: 1.0000 Re: 1.0000 Acc: 1.0000 F1: 1.0000
Epoch 92: Time: 0.9455 Cost: 0.9137 Pre: 1.0000 Re: 1.0000 Acc: 1.0000 F1: 1.0000
Epoch 93: Time: 0.9696 Cost: 0.9136 Pre: 1.0000 Re: 1.0000 Acc: 1.0000 F1: 1.0000
Epoch 94: Time: 0.9744 Cost: 0.9134 Pre: 1.0000 Re: 1.0000 Acc: 1.0000 F1: 1.0000
Epoch 95: Time: 0.9742 Cost: 0.9133 Pre: 1.0000 Re: 1.0000 Acc: 1.0000 F1: 1.0000
Epoch 96: Time: 0.9501 Cost: 0.9132 Pre: 1.0000 Re: 1.0000 Acc: 1.0000 F1: 1.0000
Epoch 97: Time: 0.9448 Cost: 0.9130 Pre: 1.0000 Re: 1.0000 Acc: 1.0000 F1: 1.0000
Epoch 98: Time: 0.9502 Cost: 0.9129 Pre: 1.0000 Re: 1.0000 Acc: 1.0000 F1: 1.0000
Epoch 99: Time: 0.9606 Cost: 0.9128 Pre: 1.0000 Re: 1.0000 Acc: 1.0000 F1: 1.0000
Epoch 100: Time: 0.9616 Cost: 0.9127 Pre: 1.0000 Re: 1.0000 Acc: 1.0000 F1: 1.0000


--------------------------------------------------------------------
Eval results: Cost:0.8973 Pre:1.0000 Re:1.0000 Acc:1.0000 F1:1.0000
--------------------------------------------------------------------

Epoch 101: Time: 0.9449 Cost: 0.9125 Pre: 1.0000 Re: 1.0000 Acc: 1.0000 F1: 1.0000
Epoch 102: Time: 0.9371 Cost: 0.9124 Pre: 1.0000 Re: 1.0000 Acc: 1.0000 F1: 1.0000
Epoch 103: Time: 0.9674 Cost: 0.9123 Pre: 1.0000 Re: 1.0000 Acc: 1.0000 F1: 1.0000
Epoch 104: Time: 0.9433 Cost: 0.9122 Pre: 1.0000 Re: 1.0000 Acc: 1.0000 F1: 1.0000
Epoch 105: Time: 0.9576 Cost: 0.9121 Pre: 1.0000 Re: 1.0000 Acc: 1.0000 F1: 1.0000
Epoch 106: Time: 0.9400 Cost: 0.9120 Pre: 1.0000 Re: 1.0000 Acc: 1.0000 F1: 1.0000
Epoch 107: Time: 0.9390 Cost: 0.9119 Pre: 1.0000 Re: 1.0000 Acc: 1.0000 F1: 1.0000
Epoch 108: Time: 0.9429 Cost: 0.9118 Pre: 1.0000 Re: 1.0000 Acc: 1.0000 F1: 1.0000
Epoch 109: Time: 0.9343 Cost: 0.9117 Pre: 1.0000 Re: 1.0000 Acc: 1.0000 F1: 1.0000
Epoch 110: Time: 0.9457 Cost: 0.9116 Pre: 1.0000 Re: 1.0000 Acc: 1.0000 F1: 1.0000


--------------------------------------------------------------------
Eval results: Cost:0.8964 Pre:1.0000 Re:1.0000 Acc:1.0000 F1:1.0000
--------------------------------------------------------------------

Epoch 111: Time: 0.9370 Cost: 0.9116 Pre: 1.0000 Re: 1.0000 Acc: 1.0000 F1: 1.0000
Epoch 112: Time: 0.9342 Cost: 0.9115 Pre: 1.0000 Re: 1.0000 Acc: 1.0000 F1: 1.0000
Epoch 113: Time: 0.9289 Cost: 0.9114 Pre: 1.0000 Re: 1.0000 Acc: 1.0000 F1: 1.0000
Epoch 114: Time: 1.0563 Cost: 0.9113 Pre: 1.0000 Re: 1.0000 Acc: 1.0000 F1: 1.0000
Epoch 115: Time: 0.9428 Cost: 0.9112 Pre: 1.0000 Re: 1.0000 Acc: 1.0000 F1: 1.0000
Epoch 116: Time: 0.9283 Cost: 0.9112 Pre: 1.0000 Re: 1.0000 Acc: 1.0000 F1: 1.0000
Epoch 117: Time: 0.9407 Cost: 0.9111 Pre: 1.0000 Re: 1.0000 Acc: 1.0000 F1: 1.0000
Epoch 118: Time: 0.9440 Cost: 0.9110 Pre: 1.0000 Re: 1.0000 Acc: 1.0000 F1: 1.0000
Epoch 119: Time: 0.9535 Cost: 0.9110 Pre: 1.0000 Re: 1.0000 Acc: 1.0000 F1: 1.0000
Epoch 120: Time: 0.9721 Cost: 0.9109 Pre: 1.0000 Re: 1.0000 Acc: 1.0000 F1: 1.0000


--------------------------------------------------------------------
Eval results: Cost:0.8957 Pre:1.0000 Re:1.0000 Acc:1.0000 F1:1.0000
--------------------------------------------------------------------

Epoch 121: Time: 0.9598 Cost: 0.9108 Pre: 1.0000 Re: 1.0000 Acc: 1.0000 F1: 1.0000
Epoch 122: Time: 0.9538 Cost: 0.9108 Pre: 1.0000 Re: 1.0000 Acc: 1.0000 F1: 1.0000
Epoch 123: Time: 0.9476 Cost: 0.9107 Pre: 1.0000 Re: 1.0000 Acc: 1.0000 F1: 1.0000
Epoch 124: Time: 1.1131 Cost: 0.9106 Pre: 1.0000 Re: 1.0000 Acc: 1.0000 F1: 1.0000
Epoch 125: Time: 0.9766 Cost: 0.9106 Pre: 1.0000 Re: 1.0000 Acc: 1.0000 F1: 1.0000
Epoch 126: Time: 0.9335 Cost: 0.9105 Pre: 1.0000 Re: 1.0000 Acc: 1.0000 F1: 1.0000
Epoch 127: Time: 0.9359 Cost: 0.9105 Pre: 1.0000 Re: 1.0000 Acc: 1.0000 F1: 1.0000
Epoch 128: Time: 0.9339 Cost: 0.9104 Pre: 1.0000 Re: 1.0000 Acc: 1.0000 F1: 1.0000
Epoch 129: Time: 0.9689 Cost: 0.9104 Pre: 1.0000 Re: 1.0000 Acc: 1.0000 F1: 1.0000
Epoch 130: Time: 0.9557 Cost: 0.9103 Pre: 1.0000 Re: 1.0000 Acc: 1.0000 F1: 1.0000


--------------------------------------------------------------------
Eval results: Cost:0.8951 Pre:1.0000 Re:1.0000 Acc:1.0000 F1:1.0000
--------------------------------------------------------------------

Epoch 131: Time: 0.9605 Cost: 0.9103 Pre: 1.0000 Re: 1.0000 Acc: 1.0000 F1: 1.0000
Epoch 132: Time: 0.9608 Cost: 0.9102 Pre: 1.0000 Re: 1.0000 Acc: 1.0000 F1: 1.0000
Epoch 133: Time: 0.9537 Cost: 0.9102 Pre: 1.0000 Re: 1.0000 Acc: 1.0000 F1: 1.0000
Epoch 134: Time: 0.9433 Cost: 0.9101 Pre: 1.0000 Re: 1.0000 Acc: 1.0000 F1: 1.0000
Epoch 135: Time: 0.9371 Cost: 0.9101 Pre: 1.0000 Re: 1.0000 Acc: 1.0000 F1: 1.0000
Epoch 136: Time: 0.9385 Cost: 0.9100 Pre: 1.0000 Re: 1.0000 Acc: 1.0000 F1: 1.0000
Epoch 137: Time: 0.9452 Cost: 0.9100 Pre: 1.0000 Re: 1.0000 Acc: 1.0000 F1: 1.0000
Epoch 138: Time: 0.9656 Cost: 0.9099 Pre: 1.0000 Re: 1.0000 Acc: 1.0000 F1: 1.0000
Epoch 139: Time: 0.9724 Cost: 0.9099 Pre: 1.0000 Re: 1.0000 Acc: 1.0000 F1: 1.0000
Epoch 140: Time: 0.9627 Cost: 0.9098 Pre: 1.0000 Re: 1.0000 Acc: 1.0000 F1: 1.0000


--------------------------------------------------------------------
Eval results: Cost:0.8947 Pre:1.0000 Re:1.0000 Acc:1.0000 F1:1.0000
--------------------------------------------------------------------

Epoch 141: Time: 0.9392 Cost: 0.9098 Pre: 1.0000 Re: 1.0000 Acc: 1.0000 F1: 1.0000
Epoch 142: Time: 0.9711 Cost: 0.9098 Pre: 1.0000 Re: 1.0000 Acc: 1.0000 F1: 1.0000
Epoch 143: Time: 0.9591 Cost: 0.9097 Pre: 1.0000 Re: 1.0000 Acc: 1.0000 F1: 1.0000
Epoch 144: Time: 0.9790 Cost: 0.9097 Pre: 1.0000 Re: 1.0000 Acc: 1.0000 F1: 1.0000
Epoch 145: Time: 0.9559 Cost: 0.9096 Pre: 1.0000 Re: 1.0000 Acc: 1.0000 F1: 1.0000
Epoch 146: Time: 0.9444 Cost: 0.9096 Pre: 1.0000 Re: 1.0000 Acc: 1.0000 F1: 1.0000
Epoch 147: Time: 0.9394 Cost: 0.9096 Pre: 1.0000 Re: 1.0000 Acc: 1.0000 F1: 1.0000
Epoch 148: Time: 0.9285 Cost: 0.9095 Pre: 1.0000 Re: 1.0000 Acc: 1.0000 F1: 1.0000
Epoch 149: Time: 1.1428 Cost: 0.9095 Pre: 1.0000 Re: 1.0000 Acc: 1.0000 F1: 1.0000
Epoch 150: Time: 0.9856 Cost: 0.9095 Pre: 1.0000 Re: 1.0000 Acc: 1.0000 F1: 1.0000


--------------------------------------------------------------------
Eval results: Cost:0.8943 Pre:1.0000 Re:1.0000 Acc:1.0000 F1:1.0000
--------------------------------------------------------------------

Early stopping...
--------------------------------------------------------------------
--------------------------------------------------------------------
Test 10470 samples take time: 4.0916
Test results: Cost:0.8854 Pre:1.0000 Re:1.0000 Acc:1.0000 F1:1.0000
--------------------------------------------------------------------

