Load data
RNN type: O2 Grammar: g4 Seed: 10
Model total parameters: 4232
Saving hinit ... 

Epoch 0: Time: 1.5734 Cost: 19.5796 Pre: 0.6403 Re: 0.9499 Acc: 0.7066 F1: 0.7650


--------------------------------------------------------------------
Eval results: Cost:7.3620 Pre:0.8637 Re:0.9918 Acc:0.9185 F1:0.9233
--------------------------------------------------------------------

Epoch 1: Time: 1.4856 Cost: 1.7779 Pre: 0.9876 Re: 0.9985 Acc: 0.9929 F1: 0.9930
Epoch 2: Time: 1.4811 Cost: 0.2681 Pre: 1.0000 Re: 0.9996 Acc: 0.9998 F1: 0.9998
Epoch 3: Time: 1.5152 Cost: 0.0822 Pre: 1.0000 Re: 0.9996 Acc: 0.9998 F1: 0.9998
Epoch 4: Time: 1.4921 Cost: 0.0407 Pre: 1.0000 Re: 0.9996 Acc: 0.9998 F1: 0.9998
Epoch 5: Time: 1.4987 Cost: 0.0279 Pre: 1.0000 Re: 0.9996 Acc: 0.9998 F1: 0.9998
Epoch 6: Time: 1.4839 Cost: 0.0231 Pre: 1.0000 Re: 0.9996 Acc: 0.9998 F1: 0.9998
Epoch 7: Time: 1.7154 Cost: 0.0208 Pre: 1.0000 Re: 0.9996 Acc: 0.9998 F1: 0.9998
Epoch 8: Time: 1.5656 Cost: 0.0194 Pre: 1.0000 Re: 0.9996 Acc: 0.9998 F1: 0.9998
Epoch 9: Time: 1.5431 Cost: 0.0185 Pre: 1.0000 Re: 0.9996 Acc: 0.9998 F1: 0.9998
Epoch 10: Time: 1.6411 Cost: 0.0177 Pre: 1.0000 Re: 0.9996 Acc: 0.9998 F1: 0.9998


--------------------------------------------------------------------
Eval results: Cost:0.0307 Pre:1.0000 Re:0.9993 Acc:0.9996 F1:0.9996
--------------------------------------------------------------------

Epoch 11: Time: 1.5472 Cost: 0.0171 Pre: 1.0000 Re: 0.9996 Acc: 0.9998 F1: 0.9998
Epoch 12: Time: 1.6490 Cost: 0.0165 Pre: 1.0000 Re: 0.9996 Acc: 0.9998 F1: 0.9998
Epoch 13: Time: 1.4866 Cost: 0.0160 Pre: 1.0000 Re: 0.9996 Acc: 0.9998 F1: 0.9998
Epoch 14: Time: 1.4818 Cost: 0.0154 Pre: 1.0000 Re: 0.9996 Acc: 0.9998 F1: 0.9998
Epoch 15: Time: 1.4800 Cost: 0.0149 Pre: 1.0000 Re: 0.9996 Acc: 0.9998 F1: 0.9998
Epoch 16: Time: 1.4889 Cost: 0.0144 Pre: 1.0000 Re: 0.9996 Acc: 0.9998 F1: 0.9998
Epoch 17: Time: 1.4792 Cost: 0.0139 Pre: 1.0000 Re: 0.9996 Acc: 0.9998 F1: 0.9998
Epoch 18: Time: 1.4806 Cost: 0.0133 Pre: 1.0000 Re: 0.9996 Acc: 0.9998 F1: 0.9998
Epoch 19: Time: 1.4849 Cost: 0.0128 Pre: 1.0000 Re: 0.9996 Acc: 0.9998 F1: 0.9998
Epoch 20: Time: 1.4787 Cost: 0.0122 Pre: 1.0000 Re: 0.9996 Acc: 0.9998 F1: 0.9998


--------------------------------------------------------------------
Eval results: Cost:0.0215 Pre:1.0000 Re:0.9993 Acc:0.9996 F1:0.9996
--------------------------------------------------------------------

Epoch 21: Time: 1.5330 Cost: 0.0116 Pre: 1.0000 Re: 0.9996 Acc: 0.9998 F1: 0.9998
Epoch 22: Time: 1.6565 Cost: 0.0111 Pre: 1.0000 Re: 0.9996 Acc: 0.9998 F1: 0.9998
Epoch 23: Time: 1.4840 Cost: 0.0105 Pre: 1.0000 Re: 0.9996 Acc: 0.9998 F1: 0.9998
Epoch 24: Time: 1.4873 Cost: 0.0099 Pre: 1.0000 Re: 0.9996 Acc: 0.9998 F1: 0.9998
Epoch 25: Time: 1.4791 Cost: 0.0093 Pre: 1.0000 Re: 0.9996 Acc: 0.9998 F1: 0.9998
Epoch 26: Time: 1.4811 Cost: 0.0087 Pre: 1.0000 Re: 0.9996 Acc: 0.9998 F1: 0.9998
Epoch 27: Time: 1.4725 Cost: 0.0082 Pre: 1.0000 Re: 0.9996 Acc: 0.9998 F1: 0.9998
Epoch 28: Time: 1.5113 Cost: 0.0076 Pre: 1.0000 Re: 0.9996 Acc: 0.9998 F1: 0.9998
Epoch 29: Time: 1.5201 Cost: 0.0070 Pre: 1.0000 Re: 0.9996 Acc: 0.9998 F1: 0.9998
Epoch 30: Time: 1.4765 Cost: 0.0065 Pre: 1.0000 Re: 0.9996 Acc: 0.9998 F1: 0.9998


--------------------------------------------------------------------
Eval results: Cost:0.0108 Pre:1.0000 Re:0.9993 Acc:0.9996 F1:0.9996
--------------------------------------------------------------------

Epoch 31: Time: 1.4820 Cost: 0.0060 Pre: 1.0000 Re: 0.9996 Acc: 0.9998 F1: 0.9998
Epoch 32: Time: 1.4868 Cost: 0.0055 Pre: 1.0000 Re: 1.0000 Acc: 1.0000 F1: 1.0000
Epoch 33: Time: 1.4815 Cost: 0.0051 Pre: 1.0000 Re: 1.0000 Acc: 1.0000 F1: 1.0000
Epoch 34: Time: 1.4804 Cost: 0.0046 Pre: 1.0000 Re: 1.0000 Acc: 1.0000 F1: 1.0000
Epoch 35: Time: 1.4803 Cost: 0.0042 Pre: 1.0000 Re: 1.0000 Acc: 1.0000 F1: 1.0000
Epoch 36: Time: 1.4787 Cost: 0.0038 Pre: 1.0000 Re: 1.0000 Acc: 1.0000 F1: 1.0000
Epoch 37: Time: 1.4834 Cost: 0.0035 Pre: 1.0000 Re: 1.0000 Acc: 1.0000 F1: 1.0000
Epoch 38: Time: 1.5026 Cost: 0.0032 Pre: 1.0000 Re: 1.0000 Acc: 1.0000 F1: 1.0000
Epoch 39: Time: 1.4859 Cost: 0.0029 Pre: 1.0000 Re: 1.0000 Acc: 1.0000 F1: 1.0000
Epoch 40: Time: 1.4809 Cost: 0.0026 Pre: 1.0000 Re: 1.0000 Acc: 1.0000 F1: 1.0000


--------------------------------------------------------------------
Eval results: Cost:0.0039 Pre:1.0000 Re:1.0000 Acc:1.0000 F1:1.0000
--------------------------------------------------------------------

Epoch 41: Time: 1.4865 Cost: 0.0024 Pre: 1.0000 Re: 1.0000 Acc: 1.0000 F1: 1.0000
Epoch 42: Time: 1.4780 Cost: 0.0022 Pre: 1.0000 Re: 1.0000 Acc: 1.0000 F1: 1.0000
Epoch 43: Time: 1.4831 Cost: 0.0020 Pre: 1.0000 Re: 1.0000 Acc: 1.0000 F1: 1.0000
Epoch 44: Time: 1.5761 Cost: 0.0018 Pre: 1.0000 Re: 1.0000 Acc: 1.0000 F1: 1.0000
Epoch 45: Time: 1.5001 Cost: 0.0017 Pre: 1.0000 Re: 1.0000 Acc: 1.0000 F1: 1.0000
Epoch 46: Time: 1.4777 Cost: 0.0015 Pre: 1.0000 Re: 1.0000 Acc: 1.0000 F1: 1.0000
Epoch 47: Time: 1.4763 Cost: 0.0014 Pre: 1.0000 Re: 1.0000 Acc: 1.0000 F1: 1.0000
Epoch 48: Time: 1.4932 Cost: 0.0013 Pre: 1.0000 Re: 1.0000 Acc: 1.0000 F1: 1.0000
Epoch 49: Time: 1.5378 Cost: 0.0012 Pre: 1.0000 Re: 1.0000 Acc: 1.0000 F1: 1.0000
Epoch 50: Time: 1.4818 Cost: 0.0011 Pre: 1.0000 Re: 1.0000 Acc: 1.0000 F1: 1.0000


--------------------------------------------------------------------
Eval results: Cost:0.0015 Pre:1.0000 Re:1.0000 Acc:1.0000 F1:1.0000
--------------------------------------------------------------------

Epoch 51: Time: 1.4876 Cost: 0.0011 Pre: 1.0000 Re: 1.0000 Acc: 1.0000 F1: 1.0000
Epoch 52: Time: 1.4883 Cost: 0.0010 Pre: 1.0000 Re: 1.0000 Acc: 1.0000 F1: 1.0000
Epoch 53: Time: 1.4799 Cost: 0.0009 Pre: 1.0000 Re: 1.0000 Acc: 1.0000 F1: 1.0000
Epoch 54: Time: 1.4785 Cost: 0.0009 Pre: 1.0000 Re: 1.0000 Acc: 1.0000 F1: 1.0000
Epoch 55: Time: 1.4923 Cost: 0.0008 Pre: 1.0000 Re: 1.0000 Acc: 1.0000 F1: 1.0000
Epoch 56: Time: 1.5654 Cost: 0.0008 Pre: 1.0000 Re: 1.0000 Acc: 1.0000 F1: 1.0000
Epoch 57: Time: 1.4900 Cost: 0.0008 Pre: 1.0000 Re: 1.0000 Acc: 1.0000 F1: 1.0000
Epoch 58: Time: 1.4851 Cost: 0.0007 Pre: 1.0000 Re: 1.0000 Acc: 1.0000 F1: 1.0000
Epoch 59: Time: 1.5048 Cost: 0.0007 Pre: 1.0000 Re: 1.0000 Acc: 1.0000 F1: 1.0000
Epoch 60: Time: 1.4871 Cost: 0.0007 Pre: 1.0000 Re: 1.0000 Acc: 1.0000 F1: 1.0000


--------------------------------------------------------------------
Eval results: Cost:0.0009 Pre:1.0000 Re:1.0000 Acc:1.0000 F1:1.0000
--------------------------------------------------------------------

Epoch 61: Time: 1.4771 Cost: 0.0006 Pre: 1.0000 Re: 1.0000 Acc: 1.0000 F1: 1.0000
Epoch 62: Time: 1.5285 Cost: 0.0006 Pre: 1.0000 Re: 1.0000 Acc: 1.0000 F1: 1.0000
Epoch 63: Time: 1.5718 Cost: 0.0006 Pre: 1.0000 Re: 1.0000 Acc: 1.0000 F1: 1.0000
Epoch 64: Time: 1.4787 Cost: 0.0006 Pre: 1.0000 Re: 1.0000 Acc: 1.0000 F1: 1.0000
Epoch 65: Time: 1.4862 Cost: 0.0005 Pre: 1.0000 Re: 1.0000 Acc: 1.0000 F1: 1.0000
Epoch 66: Time: 1.4800 Cost: 0.0005 Pre: 1.0000 Re: 1.0000 Acc: 1.0000 F1: 1.0000
Epoch 67: Time: 1.4753 Cost: 0.0005 Pre: 1.0000 Re: 1.0000 Acc: 1.0000 F1: 1.0000
Epoch 68: Time: 1.4818 Cost: 0.0005 Pre: 1.0000 Re: 1.0000 Acc: 1.0000 F1: 1.0000
Epoch 69: Time: 2.2396 Cost: 0.0005 Pre: 1.0000 Re: 1.0000 Acc: 1.0000 F1: 1.0000
Epoch 70: Time: 2.3183 Cost: 0.0005 Pre: 1.0000 Re: 1.0000 Acc: 1.0000 F1: 1.0000


--------------------------------------------------------------------
Eval results: Cost:0.0006 Pre:1.0000 Re:1.0000 Acc:1.0000 F1:1.0000
--------------------------------------------------------------------

Epoch 71: Time: 1.6937 Cost: 0.0004 Pre: 1.0000 Re: 1.0000 Acc: 1.0000 F1: 1.0000
Epoch 72: Time: 1.4767 Cost: 0.0004 Pre: 1.0000 Re: 1.0000 Acc: 1.0000 F1: 1.0000
Epoch 73: Time: 1.4801 Cost: 0.0004 Pre: 1.0000 Re: 1.0000 Acc: 1.0000 F1: 1.0000
Epoch 74: Time: 1.4880 Cost: 0.0004 Pre: 1.0000 Re: 1.0000 Acc: 1.0000 F1: 1.0000
Epoch 75: Time: 1.4810 Cost: 0.0004 Pre: 1.0000 Re: 1.0000 Acc: 1.0000 F1: 1.0000
Epoch 76: Time: 1.4830 Cost: 0.0004 Pre: 1.0000 Re: 1.0000 Acc: 1.0000 F1: 1.0000
Epoch 77: Time: 1.6217 Cost: 0.0004 Pre: 1.0000 Re: 1.0000 Acc: 1.0000 F1: 1.0000
Epoch 78: Time: 1.4776 Cost: 0.0004 Pre: 1.0000 Re: 1.0000 Acc: 1.0000 F1: 1.0000
Epoch 79: Time: 1.4754 Cost: 0.0004 Pre: 1.0000 Re: 1.0000 Acc: 1.0000 F1: 1.0000
Epoch 80: Time: 1.4817 Cost: 0.0004 Pre: 1.0000 Re: 1.0000 Acc: 1.0000 F1: 1.0000


--------------------------------------------------------------------
Eval results: Cost:0.0004 Pre:1.0000 Re:1.0000 Acc:1.0000 F1:1.0000
--------------------------------------------------------------------

Early stopping...
--------------------------------------------------------------------
--------------------------------------------------------------------
Test 10470 samples take time: 5.8942
Test results: Cost:0.0002 Pre:1.0000 Re:1.0000 Acc:1.0000 F1:1.0000
--------------------------------------------------------------------

