Load data
RNN type: O2 Grammar: g4 Seed: 7
Model total parameters: 4232
Saving hinit ... 

Epoch 0: Time: 1.4449 Cost: 24.1512 Pre: 0.5511 Re: 0.7543 Acc: 0.5676 F1: 0.6369


--------------------------------------------------------------------
Eval results: Cost:23.9674 Pre:0.5397 Re:0.8494 Acc:0.5671 F1:0.6601
--------------------------------------------------------------------

Epoch 1: Time: 1.3653 Cost: 23.0209 Pre: 0.5815 Re: 0.8134 Acc: 0.6118 F1: 0.6782
Epoch 2: Time: 1.3512 Cost: 21.8180 Pre: 0.6010 Re: 0.7562 Acc: 0.6250 F1: 0.6697
Epoch 3: Time: 1.3430 Cost: 19.1532 Pre: 0.6643 Re: 0.8718 Acc: 0.7140 F1: 0.7540
Epoch 4: Time: 1.3788 Cost: 12.4655 Pre: 0.8395 Re: 0.9086 Acc: 0.8667 F1: 0.8727
Epoch 5: Time: 1.4497 Cost: 8.6737 Pre: 0.9195 Re: 0.8969 Acc: 0.9087 F1: 0.9080
Epoch 6: Time: 1.3449 Cost: 7.0406 Pre: 0.9407 Re: 0.9086 Acc: 0.9253 F1: 0.9244
Epoch 7: Time: 1.3427 Cost: 5.8460 Pre: 0.9522 Re: 0.9211 Acc: 0.9371 F1: 0.9364
Epoch 8: Time: 1.3470 Cost: 4.7002 Pre: 0.9620 Re: 0.9416 Acc: 0.9520 F1: 0.9517
Epoch 9: Time: 1.3467 Cost: 3.3424 Pre: 0.9796 Re: 0.9636 Acc: 0.9716 F1: 0.9715
Epoch 10: Time: 1.3479 Cost: 1.9938 Pre: 0.9908 Re: 0.9803 Acc: 0.9855 F1: 0.9855


--------------------------------------------------------------------
Eval results: Cost:1.8148 Pre:0.9800 Re:0.9925 Acc:0.9863 F1:0.9862
--------------------------------------------------------------------

Epoch 11: Time: 1.3425 Cost: 1.0588 Pre: 0.9985 Re: 0.9939 Acc: 0.9962 F1: 0.9962
Epoch 12: Time: 1.3435 Cost: 0.5989 Pre: 1.0000 Re: 0.9966 Acc: 0.9983 F1: 0.9983
Epoch 13: Time: 1.3492 Cost: 0.3291 Pre: 1.0000 Re: 0.9981 Acc: 0.9990 F1: 0.9991
Epoch 14: Time: 1.3471 Cost: 0.1938 Pre: 1.0000 Re: 0.9989 Acc: 0.9994 F1: 0.9994
Epoch 15: Time: 1.3455 Cost: 0.1239 Pre: 1.0000 Re: 0.9992 Acc: 0.9996 F1: 0.9996
Epoch 16: Time: 1.3449 Cost: 0.0847 Pre: 1.0000 Re: 0.9996 Acc: 0.9998 F1: 0.9998
Epoch 17: Time: 1.3446 Cost: 0.0620 Pre: 1.0000 Re: 0.9996 Acc: 0.9998 F1: 0.9998
Epoch 18: Time: 1.3430 Cost: 0.0476 Pre: 1.0000 Re: 0.9996 Acc: 0.9998 F1: 0.9998
Epoch 19: Time: 1.3465 Cost: 0.0379 Pre: 1.0000 Re: 0.9996 Acc: 0.9998 F1: 0.9998
Epoch 20: Time: 1.3459 Cost: 0.0310 Pre: 1.0000 Re: 1.0000 Acc: 1.0000 F1: 1.0000


--------------------------------------------------------------------
Eval results: Cost:0.0218 Pre:1.0000 Re:1.0000 Acc:1.0000 F1:1.0000
--------------------------------------------------------------------

Epoch 21: Time: 1.3556 Cost: 0.0257 Pre: 1.0000 Re: 1.0000 Acc: 1.0000 F1: 1.0000
Epoch 22: Time: 1.3439 Cost: 0.0218 Pre: 1.0000 Re: 1.0000 Acc: 1.0000 F1: 1.0000
Epoch 23: Time: 1.3438 Cost: 0.0189 Pre: 1.0000 Re: 1.0000 Acc: 1.0000 F1: 1.0000
Epoch 24: Time: 1.3489 Cost: 0.0166 Pre: 1.0000 Re: 1.0000 Acc: 1.0000 F1: 1.0000
Epoch 25: Time: 1.3467 Cost: 0.0148 Pre: 1.0000 Re: 1.0000 Acc: 1.0000 F1: 1.0000
Epoch 26: Time: 1.4482 Cost: 0.0132 Pre: 1.0000 Re: 1.0000 Acc: 1.0000 F1: 1.0000
Epoch 27: Time: 1.3460 Cost: 0.0120 Pre: 1.0000 Re: 1.0000 Acc: 1.0000 F1: 1.0000
Epoch 28: Time: 1.3428 Cost: 0.0109 Pre: 1.0000 Re: 1.0000 Acc: 1.0000 F1: 1.0000
Epoch 29: Time: 1.3442 Cost: 0.0100 Pre: 1.0000 Re: 1.0000 Acc: 1.0000 F1: 1.0000
Epoch 30: Time: 1.3455 Cost: 0.0092 Pre: 1.0000 Re: 1.0000 Acc: 1.0000 F1: 1.0000


--------------------------------------------------------------------
Eval results: Cost:0.0074 Pre:1.0000 Re:1.0000 Acc:1.0000 F1:1.0000
--------------------------------------------------------------------

Epoch 31: Time: 1.3417 Cost: 0.0085 Pre: 1.0000 Re: 1.0000 Acc: 1.0000 F1: 1.0000
Epoch 32: Time: 1.3467 Cost: 0.0079 Pre: 1.0000 Re: 1.0000 Acc: 1.0000 F1: 1.0000
Epoch 33: Time: 1.3462 Cost: 0.0073 Pre: 1.0000 Re: 1.0000 Acc: 1.0000 F1: 1.0000
Epoch 34: Time: 1.3443 Cost: 0.0068 Pre: 1.0000 Re: 1.0000 Acc: 1.0000 F1: 1.0000
Epoch 35: Time: 1.3455 Cost: 0.0064 Pre: 1.0000 Re: 1.0000 Acc: 1.0000 F1: 1.0000
Epoch 36: Time: 1.3436 Cost: 0.0060 Pre: 1.0000 Re: 1.0000 Acc: 1.0000 F1: 1.0000
Epoch 37: Time: 1.3465 Cost: 0.0056 Pre: 1.0000 Re: 1.0000 Acc: 1.0000 F1: 1.0000
Epoch 38: Time: 1.3415 Cost: 0.0053 Pre: 1.0000 Re: 1.0000 Acc: 1.0000 F1: 1.0000
Epoch 39: Time: 1.3501 Cost: 0.0050 Pre: 1.0000 Re: 1.0000 Acc: 1.0000 F1: 1.0000
Epoch 40: Time: 1.3445 Cost: 0.0047 Pre: 1.0000 Re: 1.0000 Acc: 1.0000 F1: 1.0000


--------------------------------------------------------------------
Eval results: Cost:0.0040 Pre:1.0000 Re:1.0000 Acc:1.0000 F1:1.0000
--------------------------------------------------------------------

Epoch 41: Time: 1.3484 Cost: 0.0045 Pre: 1.0000 Re: 1.0000 Acc: 1.0000 F1: 1.0000
Epoch 42: Time: 1.3941 Cost: 0.0042 Pre: 1.0000 Re: 1.0000 Acc: 1.0000 F1: 1.0000
Epoch 43: Time: 1.3453 Cost: 0.0040 Pre: 1.0000 Re: 1.0000 Acc: 1.0000 F1: 1.0000
Epoch 44: Time: 1.3492 Cost: 0.0038 Pre: 1.0000 Re: 1.0000 Acc: 1.0000 F1: 1.0000
Epoch 45: Time: 1.3465 Cost: 0.0036 Pre: 1.0000 Re: 1.0000 Acc: 1.0000 F1: 1.0000
Epoch 46: Time: 1.3479 Cost: 0.0035 Pre: 1.0000 Re: 1.0000 Acc: 1.0000 F1: 1.0000
Epoch 47: Time: 1.3492 Cost: 0.0033 Pre: 1.0000 Re: 1.0000 Acc: 1.0000 F1: 1.0000
Epoch 48: Time: 1.3542 Cost: 0.0032 Pre: 1.0000 Re: 1.0000 Acc: 1.0000 F1: 1.0000
Epoch 49: Time: 1.3443 Cost: 0.0031 Pre: 1.0000 Re: 1.0000 Acc: 1.0000 F1: 1.0000
Epoch 50: Time: 1.4689 Cost: 0.0029 Pre: 1.0000 Re: 1.0000 Acc: 1.0000 F1: 1.0000


--------------------------------------------------------------------
Eval results: Cost:0.0026 Pre:1.0000 Re:1.0000 Acc:1.0000 F1:1.0000
--------------------------------------------------------------------

Epoch 51: Time: 1.3446 Cost: 0.0028 Pre: 1.0000 Re: 1.0000 Acc: 1.0000 F1: 1.0000
Epoch 52: Time: 1.3447 Cost: 0.0027 Pre: 1.0000 Re: 1.0000 Acc: 1.0000 F1: 1.0000
Epoch 53: Time: 1.3420 Cost: 0.0026 Pre: 1.0000 Re: 1.0000 Acc: 1.0000 F1: 1.0000
Epoch 54: Time: 1.3463 Cost: 0.0025 Pre: 1.0000 Re: 1.0000 Acc: 1.0000 F1: 1.0000
Epoch 55: Time: 1.3451 Cost: 0.0024 Pre: 1.0000 Re: 1.0000 Acc: 1.0000 F1: 1.0000
Epoch 56: Time: 1.3499 Cost: 0.0023 Pre: 1.0000 Re: 1.0000 Acc: 1.0000 F1: 1.0000
Epoch 57: Time: 1.3442 Cost: 0.0023 Pre: 1.0000 Re: 1.0000 Acc: 1.0000 F1: 1.0000
Epoch 58: Time: 1.3446 Cost: 0.0022 Pre: 1.0000 Re: 1.0000 Acc: 1.0000 F1: 1.0000
Epoch 59: Time: 1.3446 Cost: 0.0021 Pre: 1.0000 Re: 1.0000 Acc: 1.0000 F1: 1.0000
Epoch 60: Time: 1.3454 Cost: 0.0021 Pre: 1.0000 Re: 1.0000 Acc: 1.0000 F1: 1.0000


--------------------------------------------------------------------
Eval results: Cost:0.0018 Pre:1.0000 Re:1.0000 Acc:1.0000 F1:1.0000
--------------------------------------------------------------------

Epoch 61: Time: 1.3480 Cost: 0.0020 Pre: 1.0000 Re: 1.0000 Acc: 1.0000 F1: 1.0000
Epoch 62: Time: 1.3441 Cost: 0.0019 Pre: 1.0000 Re: 1.0000 Acc: 1.0000 F1: 1.0000
Epoch 63: Time: 1.3580 Cost: 0.0019 Pre: 1.0000 Re: 1.0000 Acc: 1.0000 F1: 1.0000
Epoch 64: Time: 1.3460 Cost: 0.0018 Pre: 1.0000 Re: 1.0000 Acc: 1.0000 F1: 1.0000
Epoch 65: Time: 1.3506 Cost: 0.0018 Pre: 1.0000 Re: 1.0000 Acc: 1.0000 F1: 1.0000
Epoch 66: Time: 1.3449 Cost: 0.0017 Pre: 1.0000 Re: 1.0000 Acc: 1.0000 F1: 1.0000
Epoch 67: Time: 1.4588 Cost: 0.0017 Pre: 1.0000 Re: 1.0000 Acc: 1.0000 F1: 1.0000
Epoch 68: Time: 1.3878 Cost: 0.0016 Pre: 1.0000 Re: 1.0000 Acc: 1.0000 F1: 1.0000
Epoch 69: Time: 1.3433 Cost: 0.0016 Pre: 1.0000 Re: 1.0000 Acc: 1.0000 F1: 1.0000
Epoch 70: Time: 1.3414 Cost: 0.0016 Pre: 1.0000 Re: 1.0000 Acc: 1.0000 F1: 1.0000


--------------------------------------------------------------------
Eval results: Cost:0.0014 Pre:1.0000 Re:1.0000 Acc:1.0000 F1:1.0000
--------------------------------------------------------------------

Epoch 71: Time: 1.3444 Cost: 0.0015 Pre: 1.0000 Re: 1.0000 Acc: 1.0000 F1: 1.0000
Epoch 72: Time: 1.3426 Cost: 0.0015 Pre: 1.0000 Re: 1.0000 Acc: 1.0000 F1: 1.0000
Epoch 73: Time: 1.3460 Cost: 0.0015 Pre: 1.0000 Re: 1.0000 Acc: 1.0000 F1: 1.0000
Epoch 74: Time: 1.3441 Cost: 0.0014 Pre: 1.0000 Re: 1.0000 Acc: 1.0000 F1: 1.0000
Epoch 75: Time: 1.3444 Cost: 0.0014 Pre: 1.0000 Re: 1.0000 Acc: 1.0000 F1: 1.0000
Epoch 76: Time: 1.4023 Cost: 0.0014 Pre: 1.0000 Re: 1.0000 Acc: 1.0000 F1: 1.0000
Epoch 77: Time: 1.3651 Cost: 0.0013 Pre: 1.0000 Re: 1.0000 Acc: 1.0000 F1: 1.0000
Epoch 78: Time: 1.3486 Cost: 0.0013 Pre: 1.0000 Re: 1.0000 Acc: 1.0000 F1: 1.0000
Epoch 79: Time: 1.3442 Cost: 0.0013 Pre: 1.0000 Re: 1.0000 Acc: 1.0000 F1: 1.0000
Epoch 80: Time: 1.3478 Cost: 0.0013 Pre: 1.0000 Re: 1.0000 Acc: 1.0000 F1: 1.0000


--------------------------------------------------------------------
Eval results: Cost:0.0011 Pre:1.0000 Re:1.0000 Acc:1.0000 F1:1.0000
--------------------------------------------------------------------

Early stopping...
--------------------------------------------------------------------
--------------------------------------------------------------------
Test 10470 samples take time: 5.4475
Test results: Cost:0.0009 Pre:1.0000 Re:1.0000 Acc:1.0000 F1:1.0000
--------------------------------------------------------------------

