Load data
RNN type: O2 Grammar: g4 Seed: 2
Model total parameters: 4232
Saving hinit ... 

Epoch 0: Time: 1.4090 Cost: 24.3921 Pre: 0.5514 Re: 0.5692 Acc: 0.5506 F1: 0.5602


--------------------------------------------------------------------
Eval results: Cost:23.9873 Pre:0.5397 Re:0.8494 Acc:0.5671 F1:0.6601
--------------------------------------------------------------------

Epoch 1: Time: 1.4382 Cost: 23.0116 Pre: 0.5886 Re: 0.8089 Acc: 0.6196 F1: 0.6814
Epoch 2: Time: 1.5016 Cost: 21.8080 Pre: 0.6010 Re: 0.7562 Acc: 0.6250 F1: 0.6697
Epoch 3: Time: 1.3643 Cost: 19.2192 Pre: 0.6578 Re: 0.8718 Acc: 0.7075 F1: 0.7498
Epoch 4: Time: 1.4407 Cost: 12.5503 Pre: 0.8423 Re: 0.9094 Acc: 0.8688 F1: 0.8745
Epoch 5: Time: 1.4820 Cost: 8.8725 Pre: 0.9167 Re: 0.8969 Acc: 0.9071 F1: 0.9067
Epoch 6: Time: 1.4011 Cost: 7.2404 Pre: 0.9391 Re: 0.9071 Acc: 0.9237 F1: 0.9228
Epoch 7: Time: 1.5142 Cost: 6.0091 Pre: 0.9502 Re: 0.9192 Acc: 0.9352 F1: 0.9345
Epoch 8: Time: 1.3699 Cost: 4.7829 Pre: 0.9620 Re: 0.9397 Acc: 0.9510 F1: 0.9507
Epoch 9: Time: 1.3643 Cost: 3.3356 Pre: 0.9803 Re: 0.9647 Acc: 0.9725 F1: 0.9725
Epoch 10: Time: 1.3469 Cost: 1.9330 Pre: 0.9916 Re: 0.9818 Acc: 0.9867 F1: 0.9867


--------------------------------------------------------------------
Eval results: Cost:1.6595 Pre:0.9837 Re:0.9925 Acc:0.9881 F1:0.9881
--------------------------------------------------------------------

Epoch 11: Time: 1.3497 Cost: 0.9965 Pre: 0.9992 Re: 0.9951 Acc: 0.9971 F1: 0.9971
Epoch 12: Time: 1.3458 Cost: 0.5540 Pre: 1.0000 Re: 0.9973 Acc: 0.9987 F1: 0.9987
Epoch 13: Time: 1.3342 Cost: 0.3087 Pre: 1.0000 Re: 0.9985 Acc: 0.9992 F1: 0.9992
Epoch 14: Time: 1.3379 Cost: 0.1841 Pre: 1.0000 Re: 0.9989 Acc: 0.9994 F1: 0.9994
Epoch 15: Time: 1.3477 Cost: 0.1184 Pre: 1.0000 Re: 0.9996 Acc: 0.9998 F1: 0.9998
Epoch 16: Time: 1.3329 Cost: 0.0820 Pre: 1.0000 Re: 0.9996 Acc: 0.9998 F1: 0.9998
Epoch 17: Time: 1.3424 Cost: 0.0606 Pre: 1.0000 Re: 0.9996 Acc: 0.9998 F1: 0.9998
Epoch 18: Time: 1.3329 Cost: 0.0469 Pre: 1.0000 Re: 0.9996 Acc: 0.9998 F1: 0.9998
Epoch 19: Time: 1.3367 Cost: 0.0377 Pre: 1.0000 Re: 0.9996 Acc: 0.9998 F1: 0.9998
Epoch 20: Time: 1.3355 Cost: 0.0310 Pre: 1.0000 Re: 0.9996 Acc: 0.9998 F1: 0.9998


--------------------------------------------------------------------
Eval results: Cost:0.0218 Pre:1.0000 Re:1.0000 Acc:1.0000 F1:1.0000
--------------------------------------------------------------------

Epoch 21: Time: 1.3348 Cost: 0.0261 Pre: 1.0000 Re: 0.9996 Acc: 0.9998 F1: 0.9998
Epoch 22: Time: 1.4296 Cost: 0.0225 Pre: 1.0000 Re: 1.0000 Acc: 1.0000 F1: 1.0000
Epoch 23: Time: 1.3638 Cost: 0.0198 Pre: 1.0000 Re: 1.0000 Acc: 1.0000 F1: 1.0000
Epoch 24: Time: 1.3337 Cost: 0.0176 Pre: 1.0000 Re: 1.0000 Acc: 1.0000 F1: 1.0000
Epoch 25: Time: 1.3339 Cost: 0.0158 Pre: 1.0000 Re: 1.0000 Acc: 1.0000 F1: 1.0000
Epoch 26: Time: 1.3360 Cost: 0.0143 Pre: 1.0000 Re: 1.0000 Acc: 1.0000 F1: 1.0000
Epoch 27: Time: 1.3336 Cost: 0.0131 Pre: 1.0000 Re: 1.0000 Acc: 1.0000 F1: 1.0000
Epoch 28: Time: 1.3325 Cost: 0.0120 Pre: 1.0000 Re: 1.0000 Acc: 1.0000 F1: 1.0000
Epoch 29: Time: 1.3379 Cost: 0.0110 Pre: 1.0000 Re: 1.0000 Acc: 1.0000 F1: 1.0000
Epoch 30: Time: 1.3430 Cost: 0.0102 Pre: 1.0000 Re: 1.0000 Acc: 1.0000 F1: 1.0000


--------------------------------------------------------------------
Eval results: Cost:0.0082 Pre:1.0000 Re:1.0000 Acc:1.0000 F1:1.0000
--------------------------------------------------------------------

Epoch 31: Time: 1.3332 Cost: 0.0095 Pre: 1.0000 Re: 1.0000 Acc: 1.0000 F1: 1.0000
Epoch 32: Time: 1.3897 Cost: 0.0088 Pre: 1.0000 Re: 1.0000 Acc: 1.0000 F1: 1.0000
Epoch 33: Time: 1.3762 Cost: 0.0082 Pre: 1.0000 Re: 1.0000 Acc: 1.0000 F1: 1.0000
Epoch 34: Time: 1.3458 Cost: 0.0077 Pre: 1.0000 Re: 1.0000 Acc: 1.0000 F1: 1.0000
Epoch 35: Time: 1.3403 Cost: 0.0072 Pre: 1.0000 Re: 1.0000 Acc: 1.0000 F1: 1.0000
Epoch 36: Time: 1.3452 Cost: 0.0068 Pre: 1.0000 Re: 1.0000 Acc: 1.0000 F1: 1.0000
Epoch 37: Time: 1.3450 Cost: 0.0064 Pre: 1.0000 Re: 1.0000 Acc: 1.0000 F1: 1.0000
Epoch 38: Time: 1.3334 Cost: 0.0060 Pre: 1.0000 Re: 1.0000 Acc: 1.0000 F1: 1.0000
Epoch 39: Time: 1.3379 Cost: 0.0057 Pre: 1.0000 Re: 1.0000 Acc: 1.0000 F1: 1.0000
Epoch 40: Time: 1.3363 Cost: 0.0054 Pre: 1.0000 Re: 1.0000 Acc: 1.0000 F1: 1.0000


--------------------------------------------------------------------
Eval results: Cost:0.0046 Pre:1.0000 Re:1.0000 Acc:1.0000 F1:1.0000
--------------------------------------------------------------------

Epoch 41: Time: 1.3336 Cost: 0.0051 Pre: 1.0000 Re: 1.0000 Acc: 1.0000 F1: 1.0000
Epoch 42: Time: 1.3771 Cost: 0.0048 Pre: 1.0000 Re: 1.0000 Acc: 1.0000 F1: 1.0000
Epoch 43: Time: 1.4204 Cost: 0.0046 Pre: 1.0000 Re: 1.0000 Acc: 1.0000 F1: 1.0000
Epoch 44: Time: 1.3376 Cost: 0.0044 Pre: 1.0000 Re: 1.0000 Acc: 1.0000 F1: 1.0000
Epoch 45: Time: 1.3344 Cost: 0.0042 Pre: 1.0000 Re: 1.0000 Acc: 1.0000 F1: 1.0000
Epoch 46: Time: 1.3367 Cost: 0.0040 Pre: 1.0000 Re: 1.0000 Acc: 1.0000 F1: 1.0000
Epoch 47: Time: 1.3341 Cost: 0.0038 Pre: 1.0000 Re: 1.0000 Acc: 1.0000 F1: 1.0000
Epoch 48: Time: 1.3318 Cost: 0.0036 Pre: 1.0000 Re: 1.0000 Acc: 1.0000 F1: 1.0000
Epoch 49: Time: 1.3343 Cost: 0.0035 Pre: 1.0000 Re: 1.0000 Acc: 1.0000 F1: 1.0000
Epoch 50: Time: 1.3481 Cost: 0.0033 Pre: 1.0000 Re: 1.0000 Acc: 1.0000 F1: 1.0000


--------------------------------------------------------------------
Eval results: Cost:0.0030 Pre:1.0000 Re:1.0000 Acc:1.0000 F1:1.0000
--------------------------------------------------------------------

Epoch 51: Time: 1.3366 Cost: 0.0032 Pre: 1.0000 Re: 1.0000 Acc: 1.0000 F1: 1.0000
Epoch 52: Time: 1.3350 Cost: 0.0031 Pre: 1.0000 Re: 1.0000 Acc: 1.0000 F1: 1.0000
Epoch 53: Time: 1.3352 Cost: 0.0030 Pre: 1.0000 Re: 1.0000 Acc: 1.0000 F1: 1.0000
Epoch 54: Time: 1.3363 Cost: 0.0029 Pre: 1.0000 Re: 1.0000 Acc: 1.0000 F1: 1.0000
Epoch 55: Time: 1.3349 Cost: 0.0028 Pre: 1.0000 Re: 1.0000 Acc: 1.0000 F1: 1.0000
Epoch 56: Time: 1.3357 Cost: 0.0027 Pre: 1.0000 Re: 1.0000 Acc: 1.0000 F1: 1.0000
Epoch 57: Time: 1.3427 Cost: 0.0026 Pre: 1.0000 Re: 1.0000 Acc: 1.0000 F1: 1.0000
Epoch 58: Time: 1.3436 Cost: 0.0025 Pre: 1.0000 Re: 1.0000 Acc: 1.0000 F1: 1.0000
Epoch 59: Time: 1.3315 Cost: 0.0024 Pre: 1.0000 Re: 1.0000 Acc: 1.0000 F1: 1.0000
Epoch 60: Time: 1.3368 Cost: 0.0023 Pre: 1.0000 Re: 1.0000 Acc: 1.0000 F1: 1.0000


--------------------------------------------------------------------
Eval results: Cost:0.0021 Pre:1.0000 Re:1.0000 Acc:1.0000 F1:1.0000
--------------------------------------------------------------------

Epoch 61: Time: 1.3354 Cost: 0.0023 Pre: 1.0000 Re: 1.0000 Acc: 1.0000 F1: 1.0000
Epoch 62: Time: 1.3322 Cost: 0.0022 Pre: 1.0000 Re: 1.0000 Acc: 1.0000 F1: 1.0000
Epoch 63: Time: 1.3329 Cost: 0.0021 Pre: 1.0000 Re: 1.0000 Acc: 1.0000 F1: 1.0000
Epoch 64: Time: 1.4485 Cost: 0.0021 Pre: 1.0000 Re: 1.0000 Acc: 1.0000 F1: 1.0000
Epoch 65: Time: 1.3327 Cost: 0.0020 Pre: 1.0000 Re: 1.0000 Acc: 1.0000 F1: 1.0000
Epoch 66: Time: 1.3342 Cost: 0.0019 Pre: 1.0000 Re: 1.0000 Acc: 1.0000 F1: 1.0000
Epoch 67: Time: 1.3273 Cost: 0.0019 Pre: 1.0000 Re: 1.0000 Acc: 1.0000 F1: 1.0000
Epoch 68: Time: 1.3327 Cost: 0.0018 Pre: 1.0000 Re: 1.0000 Acc: 1.0000 F1: 1.0000
Epoch 69: Time: 1.3417 Cost: 0.0018 Pre: 1.0000 Re: 1.0000 Acc: 1.0000 F1: 1.0000
Epoch 70: Time: 1.3335 Cost: 0.0017 Pre: 1.0000 Re: 1.0000 Acc: 1.0000 F1: 1.0000


--------------------------------------------------------------------
Eval results: Cost:0.0016 Pre:1.0000 Re:1.0000 Acc:1.0000 F1:1.0000
--------------------------------------------------------------------

Epoch 71: Time: 1.3487 Cost: 0.0017 Pre: 1.0000 Re: 1.0000 Acc: 1.0000 F1: 1.0000
Epoch 72: Time: 1.3426 Cost: 0.0017 Pre: 1.0000 Re: 1.0000 Acc: 1.0000 F1: 1.0000
Epoch 73: Time: 1.3280 Cost: 0.0016 Pre: 1.0000 Re: 1.0000 Acc: 1.0000 F1: 1.0000
Epoch 74: Time: 1.3361 Cost: 0.0016 Pre: 1.0000 Re: 1.0000 Acc: 1.0000 F1: 1.0000
Epoch 75: Time: 1.3460 Cost: 0.0016 Pre: 1.0000 Re: 1.0000 Acc: 1.0000 F1: 1.0000
Epoch 76: Time: 1.3343 Cost: 0.0015 Pre: 1.0000 Re: 1.0000 Acc: 1.0000 F1: 1.0000
Epoch 77: Time: 1.3342 Cost: 0.0015 Pre: 1.0000 Re: 1.0000 Acc: 1.0000 F1: 1.0000
Epoch 78: Time: 1.3525 Cost: 0.0014 Pre: 1.0000 Re: 1.0000 Acc: 1.0000 F1: 1.0000
Epoch 79: Time: 1.3362 Cost: 0.0014 Pre: 1.0000 Re: 1.0000 Acc: 1.0000 F1: 1.0000
Epoch 80: Time: 1.3332 Cost: 0.0014 Pre: 1.0000 Re: 1.0000 Acc: 1.0000 F1: 1.0000


--------------------------------------------------------------------
Eval results: Cost:0.0013 Pre:1.0000 Re:1.0000 Acc:1.0000 F1:1.0000
--------------------------------------------------------------------

Early stopping...
--------------------------------------------------------------------
--------------------------------------------------------------------
Test 10470 samples take time: 5.2453
Test results: Cost:0.0010 Pre:1.0000 Re:1.0000 Acc:1.0000 F1:1.0000
--------------------------------------------------------------------

