Load data
RNN type: SRN Grammar: g4 Seed: 3
Model total parameters: 4288
Saving hinit ... 

Epoch 0: Time: 1.3656 Cost: 24.5547 Pre: 0.5956 Re: 0.5199 Acc: 0.5811 F1: 0.5552


--------------------------------------------------------------------
Eval results: Cost:23.1060 Pre:0.7031 Re:0.5199 Acc:0.6538 F1:0.5978
--------------------------------------------------------------------

Epoch 1: Time: 0.5511 Cost: 15.6597 Pre: 0.7938 Re: 0.8058 Acc: 0.7971 F1: 0.7998
Epoch 2: Time: 0.5472 Cost: 11.4263 Pre: 0.8312 Re: 0.8680 Acc: 0.8450 F1: 0.8492
Epoch 3: Time: 0.5447 Cost: 9.5488 Pre: 0.8516 Re: 0.8946 Acc: 0.8686 F1: 0.8726
Epoch 4: Time: 0.5325 Cost: 8.1674 Pre: 0.8743 Re: 0.9204 Acc: 0.8934 F1: 0.8967
Epoch 5: Time: 0.5305 Cost: 7.0639 Pre: 0.8870 Re: 0.9317 Acc: 0.9060 F1: 0.9088
Epoch 6: Time: 0.5235 Cost: 6.1592 Pre: 0.8994 Re: 0.9454 Acc: 0.9194 F1: 0.9218
Epoch 7: Time: 0.5236 Cost: 5.2955 Pre: 0.9129 Re: 0.9545 Acc: 0.9314 F1: 0.9333
Epoch 8: Time: 0.5222 Cost: 4.6793 Pre: 0.9200 Re: 0.9632 Acc: 0.9394 F1: 0.9411
Epoch 9: Time: 0.5251 Cost: 4.1593 Pre: 0.9301 Re: 0.9681 Acc: 0.9474 F1: 0.9487
Epoch 10: Time: 0.5300 Cost: 3.7652 Pre: 0.9382 Re: 0.9731 Acc: 0.9542 F1: 0.9553


--------------------------------------------------------------------
Eval results: Cost:9.7075 Pre:0.8942 Re:0.8607 Acc:0.8807 F1:0.8771
--------------------------------------------------------------------

Epoch 11: Time: 0.5200 Cost: 3.2639 Pre: 0.9440 Re: 0.9772 Acc: 0.9594 F1: 0.9603
Epoch 12: Time: 0.5252 Cost: 3.0026 Pre: 0.9493 Re: 0.9791 Acc: 0.9632 F1: 0.9640
Epoch 13: Time: 0.5386 Cost: 2.7638 Pre: 0.9571 Re: 0.9807 Acc: 0.9682 F1: 0.9687
Epoch 14: Time: 0.5267 Cost: 2.4218 Pre: 0.9670 Re: 0.9875 Acc: 0.9767 F1: 0.9771
Epoch 15: Time: 0.5196 Cost: 2.2571 Pre: 0.9713 Re: 0.9871 Acc: 0.9788 F1: 0.9791
Epoch 16: Time: 0.5296 Cost: 2.0701 Pre: 0.9738 Re: 0.9856 Acc: 0.9794 F1: 0.9796
Epoch 17: Time: 0.5203 Cost: 1.8901 Pre: 0.9790 Re: 0.9890 Acc: 0.9838 F1: 0.9840
Epoch 18: Time: 0.5245 Cost: 1.6494 Pre: 0.9827 Re: 0.9909 Acc: 0.9867 F1: 0.9868
Epoch 19: Time: 0.5214 Cost: 1.5185 Pre: 0.9872 Re: 0.9932 Acc: 0.9901 F1: 0.9902
Epoch 20: Time: 0.5238 Cost: 1.3312 Pre: 0.9909 Re: 0.9962 Acc: 0.9935 F1: 0.9936


--------------------------------------------------------------------
Eval results: Cost:3.7612 Pre:0.9581 Re:0.9603 Acc:0.9596 F1:0.9592
--------------------------------------------------------------------

Epoch 21: Time: 0.5243 Cost: 1.4059 Pre: 0.9902 Re: 0.9928 Acc: 0.9914 F1: 0.9915
Epoch 22: Time: 0.5248 Cost: 1.1566 Pre: 0.9943 Re: 0.9962 Acc: 0.9952 F1: 0.9953
Epoch 23: Time: 0.5250 Cost: 1.1517 Pre: 0.9932 Re: 0.9958 Acc: 0.9945 F1: 0.9945
Epoch 24: Time: 0.5201 Cost: 1.0091 Pre: 0.9973 Re: 0.9966 Acc: 0.9969 F1: 0.9970
Epoch 25: Time: 0.5274 Cost: 0.9346 Pre: 0.9970 Re: 0.9970 Acc: 0.9969 F1: 0.9970
Epoch 26: Time: 0.5202 Cost: 0.9894 Pre: 0.9954 Re: 0.9954 Acc: 0.9954 F1: 0.9954
Epoch 27: Time: 0.5264 Cost: 0.7691 Pre: 0.9985 Re: 0.9989 Acc: 0.9987 F1: 0.9987
Epoch 28: Time: 0.5259 Cost: 0.7891 Pre: 0.9981 Re: 0.9981 Acc: 0.9981 F1: 0.9981
Epoch 29: Time: 0.5796 Cost: 0.8163 Pre: 0.9981 Re: 0.9970 Acc: 0.9975 F1: 0.9975
Epoch 30: Time: 0.5617 Cost: 0.9787 Pre: 0.9936 Re: 0.9958 Acc: 0.9947 F1: 0.9947


--------------------------------------------------------------------
Eval results: Cost:2.7419 Pre:0.9388 Re:0.9993 Acc:0.9674 F1:0.9681
--------------------------------------------------------------------

Epoch 31: Time: 0.5266 Cost: 0.6800 Pre: 0.9981 Re: 0.9981 Acc: 0.9981 F1: 0.9981
Epoch 32: Time: 0.5242 Cost: 0.5564 Pre: 0.9992 Re: 0.9992 Acc: 0.9992 F1: 0.9992
Epoch 33: Time: 0.5275 Cost: 0.5372 Pre: 0.9992 Re: 0.9989 Acc: 0.9990 F1: 0.9991
Epoch 34: Time: 0.5229 Cost: 0.5737 Pre: 0.9989 Re: 0.9989 Acc: 0.9989 F1: 0.9989
Epoch 35: Time: 0.5250 Cost: 0.7023 Pre: 0.9973 Re: 0.9951 Acc: 0.9962 F1: 0.9962
Epoch 36: Time: 0.5288 Cost: 0.6444 Pre: 0.9970 Re: 0.9973 Acc: 0.9971 F1: 0.9972
Epoch 37: Time: 0.5232 Cost: 0.4087 Pre: 0.9992 Re: 0.9992 Acc: 0.9992 F1: 0.9992
Epoch 38: Time: 0.5209 Cost: 0.3978 Pre: 0.9996 Re: 0.9989 Acc: 0.9992 F1: 0.9992
Epoch 39: Time: 0.5266 Cost: 0.4769 Pre: 0.9981 Re: 0.9981 Acc: 0.9981 F1: 0.9981
Epoch 40: Time: 0.5210 Cost: 0.5511 Pre: 0.9970 Re: 0.9973 Acc: 0.9971 F1: 0.9972


--------------------------------------------------------------------
Eval results: Cost:1.0724 Pre:0.9902 Re:0.9880 Acc:0.9893 F1:0.9891
--------------------------------------------------------------------

Epoch 41: Time: 0.5192 Cost: 0.3353 Pre: 0.9989 Re: 0.9989 Acc: 0.9989 F1: 0.9989
Epoch 42: Time: 0.5257 Cost: 0.3030 Pre: 1.0000 Re: 0.9992 Acc: 0.9996 F1: 0.9996
Epoch 43: Time: 0.5208 Cost: 0.2939 Pre: 0.9996 Re: 0.9992 Acc: 0.9994 F1: 0.9994
Epoch 44: Time: 0.5249 Cost: 0.2548 Pre: 0.9996 Re: 0.9992 Acc: 0.9994 F1: 0.9994
Epoch 45: Time: 0.5198 Cost: 0.2803 Pre: 1.0000 Re: 0.9989 Acc: 0.9994 F1: 0.9994
Epoch 46: Time: 0.5250 Cost: 0.2251 Pre: 1.0000 Re: 0.9996 Acc: 0.9998 F1: 0.9998
Epoch 47: Time: 0.5212 Cost: 0.2535 Pre: 1.0000 Re: 0.9992 Acc: 0.9996 F1: 0.9996
Epoch 48: Time: 0.5262 Cost: 0.2854 Pre: 0.9996 Re: 0.9981 Acc: 0.9989 F1: 0.9989
Epoch 49: Time: 0.5364 Cost: 0.2605 Pre: 0.9985 Re: 0.9992 Acc: 0.9989 F1: 0.9989
Epoch 50: Time: 0.5256 Cost: 0.1898 Pre: 0.9996 Re: 0.9996 Acc: 0.9996 F1: 0.9996


--------------------------------------------------------------------
Eval results: Cost:0.8227 Pre:0.9947 Re:0.9895 Acc:0.9922 F1:0.9921
--------------------------------------------------------------------

Epoch 51: Time: 0.5293 Cost: 0.1607 Pre: 1.0000 Re: 0.9996 Acc: 0.9998 F1: 0.9998
Epoch 52: Time: 0.5204 Cost: 0.1449 Pre: 1.0000 Re: 0.9996 Acc: 0.9998 F1: 0.9998
Epoch 53: Time: 0.5238 Cost: 0.1616 Pre: 1.0000 Re: 0.9996 Acc: 0.9998 F1: 0.9998
Epoch 54: Time: 0.5195 Cost: 0.2571 Pre: 0.9996 Re: 0.9989 Acc: 0.9992 F1: 0.9992
Epoch 55: Time: 0.5252 Cost: 0.1392 Pre: 1.0000 Re: 0.9996 Acc: 0.9998 F1: 0.9998
Epoch 56: Time: 0.5202 Cost: 0.1233 Pre: 1.0000 Re: 0.9996 Acc: 0.9998 F1: 0.9998
Epoch 57: Time: 0.5236 Cost: 0.1282 Pre: 1.0000 Re: 0.9996 Acc: 0.9998 F1: 0.9998
Epoch 58: Time: 0.5242 Cost: 0.1204 Pre: 1.0000 Re: 0.9996 Acc: 0.9998 F1: 0.9998
Epoch 59: Time: 0.5240 Cost: 0.1040 Pre: 1.0000 Re: 0.9996 Acc: 0.9998 F1: 0.9998
Epoch 60: Time: 0.5215 Cost: 0.1017 Pre: 1.0000 Re: 0.9996 Acc: 0.9998 F1: 0.9998


--------------------------------------------------------------------
Eval results: Cost:0.2812 Pre:0.9970 Re:0.9978 Acc:0.9974 F1:0.9974
--------------------------------------------------------------------

Epoch 61: Time: 0.5203 Cost: 0.1149 Pre: 1.0000 Re: 0.9992 Acc: 0.9996 F1: 0.9996
Epoch 62: Time: 0.6656 Cost: 0.0766 Pre: 1.0000 Re: 0.9996 Acc: 0.9998 F1: 0.9998
Epoch 63: Time: 0.5345 Cost: 0.0735 Pre: 1.0000 Re: 0.9996 Acc: 0.9998 F1: 0.9998
Epoch 64: Time: 0.5219 Cost: 0.0795 Pre: 1.0000 Re: 0.9996 Acc: 0.9998 F1: 0.9998
Epoch 65: Time: 0.5238 Cost: 0.0682 Pre: 1.0000 Re: 0.9996 Acc: 0.9998 F1: 0.9998
Epoch 66: Time: 0.5333 Cost: 0.0746 Pre: 1.0000 Re: 0.9996 Acc: 0.9998 F1: 0.9998
Epoch 67: Time: 0.5301 Cost: 0.0759 Pre: 1.0000 Re: 0.9996 Acc: 0.9998 F1: 0.9998
Epoch 68: Time: 0.5190 Cost: 0.0674 Pre: 1.0000 Re: 0.9996 Acc: 0.9998 F1: 0.9998
Epoch 69: Time: 0.5284 Cost: 0.0542 Pre: 1.0000 Re: 0.9996 Acc: 0.9998 F1: 0.9998
Epoch 70: Time: 0.5203 Cost: 0.0495 Pre: 1.0000 Re: 0.9996 Acc: 0.9998 F1: 0.9998


--------------------------------------------------------------------
Eval results: Cost:0.1810 Pre:0.9978 Re:0.9993 Acc:0.9985 F1:0.9985
--------------------------------------------------------------------

Epoch 71: Time: 0.5192 Cost: 0.0456 Pre: 1.0000 Re: 0.9996 Acc: 0.9998 F1: 0.9998
Epoch 72: Time: 0.5240 Cost: 0.0408 Pre: 1.0000 Re: 0.9996 Acc: 0.9998 F1: 0.9998
Epoch 73: Time: 0.5206 Cost: 0.0432 Pre: 1.0000 Re: 0.9996 Acc: 0.9998 F1: 0.9998
Epoch 74: Time: 0.5236 Cost: 0.0429 Pre: 1.0000 Re: 1.0000 Acc: 1.0000 F1: 1.0000
Epoch 75: Time: 0.5206 Cost: 0.0376 Pre: 1.0000 Re: 1.0000 Acc: 1.0000 F1: 1.0000
Epoch 76: Time: 0.5291 Cost: 0.0374 Pre: 1.0000 Re: 1.0000 Acc: 1.0000 F1: 1.0000
Epoch 77: Time: 0.5199 Cost: 0.0338 Pre: 1.0000 Re: 1.0000 Acc: 1.0000 F1: 1.0000
Epoch 78: Time: 0.5256 Cost: 0.0306 Pre: 1.0000 Re: 1.0000 Acc: 1.0000 F1: 1.0000
Epoch 79: Time: 0.5204 Cost: 0.0275 Pre: 1.0000 Re: 1.0000 Acc: 1.0000 F1: 1.0000
Epoch 80: Time: 0.5257 Cost: 0.0248 Pre: 1.0000 Re: 1.0000 Acc: 1.0000 F1: 1.0000


--------------------------------------------------------------------
Eval results: Cost:0.2067 Pre:0.9970 Re:1.0000 Acc:0.9985 F1:0.9985
--------------------------------------------------------------------

Epoch 81: Time: 0.5742 Cost: 0.0264 Pre: 1.0000 Re: 1.0000 Acc: 1.0000 F1: 1.0000
Epoch 82: Time: 1.2521 Cost: 0.0272 Pre: 1.0000 Re: 1.0000 Acc: 1.0000 F1: 1.0000
Epoch 83: Time: 0.7397 Cost: 0.0217 Pre: 1.0000 Re: 1.0000 Acc: 1.0000 F1: 1.0000
Epoch 84: Time: 0.5328 Cost: 0.0191 Pre: 1.0000 Re: 1.0000 Acc: 1.0000 F1: 1.0000
Epoch 85: Time: 0.5371 Cost: 0.0178 Pre: 1.0000 Re: 1.0000 Acc: 1.0000 F1: 1.0000
Epoch 86: Time: 0.5348 Cost: 0.0165 Pre: 1.0000 Re: 1.0000 Acc: 1.0000 F1: 1.0000
Epoch 87: Time: 0.5515 Cost: 0.0152 Pre: 1.0000 Re: 1.0000 Acc: 1.0000 F1: 1.0000
Epoch 88: Time: 0.5426 Cost: 0.0146 Pre: 1.0000 Re: 1.0000 Acc: 1.0000 F1: 1.0000
Epoch 89: Time: 0.5280 Cost: 0.0138 Pre: 1.0000 Re: 1.0000 Acc: 1.0000 F1: 1.0000
Epoch 90: Time: 0.5341 Cost: 0.0125 Pre: 1.0000 Re: 1.0000 Acc: 1.0000 F1: 1.0000


--------------------------------------------------------------------
Eval results: Cost:0.3473 Pre:0.9977 Re:0.9955 Acc:0.9967 F1:0.9966
--------------------------------------------------------------------

Epoch 91: Time: 0.5243 Cost: 0.0223 Pre: 1.0000 Re: 1.0000 Acc: 1.0000 F1: 1.0000
Epoch 92: Time: 0.5249 Cost: 0.0118 Pre: 1.0000 Re: 1.0000 Acc: 1.0000 F1: 1.0000
Epoch 93: Time: 0.5327 Cost: 0.0121 Pre: 1.0000 Re: 1.0000 Acc: 1.0000 F1: 1.0000
Epoch 94: Time: 0.5256 Cost: 0.0127 Pre: 1.0000 Re: 1.0000 Acc: 1.0000 F1: 1.0000
Epoch 95: Time: 0.5279 Cost: 0.0113 Pre: 1.0000 Re: 1.0000 Acc: 1.0000 F1: 1.0000
Epoch 96: Time: 0.5240 Cost: 0.0102 Pre: 1.0000 Re: 1.0000 Acc: 1.0000 F1: 1.0000
Epoch 97: Time: 0.5369 Cost: 0.0095 Pre: 1.0000 Re: 1.0000 Acc: 1.0000 F1: 1.0000
Epoch 98: Time: 0.5202 Cost: 0.0091 Pre: 1.0000 Re: 1.0000 Acc: 1.0000 F1: 1.0000
Epoch 99: Time: 0.5260 Cost: 0.0088 Pre: 1.0000 Re: 1.0000 Acc: 1.0000 F1: 1.0000
Epoch 100: Time: 0.5343 Cost: 0.0086 Pre: 1.0000 Re: 1.0000 Acc: 1.0000 F1: 1.0000


--------------------------------------------------------------------
Eval results: Cost:0.3864 Pre:0.9940 Re:0.9955 Acc:0.9948 F1:0.9948
--------------------------------------------------------------------

Epoch 101: Time: 0.5302 Cost: 0.0275 Pre: 0.9996 Re: 1.0000 Acc: 0.9998 F1: 0.9998
Epoch 102: Time: 0.5288 Cost: 0.0082 Pre: 1.0000 Re: 1.0000 Acc: 1.0000 F1: 1.0000
Epoch 103: Time: 0.6811 Cost: 0.0073 Pre: 1.0000 Re: 1.0000 Acc: 1.0000 F1: 1.0000
Epoch 104: Time: 0.7506 Cost: 0.0074 Pre: 1.0000 Re: 1.0000 Acc: 1.0000 F1: 1.0000
Epoch 105: Time: 0.5362 Cost: 0.0095 Pre: 1.0000 Re: 1.0000 Acc: 1.0000 F1: 1.0000
Epoch 106: Time: 0.5195 Cost: 0.0086 Pre: 1.0000 Re: 1.0000 Acc: 1.0000 F1: 1.0000
Epoch 107: Time: 0.5300 Cost: 0.0092 Pre: 1.0000 Re: 1.0000 Acc: 1.0000 F1: 1.0000
Epoch 108: Time: 0.5197 Cost: 0.0087 Pre: 1.0000 Re: 1.0000 Acc: 1.0000 F1: 1.0000
Epoch 109: Time: 0.5351 Cost: 0.0078 Pre: 1.0000 Re: 1.0000 Acc: 1.0000 F1: 1.0000
Epoch 110: Time: 0.5660 Cost: 0.0076 Pre: 1.0000 Re: 1.0000 Acc: 1.0000 F1: 1.0000


--------------------------------------------------------------------
Eval results: Cost:0.8273 Pre:0.9962 Re:0.9865 Acc:0.9915 F1:0.9913
--------------------------------------------------------------------

Epoch 111: Time: 0.6558 Cost: 0.0546 Pre: 0.9989 Re: 1.0000 Acc: 0.9994 F1: 0.9994
Epoch 112: Time: 0.5334 Cost: 0.0061 Pre: 1.0000 Re: 1.0000 Acc: 1.0000 F1: 1.0000
Epoch 113: Time: 0.5235 Cost: 0.0057 Pre: 1.0000 Re: 1.0000 Acc: 1.0000 F1: 1.0000
Epoch 114: Time: 0.5279 Cost: 0.0054 Pre: 1.0000 Re: 1.0000 Acc: 1.0000 F1: 1.0000
Epoch 115: Time: 0.5238 Cost: 0.0051 Pre: 1.0000 Re: 1.0000 Acc: 1.0000 F1: 1.0000
Epoch 116: Time: 0.5378 Cost: 0.0054 Pre: 1.0000 Re: 1.0000 Acc: 1.0000 F1: 1.0000
Epoch 117: Time: 0.5443 Cost: 0.0051 Pre: 1.0000 Re: 1.0000 Acc: 1.0000 F1: 1.0000
Epoch 118: Time: 0.5261 Cost: 0.0048 Pre: 1.0000 Re: 1.0000 Acc: 1.0000 F1: 1.0000
Epoch 119: Time: 0.5302 Cost: 0.0047 Pre: 1.0000 Re: 1.0000 Acc: 1.0000 F1: 1.0000
Epoch 120: Time: 0.5220 Cost: 0.0046 Pre: 1.0000 Re: 1.0000 Acc: 1.0000 F1: 1.0000


--------------------------------------------------------------------
Eval results: Cost:0.7488 Pre:0.9962 Re:0.9880 Acc:0.9922 F1:0.9921
--------------------------------------------------------------------

Epoch 121: Time: 0.5228 Cost: 0.0046 Pre: 1.0000 Re: 1.0000 Acc: 1.0000 F1: 1.0000
Epoch 122: Time: 0.5279 Cost: 0.0038 Pre: 1.0000 Re: 1.0000 Acc: 1.0000 F1: 1.0000
Epoch 123: Time: 0.5204 Cost: 0.0038 Pre: 1.0000 Re: 1.0000 Acc: 1.0000 F1: 1.0000
Epoch 124: Time: 0.5322 Cost: 0.0038 Pre: 1.0000 Re: 1.0000 Acc: 1.0000 F1: 1.0000
Epoch 125: Time: 0.5200 Cost: 0.0039 Pre: 1.0000 Re: 1.0000 Acc: 1.0000 F1: 1.0000
Epoch 126: Time: 0.5251 Cost: 0.0038 Pre: 1.0000 Re: 1.0000 Acc: 1.0000 F1: 1.0000
Epoch 127: Time: 0.5189 Cost: 0.0037 Pre: 1.0000 Re: 1.0000 Acc: 1.0000 F1: 1.0000
Epoch 128: Time: 0.5264 Cost: 0.0035 Pre: 1.0000 Re: 1.0000 Acc: 1.0000 F1: 1.0000
Epoch 129: Time: 0.5568 Cost: 0.0034 Pre: 1.0000 Re: 1.0000 Acc: 1.0000 F1: 1.0000
Epoch 130: Time: 0.6391 Cost: 0.0033 Pre: 1.0000 Re: 1.0000 Acc: 1.0000 F1: 1.0000


--------------------------------------------------------------------
Eval results: Cost:0.7140 Pre:0.9955 Re:0.9895 Acc:0.9926 F1:0.9925
--------------------------------------------------------------------

Epoch 131: Time: 0.5196 Cost: 0.0033 Pre: 1.0000 Re: 1.0000 Acc: 1.0000 F1: 1.0000
Epoch 132: Time: 0.5283 Cost: 0.0030 Pre: 1.0000 Re: 1.0000 Acc: 1.0000 F1: 1.0000
Epoch 133: Time: 0.5481 Cost: 0.0029 Pre: 1.0000 Re: 1.0000 Acc: 1.0000 F1: 1.0000
Epoch 134: Time: 0.5281 Cost: 0.0029 Pre: 1.0000 Re: 1.0000 Acc: 1.0000 F1: 1.0000
Epoch 135: Time: 0.5178 Cost: 0.0029 Pre: 1.0000 Re: 1.0000 Acc: 1.0000 F1: 1.0000
Epoch 136: Time: 0.5326 Cost: 0.0028 Pre: 1.0000 Re: 1.0000 Acc: 1.0000 F1: 1.0000
Epoch 137: Time: 0.5178 Cost: 0.0028 Pre: 1.0000 Re: 1.0000 Acc: 1.0000 F1: 1.0000
Epoch 138: Time: 0.5278 Cost: 0.0027 Pre: 1.0000 Re: 1.0000 Acc: 1.0000 F1: 1.0000
Epoch 139: Time: 0.5212 Cost: 0.0026 Pre: 1.0000 Re: 1.0000 Acc: 1.0000 F1: 1.0000
Epoch 140: Time: 0.5262 Cost: 0.0026 Pre: 1.0000 Re: 1.0000 Acc: 1.0000 F1: 1.0000


--------------------------------------------------------------------
Eval results: Cost:0.6830 Pre:0.9962 Re:0.9895 Acc:0.9930 F1:0.9929
--------------------------------------------------------------------

Epoch 141: Time: 0.5253 Cost: 0.0027 Pre: 1.0000 Re: 1.0000 Acc: 1.0000 F1: 1.0000
Epoch 142: Time: 0.5212 Cost: 0.0025 Pre: 1.0000 Re: 1.0000 Acc: 1.0000 F1: 1.0000
Epoch 143: Time: 0.5287 Cost: 0.0024 Pre: 1.0000 Re: 1.0000 Acc: 1.0000 F1: 1.0000
Epoch 144: Time: 0.5210 Cost: 0.0024 Pre: 1.0000 Re: 1.0000 Acc: 1.0000 F1: 1.0000
Epoch 145: Time: 0.5250 Cost: 0.0024 Pre: 1.0000 Re: 1.0000 Acc: 1.0000 F1: 1.0000
Epoch 146: Time: 0.5210 Cost: 0.0024 Pre: 1.0000 Re: 1.0000 Acc: 1.0000 F1: 1.0000
Epoch 147: Time: 0.5260 Cost: 0.0023 Pre: 1.0000 Re: 1.0000 Acc: 1.0000 F1: 1.0000
Epoch 148: Time: 0.5194 Cost: 0.0023 Pre: 1.0000 Re: 1.0000 Acc: 1.0000 F1: 1.0000
Epoch 149: Time: 0.5250 Cost: 0.0022 Pre: 1.0000 Re: 1.0000 Acc: 1.0000 F1: 1.0000
Epoch 150: Time: 0.5217 Cost: 0.0022 Pre: 1.0000 Re: 1.0000 Acc: 1.0000 F1: 1.0000


--------------------------------------------------------------------
Eval results: Cost:0.6756 Pre:0.9962 Re:0.9880 Acc:0.9922 F1:0.9921
--------------------------------------------------------------------

Early stopping...
--------------------------------------------------------------------
--------------------------------------------------------------------
Test 10470 samples take time: 2.5700
FN id:
[  737   837  1267  2265  3365  3628  4054  4308  4572  4596  5169  5220
  5272  6108  6454  6872  7109  7722  7982  8440  8461  8883  9028  9084
  9508  9603  9735 10345 10346]
FP id:
[ 229  622 7944 8186]
Test results: Cost:0.2749 Pre:0.9992 Re:0.9944 Acc:0.9968 F1:0.9968
--------------------------------------------------------------------

