Load data
RNN type: SRN Grammar: g4 Seed: 7
Model total parameters: 4288
Saving hinit ... 

Epoch 0: Time: 0.6046 Cost: 23.8343 Pre: 0.6092 Re: 0.6261 Acc: 0.6101 F1: 0.6175


--------------------------------------------------------------------
Eval results: Cost:19.9828 Pre:0.6924 Re:0.6846 Acc:0.6935 F1:0.6885
--------------------------------------------------------------------

Epoch 1: Time: 0.5316 Cost: 15.1404 Pre: 0.7612 Re: 0.8244 Acc: 0.7817 F1: 0.7916
Epoch 2: Time: 0.5270 Cost: 12.2056 Pre: 0.8021 Re: 0.8623 Acc: 0.8238 F1: 0.8311
Epoch 3: Time: 0.5192 Cost: 10.4725 Pre: 0.8262 Re: 0.8889 Acc: 0.8501 F1: 0.8564
Epoch 4: Time: 0.5218 Cost: 9.3493 Pre: 0.8463 Re: 0.8980 Acc: 0.8667 F1: 0.8714
Epoch 5: Time: 0.5196 Cost: 8.1762 Pre: 0.8670 Re: 0.9192 Acc: 0.8885 F1: 0.8923
Epoch 6: Time: 0.5237 Cost: 7.4680 Pre: 0.8748 Re: 0.9355 Acc: 0.9003 F1: 0.9042
Epoch 7: Time: 0.5205 Cost: 6.8021 Pre: 0.8859 Re: 0.9420 Acc: 0.9098 F1: 0.9131
Epoch 8: Time: 0.5226 Cost: 6.2270 Pre: 0.8977 Re: 0.9484 Acc: 0.9197 F1: 0.9224
Epoch 9: Time: 0.5242 Cost: 5.5519 Pre: 0.9083 Re: 0.9537 Acc: 0.9283 F1: 0.9304
Epoch 10: Time: 0.5206 Cost: 4.9917 Pre: 0.9144 Re: 0.9640 Acc: 0.9365 F1: 0.9385


--------------------------------------------------------------------
Eval results: Cost:7.8105 Pre:0.8982 Re:0.8989 Acc:0.8996 F1:0.8985
--------------------------------------------------------------------

Epoch 11: Time: 0.5219 Cost: 4.3015 Pre: 0.9292 Re: 0.9700 Acc: 0.9478 F1: 0.9492
Epoch 12: Time: 0.5213 Cost: 3.9245 Pre: 0.9303 Re: 0.9723 Acc: 0.9495 F1: 0.9509
Epoch 13: Time: 0.5242 Cost: 3.6147 Pre: 0.9408 Re: 0.9765 Acc: 0.9573 F1: 0.9583
Epoch 14: Time: 0.5204 Cost: 3.1145 Pre: 0.9528 Re: 0.9791 Acc: 0.9651 F1: 0.9658
Epoch 15: Time: 0.5565 Cost: 2.8943 Pre: 0.9540 Re: 0.9822 Acc: 0.9672 F1: 0.9679
Epoch 16: Time: 0.5255 Cost: 2.4805 Pre: 0.9615 Re: 0.9860 Acc: 0.9731 F1: 0.9736
Epoch 17: Time: 0.5374 Cost: 2.2655 Pre: 0.9713 Re: 0.9867 Acc: 0.9786 F1: 0.9789
Epoch 18: Time: 0.5197 Cost: 2.2438 Pre: 0.9686 Re: 0.9841 Acc: 0.9760 F1: 0.9763
Epoch 19: Time: 0.5200 Cost: 1.8203 Pre: 0.9783 Re: 0.9913 Acc: 0.9846 F1: 0.9847
Epoch 20: Time: 0.5243 Cost: 1.8890 Pre: 0.9808 Re: 0.9867 Acc: 0.9836 F1: 0.9837


--------------------------------------------------------------------
Eval results: Cost:2.7265 Pre:0.9688 Re:0.9753 Acc:0.9722 F1:0.9720
--------------------------------------------------------------------

Epoch 21: Time: 0.5193 Cost: 1.6175 Pre: 0.9872 Re: 0.9928 Acc: 0.9899 F1: 0.9900
Epoch 22: Time: 0.5205 Cost: 1.8788 Pre: 0.9771 Re: 0.9890 Acc: 0.9828 F1: 0.9830
Epoch 23: Time: 0.5241 Cost: 1.4198 Pre: 0.9905 Re: 0.9928 Acc: 0.9916 F1: 0.9917
Epoch 24: Time: 0.5213 Cost: 1.3608 Pre: 0.9917 Re: 0.9932 Acc: 0.9924 F1: 0.9924
Epoch 25: Time: 0.5230 Cost: 1.2991 Pre: 0.9936 Re: 0.9954 Acc: 0.9945 F1: 0.9945
Epoch 26: Time: 0.5184 Cost: 1.1678 Pre: 0.9943 Re: 0.9970 Acc: 0.9956 F1: 0.9956
Epoch 27: Time: 0.5457 Cost: 1.3519 Pre: 0.9920 Re: 0.9920 Acc: 0.9920 F1: 0.9920
Epoch 28: Time: 0.5210 Cost: 1.0725 Pre: 0.9955 Re: 0.9970 Acc: 0.9962 F1: 0.9962
Epoch 29: Time: 0.5236 Cost: 0.9637 Pre: 0.9962 Re: 0.9981 Acc: 0.9971 F1: 0.9972
Epoch 30: Time: 0.5218 Cost: 1.5128 Pre: 0.9853 Re: 0.9901 Acc: 0.9876 F1: 0.9877


--------------------------------------------------------------------
Eval results: Cost:1.4984 Pre:0.9843 Re:0.9865 Acc:0.9855 F1:0.9854
--------------------------------------------------------------------

Epoch 31: Time: 0.5202 Cost: 0.7695 Pre: 0.9989 Re: 0.9992 Acc: 0.9990 F1: 0.9991
Epoch 32: Time: 0.5191 Cost: 0.7297 Pre: 0.9989 Re: 0.9996 Acc: 0.9992 F1: 0.9992
Epoch 33: Time: 0.5201 Cost: 0.6690 Pre: 1.0000 Re: 0.9996 Acc: 0.9998 F1: 0.9998
Epoch 34: Time: 0.5328 Cost: 0.8522 Pre: 0.9955 Re: 0.9973 Acc: 0.9964 F1: 0.9964
Epoch 35: Time: 0.5229 Cost: 0.5726 Pre: 0.9992 Re: 0.9996 Acc: 0.9994 F1: 0.9994
Epoch 36: Time: 0.5218 Cost: 0.5757 Pre: 0.9996 Re: 0.9992 Acc: 0.9994 F1: 0.9994
Epoch 37: Time: 0.6481 Cost: 0.6156 Pre: 0.9981 Re: 0.9989 Acc: 0.9985 F1: 0.9985
Epoch 38: Time: 0.5662 Cost: 0.5782 Pre: 0.9992 Re: 0.9989 Acc: 0.9990 F1: 0.9991
Epoch 39: Time: 0.5194 Cost: 0.4983 Pre: 1.0000 Re: 0.9989 Acc: 0.9994 F1: 0.9994
Epoch 40: Time: 0.5215 Cost: 0.4208 Pre: 1.0000 Re: 0.9996 Acc: 0.9998 F1: 0.9998


--------------------------------------------------------------------
Eval results: Cost:1.0772 Pre:0.9837 Re:0.9963 Acc:0.9900 F1:0.9900
--------------------------------------------------------------------

Epoch 41: Time: 0.5193 Cost: 0.3607 Pre: 1.0000 Re: 0.9996 Acc: 0.9998 F1: 0.9998
Epoch 42: Time: 0.5191 Cost: 0.3555 Pre: 1.0000 Re: 0.9996 Acc: 0.9998 F1: 0.9998
Epoch 43: Time: 0.5218 Cost: 0.3250 Pre: 1.0000 Re: 0.9996 Acc: 0.9998 F1: 0.9998
Epoch 44: Time: 0.5426 Cost: 0.2963 Pre: 1.0000 Re: 0.9996 Acc: 0.9998 F1: 0.9998
Epoch 45: Time: 0.5218 Cost: 0.3042 Pre: 0.9992 Re: 0.9996 Acc: 0.9994 F1: 0.9994
Epoch 46: Time: 0.5192 Cost: 0.3844 Pre: 0.9992 Re: 0.9981 Acc: 0.9987 F1: 0.9987
Epoch 47: Time: 0.5221 Cost: 0.3297 Pre: 0.9996 Re: 0.9989 Acc: 0.9992 F1: 0.9992
Epoch 48: Time: 0.5254 Cost: 0.2591 Pre: 1.0000 Re: 0.9996 Acc: 0.9998 F1: 0.9998
Epoch 49: Time: 0.5208 Cost: 0.2276 Pre: 1.0000 Re: 0.9996 Acc: 0.9998 F1: 0.9998
Epoch 50: Time: 0.5201 Cost: 0.2268 Pre: 1.0000 Re: 0.9996 Acc: 0.9998 F1: 0.9998


--------------------------------------------------------------------
Eval results: Cost:0.7428 Pre:0.9874 Re:0.9993 Acc:0.9933 F1:0.9933
--------------------------------------------------------------------

Epoch 51: Time: 0.5236 Cost: 0.1893 Pre: 1.0000 Re: 0.9996 Acc: 0.9998 F1: 0.9998
Epoch 52: Time: 0.5209 Cost: 0.1929 Pre: 1.0000 Re: 0.9996 Acc: 0.9998 F1: 0.9998
Epoch 53: Time: 0.5218 Cost: 0.1809 Pre: 1.0000 Re: 0.9996 Acc: 0.9998 F1: 0.9998
Epoch 54: Time: 0.5216 Cost: 0.1684 Pre: 1.0000 Re: 0.9996 Acc: 0.9998 F1: 0.9998
Epoch 55: Time: 0.5224 Cost: 0.1521 Pre: 1.0000 Re: 0.9996 Acc: 0.9998 F1: 0.9998
Epoch 56: Time: 0.5198 Cost: 0.1502 Pre: 1.0000 Re: 0.9996 Acc: 0.9998 F1: 0.9998
Epoch 57: Time: 0.5238 Cost: 0.1642 Pre: 1.0000 Re: 0.9992 Acc: 0.9996 F1: 0.9996
Epoch 58: Time: 0.5195 Cost: 0.2817 Pre: 0.9981 Re: 0.9985 Acc: 0.9983 F1: 0.9983
Epoch 59: Time: 0.5212 Cost: 0.1322 Pre: 1.0000 Re: 0.9996 Acc: 0.9998 F1: 0.9998
Epoch 60: Time: 0.5213 Cost: 0.1108 Pre: 1.0000 Re: 0.9996 Acc: 0.9998 F1: 0.9998


--------------------------------------------------------------------
Eval results: Cost:0.2201 Pre:0.9993 Re:0.9985 Acc:0.9989 F1:0.9989
--------------------------------------------------------------------

Epoch 61: Time: 0.5201 Cost: 0.1069 Pre: 1.0000 Re: 0.9996 Acc: 0.9998 F1: 0.9998
Epoch 62: Time: 0.5242 Cost: 0.1012 Pre: 1.0000 Re: 0.9996 Acc: 0.9998 F1: 0.9998
Epoch 63: Time: 0.5212 Cost: 0.0909 Pre: 1.0000 Re: 0.9996 Acc: 0.9998 F1: 0.9998
Epoch 64: Time: 0.5204 Cost: 0.1046 Pre: 1.0000 Re: 0.9996 Acc: 0.9998 F1: 0.9998
Epoch 65: Time: 0.5204 Cost: 0.0858 Pre: 1.0000 Re: 0.9996 Acc: 0.9998 F1: 0.9998
Epoch 66: Time: 0.5238 Cost: 0.0731 Pre: 1.0000 Re: 0.9996 Acc: 0.9998 F1: 0.9998
Epoch 67: Time: 0.5218 Cost: 0.0727 Pre: 1.0000 Re: 0.9996 Acc: 0.9998 F1: 0.9998
Epoch 68: Time: 0.5223 Cost: 0.0584 Pre: 1.0000 Re: 0.9996 Acc: 0.9998 F1: 0.9998
Epoch 69: Time: 0.6196 Cost: 0.0574 Pre: 1.0000 Re: 0.9996 Acc: 0.9998 F1: 0.9998
Epoch 70: Time: 0.5437 Cost: 0.0547 Pre: 1.0000 Re: 0.9996 Acc: 0.9998 F1: 0.9998


--------------------------------------------------------------------
Eval results: Cost:0.1720 Pre:0.9993 Re:0.9985 Acc:0.9989 F1:0.9989
--------------------------------------------------------------------

Epoch 71: Time: 0.5244 Cost: 0.0516 Pre: 1.0000 Re: 0.9996 Acc: 0.9998 F1: 0.9998
Epoch 72: Time: 0.5249 Cost: 0.0453 Pre: 1.0000 Re: 0.9996 Acc: 0.9998 F1: 0.9998
Epoch 73: Time: 0.5222 Cost: 0.0424 Pre: 1.0000 Re: 0.9996 Acc: 0.9998 F1: 0.9998
Epoch 74: Time: 0.5309 Cost: 0.0399 Pre: 1.0000 Re: 0.9996 Acc: 0.9998 F1: 0.9998
Epoch 75: Time: 0.5678 Cost: 0.0342 Pre: 1.0000 Re: 1.0000 Acc: 1.0000 F1: 1.0000
Epoch 76: Time: 0.5649 Cost: 0.0314 Pre: 1.0000 Re: 1.0000 Acc: 1.0000 F1: 1.0000
Epoch 77: Time: 0.5351 Cost: 0.0294 Pre: 1.0000 Re: 1.0000 Acc: 1.0000 F1: 1.0000
Epoch 78: Time: 0.5289 Cost: 0.0309 Pre: 1.0000 Re: 1.0000 Acc: 1.0000 F1: 1.0000
Epoch 79: Time: 0.5213 Cost: 0.0297 Pre: 1.0000 Re: 1.0000 Acc: 1.0000 F1: 1.0000
Epoch 80: Time: 0.5253 Cost: 0.0275 Pre: 1.0000 Re: 1.0000 Acc: 1.0000 F1: 1.0000


--------------------------------------------------------------------
Eval results: Cost:0.1364 Pre:0.9985 Re:1.0000 Acc:0.9993 F1:0.9993
--------------------------------------------------------------------

Epoch 81: Time: 0.5231 Cost: 0.0287 Pre: 1.0000 Re: 1.0000 Acc: 1.0000 F1: 1.0000
Epoch 82: Time: 0.5221 Cost: 0.0246 Pre: 1.0000 Re: 1.0000 Acc: 1.0000 F1: 1.0000
Epoch 83: Time: 0.5230 Cost: 0.0221 Pre: 1.0000 Re: 1.0000 Acc: 1.0000 F1: 1.0000
Epoch 84: Time: 0.5205 Cost: 0.0190 Pre: 1.0000 Re: 1.0000 Acc: 1.0000 F1: 1.0000
Epoch 85: Time: 0.5201 Cost: 0.0175 Pre: 1.0000 Re: 1.0000 Acc: 1.0000 F1: 1.0000
Epoch 86: Time: 0.5212 Cost: 0.0161 Pre: 1.0000 Re: 1.0000 Acc: 1.0000 F1: 1.0000
Epoch 87: Time: 0.5223 Cost: 0.0150 Pre: 1.0000 Re: 1.0000 Acc: 1.0000 F1: 1.0000
Epoch 88: Time: 0.5201 Cost: 0.0139 Pre: 1.0000 Re: 1.0000 Acc: 1.0000 F1: 1.0000
Epoch 89: Time: 0.5216 Cost: 0.0130 Pre: 1.0000 Re: 1.0000 Acc: 1.0000 F1: 1.0000
Epoch 90: Time: 0.6561 Cost: 0.0122 Pre: 1.0000 Re: 1.0000 Acc: 1.0000 F1: 1.0000


--------------------------------------------------------------------
Eval results: Cost:0.1563 Pre:0.9985 Re:0.9985 Acc:0.9985 F1:0.9985
--------------------------------------------------------------------

Epoch 91: Time: 0.5205 Cost: 0.0156 Pre: 1.0000 Re: 1.0000 Acc: 1.0000 F1: 1.0000
Epoch 92: Time: 0.5226 Cost: 0.0122 Pre: 1.0000 Re: 1.0000 Acc: 1.0000 F1: 1.0000
Epoch 93: Time: 0.5286 Cost: 0.0126 Pre: 1.0000 Re: 1.0000 Acc: 1.0000 F1: 1.0000
Epoch 94: Time: 0.5191 Cost: 0.0109 Pre: 1.0000 Re: 1.0000 Acc: 1.0000 F1: 1.0000
Epoch 95: Time: 0.5219 Cost: 0.0096 Pre: 1.0000 Re: 1.0000 Acc: 1.0000 F1: 1.0000
Epoch 96: Time: 0.5237 Cost: 0.0091 Pre: 1.0000 Re: 1.0000 Acc: 1.0000 F1: 1.0000
Epoch 97: Time: 0.5230 Cost: 0.0086 Pre: 1.0000 Re: 1.0000 Acc: 1.0000 F1: 1.0000
Epoch 98: Time: 0.5219 Cost: 0.0082 Pre: 1.0000 Re: 1.0000 Acc: 1.0000 F1: 1.0000
Epoch 99: Time: 0.5214 Cost: 0.0080 Pre: 1.0000 Re: 1.0000 Acc: 1.0000 F1: 1.0000
Epoch 100: Time: 0.5206 Cost: 0.0079 Pre: 1.0000 Re: 1.0000 Acc: 1.0000 F1: 1.0000


--------------------------------------------------------------------
Eval results: Cost:0.2630 Pre:0.9992 Re:0.9955 Acc:0.9974 F1:0.9974
--------------------------------------------------------------------

Epoch 101: Time: 0.5231 Cost: 0.0088 Pre: 1.0000 Re: 1.0000 Acc: 1.0000 F1: 1.0000
Epoch 102: Time: 0.5193 Cost: 0.0072 Pre: 1.0000 Re: 1.0000 Acc: 1.0000 F1: 1.0000
Epoch 103: Time: 0.5211 Cost: 0.0071 Pre: 1.0000 Re: 1.0000 Acc: 1.0000 F1: 1.0000
Epoch 104: Time: 0.5248 Cost: 0.0097 Pre: 1.0000 Re: 1.0000 Acc: 1.0000 F1: 1.0000
Epoch 105: Time: 0.5224 Cost: 0.0093 Pre: 1.0000 Re: 1.0000 Acc: 1.0000 F1: 1.0000
Epoch 106: Time: 0.5235 Cost: 0.0077 Pre: 1.0000 Re: 1.0000 Acc: 1.0000 F1: 1.0000
Epoch 107: Time: 0.5202 Cost: 0.0082 Pre: 1.0000 Re: 1.0000 Acc: 1.0000 F1: 1.0000
Epoch 108: Time: 0.5245 Cost: 0.0081 Pre: 1.0000 Re: 1.0000 Acc: 1.0000 F1: 1.0000
Epoch 109: Time: 0.5208 Cost: 0.0079 Pre: 1.0000 Re: 1.0000 Acc: 1.0000 F1: 1.0000
Epoch 110: Time: 0.5218 Cost: 0.0074 Pre: 1.0000 Re: 1.0000 Acc: 1.0000 F1: 1.0000


--------------------------------------------------------------------
Eval results: Cost:0.0983 Pre:1.0000 Re:0.9985 Acc:0.9993 F1:0.9993
--------------------------------------------------------------------

Epoch 111: Time: 0.5230 Cost: 0.0081 Pre: 1.0000 Re: 1.0000 Acc: 1.0000 F1: 1.0000
Epoch 112: Time: 0.5205 Cost: 0.0049 Pre: 1.0000 Re: 1.0000 Acc: 1.0000 F1: 1.0000
Epoch 113: Time: 0.5183 Cost: 0.0050 Pre: 1.0000 Re: 1.0000 Acc: 1.0000 F1: 1.0000
Epoch 114: Time: 0.5225 Cost: 0.0050 Pre: 1.0000 Re: 1.0000 Acc: 1.0000 F1: 1.0000
Epoch 115: Time: 0.5255 Cost: 0.0047 Pre: 1.0000 Re: 1.0000 Acc: 1.0000 F1: 1.0000
Epoch 116: Time: 0.5194 Cost: 0.0044 Pre: 1.0000 Re: 1.0000 Acc: 1.0000 F1: 1.0000
Epoch 117: Time: 0.5205 Cost: 0.0041 Pre: 1.0000 Re: 1.0000 Acc: 1.0000 F1: 1.0000
Epoch 118: Time: 0.5206 Cost: 0.0038 Pre: 1.0000 Re: 1.0000 Acc: 1.0000 F1: 1.0000
Epoch 119: Time: 0.5230 Cost: 0.0037 Pre: 1.0000 Re: 1.0000 Acc: 1.0000 F1: 1.0000
Epoch 120: Time: 0.5227 Cost: 0.0035 Pre: 1.0000 Re: 1.0000 Acc: 1.0000 F1: 1.0000


--------------------------------------------------------------------
Eval results: Cost:0.0531 Pre:1.0000 Re:0.9993 Acc:0.9996 F1:0.9996
--------------------------------------------------------------------

Epoch 121: Time: 0.5212 Cost: 0.0035 Pre: 1.0000 Re: 1.0000 Acc: 1.0000 F1: 1.0000
Epoch 122: Time: 0.5244 Cost: 0.0034 Pre: 1.0000 Re: 1.0000 Acc: 1.0000 F1: 1.0000
Epoch 123: Time: 0.5364 Cost: 0.0033 Pre: 1.0000 Re: 1.0000 Acc: 1.0000 F1: 1.0000
Epoch 124: Time: 0.5206 Cost: 0.0032 Pre: 1.0000 Re: 1.0000 Acc: 1.0000 F1: 1.0000
Epoch 125: Time: 0.5209 Cost: 0.0031 Pre: 1.0000 Re: 1.0000 Acc: 1.0000 F1: 1.0000
Epoch 126: Time: 0.5251 Cost: 0.0031 Pre: 1.0000 Re: 1.0000 Acc: 1.0000 F1: 1.0000
Epoch 127: Time: 0.5204 Cost: 0.0030 Pre: 1.0000 Re: 1.0000 Acc: 1.0000 F1: 1.0000
Epoch 128: Time: 0.5214 Cost: 0.0029 Pre: 1.0000 Re: 1.0000 Acc: 1.0000 F1: 1.0000
Epoch 129: Time: 0.5311 Cost: 0.0029 Pre: 1.0000 Re: 1.0000 Acc: 1.0000 F1: 1.0000
Epoch 130: Time: 0.5214 Cost: 0.0028 Pre: 1.0000 Re: 1.0000 Acc: 1.0000 F1: 1.0000


--------------------------------------------------------------------
Eval results: Cost:0.0497 Pre:1.0000 Re:0.9993 Acc:0.9996 F1:0.9996
--------------------------------------------------------------------

Epoch 131: Time: 0.5215 Cost: 0.0029 Pre: 1.0000 Re: 1.0000 Acc: 1.0000 F1: 1.0000
Epoch 132: Time: 0.5206 Cost: 0.0027 Pre: 1.0000 Re: 1.0000 Acc: 1.0000 F1: 1.0000
Epoch 133: Time: 0.5259 Cost: 0.0027 Pre: 1.0000 Re: 1.0000 Acc: 1.0000 F1: 1.0000
Epoch 134: Time: 0.7079 Cost: 0.0026 Pre: 1.0000 Re: 1.0000 Acc: 1.0000 F1: 1.0000
Epoch 135: Time: 0.8662 Cost: 0.0026 Pre: 1.0000 Re: 1.0000 Acc: 1.0000 F1: 1.0000
Epoch 136: Time: 0.5395 Cost: 0.0026 Pre: 1.0000 Re: 1.0000 Acc: 1.0000 F1: 1.0000
Epoch 137: Time: 0.5206 Cost: 0.0025 Pre: 1.0000 Re: 1.0000 Acc: 1.0000 F1: 1.0000
Epoch 138: Time: 0.5215 Cost: 0.0025 Pre: 1.0000 Re: 1.0000 Acc: 1.0000 F1: 1.0000
Epoch 139: Time: 0.5229 Cost: 0.0024 Pre: 1.0000 Re: 1.0000 Acc: 1.0000 F1: 1.0000
Epoch 140: Time: 0.5206 Cost: 0.0024 Pre: 1.0000 Re: 1.0000 Acc: 1.0000 F1: 1.0000


--------------------------------------------------------------------
Eval results: Cost:0.0474 Pre:1.0000 Re:0.9993 Acc:0.9996 F1:0.9996
--------------------------------------------------------------------

Epoch 141: Time: 0.5207 Cost: 0.0026 Pre: 1.0000 Re: 1.0000 Acc: 1.0000 F1: 1.0000
Epoch 142: Time: 0.5234 Cost: 0.0022 Pre: 1.0000 Re: 1.0000 Acc: 1.0000 F1: 1.0000
Epoch 143: Time: 0.5210 Cost: 0.0023 Pre: 1.0000 Re: 1.0000 Acc: 1.0000 F1: 1.0000
Epoch 144: Time: 0.5243 Cost: 0.0022 Pre: 1.0000 Re: 1.0000 Acc: 1.0000 F1: 1.0000
Epoch 145: Time: 0.5775 Cost: 0.0022 Pre: 1.0000 Re: 1.0000 Acc: 1.0000 F1: 1.0000
Epoch 146: Time: 0.5234 Cost: 0.0022 Pre: 1.0000 Re: 1.0000 Acc: 1.0000 F1: 1.0000
Epoch 147: Time: 0.5201 Cost: 0.0021 Pre: 1.0000 Re: 1.0000 Acc: 1.0000 F1: 1.0000
Epoch 148: Time: 0.5218 Cost: 0.0021 Pre: 1.0000 Re: 1.0000 Acc: 1.0000 F1: 1.0000
Epoch 149: Time: 0.5216 Cost: 0.0021 Pre: 1.0000 Re: 1.0000 Acc: 1.0000 F1: 1.0000
Epoch 150: Time: 0.5252 Cost: 0.0020 Pre: 1.0000 Re: 1.0000 Acc: 1.0000 F1: 1.0000


--------------------------------------------------------------------
Eval results: Cost:0.0488 Pre:1.0000 Re:0.9993 Acc:0.9996 F1:0.9996
--------------------------------------------------------------------

Epoch 151: Time: 0.5230 Cost: 0.0024 Pre: 1.0000 Re: 1.0000 Acc: 1.0000 F1: 1.0000
Epoch 152: Time: 0.5205 Cost: 0.0019 Pre: 1.0000 Re: 1.0000 Acc: 1.0000 F1: 1.0000
Epoch 153: Time: 0.5232 Cost: 0.0019 Pre: 1.0000 Re: 1.0000 Acc: 1.0000 F1: 1.0000
Epoch 154: Time: 0.5228 Cost: 0.0019 Pre: 1.0000 Re: 1.0000 Acc: 1.0000 F1: 1.0000
Epoch 155: Time: 0.5204 Cost: 0.0018 Pre: 1.0000 Re: 1.0000 Acc: 1.0000 F1: 1.0000
Epoch 156: Time: 0.5211 Cost: 0.0018 Pre: 1.0000 Re: 1.0000 Acc: 1.0000 F1: 1.0000
Epoch 157: Time: 0.5235 Cost: 0.0018 Pre: 1.0000 Re: 1.0000 Acc: 1.0000 F1: 1.0000
Epoch 158: Time: 0.5220 Cost: 0.0018 Pre: 1.0000 Re: 1.0000 Acc: 1.0000 F1: 1.0000
Epoch 159: Time: 0.5219 Cost: 0.0017 Pre: 1.0000 Re: 1.0000 Acc: 1.0000 F1: 1.0000
Epoch 160: Time: 0.5255 Cost: 0.0017 Pre: 1.0000 Re: 1.0000 Acc: 1.0000 F1: 1.0000


--------------------------------------------------------------------
Eval results: Cost:0.0372 Pre:0.9993 Re:1.0000 Acc:0.9996 F1:0.9996
--------------------------------------------------------------------

Epoch 161: Time: 0.5226 Cost: 0.0018 Pre: 1.0000 Re: 1.0000 Acc: 1.0000 F1: 1.0000
Epoch 162: Time: 0.5248 Cost: 0.0016 Pre: 1.0000 Re: 1.0000 Acc: 1.0000 F1: 1.0000
Epoch 163: Time: 0.5203 Cost: 0.0016 Pre: 1.0000 Re: 1.0000 Acc: 1.0000 F1: 1.0000
Epoch 164: Time: 0.5245 Cost: 0.0016 Pre: 1.0000 Re: 1.0000 Acc: 1.0000 F1: 1.0000
Epoch 165: Time: 0.5218 Cost: 0.0016 Pre: 1.0000 Re: 1.0000 Acc: 1.0000 F1: 1.0000
Epoch 166: Time: 0.5236 Cost: 0.0016 Pre: 1.0000 Re: 1.0000 Acc: 1.0000 F1: 1.0000
Epoch 167: Time: 0.5254 Cost: 0.0015 Pre: 1.0000 Re: 1.0000 Acc: 1.0000 F1: 1.0000
Epoch 168: Time: 0.5219 Cost: 0.0015 Pre: 1.0000 Re: 1.0000 Acc: 1.0000 F1: 1.0000
Epoch 169: Time: 0.5204 Cost: 0.0015 Pre: 1.0000 Re: 1.0000 Acc: 1.0000 F1: 1.0000
Epoch 170: Time: 0.5227 Cost: 0.0015 Pre: 1.0000 Re: 1.0000 Acc: 1.0000 F1: 1.0000


--------------------------------------------------------------------
Eval results: Cost:0.0421 Pre:0.9993 Re:1.0000 Acc:0.9996 F1:0.9996
--------------------------------------------------------------------

Epoch 171: Time: 0.5248 Cost: 0.0015 Pre: 1.0000 Re: 1.0000 Acc: 1.0000 F1: 1.0000
Epoch 172: Time: 0.5198 Cost: 0.0014 Pre: 1.0000 Re: 1.0000 Acc: 1.0000 F1: 1.0000
Epoch 173: Time: 0.5209 Cost: 0.0014 Pre: 1.0000 Re: 1.0000 Acc: 1.0000 F1: 1.0000
Epoch 174: Time: 0.5228 Cost: 0.0014 Pre: 1.0000 Re: 1.0000 Acc: 1.0000 F1: 1.0000
Epoch 175: Time: 0.5362 Cost: 0.0014 Pre: 1.0000 Re: 1.0000 Acc: 1.0000 F1: 1.0000
Epoch 176: Time: 0.5221 Cost: 0.0014 Pre: 1.0000 Re: 1.0000 Acc: 1.0000 F1: 1.0000
Epoch 177: Time: 0.5227 Cost: 0.0014 Pre: 1.0000 Re: 1.0000 Acc: 1.0000 F1: 1.0000
Epoch 178: Time: 0.5249 Cost: 0.0014 Pre: 1.0000 Re: 1.0000 Acc: 1.0000 F1: 1.0000
Epoch 179: Time: 0.5239 Cost: 0.0013 Pre: 1.0000 Re: 1.0000 Acc: 1.0000 F1: 1.0000
Epoch 180: Time: 0.5223 Cost: 0.0013 Pre: 1.0000 Re: 1.0000 Acc: 1.0000 F1: 1.0000


--------------------------------------------------------------------
Eval results: Cost:0.0452 Pre:0.9993 Re:1.0000 Acc:0.9996 F1:0.9996
--------------------------------------------------------------------

Epoch 181: Time: 0.5223 Cost: 0.0013 Pre: 1.0000 Re: 1.0000 Acc: 1.0000 F1: 1.0000
Epoch 182: Time: 0.5223 Cost: 0.0013 Pre: 1.0000 Re: 1.0000 Acc: 1.0000 F1: 1.0000
Epoch 183: Time: 0.5232 Cost: 0.0013 Pre: 1.0000 Re: 1.0000 Acc: 1.0000 F1: 1.0000
Epoch 184: Time: 0.5217 Cost: 0.0013 Pre: 1.0000 Re: 1.0000 Acc: 1.0000 F1: 1.0000
Epoch 185: Time: 0.5222 Cost: 0.0013 Pre: 1.0000 Re: 1.0000 Acc: 1.0000 F1: 1.0000
Epoch 186: Time: 0.5230 Cost: 0.0013 Pre: 1.0000 Re: 1.0000 Acc: 1.0000 F1: 1.0000
Epoch 187: Time: 0.5232 Cost: 0.0012 Pre: 1.0000 Re: 1.0000 Acc: 1.0000 F1: 1.0000
Epoch 188: Time: 0.5216 Cost: 0.0012 Pre: 1.0000 Re: 1.0000 Acc: 1.0000 F1: 1.0000
Epoch 189: Time: 0.5240 Cost: 0.0012 Pre: 1.0000 Re: 1.0000 Acc: 1.0000 F1: 1.0000
Epoch 190: Time: 0.5223 Cost: 0.0012 Pre: 1.0000 Re: 1.0000 Acc: 1.0000 F1: 1.0000


--------------------------------------------------------------------
Eval results: Cost:0.0498 Pre:0.9993 Re:0.9993 Acc:0.9993 F1:0.9993
--------------------------------------------------------------------

Epoch 191: Time: 0.5201 Cost: 0.0012 Pre: 1.0000 Re: 1.0000 Acc: 1.0000 F1: 1.0000
Epoch 192: Time: 0.5259 Cost: 0.0012 Pre: 1.0000 Re: 1.0000 Acc: 1.0000 F1: 1.0000
Epoch 193: Time: 0.5238 Cost: 0.0012 Pre: 1.0000 Re: 1.0000 Acc: 1.0000 F1: 1.0000
Epoch 194: Time: 0.6666 Cost: 0.0012 Pre: 1.0000 Re: 1.0000 Acc: 1.0000 F1: 1.0000
Epoch 195: Time: 0.5516 Cost: 0.0012 Pre: 1.0000 Re: 1.0000 Acc: 1.0000 F1: 1.0000
Epoch 196: Time: 0.5228 Cost: 0.0011 Pre: 1.0000 Re: 1.0000 Acc: 1.0000 F1: 1.0000
Epoch 197: Time: 0.5204 Cost: 0.0011 Pre: 1.0000 Re: 1.0000 Acc: 1.0000 F1: 1.0000
Epoch 198: Time: 0.5227 Cost: 0.0011 Pre: 1.0000 Re: 1.0000 Acc: 1.0000 F1: 1.0000
Epoch 199: Time: 0.5257 Cost: 0.0011 Pre: 1.0000 Re: 1.0000 Acc: 1.0000 F1: 1.0000
Epoch 200: Time: 0.5211 Cost: 0.0011 Pre: 1.0000 Re: 1.0000 Acc: 1.0000 F1: 1.0000


--------------------------------------------------------------------
Eval results: Cost:0.0544 Pre:0.9993 Re:0.9993 Acc:0.9993 F1:0.9993
--------------------------------------------------------------------

Epoch 201: Time: 0.5208 Cost: 0.0011 Pre: 1.0000 Re: 1.0000 Acc: 1.0000 F1: 1.0000
Epoch 202: Time: 0.5235 Cost: 0.0011 Pre: 1.0000 Re: 1.0000 Acc: 1.0000 F1: 1.0000
Epoch 203: Time: 0.5223 Cost: 0.0011 Pre: 1.0000 Re: 1.0000 Acc: 1.0000 F1: 1.0000
Epoch 204: Time: 0.5227 Cost: 0.0011 Pre: 1.0000 Re: 1.0000 Acc: 1.0000 F1: 1.0000
Epoch 205: Time: 0.5241 Cost: 0.0011 Pre: 1.0000 Re: 1.0000 Acc: 1.0000 F1: 1.0000
Epoch 206: Time: 0.5258 Cost: 0.0011 Pre: 1.0000 Re: 1.0000 Acc: 1.0000 F1: 1.0000
Epoch 207: Time: 0.5254 Cost: 0.0010 Pre: 1.0000 Re: 1.0000 Acc: 1.0000 F1: 1.0000
Epoch 208: Time: 0.6178 Cost: 0.0010 Pre: 1.0000 Re: 1.0000 Acc: 1.0000 F1: 1.0000
Epoch 209: Time: 0.5207 Cost: 0.0010 Pre: 1.0000 Re: 1.0000 Acc: 1.0000 F1: 1.0000
Epoch 210: Time: 0.5228 Cost: 0.0010 Pre: 1.0000 Re: 1.0000 Acc: 1.0000 F1: 1.0000


--------------------------------------------------------------------
Eval results: Cost:0.0581 Pre:0.9993 Re:0.9993 Acc:0.9993 F1:0.9993
--------------------------------------------------------------------

Epoch 211: Time: 0.5370 Cost: 0.0010 Pre: 1.0000 Re: 1.0000 Acc: 1.0000 F1: 1.0000
Epoch 212: Time: 0.5247 Cost: 0.0010 Pre: 1.0000 Re: 1.0000 Acc: 1.0000 F1: 1.0000
Epoch 213: Time: 0.5217 Cost: 0.0010 Pre: 1.0000 Re: 1.0000 Acc: 1.0000 F1: 1.0000
Epoch 214: Time: 0.5225 Cost: 0.0010 Pre: 1.0000 Re: 1.0000 Acc: 1.0000 F1: 1.0000
Epoch 215: Time: 0.5205 Cost: 0.0010 Pre: 1.0000 Re: 1.0000 Acc: 1.0000 F1: 1.0000
Epoch 216: Time: 0.5223 Cost: 0.0010 Pre: 1.0000 Re: 1.0000 Acc: 1.0000 F1: 1.0000
Epoch 217: Time: 0.5254 Cost: 0.0010 Pre: 1.0000 Re: 1.0000 Acc: 1.0000 F1: 1.0000
Epoch 218: Time: 0.5208 Cost: 0.0010 Pre: 1.0000 Re: 1.0000 Acc: 1.0000 F1: 1.0000
Epoch 219: Time: 0.5230 Cost: 0.0010 Pre: 1.0000 Re: 1.0000 Acc: 1.0000 F1: 1.0000
Epoch 220: Time: 0.5266 Cost: 0.0009 Pre: 1.0000 Re: 1.0000 Acc: 1.0000 F1: 1.0000


--------------------------------------------------------------------
Eval results: Cost:0.0606 Pre:0.9993 Re:0.9993 Acc:0.9993 F1:0.9993
--------------------------------------------------------------------

Early stopping...
--------------------------------------------------------------------
--------------------------------------------------------------------
Test 10470 samples take time: 2.7370
FP id:
[ 500 3487 6744 7944]
Test results: Cost:0.0377 Pre:0.9992 Re:1.0000 Acc:0.9996 F1:0.9996
--------------------------------------------------------------------

