Load data
RNN type: UNI Grammar: g4 Seed: 9
Model total parameters: 4218
Saving hinit ... 

Epoch 0: Time: 1.2304 Cost: 24.7899 Pre: 0.5320 Re: 0.6060 Acc: 0.5338 F1: 0.5666


--------------------------------------------------------------------
Eval results: Cost:24.5603 Pre:0.5290 Re:0.5536 Acc:0.5352 F1:0.5410
--------------------------------------------------------------------

Epoch 1: Time: 1.1385 Cost: 23.7852 Pre: 0.5760 Re: 0.6796 Acc: 0.5874 F1: 0.6235
Epoch 2: Time: 1.1301 Cost: 20.5043 Pre: 0.6401 Re: 0.7778 Acc: 0.6684 F1: 0.7023
Epoch 3: Time: 1.1294 Cost: 12.1679 Pre: 0.8486 Re: 0.8608 Acc: 0.8528 F1: 0.8547
Epoch 4: Time: 1.1254 Cost: 9.2453 Pre: 0.9025 Re: 0.8919 Acc: 0.8972 F1: 0.8972
Epoch 5: Time: 1.1288 Cost: 7.8347 Pre: 0.9200 Re: 0.9158 Acc: 0.9176 F1: 0.9179
Epoch 6: Time: 1.1264 Cost: 6.2855 Pre: 0.9477 Re: 0.9276 Acc: 0.9378 F1: 0.9375
Epoch 7: Time: 1.1273 Cost: 5.0905 Pre: 0.9610 Re: 0.9443 Acc: 0.9527 F1: 0.9526
Epoch 8: Time: 1.1323 Cost: 3.7116 Pre: 0.9735 Re: 0.9621 Acc: 0.9678 F1: 0.9678
Epoch 9: Time: 1.1285 Cost: 2.2944 Pre: 0.9889 Re: 0.9795 Acc: 0.9842 F1: 0.9842
Epoch 10: Time: 1.1352 Cost: 1.2277 Pre: 0.9962 Re: 0.9936 Acc: 0.9949 F1: 0.9949


--------------------------------------------------------------------
Eval results: Cost:1.1554 Pre:0.9882 Re:1.0000 Acc:0.9941 F1:0.9940
--------------------------------------------------------------------

Epoch 11: Time: 1.2690 Cost: 0.6550 Pre: 1.0000 Re: 0.9981 Acc: 0.9990 F1: 0.9991
Epoch 12: Time: 1.1351 Cost: 0.3967 Pre: 1.0000 Re: 0.9996 Acc: 0.9998 F1: 0.9998
Epoch 13: Time: 1.1284 Cost: 0.2253 Pre: 1.0000 Re: 1.0000 Acc: 1.0000 F1: 1.0000
Epoch 14: Time: 1.1247 Cost: 0.1208 Pre: 1.0000 Re: 1.0000 Acc: 1.0000 F1: 1.0000
Epoch 15: Time: 1.1385 Cost: 0.0668 Pre: 1.0000 Re: 1.0000 Acc: 1.0000 F1: 1.0000
Epoch 16: Time: 1.2023 Cost: 0.0371 Pre: 1.0000 Re: 1.0000 Acc: 1.0000 F1: 1.0000
Epoch 17: Time: 1.1495 Cost: 0.0225 Pre: 1.0000 Re: 1.0000 Acc: 1.0000 F1: 1.0000
Epoch 18: Time: 1.1295 Cost: 0.0148 Pre: 1.0000 Re: 1.0000 Acc: 1.0000 F1: 1.0000
Epoch 19: Time: 1.1245 Cost: 0.0106 Pre: 1.0000 Re: 1.0000 Acc: 1.0000 F1: 1.0000
Epoch 20: Time: 1.1306 Cost: 0.0081 Pre: 1.0000 Re: 1.0000 Acc: 1.0000 F1: 1.0000


--------------------------------------------------------------------
Eval results: Cost:0.0058 Pre:1.0000 Re:1.0000 Acc:1.0000 F1:1.0000
--------------------------------------------------------------------

Epoch 21: Time: 1.1290 Cost: 0.0065 Pre: 1.0000 Re: 1.0000 Acc: 1.0000 F1: 1.0000
Epoch 22: Time: 1.1296 Cost: 0.0054 Pre: 1.0000 Re: 1.0000 Acc: 1.0000 F1: 1.0000
Epoch 23: Time: 1.1323 Cost: 0.0046 Pre: 1.0000 Re: 1.0000 Acc: 1.0000 F1: 1.0000
Epoch 24: Time: 1.1361 Cost: 0.0040 Pre: 1.0000 Re: 1.0000 Acc: 1.0000 F1: 1.0000
Epoch 25: Time: 1.1283 Cost: 0.0035 Pre: 1.0000 Re: 1.0000 Acc: 1.0000 F1: 1.0000
Epoch 26: Time: 1.1306 Cost: 0.0032 Pre: 1.0000 Re: 1.0000 Acc: 1.0000 F1: 1.0000
Epoch 27: Time: 1.1256 Cost: 0.0029 Pre: 1.0000 Re: 1.0000 Acc: 1.0000 F1: 1.0000
Epoch 28: Time: 1.1315 Cost: 0.0026 Pre: 1.0000 Re: 1.0000 Acc: 1.0000 F1: 1.0000
Epoch 29: Time: 1.1241 Cost: 0.0024 Pre: 1.0000 Re: 1.0000 Acc: 1.0000 F1: 1.0000
Epoch 30: Time: 1.1295 Cost: 0.0022 Pre: 1.0000 Re: 1.0000 Acc: 1.0000 F1: 1.0000


--------------------------------------------------------------------
Eval results: Cost:0.0018 Pre:1.0000 Re:1.0000 Acc:1.0000 F1:1.0000
--------------------------------------------------------------------

Epoch 31: Time: 1.1308 Cost: 0.0021 Pre: 1.0000 Re: 1.0000 Acc: 1.0000 F1: 1.0000
Epoch 32: Time: 1.1267 Cost: 0.0019 Pre: 1.0000 Re: 1.0000 Acc: 1.0000 F1: 1.0000
Epoch 33: Time: 1.1268 Cost: 0.0018 Pre: 1.0000 Re: 1.0000 Acc: 1.0000 F1: 1.0000
Epoch 34: Time: 1.1812 Cost: 0.0017 Pre: 1.0000 Re: 1.0000 Acc: 1.0000 F1: 1.0000
Epoch 35: Time: 1.1437 Cost: 0.0016 Pre: 1.0000 Re: 1.0000 Acc: 1.0000 F1: 1.0000
Epoch 36: Time: 1.1296 Cost: 0.0015 Pre: 1.0000 Re: 1.0000 Acc: 1.0000 F1: 1.0000
Epoch 37: Time: 1.1320 Cost: 0.0015 Pre: 1.0000 Re: 1.0000 Acc: 1.0000 F1: 1.0000
Epoch 38: Time: 1.1314 Cost: 0.0014 Pre: 1.0000 Re: 1.0000 Acc: 1.0000 F1: 1.0000
Epoch 39: Time: 1.1269 Cost: 0.0013 Pre: 1.0000 Re: 1.0000 Acc: 1.0000 F1: 1.0000
Epoch 40: Time: 1.2280 Cost: 0.0013 Pre: 1.0000 Re: 1.0000 Acc: 1.0000 F1: 1.0000


--------------------------------------------------------------------
Eval results: Cost:0.0010 Pre:1.0000 Re:1.0000 Acc:1.0000 F1:1.0000
--------------------------------------------------------------------

Epoch 41: Time: 1.1264 Cost: 0.0012 Pre: 1.0000 Re: 1.0000 Acc: 1.0000 F1: 1.0000
Epoch 42: Time: 1.1317 Cost: 0.0012 Pre: 1.0000 Re: 1.0000 Acc: 1.0000 F1: 1.0000
Epoch 43: Time: 1.1274 Cost: 0.0011 Pre: 1.0000 Re: 1.0000 Acc: 1.0000 F1: 1.0000
Epoch 44: Time: 1.1301 Cost: 0.0011 Pre: 1.0000 Re: 1.0000 Acc: 1.0000 F1: 1.0000
Epoch 45: Time: 1.1261 Cost: 0.0010 Pre: 1.0000 Re: 1.0000 Acc: 1.0000 F1: 1.0000
Epoch 46: Time: 1.1327 Cost: 0.0010 Pre: 1.0000 Re: 1.0000 Acc: 1.0000 F1: 1.0000
Epoch 47: Time: 1.1286 Cost: 0.0010 Pre: 1.0000 Re: 1.0000 Acc: 1.0000 F1: 1.0000
Epoch 48: Time: 1.1348 Cost: 0.0009 Pre: 1.0000 Re: 1.0000 Acc: 1.0000 F1: 1.0000
Epoch 49: Time: 1.1277 Cost: 0.0009 Pre: 1.0000 Re: 1.0000 Acc: 1.0000 F1: 1.0000
Epoch 50: Time: 1.1290 Cost: 0.0009 Pre: 1.0000 Re: 1.0000 Acc: 1.0000 F1: 1.0000


--------------------------------------------------------------------
Eval results: Cost:0.0007 Pre:1.0000 Re:1.0000 Acc:1.0000 F1:1.0000
--------------------------------------------------------------------

Epoch 51: Time: 1.1281 Cost: 0.0009 Pre: 1.0000 Re: 1.0000 Acc: 1.0000 F1: 1.0000
Epoch 52: Time: 1.1289 Cost: 0.0008 Pre: 1.0000 Re: 1.0000 Acc: 1.0000 F1: 1.0000
Epoch 53: Time: 1.1260 Cost: 0.0008 Pre: 1.0000 Re: 1.0000 Acc: 1.0000 F1: 1.0000
Epoch 54: Time: 1.1296 Cost: 0.0008 Pre: 1.0000 Re: 1.0000 Acc: 1.0000 F1: 1.0000
Epoch 55: Time: 1.1261 Cost: 0.0008 Pre: 1.0000 Re: 1.0000 Acc: 1.0000 F1: 1.0000
Epoch 56: Time: 1.1308 Cost: 0.0007 Pre: 1.0000 Re: 1.0000 Acc: 1.0000 F1: 1.0000
Epoch 57: Time: 1.1287 Cost: 0.0007 Pre: 1.0000 Re: 1.0000 Acc: 1.0000 F1: 1.0000
Epoch 58: Time: 1.1296 Cost: 0.0007 Pre: 1.0000 Re: 1.0000 Acc: 1.0000 F1: 1.0000
Epoch 59: Time: 1.1295 Cost: 0.0007 Pre: 1.0000 Re: 1.0000 Acc: 1.0000 F1: 1.0000
Epoch 60: Time: 1.1393 Cost: 0.0007 Pre: 1.0000 Re: 1.0000 Acc: 1.0000 F1: 1.0000


--------------------------------------------------------------------
Eval results: Cost:0.0006 Pre:1.0000 Re:1.0000 Acc:1.0000 F1:1.0000
--------------------------------------------------------------------

Early stopping...
--------------------------------------------------------------------
--------------------------------------------------------------------
Test 10470 samples take time: 5.1412
Test results: Cost:0.0006 Pre:1.0000 Re:1.0000 Acc:1.0000 F1:1.0000
--------------------------------------------------------------------

