G:g5, model:GRU tanh, load all data and stored hidden activations


--------------------------------------------------------------------
Begin DFA extraction with n_state:2
Done fitting takes time: 0.8169
==Minimized===

This DFA has 1 states
States: ['2']
Alphabet: set(['1', '0'])
Starting state: 2
Accepting states: []
Transition function:
	2
1 	2
0 	2
Current state: 2
Currently accepting: False

Precision: 0.0000 Recall: 0.0000 Accuracy: 0.5097 F1: 0.0000


--------------------------------------------------------------------
Begin DFA extraction with n_state:3
Done fitting takes time: 0.7887
==Minimized===

This DFA has 1 states
States: ['2']
Alphabet: set(['1', '0'])
Starting state: 2
Accepting states: []
Transition function:
	2
1 	2
0 	2
Current state: 2
Currently accepting: False

Precision: 0.0000 Recall: 0.0000 Accuracy: 0.5097 F1: 0.0000


--------------------------------------------------------------------
Begin DFA extraction with n_state:4
Done fitting takes time: 1.0137
==Minimized===

This DFA has 1 states
States: ['2']
Alphabet: set(['1', '0'])
Starting state: 2
Accepting states: []
Transition function:
	2
1 	2
0 	2
Current state: 2
Currently accepting: False

Precision: 0.0000 Recall: 0.0000 Accuracy: 0.5097 F1: 0.0000


--------------------------------------------------------------------
Begin DFA extraction with n_state:5
Done fitting takes time: 0.5248
==Minimized===

This DFA has 1 states
States: ['2']
Alphabet: set(['1', '0'])
Starting state: 2
Accepting states: []
Transition function:
	2
1 	2
0 	2
Current state: 2
Currently accepting: False

Precision: 0.0000 Recall: 0.0000 Accuracy: 0.5097 F1: 0.0000


--------------------------------------------------------------------
Begin DFA extraction with n_state:6
Done fitting takes time: 1.1278
==Minimized===

This DFA has 1 states
States: ['2']
Alphabet: set(['1', '0'])
Starting state: 2
Accepting states: []
Transition function:
	2
1 	2
0 	2
Current state: 2
Currently accepting: False

Precision: 0.0000 Recall: 0.0000 Accuracy: 0.5097 F1: 0.0000


--------------------------------------------------------------------
Begin DFA extraction with n_state:7
Done fitting takes time: 0.9907
==Minimized===

This DFA has 2 states
States: ['7', '2']
Alphabet: set(['1', '0'])
Starting state: 7
Accepting states: ['7']
Transition function:
	2	7
1 	2	2
0 	2	2
Current state: 7
Currently accepting: True

Precision: 0.0000 Recall: 0.0000 Accuracy: 0.5097 F1: 0.0000


--------------------------------------------------------------------
Begin DFA extraction with n_state:8
Done fitting takes time: 0.5453
==Minimized===

This DFA has 2 states
States: ['7', '2']
Alphabet: set(['1', '0'])
Starting state: 7
Accepting states: ['7']
Transition function:
	2	7
1 	2	2
0 	2	2
Current state: 7
Currently accepting: True

Precision: 0.0000 Recall: 0.0000 Accuracy: 0.5097 F1: 0.0000


--------------------------------------------------------------------
Begin DFA extraction with n_state:9
Done fitting takes time: 1.3970
==Minimized===

This DFA has 2 states
States: ['7', '2']
Alphabet: set(['1', '0'])
Starting state: 7
Accepting states: ['7']
Transition function:
	2	7
1 	2	7
0 	2	2
Current state: 7
Currently accepting: True

Precision: 0.6667 Recall: 0.0014 Accuracy: 0.5100 F1: 0.0029


--------------------------------------------------------------------
Begin DFA extraction with n_state:10
Done fitting takes time: 1.0212
==Minimized===

This DFA has 4 states
States: ['2', '6', '5', '7']
Alphabet: set(['1', '0'])
Starting state: 7
Accepting states: ['5', '7']
Transition function:
	2	5	6	7
1 	5	6	6	2
0 	2	6	6	2
Current state: 7
Currently accepting: True

Precision: 0.4118 Recall: 0.0017 Accuracy: 0.5093 F1: 0.0033


--------------------------------------------------------------------
Begin DFA extraction with n_state:11
Done fitting takes time: 1.5687
==Minimized===

This DFA has 2 states
States: ['7', '2']
Alphabet: set(['1', '0'])
Starting state: 7
Accepting states: ['7']
Transition function:
	2	7
1 	2	2
0 	2	7
Current state: 7
Currently accepting: True

Precision: 0.7500 Recall: 0.0014 Accuracy: 0.5101 F1: 0.0029


--------------------------------------------------------------------
Begin DFA extraction with n_state:12
Done fitting takes time: 1.7089
==Minimized===

This DFA has 1 states
States: ['7']
Alphabet: set(['1', '0'])
Starting state: 7
Accepting states: []
Transition function:
	7
1 	7
0 	7
Current state: 7
Currently accepting: False

Precision: 0.0000 Recall: 0.0000 Accuracy: 0.5097 F1: 0.0000


--------------------------------------------------------------------
Begin DFA extraction with n_state:13
Done fitting takes time: 1.8028
==Minimized===

This DFA has 1 states
States: ['7']
Alphabet: set(['1', '0'])
Starting state: 7
Accepting states: []
Transition function:
	7
1 	7
0 	7
Current state: 7
Currently accepting: False

Precision: 0.0000 Recall: 0.0000 Accuracy: 0.5097 F1: 0.0000


--------------------------------------------------------------------
Begin DFA extraction with n_state:14
Done fitting takes time: 0.5604
==Minimized===

This DFA has 3 states
States: ['14', '2', '7']
Alphabet: set(['1', '0'])
Starting state: 7
Accepting states: ['2', '7']
Transition function:
	14	2	7
1 	14	14	2
0 	14	14	7
Current state: 7
Currently accepting: True

Precision: 0.3529 Recall: 0.0014 Accuracy: 0.5091 F1: 0.0029


--------------------------------------------------------------------
Begin DFA extraction with n_state:15
Done fitting takes time: 0.5572
==Minimized===

This DFA has 1 states
States: ['7']
Alphabet: set(['1', '0'])
Starting state: 7
Accepting states: []
Transition function:
	7
1 	7
0 	7
Current state: 7
Currently accepting: False

Precision: 0.0000 Recall: 0.0000 Accuracy: 0.5097 F1: 0.0000


--------------------------------------------------------------------
Begin DFA extraction with n_state:16
Done fitting takes time: 1.1195
==Minimized===

This DFA has 1 states
States: ['7']
Alphabet: set(['1', '0'])
Starting state: 7
Accepting states: []
Transition function:
	7
1 	7
0 	7
Current state: 7
Currently accepting: False

Precision: 0.0000 Recall: 0.0000 Accuracy: 0.5097 F1: 0.0000


--------------------------------------------------------------------
Begin DFA extraction with n_state:17
Done fitting takes time: 1.5098
==Minimized===

This DFA has 1 states
States: ['7']
Alphabet: set(['1', '0'])
Starting state: 7
Accepting states: []
Transition function:
	7
1 	7
0 	7
Current state: 7
Currently accepting: False

Precision: 0.0000 Recall: 0.0000 Accuracy: 0.5097 F1: 0.0000


--------------------------------------------------------------------
Begin DFA extraction with n_state:18
Done fitting takes time: 1.3755
==Minimized===

This DFA has 1 states
States: ['7']
Alphabet: set(['1', '0'])
Starting state: 7
Accepting states: []
Transition function:
	7
1 	7
0 	7
Current state: 7
Currently accepting: False

Precision: 0.0000 Recall: 0.0000 Accuracy: 0.5097 F1: 0.0000


--------------------------------------------------------------------
Begin DFA extraction with n_state:19
Done fitting takes time: 1.4778
==Minimized===

This DFA has 1 states
States: ['7']
Alphabet: set(['1', '0'])
Starting state: 7
Accepting states: []
Transition function:
	7
1 	7
0 	7
Current state: 7
Currently accepting: False

Precision: 0.0000 Recall: 0.0000 Accuracy: 0.5097 F1: 0.0000
[ 0.          0.          0.          0.          0.          0.          0.
  0.00287494  0.00334768  0.00287563  0.          0.          0.00286944
  0.          0.          0.          0.          0.        ]


[[ 0.          0.          0.          0.          0.          0.          0.
   0.          0.31709742  0.          0.          0.          0.          0.
   0.23880597  0.16176769  0.41240876  0.15698023]
 [ 0.          0.          0.          0.          0.          0.          0.
   0.          0.          0.42464031  0.42464031  0.42464031  0.          0.
   0.42263312  0.          0.          0.        ]
 [ 0.986733    0.50826596  0.50826596  1.          1.          1.          1.
   1.          1.          1.          1.          1.          1.          1.
   1.          1.          1.          1.        ]
 [ 0.          0.78620492  1.          1.          1.          1.          1.
   1.          1.          1.          1.          1.          1.          1.
   1.          1.          1.          1.        ]
 [ 0.          0.          0.67020677  0.67020677  0.50826596  0.60450468
   0.62569135  0.62569135  0.39531603  0.63478336  0.63478336  0.52193476
   0.67020677  0.51128502  0.49596583  0.49596583  0.49596583  0.69860279]
 [ 0.9860322   0.          0.          0.          0.          0.          0.
   0.          0.          0.          0.          0.          1.          1.
   1.          1.          1.          1.        ]
 [ 0.          0.          0.          0.          0.          0.
   0.47162642  0.52371498  0.59568885  0.56782021  0.38300332  0.20063874
   0.31739962  0.6582859   0.65813384  0.64696526  0.6599588   0.65387716]
 [ 0.          0.          0.          0.          0.          0.          0.
   0.          0.          0.          0.67020677  0.04593477  0.
   0.58536585  0.04181025  0.36933798  0.          0.        ]
 [ 0.          0.          0.          0.          0.          0.          0.
   0.00287494  0.00334768  0.00287563  0.          0.          0.00286944
   0.          0.          0.          0.          0.        ]]
