G:g5, model:GRU tanh, load all data and stored hidden activations


--------------------------------------------------------------------
Begin DFA extraction with n_state:2
Done fitting takes time: 0.8171
==Minimized===

This DFA has 1 states
States: ['2']
Alphabet: set(['1', '0'])
Starting state: 2
Accepting states: []
Transition function:
	2
1 	2
0 	2
Current state: 2
Currently accepting: False

Precision: 0.0000 Recall: 0.0000 Accuracy: 0.5097 F1: 0.0000


--------------------------------------------------------------------
Begin DFA extraction with n_state:3
Done fitting takes time: 0.7901
==Minimized===

This DFA has 1 states
States: ['2']
Alphabet: set(['1', '0'])
Starting state: 2
Accepting states: []
Transition function:
	2
1 	2
0 	2
Current state: 2
Currently accepting: False

Precision: 0.0000 Recall: 0.0000 Accuracy: 0.5097 F1: 0.0000


--------------------------------------------------------------------
Begin DFA extraction with n_state:4
Done fitting takes time: 1.4033
==Minimized===

This DFA has 1 states
States: ['2']
Alphabet: set(['1', '0'])
Starting state: 2
Accepting states: []
Transition function:
	2
1 	2
0 	2
Current state: 2
Currently accepting: False

Precision: 0.0000 Recall: 0.0000 Accuracy: 0.5097 F1: 0.0000


--------------------------------------------------------------------
Begin DFA extraction with n_state:5
Done fitting takes time: 1.2739
==Minimized===

This DFA has 1 states
States: ['2']
Alphabet: set(['1', '0'])
Starting state: 2
Accepting states: []
Transition function:
	2
1 	2
0 	2
Current state: 2
Currently accepting: False

Precision: 0.0000 Recall: 0.0000 Accuracy: 0.5097 F1: 0.0000


--------------------------------------------------------------------
Begin DFA extraction with n_state:6
Done fitting takes time: 1.3698
==Minimized===

This DFA has 1 states
States: ['2']
Alphabet: set(['1', '0'])
Starting state: 2
Accepting states: []
Transition function:
	2
1 	2
0 	2
Current state: 2
Currently accepting: False

Precision: 0.0000 Recall: 0.0000 Accuracy: 0.5097 F1: 0.0000


--------------------------------------------------------------------
Begin DFA extraction with n_state:7
Done fitting takes time: 1.4457
==Minimized===

This DFA has 1 states
States: ['7']
Alphabet: set(['1', '0'])
Starting state: 7
Accepting states: []
Transition function:
	7
1 	7
0 	7
Current state: 7
Currently accepting: False

Precision: 0.0000 Recall: 0.0000 Accuracy: 0.5097 F1: 0.0000


--------------------------------------------------------------------
Begin DFA extraction with n_state:8
Done fitting takes time: 1.4291
==Minimized===

This DFA has 1 states
States: ['7']
Alphabet: set(['1', '0'])
Starting state: 7
Accepting states: []
Transition function:
	7
1 	7
0 	7
Current state: 7
Currently accepting: False

Precision: 0.0000 Recall: 0.0000 Accuracy: 0.5097 F1: 0.0000


--------------------------------------------------------------------
Begin DFA extraction with n_state:9
Done fitting takes time: 0.5230
==Minimized===

This DFA has 1 states
States: ['7']
Alphabet: set(['1', '0'])
Starting state: 7
Accepting states: []
Transition function:
	7
1 	7
0 	7
Current state: 7
Currently accepting: False

Precision: 0.0000 Recall: 0.0000 Accuracy: 0.5097 F1: 0.0000


--------------------------------------------------------------------
Begin DFA extraction with n_state:10
Done fitting takes time: 1.1710
==Minimized===

This DFA has 1 states
States: ['7']
Alphabet: set(['1', '0'])
Starting state: 7
Accepting states: []
Transition function:
	7
1 	7
0 	7
Current state: 7
Currently accepting: False

Precision: 0.0000 Recall: 0.0000 Accuracy: 0.5097 F1: 0.0000


--------------------------------------------------------------------
Begin DFA extraction with n_state:11
Done fitting takes time: 1.4829
==Minimized===

This DFA has 1 states
States: ['7']
Alphabet: set(['1', '0'])
Starting state: 7
Accepting states: []
Transition function:
	7
1 	7
0 	7
Current state: 7
Currently accepting: False

Precision: 0.0000 Recall: 0.0000 Accuracy: 0.5097 F1: 0.0000


--------------------------------------------------------------------
Begin DFA extraction with n_state:12
Done fitting takes time: 1.5115
==Minimized===

This DFA has 1 states
States: ['7']
Alphabet: set(['1', '0'])
Starting state: 7
Accepting states: []
Transition function:
	7
1 	7
0 	7
Current state: 7
Currently accepting: False

Precision: 0.0000 Recall: 0.0000 Accuracy: 0.5097 F1: 0.0000


--------------------------------------------------------------------
Begin DFA extraction with n_state:13
Done fitting takes time: 1.7877
==Minimized===

This DFA has 1 states
States: ['7']
Alphabet: set(['1', '0'])
Starting state: 7
Accepting states: []
Transition function:
	7
1 	7
0 	7
Current state: 7
Currently accepting: False

Precision: 0.0000 Recall: 0.0000 Accuracy: 0.5097 F1: 0.0000


--------------------------------------------------------------------
Begin DFA extraction with n_state:14
Done fitting takes time: 1.5270
==Minimized===

This DFA has 1 states
States: ['7']
Alphabet: set(['1', '0'])
Starting state: 7
Accepting states: []
Transition function:
	7
1 	7
0 	7
Current state: 7
Currently accepting: False

Precision: 0.0000 Recall: 0.0000 Accuracy: 0.5097 F1: 0.0000


--------------------------------------------------------------------
Begin DFA extraction with n_state:15
Done fitting takes time: 1.7711
==Minimized===

This DFA has 1 states
States: ['7']
Alphabet: set(['1', '0'])
Starting state: 7
Accepting states: []
Transition function:
	7
1 	7
0 	7
Current state: 7
Currently accepting: False

Precision: 0.0000 Recall: 0.0000 Accuracy: 0.5097 F1: 0.0000


--------------------------------------------------------------------
Begin DFA extraction with n_state:16
Done fitting takes time: 1.9499
==Minimized===

This DFA has 1 states
States: ['7']
Alphabet: set(['1', '0'])
Starting state: 7
Accepting states: []
Transition function:
	7
1 	7
0 	7
Current state: 7
Currently accepting: False

Precision: 0.0000 Recall: 0.0000 Accuracy: 0.5097 F1: 0.0000


--------------------------------------------------------------------
Begin DFA extraction with n_state:17
Done fitting takes time: 1.9371
==Minimized===

This DFA has 1 states
States: ['7']
Alphabet: set(['1', '0'])
Starting state: 7
Accepting states: []
Transition function:
	7
1 	7
0 	7
Current state: 7
Currently accepting: False

Precision: 0.0000 Recall: 0.0000 Accuracy: 0.5097 F1: 0.0000


--------------------------------------------------------------------
Begin DFA extraction with n_state:18
Done fitting takes time: 1.7918
==Minimized===

This DFA has 1 states
States: ['7']
Alphabet: set(['1', '0'])
Starting state: 7
Accepting states: []
Transition function:
	7
1 	7
0 	7
Current state: 7
Currently accepting: False

Precision: 0.0000 Recall: 0.0000 Accuracy: 0.5097 F1: 0.0000


--------------------------------------------------------------------
Begin DFA extraction with n_state:19
Done fitting takes time: 2.1423
==Minimized===

This DFA has 1 states
States: ['7']
Alphabet: set(['1', '0'])
Starting state: 7
Accepting states: []
Transition function:
	7
1 	7
0 	7
Current state: 7
Currently accepting: False

Precision: 0.0000 Recall: 0.0000 Accuracy: 0.5097 F1: 0.0000
[ 0.  0.  0.  0.  0.  0.  0.  0.  0.  0.  0.  0.  0.  0.  0.  0.  0.  0.]


[[ 0.          0.67020677  0.          0.          0.          0.          0.
   0.          0.          0.53567015  0.66448766  0.08232446  0.49600194
   0.66790382  0.66448766  0.59321365  0.30312185  0.09715897]
 [ 0.          0.          0.          0.          0.          0.          0.
   0.35074045  0.00287494  0.          0.          0.          0.          0.
   0.          0.42335153  0.          0.        ]
 [ 0.986733    0.50826596  1.          1.          1.          1.          1.
   1.          1.          1.          1.          1.          1.          1.
   1.          1.          1.          1.        ]
 [ 0.986733    0.79005288  0.79005288  1.          1.          1.          1.
   1.          1.          1.          1.          1.          1.          1.
   1.          1.          1.          1.        ]
 [ 0.40714796  0.67020677  0.67020677  0.67020677  0.67020677  0.67020677
   0.66448628  0.55066887  0.55066887  0.55066887  0.53241431  0.48026094
   0.61716262  0.61879658  0.67020677  0.66395359  0.74399489  0.77136772]
 [ 0.9860322   0.78620492  0.78620492  1.          1.          1.          1.
   1.          1.          1.          1.          1.          1.          1.
   1.          1.          1.          1.        ]
 [ 0.          0.          0.50826596  0.50443114  0.66462481  0.67020677
   0.66379791  0.61457291  0.65802986  0.65802986  0.64429197  0.61736735
   0.60954955  0.65748655  0.55217164  0.65844207  0.65844207  0.65823385]
 [ 0.          0.          0.          0.          0.          0.          0.
   0.          0.          0.04044118  0.          0.02065728  0.
   0.67020677  0.          0.18893018  0.          0.09047619]
 [ 0.          0.          0.          0.          0.          0.          0.
   0.          0.          0.          0.          0.          0.          0.
   0.          0.          0.          0.        ]]
