G:g5, model:UNI tanh, load all data and stored hidden activations


--------------------------------------------------------------------
Begin DFA extraction with n_state:2
Done fitting takes time: 1.0656
==Minimized===

This DFA has 2 states
States: ['1', '2']
Alphabet: set(['1', '0'])
Starting state: 1
Accepting states: ['1']
Transition function:
	1	2
1 	2	1
0 	1	2
Current state: 1
Currently accepting: True

Precision: 0.9724 Recall: 1.0000 Accuracy: 0.9861 F1: 0.9860


--------------------------------------------------------------------
Begin DFA extraction with n_state:3
Done fitting takes time: 0.4629
==Minimized===

This DFA has 2 states
States: ['1', '3']
Alphabet: set(['1', '0'])
Starting state: 3
Accepting states: ['1']
Transition function:
	1	3
1 	3	1
0 	1	3
Current state: 3
Currently accepting: False

Precision: 0.0000 Recall: 0.0000 Accuracy: 0.0139 F1: 0.0000


--------------------------------------------------------------------
Begin DFA extraction with n_state:4
Done fitting takes time: 0.5390
==Minimized===

This DFA has 2 states
States: ['1', '3']
Alphabet: set(['1', '0'])
Starting state: 3
Accepting states: ['1']
Transition function:
	1	3
1 	3	1
0 	1	3
Current state: 3
Currently accepting: False

Precision: 0.0000 Recall: 0.0000 Accuracy: 0.0139 F1: 0.0000


--------------------------------------------------------------------
Begin DFA extraction with n_state:5
Done fitting takes time: 0.5177
==Minimized===

This DFA has 4 states
States: ['1', '2', '3', '5']
Alphabet: set(['1', '0'])
Starting state: 3
Accepting states: ['1']
Transition function:
	1	2	3	5
1 	2	1	5	3
0 	5	3	2	1
Current state: 3
Currently accepting: False

Precision: 0.0000 Recall: 0.0000 Accuracy: 0.0271 F1: 0.0000


--------------------------------------------------------------------
Begin DFA extraction with n_state:6
Done fitting takes time: 0.5039
==Minimized===

This DFA has 4 states
States: ['1', '2', '3', '5']
Alphabet: set(['1', '0'])
Starting state: 3
Accepting states: ['1']
Transition function:
	1	2	3	5
1 	2	1	5	3
0 	5	3	2	1
Current state: 3
Currently accepting: False

Precision: 0.0000 Recall: 0.0000 Accuracy: 0.0271 F1: 0.0000


--------------------------------------------------------------------
Begin DFA extraction with n_state:7
Done fitting takes time: 0.5241
==Minimized===

This DFA has 4 states
States: ['1', '2', '3', '5']
Alphabet: set(['1', '0'])
Starting state: 3
Accepting states: ['1']
Transition function:
	1	2	3	5
1 	2	1	5	3
0 	5	3	2	1
Current state: 3
Currently accepting: False

Precision: 0.0000 Recall: 0.0000 Accuracy: 0.0271 F1: 0.0000


--------------------------------------------------------------------
Begin DFA extraction with n_state:8
Done fitting takes time: 1.1460
==Minimized===

This DFA has 4 states
States: ['1', '2', '3', '5']
Alphabet: set(['1', '0'])
Starting state: 3
Accepting states: ['1']
Transition function:
	1	2	3	5
1 	2	1	5	3
0 	5	3	2	1
Current state: 3
Currently accepting: False

Precision: 0.0000 Recall: 0.0000 Accuracy: 0.0271 F1: 0.0000


--------------------------------------------------------------------
Begin DFA extraction with n_state:9
Done fitting takes time: 0.7039
==Minimized===

This DFA has 4 states
States: ['1', '2', '3', '5']
Alphabet: set(['1', '0'])
Starting state: 3
Accepting states: ['1']
Transition function:
	1	2	3	5
1 	2	1	5	3
0 	5	3	2	1
Current state: 3
Currently accepting: False

Precision: 0.0000 Recall: 0.0000 Accuracy: 0.0271 F1: 0.0000


--------------------------------------------------------------------
Begin DFA extraction with n_state:10
Done fitting takes time: 0.5233
==Minimized===

This DFA has 4 states
States: ['1', '2', '10', '5']
Alphabet: set(['1', '0'])
Starting state: 10
Accepting states: ['1']
Transition function:
	1	10	2	5
1 	2	5	1	10
0 	5	2	10	1
Current state: 10
Currently accepting: False

Precision: 0.0000 Recall: 0.0000 Accuracy: 0.0271 F1: 0.0000


--------------------------------------------------------------------
Begin DFA extraction with n_state:11
Done fitting takes time: 0.5551
==Minimized===

This DFA has 4 states
States: ['1', '11', '10', '5']
Alphabet: set(['1', '0'])
Starting state: 10
Accepting states: ['1']
Transition function:
	1	10	11	5
1 	11	5	1	10
0 	5	11	10	1
Current state: 10
Currently accepting: False

Precision: 0.0000 Recall: 0.0000 Accuracy: 0.0271 F1: 0.0000


--------------------------------------------------------------------
Begin DFA extraction with n_state:12
Done fitting takes time: 1.5159
==Minimized===

This DFA has 4 states
States: ['1', '11', '10', '12']
Alphabet: set(['1', '0'])
Starting state: 10
Accepting states: ['1']
Transition function:
	1	10	11	12
1 	11	12	1	10
0 	12	11	10	1
Current state: 10
Currently accepting: False

Precision: 0.0000 Recall: 0.0000 Accuracy: 0.0271 F1: 0.0000


--------------------------------------------------------------------
Begin DFA extraction with n_state:13
Done fitting takes time: 0.5373
==Minimized===

This DFA has 4 states
States: ['1', '11', '10', '13']
Alphabet: set(['1', '0'])
Starting state: 10
Accepting states: ['1']
Transition function:
	1	10	11	13
1 	11	13	1	10
0 	13	11	10	1
Current state: 10
Currently accepting: False

Precision: 0.0000 Recall: 0.0000 Accuracy: 0.0271 F1: 0.0000


--------------------------------------------------------------------
Begin DFA extraction with n_state:14
Done fitting takes time: 1.3842
==Minimized===

This DFA has 5 states
States: ['1', '11', '14', '10', '13']
Alphabet: set(['1', '0'])
Starting state: 14
Accepting states: ['1']
Transition function:
	1	10	11	13	14
1 	11	13	1	10	11
0 	13	11	10	1	13
Current state: 14
Currently accepting: False

Precision: 1.0000 Recall: 1.0000 Accuracy: 1.0000 F1: 1.0000


--------------------------------------------------------------------
Begin DFA extraction with n_state:15
Done fitting takes time: 0.5799
==Minimized===

This DFA has 5 states
States: ['1', '11', '14', '10', '13']
Alphabet: set(['1', '0'])
Starting state: 14
Accepting states: ['1']
Transition function:
	1	10	11	13	14
1 	11	13	1	10	11
0 	13	11	10	1	13
Current state: 14
Currently accepting: False

Precision: 1.0000 Recall: 1.0000 Accuracy: 1.0000 F1: 1.0000


--------------------------------------------------------------------
Begin DFA extraction with n_state:16
Done fitting takes time: 0.5517
==Minimized===

This DFA has 5 states
States: ['1', '11', '14', '10', '13']
Alphabet: set(['1', '0'])
Starting state: 14
Accepting states: ['1']
Transition function:
	1	10	11	13	14
1 	11	13	1	10	11
0 	13	11	10	1	13
Current state: 14
Currently accepting: False

Precision: 1.0000 Recall: 1.0000 Accuracy: 1.0000 F1: 1.0000


--------------------------------------------------------------------
Begin DFA extraction with n_state:17
Done fitting takes time: 1.0765
==Minimized===

This DFA has 5 states
States: ['1', '11', '14', '10', '13']
Alphabet: set(['1', '0'])
Starting state: 14
Accepting states: ['1']
Transition function:
	1	10	11	13	14
1 	11	13	1	10	11
0 	13	11	10	1	13
Current state: 14
Currently accepting: False

Precision: 1.0000 Recall: 1.0000 Accuracy: 1.0000 F1: 1.0000


--------------------------------------------------------------------
Begin DFA extraction with n_state:18
Done fitting takes time: 0.5612
==Minimized===

This DFA has 5 states
States: ['1', '11', '14', '10', '13']
Alphabet: set(['1', '0'])
Starting state: 14
Accepting states: ['1']
Transition function:
	1	10	11	13	14
1 	11	13	1	10	11
0 	13	11	10	1	13
Current state: 14
Currently accepting: False

Precision: 1.0000 Recall: 1.0000 Accuracy: 1.0000 F1: 1.0000


--------------------------------------------------------------------
Begin DFA extraction with n_state:19
Done fitting takes time: 0.5579
==Minimized===

This DFA has 5 states
States: ['1', '11', '14', '10', '13']
Alphabet: set(['1', '0'])
Starting state: 14
Accepting states: ['1']
Transition function:
	1	10	11	13	14
1 	11	13	1	10	11
0 	13	11	10	1	13
Current state: 14
Currently accepting: False

Precision: 1.0000 Recall: 1.0000 Accuracy: 1.0000 F1: 1.0000
[ 0.9860322  0.         0.         0.         0.         0.         0.         0.
  0.         0.         0.         0.         1.         1.         1.         1.
  1.         1.       ]


[[ 0.          0.          0.          0.          0.          0.          0.
   0.          0.31709742  0.          0.          0.          0.          0.
   0.23880597  0.16176769  0.41240876  0.15698023]
 [ 0.          0.          0.          0.          0.          0.          0.
   0.          0.          0.42464031  0.42464031  0.42464031  0.          0.
   0.42263312  0.          0.          0.        ]
 [ 0.          0.          0.          0.          0.          0.          0.
   0.          0.          0.          0.          0.          0.          0.
   0.          0.          0.          0.        ]
 [ 0.          0.          0.          0.          0.          0.          0.
   0.          0.          0.          0.          0.          0.          0.
   0.          0.          0.          0.        ]
 [ 0.          0.          0.67020677  0.67020677  0.50826596  0.60450468
   0.62569135  0.62569135  0.39531603  0.63478336  0.63478336  0.52193476
   0.67020677  0.51128502  0.49596583  0.49596583  0.49596583  0.69860279]
 [ 0.9860322   0.          0.          0.          0.          0.          0.
   0.          0.          0.          0.          0.          1.          1.
   1.          1.          1.          1.        ]
 [ 0.          0.          0.          0.          0.          0.          0.
   0.          0.          0.          0.          0.          0.          0.
   0.          0.          0.          0.        ]
 [ 0.          0.          0.          0.          0.          0.          0.
   0.          0.          0.          0.          0.          0.          0.
   0.          0.          0.          0.        ]
 [ 0.          0.          0.          0.          0.          0.          0.
   0.          0.          0.          0.          0.          0.          0.
   0.          0.          0.          0.        ]]
