G:g5, model:MI tanh, load all data and stored hidden activations


--------------------------------------------------------------------
Begin DFA extraction with n_state:2
Done fitting takes time: 0.9802
==Minimized===

This DFA has 1 states
States: ['1']
Alphabet: set(['1', '0'])
Starting state: 1
Accepting states: []
Transition function:
	1
1 	1
0 	1
Current state: 1
Currently accepting: False

Precision: 0.0000 Recall: 0.0000 Accuracy: 0.5097 F1: 0.0000


--------------------------------------------------------------------
Begin DFA extraction with n_state:3
Done fitting takes time: 0.9513
==Minimized===

This DFA has 2 states
States: ['3', '1']
Alphabet: set(['1', '0'])
Starting state: 3
Accepting states: ['3']
Transition function:
	1	3
1 	3	1
0 	3	1
Current state: 3
Currently accepting: True

Precision: 0.5040 Recall: 1.0000 Accuracy: 0.5174 F1: 0.6702


--------------------------------------------------------------------
Begin DFA extraction with n_state:4
Done fitting takes time: 1.0707
==Minimized===

This DFA has 4 states
States: ['1', '4', '3', '2']
Alphabet: set(['1', '0'])
Starting state: 4
Accepting states: ['3', '2', '4']
Transition function:
	1	2	3	4
1 	3	1	1	3
0 	2	1	4	1
Current state: 4
Currently accepting: True

Precision: 0.4983 Recall: 0.6247 Accuracy: 0.5075 F1: 0.5544


--------------------------------------------------------------------
Begin DFA extraction with n_state:5
Done fitting takes time: 1.2666
==Minimized===

This DFA has 1 states
States: ['1']
Alphabet: set(['1', '0'])
Starting state: 1
Accepting states: ['1']
Transition function:
	1
1 	1
0 	1
Current state: 1
Currently accepting: True

Precision: 0.4903 Recall: 1.0000 Accuracy: 0.4903 F1: 0.6580


--------------------------------------------------------------------
Begin DFA extraction with n_state:6
Done fitting takes time: 0.6247
==Minimized===

This DFA has 4 states
States: ['4', '2', '5', '6']
Alphabet: set(['1', '0'])
Starting state: 4
Accepting states: ['2', '5', '6']
Transition function:
	2	4	5	6
1 	6	6	4	4
0 	5	5	2	4
Current state: 4
Currently accepting: False

Precision: 0.4583 Recall: 0.2519 Accuracy: 0.4872 F1: 0.3251


--------------------------------------------------------------------
Begin DFA extraction with n_state:7
Done fitting takes time: 1.7939
==Minimized===

This DFA has 1 states
States: ['7']
Alphabet: set(['1', '0'])
Starting state: 7
Accepting states: []
Transition function:
	7
1 	7
0 	7
Current state: 7
Currently accepting: False

Precision: 0.0000 Recall: 0.0000 Accuracy: 0.5097 F1: 0.0000


--------------------------------------------------------------------
Begin DFA extraction with n_state:8
Done fitting takes time: 1.2876
==Minimized===

This DFA has 6 states
States: ['8', '1', '6', '3', '5', '7']
Alphabet: set(['1', '0'])
Starting state: 8
Accepting states: ['1', '8', '6']
Transition function:
	1	3	5	6	7	8
1 	6	5	1	1	1	7
0 	5	5	1	1	3	7
Current state: 8
Currently accepting: True

Precision: 0.4968 Recall: 0.9998 Accuracy: 0.5033 F1: 0.6637


--------------------------------------------------------------------
Begin DFA extraction with n_state:9
Done fitting takes time: 1.7896
==Minimized===

This DFA has 9 states
States: ['2', '7', '8', '4', '6', '1', '3', '5', '9']
Alphabet: set(['1', '0'])
Starting state: 8
Accepting states: ['1', '3', '2', '5', '9', '8']
Transition function:
	1	2	3	4	5	6	7	8	9
1 	4	6	6	1	3	3	4	7	1
0 	4	5	6	5	2	2	9	7	5
Current state: 8
Currently accepting: True

Precision: 0.4993 Recall: 0.9767 Accuracy: 0.5082 F1: 0.6608


--------------------------------------------------------------------
Begin DFA extraction with n_state:10
Done fitting takes time: 1.5294
==Minimized===

This DFA has 3 states
States: ['7', '10', '8']
Alphabet: set(['1', '0'])
Starting state: 8
Accepting states: ['10', '8']
Transition function:
	10	7	8
1 	10	10	7
0 	10	10	7
Current state: 8
Currently accepting: True

Precision: 0.4905 Recall: 1.0000 Accuracy: 0.4906 F1: 0.6581


--------------------------------------------------------------------
Begin DFA extraction with n_state:11
Done fitting takes time: 1.5360
==Minimized===

This DFA has 7 states
States: ['8', '11', '3', '7', '9', '10', '2']
Alphabet: set(['1', '0'])
Starting state: 8
Accepting states: ['11', '10', '3', '2', '8']
Transition function:
	10	11	2	3	7	8	9
1 	3	3	10	11	9	7	10
0 	2	9	11	10	9	7	11
Current state: 8
Currently accepting: True

Precision: 0.4835 Recall: 0.7479 Accuracy: 0.4846 F1: 0.5873


--------------------------------------------------------------------
Begin DFA extraction with n_state:12
Done fitting takes time: 1.5353
==Minimized===

This DFA has 4 states
States: ['11', '8', '7', '9']
Alphabet: set(['1', '0'])
Starting state: 8
Accepting states: ['11', '8']
Transition function:
	11	7	8	9
1 	11	9	7	11
0 	11	9	7	11
Current state: 8
Currently accepting: True

Precision: 0.4905 Recall: 0.9995 Accuracy: 0.4906 F1: 0.6580


--------------------------------------------------------------------
Begin DFA extraction with n_state:13
Done fitting takes time: 1.4974
==Minimized===

This DFA has 4 states
States: ['10', '8', '7', '9']
Alphabet: set(['1', '0'])
Starting state: 8
Accepting states: ['10', '8']
Transition function:
	10	7	8	9
1 	10	9	7	10
0 	10	9	7	10
Current state: 8
Currently accepting: True

Precision: 0.4905 Recall: 0.9995 Accuracy: 0.4906 F1: 0.6580


--------------------------------------------------------------------
Begin DFA extraction with n_state:14
Done fitting takes time: 1.6935
==Minimized===

This DFA has 5 states
States: ['11', '5', '9', '7', '8']
Alphabet: set(['1', '0'])
Starting state: 8
Accepting states: ['11']
Transition function:
	11	5	7	8	9
1 	11	11	9	7	5
0 	11	11	9	7	11
Current state: 8
Currently accepting: False

Precision: 0.4907 Recall: 0.9995 Accuracy: 0.4911 F1: 0.6582


--------------------------------------------------------------------
Begin DFA extraction with n_state:15
Done fitting takes time: 1.9167
==Minimized===

This DFA has 5 states
States: ['8', '10', '13', '7', '9']
Alphabet: set(['1', '0'])
Starting state: 8
Accepting states: ['10', '13', '8']
Transition function:
	10	13	7	8	9
1 	13	13	9	7	13
0 	9	13	9	7	10
Current state: 8
Currently accepting: True

Precision: 0.4903 Recall: 0.9974 Accuracy: 0.4903 F1: 0.6574


--------------------------------------------------------------------
Begin DFA extraction with n_state:16
Done fitting takes time: 0.6762
==Minimized===

This DFA has 3 states
States: ['7', '11', '8']
Alphabet: set(['1', '0'])
Starting state: 8
Accepting states: ['11', '8']
Transition function:
	11	7	8
1 	11	11	7
0 	11	11	7
Current state: 8
Currently accepting: True

Precision: 0.4905 Recall: 1.0000 Accuracy: 0.4906 F1: 0.6581


--------------------------------------------------------------------
Begin DFA extraction with n_state:17
Done fitting takes time: 1.6742
==Minimized===

This DFA has 6 states
States: ['7', '17', '11', '10', '5', '9']
Alphabet: set(['1', '0'])
Starting state: 17
Accepting states: ['11', '10', '17', '7']
Transition function:
	10	11	17	5	7	9
1 	11	11	7	11	9	5
0 	9	11	17	11	9	10
Current state: 17
Currently accepting: True

Precision: 0.4909 Recall: 0.9938 Accuracy: 0.4915 F1: 0.6571


--------------------------------------------------------------------
Begin DFA extraction with n_state:18
Done fitting takes time: 2.0291
==Minimized===

This DFA has 3 states
States: ['7', '11', '17']
Alphabet: set(['1', '0'])
Starting state: 17
Accepting states: ['11', '17']
Transition function:
	11	17	7
1 	11	7	11
0 	11	17	11
Current state: 17
Currently accepting: True

Precision: 0.4909 Recall: 1.0000 Accuracy: 0.4914 F1: 0.6585


--------------------------------------------------------------------
Begin DFA extraction with n_state:19
Done fitting takes time: 0.6961
==Minimized===

This DFA has 3 states
States: ['17', '11', '19']
Alphabet: set(['1', '0'])
Starting state: 19
Accepting states: ['11', '19']
Transition function:
	11	17	19
1 	11	19	11
0 	11	11	17
Current state: 19
Currently accepting: True

Precision: 0.4905 Recall: 1.0000 Accuracy: 0.4906 F1: 0.6581
[ 0.          0.67020677  0.55438372  0.65802986  0.32506972  0.
  0.66374432  0.66076505  0.65813384  0.58729261  0.65802576  0.65802576
  0.65823385  0.65743452  0.65813384  0.65714059  0.65849802  0.65813384]


[[  0.00000000e+00   0.00000000e+00   0.00000000e+00   6.70206774e-01
    6.70206774e-01   0.00000000e+00   0.00000000e+00   4.59347726e-02
    0.00000000e+00   0.00000000e+00   0.00000000e+00   0.00000000e+00
    9.59462701e-04   2.11241041e-01   1.91708603e-03   2.87287527e-03
    5.50403443e-01   5.72989691e-01]
 [  0.00000000e+00   6.70206774e-01   4.95726496e-01   6.70206774e-01
    4.04289233e-01   0.00000000e+00   0.00000000e+00   0.00000000e+00
    0.00000000e+00   0.00000000e+00   0.00000000e+00   0.00000000e+00
    0.00000000e+00   0.00000000e+00   0.00000000e+00   0.00000000e+00
    0.00000000e+00   0.00000000e+00]
 [  0.00000000e+00   7.90052880e-01   1.00000000e+00   1.00000000e+00
    1.00000000e+00   1.00000000e+00   1.00000000e+00   1.00000000e+00
    1.00000000e+00   1.00000000e+00   1.00000000e+00   1.00000000e+00
    1.00000000e+00   1.00000000e+00   1.00000000e+00   1.00000000e+00
    1.00000000e+00   1.00000000e+00]
 [  9.86032197e-01   9.86032197e-01   1.00000000e+00   1.00000000e+00
    1.00000000e+00   1.00000000e+00   1.00000000e+00   1.00000000e+00
    1.00000000e+00   1.00000000e+00   1.00000000e+00   1.00000000e+00
    1.00000000e+00   1.00000000e+00   1.00000000e+00   1.00000000e+00
    1.00000000e+00   1.00000000e+00]
 [  0.00000000e+00   0.00000000e+00   3.25069724e-01   0.00000000e+00
    5.57965140e-01   5.57965140e-01   6.60272670e-01   6.60272670e-01
    6.45962733e-01   6.59749723e-01   6.92224231e-01   6.92224231e-01
    6.92224231e-01   6.96386417e-01   7.38163892e-01   7.10792182e-01
    7.86503781e-01   8.08391608e-01]
 [  0.00000000e+00   7.86204923e-01   1.00000000e+00   1.00000000e+00
    1.00000000e+00   1.00000000e+00   1.00000000e+00   1.00000000e+00
    1.00000000e+00   1.00000000e+00   1.00000000e+00   1.00000000e+00
    1.00000000e+00   1.00000000e+00   1.00000000e+00   1.00000000e+00
    1.00000000e+00   1.00000000e+00]
 [  0.00000000e+00   6.70206774e-01   5.54383722e-01   6.58029860e-01
    3.25069724e-01   0.00000000e+00   6.63744321e-01   6.60765045e-01
    6.58133839e-01   5.87292609e-01   6.58025765e-01   6.58025765e-01
    6.58233852e-01   6.57434518e-01   6.58133839e-01   6.57140589e-01
    6.58498024e-01   6.58133839e-01]
 [  0.00000000e+00   0.00000000e+00   0.00000000e+00   0.00000000e+00
    0.00000000e+00   0.00000000e+00   0.00000000e+00   0.00000000e+00
    0.00000000e+00   0.00000000e+00   0.00000000e+00   0.00000000e+00
    0.00000000e+00   0.00000000e+00   0.00000000e+00   0.00000000e+00
    0.00000000e+00   0.00000000e+00]
 [  0.00000000e+00   0.00000000e+00   0.00000000e+00   0.00000000e+00
    0.00000000e+00   0.00000000e+00   0.00000000e+00   0.00000000e+00
    0.00000000e+00   0.00000000e+00   0.00000000e+00   0.00000000e+00
    0.00000000e+00   0.00000000e+00   0.00000000e+00   0.00000000e+00
    0.00000000e+00   0.00000000e+00]]
