G:g5, model:O2 sigmoid, load all data and stored hidden activations


--------------------------------------------------------------------
Begin DFA extraction with n_state:2
Done fitting takes time: 0.9874
==Minimized===

This DFA has 1 states
States: ['1']
Alphabet: set(['1', '0'])
Starting state: 1
Accepting states: []
Transition function:
	1
1 	1
0 	1
Current state: 1
Currently accepting: False

Precision: 0.0000 Recall: 0.0000 Accuracy: 0.5097 F1: 0.0000


--------------------------------------------------------------------
Begin DFA extraction with n_state:3
Done fitting takes time: 1.4546
==Minimized===

This DFA has 3 states
States: ['1', '3', '2']
Alphabet: set(['1', '0'])
Starting state: 1
Accepting states: ['1']
Transition function:
	1	2	3
1 	3	2	1
0 	2	1	2
Current state: 1
Currently accepting: True

Precision: 0.9760 Recall: 0.6636 Accuracy: 0.8271 F1: 0.7901


--------------------------------------------------------------------
Begin DFA extraction with n_state:4
Done fitting takes time: 0.5206
==Minimized===

This DFA has 4 states
States: ['1', '3', '2', '4']
Alphabet: set(['1', '0'])
Starting state: 1
Accepting states: ['1']
Transition function:
	1	2	3	4
1 	3	4	1	2
0 	2	1	4	3
Current state: 1
Currently accepting: True

Precision: 1.0000 Recall: 1.0000 Accuracy: 1.0000 F1: 1.0000


--------------------------------------------------------------------
Begin DFA extraction with n_state:5
Done fitting takes time: 0.5533
==Minimized===

This DFA has 4 states
States: ['1', '3', '2', '5']
Alphabet: set(['1', '0'])
Starting state: 1
Accepting states: ['1']
Transition function:
	1	2	3	5
1 	3	5	1	2
0 	2	1	5	3
Current state: 1
Currently accepting: True

Precision: 1.0000 Recall: 1.0000 Accuracy: 1.0000 F1: 1.0000


--------------------------------------------------------------------
Begin DFA extraction with n_state:6
Done fitting takes time: 0.5398
==Minimized===

This DFA has 5 states
States: ['1', '3', '6', '2', '5']
Alphabet: set(['1', '0'])
Starting state: 6
Accepting states: ['1']
Transition function:
	1	2	3	5	6
1 	3	5	1	2	3
0 	2	1	5	3	2
Current state: 6
Currently accepting: False

Precision: 1.0000 Recall: 1.0000 Accuracy: 1.0000 F1: 1.0000


--------------------------------------------------------------------
Begin DFA extraction with n_state:7
Done fitting takes time: 0.9079
==Minimized===

This DFA has 5 states
States: ['1', '3', '6', '2', '5']
Alphabet: set(['1', '0'])
Starting state: 6
Accepting states: ['1']
Transition function:
	1	2	3	5	6
1 	3	5	1	2	3
0 	2	1	5	3	2
Current state: 6
Currently accepting: False

Precision: 1.0000 Recall: 1.0000 Accuracy: 1.0000 F1: 1.0000


--------------------------------------------------------------------
Begin DFA extraction with n_state:8
Done fitting takes time: 0.5383
==Minimized===

This DFA has 5 states
States: ['1', '3', '6', '2', '5']
Alphabet: set(['1', '0'])
Starting state: 6
Accepting states: ['1']
Transition function:
	1	2	3	5	6
1 	3	5	1	2	3
0 	2	1	5	3	2
Current state: 6
Currently accepting: False

Precision: 1.0000 Recall: 1.0000 Accuracy: 1.0000 F1: 1.0000


--------------------------------------------------------------------
Begin DFA extraction with n_state:9
Done fitting takes time: 1.6085
==Minimized===

This DFA has 5 states
States: ['1', '3', '6', '2', '5']
Alphabet: set(['1', '0'])
Starting state: 6
Accepting states: ['1']
Transition function:
	1	2	3	5	6
1 	3	5	1	2	3
0 	2	1	5	3	2
Current state: 6
Currently accepting: False

Precision: 1.0000 Recall: 1.0000 Accuracy: 1.0000 F1: 1.0000


--------------------------------------------------------------------
Begin DFA extraction with n_state:10
Done fitting takes time: 0.7129
==Minimized===

This DFA has 5 states
States: ['1', '10', '6', '2', '5']
Alphabet: set(['1', '0'])
Starting state: 6
Accepting states: ['1']
Transition function:
	1	10	2	5	6
1 	10	1	5	2	10
0 	2	5	1	10	2
Current state: 6
Currently accepting: False

Precision: 1.0000 Recall: 1.0000 Accuracy: 1.0000 F1: 1.0000


--------------------------------------------------------------------
Begin DFA extraction with n_state:11
Done fitting takes time: 0.5606
==Minimized===

This DFA has 5 states
States: ['1', '10', '6', '2', '5']
Alphabet: set(['1', '0'])
Starting state: 6
Accepting states: ['1']
Transition function:
	1	10	2	5	6
1 	10	1	5	2	10
0 	2	5	1	10	2
Current state: 6
Currently accepting: False

Precision: 1.0000 Recall: 1.0000 Accuracy: 1.0000 F1: 1.0000


--------------------------------------------------------------------
Begin DFA extraction with n_state:12
Done fitting takes time: 0.7458
==Minimized===

This DFA has 5 states
States: ['1', '11', '6', '12', '2']
Alphabet: set(['1', '0'])
Starting state: 6
Accepting states: ['1']
Transition function:
	1	11	12	2	6
1 	11	1	2	12	11
0 	2	12	11	1	2
Current state: 6
Currently accepting: False

Precision: 1.0000 Recall: 1.0000 Accuracy: 1.0000 F1: 1.0000


--------------------------------------------------------------------
Begin DFA extraction with n_state:13
Done fitting takes time: 0.8341
==Minimized===

This DFA has 5 states
States: ['1', '11', '6', '12', '2']
Alphabet: set(['1', '0'])
Starting state: 6
Accepting states: ['1']
Transition function:
	1	11	12	2	6
1 	11	1	2	12	11
0 	2	12	11	1	2
Current state: 6
Currently accepting: False

Precision: 1.0000 Recall: 1.0000 Accuracy: 1.0000 F1: 1.0000


--------------------------------------------------------------------
Begin DFA extraction with n_state:14
Done fitting takes time: 0.7415
==Minimized===

This DFA has 5 states
States: ['1', '11', '6', '12', '2']
Alphabet: set(['1', '0'])
Starting state: 6
Accepting states: ['1']
Transition function:
	1	11	12	2	6
1 	11	1	2	12	11
0 	2	12	11	1	2
Current state: 6
Currently accepting: False

Precision: 1.0000 Recall: 1.0000 Accuracy: 1.0000 F1: 1.0000


--------------------------------------------------------------------
Begin DFA extraction with n_state:15
Done fitting takes time: 0.5789
==Minimized===

This DFA has 5 states
States: ['1', '11', '6', '12', '2']
Alphabet: set(['1', '0'])
Starting state: 6
Accepting states: ['1']
Transition function:
	1	11	12	2	6
1 	11	1	2	12	11
0 	2	12	11	1	2
Current state: 6
Currently accepting: False

Precision: 1.0000 Recall: 1.0000 Accuracy: 1.0000 F1: 1.0000


--------------------------------------------------------------------
Begin DFA extraction with n_state:16
Done fitting takes time: 0.5793
==Minimized===

This DFA has 5 states
States: ['1', '11', '6', '12', '16']
Alphabet: set(['1', '0'])
Starting state: 6
Accepting states: ['1']
Transition function:
	1	11	12	16	6
1 	11	1	16	12	11
0 	16	12	11	1	16
Current state: 6
Currently accepting: False

Precision: 1.0000 Recall: 1.0000 Accuracy: 1.0000 F1: 1.0000


--------------------------------------------------------------------
Begin DFA extraction with n_state:17
Done fitting takes time: 0.6024
==Minimized===

This DFA has 5 states
States: ['1', '11', '6', '12', '16']
Alphabet: set(['1', '0'])
Starting state: 6
Accepting states: ['1']
Transition function:
	1	11	12	16	6
1 	11	1	16	12	11
0 	16	12	11	1	16
Current state: 6
Currently accepting: False

Precision: 1.0000 Recall: 1.0000 Accuracy: 1.0000 F1: 1.0000


--------------------------------------------------------------------
Begin DFA extraction with n_state:18
Done fitting takes time: 1.4397
==Minimized===

This DFA has 5 states
States: ['1', '11', '6', '12', '16']
Alphabet: set(['1', '0'])
Starting state: 6
Accepting states: ['1']
Transition function:
	1	11	12	16	6
1 	11	1	16	12	11
0 	16	12	11	1	16
Current state: 6
Currently accepting: False

Precision: 1.0000 Recall: 1.0000 Accuracy: 1.0000 F1: 1.0000


--------------------------------------------------------------------
Begin DFA extraction with n_state:19
Done fitting takes time: 2.6970
==Minimized===

This DFA has 5 states
States: ['1', '11', '6', '12', '16']
Alphabet: set(['1', '0'])
Starting state: 6
Accepting states: ['1']
Transition function:
	1	11	12	16	6
1 	11	1	16	12	11
0 	16	12	11	1	16
Current state: 6
Currently accepting: False

Precision: 1.0000 Recall: 1.0000 Accuracy: 1.0000 F1: 1.0000
[ 0.          0.79005288  1.          1.          1.          1.          1.
  1.          1.          1.          1.          1.          1.          1.
  1.          1.          1.          1.        ]


[[ 0.          0.          0.50826596  0.60506567  0.50826596  0.55335222
   0.23959094  0.57339638  0.57339638  0.53617953  0.67020677  0.33145796
   0.57339638  0.375       0.52358168  0.49940291  0.33434748  0.50383693]
 [ 0.          0.          0.          0.          0.          0.          0.
   0.28847458  0.18794807  0.          0.          0.          0.          0.
   0.          0.16868908  0.          0.        ]
 [ 0.          0.79005288  1.          1.          1.          1.          1.
   1.          1.          1.          1.          1.          1.          1.
   1.          1.          1.          1.        ]
 [ 0.          0.          0.          0.          0.          0.          0.
   0.          0.          0.          0.          0.          0.          0.
   0.          0.          0.          0.        ]
 [ 0.40714796  0.          0.40703158  0.66746795  0.67020677  0.67020677
   0.50826596  0.66538861  0.58315894  0.63840139  0.63454231  0.63454231
   0.65303658  0.74997749  0.7635514   0.80153046  0.84922883  0.84720058]
 [ 0.          0.78620492  1.          1.          1.          1.          1.
   1.          1.          1.          1.          1.          1.          1.
   1.          1.          1.          1.        ]
 [ 0.          0.          0.          0.          0.          0.          0.
   0.          0.          0.          0.          0.          0.          0.
   0.          0.          0.          0.        ]
 [ 0.          0.          0.          0.          0.          0.          0.
   0.          0.          0.          0.          0.          0.          0.
   0.          0.          0.          0.        ]
 [ 0.          0.          0.          0.          0.          0.          0.
   0.          0.          0.          0.          0.          0.          0.
   0.          0.          0.          0.        ]]
