G:g5, model:O2 sigmoid, load all data and stored hidden activations


--------------------------------------------------------------------
Begin DFA extraction with n_state:2
Done fitting takes time: 0.8537
==Minimized===

This DFA has 1 states
States: ['1']
Alphabet: set(['1', '0'])
Starting state: 1
Accepting states: []
Transition function:
	1
1 	1
0 	1
Current state: 1
Currently accepting: False

Precision: 0.0000 Recall: 0.0000 Accuracy: 0.5097 F1: 0.0000


--------------------------------------------------------------------
Begin DFA extraction with n_state:3
Done fitting takes time: 0.8086
==Minimized===

This DFA has 1 states
States: ['1']
Alphabet: set(['1', '0'])
Starting state: 1
Accepting states: []
Transition function:
	1
1 	1
0 	1
Current state: 1
Currently accepting: False

Precision: 0.0000 Recall: 0.0000 Accuracy: 0.5097 F1: 0.0000


--------------------------------------------------------------------
Begin DFA extraction with n_state:4
Done fitting takes time: 0.9864
==Minimized===

This DFA has 4 states
States: ['1', '3', '2', '4']
Alphabet: set(['1', '0'])
Starting state: 1
Accepting states: ['1']
Transition function:
	1	2	3	4
1 	3	4	1	2
0 	2	1	4	3
Current state: 1
Currently accepting: True

Precision: 1.0000 Recall: 1.0000 Accuracy: 1.0000 F1: 1.0000


--------------------------------------------------------------------
Begin DFA extraction with n_state:5
Done fitting takes time: 0.7923
==Minimized===

This DFA has 5 states
States: ['1', '3', '5', '2', '4']
Alphabet: set(['1', '0'])
Starting state: 5
Accepting states: ['1']
Transition function:
	1	2	3	4	5
1 	3	4	1	2	3
0 	2	1	4	3	2
Current state: 5
Currently accepting: False

Precision: 1.0000 Recall: 1.0000 Accuracy: 1.0000 F1: 1.0000


--------------------------------------------------------------------
Begin DFA extraction with n_state:6
Done fitting takes time: 0.5384
==Minimized===

This DFA has 5 states
States: ['1', '3', '5', '2', '4']
Alphabet: set(['1', '0'])
Starting state: 5
Accepting states: ['1']
Transition function:
	1	2	3	4	5
1 	3	4	1	2	3
0 	2	1	4	3	2
Current state: 5
Currently accepting: False

Precision: 1.0000 Recall: 1.0000 Accuracy: 1.0000 F1: 1.0000


--------------------------------------------------------------------
Begin DFA extraction with n_state:7
Done fitting takes time: 0.6921
==Minimized===

This DFA has 5 states
States: ['1', '3', '5', '2', '4']
Alphabet: set(['1', '0'])
Starting state: 5
Accepting states: ['1']
Transition function:
	1	2	3	4	5
1 	3	4	1	2	3
0 	2	1	4	3	2
Current state: 5
Currently accepting: False

Precision: 1.0000 Recall: 1.0000 Accuracy: 1.0000 F1: 1.0000


--------------------------------------------------------------------
Begin DFA extraction with n_state:8
Done fitting takes time: 0.6235
==Minimized===

This DFA has 5 states
States: ['1', '3', '5', '2', '4']
Alphabet: set(['1', '0'])
Starting state: 5
Accepting states: ['1']
Transition function:
	1	2	3	4	5
1 	3	4	1	2	3
0 	2	1	4	3	2
Current state: 5
Currently accepting: False

Precision: 1.0000 Recall: 1.0000 Accuracy: 1.0000 F1: 1.0000


--------------------------------------------------------------------
Begin DFA extraction with n_state:9
Done fitting takes time: 0.5550
==Minimized===

This DFA has 5 states
States: ['1', '3', '5', '2', '4']
Alphabet: set(['1', '0'])
Starting state: 5
Accepting states: ['1']
Transition function:
	1	2	3	4	5
1 	3	4	1	2	3
0 	2	1	4	3	2
Current state: 5
Currently accepting: False

Precision: 1.0000 Recall: 1.0000 Accuracy: 1.0000 F1: 1.0000


--------------------------------------------------------------------
Begin DFA extraction with n_state:10
Done fitting takes time: 0.5551
==Minimized===

This DFA has 5 states
States: ['1', '3', '5', '2', '4']
Alphabet: set(['1', '0'])
Starting state: 5
Accepting states: ['1']
Transition function:
	1	2	3	4	5
1 	3	4	1	2	3
0 	2	1	4	3	2
Current state: 5
Currently accepting: False

Precision: 1.0000 Recall: 1.0000 Accuracy: 1.0000 F1: 1.0000


--------------------------------------------------------------------
Begin DFA extraction with n_state:11
Done fitting takes time: 0.5775
==Minimized===

This DFA has 5 states
States: ['1', '3', '5', '11', '2']
Alphabet: set(['1', '0'])
Starting state: 5
Accepting states: ['1']
Transition function:
	1	11	2	3	5
1 	3	2	11	1	3
0 	2	3	1	11	2
Current state: 5
Currently accepting: False

Precision: 1.0000 Recall: 1.0000 Accuracy: 1.0000 F1: 1.0000


--------------------------------------------------------------------
Begin DFA extraction with n_state:12
Done fitting takes time: 0.5537
==Minimized===

This DFA has 5 states
States: ['1', '3', '5', '11', '2']
Alphabet: set(['1', '0'])
Starting state: 5
Accepting states: ['1']
Transition function:
	1	11	2	3	5
1 	3	2	11	1	3
0 	2	3	1	11	2
Current state: 5
Currently accepting: False

Precision: 1.0000 Recall: 1.0000 Accuracy: 1.0000 F1: 1.0000


--------------------------------------------------------------------
Begin DFA extraction with n_state:13
Done fitting takes time: 0.5719
==Minimized===

This DFA has 5 states
States: ['1', '3', '5', '11', '13']
Alphabet: set(['1', '0'])
Starting state: 5
Accepting states: ['1']
Transition function:
	1	11	13	3	5
1 	3	13	11	1	3
0 	13	3	1	11	13
Current state: 5
Currently accepting: False

Precision: 1.0000 Recall: 1.0000 Accuracy: 1.0000 F1: 1.0000


--------------------------------------------------------------------
Begin DFA extraction with n_state:14
Done fitting takes time: 0.5623
==Minimized===

This DFA has 5 states
States: ['1', '3', '5', '11', '13']
Alphabet: set(['1', '0'])
Starting state: 5
Accepting states: ['1']
Transition function:
	1	11	13	3	5
1 	3	13	11	1	3
0 	13	3	1	11	13
Current state: 5
Currently accepting: False

Precision: 1.0000 Recall: 1.0000 Accuracy: 1.0000 F1: 1.0000


--------------------------------------------------------------------
Begin DFA extraction with n_state:15
Done fitting takes time: 0.5987
==Minimized===

This DFA has 5 states
States: ['1', '15', '5', '11', '13']
Alphabet: set(['1', '0'])
Starting state: 5
Accepting states: ['1']
Transition function:
	1	11	13	15	5
1 	15	13	11	1	15
0 	13	15	1	11	13
Current state: 5
Currently accepting: False

Precision: 1.0000 Recall: 1.0000 Accuracy: 1.0000 F1: 1.0000


--------------------------------------------------------------------
Begin DFA extraction with n_state:16
Done fitting takes time: 0.5800
==Minimized===

This DFA has 5 states
States: ['1', '16', '5', '11', '13']
Alphabet: set(['1', '0'])
Starting state: 5
Accepting states: ['1']
Transition function:
	1	11	13	16	5
1 	16	13	11	1	16
0 	13	16	1	11	13
Current state: 5
Currently accepting: False

Precision: 1.0000 Recall: 1.0000 Accuracy: 1.0000 F1: 1.0000


--------------------------------------------------------------------
Begin DFA extraction with n_state:17
Done fitting takes time: 0.6020
==Minimized===

This DFA has 5 states
States: ['1', '12', '5', '11', '13']
Alphabet: set(['1', '0'])
Starting state: 5
Accepting states: ['1']
Transition function:
	1	11	12	13	5
1 	12	13	1	11	12
0 	13	12	11	1	13
Current state: 5
Currently accepting: False

Precision: 1.0000 Recall: 1.0000 Accuracy: 1.0000 F1: 1.0000


--------------------------------------------------------------------
Begin DFA extraction with n_state:18
Done fitting takes time: 0.5761
==Minimized===

This DFA has 5 states
States: ['1', '12', '5', '11', '13']
Alphabet: set(['1', '0'])
Starting state: 5
Accepting states: ['1']
Transition function:
	1	11	12	13	5
1 	12	13	1	11	12
0 	13	12	11	1	13
Current state: 5
Currently accepting: False

Precision: 1.0000 Recall: 1.0000 Accuracy: 1.0000 F1: 1.0000


--------------------------------------------------------------------
Begin DFA extraction with n_state:19
Done fitting takes time: 1.1261
==Minimized===

This DFA has 5 states
States: ['1', '12', '5', '11', '13']
Alphabet: set(['1', '0'])
Starting state: 5
Accepting states: ['1']
Transition function:
	1	11	12	13	5
1 	12	13	1	11	12
0 	13	12	11	1	13
Current state: 5
Currently accepting: False

Precision: 1.0000 Recall: 1.0000 Accuracy: 1.0000 F1: 1.0000
[ 0.  0.  1.  1.  1.  1.  1.  1.  1.  1.  1.  1.  1.  1.  1.  1.  1.  1.]


[[ 0.          0.          0.67020677  0.67020677  0.67020677  0.67020677
   0.67020677  0.67020677  0.67020677  0.67020677  0.67020677  0.45376599
   0.67020677  0.59414955  0.49560976  0.3646007   0.18867925  0.3616531 ]
 [ 0.          0.          0.          0.          0.          0.          0.
   0.06091825  0.          0.          0.25389917  0.12396007  0.11009174
   0.17197075  0.45471301  0.24001452  0.          0.37546635]
 [ 0.          0.          1.          1.          1.          1.          1.
   1.          1.          1.          1.          1.          1.          1.
   1.          1.          1.          1.        ]
 [ 0.          0.          0.          0.          0.          0.          0.
   0.          0.          0.          0.          0.          0.          0.
   0.          0.          0.          0.        ]
 [ 0.          0.50826596  0.50306896  0.49444444  1.          1.          1.
   1.          1.          1.          1.          1.          1.          1.
   1.          1.          1.          1.        ]
 [ 0.9860322   0.9860322   1.          1.          0.          0.          0.
   0.          0.          1.          1.          1.          1.          1.
   1.          1.          1.          1.        ]
 [ 0.          0.          0.          0.          0.          0.          0.
   0.          0.          0.          0.          0.          0.          0.
   0.          0.          0.          0.        ]
 [ 0.          0.          0.          0.          0.          0.          0.
   0.          0.          0.          0.          0.          0.          0.
   0.          0.          0.          0.        ]
 [ 0.          0.          0.          0.          0.          0.          0.
   0.          0.          0.          0.          0.          0.          0.
   0.          0.          0.          0.        ]]
