G:g5, model:O2 tanh, load all data and stored hidden activations


--------------------------------------------------------------------
Begin DFA extraction with n_state:2
Done fitting takes time: 0.5367
==Minimized===

This DFA has 2 states
States: ['1', '2']
Alphabet: set(['1', '0'])
Starting state: 1
Accepting states: ['1']
Transition function:
	1	2
1 	2	2
0 	2	2
Current state: 1
Currently accepting: True

Precision: 0.0000 Recall: 0.0000 Accuracy: 0.5097 F1: 0.0000


--------------------------------------------------------------------
Begin DFA extraction with n_state:3
Done fitting takes time: 0.8832
==Minimized===

This DFA has 3 states
States: ['1', '3', '2']
Alphabet: set(['1', '0'])
Starting state: 1
Accepting states: ['1']
Transition function:
	1	2	3
1 	3	2	1
0 	2	1	2
Current state: 1
Currently accepting: True

Precision: 0.9760 Recall: 0.6636 Accuracy: 0.8271 F1: 0.7901


--------------------------------------------------------------------
Begin DFA extraction with n_state:4
Done fitting takes time: 0.5251
==Minimized===

This DFA has 4 states
States: ['1', '3', '2', '4']
Alphabet: set(['1', '0'])
Starting state: 1
Accepting states: ['1']
Transition function:
	1	2	3	4
1 	3	4	1	2
0 	4	3	2	1
Current state: 1
Currently accepting: True

Precision: 1.0000 Recall: 1.0000 Accuracy: 1.0000 F1: 1.0000


--------------------------------------------------------------------
Begin DFA extraction with n_state:5
Done fitting takes time: 0.5630
==Minimized===

This DFA has 4 states
States: ['1', '3', '2', '4']
Alphabet: set(['1', '0'])
Starting state: 1
Accepting states: ['1']
Transition function:
	1	2	3	4
1 	3	4	1	2
0 	4	3	2	1
Current state: 1
Currently accepting: True

Precision: 1.0000 Recall: 1.0000 Accuracy: 1.0000 F1: 1.0000


--------------------------------------------------------------------
Begin DFA extraction with n_state:6
Done fitting takes time: 0.5396
==Minimized===

This DFA has 4 states
States: ['1', '3', '2', '4']
Alphabet: set(['1', '0'])
Starting state: 1
Accepting states: ['1']
Transition function:
	1	2	3	4
1 	3	4	1	2
0 	4	3	2	1
Current state: 1
Currently accepting: True

Precision: 1.0000 Recall: 1.0000 Accuracy: 1.0000 F1: 1.0000


--------------------------------------------------------------------
Begin DFA extraction with n_state:7
Done fitting takes time: 1.1585
==Minimized===

This DFA has 4 states
States: ['1', '3', '2', '4']
Alphabet: set(['1', '0'])
Starting state: 1
Accepting states: ['1']
Transition function:
	1	2	3	4
1 	3	4	1	2
0 	4	3	2	1
Current state: 1
Currently accepting: True

Precision: 1.0000 Recall: 1.0000 Accuracy: 1.0000 F1: 1.0000


--------------------------------------------------------------------
Begin DFA extraction with n_state:8
Done fitting takes time: 0.5278
==Minimized===

This DFA has 4 states
States: ['1', '3', '2', '4']
Alphabet: set(['1', '0'])
Starting state: 1
Accepting states: ['1']
Transition function:
	1	2	3	4
1 	3	4	1	2
0 	4	3	2	1
Current state: 1
Currently accepting: True

Precision: 1.0000 Recall: 1.0000 Accuracy: 1.0000 F1: 1.0000


--------------------------------------------------------------------
Begin DFA extraction with n_state:9
Done fitting takes time: 0.5522
==Minimized===

This DFA has 4 states
States: ['1', '3', '2', '4']
Alphabet: set(['1', '0'])
Starting state: 1
Accepting states: ['1']
Transition function:
	1	2	3	4
1 	3	4	1	2
0 	4	3	2	1
Current state: 1
Currently accepting: True

Precision: 1.0000 Recall: 1.0000 Accuracy: 1.0000 F1: 1.0000


--------------------------------------------------------------------
Begin DFA extraction with n_state:10
Done fitting takes time: 0.8254
==Minimized===

This DFA has 4 states
States: ['1', '3', '2', '7']
Alphabet: set(['1', '0'])
Starting state: 1
Accepting states: ['1']
Transition function:
	1	2	3	7
1 	3	7	1	2
0 	7	3	2	1
Current state: 1
Currently accepting: True

Precision: 1.0000 Recall: 1.0000 Accuracy: 1.0000 F1: 1.0000


--------------------------------------------------------------------
Begin DFA extraction with n_state:11
Done fitting takes time: 0.5660
==Minimized===

This DFA has 4 states
States: ['1', '3', '2', '4']
Alphabet: set(['1', '0'])
Starting state: 1
Accepting states: ['1']
Transition function:
	1	2	3	4
1 	3	4	1	2
0 	4	3	2	1
Current state: 1
Currently accepting: True

Precision: 1.0000 Recall: 1.0000 Accuracy: 1.0000 F1: 1.0000


--------------------------------------------------------------------
Begin DFA extraction with n_state:12
Done fitting takes time: 0.5830
==Minimized===

This DFA has 4 states
States: ['1', '12', '2', '4']
Alphabet: set(['1', '0'])
Starting state: 1
Accepting states: ['1']
Transition function:
	1	12	2	4
1 	12	1	4	2
0 	4	2	12	1
Current state: 1
Currently accepting: True

Precision: 1.0000 Recall: 1.0000 Accuracy: 1.0000 F1: 1.0000


--------------------------------------------------------------------
Begin DFA extraction with n_state:13
Done fitting takes time: 2.6284
==Minimized===

This DFA has 5 states
States: ['1', '10', '13', '2', '4']
Alphabet: set(['1', '0'])
Starting state: 13
Accepting states: ['1']
Transition function:
	1	10	13	2	4
1 	10	1	10	4	2
0 	4	2	4	10	1
Current state: 13
Currently accepting: False

Precision: 1.0000 Recall: 1.0000 Accuracy: 1.0000 F1: 1.0000


--------------------------------------------------------------------
Begin DFA extraction with n_state:14
Done fitting takes time: 2.0327
==Minimized===

This DFA has 5 states
States: ['1', '10', '13', '14', '4']
Alphabet: set(['1', '0'])
Starting state: 13
Accepting states: ['1']
Transition function:
	1	10	13	14	4
1 	10	1	10	4	14
0 	4	14	4	10	1
Current state: 13
Currently accepting: False

Precision: 1.0000 Recall: 1.0000 Accuracy: 1.0000 F1: 1.0000


--------------------------------------------------------------------
Begin DFA extraction with n_state:15
Done fitting takes time: 0.9249
==Minimized===

This DFA has 5 states
States: ['1', '10', '15', '14', '4']
Alphabet: set(['1', '0'])
Starting state: 15
Accepting states: ['1']
Transition function:
	1	10	14	15	4
1 	10	1	4	10	14
0 	4	14	10	4	1
Current state: 15
Currently accepting: False

Precision: 1.0000 Recall: 1.0000 Accuracy: 1.0000 F1: 1.0000


--------------------------------------------------------------------
Begin DFA extraction with n_state:16
Done fitting takes time: 0.6811
==Minimized===

This DFA has 5 states
States: ['1', '10', '15', '14', '4']
Alphabet: set(['1', '0'])
Starting state: 15
Accepting states: ['1']
Transition function:
	1	10	14	15	4
1 	10	1	4	10	14
0 	4	14	10	4	1
Current state: 15
Currently accepting: False

Precision: 1.0000 Recall: 1.0000 Accuracy: 1.0000 F1: 1.0000


--------------------------------------------------------------------
Begin DFA extraction with n_state:17
Done fitting takes time: 1.4218
==Minimized===

This DFA has 5 states
States: ['1', '10', '15', '14', '17']
Alphabet: set(['1', '0'])
Starting state: 15
Accepting states: ['1']
Transition function:
	1	10	14	15	17
1 	10	1	17	10	14
0 	17	14	10	17	1
Current state: 15
Currently accepting: False

Precision: 1.0000 Recall: 1.0000 Accuracy: 1.0000 F1: 1.0000


--------------------------------------------------------------------
Begin DFA extraction with n_state:18
Done fitting takes time: 0.6026
==Minimized===

This DFA has 5 states
States: ['1', '10', '15', '14', '17']
Alphabet: set(['1', '0'])
Starting state: 15
Accepting states: ['1']
Transition function:
	1	10	14	15	17
1 	10	1	17	10	14
0 	17	14	10	17	1
Current state: 15
Currently accepting: False

Precision: 1.0000 Recall: 1.0000 Accuracy: 1.0000 F1: 1.0000


--------------------------------------------------------------------
Begin DFA extraction with n_state:19
Done fitting takes time: 1.2010
==Minimized===

This DFA has 5 states
States: ['1', '10', '15', '14', '17']
Alphabet: set(['1', '0'])
Starting state: 15
Accepting states: ['1']
Transition function:
	1	10	14	15	17
1 	10	1	17	10	14
0 	17	14	10	17	1
Current state: 15
Currently accepting: False

Precision: 1.0000 Recall: 1.0000 Accuracy: 1.0000 F1: 1.0000
[ 0.          0.79005288  1.          1.          1.          1.          1.
  1.          1.          1.          1.          1.          1.          1.
  1.          1.          1.          1.        ]


[[ 0.          0.          0.          0.67020677  0.          0.67020677
   0.          0.36706168  0.518008    0.58418494  0.43979335  0.33978901
   0.47366388  0.17750544  0.38701995  0.24872727  0.58959881  0.49670812]
 [ 0.          0.          0.          0.          0.4957265   0.
   0.57339638  0.          0.          0.56864169  0.61618799  0.56864169
   0.56864169  0.56864169  0.61485158  0.49577397  0.63066762  0.6353045 ]
 [ 0.          0.50826596  1.          1.          1.          1.          1.
   1.          1.          1.          1.          1.          1.          1.
   1.          1.          1.          1.        ]
 [ 0.          0.79005288  1.          1.          1.          1.          1.
   1.          1.          1.          1.          1.          1.          1.
   1.          1.          1.          1.        ]
 [ 0.          0.          0.67020677  0.67020677  0.67020677  0.49731009
   0.33422486  0.15347405  0.15347405  0.15347405  0.          0.20472273
   0.986733    0.83090478  0.986733    0.986733    0.986733    0.986733  ]
 [ 0.9860322   0.          1.          1.          1.          1.          1.
   1.          1.          1.          1.          1.          1.          1.
   1.          1.          1.          1.        ]
 [ 0.          0.          0.          0.          0.          0.          0.
   0.          0.          0.          0.          0.          0.          0.
   0.          0.          0.          0.        ]
 [ 0.          0.          0.          0.          0.          0.          0.
   0.          0.          0.          0.          0.          0.          0.
   0.          0.          0.          0.        ]
 [ 0.          0.          0.          0.          0.          0.          0.
   0.          0.          0.          0.          0.          0.          0.
   0.          0.          0.          0.        ]]
