G:g5, model:SRN tanh, load all data and stored hidden activations


--------------------------------------------------------------------
Begin DFA extraction with n_state:2
Done fitting takes time: 0.6012
==Minimized===

This DFA has 1 states
States: ['2']
Alphabet: set(['1', '0'])
Starting state: 2
Accepting states: []
Transition function:
	2
1 	2
0 	2
Current state: 2
Currently accepting: False

Precision: 0.0000 Recall: 0.0000 Accuracy: 0.5097 F1: 0.0000


--------------------------------------------------------------------
Begin DFA extraction with n_state:3
Done fitting takes time: 1.2633
==Minimized===

This DFA has 1 states
States: ['2']
Alphabet: set(['1', '0'])
Starting state: 2
Accepting states: []
Transition function:
	2
1 	2
0 	2
Current state: 2
Currently accepting: False

Precision: 0.0000 Recall: 0.0000 Accuracy: 0.5097 F1: 0.0000


--------------------------------------------------------------------
Begin DFA extraction with n_state:4
Done fitting takes time: 1.0574
==Minimized===

This DFA has 1 states
States: ['4']
Alphabet: set(['1', '0'])
Starting state: 4
Accepting states: []
Transition function:
	4
1 	4
0 	4
Current state: 4
Currently accepting: False

Precision: 0.0000 Recall: 0.0000 Accuracy: 0.5097 F1: 0.0000


--------------------------------------------------------------------
Begin DFA extraction with n_state:5
Done fitting takes time: 1.4006
==Minimized===

This DFA has 1 states
States: ['1']
Alphabet: set(['1', '0'])
Starting state: 1
Accepting states: []
Transition function:
	1
1 	1
0 	1
Current state: 1
Currently accepting: False

Precision: 0.0000 Recall: 0.0000 Accuracy: 0.5097 F1: 0.0000


--------------------------------------------------------------------
Begin DFA extraction with n_state:6
Done fitting takes time: 1.7191
==Minimized===

This DFA has 1 states
States: ['1']
Alphabet: set(['1', '0'])
Starting state: 1
Accepting states: []
Transition function:
	1
1 	1
0 	1
Current state: 1
Currently accepting: False

Precision: 0.0000 Recall: 0.0000 Accuracy: 0.5097 F1: 0.0000


--------------------------------------------------------------------
Begin DFA extraction with n_state:7
Done fitting takes time: 1.8790
==Minimized===

This DFA has 1 states
States: ['1']
Alphabet: set(['1', '0'])
Starting state: 1
Accepting states: []
Transition function:
	1
1 	1
0 	1
Current state: 1
Currently accepting: False

Precision: 0.0000 Recall: 0.0000 Accuracy: 0.5097 F1: 0.0000


--------------------------------------------------------------------
Begin DFA extraction with n_state:8
Done fitting takes time: 1.6183
==Minimized===

This DFA has 1 states
States: ['3']
Alphabet: set(['1', '0'])
Starting state: 3
Accepting states: []
Transition function:
	3
1 	3
0 	3
Current state: 3
Currently accepting: False

Precision: 0.0000 Recall: 0.0000 Accuracy: 0.5097 F1: 0.0000


--------------------------------------------------------------------
Begin DFA extraction with n_state:9
Done fitting takes time: 1.6510
==Minimized===

This DFA has 6 states
States: ['1', '8', '4', '6', '5', '7']
Alphabet: set(['1', '0'])
Starting state: 4
Accepting states: ['1']
Transition function:
	1	4	5	6	7	8
1 	5	8	7	4	6	1
0 	5	8	7	4	6	1
Current state: 4
Currently accepting: False

Precision: 0.5000 Recall: 0.2701 Accuracy: 0.5097 F1: 0.3507


--------------------------------------------------------------------
Begin DFA extraction with n_state:10
Done fitting takes time: 1.9499
==Minimized===

This DFA has 2 states
States: ['4', '10']
Alphabet: set(['1', '0'])
Starting state: 4
Accepting states: ['4']
Transition function:
	10	4
1 	10	4
0 	10	10
Current state: 4
Currently accepting: True

Precision: 0.6667 Recall: 0.0014 Accuracy: 0.5100 F1: 0.0029


--------------------------------------------------------------------
Begin DFA extraction with n_state:11
Done fitting takes time: 1.5028
==Minimized===

This DFA has 1 states
States: ['11']
Alphabet: set(['1', '0'])
Starting state: 11
Accepting states: []
Transition function:
	11
1 	11
0 	11
Current state: 11
Currently accepting: False

Precision: 0.0000 Recall: 0.0000 Accuracy: 0.5097 F1: 0.0000


--------------------------------------------------------------------
Begin DFA extraction with n_state:12
Done fitting takes time: 1.4211
==Minimized===

This DFA has 1 states
States: ['11']
Alphabet: set(['1', '0'])
Starting state: 11
Accepting states: []
Transition function:
	11
1 	11
0 	11
Current state: 11
Currently accepting: False

Precision: 0.0000 Recall: 0.0000 Accuracy: 0.5097 F1: 0.0000


--------------------------------------------------------------------
Begin DFA extraction with n_state:13
Done fitting takes time: 1.9326
==Minimized===

This DFA has 1 states
States: ['11']
Alphabet: set(['1', '0'])
Starting state: 11
Accepting states: []
Transition function:
	11
1 	11
0 	11
Current state: 11
Currently accepting: False

Precision: 0.0000 Recall: 0.0000 Accuracy: 0.5097 F1: 0.0000


--------------------------------------------------------------------
Begin DFA extraction with n_state:14
Done fitting takes time: 1.8097
==Minimized===

This DFA has 1 states
States: ['11']
Alphabet: set(['1', '0'])
Starting state: 11
Accepting states: []
Transition function:
	11
1 	11
0 	11
Current state: 11
Currently accepting: False

Precision: 0.0000 Recall: 0.0000 Accuracy: 0.5097 F1: 0.0000


--------------------------------------------------------------------
Begin DFA extraction with n_state:15
Done fitting takes time: 2.0708
==Minimized===

This DFA has 1 states
States: ['10']
Alphabet: set(['1', '0'])
Starting state: 10
Accepting states: []
Transition function:
	10
1 	10
0 	10
Current state: 10
Currently accepting: False

Precision: 0.0000 Recall: 0.0000 Accuracy: 0.5097 F1: 0.0000


--------------------------------------------------------------------
Begin DFA extraction with n_state:16
Done fitting takes time: 0.6586
==Minimized===

This DFA has 1 states
States: ['11']
Alphabet: set(['1', '0'])
Starting state: 11
Accepting states: []
Transition function:
	11
1 	11
0 	11
Current state: 11
Currently accepting: False

Precision: 0.0000 Recall: 0.0000 Accuracy: 0.5097 F1: 0.0000


--------------------------------------------------------------------
Begin DFA extraction with n_state:17
Done fitting takes time: 1.9944
==Minimized===

This DFA has 11 states
States: ['8', '2', '14', '11', '5', '1', '4', '10', '17', '13', '16']
Alphabet: set(['1', '0'])
Starting state: 4
Accepting states: ['1', '4']
Transition function:
	1	10	11	13	14	16	17	2	4	5	8
1 	5	5	14	17	2	13	10	8	16	11	1
0 	5	5	14	17	2	13	10	8	16	11	1
Current state: 4
Currently accepting: True

Precision: 0.5077 Recall: 0.3630 Accuracy: 0.5151 F1: 0.4234


--------------------------------------------------------------------
Begin DFA extraction with n_state:18
Done fitting takes time: 2.0136
==Minimized===

This DFA has 2 states
States: ['4', '11']
Alphabet: set(['1', '0'])
Starting state: 4
Accepting states: ['4']
Transition function:
	11	4
1 	11	11
0 	11	11
Current state: 4
Currently accepting: True

Precision: 0.0000 Recall: 0.0000 Accuracy: 0.5097 F1: 0.0000


--------------------------------------------------------------------
Begin DFA extraction with n_state:19
Done fitting takes time: 2.2535
==Minimized===

This DFA has 2 states
States: ['4', '10']
Alphabet: set(['1', '0'])
Starting state: 4
Accepting states: ['4']
Transition function:
	10	4
1 	10	10
0 	10	10
Current state: 4
Currently accepting: True

Precision: 0.0000 Recall: 0.0000 Accuracy: 0.5097 F1: 0.0000
[ 0.          0.          0.          0.          0.          0.          0.
  0.35074045  0.00287494  0.          0.          0.          0.          0.
  0.          0.42335153  0.          0.        ]


[[ 0.          0.67020677  0.          0.          0.          0.          0.
   0.          0.          0.53567015  0.66448766  0.08232446  0.49600194
   0.66790382  0.66448766  0.59321365  0.30312185  0.09715897]
 [ 0.          0.          0.          0.          0.          0.          0.
   0.35074045  0.00287494  0.          0.          0.          0.          0.
   0.          0.42335153  0.          0.        ]
 [ 0.          0.          0.          0.          0.          0.          0.
   0.          0.          0.          0.          0.          0.          0.
   0.          0.          0.          0.        ]
 [ 0.          0.          0.          0.          0.          0.          0.
   0.          0.          0.          0.          0.          0.          0.
   0.          0.          0.          0.        ]
 [ 0.          0.          0.          0.          0.          0.          0.
   0.          0.          0.          0.          0.          0.          0.
   0.          0.          0.          0.        ]
 [ 0.          0.          0.          0.          0.          0.          0.
   0.          0.          0.          0.          0.          0.          0.
   0.          0.          0.          0.        ]
 [ 0.          0.          0.          0.          0.          0.          0.
   0.          0.          0.          0.          0.          0.          0.
   0.          0.          0.          0.        ]
 [ 0.          0.          0.          0.          0.          0.          0.
   0.          0.          0.          0.          0.          0.          0.
   0.          0.          0.          0.        ]
 [ 0.          0.          0.          0.          0.          0.          0.
   0.          0.          0.          0.          0.          0.          0.
   0.          0.          0.          0.        ]]
