G:g5, model:UNI sigmoid, load all data and stored hidden activations


--------------------------------------------------------------------
Begin DFA extraction with n_state:2
Done fitting takes time: 0.7997
==Minimized===

This DFA has 1 states
States: ['1']
Alphabet: set(['1', '0'])
Starting state: 1
Accepting states: []
Transition function:
	1
1 	1
0 	1
Current state: 1
Currently accepting: False

Precision: 0.0000 Recall: 0.0000 Accuracy: 0.5097 F1: 0.0000


--------------------------------------------------------------------
Begin DFA extraction with n_state:3
Done fitting takes time: 0.4503
==Minimized===

This DFA has 1 states
States: ['1']
Alphabet: set(['1', '0'])
Starting state: 1
Accepting states: []
Transition function:
	1
1 	1
0 	1
Current state: 1
Currently accepting: False

Precision: 0.0000 Recall: 0.0000 Accuracy: 0.5097 F1: 0.0000


--------------------------------------------------------------------
Begin DFA extraction with n_state:4
Done fitting takes time: 0.8375
==Minimized===

This DFA has 1 states
States: ['1']
Alphabet: set(['1', '0'])
Starting state: 1
Accepting states: []
Transition function:
	1
1 	1
0 	1
Current state: 1
Currently accepting: False

Precision: 0.0000 Recall: 0.0000 Accuracy: 0.5097 F1: 0.0000


--------------------------------------------------------------------
Begin DFA extraction with n_state:5
Done fitting takes time: 0.5034
==Minimized===

This DFA has 4 states
States: ['3', '4', '1', '2']
Alphabet: set(['1', '0'])
Starting state: 4
Accepting states: ['3', '4']
Transition function:
	1	2	3	4
1 	2	1	1	3
0 	3	4	1	2
Current state: 4
Currently accepting: True

Precision: 0.4936 Recall: 0.2593 Accuracy: 0.5064 F1: 0.3400


--------------------------------------------------------------------
Begin DFA extraction with n_state:6
Done fitting takes time: 0.8169
==Minimized===

This DFA has 5 states
States: ['1', '2', '3', '4', '6']
Alphabet: set(['1', '0'])
Starting state: 1
Accepting states: ['1']
Transition function:
	1	2	3	4	6
1 	2	1	6	3	3
0 	3	4	1	2	3
Current state: 1
Currently accepting: True

Precision: 0.5800 Recall: 0.5762 Accuracy: 0.5876 F1: 0.5781


--------------------------------------------------------------------
Begin DFA extraction with n_state:7
Done fitting takes time: 0.5823
==Minimized===

This DFA has 5 states
States: ['1', '2', '3', '4', '6']
Alphabet: set(['1', '0'])
Starting state: 1
Accepting states: ['1']
Transition function:
	1	2	3	4	6
1 	2	1	6	3	3
0 	3	4	1	2	3
Current state: 1
Currently accepting: True

Precision: 0.5800 Recall: 0.5762 Accuracy: 0.5876 F1: 0.5781


--------------------------------------------------------------------
Begin DFA extraction with n_state:8
Done fitting takes time: 0.5024
==Minimized===

This DFA has 5 states
States: ['1', '2', '3', '4', '6']
Alphabet: set(['1', '0'])
Starting state: 1
Accepting states: ['1']
Transition function:
	1	2	3	4	6
1 	2	1	6	3	3
0 	3	4	1	2	3
Current state: 1
Currently accepting: True

Precision: 0.5800 Recall: 0.5762 Accuracy: 0.5876 F1: 0.5781


--------------------------------------------------------------------
Begin DFA extraction with n_state:9
Done fitting takes time: 0.5313
==Minimized===

This DFA has 2 states
States: ['1', '2']
Alphabet: set(['1', '0'])
Starting state: 1
Accepting states: ['1']
Transition function:
	1	2
1 	2	1
0 	1	2
Current state: 1
Currently accepting: True

Precision: 0.9724 Recall: 1.0000 Accuracy: 0.9861 F1: 0.9860


--------------------------------------------------------------------
Begin DFA extraction with n_state:10
Done fitting takes time: 0.5302
==Minimized===

This DFA has 6 states
States: ['1', '10', '3', '6', '2', '4']
Alphabet: set(['1', '0'])
Starting state: 1
Accepting states: ['1', '10']
Transition function:
	1	10	2	3	4	6
1 	2	6	1	6	10	3
0 	3	1	4	1	2	2
Current state: 1
Currently accepting: True

Precision: 0.9936 Recall: 1.0000 Accuracy: 0.9968 F1: 0.9968


--------------------------------------------------------------------
Begin DFA extraction with n_state:11
Done fitting takes time: 1.1003
==Minimized===

This DFA has 6 states
States: ['1', '10', '11', '2', '3', '6']
Alphabet: set(['1', '0'])
Starting state: 1
Accepting states: ['1', '10']
Transition function:
	1	10	11	2	3	6
1 	2	6	10	1	6	3
0 	3	1	2	11	1	2
Current state: 1
Currently accepting: True

Precision: 0.9936 Recall: 1.0000 Accuracy: 0.9968 F1: 0.9968


--------------------------------------------------------------------
Begin DFA extraction with n_state:12
Done fitting takes time: 0.5345
==Minimized===

This DFA has 6 states
States: ['1', '10', '11', '2', '3', '6']
Alphabet: set(['1', '0'])
Starting state: 1
Accepting states: ['1', '10']
Transition function:
	1	10	11	2	3	6
1 	2	6	10	1	6	3
0 	3	1	2	11	1	2
Current state: 1
Currently accepting: True

Precision: 0.9936 Recall: 1.0000 Accuracy: 0.9968 F1: 0.9968


--------------------------------------------------------------------
Begin DFA extraction with n_state:13
Done fitting takes time: 0.9403
==Minimized===

This DFA has 6 states
States: ['10', '13', '11', '2', '3', '6']
Alphabet: set(['1', '0'])
Starting state: 13
Accepting states: ['10', '13']
Transition function:
	10	11	13	2	3	6
1 	6	10	2	13	6	3
0 	13	2	3	11	13	2
Current state: 13
Currently accepting: True

Precision: 0.9936 Recall: 1.0000 Accuracy: 0.9968 F1: 0.9968


--------------------------------------------------------------------
Begin DFA extraction with n_state:14
Done fitting takes time: 0.5380
==Minimized===

This DFA has 6 states
States: ['10', '13', '11', '2', '3', '6']
Alphabet: set(['1', '0'])
Starting state: 13
Accepting states: ['10', '13']
Transition function:
	10	11	13	2	3	6
1 	6	10	2	13	6	3
0 	13	2	3	11	13	2
Current state: 13
Currently accepting: True

Precision: 0.9936 Recall: 1.0000 Accuracy: 0.9968 F1: 0.9968


--------------------------------------------------------------------
Begin DFA extraction with n_state:15
Done fitting takes time: 0.6906
==Minimized===

This DFA has 4 states
States: ['12', '2', '11', '10']
Alphabet: set(['1', '0'])
Starting state: 12
Accepting states: ['12']
Transition function:
	10	11	12	2
1 	11	10	2	12
0 	12	2	10	11
Current state: 12
Currently accepting: True

Precision: 1.0000 Recall: 1.0000 Accuracy: 1.0000 F1: 1.0000


--------------------------------------------------------------------
Begin DFA extraction with n_state:16
Done fitting takes time: 0.5471
==Minimized===

This DFA has 4 states
States: ['12', '2', '11', '10']
Alphabet: set(['1', '0'])
Starting state: 12
Accepting states: ['12']
Transition function:
	10	11	12	2
1 	11	10	2	12
0 	12	2	10	11
Current state: 12
Currently accepting: True

Precision: 1.0000 Recall: 1.0000 Accuracy: 1.0000 F1: 1.0000


--------------------------------------------------------------------
Begin DFA extraction with n_state:17
Done fitting takes time: 1.5520
==Minimized===

This DFA has 4 states
States: ['12', '2', '11', '10']
Alphabet: set(['1', '0'])
Starting state: 12
Accepting states: ['12']
Transition function:
	10	11	12	2
1 	11	10	2	12
0 	12	2	10	11
Current state: 12
Currently accepting: True

Precision: 1.0000 Recall: 1.0000 Accuracy: 1.0000 F1: 1.0000


--------------------------------------------------------------------
Begin DFA extraction with n_state:18
Done fitting takes time: 1.4156
==Minimized===

This DFA has 4 states
States: ['12', '2', '11', '10']
Alphabet: set(['1', '0'])
Starting state: 12
Accepting states: ['12']
Transition function:
	10	11	12	2
1 	11	10	2	12
0 	12	2	10	11
Current state: 12
Currently accepting: True

Precision: 1.0000 Recall: 1.0000 Accuracy: 1.0000 F1: 1.0000


--------------------------------------------------------------------
Begin DFA extraction with n_state:19
Done fitting takes time: 0.5671
==Minimized===

This DFA has 4 states
States: ['13', '19', '11', '10']
Alphabet: set(['1', '0'])
Starting state: 13
Accepting states: ['13']
Transition function:
	10	11	13	19
1 	11	10	19	13
0 	13	19	10	11
Current state: 13
Currently accepting: True

Precision: 1.0000 Recall: 1.0000 Accuracy: 1.0000 F1: 1.0000
[ 0.          0.          0.          0.33999685  0.5781043   0.5781043
  0.5781043   0.9860322   0.99676918  0.99676918  0.99676918  0.99676918
  0.99676918  1.          1.          1.          1.          1.        ]


[[ 0.          0.          0.          0.          0.67020677  0.67020677
   0.67020677  0.67020677  0.67020677  0.67020677  0.67020677  0.67020677
   0.67020677  0.50700214  0.67020677  0.42376402  0.51388559  0.67015286]
 [ 0.          0.          0.          0.          0.          0.          0.
   0.          0.          0.55622061  0.          0.65004696  0.          0.
   0.          0.          0.          0.        ]
 [ 0.          0.          0.          0.          0.          0.          0.
   0.          0.          0.          0.          0.          0.          0.
   0.          0.          0.          0.        ]
 [ 0.          0.          0.          0.          0.          0.          0.
   0.          0.          0.          0.          0.          0.          0.
   0.          0.          0.          0.        ]
 [ 0.          0.          0.          0.33999685  0.5781043   0.5781043
   0.5781043   0.9860322   0.99676918  0.99676918  0.99676918  0.99676918
   0.99676918  1.          1.          1.          1.          1.        ]
 [ 0.          0.          0.          0.          0.          0.          0.
   0.          0.          0.          0.          0.          0.          0.
   0.          0.          0.          0.        ]
 [ 0.          0.          0.          0.          0.          0.          0.
   0.          0.          0.          0.          0.          0.          0.
   0.          0.          0.          0.        ]
 [ 0.          0.          0.          0.          0.          0.          0.
   0.          0.          0.          0.          0.          0.          0.
   0.          0.          0.          0.        ]
 [ 0.          0.          0.          0.          0.          0.          0.
   0.          0.          0.          0.          0.          0.          0.
   0.          0.          0.          0.        ]]
