G:g5, model:SRN tanh, load all data and stored hidden activations


--------------------------------------------------------------------
Begin DFA extraction with n_state:2
Done fitting takes time: 0.6788
==Minimized===

This DFA has 1 states
States: ['1']
Alphabet: set(['1', '0'])
Starting state: 1
Accepting states: []
Transition function:
	1
1 	1
0 	1
Current state: 1
Currently accepting: False

Precision: 0.0000 Recall: 0.0000 Accuracy: 0.5097 F1: 0.0000


--------------------------------------------------------------------
Begin DFA extraction with n_state:3
Done fitting takes time: 0.9077
==Minimized===

This DFA has 1 states
States: ['1']
Alphabet: set(['1', '0'])
Starting state: 1
Accepting states: []
Transition function:
	1
1 	1
0 	1
Current state: 1
Currently accepting: False

Precision: 0.0000 Recall: 0.0000 Accuracy: 0.5097 F1: 0.0000


--------------------------------------------------------------------
Begin DFA extraction with n_state:4
Done fitting takes time: 1.5029
==Minimized===

This DFA has 2 states
States: ['1', '3']
Alphabet: set(['1', '0'])
Starting state: 1
Accepting states: ['1']
Transition function:
	1	3
1 	3	3
0 	3	3
Current state: 1
Currently accepting: True

Precision: 0.0000 Recall: 0.0000 Accuracy: 0.5097 F1: 0.0000


--------------------------------------------------------------------
Begin DFA extraction with n_state:5
Done fitting takes time: 1.0744
==Minimized===

This DFA has 2 states
States: ['1', '3']
Alphabet: set(['1', '0'])
Starting state: 1
Accepting states: ['1']
Transition function:
	1	3
1 	3	3
0 	3	3
Current state: 1
Currently accepting: True

Precision: 0.0000 Recall: 0.0000 Accuracy: 0.5097 F1: 0.0000


--------------------------------------------------------------------
Begin DFA extraction with n_state:6
Done fitting takes time: 1.2983
==Minimized===

This DFA has 2 states
States: ['6', '3']
Alphabet: set(['1', '0'])
Starting state: 6
Accepting states: ['6']
Transition function:
	3	6
1 	3	3
0 	3	3
Current state: 6
Currently accepting: True

Precision: 0.0000 Recall: 0.0000 Accuracy: 0.5097 F1: 0.0000


--------------------------------------------------------------------
Begin DFA extraction with n_state:7
Done fitting takes time: 1.4331
==Minimized===

This DFA has 2 states
States: ['6', '2']
Alphabet: set(['1', '0'])
Starting state: 6
Accepting states: ['6']
Transition function:
	2	6
1 	2	2
0 	2	2
Current state: 6
Currently accepting: True

Precision: 0.0000 Recall: 0.0000 Accuracy: 0.5097 F1: 0.0000


--------------------------------------------------------------------
Begin DFA extraction with n_state:8
Done fitting takes time: 1.3382
==Minimized===

This DFA has 4 states
States: ['8', '2', '5', '7']
Alphabet: set(['1', '0'])
Starting state: 8
Accepting states: ['8']
Transition function:
	2	5	7	8
1 	8	7	2	5
0 	8	7	2	5
Current state: 8
Currently accepting: True

Precision: 0.5094 Recall: 0.5193 Accuracy: 0.5191 F1: 0.5143


--------------------------------------------------------------------
Begin DFA extraction with n_state:9
Done fitting takes time: 2.0079
==Minimized===

This DFA has 5 states
States: ['1', '9', '2', '5', '7']
Alphabet: set(['1', '0'])
Starting state: 9
Accepting states: ['1', '9']
Transition function:
	1	2	5	7	9
1 	5	1	7	2	9
0 	5	1	7	2	1
Current state: 9
Currently accepting: True

Precision: 0.4711 Recall: 0.1661 Accuracy: 0.4996 F1: 0.2457


--------------------------------------------------------------------
Begin DFA extraction with n_state:10
Done fitting takes time: 2.1165
==Minimized===

This DFA has 3 states
States: ['10', '6', '9']
Alphabet: set(['1', '0'])
Starting state: 9
Accepting states: ['6', '9']
Transition function:
	10	6	9
1 	10	10	9
0 	10	10	6
Current state: 9
Currently accepting: True

Precision: 0.3529 Recall: 0.0014 Accuracy: 0.5091 F1: 0.0029


--------------------------------------------------------------------
Begin DFA extraction with n_state:11
Done fitting takes time: 2.2798
==Minimized===

This DFA has 5 states
States: ['1', '9', '2', '11', '10']
Alphabet: set(['1', '0'])
Starting state: 9
Accepting states: ['1', '9']
Transition function:
	1	10	11	2	9
1 	11	2	10	1	9
0 	11	2	10	1	1
Current state: 9
Currently accepting: True

Precision: 0.4711 Recall: 0.1661 Accuracy: 0.4996 F1: 0.2457


--------------------------------------------------------------------
Begin DFA extraction with n_state:12
Done fitting takes time: 1.7961
==Minimized===

This DFA has 5 states
States: ['1', '9', '2', '11', '10']
Alphabet: set(['1', '0'])
Starting state: 9
Accepting states: ['1', '9']
Transition function:
	1	10	11	2	9
1 	11	2	10	1	9
0 	11	2	10	1	1
Current state: 9
Currently accepting: True

Precision: 0.4711 Recall: 0.1661 Accuracy: 0.4996 F1: 0.2457


--------------------------------------------------------------------
Begin DFA extraction with n_state:13
Done fitting takes time: 2.2440
==Minimized===

This DFA has 2 states
States: ['9', '10']
Alphabet: set(['1', '0'])
Starting state: 9
Accepting states: ['9']
Transition function:
	10	9
1 	10	10
0 	10	10
Current state: 9
Currently accepting: True

Precision: 0.0000 Recall: 0.0000 Accuracy: 0.5097 F1: 0.0000


--------------------------------------------------------------------
Begin DFA extraction with n_state:14
Done fitting takes time: 2.0580
==Minimized===

This DFA has 7 states
States: ['2', '10', '11', '5', '9', '1', '14']
Alphabet: set(['1', '0'])
Starting state: 14
Accepting states: ['1', '14']
Transition function:
	1	10	11	14	2	5	9
1 	11	2	10	5	1	9	11
0 	11	2	10	5	1	9	11
Current state: 14
Currently accepting: True

Precision: 0.4983 Recall: 0.4802 Accuracy: 0.5080 F1: 0.4891


--------------------------------------------------------------------
Begin DFA extraction with n_state:15
Done fitting takes time: 2.6220
==Minimized===

This DFA has 2 states
States: ['14', '11']
Alphabet: set(['1', '0'])
Starting state: 14
Accepting states: ['14']
Transition function:
	11	14
1 	11	11
0 	11	11
Current state: 14
Currently accepting: True

Precision: 0.0000 Recall: 0.0000 Accuracy: 0.5097 F1: 0.0000


--------------------------------------------------------------------
Begin DFA extraction with n_state:16
Done fitting takes time: 2.4299
==Minimized===

This DFA has 11 states
States: ['8', '2', '10', '11', '13', '12', '5', '9', '14', '1', '7']
Alphabet: set(['1', '0'])
Starting state: 14
Accepting states: ['12', '14', '1', '7', '8']
Transition function:
	1	10	11	12	13	14	2	5	7	8	9
1 	11	2	10	10	10	5	1	9	2	12	13
0 	11	2	7	10	10	5	8	9	2	11	13
Current state: 14
Currently accepting: True

Precision: 0.4989 Recall: 0.6727 Accuracy: 0.5082 F1: 0.5729


--------------------------------------------------------------------
Begin DFA extraction with n_state:17
Done fitting takes time: 2.3733
==Minimized===

This DFA has 2 states
States: ['14', '13']
Alphabet: set(['1', '0'])
Starting state: 14
Accepting states: ['14']
Transition function:
	13	14
1 	13	13
0 	13	13
Current state: 14
Currently accepting: True

Precision: 0.0000 Recall: 0.0000 Accuracy: 0.5097 F1: 0.0000


--------------------------------------------------------------------
Begin DFA extraction with n_state:18
Done fitting takes time: 2.4788
==Minimized===

This DFA has 10 states
States: ['2', '10', '11', '9', '18', '12', '1', '14', '15', '7']
Alphabet: set(['1', '0'])
Starting state: 14
Accepting states: ['1', '18', '14']
Transition function:
	1	10	11	12	14	15	18	2	7	9
1 	15	2	10	9	12	7	11	18	12	11
0 	15	2	10	9	12	7	11	1	12	11
Current state: 14
Currently accepting: True

Precision: 0.4914 Recall: 0.3076 Accuracy: 0.5044 F1: 0.3783


--------------------------------------------------------------------
Begin DFA extraction with n_state:19
Done fitting takes time: 2.4713
==Minimized===

This DFA has 12 states
States: ['6', '1', '8', '15', '5', '2', '10', '13', '19', '9', '11', '14']
Alphabet: set(['1', '0'])
Starting state: 14
Accepting states: ['11', '15', '14', '5']
Transition function:
	1	10	11	13	14	15	19	2	5	6	8	9
1 	11	2	10	10	19	6	9	1	8	5	11	13
0 	15	2	10	10	19	6	9	1	8	2	11	13
Current state: 14
Currently accepting: True

Precision: 0.0000 Recall: 0.0000 Accuracy: 0.4953 F1: 0.0000
[ 0.          0.          0.          0.          0.          0.
  0.51432648  0.2456514   0.00286944  0.2456514   0.2456514   0.
  0.48905734  0.          0.57294755  0.          0.3783225   0.        ]


[[ 0.          0.          0.67020677  0.67020677  0.57339638  0.57339638
   0.67020677  0.67020677  0.67020677  0.67020677  0.67020677  0.67020677
   0.6037518   0.08847243  0.13633547  0.59810372  0.58304064  0.67020677]
 [ 0.          0.          0.          0.          0.          0.
   0.51432648  0.2456514   0.00286944  0.2456514   0.2456514   0.
   0.48905734  0.          0.57294755  0.          0.3783225   0.        ]
 [ 0.          0.          0.          0.          0.          0.          0.
   0.          0.          0.          0.          0.          0.          0.
   0.          0.          0.          0.        ]
 [ 0.          0.          0.          0.          0.          0.          0.
   0.          0.          0.          0.          0.          0.          0.
   0.          0.          0.          0.        ]
 [ 0.          0.          0.          0.          0.          0.          0.
   0.          0.          0.          0.          0.          0.          0.
   0.          0.          0.          0.        ]
 [ 0.          0.          0.          0.          0.          0.          0.
   0.          0.          0.          0.          0.          0.          0.
   0.          0.          0.          0.        ]
 [ 0.          0.          0.          0.          0.          0.          0.
   0.          0.          0.          0.          0.          0.          0.
   0.          0.          0.          0.        ]
 [ 0.          0.          0.          0.          0.          0.          0.
   0.          0.          0.          0.          0.          0.          0.
   0.          0.          0.          0.        ]
 [ 0.          0.          0.          0.          0.          0.          0.
   0.          0.          0.          0.          0.          0.          0.
   0.          0.          0.          0.        ]]
