Load data
RNN type: O2 Grammar: g5 Seed: 7
Model total parameters: 16562
Saving hinit ... 

Epoch 0: Time: 2.9945 Cost: 25.1903 Pre: 0.4794 Re: 0.4252 Acc: 0.4985 F1: 0.4507


--------------------------------------------------------------------
Eval results: Cost:25.1314 Pre:0.4534 Re:0.4749 Acc:0.4793 F1:0.4639
--------------------------------------------------------------------

Epoch 1: Time: 2.9899 Cost: 25.1244 Pre: 0.4658 Re: 0.2330 Acc: 0.4997 F1: 0.3106
Epoch 2: Time: 3.1002 Cost: 25.0719 Pre: 0.5097 Re: 0.1586 Acc: 0.5192 F1: 0.2419
Epoch 3: Time: 2.9939 Cost: 25.0594 Pre: 0.5028 Re: 0.1592 Acc: 0.5171 F1: 0.2418
Epoch 4: Time: 2.9989 Cost: 25.0552 Pre: 0.5027 Re: 0.1664 Acc: 0.5171 F1: 0.2500
Epoch 5: Time: 2.9987 Cost: 25.0486 Pre: 0.5036 Re: 0.1700 Acc: 0.5174 F1: 0.2542
Epoch 6: Time: 2.9894 Cost: 25.0422 Pre: 0.5052 Re: 0.1766 Acc: 0.5180 F1: 0.2617
Epoch 7: Time: 2.9912 Cost: 25.0362 Pre: 0.5008 Re: 0.1856 Acc: 0.5166 F1: 0.2708
Epoch 8: Time: 3.0009 Cost: 25.0307 Pre: 0.5000 Re: 0.1844 Acc: 0.5163 F1: 0.2694
Epoch 9: Time: 3.0134 Cost: 25.0256 Pre: 0.5064 Re: 0.1910 Acc: 0.5186 F1: 0.2774
Epoch 10: Time: 2.9906 Cost: 25.0211 Pre: 0.5063 Re: 0.1934 Acc: 0.5186 F1: 0.2799


--------------------------------------------------------------------
Eval results: Cost:25.0318 Pre:0.4742 Re:0.5580 Acc:0.4969 F1:0.5127
--------------------------------------------------------------------

Epoch 11: Time: 2.8303 Cost: 25.0194 Pre: 0.5100 Re: 0.1994 Acc: 0.5200 F1: 0.2867
Epoch 12: Time: 3.3635 Cost: 25.0143 Pre: 0.5045 Re: 0.2006 Acc: 0.5180 F1: 0.2871
Epoch 13: Time: 2.8417 Cost: 25.0104 Pre: 0.5104 Re: 0.2066 Acc: 0.5203 F1: 0.2941
Epoch 14: Time: 2.8301 Cost: 25.0077 Pre: 0.5085 Re: 0.2144 Acc: 0.5198 F1: 0.3016
Epoch 15: Time: 2.8243 Cost: 25.0053 Pre: 0.5084 Re: 0.2186 Acc: 0.5198 F1: 0.3058
Epoch 16: Time: 2.8294 Cost: 25.0031 Pre: 0.5063 Re: 0.2180 Acc: 0.5189 F1: 0.3048
Epoch 17: Time: 2.8277 Cost: 25.0010 Pre: 0.5078 Re: 0.2162 Acc: 0.5195 F1: 0.3033
Epoch 18: Time: 2.8379 Cost: 24.9991 Pre: 0.5056 Re: 0.2186 Acc: 0.5186 F1: 0.3052
Epoch 19: Time: 2.8242 Cost: 24.9973 Pre: 0.5062 Re: 0.2210 Acc: 0.5189 F1: 0.3077
Epoch 20: Time: 2.9772 Cost: 24.9955 Pre: 0.5075 Re: 0.2240 Acc: 0.5195 F1: 0.3108


--------------------------------------------------------------------
Eval results: Cost:25.0364 Pre:0.4742 Re:0.5580 Acc:0.4969 F1:0.5127
--------------------------------------------------------------------

Epoch 21: Time: 2.9790 Cost: 24.9959 Pre: 0.5141 Re: 0.2306 Acc: 0.5224 F1: 0.3184
Epoch 22: Time: 2.9921 Cost: 24.9926 Pre: 0.5059 Re: 0.2324 Acc: 0.5189 F1: 0.3185
Epoch 23: Time: 2.9891 Cost: 24.9902 Pre: 0.5065 Re: 0.2336 Acc: 0.5192 F1: 0.3198
Epoch 24: Time: 2.9914 Cost: 24.9886 Pre: 0.5045 Re: 0.2342 Acc: 0.5183 F1: 0.3199
Epoch 25: Time: 2.9868 Cost: 24.9870 Pre: 0.5013 Re: 0.2390 Acc: 0.5169 F1: 0.3237
Epoch 26: Time: 2.9866 Cost: 24.9854 Pre: 0.5025 Re: 0.2414 Acc: 0.5174 F1: 0.3262
Epoch 27: Time: 3.0298 Cost: 24.9838 Pre: 0.5031 Re: 0.2420 Acc: 0.5177 F1: 0.3268
Epoch 28: Time: 3.0130 Cost: 24.9822 Pre: 0.5025 Re: 0.2438 Acc: 0.5174 F1: 0.3283
Epoch 29: Time: 3.0633 Cost: 24.9806 Pre: 0.5062 Re: 0.2432 Acc: 0.5192 F1: 0.3286
Epoch 30: Time: 2.9824 Cost: 24.9791 Pre: 0.5093 Re: 0.2468 Acc: 0.5206 F1: 0.3325


--------------------------------------------------------------------
Eval results: Cost:25.0391 Pre:0.4742 Re:0.5580 Acc:0.4969 F1:0.5127
--------------------------------------------------------------------

Epoch 31: Time: 2.9694 Cost: 24.9796 Pre: 0.5074 Re: 0.2474 Acc: 0.5198 F1: 0.3327
Epoch 32: Time: 2.9463 Cost: 24.9764 Pre: 0.5103 Re: 0.2541 Acc: 0.5212 F1: 0.3392
Epoch 33: Time: 2.9371 Cost: 24.9744 Pre: 0.5132 Re: 0.2577 Acc: 0.5227 F1: 0.3431
Epoch 34: Time: 2.9632 Cost: 24.9729 Pre: 0.5112 Re: 0.2601 Acc: 0.5218 F1: 0.3447
Epoch 35: Time: 2.9243 Cost: 24.9714 Pre: 0.5181 Re: 0.2661 Acc: 0.5253 F1: 0.3516
Epoch 36: Time: 2.9433 Cost: 24.9699 Pre: 0.5181 Re: 0.2661 Acc: 0.5253 F1: 0.3516
Epoch 37: Time: 2.9401 Cost: 24.9685 Pre: 0.5162 Re: 0.2685 Acc: 0.5244 F1: 0.3532
Epoch 38: Time: 2.9319 Cost: 24.9670 Pre: 0.5168 Re: 0.2685 Acc: 0.5247 F1: 0.3534
Epoch 39: Time: 3.0601 Cost: 24.9655 Pre: 0.5174 Re: 0.2685 Acc: 0.5250 F1: 0.3535
Epoch 40: Time: 2.9310 Cost: 24.9641 Pre: 0.5179 Re: 0.2691 Acc: 0.5253 F1: 0.3542


--------------------------------------------------------------------
Eval results: Cost:25.0413 Pre:0.4751 Re:0.5422 Acc:0.4987 F1:0.5065
--------------------------------------------------------------------

Epoch 41: Time: 2.9615 Cost: 24.9646 Pre: 0.5158 Re: 0.2649 Acc: 0.5241 F1: 0.3500
Epoch 42: Time: 3.1013 Cost: 24.9615 Pre: 0.5155 Re: 0.2691 Acc: 0.5241 F1: 0.3536
Epoch 43: Time: 2.9919 Cost: 24.9597 Pre: 0.5156 Re: 0.2673 Acc: 0.5241 F1: 0.3521
Epoch 44: Time: 2.9570 Cost: 24.9583 Pre: 0.5168 Re: 0.2679 Acc: 0.5247 F1: 0.3528
Epoch 45: Time: 2.9745 Cost: 24.9569 Pre: 0.5167 Re: 0.2697 Acc: 0.5247 F1: 0.3544
Epoch 46: Time: 2.9636 Cost: 24.9554 Pre: 0.5172 Re: 0.2703 Acc: 0.5250 F1: 0.3550
Epoch 47: Time: 2.9740 Cost: 24.9540 Pre: 0.5137 Re: 0.2709 Acc: 0.5232 F1: 0.3547
Epoch 48: Time: 2.9927 Cost: 24.9526 Pre: 0.5147 Re: 0.2727 Acc: 0.5238 F1: 0.3565
Epoch 49: Time: 2.9682 Cost: 24.9512 Pre: 0.5158 Re: 0.2745 Acc: 0.5244 F1: 0.3583
Epoch 50: Time: 3.0818 Cost: 24.9498 Pre: 0.5175 Re: 0.2751 Acc: 0.5253 F1: 0.3592


--------------------------------------------------------------------
Eval results: Cost:25.0440 Pre:0.4754 Re:0.5224 Acc:0.5000 F1:0.4978
--------------------------------------------------------------------

Epoch 51: Time: 2.8992 Cost: 24.9503 Pre: 0.5209 Re: 0.2769 Acc: 0.5270 F1: 0.3616
Epoch 52: Time: 2.9031 Cost: 24.9472 Pre: 0.5191 Re: 0.2775 Acc: 0.5261 F1: 0.3616
Epoch 53: Time: 2.9007 Cost: 24.9455 Pre: 0.5193 Re: 0.2751 Acc: 0.5261 F1: 0.3596
Epoch 54: Time: 2.8951 Cost: 24.9442 Pre: 0.5198 Re: 0.2757 Acc: 0.5264 F1: 0.3603
Epoch 55: Time: 2.8792 Cost: 24.9427 Pre: 0.5174 Re: 0.2763 Acc: 0.5253 F1: 0.3602
Epoch 56: Time: 2.9410 Cost: 24.9413 Pre: 0.5185 Re: 0.2775 Acc: 0.5259 F1: 0.3615
Epoch 57: Time: 2.9227 Cost: 24.9399 Pre: 0.5180 Re: 0.2769 Acc: 0.5256 F1: 0.3609
Epoch 58: Time: 3.0370 Cost: 24.9385 Pre: 0.5206 Re: 0.2805 Acc: 0.5270 F1: 0.3646
Epoch 59: Time: 2.9016 Cost: 24.9371 Pre: 0.5196 Re: 0.2793 Acc: 0.5264 F1: 0.3633
Epoch 60: Time: 2.9003 Cost: 24.9357 Pre: 0.5190 Re: 0.2793 Acc: 0.5261 F1: 0.3631


--------------------------------------------------------------------
Eval results: Cost:25.0465 Pre:0.4788 Re:0.5053 Acc:0.5044 F1:0.4917
--------------------------------------------------------------------

Epoch 61: Time: 2.9558 Cost: 24.9360 Pre: 0.5156 Re: 0.2775 Acc: 0.5244 F1: 0.3608
Epoch 62: Time: 2.9368 Cost: 24.9330 Pre: 0.5156 Re: 0.2787 Acc: 0.5244 F1: 0.3618
Epoch 63: Time: 2.9677 Cost: 24.9313 Pre: 0.5150 Re: 0.2781 Acc: 0.5241 F1: 0.3612
Epoch 64: Time: 2.9380 Cost: 24.9298 Pre: 0.5162 Re: 0.2781 Acc: 0.5247 F1: 0.3614
Epoch 65: Time: 2.9996 Cost: 24.9284 Pre: 0.5145 Re: 0.2769 Acc: 0.5238 F1: 0.3600
Epoch 66: Time: 2.9537 Cost: 24.9269 Pre: 0.5133 Re: 0.2781 Acc: 0.5232 F1: 0.3607
Epoch 67: Time: 2.9653 Cost: 24.9253 Pre: 0.5167 Re: 0.2781 Acc: 0.5250 F1: 0.3616
Epoch 68: Time: 2.9815 Cost: 24.9238 Pre: 0.5161 Re: 0.2787 Acc: 0.5247 F1: 0.3619
Epoch 69: Time: 3.0806 Cost: 24.9222 Pre: 0.5173 Re: 0.2781 Acc: 0.5253 F1: 0.3617
Epoch 70: Time: 2.9890 Cost: 24.9206 Pre: 0.5167 Re: 0.2787 Acc: 0.5250 F1: 0.3621


--------------------------------------------------------------------
Eval results: Cost:25.0478 Pre:0.4789 Re:0.4947 Acc:0.5050 F1:0.4867
--------------------------------------------------------------------

Epoch 71: Time: 2.9755 Cost: 24.9206 Pre: 0.5155 Re: 0.2805 Acc: 0.5244 F1: 0.3633
Epoch 72: Time: 2.9763 Cost: 24.9173 Pre: 0.5137 Re: 0.2811 Acc: 0.5235 F1: 0.3634
Epoch 73: Time: 2.9820 Cost: 24.9153 Pre: 0.5154 Re: 0.2823 Acc: 0.5244 F1: 0.3648
Epoch 74: Time: 2.9593 Cost: 24.9135 Pre: 0.5142 Re: 0.2829 Acc: 0.5238 F1: 0.3650
Epoch 75: Time: 2.9939 Cost: 24.9115 Pre: 0.5151 Re: 0.2865 Acc: 0.5244 F1: 0.3682
Epoch 76: Time: 2.9790 Cost: 24.9094 Pre: 0.5156 Re: 0.2871 Acc: 0.5247 F1: 0.3688
Epoch 77: Time: 3.0913 Cost: 24.9072 Pre: 0.5135 Re: 0.2859 Acc: 0.5235 F1: 0.3673
Epoch 78: Time: 2.9799 Cost: 24.9047 Pre: 0.5124 Re: 0.2859 Acc: 0.5230 F1: 0.3670
Epoch 79: Time: 2.9798 Cost: 24.9020 Pre: 0.5134 Re: 0.2877 Acc: 0.5235 F1: 0.3687
Epoch 80: Time: 2.9723 Cost: 24.8988 Pre: 0.5134 Re: 0.2877 Acc: 0.5235 F1: 0.3687


--------------------------------------------------------------------
Eval results: Cost:25.0424 Pre:0.4790 Re:0.5422 Acc:0.5031 F1:0.5087
--------------------------------------------------------------------

Epoch 81: Time: 2.8311 Cost: 24.8968 Pre: 0.5183 Re: 0.2889 Acc: 0.5261 F1: 0.3710
Epoch 82: Time: 2.8061 Cost: 24.8906 Pre: 0.5150 Re: 0.2895 Acc: 0.5244 F1: 0.3706
Epoch 83: Time: 2.8121 Cost: 24.8845 Pre: 0.5149 Re: 0.2901 Acc: 0.5244 F1: 0.3711
Epoch 84: Time: 2.8245 Cost: 24.8761 Pre: 0.5138 Re: 0.2907 Acc: 0.5238 F1: 0.3713
Epoch 85: Time: 2.8085 Cost: 24.8626 Pre: 0.5164 Re: 0.2937 Acc: 0.5253 F1: 0.3744
Epoch 86: Time: 2.8034 Cost: 24.8357 Pre: 0.5236 Re: 0.3003 Acc: 0.5293 F1: 0.3817
Epoch 87: Time: 2.8078 Cost: 24.7481 Pre: 0.5394 Re: 0.3123 Acc: 0.5383 F1: 0.3956
Epoch 88: Time: 3.3964 Cost: 20.1553 Pre: 0.8421 Re: 0.6054 Acc: 0.7542 F1: 0.7044
Epoch 89: Time: 2.8440 Cost: 3.4622 Pre: 0.9658 Re: 1.0000 Acc: 0.9829 F1: 0.9826
Epoch 90: Time: 2.8064 Cost: 2.1966 Pre: 0.9658 Re: 1.0000 Acc: 0.9829 F1: 0.9826


--------------------------------------------------------------------
Eval results: Cost:2.3269 Pre:0.9535 Re:1.0000 Acc:0.9768 F1:0.9762
--------------------------------------------------------------------

Epoch 91: Time: 2.9411 Cost: 2.0864 Pre: 0.9658 Re: 1.0000 Acc: 0.9829 F1: 0.9826
Epoch 92: Time: 2.9722 Cost: 2.0470 Pre: 0.9658 Re: 1.0000 Acc: 0.9829 F1: 0.9826
Epoch 93: Time: 2.9404 Cost: 2.0343 Pre: 0.9658 Re: 1.0000 Acc: 0.9829 F1: 0.9826
Epoch 94: Time: 2.9703 Cost: 2.0282 Pre: 0.9658 Re: 1.0000 Acc: 0.9829 F1: 0.9826
Epoch 95: Time: 2.9310 Cost: 2.0243 Pre: 0.9658 Re: 1.0000 Acc: 0.9829 F1: 0.9826
Epoch 96: Time: 3.1441 Cost: 2.0211 Pre: 0.9658 Re: 1.0000 Acc: 0.9829 F1: 0.9826
Epoch 97: Time: 2.9279 Cost: 2.0180 Pre: 0.9658 Re: 1.0000 Acc: 0.9829 F1: 0.9826
Epoch 98: Time: 2.9334 Cost: 2.0148 Pre: 0.9658 Re: 1.0000 Acc: 0.9829 F1: 0.9826
Epoch 99: Time: 2.9634 Cost: 2.0114 Pre: 0.9658 Re: 1.0000 Acc: 0.9829 F1: 0.9826
Epoch 100: Time: 2.9401 Cost: 2.0076 Pre: 0.9658 Re: 1.0000 Acc: 0.9829 F1: 0.9826


--------------------------------------------------------------------
Eval results: Cost:2.2326 Pre:0.9535 Re:1.0000 Acc:0.9768 F1:0.9762
--------------------------------------------------------------------

Epoch 101: Time: 2.8009 Cost: 2.0040 Pre: 0.9658 Re: 1.0000 Acc: 0.9829 F1: 0.9826
Epoch 102: Time: 2.8015 Cost: 1.9976 Pre: 0.9658 Re: 1.0000 Acc: 0.9829 F1: 0.9826
Epoch 103: Time: 2.9155 Cost: 1.9914 Pre: 0.9658 Re: 1.0000 Acc: 0.9829 F1: 0.9826
Epoch 104: Time: 2.8477 Cost: 1.9890 Pre: 0.9658 Re: 1.0000 Acc: 0.9829 F1: 0.9826
Epoch 105: Time: 2.8595 Cost: 1.9835 Pre: 0.9658 Re: 1.0000 Acc: 0.9829 F1: 0.9826
Epoch 106: Time: 2.8074 Cost: 1.9815 Pre: 0.9658 Re: 1.0000 Acc: 0.9829 F1: 0.9826
Epoch 107: Time: 2.9737 Cost: 1.9749 Pre: 0.9658 Re: 1.0000 Acc: 0.9829 F1: 0.9826
Epoch 108: Time: 2.8056 Cost: 1.9720 Pre: 0.9658 Re: 1.0000 Acc: 0.9829 F1: 0.9826
Epoch 109: Time: 2.8067 Cost: 1.9637 Pre: 0.9658 Re: 1.0000 Acc: 0.9829 F1: 0.9826
Epoch 110: Time: 2.9081 Cost: 1.9621 Pre: 0.9658 Re: 1.0000 Acc: 0.9829 F1: 0.9826


--------------------------------------------------------------------
Eval results: Cost:2.2247 Pre:0.9535 Re:1.0000 Acc:0.9768 F1:0.9762
--------------------------------------------------------------------

Epoch 111: Time: 2.8175 Cost: 1.9528 Pre: 0.9658 Re: 1.0000 Acc: 0.9829 F1: 0.9826
Epoch 112: Time: 2.8214 Cost: 1.9496 Pre: 0.9658 Re: 1.0000 Acc: 0.9829 F1: 0.9826
Epoch 113: Time: 2.8397 Cost: 1.9367 Pre: 0.9658 Re: 1.0000 Acc: 0.9829 F1: 0.9826
Epoch 114: Time: 2.8368 Cost: 1.9359 Pre: 0.9663 Re: 1.0000 Acc: 0.9831 F1: 0.9829
Epoch 115: Time: 3.0905 Cost: 1.9182 Pre: 0.9663 Re: 1.0000 Acc: 0.9831 F1: 0.9829
Epoch 116: Time: 3.0253 Cost: 1.9153 Pre: 0.9663 Re: 1.0000 Acc: 0.9831 F1: 0.9829
Epoch 117: Time: 2.8224 Cost: 1.8944 Pre: 0.9663 Re: 1.0000 Acc: 0.9831 F1: 0.9829
Epoch 118: Time: 2.8317 Cost: 1.8844 Pre: 0.9663 Re: 1.0000 Acc: 0.9831 F1: 0.9829
Epoch 119: Time: 2.8307 Cost: 1.8578 Pre: 0.9669 Re: 0.9994 Acc: 0.9831 F1: 0.9829
Epoch 120: Time: 2.8356 Cost: 1.8336 Pre: 0.9674 Re: 0.9994 Acc: 0.9834 F1: 0.9832


--------------------------------------------------------------------
Eval results: Cost:2.2269 Pre:0.9547 Re:1.0000 Acc:0.9775 F1:0.9768
--------------------------------------------------------------------

Epoch 121: Time: 2.9901 Cost: 1.8004 Pre: 0.9674 Re: 0.9994 Acc: 0.9834 F1: 0.9832
Epoch 122: Time: 2.9780 Cost: 1.7590 Pre: 0.9680 Re: 0.9988 Acc: 0.9834 F1: 0.9832
Epoch 123: Time: 2.9971 Cost: 1.7319 Pre: 0.9685 Re: 0.9982 Acc: 0.9834 F1: 0.9831
Epoch 124: Time: 2.9834 Cost: 1.7103 Pre: 0.9691 Re: 0.9982 Acc: 0.9837 F1: 0.9834
Epoch 125: Time: 3.0843 Cost: 1.6943 Pre: 0.9691 Re: 0.9982 Acc: 0.9837 F1: 0.9834
Epoch 126: Time: 2.9994 Cost: 1.6846 Pre: 0.9691 Re: 0.9982 Acc: 0.9837 F1: 0.9834
Epoch 127: Time: 2.9781 Cost: 1.6770 Pre: 0.9685 Re: 0.9982 Acc: 0.9834 F1: 0.9831
Epoch 128: Time: 2.9852 Cost: 1.6692 Pre: 0.9685 Re: 0.9982 Acc: 0.9834 F1: 0.9831
Epoch 129: Time: 2.9871 Cost: 1.6622 Pre: 0.9685 Re: 0.9982 Acc: 0.9834 F1: 0.9831
Epoch 130: Time: 2.9850 Cost: 1.6551 Pre: 0.9685 Re: 0.9982 Acc: 0.9834 F1: 0.9831


--------------------------------------------------------------------
Eval results: Cost:2.2602 Pre:0.9545 Re:0.9974 Acc:0.9762 F1:0.9755
--------------------------------------------------------------------

Epoch 131: Time: 2.8723 Cost: 1.6503 Pre: 0.9685 Re: 0.9982 Acc: 0.9834 F1: 0.9831
Epoch 132: Time: 2.8410 Cost: 1.6429 Pre: 0.9691 Re: 0.9976 Acc: 0.9834 F1: 0.9831
Epoch 133: Time: 2.8327 Cost: 1.6416 Pre: 0.9691 Re: 0.9976 Acc: 0.9834 F1: 0.9831
Epoch 134: Time: 2.9531 Cost: 1.6302 Pre: 0.9708 Re: 0.9970 Acc: 0.9840 F1: 0.9837
Epoch 135: Time: 2.9048 Cost: 1.6383 Pre: 0.9691 Re: 0.9976 Acc: 0.9834 F1: 0.9831
Epoch 136: Time: 2.8403 Cost: 1.6210 Pre: 0.9707 Re: 0.9964 Acc: 0.9837 F1: 0.9834
Epoch 137: Time: 2.8828 Cost: 1.6465 Pre: 0.9685 Re: 0.9988 Acc: 0.9837 F1: 0.9834
Epoch 138: Time: 2.8319 Cost: 1.6187 Pre: 0.9713 Re: 0.9964 Acc: 0.9840 F1: 0.9837
Epoch 139: Time: 2.8341 Cost: 1.6542 Pre: 0.9685 Re: 0.9976 Acc: 0.9831 F1: 0.9828
Epoch 140: Time: 2.8535 Cost: 1.6159 Pre: 0.9713 Re: 0.9964 Acc: 0.9840 F1: 0.9837


--------------------------------------------------------------------
Eval results: Cost:2.2469 Pre:0.9544 Re:0.9934 Acc:0.9743 F1:0.9735
--------------------------------------------------------------------

Epoch 141: Time: 2.9429 Cost: 1.6539 Pre: 0.9685 Re: 0.9976 Acc: 0.9831 F1: 0.9828
Epoch 142: Time: 3.0172 Cost: 1.6112 Pre: 0.9713 Re: 0.9964 Acc: 0.9840 F1: 0.9837
Epoch 143: Time: 2.9486 Cost: 1.6620 Pre: 0.9685 Re: 0.9964 Acc: 0.9826 F1: 0.9822
Epoch 144: Time: 3.0087 Cost: 1.6107 Pre: 0.9713 Re: 0.9964 Acc: 0.9840 F1: 0.9837
Epoch 145: Time: 2.9486 Cost: 1.6643 Pre: 0.9690 Re: 0.9958 Acc: 0.9826 F1: 0.9822
Epoch 146: Time: 3.0629 Cost: 1.6110 Pre: 0.9713 Re: 0.9964 Acc: 0.9840 F1: 0.9837
Epoch 147: Time: 2.9371 Cost: 1.6513 Pre: 0.9691 Re: 0.9970 Acc: 0.9831 F1: 0.9828
Epoch 148: Time: 2.9477 Cost: 1.6033 Pre: 0.9713 Re: 0.9970 Acc: 0.9843 F1: 0.9840
Epoch 149: Time: 2.9529 Cost: 1.6441 Pre: 0.9691 Re: 0.9970 Acc: 0.9831 F1: 0.9828
Epoch 150: Time: 2.9573 Cost: 1.5972 Pre: 0.9713 Re: 0.9970 Acc: 0.9843 F1: 0.9840


--------------------------------------------------------------------
Eval results: Cost:2.2309 Pre:0.9544 Re:0.9947 Acc:0.9750 F1:0.9742
--------------------------------------------------------------------

Epoch 151: Time: 2.8845 Cost: 1.6359 Pre: 0.9691 Re: 0.9970 Acc: 0.9831 F1: 0.9828
Epoch 152: Time: 2.8839 Cost: 1.5903 Pre: 0.9713 Re: 0.9970 Acc: 0.9843 F1: 0.9840
Epoch 153: Time: 2.8928 Cost: 1.6267 Pre: 0.9691 Re: 0.9970 Acc: 0.9831 F1: 0.9828
Epoch 154: Time: 3.0286 Cost: 1.5824 Pre: 0.9713 Re: 0.9970 Acc: 0.9843 F1: 0.9840
Epoch 155: Time: 2.8973 Cost: 1.6174 Pre: 0.9691 Re: 0.9976 Acc: 0.9834 F1: 0.9831
Epoch 156: Time: 2.9200 Cost: 1.5740 Pre: 0.9713 Re: 0.9970 Acc: 0.9843 F1: 0.9840
Epoch 157: Time: 2.9180 Cost: 1.6071 Pre: 0.9691 Re: 0.9982 Acc: 0.9837 F1: 0.9834
Epoch 158: Time: 2.8878 Cost: 1.5648 Pre: 0.9713 Re: 0.9970 Acc: 0.9843 F1: 0.9840
Epoch 159: Time: 2.9399 Cost: 1.5954 Pre: 0.9697 Re: 0.9982 Acc: 0.9840 F1: 0.9837
Epoch 160: Time: 2.8853 Cost: 1.5545 Pre: 0.9713 Re: 0.9976 Acc: 0.9846 F1: 0.9843


--------------------------------------------------------------------
Eval results: Cost:2.2145 Pre:0.9544 Re:0.9947 Acc:0.9750 F1:0.9742
--------------------------------------------------------------------

Epoch 161: Time: 2.8685 Cost: 1.5824 Pre: 0.9697 Re: 0.9982 Acc: 0.9840 F1: 0.9837
Epoch 162: Time: 2.8253 Cost: 1.5419 Pre: 0.9714 Re: 0.9982 Acc: 0.9849 F1: 0.9846
Epoch 163: Time: 2.8869 Cost: 1.5646 Pre: 0.9697 Re: 0.9988 Acc: 0.9843 F1: 0.9840
Epoch 164: Time: 2.8715 Cost: 1.5272 Pre: 0.9719 Re: 0.9982 Acc: 0.9852 F1: 0.9849
Epoch 165: Time: 3.0336 Cost: 1.5456 Pre: 0.9714 Re: 0.9982 Acc: 0.9849 F1: 0.9846
Epoch 166: Time: 2.8415 Cost: 1.5099 Pre: 0.9719 Re: 0.9982 Acc: 0.9852 F1: 0.9849
Epoch 167: Time: 2.8263 Cost: 1.5228 Pre: 0.9719 Re: 0.9982 Acc: 0.9852 F1: 0.9849
Epoch 168: Time: 2.8480 Cost: 1.4886 Pre: 0.9719 Re: 0.9982 Acc: 0.9852 F1: 0.9849
Epoch 169: Time: 2.8636 Cost: 1.4953 Pre: 0.9725 Re: 0.9988 Acc: 0.9858 F1: 0.9855
Epoch 170: Time: 2.8375 Cost: 1.4623 Pre: 0.9725 Re: 0.9988 Acc: 0.9858 F1: 0.9855


--------------------------------------------------------------------
Eval results: Cost:2.1710 Pre:0.9545 Re:0.9974 Acc:0.9762 F1:0.9755
--------------------------------------------------------------------

Epoch 171: Time: 2.8571 Cost: 1.4639 Pre: 0.9737 Re: 0.9994 Acc: 0.9866 F1: 0.9864
Epoch 172: Time: 2.9149 Cost: 1.4297 Pre: 0.9725 Re: 0.9994 Acc: 0.9861 F1: 0.9858
Epoch 173: Time: 2.9615 Cost: 1.4252 Pre: 0.9742 Re: 0.9994 Acc: 0.9869 F1: 0.9867
Epoch 174: Time: 2.8371 Cost: 1.3927 Pre: 0.9725 Re: 0.9994 Acc: 0.9861 F1: 0.9858
Epoch 175: Time: 2.8139 Cost: 1.3827 Pre: 0.9743 Re: 1.0000 Acc: 0.9872 F1: 0.9870
Epoch 176: Time: 2.8228 Cost: 1.3495 Pre: 0.9731 Re: 0.9994 Acc: 0.9863 F1: 0.9861
Epoch 177: Time: 2.9191 Cost: 1.3342 Pre: 0.9754 Re: 1.0000 Acc: 0.9878 F1: 0.9875
Epoch 178: Time: 2.8345 Cost: 1.2987 Pre: 0.9737 Re: 0.9994 Acc: 0.9866 F1: 0.9864
Epoch 179: Time: 2.8139 Cost: 1.2786 Pre: 0.9765 Re: 1.0000 Acc: 0.9884 F1: 0.9881
Epoch 180: Time: 2.8174 Cost: 1.2372 Pre: 0.9748 Re: 1.0000 Acc: 0.9875 F1: 0.9873


--------------------------------------------------------------------
Eval results: Cost:2.0088 Pre:0.9583 Re:1.0000 Acc:0.9793 F1:0.9787
--------------------------------------------------------------------

Epoch 181: Time: 2.9776 Cost: 1.2135 Pre: 0.9783 Re: 1.0000 Acc: 0.9893 F1: 0.9890
Epoch 182: Time: 2.9679 Cost: 1.1557 Pre: 0.9754 Re: 1.0000 Acc: 0.9878 F1: 0.9875
Epoch 183: Time: 2.9558 Cost: 1.1138 Pre: 0.9788 Re: 1.0000 Acc: 0.9895 F1: 0.9893
Epoch 184: Time: 3.0480 Cost: 1.0155 Pre: 0.9777 Re: 1.0000 Acc: 0.9890 F1: 0.9887
Epoch 185: Time: 2.9881 Cost: 0.9744 Pre: 0.9817 Re: 1.0000 Acc: 0.9910 F1: 0.9908
Epoch 186: Time: 2.9842 Cost: 0.8551 Pre: 0.9823 Re: 1.0000 Acc: 0.9913 F1: 0.9911
Epoch 187: Time: 2.9521 Cost: 0.8536 Pre: 0.9846 Re: 1.0000 Acc: 0.9924 F1: 0.9923
Epoch 188: Time: 2.9329 Cost: 0.7161 Pre: 0.9852 Re: 1.0000 Acc: 0.9927 F1: 0.9925
Epoch 189: Time: 2.9685 Cost: 0.7237 Pre: 0.9858 Re: 1.0000 Acc: 0.9930 F1: 0.9928
Epoch 190: Time: 2.9188 Cost: 0.6188 Pre: 0.9887 Re: 1.0000 Acc: 0.9945 F1: 0.9943


--------------------------------------------------------------------
Eval results: Cost:1.5427 Pre:0.9706 Re:1.0000 Acc:0.9856 F1:0.9851
--------------------------------------------------------------------

Epoch 191: Time: 2.8090 Cost: 0.5463 Pre: 0.9887 Re: 1.0000 Acc: 0.9945 F1: 0.9943
Epoch 192: Time: 3.2821 Cost: 0.4353 Pre: 0.9923 Re: 1.0000 Acc: 0.9962 F1: 0.9961
Epoch 193: Time: 2.8252 Cost: 0.3509 Pre: 0.9958 Re: 1.0000 Acc: 0.9980 F1: 0.9979
Epoch 194: Time: 2.8042 Cost: 0.2900 Pre: 0.9952 Re: 1.0000 Acc: 0.9977 F1: 0.9976
Epoch 195: Time: 2.8039 Cost: 0.2310 Pre: 0.9976 Re: 1.0000 Acc: 0.9988 F1: 0.9988
Epoch 196: Time: 2.8009 Cost: 0.1812 Pre: 0.9994 Re: 1.0000 Acc: 0.9997 F1: 0.9997
Epoch 197: Time: 2.8079 Cost: 0.1461 Pre: 1.0000 Re: 1.0000 Acc: 1.0000 F1: 1.0000
Epoch 198: Time: 2.8007 Cost: 0.1161 Pre: 1.0000 Re: 1.0000 Acc: 1.0000 F1: 1.0000
Epoch 199: Time: 2.7966 Cost: 0.0917 Pre: 1.0000 Re: 1.0000 Acc: 1.0000 F1: 1.0000
Epoch 200: Time: 2.8109 Cost: 0.0722 Pre: 1.0000 Re: 1.0000 Acc: 1.0000 F1: 1.0000


--------------------------------------------------------------------
Eval results: Cost:0.4038 Pre:0.9908 Re:1.0000 Acc:0.9956 F1:0.9954
--------------------------------------------------------------------

Epoch 201: Time: 2.9721 Cost: 0.0520 Pre: 1.0000 Re: 1.0000 Acc: 1.0000 F1: 1.0000
Epoch 202: Time: 2.9763 Cost: 0.0407 Pre: 1.0000 Re: 1.0000 Acc: 1.0000 F1: 1.0000
Epoch 203: Time: 3.0951 Cost: 0.0407 Pre: 1.0000 Re: 1.0000 Acc: 1.0000 F1: 1.0000
Epoch 204: Time: 3.0285 Cost: 0.0303 Pre: 1.0000 Re: 1.0000 Acc: 1.0000 F1: 1.0000
Epoch 205: Time: 2.9877 Cost: 0.0236 Pre: 1.0000 Re: 1.0000 Acc: 1.0000 F1: 1.0000
Epoch 206: Time: 2.9722 Cost: 0.0192 Pre: 1.0000 Re: 1.0000 Acc: 1.0000 F1: 1.0000
Epoch 207: Time: 2.9785 Cost: 0.0155 Pre: 1.0000 Re: 1.0000 Acc: 1.0000 F1: 1.0000
Epoch 208: Time: 2.9842 Cost: 0.0129 Pre: 1.0000 Re: 1.0000 Acc: 1.0000 F1: 1.0000
Epoch 209: Time: 2.9782 Cost: 0.0109 Pre: 1.0000 Re: 1.0000 Acc: 1.0000 F1: 1.0000
Epoch 210: Time: 3.0001 Cost: 0.0094 Pre: 1.0000 Re: 1.0000 Acc: 1.0000 F1: 1.0000


--------------------------------------------------------------------
Eval results: Cost:0.1680 Pre:0.9948 Re:1.0000 Acc:0.9975 F1:0.9974
--------------------------------------------------------------------

Epoch 211: Time: 3.0035 Cost: 0.0081 Pre: 1.0000 Re: 1.0000 Acc: 1.0000 F1: 1.0000
Epoch 212: Time: 2.8584 Cost: 0.0077 Pre: 1.0000 Re: 1.0000 Acc: 1.0000 F1: 1.0000
Epoch 213: Time: 2.8440 Cost: 0.0073 Pre: 1.0000 Re: 1.0000 Acc: 1.0000 F1: 1.0000
Epoch 214: Time: 2.8426 Cost: 0.0067 Pre: 1.0000 Re: 1.0000 Acc: 1.0000 F1: 1.0000
Epoch 215: Time: 2.8376 Cost: 0.0061 Pre: 1.0000 Re: 1.0000 Acc: 1.0000 F1: 1.0000
Epoch 216: Time: 2.8549 Cost: 0.0056 Pre: 1.0000 Re: 1.0000 Acc: 1.0000 F1: 1.0000
Epoch 217: Time: 2.8436 Cost: 0.0051 Pre: 1.0000 Re: 1.0000 Acc: 1.0000 F1: 1.0000
Epoch 218: Time: 2.8321 Cost: 0.0048 Pre: 1.0000 Re: 1.0000 Acc: 1.0000 F1: 1.0000
Epoch 219: Time: 2.9225 Cost: 0.0044 Pre: 1.0000 Re: 1.0000 Acc: 1.0000 F1: 1.0000
Epoch 220: Time: 2.8991 Cost: 0.0041 Pre: 1.0000 Re: 1.0000 Acc: 1.0000 F1: 1.0000


--------------------------------------------------------------------
Eval results: Cost:0.0973 Pre:1.0000 Re:1.0000 Acc:1.0000 F1:1.0000
--------------------------------------------------------------------

Epoch 221: Time: 2.9399 Cost: 0.0038 Pre: 1.0000 Re: 1.0000 Acc: 1.0000 F1: 1.0000
Epoch 222: Time: 2.9130 Cost: 0.0037 Pre: 1.0000 Re: 1.0000 Acc: 1.0000 F1: 1.0000
Epoch 223: Time: 3.2630 Cost: 0.0036 Pre: 1.0000 Re: 1.0000 Acc: 1.0000 F1: 1.0000
Epoch 224: Time: 2.9763 Cost: 0.0034 Pre: 1.0000 Re: 1.0000 Acc: 1.0000 F1: 1.0000
Epoch 225: Time: 2.9409 Cost: 0.0033 Pre: 1.0000 Re: 1.0000 Acc: 1.0000 F1: 1.0000
Epoch 226: Time: 2.9284 Cost: 0.0031 Pre: 1.0000 Re: 1.0000 Acc: 1.0000 F1: 1.0000
Epoch 227: Time: 2.9558 Cost: 0.0029 Pre: 1.0000 Re: 1.0000 Acc: 1.0000 F1: 1.0000
Epoch 228: Time: 2.9432 Cost: 0.0028 Pre: 1.0000 Re: 1.0000 Acc: 1.0000 F1: 1.0000
Epoch 229: Time: 2.9485 Cost: 0.0027 Pre: 1.0000 Re: 1.0000 Acc: 1.0000 F1: 1.0000
Epoch 230: Time: 2.9274 Cost: 0.0026 Pre: 1.0000 Re: 1.0000 Acc: 1.0000 F1: 1.0000


--------------------------------------------------------------------
Eval results: Cost:0.0614 Pre:1.0000 Re:1.0000 Acc:1.0000 F1:1.0000
--------------------------------------------------------------------

Epoch 231: Time: 2.8370 Cost: 0.0024 Pre: 1.0000 Re: 1.0000 Acc: 1.0000 F1: 1.0000
Epoch 232: Time: 2.8208 Cost: 0.0024 Pre: 1.0000 Re: 1.0000 Acc: 1.0000 F1: 1.0000
Epoch 233: Time: 2.8240 Cost: 0.0023 Pre: 1.0000 Re: 1.0000 Acc: 1.0000 F1: 1.0000
Epoch 234: Time: 2.8251 Cost: 0.0023 Pre: 1.0000 Re: 1.0000 Acc: 1.0000 F1: 1.0000
Epoch 235: Time: 2.8246 Cost: 0.0022 Pre: 1.0000 Re: 1.0000 Acc: 1.0000 F1: 1.0000
Epoch 236: Time: 2.8338 Cost: 0.0021 Pre: 1.0000 Re: 1.0000 Acc: 1.0000 F1: 1.0000
Epoch 237: Time: 2.8323 Cost: 0.0020 Pre: 1.0000 Re: 1.0000 Acc: 1.0000 F1: 1.0000
Epoch 238: Time: 2.8304 Cost: 0.0020 Pre: 1.0000 Re: 1.0000 Acc: 1.0000 F1: 1.0000
Epoch 239: Time: 2.8463 Cost: 0.0019 Pre: 1.0000 Re: 1.0000 Acc: 1.0000 F1: 1.0000
Epoch 240: Time: 2.8242 Cost: 0.0018 Pre: 1.0000 Re: 1.0000 Acc: 1.0000 F1: 1.0000


--------------------------------------------------------------------
Eval results: Cost:0.0420 Pre:1.0000 Re:1.0000 Acc:1.0000 F1:1.0000
--------------------------------------------------------------------

Epoch 241: Time: 2.8300 Cost: 0.0018 Pre: 1.0000 Re: 1.0000 Acc: 1.0000 F1: 1.0000
Epoch 242: Time: 2.9936 Cost: 0.0017 Pre: 1.0000 Re: 1.0000 Acc: 1.0000 F1: 1.0000
Epoch 243: Time: 2.8252 Cost: 0.0017 Pre: 1.0000 Re: 1.0000 Acc: 1.0000 F1: 1.0000
Epoch 244: Time: 2.8288 Cost: 0.0017 Pre: 1.0000 Re: 1.0000 Acc: 1.0000 F1: 1.0000
Epoch 245: Time: 2.8282 Cost: 0.0016 Pre: 1.0000 Re: 1.0000 Acc: 1.0000 F1: 1.0000
Epoch 246: Time: 2.8248 Cost: 0.0016 Pre: 1.0000 Re: 1.0000 Acc: 1.0000 F1: 1.0000
Epoch 247: Time: 2.8209 Cost: 0.0015 Pre: 1.0000 Re: 1.0000 Acc: 1.0000 F1: 1.0000
Epoch 248: Time: 2.8227 Cost: 0.0015 Pre: 1.0000 Re: 1.0000 Acc: 1.0000 F1: 1.0000
Epoch 249: Time: 2.8331 Cost: 0.0015 Pre: 1.0000 Re: 1.0000 Acc: 1.0000 F1: 1.0000
Epoch 250: Time: 2.8348 Cost: 0.0014 Pre: 1.0000 Re: 1.0000 Acc: 1.0000 F1: 1.0000


--------------------------------------------------------------------
Eval results: Cost:0.0306 Pre:1.0000 Re:1.0000 Acc:1.0000 F1:1.0000
--------------------------------------------------------------------

Epoch 251: Time: 2.9627 Cost: 0.0014 Pre: 1.0000 Re: 1.0000 Acc: 1.0000 F1: 1.0000
Epoch 252: Time: 2.9635 Cost: 0.0014 Pre: 1.0000 Re: 1.0000 Acc: 1.0000 F1: 1.0000
Epoch 253: Time: 2.9706 Cost: 0.0013 Pre: 1.0000 Re: 1.0000 Acc: 1.0000 F1: 1.0000
Epoch 254: Time: 3.0577 Cost: 0.0013 Pre: 1.0000 Re: 1.0000 Acc: 1.0000 F1: 1.0000
Epoch 255: Time: 2.9860 Cost: 0.0013 Pre: 1.0000 Re: 1.0000 Acc: 1.0000 F1: 1.0000
Epoch 256: Time: 2.9728 Cost: 0.0012 Pre: 1.0000 Re: 1.0000 Acc: 1.0000 F1: 1.0000
Epoch 257: Time: 2.9906 Cost: 0.0012 Pre: 1.0000 Re: 1.0000 Acc: 1.0000 F1: 1.0000
Epoch 258: Time: 3.0303 Cost: 0.0012 Pre: 1.0000 Re: 1.0000 Acc: 1.0000 F1: 1.0000
Epoch 259: Time: 2.9747 Cost: 0.0012 Pre: 1.0000 Re: 1.0000 Acc: 1.0000 F1: 1.0000
Epoch 260: Time: 3.0268 Cost: 0.0011 Pre: 1.0000 Re: 1.0000 Acc: 1.0000 F1: 1.0000


--------------------------------------------------------------------
Eval results: Cost:0.0233 Pre:1.0000 Re:1.0000 Acc:1.0000 F1:1.0000
--------------------------------------------------------------------

Epoch 261: Time: 3.0850 Cost: 0.0011 Pre: 1.0000 Re: 1.0000 Acc: 1.0000 F1: 1.0000
Epoch 262: Time: 2.9608 Cost: 0.0011 Pre: 1.0000 Re: 1.0000 Acc: 1.0000 F1: 1.0000
Epoch 263: Time: 2.9742 Cost: 0.0011 Pre: 1.0000 Re: 1.0000 Acc: 1.0000 F1: 1.0000
Epoch 264: Time: 2.9782 Cost: 0.0011 Pre: 1.0000 Re: 1.0000 Acc: 1.0000 F1: 1.0000
Epoch 265: Time: 2.9684 Cost: 0.0011 Pre: 1.0000 Re: 1.0000 Acc: 1.0000 F1: 1.0000
Epoch 266: Time: 2.9624 Cost: 0.0010 Pre: 1.0000 Re: 1.0000 Acc: 1.0000 F1: 1.0000
Epoch 267: Time: 3.0007 Cost: 0.0010 Pre: 1.0000 Re: 1.0000 Acc: 1.0000 F1: 1.0000
Epoch 268: Time: 3.0035 Cost: 0.0010 Pre: 1.0000 Re: 1.0000 Acc: 1.0000 F1: 1.0000
Epoch 269: Time: 3.0391 Cost: 0.0010 Pre: 1.0000 Re: 1.0000 Acc: 1.0000 F1: 1.0000
Epoch 270: Time: 3.0175 Cost: 0.0010 Pre: 1.0000 Re: 1.0000 Acc: 1.0000 F1: 1.0000


--------------------------------------------------------------------
Eval results: Cost:0.0184 Pre:1.0000 Re:1.0000 Acc:1.0000 F1:1.0000
--------------------------------------------------------------------

Epoch 271: Time: 3.0373 Cost: 0.0009 Pre: 1.0000 Re: 1.0000 Acc: 1.0000 F1: 1.0000
Epoch 272: Time: 2.9519 Cost: 0.0009 Pre: 1.0000 Re: 1.0000 Acc: 1.0000 F1: 1.0000
Epoch 273: Time: 2.9651 Cost: 0.0009 Pre: 1.0000 Re: 1.0000 Acc: 1.0000 F1: 1.0000
Epoch 274: Time: 2.9740 Cost: 0.0009 Pre: 1.0000 Re: 1.0000 Acc: 1.0000 F1: 1.0000
Epoch 275: Time: 2.9670 Cost: 0.0009 Pre: 1.0000 Re: 1.0000 Acc: 1.0000 F1: 1.0000
Epoch 276: Time: 2.9818 Cost: 0.0009 Pre: 1.0000 Re: 1.0000 Acc: 1.0000 F1: 1.0000
Epoch 277: Time: 2.9720 Cost: 0.0009 Pre: 1.0000 Re: 1.0000 Acc: 1.0000 F1: 1.0000
Epoch 278: Time: 2.9511 Cost: 0.0008 Pre: 1.0000 Re: 1.0000 Acc: 1.0000 F1: 1.0000
Epoch 279: Time: 2.9621 Cost: 0.0008 Pre: 1.0000 Re: 1.0000 Acc: 1.0000 F1: 1.0000
Epoch 280: Time: 3.0777 Cost: 0.0008 Pre: 1.0000 Re: 1.0000 Acc: 1.0000 F1: 1.0000


--------------------------------------------------------------------
Eval results: Cost:0.0150 Pre:1.0000 Re:1.0000 Acc:1.0000 F1:1.0000
--------------------------------------------------------------------

Epoch 281: Time: 2.8280 Cost: 0.0008 Pre: 1.0000 Re: 1.0000 Acc: 1.0000 F1: 1.0000
Epoch 282: Time: 2.8341 Cost: 0.0008 Pre: 1.0000 Re: 1.0000 Acc: 1.0000 F1: 1.0000
Epoch 283: Time: 2.8327 Cost: 0.0008 Pre: 1.0000 Re: 1.0000 Acc: 1.0000 F1: 1.0000
Epoch 284: Time: 2.8582 Cost: 0.0008 Pre: 1.0000 Re: 1.0000 Acc: 1.0000 F1: 1.0000
Epoch 285: Time: 2.8271 Cost: 0.0008 Pre: 1.0000 Re: 1.0000 Acc: 1.0000 F1: 1.0000
Epoch 286: Time: 2.8457 Cost: 0.0008 Pre: 1.0000 Re: 1.0000 Acc: 1.0000 F1: 1.0000
Epoch 287: Time: 2.8445 Cost: 0.0007 Pre: 1.0000 Re: 1.0000 Acc: 1.0000 F1: 1.0000
Epoch 288: Time: 2.9057 Cost: 0.0007 Pre: 1.0000 Re: 1.0000 Acc: 1.0000 F1: 1.0000
Epoch 289: Time: 2.9004 Cost: 0.0007 Pre: 1.0000 Re: 1.0000 Acc: 1.0000 F1: 1.0000
Epoch 290: Time: 2.8286 Cost: 0.0007 Pre: 1.0000 Re: 1.0000 Acc: 1.0000 F1: 1.0000


--------------------------------------------------------------------
Eval results: Cost:0.0124 Pre:1.0000 Re:1.0000 Acc:1.0000 F1:1.0000
--------------------------------------------------------------------

Epoch 291: Time: 2.9440 Cost: 0.0007 Pre: 1.0000 Re: 1.0000 Acc: 1.0000 F1: 1.0000
Epoch 292: Time: 3.0360 Cost: 0.0007 Pre: 1.0000 Re: 1.0000 Acc: 1.0000 F1: 1.0000
Epoch 293: Time: 2.9183 Cost: 0.0007 Pre: 1.0000 Re: 1.0000 Acc: 1.0000 F1: 1.0000
Epoch 294: Time: 2.9378 Cost: 0.0007 Pre: 1.0000 Re: 1.0000 Acc: 1.0000 F1: 1.0000
Epoch 295: Time: 2.9850 Cost: 0.0007 Pre: 1.0000 Re: 1.0000 Acc: 1.0000 F1: 1.0000
Epoch 296: Time: 2.9992 Cost: 0.0007 Pre: 1.0000 Re: 1.0000 Acc: 1.0000 F1: 1.0000
Epoch 297: Time: 2.9460 Cost: 0.0007 Pre: 1.0000 Re: 1.0000 Acc: 1.0000 F1: 1.0000
Epoch 298: Time: 2.9820 Cost: 0.0007 Pre: 1.0000 Re: 1.0000 Acc: 1.0000 F1: 1.0000
Epoch 299: Time: 3.2310 Cost: 0.0006 Pre: 1.0000 Re: 1.0000 Acc: 1.0000 F1: 1.0000
Epoch 300: Time: 3.0522 Cost: 0.0006 Pre: 1.0000 Re: 1.0000 Acc: 1.0000 F1: 1.0000


--------------------------------------------------------------------
Eval results: Cost:0.0105 Pre:1.0000 Re:1.0000 Acc:1.0000 F1:1.0000
--------------------------------------------------------------------

Epoch 301: Time: 2.9400 Cost: 0.0006 Pre: 1.0000 Re: 1.0000 Acc: 1.0000 F1: 1.0000
Epoch 302: Time: 2.9528 Cost: 0.0006 Pre: 1.0000 Re: 1.0000 Acc: 1.0000 F1: 1.0000
Epoch 303: Time: 2.9334 Cost: 0.0006 Pre: 1.0000 Re: 1.0000 Acc: 1.0000 F1: 1.0000
Epoch 304: Time: 2.9431 Cost: 0.0006 Pre: 1.0000 Re: 1.0000 Acc: 1.0000 F1: 1.0000
Epoch 305: Time: 2.9568 Cost: 0.0006 Pre: 1.0000 Re: 1.0000 Acc: 1.0000 F1: 1.0000
Epoch 306: Time: 2.9473 Cost: 0.0006 Pre: 1.0000 Re: 1.0000 Acc: 1.0000 F1: 1.0000
Epoch 307: Time: 3.0750 Cost: 0.0006 Pre: 1.0000 Re: 1.0000 Acc: 1.0000 F1: 1.0000
Epoch 308: Time: 3.0012 Cost: 0.0006 Pre: 1.0000 Re: 1.0000 Acc: 1.0000 F1: 1.0000
Epoch 309: Time: 2.9614 Cost: 0.0006 Pre: 1.0000 Re: 1.0000 Acc: 1.0000 F1: 1.0000
Epoch 310: Time: 2.9441 Cost: 0.0006 Pre: 1.0000 Re: 1.0000 Acc: 1.0000 F1: 1.0000


--------------------------------------------------------------------
Eval results: Cost:0.0091 Pre:1.0000 Re:1.0000 Acc:1.0000 F1:1.0000
--------------------------------------------------------------------

Epoch 311: Time: 2.8258 Cost: 0.0006 Pre: 1.0000 Re: 1.0000 Acc: 1.0000 F1: 1.0000
Epoch 312: Time: 2.8264 Cost: 0.0006 Pre: 1.0000 Re: 1.0000 Acc: 1.0000 F1: 1.0000
Epoch 313: Time: 2.8174 Cost: 0.0006 Pre: 1.0000 Re: 1.0000 Acc: 1.0000 F1: 1.0000
Epoch 314: Time: 2.8164 Cost: 0.0006 Pre: 1.0000 Re: 1.0000 Acc: 1.0000 F1: 1.0000
Epoch 315: Time: 2.8834 Cost: 0.0005 Pre: 1.0000 Re: 1.0000 Acc: 1.0000 F1: 1.0000
Epoch 316: Time: 2.9293 Cost: 0.0005 Pre: 1.0000 Re: 1.0000 Acc: 1.0000 F1: 1.0000
Epoch 317: Time: 2.8254 Cost: 0.0005 Pre: 1.0000 Re: 1.0000 Acc: 1.0000 F1: 1.0000
Epoch 318: Time: 2.8101 Cost: 0.0005 Pre: 1.0000 Re: 1.0000 Acc: 1.0000 F1: 1.0000
Epoch 319: Time: 2.9607 Cost: 0.0005 Pre: 1.0000 Re: 1.0000 Acc: 1.0000 F1: 1.0000
Epoch 320: Time: 2.8173 Cost: 0.0005 Pre: 1.0000 Re: 1.0000 Acc: 1.0000 F1: 1.0000


--------------------------------------------------------------------
Eval results: Cost:0.0079 Pre:1.0000 Re:1.0000 Acc:1.0000 F1:1.0000
--------------------------------------------------------------------

Epoch 321: Time: 3.0717 Cost: 0.0005 Pre: 1.0000 Re: 1.0000 Acc: 1.0000 F1: 1.0000
Epoch 322: Time: 2.9418 Cost: 0.0005 Pre: 1.0000 Re: 1.0000 Acc: 1.0000 F1: 1.0000
Epoch 323: Time: 2.9501 Cost: 0.0005 Pre: 1.0000 Re: 1.0000 Acc: 1.0000 F1: 1.0000
Epoch 324: Time: 2.9878 Cost: 0.0005 Pre: 1.0000 Re: 1.0000 Acc: 1.0000 F1: 1.0000
Epoch 325: Time: 2.9825 Cost: 0.0005 Pre: 1.0000 Re: 1.0000 Acc: 1.0000 F1: 1.0000
Epoch 326: Time: 3.1407 Cost: 0.0005 Pre: 1.0000 Re: 1.0000 Acc: 1.0000 F1: 1.0000
Epoch 327: Time: 3.1477 Cost: 0.0005 Pre: 1.0000 Re: 1.0000 Acc: 1.0000 F1: 1.0000
Epoch 328: Time: 2.9504 Cost: 0.0005 Pre: 1.0000 Re: 1.0000 Acc: 1.0000 F1: 1.0000
Epoch 329: Time: 2.9676 Cost: 0.0005 Pre: 1.0000 Re: 1.0000 Acc: 1.0000 F1: 1.0000
Epoch 330: Time: 2.9498 Cost: 0.0005 Pre: 1.0000 Re: 1.0000 Acc: 1.0000 F1: 1.0000


--------------------------------------------------------------------
Eval results: Cost:0.0070 Pre:1.0000 Re:1.0000 Acc:1.0000 F1:1.0000
--------------------------------------------------------------------

Epoch 331: Time: 2.8218 Cost: 0.0005 Pre: 1.0000 Re: 1.0000 Acc: 1.0000 F1: 1.0000
Epoch 332: Time: 2.8348 Cost: 0.0005 Pre: 1.0000 Re: 1.0000 Acc: 1.0000 F1: 1.0000
Epoch 333: Time: 2.8179 Cost: 0.0005 Pre: 1.0000 Re: 1.0000 Acc: 1.0000 F1: 1.0000
Epoch 334: Time: 2.9306 Cost: 0.0005 Pre: 1.0000 Re: 1.0000 Acc: 1.0000 F1: 1.0000
Epoch 335: Time: 2.8296 Cost: 0.0005 Pre: 1.0000 Re: 1.0000 Acc: 1.0000 F1: 1.0000
Epoch 336: Time: 2.9168 Cost: 0.0005 Pre: 1.0000 Re: 1.0000 Acc: 1.0000 F1: 1.0000
Epoch 337: Time: 2.8825 Cost: 0.0004 Pre: 1.0000 Re: 1.0000 Acc: 1.0000 F1: 1.0000
Epoch 338: Time: 2.8196 Cost: 0.0004 Pre: 1.0000 Re: 1.0000 Acc: 1.0000 F1: 1.0000
Epoch 339: Time: 2.8273 Cost: 0.0004 Pre: 1.0000 Re: 1.0000 Acc: 1.0000 F1: 1.0000
Epoch 340: Time: 2.8188 Cost: 0.0004 Pre: 1.0000 Re: 1.0000 Acc: 1.0000 F1: 1.0000


--------------------------------------------------------------------
Eval results: Cost:0.0062 Pre:1.0000 Re:1.0000 Acc:1.0000 F1:1.0000
--------------------------------------------------------------------

Epoch 341: Time: 2.8345 Cost: 0.0004 Pre: 1.0000 Re: 1.0000 Acc: 1.0000 F1: 1.0000
Epoch 342: Time: 2.8249 Cost: 0.0004 Pre: 1.0000 Re: 1.0000 Acc: 1.0000 F1: 1.0000
Epoch 343: Time: 2.8222 Cost: 0.0004 Pre: 1.0000 Re: 1.0000 Acc: 1.0000 F1: 1.0000
Epoch 344: Time: 2.8547 Cost: 0.0004 Pre: 1.0000 Re: 1.0000 Acc: 1.0000 F1: 1.0000
Epoch 345: Time: 2.8388 Cost: 0.0004 Pre: 1.0000 Re: 1.0000 Acc: 1.0000 F1: 1.0000
Epoch 346: Time: 2.9885 Cost: 0.0004 Pre: 1.0000 Re: 1.0000 Acc: 1.0000 F1: 1.0000
Epoch 347: Time: 2.8347 Cost: 0.0004 Pre: 1.0000 Re: 1.0000 Acc: 1.0000 F1: 1.0000
Epoch 348: Time: 2.8413 Cost: 0.0004 Pre: 1.0000 Re: 1.0000 Acc: 1.0000 F1: 1.0000
Epoch 349: Time: 2.8395 Cost: 0.0004 Pre: 1.0000 Re: 1.0000 Acc: 1.0000 F1: 1.0000
Epoch 350: Time: 2.8410 Cost: 0.0004 Pre: 1.0000 Re: 1.0000 Acc: 1.0000 F1: 1.0000


--------------------------------------------------------------------
Eval results: Cost:0.0055 Pre:1.0000 Re:1.0000 Acc:1.0000 F1:1.0000
--------------------------------------------------------------------

Epoch 351: Time: 2.9000 Cost: 0.0004 Pre: 1.0000 Re: 1.0000 Acc: 1.0000 F1: 1.0000
Epoch 352: Time: 2.8761 Cost: 0.0004 Pre: 1.0000 Re: 1.0000 Acc: 1.0000 F1: 1.0000
Epoch 353: Time: 2.8731 Cost: 0.0004 Pre: 1.0000 Re: 1.0000 Acc: 1.0000 F1: 1.0000
Epoch 354: Time: 2.8966 Cost: 0.0004 Pre: 1.0000 Re: 1.0000 Acc: 1.0000 F1: 1.0000
Epoch 355: Time: 2.8588 Cost: 0.0004 Pre: 1.0000 Re: 1.0000 Acc: 1.0000 F1: 1.0000
Epoch 356: Time: 2.8711 Cost: 0.0004 Pre: 1.0000 Re: 1.0000 Acc: 1.0000 F1: 1.0000
Epoch 357: Time: 3.0322 Cost: 0.0004 Pre: 1.0000 Re: 1.0000 Acc: 1.0000 F1: 1.0000
Epoch 358: Time: 2.8822 Cost: 0.0004 Pre: 1.0000 Re: 1.0000 Acc: 1.0000 F1: 1.0000
Epoch 359: Time: 2.9590 Cost: 0.0004 Pre: 1.0000 Re: 1.0000 Acc: 1.0000 F1: 1.0000
Epoch 360: Time: 2.8904 Cost: 0.0004 Pre: 1.0000 Re: 1.0000 Acc: 1.0000 F1: 1.0000


--------------------------------------------------------------------
Eval results: Cost:0.0050 Pre:1.0000 Re:1.0000 Acc:1.0000 F1:1.0000
--------------------------------------------------------------------

Epoch 361: Time: 2.9954 Cost: 0.0004 Pre: 1.0000 Re: 1.0000 Acc: 1.0000 F1: 1.0000
Epoch 362: Time: 2.9905 Cost: 0.0004 Pre: 1.0000 Re: 1.0000 Acc: 1.0000 F1: 1.0000
Epoch 363: Time: 3.0019 Cost: 0.0004 Pre: 1.0000 Re: 1.0000 Acc: 1.0000 F1: 1.0000
Epoch 364: Time: 2.9900 Cost: 0.0004 Pre: 1.0000 Re: 1.0000 Acc: 1.0000 F1: 1.0000
Epoch 365: Time: 3.1082 Cost: 0.0004 Pre: 1.0000 Re: 1.0000 Acc: 1.0000 F1: 1.0000
Epoch 366: Time: 2.9928 Cost: 0.0004 Pre: 1.0000 Re: 1.0000 Acc: 1.0000 F1: 1.0000
Epoch 367: Time: 2.9930 Cost: 0.0004 Pre: 1.0000 Re: 1.0000 Acc: 1.0000 F1: 1.0000
Epoch 368: Time: 2.9860 Cost: 0.0004 Pre: 1.0000 Re: 1.0000 Acc: 1.0000 F1: 1.0000
Epoch 369: Time: 2.9941 Cost: 0.0004 Pre: 1.0000 Re: 1.0000 Acc: 1.0000 F1: 1.0000
Epoch 370: Time: 2.9853 Cost: 0.0004 Pre: 1.0000 Re: 1.0000 Acc: 1.0000 F1: 1.0000


--------------------------------------------------------------------
Eval results: Cost:0.0046 Pre:1.0000 Re:1.0000 Acc:1.0000 F1:1.0000
--------------------------------------------------------------------

Epoch 371: Time: 2.9368 Cost: 0.0003 Pre: 1.0000 Re: 1.0000 Acc: 1.0000 F1: 1.0000
Epoch 372: Time: 2.9869 Cost: 0.0003 Pre: 1.0000 Re: 1.0000 Acc: 1.0000 F1: 1.0000
Epoch 373: Time: 2.9613 Cost: 0.0003 Pre: 1.0000 Re: 1.0000 Acc: 1.0000 F1: 1.0000
Epoch 374: Time: 2.9373 Cost: 0.0003 Pre: 1.0000 Re: 1.0000 Acc: 1.0000 F1: 1.0000
Epoch 375: Time: 3.0053 Cost: 0.0003 Pre: 1.0000 Re: 1.0000 Acc: 1.0000 F1: 1.0000
Epoch 376: Time: 2.8766 Cost: 0.0003 Pre: 1.0000 Re: 1.0000 Acc: 1.0000 F1: 1.0000
Epoch 377: Time: 2.9234 Cost: 0.0003 Pre: 1.0000 Re: 1.0000 Acc: 1.0000 F1: 1.0000
Epoch 378: Time: 2.8807 Cost: 0.0003 Pre: 1.0000 Re: 1.0000 Acc: 1.0000 F1: 1.0000
Epoch 379: Time: 2.8769 Cost: 0.0003 Pre: 1.0000 Re: 1.0000 Acc: 1.0000 F1: 1.0000
Epoch 380: Time: 2.8988 Cost: 0.0003 Pre: 1.0000 Re: 1.0000 Acc: 1.0000 F1: 1.0000


--------------------------------------------------------------------
Eval results: Cost:0.0042 Pre:1.0000 Re:1.0000 Acc:1.0000 F1:1.0000
--------------------------------------------------------------------

Early stopping...
--------------------------------------------------------------------
--------------------------------------------------------------------
Test 8494 samples take time: 13.9900
Test results: Cost:0.0031 Pre:1.0000 Re:1.0000 Acc:1.0000 F1:1.0000
--------------------------------------------------------------------

