Load data
RNN type: O2 Grammar: g5 Seed: 3
Model total parameters: 16562
Saving hinit ... 

Epoch 0: Time: 3.1060 Cost: 23.5435 Pre: 0.6680 Re: 0.2901 Acc: 0.5869 F1: 0.4045


--------------------------------------------------------------------
Eval results: Cost:4.5772 Pre:0.9535 Re:1.0000 Acc:0.9768 F1:0.9762
--------------------------------------------------------------------

Epoch 1: Time: 2.9171 Cost: 2.1197 Pre: 0.9658 Re: 1.0000 Acc: 0.9829 F1: 0.9826
Epoch 2: Time: 2.8874 Cost: 2.0746 Pre: 0.9658 Re: 1.0000 Acc: 0.9829 F1: 0.9826
Epoch 3: Time: 2.8969 Cost: 2.0742 Pre: 0.9658 Re: 1.0000 Acc: 0.9829 F1: 0.9826
Epoch 4: Time: 2.9368 Cost: 2.0712 Pre: 0.9658 Re: 1.0000 Acc: 0.9829 F1: 0.9826
Epoch 5: Time: 2.9200 Cost: 2.0659 Pre: 0.9658 Re: 1.0000 Acc: 0.9829 F1: 0.9826
Epoch 6: Time: 2.9106 Cost: 2.0586 Pre: 0.9658 Re: 1.0000 Acc: 0.9829 F1: 0.9826
Epoch 7: Time: 2.9244 Cost: 2.0479 Pre: 0.9658 Re: 1.0000 Acc: 0.9829 F1: 0.9826
Epoch 8: Time: 4.1118 Cost: 2.0283 Pre: 0.9658 Re: 1.0000 Acc: 0.9829 F1: 0.9826
Epoch 9: Time: 2.9116 Cost: 1.9782 Pre: 0.9658 Re: 1.0000 Acc: 0.9829 F1: 0.9826
Epoch 10: Time: 3.0341 Cost: 2.8137 Pre: 0.9564 Re: 0.9886 Acc: 0.9727 F1: 0.9722


--------------------------------------------------------------------
Eval results: Cost:2.2798 Pre:0.9547 Re:1.0000 Acc:0.9775 F1:0.9768
--------------------------------------------------------------------

Epoch 11: Time: 3.0550 Cost: 1.8687 Pre: 0.9680 Re: 1.0000 Acc: 0.9840 F1: 0.9838
Epoch 12: Time: 3.0499 Cost: 1.8309 Pre: 0.9686 Re: 1.0000 Acc: 0.9843 F1: 0.9840
Epoch 13: Time: 3.1820 Cost: 1.7420 Pre: 0.9703 Re: 1.0000 Acc: 0.9852 F1: 0.9849
Epoch 14: Time: 3.0647 Cost: 1.7367 Pre: 0.9686 Re: 1.0000 Acc: 0.9843 F1: 0.9840
Epoch 15: Time: 3.0545 Cost: 1.6179 Pre: 0.9725 Re: 1.0000 Acc: 0.9863 F1: 0.9861
Epoch 16: Time: 3.0749 Cost: 1.4458 Pre: 0.9720 Re: 1.0000 Acc: 0.9861 F1: 0.9858
Epoch 17: Time: 3.0585 Cost: 1.2937 Pre: 0.9754 Re: 1.0000 Acc: 0.9878 F1: 0.9875
Epoch 18: Time: 3.0761 Cost: 0.9797 Pre: 0.9771 Re: 1.0000 Acc: 0.9887 F1: 0.9884
Epoch 19: Time: 3.1867 Cost: 0.2366 Pre: 0.9958 Re: 1.0000 Acc: 0.9980 F1: 0.9979
Epoch 20: Time: 3.0684 Cost: 0.0689 Pre: 1.0000 Re: 1.0000 Acc: 1.0000 F1: 1.0000


--------------------------------------------------------------------
Eval results: Cost:0.0400 Pre:1.0000 Re:1.0000 Acc:1.0000 F1:1.0000
--------------------------------------------------------------------

Epoch 21: Time: 3.0877 Cost: 0.0256 Pre: 1.0000 Re: 1.0000 Acc: 1.0000 F1: 1.0000
Epoch 22: Time: 3.1498 Cost: 0.0132 Pre: 1.0000 Re: 1.0000 Acc: 1.0000 F1: 1.0000
Epoch 23: Time: 3.0637 Cost: 0.0081 Pre: 1.0000 Re: 1.0000 Acc: 1.0000 F1: 1.0000
Epoch 24: Time: 3.0680 Cost: 0.0056 Pre: 1.0000 Re: 1.0000 Acc: 1.0000 F1: 1.0000
Epoch 25: Time: 3.1278 Cost: 0.0041 Pre: 1.0000 Re: 1.0000 Acc: 1.0000 F1: 1.0000
Epoch 26: Time: 3.3699 Cost: 0.0032 Pre: 1.0000 Re: 1.0000 Acc: 1.0000 F1: 1.0000
Epoch 27: Time: 3.3349 Cost: 0.0027 Pre: 1.0000 Re: 1.0000 Acc: 1.0000 F1: 1.0000
Epoch 28: Time: 3.2802 Cost: 0.0022 Pre: 1.0000 Re: 1.0000 Acc: 1.0000 F1: 1.0000
Epoch 29: Time: 3.1169 Cost: 0.0019 Pre: 1.0000 Re: 1.0000 Acc: 1.0000 F1: 1.0000
Epoch 30: Time: 3.1028 Cost: 0.0017 Pre: 1.0000 Re: 1.0000 Acc: 1.0000 F1: 1.0000


--------------------------------------------------------------------
Eval results: Cost:0.0022 Pre:1.0000 Re:1.0000 Acc:1.0000 F1:1.0000
--------------------------------------------------------------------

Epoch 31: Time: 2.9789 Cost: 0.0015 Pre: 1.0000 Re: 1.0000 Acc: 1.0000 F1: 1.0000
Epoch 32: Time: 2.9607 Cost: 0.0014 Pre: 1.0000 Re: 1.0000 Acc: 1.0000 F1: 1.0000
Epoch 33: Time: 3.0329 Cost: 0.0012 Pre: 1.0000 Re: 1.0000 Acc: 1.0000 F1: 1.0000
Epoch 34: Time: 2.9374 Cost: 0.0011 Pre: 1.0000 Re: 1.0000 Acc: 1.0000 F1: 1.0000
Epoch 35: Time: 2.9377 Cost: 0.0011 Pre: 1.0000 Re: 1.0000 Acc: 1.0000 F1: 1.0000
Epoch 36: Time: 2.9229 Cost: 0.0010 Pre: 1.0000 Re: 1.0000 Acc: 1.0000 F1: 1.0000
Epoch 37: Time: 3.4033 Cost: 0.0009 Pre: 1.0000 Re: 1.0000 Acc: 1.0000 F1: 1.0000
Epoch 38: Time: 2.9208 Cost: 0.0009 Pre: 1.0000 Re: 1.0000 Acc: 1.0000 F1: 1.0000
Epoch 39: Time: 2.9057 Cost: 0.0008 Pre: 1.0000 Re: 1.0000 Acc: 1.0000 F1: 1.0000
Epoch 40: Time: 2.9057 Cost: 0.0008 Pre: 1.0000 Re: 1.0000 Acc: 1.0000 F1: 1.0000


--------------------------------------------------------------------
Eval results: Cost:0.0010 Pre:1.0000 Re:1.0000 Acc:1.0000 F1:1.0000
--------------------------------------------------------------------

Epoch 41: Time: 3.0623 Cost: 0.0007 Pre: 1.0000 Re: 1.0000 Acc: 1.0000 F1: 1.0000
Epoch 42: Time: 3.0597 Cost: 0.0007 Pre: 1.0000 Re: 1.0000 Acc: 1.0000 F1: 1.0000
Epoch 43: Time: 3.0723 Cost: 0.0007 Pre: 1.0000 Re: 1.0000 Acc: 1.0000 F1: 1.0000
Epoch 44: Time: 3.1575 Cost: 0.0006 Pre: 1.0000 Re: 1.0000 Acc: 1.0000 F1: 1.0000
Epoch 45: Time: 3.0609 Cost: 0.0006 Pre: 1.0000 Re: 1.0000 Acc: 1.0000 F1: 1.0000
Epoch 46: Time: 3.0649 Cost: 0.0006 Pre: 1.0000 Re: 1.0000 Acc: 1.0000 F1: 1.0000
Epoch 47: Time: 3.0776 Cost: 0.0005 Pre: 1.0000 Re: 1.0000 Acc: 1.0000 F1: 1.0000
Epoch 48: Time: 3.0652 Cost: 0.0005 Pre: 1.0000 Re: 1.0000 Acc: 1.0000 F1: 1.0000
Epoch 49: Time: 3.1104 Cost: 0.0005 Pre: 1.0000 Re: 1.0000 Acc: 1.0000 F1: 1.0000
Epoch 50: Time: 3.1629 Cost: 0.0005 Pre: 1.0000 Re: 1.0000 Acc: 1.0000 F1: 1.0000


--------------------------------------------------------------------
Eval results: Cost:0.0007 Pre:1.0000 Re:1.0000 Acc:1.0000 F1:1.0000
--------------------------------------------------------------------

Epoch 51: Time: 3.0397 Cost: 0.0005 Pre: 1.0000 Re: 1.0000 Acc: 1.0000 F1: 1.0000
Epoch 52: Time: 3.0343 Cost: 0.0005 Pre: 1.0000 Re: 1.0000 Acc: 1.0000 F1: 1.0000
Epoch 53: Time: 3.0313 Cost: 0.0004 Pre: 1.0000 Re: 1.0000 Acc: 1.0000 F1: 1.0000
Epoch 54: Time: 3.0082 Cost: 0.0004 Pre: 1.0000 Re: 1.0000 Acc: 1.0000 F1: 1.0000
Epoch 55: Time: 3.1394 Cost: 0.0004 Pre: 1.0000 Re: 1.0000 Acc: 1.0000 F1: 1.0000
Epoch 56: Time: 3.0330 Cost: 0.0004 Pre: 1.0000 Re: 1.0000 Acc: 1.0000 F1: 1.0000
Epoch 57: Time: 3.0252 Cost: 0.0004 Pre: 1.0000 Re: 1.0000 Acc: 1.0000 F1: 1.0000
Epoch 58: Time: 3.0169 Cost: 0.0004 Pre: 1.0000 Re: 1.0000 Acc: 1.0000 F1: 1.0000
Epoch 59: Time: 3.0743 Cost: 0.0004 Pre: 1.0000 Re: 1.0000 Acc: 1.0000 F1: 1.0000
Epoch 60: Time: 3.0319 Cost: 0.0004 Pre: 1.0000 Re: 1.0000 Acc: 1.0000 F1: 1.0000


--------------------------------------------------------------------
Eval results: Cost:0.0005 Pre:1.0000 Re:1.0000 Acc:1.0000 F1:1.0000
--------------------------------------------------------------------

Early stopping...
--------------------------------------------------------------------
--------------------------------------------------------------------
Test 8494 samples take time: 13.4348
Test results: Cost:0.0003 Pre:1.0000 Re:1.0000 Acc:1.0000 F1:1.0000
--------------------------------------------------------------------

