Load data
RNN type: UNI Grammar: g5 Seed: 5
Model total parameters: 16206
Saving hinit ... 

Epoch 0: Time: 2.3316 Cost: 24.9975 Pre: 0.4617 Re: 0.1303 Acc: 0.5058 F1: 0.2033


--------------------------------------------------------------------
Eval results: Cost:24.9689 Pre:0.0000 Re:0.0000 Acc:0.5257 F1:0.0000
--------------------------------------------------------------------

Epoch 1: Time: 2.2090 Cost: 24.9654 Pre: 0.0000 Re: 0.0000 Acc: 0.5163 F1: 0.0000
Epoch 2: Time: 2.2115 Cost: 24.9486 Pre: 0.6667 Re: 0.0012 Acc: 0.5166 F1: 0.0024
Epoch 3: Time: 2.1947 Cost: 24.9260 Pre: 0.4286 Re: 0.0036 Acc: 0.5157 F1: 0.0071
Epoch 4: Time: 2.2104 Cost: 24.9337 Pre: 0.5081 Re: 0.2637 Acc: 0.5203 F1: 0.3472
Epoch 5: Time: 2.2039 Cost: 24.7748 Pre: 0.5068 Re: 0.2679 Acc: 0.5198 F1: 0.3505
Epoch 6: Time: 2.1980 Cost: 24.6176 Pre: 0.4939 Re: 0.5826 Acc: 0.5093 F1: 0.5346
Epoch 7: Time: 2.1967 Cost: 24.3474 Pre: 0.5011 Re: 0.5291 Acc: 0.5174 F1: 0.5148
Epoch 8: Time: 2.3106 Cost: 24.2975 Pre: 0.5049 Re: 0.5255 Acc: 0.5212 F1: 0.5150
Epoch 9: Time: 2.2320 Cost: 24.2204 Pre: 0.5006 Re: 0.5147 Acc: 0.5169 F1: 0.5076
Epoch 10: Time: 2.2114 Cost: 24.1728 Pre: 0.5032 Re: 0.5183 Acc: 0.5195 F1: 0.5107


--------------------------------------------------------------------
Eval results: Cost:24.3627 Pre:0.5490 Re:0.0369 Acc:0.5288 F1:0.0692
--------------------------------------------------------------------

Epoch 11: Time: 2.2018 Cost: 24.1306 Pre: 0.5129 Re: 0.5261 Acc: 0.5291 F1: 0.5194
Epoch 12: Time: 2.2068 Cost: 24.1010 Pre: 0.5091 Re: 0.5231 Acc: 0.5253 F1: 0.5160
Epoch 13: Time: 2.2035 Cost: 24.0903 Pre: 0.5079 Re: 0.5201 Acc: 0.5241 F1: 0.5139
Epoch 14: Time: 2.1938 Cost: 24.0798 Pre: 0.5093 Re: 0.5123 Acc: 0.5253 F1: 0.5108
Epoch 15: Time: 2.1931 Cost: 24.0719 Pre: 0.5103 Re: 0.5189 Acc: 0.5264 F1: 0.5146
Epoch 16: Time: 2.1903 Cost: 24.0614 Pre: 0.5078 Re: 0.5093 Acc: 0.5238 F1: 0.5085
Epoch 17: Time: 2.2167 Cost: 24.0482 Pre: 0.5048 Re: 0.5069 Acc: 0.5209 F1: 0.5058
Epoch 18: Time: 2.1971 Cost: 24.0356 Pre: 0.5059 Re: 0.5147 Acc: 0.5221 F1: 0.5103
Epoch 19: Time: 2.1962 Cost: 24.0249 Pre: 0.5116 Re: 0.5183 Acc: 0.5276 F1: 0.5149
Epoch 20: Time: 2.1892 Cost: 24.0162 Pre: 0.5141 Re: 0.5267 Acc: 0.5302 F1: 0.5203


--------------------------------------------------------------------
Eval results: Cost:23.8718 Pre:0.4973 Re:0.6082 Acc:0.5225 F1:0.5472
--------------------------------------------------------------------

Epoch 21: Time: 2.2163 Cost: 24.0095 Pre: 0.5155 Re: 0.5285 Acc: 0.5317 F1: 0.5219
Epoch 22: Time: 2.1884 Cost: 24.0014 Pre: 0.5173 Re: 0.5381 Acc: 0.5337 F1: 0.5275
Epoch 23: Time: 2.3020 Cost: 23.9955 Pre: 0.5174 Re: 0.5435 Acc: 0.5340 F1: 0.5302
Epoch 24: Time: 2.4712 Cost: 23.9901 Pre: 0.5176 Re: 0.5465 Acc: 0.5343 F1: 0.5317
Epoch 25: Time: 4.1763 Cost: 23.9847 Pre: 0.5224 Re: 0.5532 Acc: 0.5392 F1: 0.5373
Epoch 26: Time: 2.2458 Cost: 23.9796 Pre: 0.5214 Re: 0.5550 Acc: 0.5383 F1: 0.5377
Epoch 27: Time: 2.2663 Cost: 23.9748 Pre: 0.5253 Re: 0.5616 Acc: 0.5424 F1: 0.5428
Epoch 28: Time: 2.2332 Cost: 23.9702 Pre: 0.5253 Re: 0.5604 Acc: 0.5424 F1: 0.5423
Epoch 29: Time: 2.1960 Cost: 23.9657 Pre: 0.5267 Re: 0.5628 Acc: 0.5439 F1: 0.5441
Epoch 30: Time: 2.1907 Cost: 23.9611 Pre: 0.5268 Re: 0.5604 Acc: 0.5439 F1: 0.5431


--------------------------------------------------------------------
Eval results: Cost:23.9536 Pre:0.4873 Re:0.5066 Acc:0.5131 F1:0.4968
--------------------------------------------------------------------

Epoch 31: Time: 2.2423 Cost: 23.9538 Pre: 0.5251 Re: 0.5526 Acc: 0.5418 F1: 0.5385
Epoch 32: Time: 2.2956 Cost: 23.9500 Pre: 0.5247 Re: 0.5556 Acc: 0.5415 F1: 0.5397
Epoch 33: Time: 2.2267 Cost: 23.9456 Pre: 0.5245 Re: 0.5538 Acc: 0.5413 F1: 0.5387
Epoch 34: Time: 2.1978 Cost: 23.9400 Pre: 0.5257 Re: 0.5532 Acc: 0.5424 F1: 0.5391
Epoch 35: Time: 2.1935 Cost: 23.9337 Pre: 0.5267 Re: 0.5562 Acc: 0.5436 F1: 0.5410
Epoch 36: Time: 2.1924 Cost: 23.9268 Pre: 0.5262 Re: 0.5544 Acc: 0.5430 F1: 0.5399
Epoch 37: Time: 2.2088 Cost: 23.9194 Pre: 0.5290 Re: 0.5586 Acc: 0.5459 F1: 0.5434
Epoch 38: Time: 2.2000 Cost: 23.9114 Pre: 0.5277 Re: 0.5604 Acc: 0.5447 F1: 0.5435
Epoch 39: Time: 2.1979 Cost: 23.9030 Pre: 0.5265 Re: 0.5604 Acc: 0.5436 F1: 0.5429
Epoch 40: Time: 2.1952 Cost: 23.8943 Pre: 0.5278 Re: 0.5592 Acc: 0.5447 F1: 0.5430


--------------------------------------------------------------------
Eval results: Cost:24.0229 Pre:0.4906 Re:0.5172 Acc:0.5163 F1:0.5035
--------------------------------------------------------------------

Epoch 41: Time: 2.1746 Cost: 23.8824 Pre: 0.5300 Re: 0.5616 Acc: 0.5471 F1: 0.5453
Epoch 42: Time: 2.1691 Cost: 23.8756 Pre: 0.5303 Re: 0.5616 Acc: 0.5474 F1: 0.5455
Epoch 43: Time: 2.1550 Cost: 23.8663 Pre: 0.5324 Re: 0.5622 Acc: 0.5494 F1: 0.5469
Epoch 44: Time: 2.1672 Cost: 23.8562 Pre: 0.5349 Re: 0.5664 Acc: 0.5520 F1: 0.5502
Epoch 45: Time: 2.2183 Cost: 23.8429 Pre: 0.5369 Re: 0.5682 Acc: 0.5540 F1: 0.5521
Epoch 46: Time: 2.1946 Cost: 23.8249 Pre: 0.5367 Re: 0.5664 Acc: 0.5537 F1: 0.5511
Epoch 47: Time: 2.1595 Cost: 23.7976 Pre: 0.5379 Re: 0.5670 Acc: 0.5549 F1: 0.5520
Epoch 48: Time: 2.7117 Cost: 23.7418 Pre: 0.5454 Re: 0.5736 Acc: 0.5625 F1: 0.5591
Epoch 49: Time: 2.1610 Cost: 23.6216 Pre: 0.5582 Re: 0.5874 Acc: 0.5755 F1: 0.5724
Epoch 50: Time: 2.1723 Cost: 23.2682 Pre: 0.5770 Re: 0.6120 Acc: 0.5953 F1: 0.5940


--------------------------------------------------------------------
Eval results: Cost:23.1320 Pre:0.5750 Re:0.5462 Acc:0.5932 F1:0.5602
--------------------------------------------------------------------

Epoch 51: Time: 2.4930 Cost: 16.5813 Pre: 0.8061 Re: 0.8288 Acc: 0.8207 F1: 0.8173
Epoch 52: Time: 2.3793 Cost: 1.6292 Pre: 0.9940 Re: 1.0000 Acc: 0.9971 F1: 0.9970
Epoch 53: Time: 2.4594 Cost: 0.5674 Pre: 0.9970 Re: 1.0000 Acc: 0.9985 F1: 0.9985
Epoch 54: Time: 2.3172 Cost: 0.2443 Pre: 1.0000 Re: 1.0000 Acc: 1.0000 F1: 1.0000
Epoch 55: Time: 2.1986 Cost: 0.1118 Pre: 1.0000 Re: 1.0000 Acc: 1.0000 F1: 1.0000
Epoch 56: Time: 2.1927 Cost: 0.0518 Pre: 1.0000 Re: 1.0000 Acc: 1.0000 F1: 1.0000
Epoch 57: Time: 2.1863 Cost: 0.0247 Pre: 1.0000 Re: 1.0000 Acc: 1.0000 F1: 1.0000
Epoch 58: Time: 2.3203 Cost: 0.0126 Pre: 1.0000 Re: 1.0000 Acc: 1.0000 F1: 1.0000
Epoch 59: Time: 2.1970 Cost: 0.0070 Pre: 1.0000 Re: 1.0000 Acc: 1.0000 F1: 1.0000
Epoch 60: Time: 2.1872 Cost: 0.0044 Pre: 1.0000 Re: 1.0000 Acc: 1.0000 F1: 1.0000


--------------------------------------------------------------------
Eval results: Cost:0.0036 Pre:1.0000 Re:1.0000 Acc:1.0000 F1:1.0000
--------------------------------------------------------------------

Epoch 61: Time: 2.1741 Cost: 0.0031 Pre: 1.0000 Re: 1.0000 Acc: 1.0000 F1: 1.0000
Epoch 62: Time: 2.1738 Cost: 0.0024 Pre: 1.0000 Re: 1.0000 Acc: 1.0000 F1: 1.0000
Epoch 63: Time: 2.1665 Cost: 0.0019 Pre: 1.0000 Re: 1.0000 Acc: 1.0000 F1: 1.0000
Epoch 64: Time: 2.1679 Cost: 0.0016 Pre: 1.0000 Re: 1.0000 Acc: 1.0000 F1: 1.0000
Epoch 65: Time: 2.1566 Cost: 0.0014 Pre: 1.0000 Re: 1.0000 Acc: 1.0000 F1: 1.0000
Epoch 66: Time: 2.1743 Cost: 0.0012 Pre: 1.0000 Re: 1.0000 Acc: 1.0000 F1: 1.0000
Epoch 67: Time: 2.1875 Cost: 0.0011 Pre: 1.0000 Re: 1.0000 Acc: 1.0000 F1: 1.0000
Epoch 68: Time: 2.1606 Cost: 0.0010 Pre: 1.0000 Re: 1.0000 Acc: 1.0000 F1: 1.0000
Epoch 69: Time: 2.1656 Cost: 0.0009 Pre: 1.0000 Re: 1.0000 Acc: 1.0000 F1: 1.0000
Epoch 70: Time: 2.1585 Cost: 0.0008 Pre: 1.0000 Re: 1.0000 Acc: 1.0000 F1: 1.0000


--------------------------------------------------------------------
Eval results: Cost:0.0007 Pre:1.0000 Re:1.0000 Acc:1.0000 F1:1.0000
--------------------------------------------------------------------

Epoch 71: Time: 2.2076 Cost: 0.0008 Pre: 1.0000 Re: 1.0000 Acc: 1.0000 F1: 1.0000
Epoch 72: Time: 2.2416 Cost: 0.0007 Pre: 1.0000 Re: 1.0000 Acc: 1.0000 F1: 1.0000
Epoch 73: Time: 2.3851 Cost: 0.0007 Pre: 1.0000 Re: 1.0000 Acc: 1.0000 F1: 1.0000
Epoch 74: Time: 2.1960 Cost: 0.0006 Pre: 1.0000 Re: 1.0000 Acc: 1.0000 F1: 1.0000
Epoch 75: Time: 2.2069 Cost: 0.0006 Pre: 1.0000 Re: 1.0000 Acc: 1.0000 F1: 1.0000
Epoch 76: Time: 2.2047 Cost: 0.0006 Pre: 1.0000 Re: 1.0000 Acc: 1.0000 F1: 1.0000
Epoch 77: Time: 2.1868 Cost: 0.0005 Pre: 1.0000 Re: 1.0000 Acc: 1.0000 F1: 1.0000
Epoch 78: Time: 2.1919 Cost: 0.0005 Pre: 1.0000 Re: 1.0000 Acc: 1.0000 F1: 1.0000
Epoch 79: Time: 2.2838 Cost: 0.0005 Pre: 1.0000 Re: 1.0000 Acc: 1.0000 F1: 1.0000
Epoch 80: Time: 2.2081 Cost: 0.0005 Pre: 1.0000 Re: 1.0000 Acc: 1.0000 F1: 1.0000


--------------------------------------------------------------------
Eval results: Cost:0.0004 Pre:1.0000 Re:1.0000 Acc:1.0000 F1:1.0000
--------------------------------------------------------------------

Epoch 81: Time: 2.1570 Cost: 0.0004 Pre: 1.0000 Re: 1.0000 Acc: 1.0000 F1: 1.0000
Epoch 82: Time: 2.1465 Cost: 0.0004 Pre: 1.0000 Re: 1.0000 Acc: 1.0000 F1: 1.0000
Epoch 83: Time: 2.2884 Cost: 0.0004 Pre: 1.0000 Re: 1.0000 Acc: 1.0000 F1: 1.0000
Epoch 84: Time: 2.1499 Cost: 0.0004 Pre: 1.0000 Re: 1.0000 Acc: 1.0000 F1: 1.0000
Epoch 85: Time: 2.1492 Cost: 0.0004 Pre: 1.0000 Re: 1.0000 Acc: 1.0000 F1: 1.0000
Epoch 86: Time: 2.1645 Cost: 0.0004 Pre: 1.0000 Re: 1.0000 Acc: 1.0000 F1: 1.0000
Epoch 87: Time: 2.1478 Cost: 0.0004 Pre: 1.0000 Re: 1.0000 Acc: 1.0000 F1: 1.0000
Epoch 88: Time: 2.1649 Cost: 0.0003 Pre: 1.0000 Re: 1.0000 Acc: 1.0000 F1: 1.0000
Epoch 89: Time: 2.1521 Cost: 0.0003 Pre: 1.0000 Re: 1.0000 Acc: 1.0000 F1: 1.0000
Epoch 90: Time: 2.1539 Cost: 0.0003 Pre: 1.0000 Re: 1.0000 Acc: 1.0000 F1: 1.0000


--------------------------------------------------------------------
Eval results: Cost:0.0003 Pre:1.0000 Re:1.0000 Acc:1.0000 F1:1.0000
--------------------------------------------------------------------

Epoch 91: Time: 2.1647 Cost: 0.0003 Pre: 1.0000 Re: 1.0000 Acc: 1.0000 F1: 1.0000
Epoch 92: Time: 2.1651 Cost: 0.0003 Pre: 1.0000 Re: 1.0000 Acc: 1.0000 F1: 1.0000
Epoch 93: Time: 2.1607 Cost: 0.0003 Pre: 1.0000 Re: 1.0000 Acc: 1.0000 F1: 1.0000
Epoch 94: Time: 2.1534 Cost: 0.0003 Pre: 1.0000 Re: 1.0000 Acc: 1.0000 F1: 1.0000
Epoch 95: Time: 2.1534 Cost: 0.0003 Pre: 1.0000 Re: 1.0000 Acc: 1.0000 F1: 1.0000
Epoch 96: Time: 2.2215 Cost: 0.0003 Pre: 1.0000 Re: 1.0000 Acc: 1.0000 F1: 1.0000
Epoch 97: Time: 2.1613 Cost: 0.0003 Pre: 1.0000 Re: 1.0000 Acc: 1.0000 F1: 1.0000
Epoch 98: Time: 2.1612 Cost: 0.0003 Pre: 1.0000 Re: 1.0000 Acc: 1.0000 F1: 1.0000
Epoch 99: Time: 2.2755 Cost: 0.0002 Pre: 1.0000 Re: 1.0000 Acc: 1.0000 F1: 1.0000
Epoch 100: Time: 2.1541 Cost: 0.0002 Pre: 1.0000 Re: 1.0000 Acc: 1.0000 F1: 1.0000


--------------------------------------------------------------------
Eval results: Cost:0.0002 Pre:1.0000 Re:1.0000 Acc:1.0000 F1:1.0000
--------------------------------------------------------------------

Early stopping...
--------------------------------------------------------------------
--------------------------------------------------------------------
Test 8494 samples take time: 10.1308
Test results: Cost:0.0002 Pre:1.0000 Re:1.0000 Acc:1.0000 F1:1.0000
--------------------------------------------------------------------

