Load data
RNN type: UNI Grammar: g5 Seed: 7
Model total parameters: 16206
Saving hinit ... 

Epoch 0: Time: 2.3359 Cost: 24.9827 Pre: 0.0000 Re: 0.0000 Acc: 0.5163 F1: 0.0000


--------------------------------------------------------------------
Eval results: Cost:24.9437 Pre:0.0000 Re:0.0000 Acc:0.5257 F1:0.0000
--------------------------------------------------------------------

Epoch 1: Time: 2.1788 Cost: 24.9589 Pre: 1.0000 Re: 0.0006 Acc: 0.5166 F1: 0.0012
Epoch 2: Time: 2.1723 Cost: 24.9408 Pre: 0.5000 Re: 0.0012 Acc: 0.5163 F1: 0.0024
Epoch 3: Time: 2.3780 Cost: 24.8811 Pre: 0.5161 Re: 0.0192 Acc: 0.5169 F1: 0.0371
Epoch 4: Time: 3.6574 Cost: 24.8666 Pre: 0.4993 Re: 0.2276 Acc: 0.5160 F1: 0.3127
Epoch 5: Time: 2.2165 Cost: 24.8277 Pre: 0.5046 Re: 0.2619 Acc: 0.5186 F1: 0.3448
Epoch 6: Time: 2.1842 Cost: 24.6141 Pre: 0.4974 Re: 0.5712 Acc: 0.5134 F1: 0.5317
Epoch 7: Time: 2.2717 Cost: 24.3350 Pre: 0.5043 Re: 0.5303 Acc: 0.5206 F1: 0.5170
Epoch 8: Time: 2.1852 Cost: 24.2438 Pre: 0.5090 Re: 0.5237 Acc: 0.5253 F1: 0.5163
Epoch 9: Time: 2.2006 Cost: 24.1866 Pre: 0.5087 Re: 0.5297 Acc: 0.5250 F1: 0.5190
Epoch 10: Time: 2.2765 Cost: 24.1355 Pre: 0.5098 Re: 0.5285 Acc: 0.5261 F1: 0.5190


--------------------------------------------------------------------
Eval results: Cost:24.2433 Pre:0.5375 Re:0.0567 Acc:0.5294 F1:0.1026
--------------------------------------------------------------------

Epoch 11: Time: 2.3220 Cost: 24.1157 Pre: 0.5103 Re: 0.5207 Acc: 0.5264 F1: 0.5155
Epoch 12: Time: 2.1588 Cost: 24.0964 Pre: 0.5115 Re: 0.5201 Acc: 0.5276 F1: 0.5158
Epoch 13: Time: 2.1551 Cost: 24.0895 Pre: 0.5126 Re: 0.5267 Acc: 0.5288 F1: 0.5195
Epoch 14: Time: 2.1578 Cost: 24.0754 Pre: 0.5131 Re: 0.5177 Acc: 0.5291 F1: 0.5154
Epoch 15: Time: 2.1589 Cost: 24.0549 Pre: 0.5056 Re: 0.5147 Acc: 0.5218 F1: 0.5101
Epoch 16: Time: 2.1574 Cost: 24.0374 Pre: 0.5112 Re: 0.5219 Acc: 0.5273 F1: 0.5165
Epoch 17: Time: 2.1566 Cost: 24.0241 Pre: 0.5122 Re: 0.5279 Acc: 0.5285 F1: 0.5200
Epoch 18: Time: 2.1677 Cost: 24.0141 Pre: 0.5147 Re: 0.5363 Acc: 0.5311 F1: 0.5253
Epoch 19: Time: 2.1607 Cost: 24.0058 Pre: 0.5189 Re: 0.5435 Acc: 0.5354 F1: 0.5309
Epoch 20: Time: 2.1707 Cost: 23.9985 Pre: 0.5220 Re: 0.5483 Acc: 0.5386 F1: 0.5349


--------------------------------------------------------------------
Eval results: Cost:23.8839 Pre:0.4936 Re:0.5633 Acc:0.5188 F1:0.5262
--------------------------------------------------------------------

Epoch 21: Time: 2.1667 Cost: 23.9914 Pre: 0.5240 Re: 0.5502 Acc: 0.5407 F1: 0.5368
Epoch 22: Time: 2.2786 Cost: 23.9855 Pre: 0.5239 Re: 0.5532 Acc: 0.5407 F1: 0.5381
Epoch 23: Time: 2.1507 Cost: 23.9805 Pre: 0.5259 Re: 0.5550 Acc: 0.5427 F1: 0.5400
Epoch 24: Time: 2.1568 Cost: 23.9757 Pre: 0.5251 Re: 0.5586 Acc: 0.5421 F1: 0.5413
Epoch 25: Time: 2.1521 Cost: 23.9709 Pre: 0.5259 Re: 0.5616 Acc: 0.5430 F1: 0.5431
Epoch 26: Time: 2.1489 Cost: 23.9661 Pre: 0.5289 Re: 0.5652 Acc: 0.5462 F1: 0.5465
Epoch 27: Time: 2.2147 Cost: 23.9612 Pre: 0.5293 Re: 0.5640 Acc: 0.5465 F1: 0.5461
Epoch 28: Time: 2.1526 Cost: 23.9562 Pre: 0.5283 Re: 0.5598 Acc: 0.5453 F1: 0.5436
Epoch 29: Time: 2.1534 Cost: 23.9508 Pre: 0.5311 Re: 0.5640 Acc: 0.5482 F1: 0.5470
Epoch 30: Time: 2.1542 Cost: 23.9448 Pre: 0.5269 Re: 0.5592 Acc: 0.5439 F1: 0.5425


--------------------------------------------------------------------
Eval results: Cost:23.9438 Pre:0.4871 Re:0.4987 Acc:0.5131 F1:0.4928
--------------------------------------------------------------------

Epoch 31: Time: 2.1815 Cost: 23.9349 Pre: 0.5300 Re: 0.5574 Acc: 0.5468 F1: 0.5433
Epoch 32: Time: 2.1676 Cost: 23.9296 Pre: 0.5286 Re: 0.5556 Acc: 0.5453 F1: 0.5417
Epoch 33: Time: 2.1666 Cost: 23.9214 Pre: 0.5289 Re: 0.5550 Acc: 0.5456 F1: 0.5416
Epoch 34: Time: 2.1646 Cost: 23.9123 Pre: 0.5272 Re: 0.5538 Acc: 0.5439 F1: 0.5401
Epoch 35: Time: 2.1801 Cost: 23.9018 Pre: 0.5295 Re: 0.5550 Acc: 0.5462 F1: 0.5419
Epoch 36: Time: 2.1640 Cost: 23.8892 Pre: 0.5309 Re: 0.5574 Acc: 0.5476 F1: 0.5438
Epoch 37: Time: 2.3016 Cost: 23.8704 Pre: 0.5352 Re: 0.5616 Acc: 0.5520 F1: 0.5481
Epoch 38: Time: 2.1720 Cost: 23.8385 Pre: 0.5399 Re: 0.5694 Acc: 0.5569 F1: 0.5542
Epoch 39: Time: 2.1695 Cost: 23.7939 Pre: 0.5453 Re: 0.5784 Acc: 0.5628 F1: 0.5614
Epoch 40: Time: 2.1680 Cost: 23.7300 Pre: 0.5455 Re: 0.5904 Acc: 0.5639 F1: 0.5671


--------------------------------------------------------------------
Eval results: Cost:23.8090 Pre:0.5106 Re:0.5396 Acc:0.5363 F1:0.5247
--------------------------------------------------------------------

Epoch 41: Time: 2.2372 Cost: 23.6013 Pre: 0.5473 Re: 0.6078 Acc: 0.5671 F1: 0.5760
Epoch 42: Time: 2.1953 Cost: 23.2224 Pre: 0.5671 Re: 0.6366 Acc: 0.5892 F1: 0.5999
Epoch 43: Time: 2.2096 Cost: 12.4189 Pre: 0.8991 Re: 0.8727 Acc: 0.8911 F1: 0.8857
Epoch 44: Time: 2.2084 Cost: 0.9399 Pre: 0.9875 Re: 1.0000 Acc: 0.9939 F1: 0.9937
Epoch 45: Time: 2.2172 Cost: 0.5036 Pre: 0.9952 Re: 1.0000 Acc: 0.9977 F1: 0.9976
Epoch 46: Time: 2.2365 Cost: 0.2181 Pre: 1.0000 Re: 1.0000 Acc: 1.0000 F1: 1.0000
Epoch 47: Time: 2.2952 Cost: 0.0966 Pre: 1.0000 Re: 1.0000 Acc: 1.0000 F1: 1.0000
Epoch 48: Time: 2.4944 Cost: 0.0434 Pre: 1.0000 Re: 1.0000 Acc: 1.0000 F1: 1.0000
Epoch 49: Time: 2.6555 Cost: 0.0207 Pre: 1.0000 Re: 1.0000 Acc: 1.0000 F1: 1.0000
Epoch 50: Time: 2.2051 Cost: 0.0106 Pre: 1.0000 Re: 1.0000 Acc: 1.0000 F1: 1.0000


--------------------------------------------------------------------
Eval results: Cost:0.0091 Pre:1.0000 Re:1.0000 Acc:1.0000 F1:1.0000
--------------------------------------------------------------------

Epoch 51: Time: 2.1949 Cost: 0.0059 Pre: 1.0000 Re: 1.0000 Acc: 1.0000 F1: 1.0000
Epoch 52: Time: 2.1809 Cost: 0.0036 Pre: 1.0000 Re: 1.0000 Acc: 1.0000 F1: 1.0000
Epoch 53: Time: 2.1814 Cost: 0.0026 Pre: 1.0000 Re: 1.0000 Acc: 1.0000 F1: 1.0000
Epoch 54: Time: 2.1830 Cost: 0.0020 Pre: 1.0000 Re: 1.0000 Acc: 1.0000 F1: 1.0000
Epoch 55: Time: 2.1804 Cost: 0.0016 Pre: 1.0000 Re: 1.0000 Acc: 1.0000 F1: 1.0000
Epoch 56: Time: 2.1673 Cost: 0.0014 Pre: 1.0000 Re: 1.0000 Acc: 1.0000 F1: 1.0000
Epoch 57: Time: 2.1874 Cost: 0.0012 Pre: 1.0000 Re: 1.0000 Acc: 1.0000 F1: 1.0000
Epoch 58: Time: 2.2748 Cost: 0.0011 Pre: 1.0000 Re: 1.0000 Acc: 1.0000 F1: 1.0000
Epoch 59: Time: 2.1761 Cost: 0.0010 Pre: 1.0000 Re: 1.0000 Acc: 1.0000 F1: 1.0000
Epoch 60: Time: 2.1856 Cost: 0.0009 Pre: 1.0000 Re: 1.0000 Acc: 1.0000 F1: 1.0000


--------------------------------------------------------------------
Eval results: Cost:0.0009 Pre:1.0000 Re:1.0000 Acc:1.0000 F1:1.0000
--------------------------------------------------------------------

Epoch 61: Time: 2.1898 Cost: 0.0008 Pre: 1.0000 Re: 1.0000 Acc: 1.0000 F1: 1.0000
Epoch 62: Time: 2.3112 Cost: 0.0007 Pre: 1.0000 Re: 1.0000 Acc: 1.0000 F1: 1.0000
Epoch 63: Time: 2.1849 Cost: 0.0007 Pre: 1.0000 Re: 1.0000 Acc: 1.0000 F1: 1.0000
Epoch 64: Time: 2.1811 Cost: 0.0006 Pre: 1.0000 Re: 1.0000 Acc: 1.0000 F1: 1.0000
Epoch 65: Time: 2.2012 Cost: 0.0006 Pre: 1.0000 Re: 1.0000 Acc: 1.0000 F1: 1.0000
Epoch 66: Time: 2.2065 Cost: 0.0006 Pre: 1.0000 Re: 1.0000 Acc: 1.0000 F1: 1.0000
Epoch 67: Time: 2.1865 Cost: 0.0005 Pre: 1.0000 Re: 1.0000 Acc: 1.0000 F1: 1.0000
Epoch 68: Time: 2.1888 Cost: 0.0005 Pre: 1.0000 Re: 1.0000 Acc: 1.0000 F1: 1.0000
Epoch 69: Time: 2.1833 Cost: 0.0005 Pre: 1.0000 Re: 1.0000 Acc: 1.0000 F1: 1.0000
Epoch 70: Time: 2.1891 Cost: 0.0004 Pre: 1.0000 Re: 1.0000 Acc: 1.0000 F1: 1.0000


--------------------------------------------------------------------
Eval results: Cost:0.0005 Pre:1.0000 Re:1.0000 Acc:1.0000 F1:1.0000
--------------------------------------------------------------------

Epoch 71: Time: 2.1609 Cost: 0.0004 Pre: 1.0000 Re: 1.0000 Acc: 1.0000 F1: 1.0000
Epoch 72: Time: 2.1524 Cost: 0.0004 Pre: 1.0000 Re: 1.0000 Acc: 1.0000 F1: 1.0000
Epoch 73: Time: 2.2909 Cost: 0.0004 Pre: 1.0000 Re: 1.0000 Acc: 1.0000 F1: 1.0000
Epoch 74: Time: 2.1467 Cost: 0.0004 Pre: 1.0000 Re: 1.0000 Acc: 1.0000 F1: 1.0000
Epoch 75: Time: 2.1613 Cost: 0.0004 Pre: 1.0000 Re: 1.0000 Acc: 1.0000 F1: 1.0000
Epoch 76: Time: 2.1483 Cost: 0.0003 Pre: 1.0000 Re: 1.0000 Acc: 1.0000 F1: 1.0000
Epoch 77: Time: 2.1552 Cost: 0.0003 Pre: 1.0000 Re: 1.0000 Acc: 1.0000 F1: 1.0000
Epoch 78: Time: 2.1485 Cost: 0.0003 Pre: 1.0000 Re: 1.0000 Acc: 1.0000 F1: 1.0000
Epoch 79: Time: 2.1516 Cost: 0.0003 Pre: 1.0000 Re: 1.0000 Acc: 1.0000 F1: 1.0000
Epoch 80: Time: 2.1533 Cost: 0.0003 Pre: 1.0000 Re: 1.0000 Acc: 1.0000 F1: 1.0000


--------------------------------------------------------------------
Eval results: Cost:0.0003 Pre:1.0000 Re:1.0000 Acc:1.0000 F1:1.0000
--------------------------------------------------------------------

Epoch 81: Time: 2.2194 Cost: 0.0003 Pre: 1.0000 Re: 1.0000 Acc: 1.0000 F1: 1.0000
Epoch 82: Time: 2.2299 Cost: 0.0003 Pre: 1.0000 Re: 1.0000 Acc: 1.0000 F1: 1.0000
Epoch 83: Time: 2.2234 Cost: 0.0003 Pre: 1.0000 Re: 1.0000 Acc: 1.0000 F1: 1.0000
Epoch 84: Time: 2.2112 Cost: 0.0003 Pre: 1.0000 Re: 1.0000 Acc: 1.0000 F1: 1.0000
Epoch 85: Time: 2.2436 Cost: 0.0003 Pre: 1.0000 Re: 1.0000 Acc: 1.0000 F1: 1.0000
Epoch 86: Time: 2.2082 Cost: 0.0003 Pre: 1.0000 Re: 1.0000 Acc: 1.0000 F1: 1.0000
Epoch 87: Time: 2.2135 Cost: 0.0002 Pre: 1.0000 Re: 1.0000 Acc: 1.0000 F1: 1.0000
Epoch 88: Time: 2.3201 Cost: 0.0002 Pre: 1.0000 Re: 1.0000 Acc: 1.0000 F1: 1.0000
Epoch 89: Time: 2.2208 Cost: 0.0002 Pre: 1.0000 Re: 1.0000 Acc: 1.0000 F1: 1.0000
Epoch 90: Time: 2.2109 Cost: 0.0002 Pre: 1.0000 Re: 1.0000 Acc: 1.0000 F1: 1.0000


--------------------------------------------------------------------
Eval results: Cost:0.0002 Pre:1.0000 Re:1.0000 Acc:1.0000 F1:1.0000
--------------------------------------------------------------------

Early stopping...
--------------------------------------------------------------------
--------------------------------------------------------------------
Test 8494 samples take time: 10.4399
Test results: Cost:0.0002 Pre:1.0000 Re:1.0000 Acc:1.0000 F1:1.0000
--------------------------------------------------------------------

