Load data
RNN type: UNI Grammar: g5 Seed: 1
Model total parameters: 16206
Saving hinit ... 

Epoch 0: Time: 2.2403 Cost: 24.9986 Pre: 0.4667 Re: 0.1429 Acc: 0.5064 F1: 0.2189


--------------------------------------------------------------------
Eval results: Cost:24.9580 Pre:0.0000 Re:0.0000 Acc:0.5257 F1:0.0000
--------------------------------------------------------------------

Epoch 1: Time: 2.2073 Cost: 24.9656 Pre: 1.0000 Re: 0.0006 Acc: 0.5166 F1: 0.0012
Epoch 2: Time: 2.1722 Cost: 24.9471 Pre: 0.6667 Re: 0.0012 Acc: 0.5166 F1: 0.0024
Epoch 3: Time: 2.1853 Cost: 24.9186 Pre: 0.5385 Re: 0.0042 Acc: 0.5166 F1: 0.0083
Epoch 4: Time: 2.1828 Cost: 24.9041 Pre: 0.4980 Re: 0.3015 Acc: 0.5151 F1: 0.3756
Epoch 5: Time: 2.2060 Cost: 24.7666 Pre: 0.5054 Re: 0.2517 Acc: 0.5189 F1: 0.3360
Epoch 6: Time: 2.1772 Cost: 24.5718 Pre: 0.5027 Re: 0.5069 Acc: 0.5189 F1: 0.5048
Epoch 7: Time: 2.1832 Cost: 24.3056 Pre: 0.4992 Re: 0.5405 Acc: 0.5154 F1: 0.5190
Epoch 8: Time: 2.2740 Cost: 24.1937 Pre: 0.5107 Re: 0.5291 Acc: 0.5270 F1: 0.5198
Epoch 9: Time: 2.1745 Cost: 24.1417 Pre: 0.5075 Re: 0.5279 Acc: 0.5238 F1: 0.5175
Epoch 10: Time: 2.1942 Cost: 24.1047 Pre: 0.5116 Re: 0.5309 Acc: 0.5279 F1: 0.5211


--------------------------------------------------------------------
Eval results: Cost:24.0181 Pre:0.5075 Re:0.1346 Acc:0.5275 F1:0.2127
--------------------------------------------------------------------

Epoch 11: Time: 2.1833 Cost: 24.0889 Pre: 0.5104 Re: 0.5177 Acc: 0.5264 F1: 0.5140
Epoch 12: Time: 2.1557 Cost: 24.0742 Pre: 0.5131 Re: 0.5183 Acc: 0.5291 F1: 0.5157
Epoch 13: Time: 2.1641 Cost: 24.0614 Pre: 0.5069 Re: 0.5039 Acc: 0.5230 F1: 0.5054
Epoch 14: Time: 2.1822 Cost: 24.0453 Pre: 0.5082 Re: 0.5183 Acc: 0.5244 F1: 0.5132
Epoch 15: Time: 2.1601 Cost: 24.0317 Pre: 0.5096 Re: 0.5237 Acc: 0.5259 F1: 0.5166
Epoch 16: Time: 2.1612 Cost: 24.0217 Pre: 0.5126 Re: 0.5381 Acc: 0.5291 F1: 0.5251
Epoch 17: Time: 2.1618 Cost: 24.0140 Pre: 0.5161 Re: 0.5393 Acc: 0.5325 F1: 0.5275
Epoch 18: Time: 2.1713 Cost: 24.0074 Pre: 0.5128 Re: 0.5411 Acc: 0.5293 F1: 0.5266
Epoch 19: Time: 2.1619 Cost: 24.0017 Pre: 0.5151 Re: 0.5520 Acc: 0.5320 F1: 0.5329
Epoch 20: Time: 2.1587 Cost: 23.9967 Pre: 0.5173 Re: 0.5568 Acc: 0.5343 F1: 0.5363


--------------------------------------------------------------------
Eval results: Cost:23.8564 Pre:0.4931 Re:0.5620 Acc:0.5181 F1:0.5253
--------------------------------------------------------------------

Epoch 21: Time: 2.1300 Cost: 23.9918 Pre: 0.5151 Re: 0.5544 Acc: 0.5320 F1: 0.5340
Epoch 22: Time: 2.1730 Cost: 23.9874 Pre: 0.5139 Re: 0.5544 Acc: 0.5308 F1: 0.5334
Epoch 23: Time: 2.5445 Cost: 23.9836 Pre: 0.5153 Re: 0.5574 Acc: 0.5322 F1: 0.5355
Epoch 24: Time: 2.1746 Cost: 23.9799 Pre: 0.5179 Re: 0.5574 Acc: 0.5349 F1: 0.5369
Epoch 25: Time: 2.1368 Cost: 23.9758 Pre: 0.5178 Re: 0.5586 Acc: 0.5349 F1: 0.5374
Epoch 26: Time: 2.1244 Cost: 23.9717 Pre: 0.5177 Re: 0.5628 Acc: 0.5349 F1: 0.5393
Epoch 27: Time: 2.1854 Cost: 23.9673 Pre: 0.5195 Re: 0.5670 Acc: 0.5369 F1: 0.5422
Epoch 28: Time: 2.1343 Cost: 23.9627 Pre: 0.5204 Re: 0.5676 Acc: 0.5378 F1: 0.5429
Epoch 29: Time: 2.1489 Cost: 23.9579 Pre: 0.5198 Re: 0.5676 Acc: 0.5372 F1: 0.5426
Epoch 30: Time: 2.1257 Cost: 23.9528 Pre: 0.5201 Re: 0.5676 Acc: 0.5375 F1: 0.5428


--------------------------------------------------------------------
Eval results: Cost:23.8947 Pre:0.4876 Re:0.4683 Acc:0.5144 F1:0.4778
--------------------------------------------------------------------

Epoch 31: Time: 2.1982 Cost: 23.9452 Pre: 0.5215 Re: 0.5670 Acc: 0.5389 F1: 0.5433
Epoch 32: Time: 2.1646 Cost: 23.9413 Pre: 0.5237 Re: 0.5700 Acc: 0.5413 F1: 0.5459
Epoch 33: Time: 2.2261 Cost: 23.9364 Pre: 0.5235 Re: 0.5676 Acc: 0.5410 F1: 0.5447
Epoch 34: Time: 2.2189 Cost: 23.9311 Pre: 0.5262 Re: 0.5676 Acc: 0.5436 F1: 0.5461
Epoch 35: Time: 2.1897 Cost: 23.9252 Pre: 0.5254 Re: 0.5598 Acc: 0.5424 F1: 0.5420
Epoch 36: Time: 2.1788 Cost: 23.9190 Pre: 0.5234 Re: 0.5508 Acc: 0.5401 F1: 0.5367
Epoch 37: Time: 2.1829 Cost: 23.9123 Pre: 0.5236 Re: 0.5471 Acc: 0.5401 F1: 0.5351
Epoch 38: Time: 2.1731 Cost: 23.9049 Pre: 0.5248 Re: 0.5459 Acc: 0.5413 F1: 0.5352
Epoch 39: Time: 2.1644 Cost: 23.8961 Pre: 0.5283 Re: 0.5489 Acc: 0.5447 F1: 0.5384
Epoch 40: Time: 2.1838 Cost: 23.8851 Pre: 0.5242 Re: 0.5399 Acc: 0.5404 F1: 0.5320


--------------------------------------------------------------------
Eval results: Cost:23.9383 Pre:0.4931 Re:0.4736 Acc:0.5194 F1:0.4832
--------------------------------------------------------------------

Epoch 41: Time: 2.1677 Cost: 23.8664 Pre: 0.5243 Re: 0.5381 Acc: 0.5404 F1: 0.5311
Epoch 42: Time: 2.1553 Cost: 23.8447 Pre: 0.5294 Re: 0.5411 Acc: 0.5453 F1: 0.5352
Epoch 43: Time: 2.1595 Cost: 23.8065 Pre: 0.5382 Re: 0.5538 Acc: 0.5543 F1: 0.5459
Epoch 44: Time: 2.1728 Cost: 23.7434 Pre: 0.5458 Re: 0.5688 Acc: 0.5625 F1: 0.5571
Epoch 45: Time: 2.1573 Cost: 23.6076 Pre: 0.5599 Re: 0.6120 Acc: 0.5796 F1: 0.5848
Epoch 46: Time: 2.1618 Cost: 20.8020 Pre: 0.6847 Re: 0.7159 Acc: 0.7031 F1: 0.6999
Epoch 47: Time: 2.1583 Cost: 3.0640 Pre: 0.9988 Re: 1.0000 Acc: 0.9994 F1: 0.9994
Epoch 48: Time: 2.1755 Cost: 0.5926 Pre: 0.9982 Re: 1.0000 Acc: 0.9991 F1: 0.9991
Epoch 49: Time: 2.2663 Cost: 0.2841 Pre: 1.0000 Re: 1.0000 Acc: 1.0000 F1: 1.0000
Epoch 50: Time: 2.1715 Cost: 0.1293 Pre: 1.0000 Re: 1.0000 Acc: 1.0000 F1: 1.0000


--------------------------------------------------------------------
Eval results: Cost:0.1003 Pre:1.0000 Re:1.0000 Acc:1.0000 F1:1.0000
--------------------------------------------------------------------

Epoch 51: Time: 2.1680 Cost: 0.0579 Pre: 1.0000 Re: 1.0000 Acc: 1.0000 F1: 1.0000
Epoch 52: Time: 2.1644 Cost: 0.0249 Pre: 1.0000 Re: 1.0000 Acc: 1.0000 F1: 1.0000
Epoch 53: Time: 2.1683 Cost: 0.0122 Pre: 1.0000 Re: 1.0000 Acc: 1.0000 F1: 1.0000
Epoch 54: Time: 2.1617 Cost: 0.0067 Pre: 1.0000 Re: 1.0000 Acc: 1.0000 F1: 1.0000
Epoch 55: Time: 2.1766 Cost: 0.0042 Pre: 1.0000 Re: 1.0000 Acc: 1.0000 F1: 1.0000
Epoch 56: Time: 2.1447 Cost: 0.0029 Pre: 1.0000 Re: 1.0000 Acc: 1.0000 F1: 1.0000
Epoch 57: Time: 2.1929 Cost: 0.0023 Pre: 1.0000 Re: 1.0000 Acc: 1.0000 F1: 1.0000
Epoch 58: Time: 2.2095 Cost: 0.0018 Pre: 1.0000 Re: 1.0000 Acc: 1.0000 F1: 1.0000
Epoch 59: Time: 2.2756 Cost: 0.0015 Pre: 1.0000 Re: 1.0000 Acc: 1.0000 F1: 1.0000
Epoch 60: Time: 2.1720 Cost: 0.0013 Pre: 1.0000 Re: 1.0000 Acc: 1.0000 F1: 1.0000


--------------------------------------------------------------------
Eval results: Cost:0.0012 Pre:1.0000 Re:1.0000 Acc:1.0000 F1:1.0000
--------------------------------------------------------------------

Epoch 61: Time: 2.1444 Cost: 0.0012 Pre: 1.0000 Re: 1.0000 Acc: 1.0000 F1: 1.0000
Epoch 62: Time: 2.1238 Cost: 0.0011 Pre: 1.0000 Re: 1.0000 Acc: 1.0000 F1: 1.0000
Epoch 63: Time: 2.1164 Cost: 0.0010 Pre: 1.0000 Re: 1.0000 Acc: 1.0000 F1: 1.0000
Epoch 64: Time: 2.1121 Cost: 0.0009 Pre: 1.0000 Re: 1.0000 Acc: 1.0000 F1: 1.0000
Epoch 65: Time: 2.1631 Cost: 0.0008 Pre: 1.0000 Re: 1.0000 Acc: 1.0000 F1: 1.0000
Epoch 66: Time: 2.1119 Cost: 0.0007 Pre: 1.0000 Re: 1.0000 Acc: 1.0000 F1: 1.0000
Epoch 67: Time: 2.1124 Cost: 0.0007 Pre: 1.0000 Re: 1.0000 Acc: 1.0000 F1: 1.0000
Epoch 68: Time: 2.1632 Cost: 0.0006 Pre: 1.0000 Re: 1.0000 Acc: 1.0000 F1: 1.0000
Epoch 69: Time: 2.1110 Cost: 0.0006 Pre: 1.0000 Re: 1.0000 Acc: 1.0000 F1: 1.0000
Epoch 70: Time: 2.1303 Cost: 0.0006 Pre: 1.0000 Re: 1.0000 Acc: 1.0000 F1: 1.0000


--------------------------------------------------------------------
Eval results: Cost:0.0005 Pre:1.0000 Re:1.0000 Acc:1.0000 F1:1.0000
--------------------------------------------------------------------

Epoch 71: Time: 2.1742 Cost: 0.0005 Pre: 1.0000 Re: 1.0000 Acc: 1.0000 F1: 1.0000
Epoch 72: Time: 2.1646 Cost: 0.0005 Pre: 1.0000 Re: 1.0000 Acc: 1.0000 F1: 1.0000
Epoch 73: Time: 2.1688 Cost: 0.0005 Pre: 1.0000 Re: 1.0000 Acc: 1.0000 F1: 1.0000
Epoch 74: Time: 2.3299 Cost: 0.0005 Pre: 1.0000 Re: 1.0000 Acc: 1.0000 F1: 1.0000
Epoch 75: Time: 2.3263 Cost: 0.0004 Pre: 1.0000 Re: 1.0000 Acc: 1.0000 F1: 1.0000
Epoch 76: Time: 2.1909 Cost: 0.0004 Pre: 1.0000 Re: 1.0000 Acc: 1.0000 F1: 1.0000
Epoch 77: Time: 2.1751 Cost: 0.0004 Pre: 1.0000 Re: 1.0000 Acc: 1.0000 F1: 1.0000
Epoch 78: Time: 2.1695 Cost: 0.0004 Pre: 1.0000 Re: 1.0000 Acc: 1.0000 F1: 1.0000
Epoch 79: Time: 2.1784 Cost: 0.0004 Pre: 1.0000 Re: 1.0000 Acc: 1.0000 F1: 1.0000
Epoch 80: Time: 2.1677 Cost: 0.0004 Pre: 1.0000 Re: 1.0000 Acc: 1.0000 F1: 1.0000


--------------------------------------------------------------------
Eval results: Cost:0.0003 Pre:1.0000 Re:1.0000 Acc:1.0000 F1:1.0000
--------------------------------------------------------------------

Epoch 81: Time: 2.1754 Cost: 0.0003 Pre: 1.0000 Re: 1.0000 Acc: 1.0000 F1: 1.0000
Epoch 82: Time: 2.1707 Cost: 0.0003 Pre: 1.0000 Re: 1.0000 Acc: 1.0000 F1: 1.0000
Epoch 83: Time: 2.1668 Cost: 0.0003 Pre: 1.0000 Re: 1.0000 Acc: 1.0000 F1: 1.0000
Epoch 84: Time: 2.1655 Cost: 0.0003 Pre: 1.0000 Re: 1.0000 Acc: 1.0000 F1: 1.0000
Epoch 85: Time: 2.3397 Cost: 0.0003 Pre: 1.0000 Re: 1.0000 Acc: 1.0000 F1: 1.0000
Epoch 86: Time: 2.3351 Cost: 0.0003 Pre: 1.0000 Re: 1.0000 Acc: 1.0000 F1: 1.0000
Epoch 87: Time: 2.3303 Cost: 0.0003 Pre: 1.0000 Re: 1.0000 Acc: 1.0000 F1: 1.0000
Epoch 88: Time: 2.3376 Cost: 0.0003 Pre: 1.0000 Re: 1.0000 Acc: 1.0000 F1: 1.0000
Epoch 89: Time: 2.1994 Cost: 0.0003 Pre: 1.0000 Re: 1.0000 Acc: 1.0000 F1: 1.0000
Epoch 90: Time: 2.1716 Cost: 0.0003 Pre: 1.0000 Re: 1.0000 Acc: 1.0000 F1: 1.0000


--------------------------------------------------------------------
Eval results: Cost:0.0002 Pre:1.0000 Re:1.0000 Acc:1.0000 F1:1.0000
--------------------------------------------------------------------

Early stopping...
--------------------------------------------------------------------
--------------------------------------------------------------------
Test 8494 samples take time: 9.7806
Test results: Cost:0.0002 Pre:1.0000 Re:1.0000 Acc:1.0000 F1:1.0000
--------------------------------------------------------------------

