G:g6, model:UNI sigmoid, load all data and stored hidden activations


--------------------------------------------------------------------
Begin DFA extraction with n_state:2
Done fitting takes time: 0.8926
==Minimized===

This DFA has 1 states
States: ['1']
Alphabet: set(['1', '0'])
Starting state: 1
Accepting states: []
Transition function:
	1
1 	1
0 	1
Current state: 1
Currently accepting: False

Precision: 0.0000 Recall: 0.0000 Accuracy: 0.5177 F1: 0.0000


--------------------------------------------------------------------
Begin DFA extraction with n_state:3
Done fitting takes time: 0.7618
==Minimized===

This DFA has 2 states
States: ['1', '2']
Alphabet: set(['1', '0'])
Starting state: 1
Accepting states: ['1']
Transition function:
	1	2
1 	2	1
0 	2	1
Current state: 1
Currently accepting: True

Precision: 0.4822 Recall: 0.4812 Accuracy: 0.5006 F1: 0.4817


--------------------------------------------------------------------
Begin DFA extraction with n_state:4
Done fitting takes time: 0.8150
==Minimized===

This DFA has 3 states
States: ['1', '2', '4']
Alphabet: set(['1', '0'])
Starting state: 1
Accepting states: ['1']
Transition function:
	1	2	4
1 	2	4	1
0 	4	1	2
Current state: 1
Currently accepting: True

Precision: 1.0000 Recall: 1.0000 Accuracy: 1.0000 F1: 1.0000


--------------------------------------------------------------------
Begin DFA extraction with n_state:5
Done fitting takes time: 1.0447
==Minimized===

This DFA has 4 states
States: ['1', '4', '2', '5']
Alphabet: set(['1', '0'])
Starting state: 5
Accepting states: ['1']
Transition function:
	1	2	4	5
1 	2	4	1	2
0 	4	1	2	4
Current state: 5
Currently accepting: False

Precision: 1.0000 Recall: 1.0000 Accuracy: 1.0000 F1: 1.0000


--------------------------------------------------------------------
Begin DFA extraction with n_state:6
Done fitting takes time: 0.9590
==Minimized===

This DFA has 4 states
States: ['1', '4', '2', '5']
Alphabet: set(['1', '0'])
Starting state: 5
Accepting states: ['1']
Transition function:
	1	2	4	5
1 	2	4	1	2
0 	4	1	2	4
Current state: 5
Currently accepting: False

Precision: 1.0000 Recall: 1.0000 Accuracy: 1.0000 F1: 1.0000


--------------------------------------------------------------------
Begin DFA extraction with n_state:7
Done fitting takes time: 0.8098
==Minimized===

This DFA has 4 states
States: ['1', '4', '2', '5']
Alphabet: set(['1', '0'])
Starting state: 5
Accepting states: ['1']
Transition function:
	1	2	4	5
1 	2	4	1	2
0 	4	1	2	4
Current state: 5
Currently accepting: False

Precision: 1.0000 Recall: 1.0000 Accuracy: 1.0000 F1: 1.0000


--------------------------------------------------------------------
Begin DFA extraction with n_state:8
Done fitting takes time: 0.7866
==Minimized===

This DFA has 4 states
States: ['1', '4', '2', '5']
Alphabet: set(['1', '0'])
Starting state: 5
Accepting states: ['1']
Transition function:
	1	2	4	5
1 	2	4	1	2
0 	4	1	2	4
Current state: 5
Currently accepting: False

Precision: 1.0000 Recall: 1.0000 Accuracy: 1.0000 F1: 1.0000


--------------------------------------------------------------------
Begin DFA extraction with n_state:9
Done fitting takes time: 0.7916
==Minimized===

This DFA has 4 states
States: ['1', '4', '2', '5']
Alphabet: set(['1', '0'])
Starting state: 5
Accepting states: ['1']
Transition function:
	1	2	4	5
1 	2	4	1	2
0 	4	1	2	4
Current state: 5
Currently accepting: False

Precision: 1.0000 Recall: 1.0000 Accuracy: 1.0000 F1: 1.0000


--------------------------------------------------------------------
Begin DFA extraction with n_state:10
Done fitting takes time: 0.8131
==Minimized===

This DFA has 4 states
States: ['1', '10', '2', '5']
Alphabet: set(['1', '0'])
Starting state: 5
Accepting states: ['1']
Transition function:
	1	10	2	5
1 	2	1	10	2
0 	10	2	1	10
Current state: 5
Currently accepting: False

Precision: 1.0000 Recall: 1.0000 Accuracy: 1.0000 F1: 1.0000


--------------------------------------------------------------------
Begin DFA extraction with n_state:11
Done fitting takes time: 0.8253
==Minimized===

This DFA has 4 states
States: ['1', '10', '2', '5']
Alphabet: set(['1', '0'])
Starting state: 5
Accepting states: ['1']
Transition function:
	1	10	2	5
1 	2	1	10	2
0 	10	2	1	10
Current state: 5
Currently accepting: False

Precision: 1.0000 Recall: 1.0000 Accuracy: 1.0000 F1: 1.0000


--------------------------------------------------------------------
Begin DFA extraction with n_state:12
Done fitting takes time: 0.8055
==Minimized===

This DFA has 4 states
States: ['1', '10', '12', '5']
Alphabet: set(['1', '0'])
Starting state: 5
Accepting states: ['1']
Transition function:
	1	10	12	5
1 	12	1	10	12
0 	10	12	1	10
Current state: 5
Currently accepting: False

Precision: 1.0000 Recall: 1.0000 Accuracy: 1.0000 F1: 1.0000


--------------------------------------------------------------------
Begin DFA extraction with n_state:13
Done fitting takes time: 0.8210
==Minimized===

This DFA has 4 states
States: ['1', '10', '12', '5']
Alphabet: set(['1', '0'])
Starting state: 5
Accepting states: ['1']
Transition function:
	1	10	12	5
1 	12	1	10	12
0 	10	12	1	10
Current state: 5
Currently accepting: False

Precision: 1.0000 Recall: 1.0000 Accuracy: 1.0000 F1: 1.0000


--------------------------------------------------------------------
Begin DFA extraction with n_state:14
Done fitting takes time: 0.8289
==Minimized===

This DFA has 4 states
States: ['1', '10', '12', '5']
Alphabet: set(['1', '0'])
Starting state: 5
Accepting states: ['1']
Transition function:
	1	10	12	5
1 	12	1	10	12
0 	10	12	1	10
Current state: 5
Currently accepting: False

Precision: 1.0000 Recall: 1.0000 Accuracy: 1.0000 F1: 1.0000


--------------------------------------------------------------------
Begin DFA extraction with n_state:15
Done fitting takes time: 2.1055
==Minimized===

This DFA has 4 states
States: ['1', '10', '12', '5']
Alphabet: set(['1', '0'])
Starting state: 5
Accepting states: ['1']
Transition function:
	1	10	12	5
1 	12	1	10	12
0 	10	12	1	10
Current state: 5
Currently accepting: False

Precision: 1.0000 Recall: 1.0000 Accuracy: 1.0000 F1: 1.0000


--------------------------------------------------------------------
Begin DFA extraction with n_state:16
Done fitting takes time: 1.0161
==Minimized===

This DFA has 4 states
States: ['1', '10', '12', '5']
Alphabet: set(['1', '0'])
Starting state: 5
Accepting states: ['1']
Transition function:
	1	10	12	5
1 	12	1	10	12
0 	10	12	1	10
Current state: 5
Currently accepting: False

Precision: 1.0000 Recall: 1.0000 Accuracy: 1.0000 F1: 1.0000


--------------------------------------------------------------------
Begin DFA extraction with n_state:17
Done fitting takes time: 0.8444
==Minimized===

This DFA has 4 states
States: ['1', '10', '12', '5']
Alphabet: set(['1', '0'])
Starting state: 5
Accepting states: ['1']
Transition function:
	1	10	12	5
1 	12	1	10	12
0 	10	12	1	10
Current state: 5
Currently accepting: False

Precision: 1.0000 Recall: 1.0000 Accuracy: 1.0000 F1: 1.0000


--------------------------------------------------------------------
Begin DFA extraction with n_state:18
Done fitting takes time: 0.8462
==Minimized===

This DFA has 4 states
States: ['11', '10', '12', '5']
Alphabet: set(['1', '0'])
Starting state: 5
Accepting states: ['11']
Transition function:
	10	11	12	5
1 	11	12	10	12
0 	12	10	11	10
Current state: 5
Currently accepting: False

Precision: 1.0000 Recall: 1.0000 Accuracy: 1.0000 F1: 1.0000


--------------------------------------------------------------------
Begin DFA extraction with n_state:19
Done fitting takes time: 1.2011
==Minimized===

This DFA has 4 states
States: ['11', '10', '12', '5']
Alphabet: set(['1', '0'])
Starting state: 5
Accepting states: ['11']
Transition function:
	10	11	12	5
1 	11	12	10	12
0 	12	10	11	10
Current state: 5
Currently accepting: False

Precision: 1.0000 Recall: 1.0000 Accuracy: 1.0000 F1: 1.0000
[ 0.          0.48168179  1.          1.          1.          1.          1.
  1.          1.          1.          1.          1.          1.          1.
  1.          1.          1.          1.        ]


[[  0.00000000e+00   0.00000000e+00   1.39154636e-03   0.00000000e+00
    0.00000000e+00   0.00000000e+00   0.00000000e+00   0.00000000e+00
    3.45534407e-01   0.00000000e+00   3.60879454e-01   2.11207631e-02
    5.64162697e-01   6.03258014e-01   4.98247371e-01   3.20756921e-01
    5.54052045e-01   3.75251190e-01]
 [  0.00000000e+00   0.00000000e+00   0.00000000e+00   0.00000000e+00
    0.00000000e+00   0.00000000e+00   0.00000000e+00   1.39130435e-03
    0.00000000e+00   0.00000000e+00   5.62372188e-01   6.95894224e-04
    6.95894224e-04   6.95894224e-04   6.46667823e-01   6.46773074e-01
    6.46705202e-01   6.43837223e-01]
 [  0.00000000e+00   0.00000000e+00   0.00000000e+00   0.00000000e+00
    0.00000000e+00   0.00000000e+00   0.00000000e+00   0.00000000e+00
    0.00000000e+00   0.00000000e+00   0.00000000e+00   0.00000000e+00
    0.00000000e+00   0.00000000e+00   0.00000000e+00   0.00000000e+00
    0.00000000e+00   0.00000000e+00]
 [  0.00000000e+00   0.00000000e+00   0.00000000e+00   0.00000000e+00
    0.00000000e+00   0.00000000e+00   0.00000000e+00   0.00000000e+00
    0.00000000e+00   0.00000000e+00   0.00000000e+00   0.00000000e+00
    0.00000000e+00   0.00000000e+00   0.00000000e+00   0.00000000e+00
    0.00000000e+00   0.00000000e+00]
 [  0.00000000e+00   4.81681786e-01   1.00000000e+00   1.00000000e+00
    1.00000000e+00   1.00000000e+00   1.00000000e+00   1.00000000e+00
    1.00000000e+00   1.00000000e+00   1.00000000e+00   1.00000000e+00
    1.00000000e+00   1.00000000e+00   1.00000000e+00   1.00000000e+00
    1.00000000e+00   1.00000000e+00]
 [  0.00000000e+00   0.00000000e+00   0.00000000e+00   0.00000000e+00
    0.00000000e+00   0.00000000e+00   0.00000000e+00   0.00000000e+00
    0.00000000e+00   0.00000000e+00   0.00000000e+00   0.00000000e+00
    0.00000000e+00   0.00000000e+00   0.00000000e+00   0.00000000e+00
    0.00000000e+00   0.00000000e+00]
 [  0.00000000e+00   0.00000000e+00   0.00000000e+00   0.00000000e+00
    0.00000000e+00   0.00000000e+00   0.00000000e+00   0.00000000e+00
    0.00000000e+00   0.00000000e+00   0.00000000e+00   0.00000000e+00
    0.00000000e+00   0.00000000e+00   0.00000000e+00   0.00000000e+00
    0.00000000e+00   0.00000000e+00]
 [  0.00000000e+00   0.00000000e+00   0.00000000e+00   0.00000000e+00
    0.00000000e+00   0.00000000e+00   0.00000000e+00   0.00000000e+00
    0.00000000e+00   0.00000000e+00   0.00000000e+00   0.00000000e+00
    0.00000000e+00   0.00000000e+00   0.00000000e+00   0.00000000e+00
    0.00000000e+00   0.00000000e+00]
 [  0.00000000e+00   0.00000000e+00   0.00000000e+00   0.00000000e+00
    0.00000000e+00   0.00000000e+00   0.00000000e+00   0.00000000e+00
    0.00000000e+00   0.00000000e+00   0.00000000e+00   0.00000000e+00
    0.00000000e+00   0.00000000e+00   0.00000000e+00   0.00000000e+00
    0.00000000e+00   0.00000000e+00]]
