G:g6, model:UNI tanh, load all data and stored hidden activations


--------------------------------------------------------------------
Begin DFA extraction with n_state:2
Done fitting takes time: 0.7409
==Minimized===

This DFA has 1 states
States: ['1']
Alphabet: set(['1', '0'])
Starting state: 1
Accepting states: []
Transition function:
	1
1 	1
0 	1
Current state: 1
Currently accepting: False

Precision: 0.0000 Recall: 0.0000 Accuracy: 0.5177 F1: 0.0000


--------------------------------------------------------------------
Begin DFA extraction with n_state:3
Done fitting takes time: 1.0148
==Minimized===

This DFA has 3 states
States: ['1', '3', '2']
Alphabet: set(['1', '0'])
Starting state: 1
Accepting states: ['1']
Transition function:
	1	2	3
1 	2	3	1
0 	3	1	2
Current state: 1
Currently accepting: True

Precision: 1.0000 Recall: 1.0000 Accuracy: 1.0000 F1: 1.0000


--------------------------------------------------------------------
Begin DFA extraction with n_state:4
Done fitting takes time: 0.8518
==Minimized===

This DFA has 4 states
States: ['1', '3', '2', '4']
Alphabet: set(['1', '0'])
Starting state: 4
Accepting states: ['1']
Transition function:
	1	2	3	4
1 	2	3	1	2
0 	3	1	2	3
Current state: 4
Currently accepting: False

Precision: 1.0000 Recall: 1.0000 Accuracy: 1.0000 F1: 1.0000


--------------------------------------------------------------------
Begin DFA extraction with n_state:5
Done fitting takes time: 0.7402
==Minimized===

This DFA has 4 states
States: ['1', '3', '2', '4']
Alphabet: set(['1', '0'])
Starting state: 4
Accepting states: ['1']
Transition function:
	1	2	3	4
1 	2	3	1	2
0 	3	1	2	3
Current state: 4
Currently accepting: False

Precision: 1.0000 Recall: 1.0000 Accuracy: 1.0000 F1: 1.0000


--------------------------------------------------------------------
Begin DFA extraction with n_state:6
Done fitting takes time: 0.7424
==Minimized===

This DFA has 4 states
States: ['1', '3', '2', '4']
Alphabet: set(['1', '0'])
Starting state: 4
Accepting states: ['1']
Transition function:
	1	2	3	4
1 	2	3	1	2
0 	3	1	2	3
Current state: 4
Currently accepting: False

Precision: 1.0000 Recall: 1.0000 Accuracy: 1.0000 F1: 1.0000


--------------------------------------------------------------------
Begin DFA extraction with n_state:7
Done fitting takes time: 0.7908
==Minimized===

This DFA has 4 states
States: ['1', '3', '2', '4']
Alphabet: set(['1', '0'])
Starting state: 4
Accepting states: ['1']
Transition function:
	1	2	3	4
1 	2	3	1	2
0 	3	1	2	3
Current state: 4
Currently accepting: False

Precision: 1.0000 Recall: 1.0000 Accuracy: 1.0000 F1: 1.0000


--------------------------------------------------------------------
Begin DFA extraction with n_state:8
Done fitting takes time: 0.7540
==Minimized===

This DFA has 4 states
States: ['1', '3', '2', '4']
Alphabet: set(['1', '0'])
Starting state: 4
Accepting states: ['1']
Transition function:
	1	2	3	4
1 	2	3	1	2
0 	3	1	2	3
Current state: 4
Currently accepting: False

Precision: 1.0000 Recall: 1.0000 Accuracy: 1.0000 F1: 1.0000


--------------------------------------------------------------------
Begin DFA extraction with n_state:9
Done fitting takes time: 0.7622
==Minimized===

This DFA has 4 states
States: ['1', '3', '2', '4']
Alphabet: set(['1', '0'])
Starting state: 4
Accepting states: ['1']
Transition function:
	1	2	3	4
1 	2	3	1	2
0 	3	1	2	3
Current state: 4
Currently accepting: False

Precision: 1.0000 Recall: 1.0000 Accuracy: 1.0000 F1: 1.0000


--------------------------------------------------------------------
Begin DFA extraction with n_state:10
Done fitting takes time: 0.7796
==Minimized===

This DFA has 4 states
States: ['1', '3', '10', '4']
Alphabet: set(['1', '0'])
Starting state: 4
Accepting states: ['1']
Transition function:
	1	10	3	4
1 	10	3	1	10
0 	3	1	10	3
Current state: 4
Currently accepting: False

Precision: 1.0000 Recall: 1.0000 Accuracy: 1.0000 F1: 1.0000


--------------------------------------------------------------------
Begin DFA extraction with n_state:11
Done fitting takes time: 1.5348
==Minimized===

This DFA has 4 states
States: ['1', '3', '11', '4']
Alphabet: set(['1', '0'])
Starting state: 4
Accepting states: ['1']
Transition function:
	1	11	3	4
1 	11	3	1	11
0 	3	1	11	3
Current state: 4
Currently accepting: False

Precision: 1.0000 Recall: 1.0000 Accuracy: 1.0000 F1: 1.0000


--------------------------------------------------------------------
Begin DFA extraction with n_state:12
Done fitting takes time: 0.8108
==Minimized===

This DFA has 4 states
States: ['1', '12', '11', '4']
Alphabet: set(['1', '0'])
Starting state: 4
Accepting states: ['1']
Transition function:
	1	11	12	4
1 	11	12	1	11
0 	12	1	11	12
Current state: 4
Currently accepting: False

Precision: 1.0000 Recall: 1.0000 Accuracy: 1.0000 F1: 1.0000


--------------------------------------------------------------------
Begin DFA extraction with n_state:13
Done fitting takes time: 0.7887
==Minimized===

This DFA has 4 states
States: ['1', '12', '11', '4']
Alphabet: set(['1', '0'])
Starting state: 4
Accepting states: ['1']
Transition function:
	1	11	12	4
1 	11	12	1	11
0 	12	1	11	12
Current state: 4
Currently accepting: False

Precision: 1.0000 Recall: 1.0000 Accuracy: 1.0000 F1: 1.0000


--------------------------------------------------------------------
Begin DFA extraction with n_state:14
Done fitting takes time: 0.8080
==Minimized===

This DFA has 4 states
States: ['1', '12', '11', '4']
Alphabet: set(['1', '0'])
Starting state: 4
Accepting states: ['1']
Transition function:
	1	11	12	4
1 	11	12	1	11
0 	12	1	11	12
Current state: 4
Currently accepting: False

Precision: 1.0000 Recall: 1.0000 Accuracy: 1.0000 F1: 1.0000


--------------------------------------------------------------------
Begin DFA extraction with n_state:15
Done fitting takes time: 1.1106
==Minimized===

This DFA has 4 states
States: ['1', '12', '11', '4']
Alphabet: set(['1', '0'])
Starting state: 4
Accepting states: ['1']
Transition function:
	1	11	12	4
1 	11	12	1	11
0 	12	1	11	12
Current state: 4
Currently accepting: False

Precision: 1.0000 Recall: 1.0000 Accuracy: 1.0000 F1: 1.0000


--------------------------------------------------------------------
Begin DFA extraction with n_state:16
Done fitting takes time: 0.8115
==Minimized===

This DFA has 4 states
States: ['1', '12', '11', '4']
Alphabet: set(['1', '0'])
Starting state: 4
Accepting states: ['1']
Transition function:
	1	11	12	4
1 	11	12	1	11
0 	12	1	11	12
Current state: 4
Currently accepting: False

Precision: 1.0000 Recall: 1.0000 Accuracy: 1.0000 F1: 1.0000


--------------------------------------------------------------------
Begin DFA extraction with n_state:17
Done fitting takes time: 0.8331
==Minimized===

This DFA has 4 states
States: ['1', '12', '11', '4']
Alphabet: set(['1', '0'])
Starting state: 4
Accepting states: ['1']
Transition function:
	1	11	12	4
1 	11	12	1	11
0 	12	1	11	12
Current state: 4
Currently accepting: False

Precision: 1.0000 Recall: 1.0000 Accuracy: 1.0000 F1: 1.0000


--------------------------------------------------------------------
Begin DFA extraction with n_state:18
Done fitting takes time: 2.3956
==Minimized===

This DFA has 4 states
States: ['13', '12', '11', '4']
Alphabet: set(['1', '0'])
Starting state: 4
Accepting states: ['13']
Transition function:
	11	12	13	4
1 	12	13	11	11
0 	13	11	12	12
Current state: 4
Currently accepting: False

Precision: 1.0000 Recall: 1.0000 Accuracy: 1.0000 F1: 1.0000


--------------------------------------------------------------------
Begin DFA extraction with n_state:19
Done fitting takes time: 0.8350
==Minimized===

This DFA has 4 states
States: ['13', '12', '11', '4']
Alphabet: set(['1', '0'])
Starting state: 4
Accepting states: ['13']
Transition function:
	11	12	13	4
1 	12	13	11	11
0 	13	11	12	12
Current state: 4
Currently accepting: False

Precision: 1.0000 Recall: 1.0000 Accuracy: 1.0000 F1: 1.0000
[ 0.  1.  1.  1.  1.  1.  1.  1.  1.  1.  1.  1.  1.  1.  1.  1.  1.  1.]


[[ 0.          0.          0.          0.          0.06104887  0.34608501
   0.33639144  0.33639144  0.45849228  0.01067493  0.127377    0.05886179
   0.14445425  0.41505616  0.45897155  0.46530906  0.31093638  0.01944065]
 [ 0.65071445  0.48811356  0.5622807   0.65071445  0.55447428  0.65071445
   0.65071445  0.65071445  0.58769714  0.65071445  0.65071445  0.65068727
   0.65068727  0.49503425  0.61659684  0.65077921  0.59863946  0.65073404]
 [ 0.          0.          0.          0.          0.          0.          0.
   0.          0.          0.          0.          0.          0.          0.
   0.          0.          0.          0.        ]
 [ 0.          0.          0.          0.          0.          0.          0.
   0.          0.          0.          0.          0.          0.          0.
   0.          0.          0.          0.        ]
 [ 0.          1.          1.          1.          1.          1.          1.
   1.          1.          1.          1.          1.          1.          1.
   1.          1.          1.          1.        ]
 [ 0.          1.          1.          1.          1.          1.          1.
   1.          1.          1.          1.          1.          1.          1.
   1.          1.          1.          1.        ]
 [ 0.          0.          0.          0.          0.          0.          0.
   0.          0.          0.          0.          0.          0.          0.
   0.          0.          0.          0.        ]
 [ 0.          0.          0.          0.          0.          0.          0.
   0.          0.          0.          0.          0.          0.          0.
   0.          0.          0.          0.        ]
 [ 0.          0.          0.          0.          0.          0.          0.
   0.          0.          0.          0.          0.          0.          0.
   0.          0.          0.          0.        ]]
