G:g6, model:SRN tanh, load all data and stored hidden activations


--------------------------------------------------------------------
Begin DFA extraction with n_state:2
Done fitting takes time: 1.0773
==Minimized===

This DFA has 1 states
States: ['1']
Alphabet: set(['1', '0'])
Starting state: 1
Accepting states: []
Transition function:
	1
1 	1
0 	1
Current state: 1
Currently accepting: False

Precision: 0.0000 Recall: 0.0000 Accuracy: 0.5177 F1: 0.0000


--------------------------------------------------------------------
Begin DFA extraction with n_state:3
Done fitting takes time: 1.9630
==Minimized===

This DFA has 1 states
States: ['1']
Alphabet: set(['1', '0'])
Starting state: 1
Accepting states: []
Transition function:
	1
1 	1
0 	1
Current state: 1
Currently accepting: False

Precision: 0.0000 Recall: 0.0000 Accuracy: 0.5177 F1: 0.0000


--------------------------------------------------------------------
Begin DFA extraction with n_state:4
Done fitting takes time: 1.9081
==Minimized===

This DFA has 1 states
States: ['1']
Alphabet: set(['1', '0'])
Starting state: 1
Accepting states: []
Transition function:
	1
1 	1
0 	1
Current state: 1
Currently accepting: False

Precision: 0.0000 Recall: 0.0000 Accuracy: 0.5177 F1: 0.0000


--------------------------------------------------------------------
Begin DFA extraction with n_state:5
Done fitting takes time: 0.8963
==Minimized===

This DFA has 1 states
States: ['1']
Alphabet: set(['1', '0'])
Starting state: 1
Accepting states: []
Transition function:
	1
1 	1
0 	1
Current state: 1
Currently accepting: False

Precision: 0.0000 Recall: 0.0000 Accuracy: 0.5177 F1: 0.0000


--------------------------------------------------------------------
Begin DFA extraction with n_state:6
Done fitting takes time: 1.7325
==Minimized===

This DFA has 2 states
States: ['1', '6']
Alphabet: set(['1', '0'])
Starting state: 1
Accepting states: ['1']
Transition function:
	1	6
1 	1	6
0 	6	6
Current state: 1
Currently accepting: True

Precision: 0.3636 Recall: 0.0007 Accuracy: 0.5175 F1: 0.0014


--------------------------------------------------------------------
Begin DFA extraction with n_state:7
Done fitting takes time: 1.9716
==Minimized===

This DFA has 3 states
States: ['2', '1', '3']
Alphabet: set(['1', '0'])
Starting state: 1
Accepting states: ['1', '3']
Transition function:
	1	2	3
1 	1	2	2
0 	3	2	2
Current state: 1
Currently accepting: True

Precision: 0.3810 Recall: 0.0014 Accuracy: 0.5173 F1: 0.0028


--------------------------------------------------------------------
Begin DFA extraction with n_state:8
Done fitting takes time: 2.1291
==Minimized===

This DFA has 3 states
States: ['2', '1', '3']
Alphabet: set(['1', '0'])
Starting state: 1
Accepting states: ['1', '3']
Transition function:
	1	2	3
1 	1	2	2
0 	3	3	2
Current state: 1
Currently accepting: True

Precision: 0.4807 Recall: 0.3357 Accuracy: 0.5047 F1: 0.3953


--------------------------------------------------------------------
Begin DFA extraction with n_state:9
Done fitting takes time: 2.3921
==Minimized===

This DFA has 3 states
States: ['2', '1', '3']
Alphabet: set(['1', '0'])
Starting state: 1
Accepting states: ['1', '3']
Transition function:
	1	2	3
1 	1	2	2
0 	3	3	2
Current state: 1
Currently accepting: True

Precision: 0.4807 Recall: 0.3357 Accuracy: 0.5047 F1: 0.3953


--------------------------------------------------------------------
Begin DFA extraction with n_state:10
Done fitting takes time: 2.0920
==Minimized===

This DFA has 3 states
States: ['2', '1', '3']
Alphabet: set(['1', '0'])
Starting state: 1
Accepting states: ['1', '3']
Transition function:
	1	2	3
1 	1	2	2
0 	3	3	2
Current state: 1
Currently accepting: True

Precision: 0.4807 Recall: 0.3357 Accuracy: 0.5047 F1: 0.3953


--------------------------------------------------------------------
Begin DFA extraction with n_state:11
Done fitting takes time: 1.8685
==Minimized===

This DFA has 2 states
States: ['1', '10']
Alphabet: set(['1', '0'])
Starting state: 1
Accepting states: ['1']
Transition function:
	1	10
1 	10	10
0 	10	10
Current state: 1
Currently accepting: True

Precision: 0.0000 Recall: 0.0000 Accuracy: 0.5177 F1: 0.0000


--------------------------------------------------------------------
Begin DFA extraction with n_state:12
Done fitting takes time: 2.2308
==Minimized===

This DFA has 1 states
States: ['12']
Alphabet: set(['1', '0'])
Starting state: 12
Accepting states: []
Transition function:
	12
1 	12
0 	12
Current state: 12
Currently accepting: False

Precision: 0.0000 Recall: 0.0000 Accuracy: 0.5177 F1: 0.0000


--------------------------------------------------------------------
Begin DFA extraction with n_state:13
Done fitting takes time: 2.2137
==Minimized===

This DFA has 1 states
States: ['12']
Alphabet: set(['1', '0'])
Starting state: 12
Accepting states: []
Transition function:
	12
1 	12
0 	12
Current state: 12
Currently accepting: False

Precision: 0.0000 Recall: 0.0000 Accuracy: 0.5177 F1: 0.0000


--------------------------------------------------------------------
Begin DFA extraction with n_state:14
Done fitting takes time: 0.9281
==Minimized===

This DFA has 2 states
States: ['1', '12']
Alphabet: set(['1', '0'])
Starting state: 1
Accepting states: ['1']
Transition function:
	1	12
1 	12	12
0 	12	12
Current state: 1
Currently accepting: True

Precision: 0.0000 Recall: 0.0000 Accuracy: 0.5177 F1: 0.0000


--------------------------------------------------------------------
Begin DFA extraction with n_state:15
Done fitting takes time: 0.9437
==Minimized===

This DFA has 7 states
States: ['1', '7', '8', '9', '6', '12', '15']
Alphabet: set(['1', '0'])
Starting state: 1
Accepting states: ['1', '7', '8']
Transition function:
	1	12	15	6	7	8	9
1 	12	6	15	9	8	8	15
0 	12	6	15	9	7	15	7
Current state: 1
Currently accepting: True

Precision: 0.4589 Recall: 0.0166 Accuracy: 0.5163 F1: 0.0320


--------------------------------------------------------------------
Begin DFA extraction with n_state:16
Done fitting takes time: 2.0978
==Minimized===

This DFA has 7 states
States: ['8', '5', '9', '6', '12', '15', '1']
Alphabet: set(['1', '0'])
Starting state: 1
Accepting states: ['8']
Transition function:
	1	12	15	5	6	8	9
1 	12	6	15	8	9	8	5
0 	12	6	15	5	9	15	5
Current state: 1
Currently accepting: False

Precision: 0.4543 Recall: 0.0260 Accuracy: 0.5152 F1: 0.0491


--------------------------------------------------------------------
Begin DFA extraction with n_state:17
Done fitting takes time: 2.1422
==Minimized===

This DFA has 7 states
States: ['15', '6', '12', '17', '5', '1', '7']
Alphabet: set(['1', '0'])
Starting state: 1
Accepting states: ['15', '1', '7']
Transition function:
	1	12	15	17	5	6	7
1 	12	6	15	5	5	7	5
0 	12	6	15	5	15	17	5
Current state: 1
Currently accepting: True

Precision: 0.4832 Recall: 0.9923 Accuracy: 0.4845 F1: 0.6500


--------------------------------------------------------------------
Begin DFA extraction with n_state:18
Done fitting takes time: 1.7082
==Minimized===

This DFA has 5 states
States: ['15', '1', '5', '12', '6']
Alphabet: set(['1', '0'])
Starting state: 1
Accepting states: ['15', '1']
Transition function:
	1	12	15	5	6
1 	12	6	15	5	5
0 	12	6	15	15	5
Current state: 1
Currently accepting: True

Precision: 0.4829 Recall: 0.9956 Accuracy: 0.4837 F1: 0.6504


--------------------------------------------------------------------
Begin DFA extraction with n_state:19
Done fitting takes time: 2.7899
==Minimized===

This DFA has 7 states
States: ['18', '17', '5', '6', '12', '15', '1']
Alphabet: set(['1', '0'])
Starting state: 1
Accepting states: ['17', '18', '5']
Transition function:
	1	12	15	17	18	5	6
1 	12	6	15	5	15	5	17
0 	12	6	15	18	15	15	17
Current state: 1
Currently accepting: False

Precision: 0.3768 Recall: 0.0045 Accuracy: 0.5163 F1: 0.0090
[ 0.          0.          0.          0.          0.00139155  0.00277826
  0.39527963  0.39527963  0.39527963  0.          0.          0.          0.
  0.03195963  0.04912628  0.6499629   0.65035005  0.00895471]


[[ 0.          0.39459292  0.          0.02211637  0.12667369  0.          0.
   0.00277874  0.48168179  0.48168179  0.48168179  0.19006778  0.65071445
   0.65071445  0.09881546  0.65071445  0.02211637  0.61659278]
 [ 0.          0.          0.          0.          0.00139155  0.00277826
   0.39527963  0.39527963  0.39527963  0.          0.          0.          0.
   0.03195963  0.04912628  0.6499629   0.65035005  0.00895471]
 [ 0.          0.          0.          0.          0.          0.          0.
   0.          0.          0.          0.          0.          0.          0.
   0.          0.          0.          0.        ]
 [ 0.          0.          0.          0.          0.          0.          0.
   0.          0.          0.          0.          0.          0.          0.
   0.          0.          0.          0.        ]
 [ 0.          0.          0.          0.          0.          0.          0.
   0.          0.          0.          0.          0.          0.          0.
   0.          0.          0.          0.        ]
 [ 0.          0.          0.          0.          0.          0.          0.
   0.          0.          0.          0.          0.          0.          0.
   0.          0.          0.          0.        ]
 [ 0.          0.          0.          0.          0.          0.          0.
   0.          0.          0.          0.          0.          0.          0.
   0.          0.          0.          0.        ]
 [ 0.          0.          0.          0.          0.          0.          0.
   0.          0.          0.          0.          0.          0.          0.
   0.          0.          0.          0.        ]
 [ 0.          0.          0.          0.          0.          0.          0.
   0.          0.          0.          0.          0.          0.          0.
   0.          0.          0.          0.        ]]
