G:g6, model:O2 sigmoid, load all data and stored hidden activations


--------------------------------------------------------------------
Begin DFA extraction with n_state:2
Done fitting takes time: 1.0751
==Minimized===

This DFA has 1 states
States: ['1']
Alphabet: set(['1', '0'])
Starting state: 1
Accepting states: []
Transition function:
	1
1 	1
0 	1
Current state: 1
Currently accepting: False

Precision: 0.0000 Recall: 0.0000 Accuracy: 0.5177 F1: 0.0000


--------------------------------------------------------------------
Begin DFA extraction with n_state:3
Done fitting takes time: 0.9964
==Minimized===

This DFA has 3 states
States: ['1', '3', '2']
Alphabet: set(['1', '0'])
Starting state: 1
Accepting states: ['1']
Transition function:
	1	2	3
1 	2	3	1
0 	3	1	2
Current state: 1
Currently accepting: True

Precision: 1.0000 Recall: 1.0000 Accuracy: 1.0000 F1: 1.0000


--------------------------------------------------------------------
Begin DFA extraction with n_state:4
Done fitting takes time: 1.0098
==Minimized===

This DFA has 3 states
States: ['1', '3', '2']
Alphabet: set(['1', '0'])
Starting state: 1
Accepting states: ['1']
Transition function:
	1	2	3
1 	2	3	1
0 	3	1	2
Current state: 1
Currently accepting: True

Precision: 1.0000 Recall: 1.0000 Accuracy: 1.0000 F1: 1.0000


--------------------------------------------------------------------
Begin DFA extraction with n_state:5
Done fitting takes time: 1.3502
==Minimized===

This DFA has 4 states
States: ['1', '5', '3', '2']
Alphabet: set(['1', '0'])
Starting state: 3
Accepting states: ['1']
Transition function:
	1	2	3	5
1 	2	5	2	1
0 	5	1	5	2
Current state: 3
Currently accepting: False

Precision: 1.0000 Recall: 1.0000 Accuracy: 1.0000 F1: 1.0000


--------------------------------------------------------------------
Begin DFA extraction with n_state:6
Done fitting takes time: 1.7838
==Minimized===

This DFA has 4 states
States: ['1', '5', '3', '2']
Alphabet: set(['1', '0'])
Starting state: 3
Accepting states: ['1']
Transition function:
	1	2	3	5
1 	2	5	2	1
0 	5	1	5	2
Current state: 3
Currently accepting: False

Precision: 1.0000 Recall: 1.0000 Accuracy: 1.0000 F1: 1.0000


--------------------------------------------------------------------
Begin DFA extraction with n_state:7
Done fitting takes time: 0.9192
==Minimized===

This DFA has 4 states
States: ['1', '5', '3', '2']
Alphabet: set(['1', '0'])
Starting state: 3
Accepting states: ['1']
Transition function:
	1	2	3	5
1 	2	5	2	1
0 	5	1	5	2
Current state: 3
Currently accepting: False

Precision: 1.0000 Recall: 1.0000 Accuracy: 1.0000 F1: 1.0000


--------------------------------------------------------------------
Begin DFA extraction with n_state:8
Done fitting takes time: 1.3895
==Minimized===

This DFA has 4 states
States: ['1', '5', '3', '2']
Alphabet: set(['1', '0'])
Starting state: 3
Accepting states: ['1']
Transition function:
	1	2	3	5
1 	2	5	2	1
0 	5	1	5	2
Current state: 3
Currently accepting: False

Precision: 1.0000 Recall: 1.0000 Accuracy: 1.0000 F1: 1.0000


--------------------------------------------------------------------
Begin DFA extraction with n_state:9
Done fitting takes time: 0.9151
==Minimized===

This DFA has 4 states
States: ['1', '5', '3', '2']
Alphabet: set(['1', '0'])
Starting state: 3
Accepting states: ['1']
Transition function:
	1	2	3	5
1 	2	5	2	1
0 	5	1	5	2
Current state: 3
Currently accepting: False

Precision: 1.0000 Recall: 1.0000 Accuracy: 1.0000 F1: 1.0000


--------------------------------------------------------------------
Begin DFA extraction with n_state:10
Done fitting takes time: 1.9870
==Minimized===

This DFA has 4 states
States: ['1', '5', '3', '2']
Alphabet: set(['1', '0'])
Starting state: 3
Accepting states: ['1']
Transition function:
	1	2	3	5
1 	2	5	2	1
0 	5	1	5	2
Current state: 3
Currently accepting: False

Precision: 1.0000 Recall: 1.0000 Accuracy: 1.0000 F1: 1.0000


--------------------------------------------------------------------
Begin DFA extraction with n_state:11
Done fitting takes time: 0.9358
==Minimized===

This DFA has 4 states
States: ['1', '5', '3', '2']
Alphabet: set(['1', '0'])
Starting state: 3
Accepting states: ['1']
Transition function:
	1	2	3	5
1 	2	5	2	1
0 	5	1	5	2
Current state: 3
Currently accepting: False

Precision: 1.0000 Recall: 1.0000 Accuracy: 1.0000 F1: 1.0000


--------------------------------------------------------------------
Begin DFA extraction with n_state:12
Done fitting takes time: 0.9452
==Minimized===

This DFA has 4 states
States: ['11', '5', '3', '2']
Alphabet: set(['1', '0'])
Starting state: 3
Accepting states: ['11']
Transition function:
	11	2	3	5
1 	2	5	2	11
0 	5	11	5	2
Current state: 3
Currently accepting: False

Precision: 1.0000 Recall: 1.0000 Accuracy: 1.0000 F1: 1.0000


--------------------------------------------------------------------
Begin DFA extraction with n_state:13
Done fitting takes time: 1.1113
==Minimized===

This DFA has 4 states
States: ['11', '13', '3', '2']
Alphabet: set(['1', '0'])
Starting state: 3
Accepting states: ['11']
Transition function:
	11	13	2	3
1 	2	11	13	2
0 	13	2	11	13
Current state: 3
Currently accepting: False

Precision: 1.0000 Recall: 1.0000 Accuracy: 1.0000 F1: 1.0000


--------------------------------------------------------------------
Begin DFA extraction with n_state:14
Done fitting takes time: 2.9750
==Minimized===

This DFA has 4 states
States: ['11', '13', '3', '2']
Alphabet: set(['1', '0'])
Starting state: 3
Accepting states: ['11']
Transition function:
	11	13	2	3
1 	2	11	13	2
0 	13	2	11	13
Current state: 3
Currently accepting: False

Precision: 1.0000 Recall: 1.0000 Accuracy: 1.0000 F1: 1.0000


--------------------------------------------------------------------
Begin DFA extraction with n_state:15
Done fitting takes time: 2.7478
==Minimized===

This DFA has 4 states
States: ['11', '13', '3', '2']
Alphabet: set(['1', '0'])
Starting state: 3
Accepting states: ['11']
Transition function:
	11	13	2	3
1 	2	11	13	2
0 	13	2	11	13
Current state: 3
Currently accepting: False

Precision: 1.0000 Recall: 1.0000 Accuracy: 1.0000 F1: 1.0000


--------------------------------------------------------------------
Begin DFA extraction with n_state:16
Done fitting takes time: 0.9509
==Minimized===

This DFA has 4 states
States: ['11', '13', '3', '2']
Alphabet: set(['1', '0'])
Starting state: 3
Accepting states: ['11']
Transition function:
	11	13	2	3
1 	2	11	13	2
0 	13	2	11	13
Current state: 3
Currently accepting: False

Precision: 1.0000 Recall: 1.0000 Accuracy: 1.0000 F1: 1.0000


--------------------------------------------------------------------
Begin DFA extraction with n_state:17
Done fitting takes time: 1.4738
==Minimized===

This DFA has 4 states
States: ['11', '13', '3', '2']
Alphabet: set(['1', '0'])
Starting state: 3
Accepting states: ['11']
Transition function:
	11	13	2	3
1 	2	11	13	2
0 	13	2	11	13
Current state: 3
Currently accepting: False

Precision: 1.0000 Recall: 1.0000 Accuracy: 1.0000 F1: 1.0000


--------------------------------------------------------------------
Begin DFA extraction with n_state:18
Done fitting takes time: 1.0186
==Minimized===

This DFA has 4 states
States: ['11', '13', '18', '3']
Alphabet: set(['1', '0'])
Starting state: 3
Accepting states: ['11']
Transition function:
	11	13	18	3
1 	18	11	13	18
0 	13	18	11	13
Current state: 3
Currently accepting: False

Precision: 1.0000 Recall: 1.0000 Accuracy: 1.0000 F1: 1.0000


--------------------------------------------------------------------
Begin DFA extraction with n_state:19
Done fitting takes time: 3.2478
==Minimized===

This DFA has 4 states
States: ['11', '13', '18', '3']
Alphabet: set(['1', '0'])
Starting state: 3
Accepting states: ['11']
Transition function:
	11	13	18	3
1 	18	11	13	18
0 	13	18	11	13
Current state: 3
Currently accepting: False

Precision: 1.0000 Recall: 1.0000 Accuracy: 1.0000 F1: 1.0000
[ 0.  1.  1.  1.  1.  1.  1.  1.  1.  1.  1.  1.  1.  1.  1.  1.  1.  1.]


[[ 0.          0.          0.          0.06207345  0.          0.          0.
   0.          0.0638195   0.27790885  0.56364558  0.          0.53138891
   0.          0.51129549  0.          0.21134868  0.59103699]
 [ 0.          0.          0.          0.61650546  0.53599628  0.60446247
   0.56139064  0.56139064  0.          0.65078825  0.5622167   0.60462072
   0.60462072  0.65070902  0.5625      0.63695549  0.60062206  0.58072205]
 [ 0.          1.          1.          1.          1.          1.          1.
   1.          1.          1.          1.          1.          1.          1.
   1.          1.          1.          1.        ]
 [ 0.          0.          0.          0.          0.          0.          0.
   0.          0.          0.          0.          0.          0.          0.
   0.          0.          0.          0.        ]
 [ 0.          1.          1.          1.          1.          1.          1.
   1.          1.          1.          1.          1.          1.          1.
   1.          1.          1.          1.        ]
 [ 0.          0.          1.          1.          1.          1.          1.
   1.          1.          1.          1.          1.          1.          1.
   1.          1.          1.          1.        ]
 [ 0.          0.          0.          0.          0.          0.          0.
   0.          0.          0.          0.          0.          0.          0.
   0.          0.          0.          0.        ]
 [ 0.          0.          0.          0.          0.          0.          0.
   0.          0.          0.          0.          0.          0.          0.
   0.          0.          0.          0.        ]
 [ 0.          0.          0.          0.          0.          0.          0.
   0.          0.          0.          0.          0.          0.          0.
   0.          0.          0.          0.        ]]
