G:g6, model:SRN sigmoid, load all data and stored hidden activations


--------------------------------------------------------------------
Begin DFA extraction with n_state:2
Done fitting takes time: 1.4660
==Minimized===

This DFA has 1 states
States: ['1']
Alphabet: set(['1', '0'])
Starting state: 1
Accepting states: []
Transition function:
	1
1 	1
0 	1
Current state: 1
Currently accepting: False

Precision: 0.0000 Recall: 0.0000 Accuracy: 0.5177 F1: 0.0000


--------------------------------------------------------------------
Begin DFA extraction with n_state:3
Done fitting takes time: 1.1390
==Minimized===

This DFA has 1 states
States: ['1']
Alphabet: set(['1', '0'])
Starting state: 1
Accepting states: []
Transition function:
	1
1 	1
0 	1
Current state: 1
Currently accepting: False

Precision: 0.0000 Recall: 0.0000 Accuracy: 0.5177 F1: 0.0000


--------------------------------------------------------------------
Begin DFA extraction with n_state:4
Done fitting takes time: 1.5580
==Minimized===

This DFA has 2 states
States: ['1', '3']
Alphabet: set(['1', '0'])
Starting state: 1
Accepting states: ['1']
Transition function:
	1	3
1 	1	3
0 	3	3
Current state: 1
Currently accepting: True

Precision: 0.3636 Recall: 0.0007 Accuracy: 0.5175 F1: 0.0014


--------------------------------------------------------------------
Begin DFA extraction with n_state:5
Done fitting takes time: 1.8557
==Minimized===

This DFA has 1 states
States: ['1']
Alphabet: set(['1', '0'])
Starting state: 1
Accepting states: []
Transition function:
	1
1 	1
0 	1
Current state: 1
Currently accepting: False

Precision: 0.0000 Recall: 0.0000 Accuracy: 0.5177 F1: 0.0000


--------------------------------------------------------------------
Begin DFA extraction with n_state:6
Done fitting takes time: 1.9450
==Minimized===

This DFA has 1 states
States: ['1']
Alphabet: set(['1', '0'])
Starting state: 1
Accepting states: []
Transition function:
	1
1 	1
0 	1
Current state: 1
Currently accepting: False

Precision: 0.0000 Recall: 0.0000 Accuracy: 0.5177 F1: 0.0000


--------------------------------------------------------------------
Begin DFA extraction with n_state:7
Done fitting takes time: 1.2918
==Minimized===

This DFA has 2 states
States: ['1', '3']
Alphabet: set(['1', '0'])
Starting state: 1
Accepting states: ['1']
Transition function:
	1	3
1 	3	3
0 	3	3
Current state: 1
Currently accepting: True

Precision: 0.0000 Recall: 0.0000 Accuracy: 0.5177 F1: 0.0000


--------------------------------------------------------------------
Begin DFA extraction with n_state:8
Done fitting takes time: 1.7467
==Minimized===

This DFA has 1 states
States: ['7']
Alphabet: set(['1', '0'])
Starting state: 7
Accepting states: []
Transition function:
	7
1 	7
0 	7
Current state: 7
Currently accepting: False

Precision: 0.0000 Recall: 0.0000 Accuracy: 0.5177 F1: 0.0000


--------------------------------------------------------------------
Begin DFA extraction with n_state:9
Done fitting takes time: 0.8884
==Minimized===

This DFA has 1 states
States: ['3']
Alphabet: set(['1', '0'])
Starting state: 3
Accepting states: []
Transition function:
	3
1 	3
0 	3
Current state: 3
Currently accepting: False

Precision: 0.0000 Recall: 0.0000 Accuracy: 0.5177 F1: 0.0000


--------------------------------------------------------------------
Begin DFA extraction with n_state:10
Done fitting takes time: 1.3006
==Minimized===

This DFA has 5 states
States: ['5', '4', '7', '10', '3']
Alphabet: set(['1', '0'])
Starting state: 4
Accepting states: ['5', '4', '7']
Transition function:
	10	3	4	5	7
1 	10	5	3	7	10
0 	10	4	3	3	4
Current state: 4
Currently accepting: True

Precision: 0.4884 Recall: 0.2673 Accuracy: 0.5116 F1: 0.3455


--------------------------------------------------------------------
Begin DFA extraction with n_state:11
Done fitting takes time: 0.9636
==Minimized===

This DFA has 2 states
States: ['8', '3']
Alphabet: set(['1', '0'])
Starting state: 8
Accepting states: ['8']
Transition function:
	3	8
1 	3	3
0 	3	3
Current state: 8
Currently accepting: True

Precision: 0.0000 Recall: 0.0000 Accuracy: 0.5177 F1: 0.0000


--------------------------------------------------------------------
Begin DFA extraction with n_state:12
Done fitting takes time: 2.2631
==Minimized===

This DFA has 10 states
States: ['12', '7', '6', '1', '10', '2', '3', '9', '11', '8']
Alphabet: set(['1', '0'])
Starting state: 8
Accepting states: ['11', '12', '1', '7', '6', '8']
Transition function:
	1	10	11	12	2	3	6	7	8	9
1 	2	10	9	7	9	12	9	10	3	1
0 	2	10	9	3	6	12	6	11	3	6
Current state: 8
Currently accepting: True

Precision: 0.4767 Recall: 0.2903 Accuracy: 0.5040 F1: 0.3609


--------------------------------------------------------------------
Begin DFA extraction with n_state:13
Done fitting takes time: 2.5567
==Minimized===

This DFA has 4 states
States: ['12', '3', '11', '8']
Alphabet: set(['1', '0'])
Starting state: 8
Accepting states: ['11', '8']
Transition function:
	11	12	3	8
1 	12	12	11	3
0 	3	12	11	3
Current state: 8
Currently accepting: True

Precision: 0.4662 Recall: 0.0108 Accuracy: 0.5170 F1: 0.0211


--------------------------------------------------------------------
Begin DFA extraction with n_state:14
Done fitting takes time: 0.9455
==Minimized===

This DFA has 7 states
States: ['7', '10', '12', '13', '3', '14', '8']
Alphabet: set(['1', '0'])
Starting state: 14
Accepting states: ['10', '12', '14', '7', '8']
Transition function:
	10	12	13	14	3	7	8
1 	10	7	10	3	12	8	13
0 	8	3	8	3	12	14	13
Current state: 14
Currently accepting: True

Precision: 0.4868 Recall: 0.6708 Accuracy: 0.5002 F1: 0.5642


--------------------------------------------------------------------
Begin DFA extraction with n_state:15
Done fitting takes time: 1.6297
==Minimized===

This DFA has 7 states
States: ['10', '11', '3', '7', '14', '12', '5']
Alphabet: set(['1', '0'])
Starting state: 14
Accepting states: ['11', '10', '12', '14', '5']
Transition function:
	10	11	12	14	3	5	7
1 	10	7	7	3	14	7	5
0 	10	10	3	3	12	7	11
Current state: 14
Currently accepting: True

Precision: 0.4841 Recall: 0.8003 Accuracy: 0.4924 F1: 0.6033


--------------------------------------------------------------------
Begin DFA extraction with n_state:16
Done fitting takes time: 2.9760
==Minimized===

This DFA has 14 states
States: ['1', '6', '15', '7', '12', '8', '10', '13', '16', '3', '9', '11', '14', '2']
Alphabet: set(['1', '0'])
Starting state: 14
Accepting states: ['11', '10', '13', '12', '14', '1', '2', '6', '8']
Transition function:
	1	10	11	12	13	14	15	16	2	3	6	7	8	9
1 	15	10	16	7	8	3	13	1	9	14	9	10	15	9
0 	2	7	16	16	1	3	15	11	9	12	6	12	15	6
Current state: 14
Currently accepting: True

Precision: 0.4781 Recall: 0.5202 Accuracy: 0.4947 F1: 0.4982


--------------------------------------------------------------------
Begin DFA extraction with n_state:17
Done fitting takes time: 2.2640
==Minimized===

This DFA has 10 states
States: ['10', '8', '7', '16', '3', '11', '14', '12', '5', '4']
Alphabet: set(['1', '0'])
Starting state: 14
Accepting states: ['11', '12', '14', '5', '4', '8']
Transition function:
	10	11	12	14	16	3	4	5	7	8
1 	10	16	7	3	5	4	7	7	8	7
0 	10	16	16	3	11	12	3	7	11	10
Current state: 14
Currently accepting: True

Precision: 0.4864 Recall: 0.2393 Accuracy: 0.5113 F1: 0.3208


--------------------------------------------------------------------
Begin DFA extraction with n_state:18
Done fitting takes time: 2.4685
==Minimized===

This DFA has 8 states
States: ['13', '12', '10', '18', '3', '11', '15', '14']
Alphabet: set(['1', '0'])
Starting state: 14
Accepting states: ['11', '13', '12', '15', '14']
Transition function:
	10	11	12	13	14	15	18	3
1 	13	18	15	13	3	10	12	11
0 	15	18	18	15	3	10	11	12
Current state: 14
Currently accepting: True

Precision: 0.4831 Recall: 0.6494 Accuracy: 0.4959 F1: 0.5541


--------------------------------------------------------------------
Begin DFA extraction with n_state:19
Done fitting takes time: 2.9973
==Minimized===

This DFA has 13 states
States: ['19', '13', '15', '8', '1', '7', '18', '3', '11', '14', '10', '12', '5']
Alphabet: set(['1', '0'])
Starting state: 14
Accepting states: ['11', '10', '13', '12', '14', '19', '5', '8']
Transition function:
	1	10	11	12	13	14	15	18	19	3	5	7	8
1 	1	7	18	7	15	3	13	5	13	11	7	10	15
0 	1	15	18	18	8	3	19	11	1	12	7	8	15
Current state: 14
Currently accepting: True

Precision: 0.4773 Recall: 0.3092 Accuracy: 0.5035 F1: 0.3753
[ 0.          0.          0.00139155  0.          0.          0.          0.
  0.          0.34553441  0.          0.36087945  0.02112076  0.5641627
  0.60325801  0.49824737  0.32075692  0.55405204  0.37525119]


[[ 0.          0.          0.00139155  0.          0.          0.          0.
   0.          0.34553441  0.          0.36087945  0.02112076  0.5641627
   0.60325801  0.49824737  0.32075692  0.55405204  0.37525119]
 [ 0.          0.          0.          0.          0.          0.          0.
   0.          0.          0.          0.          0.          0.          0.
   0.          0.          0.          0.        ]
 [ 0.          0.          0.          0.          0.          0.          0.
   0.          0.          0.          0.          0.          0.          0.
   0.          0.          0.          0.        ]
 [ 0.          0.          0.          0.          0.          0.          0.
   0.          0.          0.          0.          0.          0.          0.
   0.          0.          0.          0.        ]
 [ 0.          0.          0.          0.          0.          0.          0.
   0.          0.          0.          0.          0.          0.          0.
   0.          0.          0.          0.        ]
 [ 0.          0.          0.          0.          0.          0.          0.
   0.          0.          0.          0.          0.          0.          0.
   0.          0.          0.          0.        ]
 [ 0.          0.          0.          0.          0.          0.          0.
   0.          0.          0.          0.          0.          0.          0.
   0.          0.          0.          0.        ]
 [ 0.          0.          0.          0.          0.          0.          0.
   0.          0.          0.          0.          0.          0.          0.
   0.          0.          0.          0.        ]
 [ 0.          0.          0.          0.          0.          0.          0.
   0.          0.          0.          0.          0.          0.          0.
   0.          0.          0.          0.        ]]
