G:g6, model:LSTM tanh, load all data and stored hidden activations


--------------------------------------------------------------------
Begin DFA extraction with n_state:2
Done fitting takes time: 1.5689
==Minimized===

This DFA has 1 states
States: ['2']
Alphabet: set(['1', '0'])
Starting state: 2
Accepting states: []
Transition function:
	2
1 	2
0 	2
Current state: 2
Currently accepting: False

Precision: 0.0000 Recall: 0.0000 Accuracy: 0.5177 F1: 0.0000


--------------------------------------------------------------------
Begin DFA extraction with n_state:3
Done fitting takes time: 1.7334
==Minimized===

This DFA has 1 states
States: ['2']
Alphabet: set(['1', '0'])
Starting state: 2
Accepting states: []
Transition function:
	2
1 	2
0 	2
Current state: 2
Currently accepting: False

Precision: 0.0000 Recall: 0.0000 Accuracy: 0.5177 F1: 0.0000


--------------------------------------------------------------------
Begin DFA extraction with n_state:4
Done fitting takes time: 0.9669
==Minimized===

This DFA has 1 states
States: ['4']
Alphabet: set(['1', '0'])
Starting state: 4
Accepting states: []
Transition function:
	4
1 	4
0 	4
Current state: 4
Currently accepting: False

Precision: 0.0000 Recall: 0.0000 Accuracy: 0.5177 F1: 0.0000


--------------------------------------------------------------------
Begin DFA extraction with n_state:5
Done fitting takes time: 2.0206
==Minimized===

This DFA has 1 states
States: ['4']
Alphabet: set(['1', '0'])
Starting state: 4
Accepting states: []
Transition function:
	4
1 	4
0 	4
Current state: 4
Currently accepting: False

Precision: 0.0000 Recall: 0.0000 Accuracy: 0.5177 F1: 0.0000


--------------------------------------------------------------------
Begin DFA extraction with n_state:6
Done fitting takes time: 1.0666
==Minimized===

This DFA has 1 states
States: ['4']
Alphabet: set(['1', '0'])
Starting state: 4
Accepting states: []
Transition function:
	4
1 	4
0 	4
Current state: 4
Currently accepting: False

Precision: 0.0000 Recall: 0.0000 Accuracy: 0.5177 F1: 0.0000


--------------------------------------------------------------------
Begin DFA extraction with n_state:7
Done fitting takes time: 2.7283
==Minimized===

This DFA has 1 states
States: ['4']
Alphabet: set(['1', '0'])
Starting state: 4
Accepting states: []
Transition function:
	4
1 	4
0 	4
Current state: 4
Currently accepting: False

Precision: 0.0000 Recall: 0.0000 Accuracy: 0.5177 F1: 0.0000


--------------------------------------------------------------------
Begin DFA extraction with n_state:8
Done fitting takes time: 2.0524
==Minimized===

This DFA has 1 states
States: ['4']
Alphabet: set(['1', '0'])
Starting state: 4
Accepting states: []
Transition function:
	4
1 	4
0 	4
Current state: 4
Currently accepting: False

Precision: 0.0000 Recall: 0.0000 Accuracy: 0.5177 F1: 0.0000


--------------------------------------------------------------------
Begin DFA extraction with n_state:9
Done fitting takes time: 1.0038
==Minimized===

This DFA has 1 states
States: ['4']
Alphabet: set(['1', '0'])
Starting state: 4
Accepting states: []
Transition function:
	4
1 	4
0 	4
Current state: 4
Currently accepting: False

Precision: 0.0000 Recall: 0.0000 Accuracy: 0.5177 F1: 0.0000


--------------------------------------------------------------------
Begin DFA extraction with n_state:10
Done fitting takes time: 2.2253
==Minimized===

This DFA has 1 states
States: ['4']
Alphabet: set(['1', '0'])
Starting state: 4
Accepting states: []
Transition function:
	4
1 	4
0 	4
Current state: 4
Currently accepting: False

Precision: 0.0000 Recall: 0.0000 Accuracy: 0.5177 F1: 0.0000


--------------------------------------------------------------------
Begin DFA extraction with n_state:11
Done fitting takes time: 2.1741
==Minimized===

This DFA has 3 states
States: ['2', '11', '4']
Alphabet: set(['1', '0'])
Starting state: 4
Accepting states: ['11', '4']
Transition function:
	11	2	4
1 	2	2	4
0 	11	2	11
Current state: 4
Currently accepting: True

Precision: 0.4531 Recall: 0.0051 Accuracy: 0.5172 F1: 0.0100


--------------------------------------------------------------------
Begin DFA extraction with n_state:12
Done fitting takes time: 0.9696
==Minimized===

This DFA has 3 states
States: ['2', '11', '4']
Alphabet: set(['1', '0'])
Starting state: 4
Accepting states: ['11', '4']
Transition function:
	11	2	4
1 	2	2	4
0 	11	2	11
Current state: 4
Currently accepting: True

Precision: 0.4531 Recall: 0.0051 Accuracy: 0.5172 F1: 0.0100


--------------------------------------------------------------------
Begin DFA extraction with n_state:13
Done fitting takes time: 2.7145
==Minimized===

This DFA has 3 states
States: ['2', '11', '4']
Alphabet: set(['1', '0'])
Starting state: 4
Accepting states: ['11', '4']
Transition function:
	11	2	4
1 	2	2	4
0 	11	2	11
Current state: 4
Currently accepting: True

Precision: 0.4531 Recall: 0.0051 Accuracy: 0.5172 F1: 0.0100


--------------------------------------------------------------------
Begin DFA extraction with n_state:14
Done fitting takes time: 2.2372
==Minimized===

This DFA has 3 states
States: ['11', '2', '4']
Alphabet: set(['1', '0'])
Starting state: 4
Accepting states: ['11']
Transition function:
	11	2	4
1 	2	2	11
0 	11	2	4
Current state: 4
Currently accepting: False

Precision: 0.3696 Recall: 0.0030 Accuracy: 0.5167 F1: 0.0059


--------------------------------------------------------------------
Begin DFA extraction with n_state:15
Done fitting takes time: 3.1631
==Minimized===

This DFA has 3 states
States: ['2', '11', '4']
Alphabet: set(['1', '0'])
Starting state: 4
Accepting states: ['11', '4']
Transition function:
	11	2	4
1 	2	2	4
0 	11	2	11
Current state: 4
Currently accepting: True

Precision: 0.4531 Recall: 0.0051 Accuracy: 0.5172 F1: 0.0100


--------------------------------------------------------------------
Begin DFA extraction with n_state:16
Done fitting takes time: 2.5894
==Minimized===

This DFA has 1 states
States: ['11']
Alphabet: set(['1', '0'])
Starting state: 11
Accepting states: []
Transition function:
	11
1 	11
0 	11
Current state: 11
Currently accepting: False

Precision: 0.0000 Recall: 0.0000 Accuracy: 0.5177 F1: 0.0000


--------------------------------------------------------------------
Begin DFA extraction with n_state:17
Done fitting takes time: 3.0749
==Minimized===

This DFA has 1 states
States: ['4']
Alphabet: set(['1', '0'])
Starting state: 4
Accepting states: []
Transition function:
	4
1 	4
0 	4
Current state: 4
Currently accepting: False

Precision: 0.0000 Recall: 0.0000 Accuracy: 0.5177 F1: 0.0000


--------------------------------------------------------------------
Begin DFA extraction with n_state:18
Done fitting takes time: 2.4765
==Minimized===

This DFA has 3 states
States: ['18', '11', '4']
Alphabet: set(['1', '0'])
Starting state: 4
Accepting states: ['11', '4']
Transition function:
	11	18	4
1 	18	18	4
0 	11	18	11
Current state: 4
Currently accepting: True

Precision: 0.4531 Recall: 0.0051 Accuracy: 0.5172 F1: 0.0100


--------------------------------------------------------------------
Begin DFA extraction with n_state:19
Done fitting takes time: 3.6016
==Minimized===

This DFA has 3 states
States: ['2', '11', '4']
Alphabet: set(['1', '0'])
Starting state: 4
Accepting states: ['11', '4']
Transition function:
	11	2	4
1 	2	2	4
0 	11	2	11
Current state: 4
Currently accepting: True

Precision: 0.4531 Recall: 0.0051 Accuracy: 0.5172 F1: 0.0100
[ 0.          0.          0.          0.          0.          0.          0.
  0.          0.          0.00999655  0.00999655  0.00999655  0.00587828
  0.00999655  0.          0.          0.00999655  0.00999655]


[[ 0.          0.          0.01439589  0.06207345  0.06207345  0.06207345
   0.          0.57744528  0.58477366  0.55447428  0.29064818  0.22062999
   0.27464174  0.1187905   0.          0.          0.31092338  0.59101909]
 [ 0.          0.5622807   0.65071445  0.48811356  0.          0.55447428
   0.51929993  0.4277468   0.32355985  0.42934677  0.39354772  0.37099711
   0.5802912   0.17988669  0.54956029  0.35083027  0.48332748  0.56721621]
 [ 0.          1.          1.          1.          1.          1.          1.
   1.          1.          1.          1.          1.          1.          1.
   1.          1.          1.          1.        ]
 [ 0.          1.          1.          1.          1.          1.          1.
   1.          1.          1.          1.          1.          1.          1.
   1.          1.          1.          1.        ]
 [ 0.          0.39060898  1.          1.          1.          1.          1.
   1.          1.          1.          1.          1.          1.          1.
   1.          1.          1.          1.        ]
 [ 0.          1.          1.          1.          1.          1.          1.
   1.          1.          1.          1.          1.          1.          1.
   1.          1.          1.          1.        ]
 [ 0.48811356  0.38968303  0.49118905  1.          1.          1.          1.
   1.          1.          1.          1.          1.          1.          1.
   1.          1.          1.          1.        ]
 [ 0.          0.          0.          0.          0.          0.          0.
   0.          0.          0.00999655  0.00999655  0.00999655  0.00587828
   0.00999655  0.          0.          0.00999655  0.00999655]
 [ 0.          0.          0.          0.          0.          0.          0.
   0.          0.          0.          0.          0.          0.          0.
   0.          0.          0.          0.        ]]
