Load data
RNN type: O2 Grammar: g6 Seed: 7
Model total parameters: 16562
Saving hinit ... 

Epoch 0: Time: 3.6290 Cost: 25.1811 Pre: 0.4700 Re: 0.3871 Acc: 0.5000 F1: 0.4245


--------------------------------------------------------------------
Eval results: Cost:25.0962 Pre:0.4865 Re:0.2435 Acc:0.4974 F1:0.3246
--------------------------------------------------------------------

Epoch 1: Time: 3.4858 Cost: 25.0111 Pre: 0.4918 Re: 0.1181 Acc: 0.5217 F1: 0.1904
Epoch 2: Time: 3.5883 Cost: 25.0174 Pre: 0.4917 Re: 0.1298 Acc: 0.5215 F1: 0.2054
Epoch 3: Time: 3.5729 Cost: 25.0160 Pre: 0.4770 Re: 0.1318 Acc: 0.5175 F1: 0.2065
Epoch 4: Time: 3.5271 Cost: 25.0140 Pre: 0.4770 Re: 0.1318 Acc: 0.5175 F1: 0.2065
Epoch 5: Time: 3.7783 Cost: 25.0117 Pre: 0.4754 Re: 0.1328 Acc: 0.5170 F1: 0.2076
Epoch 6: Time: 3.6200 Cost: 25.0094 Pre: 0.4742 Re: 0.1308 Acc: 0.5168 F1: 0.2051
Epoch 7: Time: 3.5732 Cost: 25.0073 Pre: 0.4742 Re: 0.1308 Acc: 0.5168 F1: 0.2051
Epoch 8: Time: 3.5033 Cost: 25.0052 Pre: 0.4752 Re: 0.1313 Acc: 0.5170 F1: 0.2058
Epoch 9: Time: 3.6076 Cost: 25.0032 Pre: 0.4728 Re: 0.1318 Acc: 0.5163 F1: 0.2061
Epoch 10: Time: 3.5610 Cost: 25.0014 Pre: 0.4738 Re: 0.1328 Acc: 0.5166 F1: 0.2074


--------------------------------------------------------------------
Eval results: Cost:25.0569 Pre:0.4865 Re:0.2435 Acc:0.4974 F1:0.3246
--------------------------------------------------------------------

Epoch 11: Time: 3.8881 Cost: 24.9875 Pre: 0.4907 Re: 0.1039 Acc: 0.5217 F1: 0.1715
Epoch 12: Time: 3.5897 Cost: 24.9942 Pre: 0.4893 Re: 0.1230 Acc: 0.5210 F1: 0.1966
Epoch 13: Time: 3.5141 Cost: 24.9957 Pre: 0.4735 Re: 0.1313 Acc: 0.5166 F1: 0.2056
Epoch 14: Time: 3.5203 Cost: 24.9950 Pre: 0.4651 Re: 0.1274 Acc: 0.5145 F1: 0.2000
Epoch 15: Time: 3.5901 Cost: 24.9936 Pre: 0.4613 Re: 0.1225 Acc: 0.5138 F1: 0.1936
Epoch 16: Time: 3.6248 Cost: 24.9922 Pre: 0.4625 Re: 0.1210 Acc: 0.5142 F1: 0.1918
Epoch 17: Time: 3.4959 Cost: 24.9908 Pre: 0.4602 Re: 0.1191 Acc: 0.5138 F1: 0.1892
Epoch 18: Time: 3.6766 Cost: 24.9895 Pre: 0.4685 Re: 0.1166 Acc: 0.5161 F1: 0.1867
Epoch 19: Time: 3.7723 Cost: 24.9882 Pre: 0.4712 Re: 0.1161 Acc: 0.5168 F1: 0.1863
Epoch 20: Time: 3.6030 Cost: 24.9870 Pre: 0.4793 Re: 0.1191 Acc: 0.5187 F1: 0.1907


--------------------------------------------------------------------
Eval results: Cost:25.0597 Pre:0.4865 Re:0.2435 Acc:0.4974 F1:0.3246
--------------------------------------------------------------------

Epoch 21: Time: 3.6219 Cost: 24.9749 Pre: 0.4778 Re: 0.0951 Acc: 0.5194 F1: 0.1586
Epoch 22: Time: 3.6655 Cost: 24.9804 Pre: 0.4797 Re: 0.1156 Acc: 0.5189 F1: 0.1863
Epoch 23: Time: 3.5820 Cost: 24.9828 Pre: 0.4837 Re: 0.1235 Acc: 0.5196 F1: 0.1967
Epoch 24: Time: 3.5679 Cost: 24.9825 Pre: 0.4828 Re: 0.1240 Acc: 0.5194 F1: 0.1973
Epoch 25: Time: 3.5983 Cost: 24.9815 Pre: 0.4828 Re: 0.1240 Acc: 0.5194 F1: 0.1973
Epoch 26: Time: 3.5010 Cost: 24.9804 Pre: 0.4790 Re: 0.1230 Acc: 0.5184 F1: 0.1957
Epoch 27: Time: 3.7456 Cost: 24.9793 Pre: 0.4799 Re: 0.1230 Acc: 0.5187 F1: 0.1958
Epoch 28: Time: 3.5871 Cost: 24.9782 Pre: 0.4773 Re: 0.1235 Acc: 0.5180 F1: 0.1962
Epoch 29: Time: 3.6752 Cost: 24.9771 Pre: 0.4771 Re: 0.1225 Acc: 0.5180 F1: 0.1949
Epoch 30: Time: 3.6580 Cost: 24.9761 Pre: 0.4799 Re: 0.1230 Acc: 0.5187 F1: 0.1958


--------------------------------------------------------------------
Eval results: Cost:25.0589 Pre:0.4897 Re:0.1990 Acc:0.5000 F1:0.2830
--------------------------------------------------------------------

Epoch 31: Time: 3.6505 Cost: 24.9650 Pre: 0.4813 Re: 0.0818 Acc: 0.5205 F1: 0.1399
Epoch 32: Time: 3.6775 Cost: 24.9696 Pre: 0.4820 Re: 0.1181 Acc: 0.5194 F1: 0.1897
Epoch 33: Time: 3.6968 Cost: 24.9723 Pre: 0.4748 Re: 0.1200 Acc: 0.5175 F1: 0.1916
Epoch 34: Time: 3.6988 Cost: 24.9721 Pre: 0.4748 Re: 0.1200 Acc: 0.5175 F1: 0.1916
Epoch 35: Time: 3.9087 Cost: 24.9711 Pre: 0.4724 Re: 0.1215 Acc: 0.5168 F1: 0.1933
Epoch 36: Time: 3.7501 Cost: 24.9701 Pre: 0.4725 Re: 0.1220 Acc: 0.5168 F1: 0.1939
Epoch 37: Time: 3.6519 Cost: 24.9691 Pre: 0.4714 Re: 0.1210 Acc: 0.5166 F1: 0.1926
Epoch 38: Time: 3.5829 Cost: 24.9681 Pre: 0.4758 Re: 0.1205 Acc: 0.5177 F1: 0.1923
Epoch 39: Time: 3.5801 Cost: 24.9671 Pre: 0.4748 Re: 0.1200 Acc: 0.5175 F1: 0.1916
Epoch 40: Time: 3.5905 Cost: 24.9661 Pre: 0.4786 Re: 0.1205 Acc: 0.5184 F1: 0.1926


--------------------------------------------------------------------
Eval results: Cost:25.0560 Pre:0.4983 Re:0.1873 Acc:0.5035 F1:0.2723
--------------------------------------------------------------------

Epoch 41: Time: 3.7924 Cost: 24.9558 Pre: 0.4871 Re: 0.0926 Acc: 0.5212 F1: 0.1556
Epoch 42: Time: 3.6683 Cost: 24.9597 Pre: 0.4813 Re: 0.1132 Acc: 0.5194 F1: 0.1833
Epoch 43: Time: 3.5912 Cost: 24.9626 Pre: 0.4791 Re: 0.1181 Acc: 0.5187 F1: 0.1895
Epoch 44: Time: 3.5717 Cost: 24.9623 Pre: 0.4810 Re: 0.1181 Acc: 0.5191 F1: 0.1896
Epoch 45: Time: 3.6807 Cost: 24.9614 Pre: 0.4787 Re: 0.1156 Acc: 0.5187 F1: 0.1863
Epoch 46: Time: 3.5939 Cost: 24.9604 Pre: 0.4751 Re: 0.1171 Acc: 0.5177 F1: 0.1879
Epoch 47: Time: 3.6625 Cost: 24.9594 Pre: 0.4733 Re: 0.1171 Acc: 0.5173 F1: 0.1877
Epoch 48: Time: 3.5662 Cost: 24.9584 Pre: 0.4705 Re: 0.1171 Acc: 0.5166 F1: 0.1875
Epoch 49: Time: 3.5608 Cost: 24.9575 Pre: 0.4698 Re: 0.1181 Acc: 0.5163 F1: 0.1887
Epoch 50: Time: 3.7894 Cost: 24.9565 Pre: 0.4698 Re: 0.1181 Acc: 0.5163 F1: 0.1887


--------------------------------------------------------------------
Eval results: Cost:25.0523 Pre:0.4983 Re:0.1873 Acc:0.5035 F1:0.2723
--------------------------------------------------------------------

Epoch 51: Time: 3.6511 Cost: 24.9467 Pre: 0.4892 Re: 0.1107 Acc: 0.5212 F1: 0.1806
Epoch 52: Time: 3.5714 Cost: 24.9502 Pre: 0.4785 Re: 0.1200 Acc: 0.5184 F1: 0.1919
Epoch 53: Time: 3.5983 Cost: 24.9531 Pre: 0.4705 Re: 0.1210 Acc: 0.5163 F1: 0.1925
Epoch 54: Time: 3.6843 Cost: 24.9528 Pre: 0.4724 Re: 0.1215 Acc: 0.5168 F1: 0.1933
Epoch 55: Time: 3.5975 Cost: 24.9518 Pre: 0.4695 Re: 0.1205 Acc: 0.5161 F1: 0.1918
Epoch 56: Time: 3.7788 Cost: 24.9509 Pre: 0.4714 Re: 0.1210 Acc: 0.5166 F1: 0.1926
Epoch 57: Time: 3.6393 Cost: 24.9499 Pre: 0.4733 Re: 0.1215 Acc: 0.5170 F1: 0.1934
Epoch 58: Time: 3.5414 Cost: 24.9490 Pre: 0.4733 Re: 0.1215 Acc: 0.5170 F1: 0.1934
Epoch 59: Time: 3.5659 Cost: 24.9480 Pre: 0.4753 Re: 0.1225 Acc: 0.5175 F1: 0.1948
Epoch 60: Time: 3.5417 Cost: 24.9470 Pre: 0.4763 Re: 0.1230 Acc: 0.5177 F1: 0.1955


--------------------------------------------------------------------
Eval results: Cost:25.0482 Pre:0.4983 Re:0.1873 Acc:0.5035 F1:0.2723
--------------------------------------------------------------------

Epoch 61: Time: 3.4890 Cost: 24.9376 Pre: 0.4818 Re: 0.1235 Acc: 0.5191 F1: 0.1966
Epoch 62: Time: 3.6480 Cost: 24.9408 Pre: 0.4766 Re: 0.1249 Acc: 0.5177 F1: 0.1980
Epoch 63: Time: 3.6702 Cost: 24.9438 Pre: 0.4778 Re: 0.1264 Acc: 0.5180 F1: 0.1999
Epoch 64: Time: 3.6146 Cost: 24.9433 Pre: 0.4818 Re: 0.1298 Acc: 0.5189 F1: 0.2046
Epoch 65: Time: 3.7562 Cost: 24.9424 Pre: 0.4818 Re: 0.1293 Acc: 0.5189 F1: 0.2039
Epoch 66: Time: 3.6459 Cost: 24.9414 Pre: 0.4793 Re: 0.1303 Acc: 0.5182 F1: 0.2049
Epoch 67: Time: 3.6217 Cost: 24.9405 Pre: 0.4842 Re: 0.1352 Acc: 0.5194 F1: 0.2114
Epoch 68: Time: 3.6105 Cost: 24.9395 Pre: 0.4906 Re: 0.1406 Acc: 0.5210 F1: 0.2186
Epoch 69: Time: 3.4965 Cost: 24.9386 Pre: 0.4883 Re: 0.1436 Acc: 0.5203 F1: 0.2219
Epoch 70: Time: 3.4938 Cost: 24.9376 Pre: 0.4885 Re: 0.1455 Acc: 0.5203 F1: 0.2242


--------------------------------------------------------------------
Eval results: Cost:25.0439 Pre:0.4983 Re:0.1873 Acc:0.5035 F1:0.2723
--------------------------------------------------------------------

Epoch 71: Time: 3.6171 Cost: 24.9284 Pre: 0.4915 Re: 0.1416 Acc: 0.5212 F1: 0.2199
Epoch 72: Time: 3.5712 Cost: 24.9314 Pre: 0.4904 Re: 0.1494 Acc: 0.5208 F1: 0.2291
Epoch 73: Time: 3.6831 Cost: 24.9344 Pre: 0.4889 Re: 0.1514 Acc: 0.5203 F1: 0.2312
Epoch 74: Time: 3.6053 Cost: 24.9339 Pre: 0.4875 Re: 0.1524 Acc: 0.5198 F1: 0.2322
Epoch 75: Time: 3.5912 Cost: 24.9329 Pre: 0.4908 Re: 0.1568 Acc: 0.5208 F1: 0.2377
Epoch 76: Time: 3.6155 Cost: 24.9320 Pre: 0.4909 Re: 0.1592 Acc: 0.5208 F1: 0.2405
Epoch 77: Time: 3.6944 Cost: 24.9310 Pre: 0.4911 Re: 0.1617 Acc: 0.5208 F1: 0.2433
Epoch 78: Time: 3.5878 Cost: 24.9300 Pre: 0.4927 Re: 0.1651 Acc: 0.5212 F1: 0.2473
Epoch 79: Time: 3.5155 Cost: 24.9290 Pre: 0.4928 Re: 0.1676 Acc: 0.5212 F1: 0.2501
Epoch 80: Time: 3.6586 Cost: 24.9281 Pre: 0.4909 Re: 0.1720 Acc: 0.5205 F1: 0.2547


--------------------------------------------------------------------
Eval results: Cost:25.0391 Pre:0.5090 Re:0.2371 Acc:0.5083 F1:0.3235
--------------------------------------------------------------------

Epoch 81: Time: 3.5661 Cost: 24.9191 Pre: 0.5028 Re: 0.1739 Acc: 0.5245 F1: 0.2585
Epoch 82: Time: 3.5577 Cost: 24.9219 Pre: 0.4932 Re: 0.1779 Acc: 0.5212 F1: 0.2614
Epoch 83: Time: 3.5753 Cost: 24.9248 Pre: 0.4934 Re: 0.1818 Acc: 0.5212 F1: 0.2657
Epoch 84: Time: 3.5745 Cost: 24.9242 Pre: 0.4914 Re: 0.1823 Acc: 0.5205 F1: 0.2659
Epoch 85: Time: 3.5947 Cost: 24.9232 Pre: 0.4922 Re: 0.1852 Acc: 0.5208 F1: 0.2691
Epoch 86: Time: 3.7797 Cost: 24.9222 Pre: 0.4897 Re: 0.1857 Acc: 0.5198 F1: 0.2693
Epoch 87: Time: 3.6080 Cost: 24.9212 Pre: 0.4871 Re: 0.1857 Acc: 0.5189 F1: 0.2689
Epoch 88: Time: 3.5858 Cost: 24.9201 Pre: 0.4898 Re: 0.1877 Acc: 0.5198 F1: 0.2713
Epoch 89: Time: 3.4868 Cost: 24.9191 Pre: 0.4899 Re: 0.1896 Acc: 0.5198 F1: 0.2734
Epoch 90: Time: 3.5910 Cost: 24.9181 Pre: 0.4875 Re: 0.1916 Acc: 0.5189 F1: 0.2751


--------------------------------------------------------------------
Eval results: Cost:25.0336 Pre:0.5068 Re:0.2636 Acc:0.5077 F1:0.3468
--------------------------------------------------------------------

Epoch 91: Time: 3.6246 Cost: 24.9092 Pre: 0.4957 Re: 0.1979 Acc: 0.5219 F1: 0.2829
Epoch 92: Time: 3.6537 Cost: 24.9119 Pre: 0.4914 Re: 0.1970 Acc: 0.5203 F1: 0.2812
Epoch 93: Time: 3.6941 Cost: 24.9146 Pre: 0.4878 Re: 0.1960 Acc: 0.5189 F1: 0.2796
Epoch 94: Time: 3.5900 Cost: 24.9138 Pre: 0.4873 Re: 0.1975 Acc: 0.5187 F1: 0.2810
Epoch 95: Time: 4.1305 Cost: 24.9127 Pre: 0.4845 Re: 0.1989 Acc: 0.5175 F1: 0.2820
Epoch 96: Time: 3.6725 Cost: 24.9116 Pre: 0.4841 Re: 0.2019 Acc: 0.5173 F1: 0.2849
Epoch 97: Time: 3.5811 Cost: 24.9104 Pre: 0.4848 Re: 0.2033 Acc: 0.5175 F1: 0.2865
Epoch 98: Time: 3.5777 Cost: 24.9092 Pre: 0.4889 Re: 0.2058 Acc: 0.5191 F1: 0.2897
Epoch 99: Time: 3.5844 Cost: 24.9080 Pre: 0.4874 Re: 0.2082 Acc: 0.5184 F1: 0.2918
Epoch 100: Time: 3.5179 Cost: 24.9068 Pre: 0.4870 Re: 0.2107 Acc: 0.5182 F1: 0.2941


--------------------------------------------------------------------
Eval results: Cost:25.0271 Pre:0.4973 Re:0.3010 Acc:0.5026 F1:0.3751
--------------------------------------------------------------------

Epoch 101: Time: 3.5531 Cost: 24.8979 Pre: 0.5000 Re: 0.2200 Acc: 0.5236 F1: 0.3055
Epoch 102: Time: 3.5691 Cost: 24.9003 Pre: 0.4910 Re: 0.2146 Acc: 0.5198 F1: 0.2987
Epoch 103: Time: 3.6047 Cost: 24.9027 Pre: 0.4889 Re: 0.2151 Acc: 0.5189 F1: 0.2987
Epoch 104: Time: 3.4841 Cost: 24.9017 Pre: 0.4879 Re: 0.2171 Acc: 0.5184 F1: 0.3004
Epoch 105: Time: 3.5555 Cost: 24.9003 Pre: 0.4863 Re: 0.2171 Acc: 0.5177 F1: 0.3001
Epoch 106: Time: 3.5889 Cost: 24.8988 Pre: 0.4880 Re: 0.2185 Acc: 0.5184 F1: 0.3019
Epoch 107: Time: 3.6969 Cost: 24.8972 Pre: 0.4869 Re: 0.2185 Acc: 0.5180 F1: 0.3017
Epoch 108: Time: 3.5944 Cost: 24.8956 Pre: 0.4875 Re: 0.2190 Acc: 0.5182 F1: 0.3022
Epoch 109: Time: 3.5266 Cost: 24.8939 Pre: 0.4864 Re: 0.2190 Acc: 0.5177 F1: 0.3020
Epoch 110: Time: 3.7619 Cost: 24.8922 Pre: 0.4844 Re: 0.2200 Acc: 0.5168 F1: 0.3026


--------------------------------------------------------------------
Eval results: Cost:25.0188 Pre:0.4959 Re:0.3133 Acc:0.5016 F1:0.3840
--------------------------------------------------------------------

Epoch 111: Time: 3.7699 Cost: 24.8828 Pre: 0.5095 Re: 0.2362 Acc: 0.5278 F1: 0.3227
Epoch 112: Time: 3.5759 Cost: 24.8844 Pre: 0.4910 Re: 0.2268 Acc: 0.5196 F1: 0.3103
Epoch 113: Time: 3.5641 Cost: 24.8859 Pre: 0.4937 Re: 0.2288 Acc: 0.5208 F1: 0.3127
Epoch 114: Time: 3.5691 Cost: 24.8838 Pre: 0.4974 Re: 0.2317 Acc: 0.5224 F1: 0.3162
Epoch 115: Time: 3.5099 Cost: 24.8812 Pre: 0.4968 Re: 0.2313 Acc: 0.5222 F1: 0.3156
Epoch 116: Time: 3.5445 Cost: 24.8783 Pre: 0.4953 Re: 0.2317 Acc: 0.5215 F1: 0.3158
Epoch 117: Time: 3.6556 Cost: 24.8750 Pre: 0.4948 Re: 0.2322 Acc: 0.5212 F1: 0.3161
Epoch 118: Time: 3.9415 Cost: 24.8712 Pre: 0.4964 Re: 0.2347 Acc: 0.5219 F1: 0.3187
Epoch 119: Time: 3.6857 Cost: 24.8668 Pre: 0.4985 Re: 0.2376 Acc: 0.5229 F1: 0.3218
Epoch 120: Time: 3.5875 Cost: 24.8614 Pre: 0.5010 Re: 0.2420 Acc: 0.5240 F1: 0.3264


--------------------------------------------------------------------
Eval results: Cost:25.0023 Pre:0.5034 Re:0.3333 Acc:0.5064 F1:0.4011
--------------------------------------------------------------------

Epoch 121: Time: 3.4881 Cost: 24.8475 Pre: 0.5102 Re: 0.2455 Acc: 0.5282 F1: 0.3315
Epoch 122: Time: 3.6029 Cost: 24.8428 Pre: 0.5070 Re: 0.2489 Acc: 0.5268 F1: 0.3339
Epoch 123: Time: 3.6886 Cost: 24.8347 Pre: 0.5104 Re: 0.2533 Acc: 0.5285 F1: 0.3386
Epoch 124: Time: 3.7102 Cost: 24.8176 Pre: 0.5153 Re: 0.2558 Acc: 0.5308 F1: 0.3418
Epoch 125: Time: 3.6112 Cost: 24.7883 Pre: 0.5192 Re: 0.2587 Acc: 0.5327 F1: 0.3453
Epoch 126: Time: 3.6596 Cost: 24.7262 Pre: 0.5263 Re: 0.2646 Acc: 0.5362 F1: 0.3521
Epoch 127: Time: 3.5547 Cost: 24.4940 Pre: 0.5691 Re: 0.2964 Acc: 0.5579 F1: 0.3898
Epoch 128: Time: 3.4914 Cost: 18.4484 Pre: 0.9254 Re: 0.7354 Acc: 0.8457 F1: 0.8195
Epoch 129: Time: 3.5714 Cost: 3.0684 Pre: 0.9985 Re: 1.0000 Acc: 0.9993 F1: 0.9993
Epoch 130: Time: 3.7069 Cost: 0.6013 Pre: 0.9995 Re: 1.0000 Acc: 0.9998 F1: 0.9998


--------------------------------------------------------------------
Eval results: Cost:0.3063 Pre:0.9994 Re:1.0000 Acc:0.9997 F1:0.9997
--------------------------------------------------------------------

Epoch 131: Time: 3.7169 Cost: 0.2091 Pre: 0.9995 Re: 1.0000 Acc: 0.9998 F1: 0.9998
Epoch 132: Time: 3.6619 Cost: 0.0843 Pre: 1.0000 Re: 1.0000 Acc: 1.0000 F1: 1.0000
Epoch 133: Time: 3.6699 Cost: 0.0475 Pre: 1.0000 Re: 1.0000 Acc: 1.0000 F1: 1.0000
Epoch 134: Time: 3.5921 Cost: 0.0314 Pre: 1.0000 Re: 1.0000 Acc: 1.0000 F1: 1.0000
Epoch 135: Time: 3.5948 Cost: 0.0228 Pre: 1.0000 Re: 1.0000 Acc: 1.0000 F1: 1.0000
Epoch 136: Time: 3.5762 Cost: 0.0176 Pre: 1.0000 Re: 1.0000 Acc: 1.0000 F1: 1.0000
Epoch 137: Time: 3.6034 Cost: 0.0140 Pre: 1.0000 Re: 1.0000 Acc: 1.0000 F1: 1.0000
Epoch 138: Time: 3.6836 Cost: 0.0114 Pre: 1.0000 Re: 1.0000 Acc: 1.0000 F1: 1.0000
Epoch 139: Time: 3.7026 Cost: 0.0094 Pre: 1.0000 Re: 1.0000 Acc: 1.0000 F1: 1.0000
Epoch 140: Time: 3.7038 Cost: 0.0079 Pre: 1.0000 Re: 1.0000 Acc: 1.0000 F1: 1.0000


--------------------------------------------------------------------
Eval results: Cost:0.0055 Pre:1.0000 Re:1.0000 Acc:1.0000 F1:1.0000
--------------------------------------------------------------------

Epoch 141: Time: 3.5726 Cost: 0.0067 Pre: 1.0000 Re: 1.0000 Acc: 1.0000 F1: 1.0000
Epoch 142: Time: 3.6506 Cost: 0.0057 Pre: 1.0000 Re: 1.0000 Acc: 1.0000 F1: 1.0000
Epoch 143: Time: 3.5606 Cost: 0.0049 Pre: 1.0000 Re: 1.0000 Acc: 1.0000 F1: 1.0000
Epoch 144: Time: 3.5066 Cost: 0.0043 Pre: 1.0000 Re: 1.0000 Acc: 1.0000 F1: 1.0000
Epoch 145: Time: 3.5928 Cost: 0.0038 Pre: 1.0000 Re: 1.0000 Acc: 1.0000 F1: 1.0000
Epoch 146: Time: 3.7276 Cost: 0.0034 Pre: 1.0000 Re: 1.0000 Acc: 1.0000 F1: 1.0000
Epoch 147: Time: 3.4781 Cost: 0.0031 Pre: 1.0000 Re: 1.0000 Acc: 1.0000 F1: 1.0000
Epoch 148: Time: 3.6204 Cost: 0.0028 Pre: 1.0000 Re: 1.0000 Acc: 1.0000 F1: 1.0000
Epoch 149: Time: 3.5907 Cost: 0.0026 Pre: 1.0000 Re: 1.0000 Acc: 1.0000 F1: 1.0000
Epoch 150: Time: 3.5075 Cost: 0.0024 Pre: 1.0000 Re: 1.0000 Acc: 1.0000 F1: 1.0000


--------------------------------------------------------------------
Eval results: Cost:0.0018 Pre:1.0000 Re:1.0000 Acc:1.0000 F1:1.0000
--------------------------------------------------------------------

Epoch 151: Time: 3.6593 Cost: 0.0022 Pre: 1.0000 Re: 1.0000 Acc: 1.0000 F1: 1.0000
Epoch 152: Time: 3.5855 Cost: 0.0020 Pre: 1.0000 Re: 1.0000 Acc: 1.0000 F1: 1.0000
Epoch 153: Time: 3.5824 Cost: 0.0019 Pre: 1.0000 Re: 1.0000 Acc: 1.0000 F1: 1.0000
Epoch 154: Time: 3.6852 Cost: 0.0018 Pre: 1.0000 Re: 1.0000 Acc: 1.0000 F1: 1.0000
Epoch 155: Time: 3.4991 Cost: 0.0017 Pre: 1.0000 Re: 1.0000 Acc: 1.0000 F1: 1.0000
Epoch 156: Time: 3.5021 Cost: 0.0016 Pre: 1.0000 Re: 1.0000 Acc: 1.0000 F1: 1.0000
Epoch 157: Time: 3.6594 Cost: 0.0015 Pre: 1.0000 Re: 1.0000 Acc: 1.0000 F1: 1.0000
Epoch 158: Time: 3.6183 Cost: 0.0014 Pre: 1.0000 Re: 1.0000 Acc: 1.0000 F1: 1.0000
Epoch 159: Time: 3.5018 Cost: 0.0014 Pre: 1.0000 Re: 1.0000 Acc: 1.0000 F1: 1.0000
Epoch 160: Time: 3.8934 Cost: 0.0013 Pre: 1.0000 Re: 1.0000 Acc: 1.0000 F1: 1.0000


--------------------------------------------------------------------
Eval results: Cost:0.0010 Pre:1.0000 Re:1.0000 Acc:1.0000 F1:1.0000
--------------------------------------------------------------------

Epoch 161: Time: 3.6835 Cost: 0.0012 Pre: 1.0000 Re: 1.0000 Acc: 1.0000 F1: 1.0000
Epoch 162: Time: 3.6969 Cost: 0.0012 Pre: 1.0000 Re: 1.0000 Acc: 1.0000 F1: 1.0000
Epoch 163: Time: 3.7638 Cost: 0.0011 Pre: 1.0000 Re: 1.0000 Acc: 1.0000 F1: 1.0000
Epoch 164: Time: 3.6952 Cost: 0.0011 Pre: 1.0000 Re: 1.0000 Acc: 1.0000 F1: 1.0000
Epoch 165: Time: 3.6141 Cost: 0.0010 Pre: 1.0000 Re: 1.0000 Acc: 1.0000 F1: 1.0000
Epoch 166: Time: 3.5850 Cost: 0.0010 Pre: 1.0000 Re: 1.0000 Acc: 1.0000 F1: 1.0000
Epoch 167: Time: 3.6663 Cost: 0.0010 Pre: 1.0000 Re: 1.0000 Acc: 1.0000 F1: 1.0000
Epoch 168: Time: 3.7152 Cost: 0.0009 Pre: 1.0000 Re: 1.0000 Acc: 1.0000 F1: 1.0000
Epoch 169: Time: 3.4988 Cost: 0.0009 Pre: 1.0000 Re: 1.0000 Acc: 1.0000 F1: 1.0000
Epoch 170: Time: 3.5982 Cost: 0.0009 Pre: 1.0000 Re: 1.0000 Acc: 1.0000 F1: 1.0000


--------------------------------------------------------------------
Eval results: Cost:0.0007 Pre:1.0000 Re:1.0000 Acc:1.0000 F1:1.0000
--------------------------------------------------------------------

Epoch 171: Time: 3.5749 Cost: 0.0009 Pre: 1.0000 Re: 1.0000 Acc: 1.0000 F1: 1.0000
Epoch 172: Time: 3.5572 Cost: 0.0008 Pre: 1.0000 Re: 1.0000 Acc: 1.0000 F1: 1.0000
Epoch 173: Time: 3.5758 Cost: 0.0008 Pre: 1.0000 Re: 1.0000 Acc: 1.0000 F1: 1.0000
Epoch 174: Time: 3.4980 Cost: 0.0008 Pre: 1.0000 Re: 1.0000 Acc: 1.0000 F1: 1.0000
Epoch 175: Time: 3.5010 Cost: 0.0008 Pre: 1.0000 Re: 1.0000 Acc: 1.0000 F1: 1.0000
Epoch 176: Time: 4.1293 Cost: 0.0007 Pre: 1.0000 Re: 1.0000 Acc: 1.0000 F1: 1.0000
Epoch 177: Time: 3.7021 Cost: 0.0007 Pre: 1.0000 Re: 1.0000 Acc: 1.0000 F1: 1.0000
Epoch 178: Time: 3.5812 Cost: 0.0007 Pre: 1.0000 Re: 1.0000 Acc: 1.0000 F1: 1.0000
Epoch 179: Time: 3.5469 Cost: 0.0007 Pre: 1.0000 Re: 1.0000 Acc: 1.0000 F1: 1.0000
Epoch 180: Time: 3.5812 Cost: 0.0007 Pre: 1.0000 Re: 1.0000 Acc: 1.0000 F1: 1.0000


--------------------------------------------------------------------
Eval results: Cost:0.0005 Pre:1.0000 Re:1.0000 Acc:1.0000 F1:1.0000
--------------------------------------------------------------------

Early stopping...
--------------------------------------------------------------------
--------------------------------------------------------------------
Test 11898 samples take time: 19.3102
Test results: Cost:0.0005 Pre:1.0000 Re:1.0000 Acc:1.0000 F1:1.0000
--------------------------------------------------------------------

