Load data
RNN type: UNI Grammar: g6 Seed: 2
Model total parameters: 16206
Saving hinit ... 

Epoch 0: Time: 2.6083 Cost: 25.0933 Pre: 0.4577 Re: 0.2440 Acc: 0.5021 F1: 0.3183


--------------------------------------------------------------------
Eval results: Cost:25.0498 Pre:0.0000 Re:0.0000 Acc:0.5038 F1:0.0000
--------------------------------------------------------------------

Epoch 1: Time: 2.6074 Cost: 24.9736 Pre: 0.5196 Re: 0.0715 Acc: 0.5261 F1: 0.1258
Epoch 2: Time: 2.5894 Cost: 24.9940 Pre: 0.4792 Re: 0.1244 Acc: 0.5184 F1: 0.1976
Epoch 3: Time: 2.5777 Cost: 24.9906 Pre: 0.4727 Re: 0.1485 Acc: 0.5154 F1: 0.2260
Epoch 4: Time: 2.6101 Cost: 24.9881 Pre: 0.4823 Re: 0.1401 Acc: 0.5187 F1: 0.2172
Epoch 5: Time: 2.6303 Cost: 24.9872 Pre: 0.4892 Re: 0.1338 Acc: 0.5208 F1: 0.2101
Epoch 6: Time: 2.5972 Cost: 24.9866 Pre: 0.4822 Re: 0.1264 Acc: 0.5191 F1: 0.2003
Epoch 7: Time: 2.5808 Cost: 24.9861 Pre: 0.5149 Re: 0.1186 Acc: 0.5268 F1: 0.1928
Epoch 8: Time: 2.6568 Cost: 24.9856 Pre: 0.5231 Re: 0.1166 Acc: 0.5285 F1: 0.1907
Epoch 9: Time: 2.6085 Cost: 24.9852 Pre: 0.5233 Re: 0.1156 Acc: 0.5285 F1: 0.1894
Epoch 10: Time: 2.5764 Cost: 24.9847 Pre: 0.5243 Re: 0.1161 Acc: 0.5287 F1: 0.1901


--------------------------------------------------------------------
Eval results: Cost:25.0315 Pre:0.0000 Re:0.0000 Acc:0.5038 F1:0.0000
--------------------------------------------------------------------

Epoch 11: Time: 2.5508 Cost: 24.9667 Pre: 0.5113 Re: 0.1107 Acc: 0.5259 F1: 0.1820
Epoch 12: Time: 2.5388 Cost: 24.9824 Pre: 0.5074 Re: 0.1176 Acc: 0.5252 F1: 0.1909
Epoch 13: Time: 2.6086 Cost: 24.9834 Pre: 0.5223 Re: 0.1205 Acc: 0.5285 F1: 0.1959
Epoch 14: Time: 2.5247 Cost: 24.9828 Pre: 0.5261 Re: 0.1235 Acc: 0.5294 F1: 0.2000
Epoch 15: Time: 2.5505 Cost: 24.9823 Pre: 0.5216 Re: 0.1240 Acc: 0.5285 F1: 0.2003
Epoch 16: Time: 2.5350 Cost: 24.9818 Pre: 0.5156 Re: 0.1215 Acc: 0.5271 F1: 0.1967
Epoch 17: Time: 2.5400 Cost: 24.9813 Pre: 0.5133 Re: 0.1230 Acc: 0.5266 F1: 0.1984
Epoch 18: Time: 2.5262 Cost: 24.9808 Pre: 0.5112 Re: 0.1235 Acc: 0.5261 F1: 0.1989
Epoch 19: Time: 2.5464 Cost: 24.9802 Pre: 0.5070 Re: 0.1249 Acc: 0.5252 F1: 0.2005
Epoch 20: Time: 2.6096 Cost: 24.9797 Pre: 0.5070 Re: 0.1249 Acc: 0.5252 F1: 0.2005


--------------------------------------------------------------------
Eval results: Cost:25.0256 Pre:0.4865 Re:0.2435 Acc:0.4974 F1:0.3246
--------------------------------------------------------------------

Epoch 21: Time: 2.6146 Cost: 24.9636 Pre: 0.4977 Re: 0.1083 Acc: 0.5231 F1: 0.1779
Epoch 22: Time: 2.5924 Cost: 24.9750 Pre: 0.5020 Re: 0.1235 Acc: 0.5240 F1: 0.1982
Epoch 23: Time: 2.5767 Cost: 24.9774 Pre: 0.5051 Re: 0.1220 Acc: 0.5247 F1: 0.1965
Epoch 24: Time: 2.5714 Cost: 24.9776 Pre: 0.5041 Re: 0.1200 Acc: 0.5245 F1: 0.1939
Epoch 25: Time: 2.5621 Cost: 24.9772 Pre: 0.5041 Re: 0.1200 Acc: 0.5245 F1: 0.1939
Epoch 26: Time: 2.5973 Cost: 24.9767 Pre: 0.5041 Re: 0.1200 Acc: 0.5245 F1: 0.1939
Epoch 27: Time: 2.5815 Cost: 24.9762 Pre: 0.5041 Re: 0.1200 Acc: 0.5245 F1: 0.1939
Epoch 28: Time: 2.5810 Cost: 24.9756 Pre: 0.5041 Re: 0.1200 Acc: 0.5245 F1: 0.1939
Epoch 29: Time: 2.8400 Cost: 24.9751 Pre: 0.5041 Re: 0.1205 Acc: 0.5245 F1: 0.1945
Epoch 30: Time: 2.6167 Cost: 24.9746 Pre: 0.5041 Re: 0.1210 Acc: 0.5245 F1: 0.1952


--------------------------------------------------------------------
Eval results: Cost:25.0240 Pre:0.4871 Re:0.2435 Acc:0.4978 F1:0.3247
--------------------------------------------------------------------

Epoch 31: Time: 2.5376 Cost: 24.9599 Pre: 0.5011 Re: 0.1093 Acc: 0.5238 F1: 0.1794
Epoch 32: Time: 2.5383 Cost: 24.9689 Pre: 0.5000 Re: 0.1225 Acc: 0.5236 F1: 0.1968
Epoch 33: Time: 2.5336 Cost: 24.9720 Pre: 0.5040 Re: 0.1230 Acc: 0.5245 F1: 0.1977
Epoch 34: Time: 2.5240 Cost: 24.9725 Pre: 0.5040 Re: 0.1230 Acc: 0.5245 F1: 0.1977
Epoch 35: Time: 2.5406 Cost: 24.9721 Pre: 0.5030 Re: 0.1230 Acc: 0.5243 F1: 0.1976
Epoch 36: Time: 2.5385 Cost: 24.9716 Pre: 0.5030 Re: 0.1235 Acc: 0.5243 F1: 0.1983
Epoch 37: Time: 2.5930 Cost: 24.9711 Pre: 0.5030 Re: 0.1240 Acc: 0.5243 F1: 0.1989
Epoch 38: Time: 2.5736 Cost: 24.9705 Pre: 0.5030 Re: 0.1244 Acc: 0.5243 F1: 0.1995
Epoch 39: Time: 2.5386 Cost: 24.9700 Pre: 0.5029 Re: 0.1254 Acc: 0.5243 F1: 0.2008
Epoch 40: Time: 2.5435 Cost: 24.9694 Pre: 0.5029 Re: 0.1259 Acc: 0.5243 F1: 0.2014


--------------------------------------------------------------------
Eval results: Cost:25.0238 Pre:0.4871 Re:0.2435 Acc:0.4978 F1:0.3247
--------------------------------------------------------------------

Epoch 41: Time: 2.7692 Cost: 24.9558 Pre: 0.5011 Re: 0.1083 Acc: 0.5238 F1: 0.1781
Epoch 42: Time: 2.7577 Cost: 24.9632 Pre: 0.5010 Re: 0.1195 Acc: 0.5238 F1: 0.1930
Epoch 43: Time: 2.7589 Cost: 24.9667 Pre: 0.5029 Re: 0.1259 Acc: 0.5243 F1: 0.2014
Epoch 44: Time: 2.7399 Cost: 24.9672 Pre: 0.5039 Re: 0.1254 Acc: 0.5245 F1: 0.2009
Epoch 45: Time: 2.5772 Cost: 24.9669 Pre: 0.5050 Re: 0.1249 Acc: 0.5247 F1: 0.2003
Epoch 46: Time: 2.5549 Cost: 24.9663 Pre: 0.5030 Re: 0.1240 Acc: 0.5243 F1: 0.1989
Epoch 47: Time: 2.7396 Cost: 24.9657 Pre: 0.5010 Re: 0.1230 Acc: 0.5238 F1: 0.1975
Epoch 48: Time: 2.6608 Cost: 24.9652 Pre: 0.5010 Re: 0.1230 Acc: 0.5238 F1: 0.1975
Epoch 49: Time: 2.6395 Cost: 24.9646 Pre: 0.5010 Re: 0.1230 Acc: 0.5238 F1: 0.1975
Epoch 50: Time: 2.6959 Cost: 24.9640 Pre: 0.4990 Re: 0.1225 Acc: 0.5233 F1: 0.1967


--------------------------------------------------------------------
Eval results: Cost:25.0239 Pre:0.4871 Re:0.2435 Acc:0.4978 F1:0.3247
--------------------------------------------------------------------

Epoch 51: Time: 2.5382 Cost: 24.9511 Pre: 0.4989 Re: 0.1078 Acc: 0.5233 F1: 0.1773
Epoch 52: Time: 2.5300 Cost: 24.9575 Pre: 0.4980 Re: 0.1230 Acc: 0.5231 F1: 0.1972
Epoch 53: Time: 2.5432 Cost: 24.9612 Pre: 0.5000 Re: 0.1244 Acc: 0.5236 F1: 0.1993
Epoch 54: Time: 2.5296 Cost: 24.9617 Pre: 0.4951 Re: 0.1240 Acc: 0.5224 F1: 0.1983
Epoch 55: Time: 2.6052 Cost: 24.9613 Pre: 0.4990 Re: 0.1249 Acc: 0.5233 F1: 0.1998
Epoch 56: Time: 2.5274 Cost: 24.9607 Pre: 0.4990 Re: 0.1249 Acc: 0.5233 F1: 0.1998
Epoch 57: Time: 2.5491 Cost: 24.9601 Pre: 0.5000 Re: 0.1249 Acc: 0.5236 F1: 0.1999
Epoch 58: Time: 2.5331 Cost: 24.9595 Pre: 0.4990 Re: 0.1249 Acc: 0.5233 F1: 0.1998
Epoch 59: Time: 2.5263 Cost: 24.9589 Pre: 0.4971 Re: 0.1244 Acc: 0.5229 F1: 0.1991
Epoch 60: Time: 2.5437 Cost: 24.9583 Pre: 0.4990 Re: 0.1244 Acc: 0.5233 F1: 0.1992


--------------------------------------------------------------------
Eval results: Cost:25.0242 Pre:0.4871 Re:0.2435 Acc:0.4978 F1:0.3247
--------------------------------------------------------------------

Epoch 61: Time: 2.6260 Cost: 24.9459 Pre: 0.5000 Re: 0.1122 Acc: 0.5236 F1: 0.1833
Epoch 62: Time: 2.6296 Cost: 24.9518 Pre: 0.5020 Re: 0.1240 Acc: 0.5240 F1: 0.1988
Epoch 63: Time: 2.5701 Cost: 24.9555 Pre: 0.5040 Re: 0.1244 Acc: 0.5245 F1: 0.1996
Epoch 64: Time: 2.5900 Cost: 24.9560 Pre: 0.5040 Re: 0.1244 Acc: 0.5245 F1: 0.1996
Epoch 65: Time: 2.5761 Cost: 24.9556 Pre: 0.5020 Re: 0.1235 Acc: 0.5240 F1: 0.1982
Epoch 66: Time: 2.5975 Cost: 24.9550 Pre: 0.5030 Re: 0.1235 Acc: 0.5243 F1: 0.1983
Epoch 67: Time: 2.5871 Cost: 24.9544 Pre: 0.5030 Re: 0.1240 Acc: 0.5243 F1: 0.1989
Epoch 68: Time: 2.5935 Cost: 24.9538 Pre: 0.5010 Re: 0.1240 Acc: 0.5238 F1: 0.1987
Epoch 69: Time: 2.5744 Cost: 24.9532 Pre: 0.5030 Re: 0.1244 Acc: 0.5243 F1: 0.1995
Epoch 70: Time: 2.5649 Cost: 24.9526 Pre: 0.5030 Re: 0.1249 Acc: 0.5243 F1: 0.2002


--------------------------------------------------------------------
Eval results: Cost:25.0245 Pre:0.4871 Re:0.2435 Acc:0.4978 F1:0.3247
--------------------------------------------------------------------

Epoch 71: Time: 2.5443 Cost: 24.9407 Pre: 0.4967 Re: 0.1117 Acc: 0.5229 F1: 0.1824
Epoch 72: Time: 2.5307 Cost: 24.9461 Pre: 0.5029 Re: 0.1259 Acc: 0.5243 F1: 0.2014
Epoch 73: Time: 2.5295 Cost: 24.9499 Pre: 0.5059 Re: 0.1264 Acc: 0.5250 F1: 0.2023
Epoch 74: Time: 2.5504 Cost: 24.9504 Pre: 0.5088 Re: 0.1279 Acc: 0.5257 F1: 0.2044
Epoch 75: Time: 2.5320 Cost: 24.9500 Pre: 0.5088 Re: 0.1279 Acc: 0.5257 F1: 0.2044
Epoch 76: Time: 2.5365 Cost: 24.9494 Pre: 0.5088 Re: 0.1279 Acc: 0.5257 F1: 0.2044
Epoch 77: Time: 2.5385 Cost: 24.9489 Pre: 0.5068 Re: 0.1284 Acc: 0.5252 F1: 0.2048
Epoch 78: Time: 2.5378 Cost: 24.9483 Pre: 0.5077 Re: 0.1293 Acc: 0.5254 F1: 0.2062
Epoch 79: Time: 2.5292 Cost: 24.9478 Pre: 0.5067 Re: 0.1298 Acc: 0.5252 F1: 0.2067
Epoch 80: Time: 2.5345 Cost: 24.9473 Pre: 0.5057 Re: 0.1303 Acc: 0.5250 F1: 0.2072


--------------------------------------------------------------------
Eval results: Cost:25.0250 Pre:0.4894 Re:0.2397 Acc:0.4990 F1:0.3218
--------------------------------------------------------------------

Epoch 81: Time: 2.6005 Cost: 24.9357 Pre: 0.5000 Re: 0.1102 Acc: 0.5236 F1: 0.1807
Epoch 82: Time: 2.6666 Cost: 24.9410 Pre: 0.5038 Re: 0.1303 Acc: 0.5245 F1: 0.2071
Epoch 83: Time: 2.5716 Cost: 24.9447 Pre: 0.5038 Re: 0.1313 Acc: 0.5245 F1: 0.2083
Epoch 84: Time: 2.5612 Cost: 24.9453 Pre: 0.5038 Re: 0.1313 Acc: 0.5245 F1: 0.2083
Epoch 85: Time: 2.5930 Cost: 24.9449 Pre: 0.5028 Re: 0.1313 Acc: 0.5243 F1: 0.2082
Epoch 86: Time: 2.5762 Cost: 24.9445 Pre: 0.5019 Re: 0.1318 Acc: 0.5240 F1: 0.2088
Epoch 87: Time: 2.5835 Cost: 24.9440 Pre: 0.5019 Re: 0.1318 Acc: 0.5240 F1: 0.2088
Epoch 88: Time: 2.5514 Cost: 24.9436 Pre: 0.5009 Re: 0.1318 Acc: 0.5238 F1: 0.2087
Epoch 89: Time: 2.5963 Cost: 24.9431 Pre: 0.5046 Re: 0.1338 Acc: 0.5247 F1: 0.2115
Epoch 90: Time: 2.5789 Cost: 24.9427 Pre: 0.5046 Re: 0.1338 Acc: 0.5247 F1: 0.2115


--------------------------------------------------------------------
Eval results: Cost:25.0262 Pre:0.4887 Re:0.2371 Acc:0.4987 F1:0.3193
--------------------------------------------------------------------

Epoch 91: Time: 2.5827 Cost: 24.9313 Pre: 0.4874 Re: 0.1039 Acc: 0.5210 F1: 0.1712
Epoch 92: Time: 2.9720 Cost: 24.9366 Pre: 0.5037 Re: 0.1342 Acc: 0.5245 F1: 0.2120
Epoch 93: Time: 2.5812 Cost: 24.9404 Pre: 0.5046 Re: 0.1347 Acc: 0.5247 F1: 0.2127
Epoch 94: Time: 2.5358 Cost: 24.9410 Pre: 0.5046 Re: 0.1347 Acc: 0.5247 F1: 0.2127
Epoch 95: Time: 2.5429 Cost: 24.9407 Pre: 0.5046 Re: 0.1352 Acc: 0.5247 F1: 0.2133
Epoch 96: Time: 2.5357 Cost: 24.9403 Pre: 0.5036 Re: 0.1352 Acc: 0.5245 F1: 0.2132
Epoch 97: Time: 2.6118 Cost: 24.9400 Pre: 0.5046 Re: 0.1357 Acc: 0.5247 F1: 0.2139
Epoch 98: Time: 2.5372 Cost: 24.9396 Pre: 0.5045 Re: 0.1362 Acc: 0.5247 F1: 0.2145
Epoch 99: Time: 2.5536 Cost: 24.9392 Pre: 0.5045 Re: 0.1362 Acc: 0.5247 F1: 0.2145
Epoch 100: Time: 2.6322 Cost: 24.9389 Pre: 0.5036 Re: 0.1362 Acc: 0.5245 F1: 0.2144


--------------------------------------------------------------------
Eval results: Cost:25.0283 Pre:0.4887 Re:0.2384 Acc:0.4987 F1:0.3205
--------------------------------------------------------------------

Epoch 101: Time: 2.5782 Cost: 24.9277 Pre: 0.4911 Re: 0.1078 Acc: 0.5217 F1: 0.1768
Epoch 102: Time: 2.6783 Cost: 24.9331 Pre: 0.5018 Re: 0.1357 Acc: 0.5240 F1: 0.2137
Epoch 103: Time: 2.6051 Cost: 24.9367 Pre: 0.5027 Re: 0.1377 Acc: 0.5243 F1: 0.2162
Epoch 104: Time: 2.5730 Cost: 24.9374 Pre: 0.5027 Re: 0.1377 Acc: 0.5243 F1: 0.2162
Epoch 105: Time: 2.5733 Cost: 24.9372 Pre: 0.5053 Re: 0.1391 Acc: 0.5250 F1: 0.2182
Epoch 106: Time: 2.5965 Cost: 24.9368 Pre: 0.5062 Re: 0.1396 Acc: 0.5252 F1: 0.2189
Epoch 107: Time: 2.5725 Cost: 24.9365 Pre: 0.5053 Re: 0.1391 Acc: 0.5250 F1: 0.2182
Epoch 108: Time: 2.5850 Cost: 24.9361 Pre: 0.5062 Re: 0.1396 Acc: 0.5252 F1: 0.2189
Epoch 109: Time: 2.5771 Cost: 24.9358 Pre: 0.5062 Re: 0.1401 Acc: 0.5252 F1: 0.2195
Epoch 110: Time: 2.6085 Cost: 24.9355 Pre: 0.5079 Re: 0.1416 Acc: 0.5257 F1: 0.2215


--------------------------------------------------------------------
Eval results: Cost:25.0309 Pre:0.4887 Re:0.2377 Acc:0.4987 F1:0.3199
--------------------------------------------------------------------

Epoch 111: Time: 2.5353 Cost: 24.9245 Pre: 0.4966 Re: 0.1063 Acc: 0.5229 F1: 0.1751
Epoch 112: Time: 2.6089 Cost: 24.9299 Pre: 0.5091 Re: 0.1367 Acc: 0.5259 F1: 0.2155
Epoch 113: Time: 2.5718 Cost: 24.9335 Pre: 0.5098 Re: 0.1406 Acc: 0.5261 F1: 0.2204
Epoch 114: Time: 2.5322 Cost: 24.9341 Pre: 0.5115 Re: 0.1411 Acc: 0.5266 F1: 0.2212
Epoch 115: Time: 2.5342 Cost: 24.9339 Pre: 0.5125 Re: 0.1406 Acc: 0.5268 F1: 0.2207
Epoch 116: Time: 2.5423 Cost: 24.9335 Pre: 0.5116 Re: 0.1401 Acc: 0.5266 F1: 0.2200
Epoch 117: Time: 2.5315 Cost: 24.9332 Pre: 0.5089 Re: 0.1401 Acc: 0.5259 F1: 0.2197
Epoch 118: Time: 2.5364 Cost: 24.9329 Pre: 0.5089 Re: 0.1401 Acc: 0.5259 F1: 0.2197
Epoch 119: Time: 2.5380 Cost: 24.9325 Pre: 0.5045 Re: 0.1387 Acc: 0.5247 F1: 0.2175
Epoch 120: Time: 2.5386 Cost: 24.9322 Pre: 0.5045 Re: 0.1377 Acc: 0.5247 F1: 0.2163


--------------------------------------------------------------------
Eval results: Cost:25.0332 Pre:0.4901 Re:0.2242 Acc:0.4997 F1:0.3076
--------------------------------------------------------------------

Epoch 121: Time: 2.5806 Cost: 24.9214 Pre: 0.5068 Re: 0.1098 Acc: 0.5250 F1: 0.1804
Epoch 122: Time: 2.5652 Cost: 24.9267 Pre: 0.5057 Re: 0.1293 Acc: 0.5250 F1: 0.2060
Epoch 123: Time: 2.6837 Cost: 24.9302 Pre: 0.4991 Re: 0.1352 Acc: 0.5233 F1: 0.2128
Epoch 124: Time: 2.6003 Cost: 24.9308 Pre: 0.5009 Re: 0.1362 Acc: 0.5238 F1: 0.2142
Epoch 125: Time: 2.5789 Cost: 24.9306 Pre: 0.4982 Re: 0.1342 Acc: 0.5231 F1: 0.2115
Epoch 126: Time: 2.5675 Cost: 24.9302 Pre: 0.5000 Re: 0.1347 Acc: 0.5236 F1: 0.2123
Epoch 127: Time: 2.5938 Cost: 24.9299 Pre: 0.4982 Re: 0.1347 Acc: 0.5231 F1: 0.2121
Epoch 128: Time: 2.5719 Cost: 24.9295 Pre: 0.4973 Re: 0.1352 Acc: 0.5229 F1: 0.2126
Epoch 129: Time: 2.5793 Cost: 24.9292 Pre: 0.4955 Re: 0.1342 Acc: 0.5224 F1: 0.2113
Epoch 130: Time: 2.5806 Cost: 24.9288 Pre: 0.4973 Re: 0.1362 Acc: 0.5229 F1: 0.2138


--------------------------------------------------------------------
Eval results: Cost:25.0353 Pre:0.4761 Re:0.1996 Acc:0.4942 F1:0.2813
--------------------------------------------------------------------

Epoch 131: Time: 2.5403 Cost: 24.9182 Pre: 0.5055 Re: 0.1122 Acc: 0.5247 F1: 0.1836
Epoch 132: Time: 2.5301 Cost: 24.9234 Pre: 0.5000 Re: 0.1274 Acc: 0.5236 F1: 0.2030
Epoch 133: Time: 2.5849 Cost: 24.9268 Pre: 0.5009 Re: 0.1387 Acc: 0.5238 F1: 0.2172
Epoch 134: Time: 2.5993 Cost: 24.9274 Pre: 0.5000 Re: 0.1396 Acc: 0.5236 F1: 0.2183
Epoch 135: Time: 2.5282 Cost: 24.9271 Pre: 0.4974 Re: 0.1387 Acc: 0.5229 F1: 0.2169
Epoch 136: Time: 2.5253 Cost: 24.9268 Pre: 0.4982 Re: 0.1387 Acc: 0.5231 F1: 0.2169
Epoch 137: Time: 2.5535 Cost: 24.9264 Pre: 0.5000 Re: 0.1396 Acc: 0.5236 F1: 0.2183
Epoch 138: Time: 2.6039 Cost: 24.9260 Pre: 0.5026 Re: 0.1396 Acc: 0.5243 F1: 0.2186
Epoch 139: Time: 2.5797 Cost: 24.9257 Pre: 0.5035 Re: 0.1401 Acc: 0.5245 F1: 0.2192
Epoch 140: Time: 2.6203 Cost: 24.9253 Pre: 0.5009 Re: 0.1396 Acc: 0.5238 F1: 0.2184


--------------------------------------------------------------------
Eval results: Cost:25.0371 Pre:0.4659 Re:0.1809 Acc:0.4910 F1:0.2606
--------------------------------------------------------------------

Epoch 141: Time: 2.5927 Cost: 24.9149 Pre: 0.5022 Re: 0.1107 Acc: 0.5240 F1: 0.1815
Epoch 142: Time: 2.5713 Cost: 24.9199 Pre: 0.5019 Re: 0.1303 Acc: 0.5240 F1: 0.2069
Epoch 143: Time: 2.5833 Cost: 24.9233 Pre: 0.5035 Re: 0.1401 Acc: 0.5245 F1: 0.2192
Epoch 144: Time: 2.5982 Cost: 24.9238 Pre: 0.5009 Re: 0.1396 Acc: 0.5238 F1: 0.2184
Epoch 145: Time: 2.5766 Cost: 24.9235 Pre: 0.5018 Re: 0.1391 Acc: 0.5240 F1: 0.2179
Epoch 146: Time: 2.6870 Cost: 24.9231 Pre: 0.5018 Re: 0.1387 Acc: 0.5240 F1: 0.2173
Epoch 147: Time: 2.5631 Cost: 24.9227 Pre: 0.5009 Re: 0.1377 Acc: 0.5238 F1: 0.2160
Epoch 148: Time: 2.5932 Cost: 24.9223 Pre: 0.5009 Re: 0.1367 Acc: 0.5238 F1: 0.2148
Epoch 149: Time: 2.5942 Cost: 24.9219 Pre: 0.5027 Re: 0.1372 Acc: 0.5243 F1: 0.2156
Epoch 150: Time: 2.5992 Cost: 24.9215 Pre: 0.5054 Re: 0.1377 Acc: 0.5250 F1: 0.2164


--------------------------------------------------------------------
Eval results: Cost:25.0387 Pre:0.4618 Re:0.1680 Acc:0.4904 F1:0.2463
--------------------------------------------------------------------

Epoch 151: Time: 2.5611 Cost: 24.9113 Pre: 0.4934 Re: 0.1093 Acc: 0.5222 F1: 0.1789
Epoch 152: Time: 2.5278 Cost: 24.9162 Pre: 0.5019 Re: 0.1328 Acc: 0.5240 F1: 0.2100
Epoch 153: Time: 2.5283 Cost: 24.9195 Pre: 0.5027 Re: 0.1367 Acc: 0.5243 F1: 0.2149
Epoch 154: Time: 2.5489 Cost: 24.9199 Pre: 0.5018 Re: 0.1372 Acc: 0.5240 F1: 0.2155
Epoch 155: Time: 2.9345 Cost: 24.9196 Pre: 0.5018 Re: 0.1372 Acc: 0.5240 F1: 0.2155
Epoch 156: Time: 3.7972 Cost: 24.9192 Pre: 0.5000 Re: 0.1372 Acc: 0.5236 F1: 0.2153
Epoch 157: Time: 2.8210 Cost: 24.9188 Pre: 0.5018 Re: 0.1382 Acc: 0.5240 F1: 0.2167
Epoch 158: Time: 2.5576 Cost: 24.9183 Pre: 0.5018 Re: 0.1387 Acc: 0.5240 F1: 0.2173
Epoch 159: Time: 2.5365 Cost: 24.9179 Pre: 0.5009 Re: 0.1391 Acc: 0.5238 F1: 0.2178
Epoch 160: Time: 2.5521 Cost: 24.9175 Pre: 0.4991 Re: 0.1387 Acc: 0.5233 F1: 0.2170


--------------------------------------------------------------------
Eval results: Cost:25.0399 Pre:0.4647 Re:0.1660 Acc:0.4917 F1:0.2446
--------------------------------------------------------------------

Epoch 161: Time: 2.6143 Cost: 24.9075 Pre: 0.4915 Re: 0.1132 Acc: 0.5217 F1: 0.1840
Epoch 162: Time: 2.5878 Cost: 24.9121 Pre: 0.5018 Re: 0.1357 Acc: 0.5240 F1: 0.2137
Epoch 163: Time: 2.5646 Cost: 24.9153 Pre: 0.5017 Re: 0.1406 Acc: 0.5240 F1: 0.2197
Epoch 164: Time: 2.6892 Cost: 24.9157 Pre: 0.5000 Re: 0.1406 Acc: 0.5236 F1: 0.2195
Epoch 165: Time: 2.6134 Cost: 24.9154 Pre: 0.5026 Re: 0.1411 Acc: 0.5243 F1: 0.2204
Epoch 166: Time: 2.6132 Cost: 24.9149 Pre: 0.5035 Re: 0.1416 Acc: 0.5245 F1: 0.2210
Epoch 167: Time: 2.6029 Cost: 24.9144 Pre: 0.5043 Re: 0.1426 Acc: 0.5247 F1: 0.2223
Epoch 168: Time: 2.5870 Cost: 24.9140 Pre: 0.5034 Re: 0.1431 Acc: 0.5245 F1: 0.2228
Epoch 169: Time: 2.5766 Cost: 24.9135 Pre: 0.5043 Re: 0.1431 Acc: 0.5247 F1: 0.2229
Epoch 170: Time: 2.5752 Cost: 24.9130 Pre: 0.5043 Re: 0.1436 Acc: 0.5247 F1: 0.2235


--------------------------------------------------------------------
Eval results: Cost:25.0409 Pre:0.4679 Re:0.1693 Acc:0.4926 F1:0.2486
--------------------------------------------------------------------

Epoch 171: Time: 2.5552 Cost: 24.9032 Pre: 0.5000 Re: 0.1166 Acc: 0.5236 F1: 0.1891
Epoch 172: Time: 2.5376 Cost: 24.9076 Pre: 0.4982 Re: 0.1372 Acc: 0.5231 F1: 0.2151
Epoch 173: Time: 2.5262 Cost: 24.9108 Pre: 0.5043 Re: 0.1440 Acc: 0.5247 F1: 0.2241
Epoch 174: Time: 2.5287 Cost: 24.9111 Pre: 0.5034 Re: 0.1436 Acc: 0.5245 F1: 0.2234
Epoch 175: Time: 2.5438 Cost: 24.9106 Pre: 0.5017 Re: 0.1436 Acc: 0.5240 F1: 0.2232
Epoch 176: Time: 2.5920 Cost: 24.9101 Pre: 0.4991 Re: 0.1431 Acc: 0.5233 F1: 0.2224
Epoch 177: Time: 2.6844 Cost: 24.9096 Pre: 0.4974 Re: 0.1426 Acc: 0.5229 F1: 0.2216
Epoch 178: Time: 2.5333 Cost: 24.9090 Pre: 0.4991 Re: 0.1431 Acc: 0.5233 F1: 0.2224
Epoch 179: Time: 2.5443 Cost: 24.9085 Pre: 0.5000 Re: 0.1445 Acc: 0.5236 F1: 0.2242
Epoch 180: Time: 2.5357 Cost: 24.9079 Pre: 0.5008 Re: 0.1445 Acc: 0.5238 F1: 0.2243


--------------------------------------------------------------------
Eval results: Cost:25.0415 Pre:0.4672 Re:0.1751 Acc:0.4920 F1:0.2547
--------------------------------------------------------------------

Epoch 181: Time: 2.5963 Cost: 24.8982 Pre: 0.4959 Re: 0.1195 Acc: 0.5226 F1: 0.1927
Epoch 182: Time: 2.5985 Cost: 24.9024 Pre: 0.5000 Re: 0.1416 Acc: 0.5236 F1: 0.2207
Epoch 183: Time: 2.5820 Cost: 24.9054 Pre: 0.5008 Re: 0.1450 Acc: 0.5238 F1: 0.2249
Epoch 184: Time: 2.5692 Cost: 24.9056 Pre: 0.5000 Re: 0.1445 Acc: 0.5236 F1: 0.2242
Epoch 185: Time: 2.5760 Cost: 24.9050 Pre: 0.5000 Re: 0.1450 Acc: 0.5236 F1: 0.2248
Epoch 186: Time: 2.6026 Cost: 24.9044 Pre: 0.5000 Re: 0.1450 Acc: 0.5236 F1: 0.2248
Epoch 187: Time: 2.6514 Cost: 24.9037 Pre: 0.5008 Re: 0.1450 Acc: 0.5238 F1: 0.2249
Epoch 188: Time: 2.5787 Cost: 24.9031 Pre: 0.5025 Re: 0.1460 Acc: 0.5243 F1: 0.2263
Epoch 189: Time: 2.5825 Cost: 24.9024 Pre: 0.5025 Re: 0.1460 Acc: 0.5243 F1: 0.2263
Epoch 190: Time: 2.5944 Cost: 24.9017 Pre: 0.5025 Re: 0.1460 Acc: 0.5243 F1: 0.2263


--------------------------------------------------------------------
Eval results: Cost:25.0416 Pre:0.4689 Re:0.1802 Acc:0.4923 F1:0.2604
--------------------------------------------------------------------

Epoch 191: Time: 2.5537 Cost: 24.8921 Pre: 0.5020 Re: 0.1249 Acc: 0.5240 F1: 0.2001
Epoch 192: Time: 2.5411 Cost: 24.8959 Pre: 0.5034 Re: 0.1465 Acc: 0.5245 F1: 0.2269
Epoch 193: Time: 2.5464 Cost: 24.8987 Pre: 0.5075 Re: 0.1489 Acc: 0.5257 F1: 0.2303
Epoch 194: Time: 2.5299 Cost: 24.8987 Pre: 0.5050 Re: 0.1489 Acc: 0.5250 F1: 0.2300
Epoch 195: Time: 2.5372 Cost: 24.8979 Pre: 0.5041 Re: 0.1494 Acc: 0.5247 F1: 0.2305
Epoch 196: Time: 2.6592 Cost: 24.8971 Pre: 0.5033 Re: 0.1499 Acc: 0.5245 F1: 0.2310
Epoch 197: Time: 2.5378 Cost: 24.8962 Pre: 0.5025 Re: 0.1504 Acc: 0.5243 F1: 0.2315
Epoch 198: Time: 2.5342 Cost: 24.8953 Pre: 0.5049 Re: 0.1514 Acc: 0.5250 F1: 0.2329
Epoch 199: Time: 2.5294 Cost: 24.8943 Pre: 0.5057 Re: 0.1514 Acc: 0.5252 F1: 0.2330
Epoch 200: Time: 2.5427 Cost: 24.8933 Pre: 0.5065 Re: 0.1519 Acc: 0.5254 F1: 0.2337


--------------------------------------------------------------------
Eval results: Cost:25.0408 Pre:0.4671 Re:0.1835 Acc:0.4914 F1:0.2635
--------------------------------------------------------------------

Epoch 201: Time: 2.6528 Cost: 24.8836 Pre: 0.5010 Re: 0.1284 Acc: 0.5238 F1: 0.2044
Epoch 202: Time: 2.6121 Cost: 24.8868 Pre: 0.5075 Re: 0.1489 Acc: 0.5257 F1: 0.2303
Epoch 203: Time: 2.5777 Cost: 24.8893 Pre: 0.5097 Re: 0.1543 Acc: 0.5264 F1: 0.2369
Epoch 204: Time: 2.5878 Cost: 24.8889 Pre: 0.5073 Re: 0.1534 Acc: 0.5257 F1: 0.2355
Epoch 205: Time: 2.5716 Cost: 24.8877 Pre: 0.5065 Re: 0.1538 Acc: 0.5254 F1: 0.2360
Epoch 206: Time: 2.5492 Cost: 24.8863 Pre: 0.5040 Re: 0.1538 Acc: 0.5247 F1: 0.2357
Epoch 207: Time: 2.6011 Cost: 24.8849 Pre: 0.5032 Re: 0.1538 Acc: 0.5245 F1: 0.2356
Epoch 208: Time: 2.7692 Cost: 24.8834 Pre: 0.5032 Re: 0.1538 Acc: 0.5245 F1: 0.2356
Epoch 209: Time: 2.9653 Cost: 24.8817 Pre: 0.5008 Re: 0.1534 Acc: 0.5238 F1: 0.2348
Epoch 210: Time: 2.5983 Cost: 24.8800 Pre: 0.5008 Re: 0.1534 Acc: 0.5238 F1: 0.2348


--------------------------------------------------------------------
Eval results: Cost:25.0383 Pre:0.4724 Re:0.1938 Acc:0.4930 F1:0.2749
--------------------------------------------------------------------

Epoch 211: Time: 2.5381 Cost: 24.8698 Pre: 0.5063 Re: 0.1377 Acc: 0.5252 F1: 0.2165
Epoch 212: Time: 2.5389 Cost: 24.8720 Pre: 0.4968 Re: 0.1509 Acc: 0.5226 F1: 0.2315
Epoch 213: Time: 2.5540 Cost: 24.8735 Pre: 0.4992 Re: 0.1534 Acc: 0.5233 F1: 0.2346
Epoch 214: Time: 2.5463 Cost: 24.8720 Pre: 0.5008 Re: 0.1548 Acc: 0.5238 F1: 0.2365
Epoch 215: Time: 2.5409 Cost: 24.8695 Pre: 0.4992 Re: 0.1538 Acc: 0.5233 F1: 0.2352
Epoch 216: Time: 2.5351 Cost: 24.8667 Pre: 0.5016 Re: 0.1548 Acc: 0.5240 F1: 0.2366
Epoch 217: Time: 2.6374 Cost: 24.8637 Pre: 0.5024 Re: 0.1563 Acc: 0.5243 F1: 0.2384
Epoch 218: Time: 2.5329 Cost: 24.8603 Pre: 0.5055 Re: 0.1587 Acc: 0.5252 F1: 0.2416
Epoch 219: Time: 2.5292 Cost: 24.8565 Pre: 0.5023 Re: 0.1583 Acc: 0.5243 F1: 0.2407
Epoch 220: Time: 2.5303 Cost: 24.8523 Pre: 0.5000 Re: 0.1602 Acc: 0.5236 F1: 0.2427


--------------------------------------------------------------------
Eval results: Cost:25.0305 Pre:0.4791 Re:0.2003 Acc:0.4955 F1:0.2825
--------------------------------------------------------------------

Epoch 221: Time: 2.5856 Cost: 24.8395 Pre: 0.5008 Re: 0.1475 Acc: 0.5238 F1: 0.2279
Epoch 222: Time: 2.6358 Cost: 24.8380 Pre: 0.5039 Re: 0.1602 Acc: 0.5247 F1: 0.2431
Epoch 223: Time: 2.5971 Cost: 24.8355 Pre: 0.5045 Re: 0.1641 Acc: 0.5250 F1: 0.2477
Epoch 224: Time: 2.5966 Cost: 24.8288 Pre: 0.5060 Re: 0.1661 Acc: 0.5254 F1: 0.2501
Epoch 225: Time: 2.5730 Cost: 24.8198 Pre: 0.5060 Re: 0.1666 Acc: 0.5254 F1: 0.2506
Epoch 226: Time: 2.5828 Cost: 24.8088 Pre: 0.5074 Re: 0.1685 Acc: 0.5259 F1: 0.2530
Epoch 227: Time: 2.5724 Cost: 24.7948 Pre: 0.5123 Re: 0.1739 Acc: 0.5275 F1: 0.2597
Epoch 228: Time: 2.5900 Cost: 24.7766 Pre: 0.5165 Re: 0.1764 Acc: 0.5289 F1: 0.2630
Epoch 229: Time: 2.6414 Cost: 24.7517 Pre: 0.5244 Re: 0.1793 Acc: 0.5315 F1: 0.2673
Epoch 230: Time: 2.5992 Cost: 24.7153 Pre: 0.5389 Re: 0.1867 Acc: 0.5364 F1: 0.2773


--------------------------------------------------------------------
Eval results: Cost:24.9734 Pre:0.5125 Re:0.2526 Acc:0.5102 F1:0.3384
--------------------------------------------------------------------

Epoch 231: Time: 2.5553 Cost: 24.6516 Pre: 0.5551 Re: 0.1950 Acc: 0.5420 F1: 0.2886
Epoch 232: Time: 2.5274 Cost: 24.5537 Pre: 0.5861 Re: 0.2185 Acc: 0.5542 F1: 0.3183
Epoch 233: Time: 2.5398 Cost: 24.3146 Pre: 0.6137 Re: 0.2420 Acc: 0.5663 F1: 0.3472
Epoch 234: Time: 2.5499 Cost: 23.2487 Pre: 0.7367 Re: 0.3660 Acc: 0.6356 F1: 0.4890
Epoch 235: Time: 2.5464 Cost: 13.8119 Pre: 0.9473 Re: 0.8800 Acc: 0.9195 F1: 0.9124
Epoch 236: Time: 2.6189 Cost: 3.8222 Pre: 1.0000 Re: 1.0000 Acc: 1.0000 F1: 1.0000
Epoch 237: Time: 2.5742 Cost: 1.2311 Pre: 1.0000 Re: 1.0000 Acc: 1.0000 F1: 1.0000
Epoch 238: Time: 2.6475 Cost: 0.5086 Pre: 1.0000 Re: 1.0000 Acc: 1.0000 F1: 1.0000
Epoch 239: Time: 2.5355 Cost: 0.2206 Pre: 1.0000 Re: 1.0000 Acc: 1.0000 F1: 1.0000
Epoch 240: Time: 2.5361 Cost: 0.1053 Pre: 1.0000 Re: 1.0000 Acc: 1.0000 F1: 1.0000


--------------------------------------------------------------------
Eval results: Cost:0.0715 Pre:1.0000 Re:1.0000 Acc:1.0000 F1:1.0000
--------------------------------------------------------------------

Epoch 241: Time: 2.5815 Cost: 0.0508 Pre: 1.0000 Re: 1.0000 Acc: 1.0000 F1: 1.0000
Epoch 242: Time: 2.5895 Cost: 0.0259 Pre: 1.0000 Re: 1.0000 Acc: 1.0000 F1: 1.0000
Epoch 243: Time: 2.5780 Cost: 0.0163 Pre: 1.0000 Re: 1.0000 Acc: 1.0000 F1: 1.0000
Epoch 244: Time: 2.5782 Cost: 0.0116 Pre: 1.0000 Re: 1.0000 Acc: 1.0000 F1: 1.0000
Epoch 245: Time: 2.6105 Cost: 0.0090 Pre: 1.0000 Re: 1.0000 Acc: 1.0000 F1: 1.0000
Epoch 246: Time: 2.5853 Cost: 0.0073 Pre: 1.0000 Re: 1.0000 Acc: 1.0000 F1: 1.0000
Epoch 247: Time: 2.5669 Cost: 0.0062 Pre: 1.0000 Re: 1.0000 Acc: 1.0000 F1: 1.0000
Epoch 248: Time: 2.5676 Cost: 0.0053 Pre: 1.0000 Re: 1.0000 Acc: 1.0000 F1: 1.0000
Epoch 249: Time: 2.5994 Cost: 0.0047 Pre: 1.0000 Re: 1.0000 Acc: 1.0000 F1: 1.0000
Epoch 250: Time: 2.5719 Cost: 0.0042 Pre: 1.0000 Re: 1.0000 Acc: 1.0000 F1: 1.0000


--------------------------------------------------------------------
Eval results: Cost:0.0040 Pre:1.0000 Re:1.0000 Acc:1.0000 F1:1.0000
--------------------------------------------------------------------

Epoch 251: Time: 2.5441 Cost: 0.0038 Pre: 1.0000 Re: 1.0000 Acc: 1.0000 F1: 1.0000
Epoch 252: Time: 2.5511 Cost: 0.0035 Pre: 1.0000 Re: 1.0000 Acc: 1.0000 F1: 1.0000
Epoch 253: Time: 2.5344 Cost: 0.0032 Pre: 1.0000 Re: 1.0000 Acc: 1.0000 F1: 1.0000
Epoch 254: Time: 2.5412 Cost: 0.0030 Pre: 1.0000 Re: 1.0000 Acc: 1.0000 F1: 1.0000
Epoch 255: Time: 2.5319 Cost: 0.0027 Pre: 1.0000 Re: 1.0000 Acc: 1.0000 F1: 1.0000
Epoch 256: Time: 2.5484 Cost: 0.0026 Pre: 1.0000 Re: 1.0000 Acc: 1.0000 F1: 1.0000
Epoch 257: Time: 2.5339 Cost: 0.0024 Pre: 1.0000 Re: 1.0000 Acc: 1.0000 F1: 1.0000
Epoch 258: Time: 2.5327 Cost: 0.0023 Pre: 1.0000 Re: 1.0000 Acc: 1.0000 F1: 1.0000
Epoch 259: Time: 2.6239 Cost: 0.0022 Pre: 1.0000 Re: 1.0000 Acc: 1.0000 F1: 1.0000
Epoch 260: Time: 2.5777 Cost: 0.0020 Pre: 1.0000 Re: 1.0000 Acc: 1.0000 F1: 1.0000


--------------------------------------------------------------------
Eval results: Cost:0.0020 Pre:1.0000 Re:1.0000 Acc:1.0000 F1:1.0000
--------------------------------------------------------------------

Epoch 261: Time: 2.5873 Cost: 0.0019 Pre: 1.0000 Re: 1.0000 Acc: 1.0000 F1: 1.0000
Epoch 262: Time: 2.6302 Cost: 0.0018 Pre: 1.0000 Re: 1.0000 Acc: 1.0000 F1: 1.0000
Epoch 263: Time: 3.5383 Cost: 0.0018 Pre: 1.0000 Re: 1.0000 Acc: 1.0000 F1: 1.0000
Epoch 264: Time: 2.7177 Cost: 0.0017 Pre: 1.0000 Re: 1.0000 Acc: 1.0000 F1: 1.0000
Epoch 265: Time: 2.6332 Cost: 0.0016 Pre: 1.0000 Re: 1.0000 Acc: 1.0000 F1: 1.0000
Epoch 266: Time: 2.6311 Cost: 0.0016 Pre: 1.0000 Re: 1.0000 Acc: 1.0000 F1: 1.0000
Epoch 267: Time: 2.5759 Cost: 0.0015 Pre: 1.0000 Re: 1.0000 Acc: 1.0000 F1: 1.0000
Epoch 268: Time: 2.5876 Cost: 0.0014 Pre: 1.0000 Re: 1.0000 Acc: 1.0000 F1: 1.0000
Epoch 269: Time: 2.8021 Cost: 0.0014 Pre: 1.0000 Re: 1.0000 Acc: 1.0000 F1: 1.0000
Epoch 270: Time: 2.7338 Cost: 0.0013 Pre: 1.0000 Re: 1.0000 Acc: 1.0000 F1: 1.0000


--------------------------------------------------------------------
Eval results: Cost:0.0013 Pre:1.0000 Re:1.0000 Acc:1.0000 F1:1.0000
--------------------------------------------------------------------

Epoch 271: Time: 2.7509 Cost: 0.0013 Pre: 1.0000 Re: 1.0000 Acc: 1.0000 F1: 1.0000
Epoch 272: Time: 2.5556 Cost: 0.0013 Pre: 1.0000 Re: 1.0000 Acc: 1.0000 F1: 1.0000
Epoch 273: Time: 2.5317 Cost: 0.0012 Pre: 1.0000 Re: 1.0000 Acc: 1.0000 F1: 1.0000
Epoch 274: Time: 2.5391 Cost: 0.0012 Pre: 1.0000 Re: 1.0000 Acc: 1.0000 F1: 1.0000
Epoch 275: Time: 3.2027 Cost: 0.0011 Pre: 1.0000 Re: 1.0000 Acc: 1.0000 F1: 1.0000
Epoch 276: Time: 3.6299 Cost: 0.0011 Pre: 1.0000 Re: 1.0000 Acc: 1.0000 F1: 1.0000
Epoch 277: Time: 3.1165 Cost: 0.0011 Pre: 1.0000 Re: 1.0000 Acc: 1.0000 F1: 1.0000
Epoch 278: Time: 2.6122 Cost: 0.0011 Pre: 1.0000 Re: 1.0000 Acc: 1.0000 F1: 1.0000
Epoch 279: Time: 2.6572 Cost: 0.0010 Pre: 1.0000 Re: 1.0000 Acc: 1.0000 F1: 1.0000
Epoch 280: Time: 2.5285 Cost: 0.0010 Pre: 1.0000 Re: 1.0000 Acc: 1.0000 F1: 1.0000


--------------------------------------------------------------------
Eval results: Cost:0.0010 Pre:1.0000 Re:1.0000 Acc:1.0000 F1:1.0000
--------------------------------------------------------------------

Epoch 281: Time: 2.5773 Cost: 0.0010 Pre: 1.0000 Re: 1.0000 Acc: 1.0000 F1: 1.0000
Epoch 282: Time: 2.6635 Cost: 0.0010 Pre: 1.0000 Re: 1.0000 Acc: 1.0000 F1: 1.0000
Epoch 283: Time: 2.6212 Cost: 0.0009 Pre: 1.0000 Re: 1.0000 Acc: 1.0000 F1: 1.0000
Epoch 284: Time: 2.5872 Cost: 0.0009 Pre: 1.0000 Re: 1.0000 Acc: 1.0000 F1: 1.0000
Epoch 285: Time: 2.5817 Cost: 0.0009 Pre: 1.0000 Re: 1.0000 Acc: 1.0000 F1: 1.0000
Epoch 286: Time: 2.6078 Cost: 0.0009 Pre: 1.0000 Re: 1.0000 Acc: 1.0000 F1: 1.0000
Epoch 287: Time: 2.6043 Cost: 0.0009 Pre: 1.0000 Re: 1.0000 Acc: 1.0000 F1: 1.0000
Epoch 288: Time: 2.6180 Cost: 0.0008 Pre: 1.0000 Re: 1.0000 Acc: 1.0000 F1: 1.0000
Epoch 289: Time: 2.5897 Cost: 0.0008 Pre: 1.0000 Re: 1.0000 Acc: 1.0000 F1: 1.0000
Epoch 290: Time: 2.5889 Cost: 0.0008 Pre: 1.0000 Re: 1.0000 Acc: 1.0000 F1: 1.0000


--------------------------------------------------------------------
Eval results: Cost:0.0008 Pre:1.0000 Re:1.0000 Acc:1.0000 F1:1.0000
--------------------------------------------------------------------

Early stopping...
--------------------------------------------------------------------
--------------------------------------------------------------------
Test 11898 samples take time: 13.4349
Test results: Cost:0.0008 Pre:1.0000 Re:1.0000 Acc:1.0000 F1:1.0000
--------------------------------------------------------------------

