Load data
RNN type: UNI Grammar: g6 Seed: 5
Model total parameters: 16206
Saving hinit ... 

Epoch 0: Time: 2.6515 Cost: 25.0976 Pre: 0.4702 Re: 0.3018 Acc: 0.5054 F1: 0.3677


--------------------------------------------------------------------
Eval results: Cost:25.0509 Pre:0.0000 Re:0.0000 Acc:0.5038 F1:0.0000
--------------------------------------------------------------------

Epoch 1: Time: 2.6492 Cost: 24.9735 Pre: 0.5213 Re: 0.0779 Acc: 0.5266 F1: 0.1355
Epoch 2: Time: 2.7963 Cost: 24.9945 Pre: 0.4770 Re: 0.1421 Acc: 0.5170 F1: 0.2190
Epoch 3: Time: 2.6596 Cost: 24.9909 Pre: 0.4916 Re: 0.1867 Acc: 0.5205 F1: 0.2706
Epoch 4: Time: 2.6379 Cost: 24.9885 Pre: 0.5054 Re: 0.1842 Acc: 0.5254 F1: 0.2700
Epoch 5: Time: 2.6238 Cost: 24.9876 Pre: 0.5015 Re: 0.1681 Acc: 0.5240 F1: 0.2517
Epoch 6: Time: 2.6510 Cost: 24.9870 Pre: 0.4859 Re: 0.1524 Acc: 0.5194 F1: 0.2320
Epoch 7: Time: 2.6326 Cost: 24.9865 Pre: 0.4960 Re: 0.1225 Acc: 0.5226 F1: 0.1965
Epoch 8: Time: 2.6285 Cost: 24.9860 Pre: 0.5137 Re: 0.1191 Acc: 0.5266 F1: 0.1933
Epoch 9: Time: 2.6379 Cost: 24.9855 Pre: 0.5235 Re: 0.1146 Acc: 0.5285 F1: 0.1881
Epoch 10: Time: 2.6428 Cost: 24.9850 Pre: 0.5243 Re: 0.1161 Acc: 0.5287 F1: 0.1901


--------------------------------------------------------------------
Eval results: Cost:25.0313 Pre:0.0000 Re:0.0000 Acc:0.5038 F1:0.0000
--------------------------------------------------------------------

Epoch 11: Time: 2.6177 Cost: 24.9669 Pre: 0.5113 Re: 0.1107 Acc: 0.5259 F1: 0.1820
Epoch 12: Time: 2.6862 Cost: 24.9828 Pre: 0.5011 Re: 0.1098 Acc: 0.5238 F1: 0.1801
Epoch 13: Time: 2.6104 Cost: 24.9836 Pre: 0.5152 Re: 0.1083 Acc: 0.5266 F1: 0.1789
Epoch 14: Time: 2.7049 Cost: 24.9830 Pre: 0.5212 Re: 0.1146 Acc: 0.5280 F1: 0.1880
Epoch 15: Time: 2.5967 Cost: 24.9824 Pre: 0.5141 Re: 0.1161 Acc: 0.5266 F1: 0.1894
Epoch 16: Time: 2.6022 Cost: 24.9818 Pre: 0.5149 Re: 0.1186 Acc: 0.5268 F1: 0.1928
Epoch 17: Time: 2.5936 Cost: 24.9813 Pre: 0.5166 Re: 0.1220 Acc: 0.5273 F1: 0.1974
Epoch 18: Time: 2.5846 Cost: 24.9807 Pre: 0.5165 Re: 0.1230 Acc: 0.5273 F1: 0.1987
Epoch 19: Time: 2.6042 Cost: 24.9801 Pre: 0.5112 Re: 0.1235 Acc: 0.5261 F1: 0.1989
Epoch 20: Time: 2.6266 Cost: 24.9795 Pre: 0.5071 Re: 0.1225 Acc: 0.5252 F1: 0.1973


--------------------------------------------------------------------
Eval results: Cost:25.0245 Pre:0.4865 Re:0.2435 Acc:0.4974 F1:0.3246
--------------------------------------------------------------------

Epoch 21: Time: 2.6486 Cost: 24.9634 Pre: 0.5011 Re: 0.1078 Acc: 0.5238 F1: 0.1774
Epoch 22: Time: 2.7486 Cost: 24.9747 Pre: 0.5041 Re: 0.1210 Acc: 0.5245 F1: 0.1952
Epoch 23: Time: 2.6619 Cost: 24.9770 Pre: 0.5041 Re: 0.1200 Acc: 0.5245 F1: 0.1939
Epoch 24: Time: 2.6414 Cost: 24.9771 Pre: 0.5041 Re: 0.1200 Acc: 0.5245 F1: 0.1939
Epoch 25: Time: 2.6373 Cost: 24.9767 Pre: 0.5041 Re: 0.1200 Acc: 0.5245 F1: 0.1939
Epoch 26: Time: 2.6505 Cost: 24.9761 Pre: 0.5041 Re: 0.1200 Acc: 0.5245 F1: 0.1939
Epoch 27: Time: 2.6408 Cost: 24.9755 Pre: 0.5041 Re: 0.1200 Acc: 0.5245 F1: 0.1939
Epoch 28: Time: 2.6380 Cost: 24.9749 Pre: 0.5052 Re: 0.1200 Acc: 0.5247 F1: 0.1940
Epoch 29: Time: 2.6336 Cost: 24.9743 Pre: 0.5052 Re: 0.1200 Acc: 0.5247 F1: 0.1940
Epoch 30: Time: 2.6540 Cost: 24.9737 Pre: 0.5052 Re: 0.1200 Acc: 0.5247 F1: 0.1940


--------------------------------------------------------------------
Eval results: Cost:25.0229 Pre:0.4871 Re:0.2435 Acc:0.4978 F1:0.3247
--------------------------------------------------------------------

Epoch 31: Time: 2.5956 Cost: 24.9590 Pre: 0.5035 Re: 0.1058 Acc: 0.5243 F1: 0.1749
Epoch 32: Time: 2.5997 Cost: 24.9679 Pre: 0.5010 Re: 0.1195 Acc: 0.5238 F1: 0.1930
Epoch 33: Time: 2.6290 Cost: 24.9709 Pre: 0.5051 Re: 0.1215 Acc: 0.5247 F1: 0.1959
Epoch 34: Time: 2.5807 Cost: 24.9713 Pre: 0.5051 Re: 0.1215 Acc: 0.5247 F1: 0.1959
Epoch 35: Time: 2.7149 Cost: 24.9709 Pre: 0.5051 Re: 0.1215 Acc: 0.5247 F1: 0.1959
Epoch 36: Time: 2.6027 Cost: 24.9703 Pre: 0.5051 Re: 0.1215 Acc: 0.5247 F1: 0.1959
Epoch 37: Time: 2.6054 Cost: 24.9696 Pre: 0.5051 Re: 0.1215 Acc: 0.5247 F1: 0.1959
Epoch 38: Time: 2.6008 Cost: 24.9690 Pre: 0.5051 Re: 0.1215 Acc: 0.5247 F1: 0.1959
Epoch 39: Time: 2.5753 Cost: 24.9684 Pre: 0.5051 Re: 0.1215 Acc: 0.5247 F1: 0.1959
Epoch 40: Time: 2.6049 Cost: 24.9677 Pre: 0.5051 Re: 0.1225 Acc: 0.5247 F1: 0.1972


--------------------------------------------------------------------
Eval results: Cost:25.0227 Pre:0.4871 Re:0.2435 Acc:0.4978 F1:0.3247
--------------------------------------------------------------------

Epoch 41: Time: 2.6523 Cost: 24.9539 Pre: 0.4953 Re: 0.1034 Acc: 0.5226 F1: 0.1711
Epoch 42: Time: 2.6351 Cost: 24.9615 Pre: 0.5010 Re: 0.1195 Acc: 0.5238 F1: 0.1930
Epoch 43: Time: 2.9623 Cost: 24.9648 Pre: 0.5040 Re: 0.1244 Acc: 0.5245 F1: 0.1996
Epoch 44: Time: 2.7286 Cost: 24.9652 Pre: 0.5040 Re: 0.1235 Acc: 0.5245 F1: 0.1983
Epoch 45: Time: 2.6371 Cost: 24.9647 Pre: 0.5040 Re: 0.1240 Acc: 0.5245 F1: 0.1990
Epoch 46: Time: 2.6383 Cost: 24.9640 Pre: 0.5040 Re: 0.1240 Acc: 0.5245 F1: 0.1990
Epoch 47: Time: 2.6461 Cost: 24.9634 Pre: 0.5050 Re: 0.1240 Acc: 0.5247 F1: 0.1991
Epoch 48: Time: 2.6319 Cost: 24.9627 Pre: 0.5050 Re: 0.1240 Acc: 0.5247 F1: 0.1991
Epoch 49: Time: 2.6421 Cost: 24.9620 Pre: 0.5020 Re: 0.1225 Acc: 0.5240 F1: 0.1969
Epoch 50: Time: 2.6338 Cost: 24.9613 Pre: 0.5010 Re: 0.1215 Acc: 0.5238 F1: 0.1956


--------------------------------------------------------------------
Eval results: Cost:25.0231 Pre:0.4871 Re:0.2435 Acc:0.4978 F1:0.3247
--------------------------------------------------------------------

Epoch 51: Time: 2.6214 Cost: 24.9481 Pre: 0.4932 Re: 0.1058 Acc: 0.5222 F1: 0.1743
Epoch 52: Time: 2.5901 Cost: 24.9548 Pre: 0.4980 Re: 0.1225 Acc: 0.5231 F1: 0.1966
Epoch 53: Time: 2.6582 Cost: 24.9582 Pre: 0.5071 Re: 0.1230 Acc: 0.5252 F1: 0.1979
Epoch 54: Time: 2.6058 Cost: 24.9586 Pre: 0.5071 Re: 0.1230 Acc: 0.5252 F1: 0.1979
Epoch 55: Time: 3.1128 Cost: 24.9581 Pre: 0.5020 Re: 0.1225 Acc: 0.5240 F1: 0.1969
Epoch 56: Time: 2.8559 Cost: 24.9574 Pre: 0.5050 Re: 0.1235 Acc: 0.5247 F1: 0.1984
Epoch 57: Time: 2.8540 Cost: 24.9567 Pre: 0.5060 Re: 0.1230 Acc: 0.5250 F1: 0.1979
Epoch 58: Time: 2.6612 Cost: 24.9561 Pre: 0.5040 Re: 0.1230 Acc: 0.5245 F1: 0.1977
Epoch 59: Time: 2.6026 Cost: 24.9554 Pre: 0.5030 Re: 0.1220 Acc: 0.5243 F1: 0.1964
Epoch 60: Time: 2.6101 Cost: 24.9547 Pre: 0.5010 Re: 0.1220 Acc: 0.5238 F1: 0.1962


--------------------------------------------------------------------
Eval results: Cost:25.0239 Pre:0.4871 Re:0.2435 Acc:0.4978 F1:0.3247
--------------------------------------------------------------------

Epoch 61: Time: 2.6447 Cost: 24.9420 Pre: 0.4989 Re: 0.1093 Acc: 0.5233 F1: 0.1793
Epoch 62: Time: 2.6661 Cost: 24.9482 Pre: 0.5020 Re: 0.1200 Acc: 0.5240 F1: 0.1938
Epoch 63: Time: 2.7601 Cost: 24.9516 Pre: 0.5060 Re: 0.1235 Acc: 0.5250 F1: 0.1985
Epoch 64: Time: 2.6420 Cost: 24.9520 Pre: 0.5060 Re: 0.1235 Acc: 0.5250 F1: 0.1985
Epoch 65: Time: 2.6335 Cost: 24.9515 Pre: 0.5060 Re: 0.1235 Acc: 0.5250 F1: 0.1985
Epoch 66: Time: 2.6911 Cost: 24.9509 Pre: 0.5060 Re: 0.1235 Acc: 0.5250 F1: 0.1985
Epoch 67: Time: 2.6565 Cost: 24.9502 Pre: 0.5060 Re: 0.1235 Acc: 0.5250 F1: 0.1985
Epoch 68: Time: 2.6414 Cost: 24.9496 Pre: 0.5060 Re: 0.1235 Acc: 0.5250 F1: 0.1985
Epoch 69: Time: 2.6312 Cost: 24.9490 Pre: 0.5060 Re: 0.1235 Acc: 0.5250 F1: 0.1985
Epoch 70: Time: 2.6361 Cost: 24.9483 Pre: 0.5060 Re: 0.1235 Acc: 0.5250 F1: 0.1985


--------------------------------------------------------------------
Eval results: Cost:25.0250 Pre:0.4870 Re:0.2429 Acc:0.4978 F1:0.3241
--------------------------------------------------------------------

Epoch 71: Time: 2.5847 Cost: 24.9361 Pre: 0.4967 Re: 0.1102 Acc: 0.5229 F1: 0.1804
Epoch 72: Time: 2.5920 Cost: 24.9420 Pre: 0.5059 Re: 0.1269 Acc: 0.5250 F1: 0.2029
Epoch 73: Time: 2.7402 Cost: 24.9455 Pre: 0.5079 Re: 0.1259 Acc: 0.5254 F1: 0.2018
Epoch 74: Time: 2.5942 Cost: 24.9459 Pre: 0.5069 Re: 0.1264 Acc: 0.5252 F1: 0.2024
Epoch 75: Time: 2.5983 Cost: 24.9455 Pre: 0.5059 Re: 0.1269 Acc: 0.5250 F1: 0.2029
Epoch 76: Time: 2.6158 Cost: 24.9450 Pre: 0.5058 Re: 0.1284 Acc: 0.5250 F1: 0.2048
Epoch 77: Time: 2.6023 Cost: 24.9444 Pre: 0.5038 Re: 0.1303 Acc: 0.5245 F1: 0.2071
Epoch 78: Time: 2.6230 Cost: 24.9439 Pre: 0.5038 Re: 0.1308 Acc: 0.5245 F1: 0.2077
Epoch 79: Time: 2.5926 Cost: 24.9434 Pre: 0.5038 Re: 0.1308 Acc: 0.5245 F1: 0.2077
Epoch 80: Time: 2.5799 Cost: 24.9428 Pre: 0.5038 Re: 0.1308 Acc: 0.5245 F1: 0.2077


--------------------------------------------------------------------
Eval results: Cost:25.0263 Pre:0.4887 Re:0.2371 Acc:0.4987 F1:0.3193
--------------------------------------------------------------------

Epoch 81: Time: 2.6538 Cost: 24.9311 Pre: 0.4978 Re: 0.1107 Acc: 0.5231 F1: 0.1812
Epoch 82: Time: 2.6583 Cost: 24.9368 Pre: 0.5009 Re: 0.1303 Acc: 0.5238 F1: 0.2068
Epoch 83: Time: 2.6385 Cost: 24.9404 Pre: 0.5028 Re: 0.1313 Acc: 0.5243 F1: 0.2082
Epoch 84: Time: 2.7652 Cost: 24.9409 Pre: 0.5019 Re: 0.1313 Acc: 0.5240 F1: 0.2082
Epoch 85: Time: 2.6247 Cost: 24.9406 Pre: 0.5009 Re: 0.1313 Acc: 0.5238 F1: 0.2081
Epoch 86: Time: 2.6418 Cost: 24.9402 Pre: 0.5019 Re: 0.1318 Acc: 0.5240 F1: 0.2088
Epoch 87: Time: 2.6348 Cost: 24.9398 Pre: 0.5037 Re: 0.1328 Acc: 0.5245 F1: 0.2102
Epoch 88: Time: 2.6491 Cost: 24.9394 Pre: 0.5046 Re: 0.1338 Acc: 0.5247 F1: 0.2115
Epoch 89: Time: 2.6394 Cost: 24.9390 Pre: 0.5037 Re: 0.1342 Acc: 0.5245 F1: 0.2120
Epoch 90: Time: 2.6347 Cost: 24.9386 Pre: 0.5028 Re: 0.1342 Acc: 0.5243 F1: 0.2119


--------------------------------------------------------------------
Eval results: Cost:25.0285 Pre:0.4888 Re:0.2390 Acc:0.4987 F1:0.3210
--------------------------------------------------------------------

Epoch 91: Time: 2.6080 Cost: 24.9271 Pre: 0.4849 Re: 0.1024 Acc: 0.5205 F1: 0.1691
Epoch 92: Time: 2.6056 Cost: 24.9329 Pre: 0.4972 Re: 0.1313 Acc: 0.5229 F1: 0.2078
Epoch 93: Time: 2.5797 Cost: 24.9365 Pre: 0.5054 Re: 0.1367 Acc: 0.5250 F1: 0.2152
Epoch 94: Time: 2.6847 Cost: 24.9371 Pre: 0.5045 Re: 0.1362 Acc: 0.5247 F1: 0.2145
Epoch 95: Time: 2.6112 Cost: 24.9369 Pre: 0.5063 Re: 0.1372 Acc: 0.5252 F1: 0.2159
Epoch 96: Time: 3.0607 Cost: 24.9366 Pre: 0.5063 Re: 0.1387 Acc: 0.5252 F1: 0.2177
Epoch 97: Time: 2.6644 Cost: 24.9363 Pre: 0.5036 Re: 0.1377 Acc: 0.5245 F1: 0.2162
Epoch 98: Time: 2.6007 Cost: 24.9359 Pre: 0.5045 Re: 0.1382 Acc: 0.5247 F1: 0.2169
Epoch 99: Time: 2.6030 Cost: 24.9356 Pre: 0.5045 Re: 0.1377 Acc: 0.5247 F1: 0.2163
Epoch 100: Time: 2.6044 Cost: 24.9353 Pre: 0.5045 Re: 0.1382 Acc: 0.5247 F1: 0.2169


--------------------------------------------------------------------
Eval results: Cost:25.0313 Pre:0.4900 Re:0.2371 Acc:0.4994 F1:0.3195
--------------------------------------------------------------------

Epoch 101: Time: 2.6579 Cost: 24.9240 Pre: 0.4848 Re: 0.1019 Acc: 0.5205 F1: 0.1684
Epoch 102: Time: 2.6406 Cost: 24.9298 Pre: 0.5064 Re: 0.1352 Acc: 0.5252 F1: 0.2135
Epoch 103: Time: 2.6317 Cost: 24.9333 Pre: 0.5000 Re: 0.1391 Acc: 0.5236 F1: 0.2177
Epoch 104: Time: 2.7866 Cost: 24.9339 Pre: 0.4991 Re: 0.1391 Acc: 0.5233 F1: 0.2176
Epoch 105: Time: 2.6471 Cost: 24.9338 Pre: 0.5009 Re: 0.1401 Acc: 0.5238 F1: 0.2190
Epoch 106: Time: 2.6295 Cost: 24.9334 Pre: 0.5000 Re: 0.1406 Acc: 0.5236 F1: 0.2195
Epoch 107: Time: 2.6406 Cost: 24.9331 Pre: 0.5009 Re: 0.1401 Acc: 0.5238 F1: 0.2190
Epoch 108: Time: 2.6547 Cost: 24.9328 Pre: 0.5043 Re: 0.1431 Acc: 0.5247 F1: 0.2229
Epoch 109: Time: 2.6333 Cost: 24.9325 Pre: 0.5017 Re: 0.1440 Acc: 0.5240 F1: 0.2238
Epoch 110: Time: 2.6365 Cost: 24.9322 Pre: 0.5017 Re: 0.1440 Acc: 0.5240 F1: 0.2238


--------------------------------------------------------------------
Eval results: Cost:25.0341 Pre:0.4888 Re:0.2255 Acc:0.4990 F1:0.3086
--------------------------------------------------------------------

Epoch 111: Time: 2.6064 Cost: 24.9212 Pre: 0.4943 Re: 0.1063 Acc: 0.5224 F1: 0.1750
Epoch 112: Time: 2.5927 Cost: 24.9268 Pre: 0.5065 Re: 0.1342 Acc: 0.5252 F1: 0.2122
Epoch 113: Time: 2.5915 Cost: 24.9302 Pre: 0.5017 Re: 0.1440 Acc: 0.5240 F1: 0.2238
Epoch 114: Time: 2.5881 Cost: 24.9309 Pre: 0.5017 Re: 0.1450 Acc: 0.5240 F1: 0.2250
Epoch 115: Time: 2.6345 Cost: 24.9307 Pre: 0.5050 Re: 0.1475 Acc: 0.5250 F1: 0.2283
Epoch 116: Time: 2.7077 Cost: 24.9304 Pre: 0.5059 Re: 0.1475 Acc: 0.5252 F1: 0.2284
Epoch 117: Time: 2.6176 Cost: 24.9300 Pre: 0.5051 Re: 0.1465 Acc: 0.5250 F1: 0.2271
Epoch 118: Time: 2.6076 Cost: 24.9297 Pre: 0.5050 Re: 0.1475 Acc: 0.5250 F1: 0.2283
Epoch 119: Time: 2.5745 Cost: 24.9294 Pre: 0.5025 Re: 0.1465 Acc: 0.5243 F1: 0.2269
Epoch 120: Time: 2.5990 Cost: 24.9291 Pre: 0.5025 Re: 0.1470 Acc: 0.5243 F1: 0.2274


--------------------------------------------------------------------
Eval results: Cost:25.0367 Pre:0.4809 Re:0.2119 Acc:0.4958 F1:0.2942
--------------------------------------------------------------------

Epoch 121: Time: 2.6615 Cost: 24.9182 Pre: 0.5000 Re: 0.1093 Acc: 0.5236 F1: 0.1793
Epoch 122: Time: 2.6414 Cost: 24.9237 Pre: 0.4991 Re: 0.1352 Acc: 0.5233 F1: 0.2128
Epoch 123: Time: 2.6389 Cost: 24.9271 Pre: 0.5017 Re: 0.1475 Acc: 0.5240 F1: 0.2279
Epoch 124: Time: 2.6491 Cost: 24.9277 Pre: 0.5017 Re: 0.1480 Acc: 0.5240 F1: 0.2285
Epoch 125: Time: 2.7503 Cost: 24.9274 Pre: 0.5025 Re: 0.1475 Acc: 0.5243 F1: 0.2280
Epoch 126: Time: 2.6345 Cost: 24.9271 Pre: 0.5008 Re: 0.1475 Acc: 0.5238 F1: 0.2279
Epoch 127: Time: 2.6361 Cost: 24.9268 Pre: 0.5008 Re: 0.1465 Acc: 0.5238 F1: 0.2267
Epoch 128: Time: 2.6345 Cost: 24.9264 Pre: 0.5008 Re: 0.1465 Acc: 0.5238 F1: 0.2267
Epoch 129: Time: 2.6548 Cost: 24.9261 Pre: 0.4983 Re: 0.1465 Acc: 0.5231 F1: 0.2264
Epoch 130: Time: 2.6305 Cost: 24.9257 Pre: 0.4992 Re: 0.1465 Acc: 0.5233 F1: 0.2265


--------------------------------------------------------------------
Eval results: Cost:25.0390 Pre:0.4691 Re:0.1912 Acc:0.4917 F1:0.2717
--------------------------------------------------------------------

Epoch 131: Time: 2.6968 Cost: 24.9151 Pre: 0.5022 Re: 0.1107 Acc: 0.5240 F1: 0.1815
Epoch 132: Time: 2.6202 Cost: 24.9204 Pre: 0.4965 Re: 0.1382 Acc: 0.5226 F1: 0.2162
Epoch 133: Time: 2.5951 Cost: 24.9237 Pre: 0.4967 Re: 0.1460 Acc: 0.5226 F1: 0.2257
Epoch 134: Time: 2.6103 Cost: 24.9242 Pre: 0.4992 Re: 0.1460 Acc: 0.5233 F1: 0.2259
Epoch 135: Time: 2.7836 Cost: 24.9240 Pre: 0.5000 Re: 0.1465 Acc: 0.5236 F1: 0.2266
Epoch 136: Time: 2.5956 Cost: 24.9236 Pre: 0.5000 Re: 0.1465 Acc: 0.5236 F1: 0.2266
Epoch 137: Time: 2.6023 Cost: 24.9232 Pre: 0.5000 Re: 0.1465 Acc: 0.5236 F1: 0.2266
Epoch 138: Time: 2.5811 Cost: 24.9229 Pre: 0.5000 Re: 0.1460 Acc: 0.5236 F1: 0.2260
Epoch 139: Time: 2.6266 Cost: 24.9225 Pre: 0.4983 Re: 0.1450 Acc: 0.5231 F1: 0.2247
Epoch 140: Time: 2.6117 Cost: 24.9221 Pre: 0.4983 Re: 0.1455 Acc: 0.5231 F1: 0.2253


--------------------------------------------------------------------
Eval results: Cost:25.0409 Pre:0.4721 Re:0.1860 Acc:0.4933 F1:0.2669
--------------------------------------------------------------------

Epoch 141: Time: 2.6482 Cost: 24.9117 Pre: 0.4922 Re: 0.1088 Acc: 0.5219 F1: 0.1782
Epoch 142: Time: 2.6533 Cost: 24.9168 Pre: 0.4973 Re: 0.1377 Acc: 0.5229 F1: 0.2157
Epoch 143: Time: 2.6360 Cost: 24.9201 Pre: 0.5000 Re: 0.1450 Acc: 0.5236 F1: 0.2248
Epoch 144: Time: 2.6312 Cost: 24.9205 Pre: 0.5008 Re: 0.1455 Acc: 0.5238 F1: 0.2255
Epoch 145: Time: 2.7798 Cost: 24.9202 Pre: 0.5025 Re: 0.1470 Acc: 0.5243 F1: 0.2274
Epoch 146: Time: 2.6438 Cost: 24.9198 Pre: 0.5008 Re: 0.1455 Acc: 0.5238 F1: 0.2255
Epoch 147: Time: 2.6392 Cost: 24.9194 Pre: 0.5025 Re: 0.1460 Acc: 0.5243 F1: 0.2263
Epoch 148: Time: 2.6369 Cost: 24.9190 Pre: 0.5025 Re: 0.1470 Acc: 0.5243 F1: 0.2274
Epoch 149: Time: 2.7398 Cost: 24.9186 Pre: 0.5025 Re: 0.1470 Acc: 0.5243 F1: 0.2274
Epoch 150: Time: 2.8748 Cost: 24.9182 Pre: 0.5058 Re: 0.1485 Acc: 0.5252 F1: 0.2295


--------------------------------------------------------------------
Eval results: Cost:25.0426 Pre:0.4595 Re:0.1796 Acc:0.4885 F1:0.2582
--------------------------------------------------------------------

Epoch 151: Time: 3.7158 Cost: 24.9080 Pre: 0.5011 Re: 0.1161 Acc: 0.5238 F1: 0.1885
Epoch 152: Time: 2.6553 Cost: 24.9129 Pre: 0.5017 Re: 0.1426 Acc: 0.5240 F1: 0.2221
Epoch 153: Time: 2.6162 Cost: 24.9161 Pre: 0.5033 Re: 0.1475 Acc: 0.5245 F1: 0.2281
Epoch 154: Time: 2.6628 Cost: 24.9165 Pre: 0.5033 Re: 0.1480 Acc: 0.5245 F1: 0.2287
Epoch 155: Time: 2.6489 Cost: 24.9162 Pre: 0.5075 Re: 0.1499 Acc: 0.5257 F1: 0.2315
Epoch 156: Time: 2.6016 Cost: 24.9157 Pre: 0.5083 Re: 0.1509 Acc: 0.5259 F1: 0.2327
Epoch 157: Time: 2.6041 Cost: 24.9153 Pre: 0.5082 Re: 0.1514 Acc: 0.5259 F1: 0.2333
Epoch 158: Time: 2.6024 Cost: 24.9148 Pre: 0.5082 Re: 0.1514 Acc: 0.5259 F1: 0.2333
Epoch 159: Time: 2.6187 Cost: 24.9144 Pre: 0.5074 Re: 0.1509 Acc: 0.5257 F1: 0.2326
Epoch 160: Time: 2.6035 Cost: 24.9139 Pre: 0.5058 Re: 0.1504 Acc: 0.5252 F1: 0.2319


--------------------------------------------------------------------
Eval results: Cost:25.0439 Pre:0.4642 Re:0.1841 Acc:0.4901 F1:0.2636
--------------------------------------------------------------------

Epoch 161: Time: 2.6922 Cost: 24.9039 Pre: 0.5020 Re: 0.1205 Acc: 0.5240 F1: 0.1944
Epoch 162: Time: 2.6375 Cost: 24.9085 Pre: 0.5051 Re: 0.1445 Acc: 0.5250 F1: 0.2248
Epoch 163: Time: 2.6764 Cost: 24.9117 Pre: 0.5066 Re: 0.1514 Acc: 0.5254 F1: 0.2331
Epoch 164: Time: 2.6351 Cost: 24.9120 Pre: 0.5073 Re: 0.1524 Acc: 0.5257 F1: 0.2344
Epoch 165: Time: 3.3494 Cost: 24.9116 Pre: 0.5082 Re: 0.1524 Acc: 0.5259 F1: 0.2345
Epoch 166: Time: 2.8752 Cost: 24.9111 Pre: 0.5106 Re: 0.1534 Acc: 0.5266 F1: 0.2359
Epoch 167: Time: 2.6845 Cost: 24.9106 Pre: 0.5122 Re: 0.1538 Acc: 0.5271 F1: 0.2366
Epoch 168: Time: 2.6431 Cost: 24.9100 Pre: 0.5122 Re: 0.1538 Acc: 0.5271 F1: 0.2366
Epoch 169: Time: 2.6433 Cost: 24.9095 Pre: 0.5097 Re: 0.1538 Acc: 0.5264 F1: 0.2364
Epoch 170: Time: 2.6254 Cost: 24.9089 Pre: 0.5097 Re: 0.1538 Acc: 0.5264 F1: 0.2364


--------------------------------------------------------------------
Eval results: Cost:25.0448 Pre:0.4700 Re:0.1873 Acc:0.4923 F1:0.2679
--------------------------------------------------------------------

Epoch 171: Time: 2.7335 Cost: 24.8990 Pre: 0.5080 Re: 0.1244 Acc: 0.5254 F1: 0.1999
Epoch 172: Time: 2.6231 Cost: 24.9034 Pre: 0.5050 Re: 0.1475 Acc: 0.5250 F1: 0.2283
Epoch 173: Time: 2.5842 Cost: 24.9065 Pre: 0.5073 Re: 0.1534 Acc: 0.5257 F1: 0.2355
Epoch 174: Time: 2.6165 Cost: 24.9067 Pre: 0.5097 Re: 0.1548 Acc: 0.5264 F1: 0.2375
Epoch 175: Time: 2.6674 Cost: 24.9061 Pre: 0.5057 Re: 0.1534 Acc: 0.5252 F1: 0.2353
Epoch 176: Time: 2.6059 Cost: 24.9055 Pre: 0.5056 Re: 0.1538 Acc: 0.5252 F1: 0.2359
Epoch 177: Time: 2.6842 Cost: 24.9048 Pre: 0.5024 Re: 0.1519 Acc: 0.5243 F1: 0.2333
Epoch 178: Time: 2.5887 Cost: 24.9042 Pre: 0.5000 Re: 0.1509 Acc: 0.5236 F1: 0.2318
Epoch 179: Time: 2.6230 Cost: 24.9035 Pre: 0.4992 Re: 0.1504 Acc: 0.5233 F1: 0.2312
Epoch 180: Time: 2.6091 Cost: 24.9028 Pre: 0.4992 Re: 0.1509 Acc: 0.5233 F1: 0.2318


--------------------------------------------------------------------
Eval results: Cost:25.0450 Pre:0.4662 Re:0.1873 Acc:0.4907 F1:0.2673
--------------------------------------------------------------------

Epoch 181: Time: 2.6629 Cost: 24.8929 Pre: 0.5010 Re: 0.1264 Acc: 0.5238 F1: 0.2019
Epoch 182: Time: 2.6486 Cost: 24.8970 Pre: 0.5016 Re: 0.1494 Acc: 0.5240 F1: 0.2303
Epoch 183: Time: 2.6338 Cost: 24.8998 Pre: 0.5032 Re: 0.1519 Acc: 0.5245 F1: 0.2333
Epoch 184: Time: 2.6336 Cost: 24.8998 Pre: 0.5000 Re: 0.1514 Acc: 0.5236 F1: 0.2324
Epoch 185: Time: 2.7553 Cost: 24.8990 Pre: 0.5016 Re: 0.1524 Acc: 0.5240 F1: 0.2337
Epoch 186: Time: 2.6405 Cost: 24.8981 Pre: 0.5016 Re: 0.1534 Acc: 0.5240 F1: 0.2349
Epoch 187: Time: 2.6377 Cost: 24.8972 Pre: 0.5024 Re: 0.1534 Acc: 0.5243 F1: 0.2350
Epoch 188: Time: 2.6462 Cost: 24.8963 Pre: 0.5024 Re: 0.1543 Acc: 0.5243 F1: 0.2361
Epoch 189: Time: 2.6508 Cost: 24.8953 Pre: 0.5024 Re: 0.1558 Acc: 0.5243 F1: 0.2378
Epoch 190: Time: 2.6441 Cost: 24.8943 Pre: 0.5016 Re: 0.1558 Acc: 0.5240 F1: 0.2378


--------------------------------------------------------------------
Eval results: Cost:25.0441 Pre:0.4657 Re:0.1932 Acc:0.4901 F1:0.2731
--------------------------------------------------------------------

Epoch 191: Time: 2.5964 Cost: 24.8843 Pre: 0.5055 Re: 0.1347 Acc: 0.5250 F1: 0.2128
Epoch 192: Time: 2.6061 Cost: 24.8878 Pre: 0.5080 Re: 0.1563 Acc: 0.5259 F1: 0.2390
Epoch 193: Time: 2.6440 Cost: 24.8902 Pre: 0.4992 Re: 0.1558 Acc: 0.5233 F1: 0.2375
Epoch 194: Time: 2.5718 Cost: 24.8897 Pre: 0.5000 Re: 0.1563 Acc: 0.5236 F1: 0.2381
Epoch 195: Time: 2.6259 Cost: 24.8884 Pre: 0.4984 Re: 0.1558 Acc: 0.5231 F1: 0.2374
Epoch 196: Time: 2.7143 Cost: 24.8870 Pre: 0.4961 Re: 0.1558 Acc: 0.5224 F1: 0.2371
Epoch 197: Time: 2.6280 Cost: 24.8855 Pre: 0.4953 Re: 0.1558 Acc: 0.5222 F1: 0.2370
Epoch 198: Time: 2.6615 Cost: 24.8838 Pre: 0.4938 Re: 0.1568 Acc: 0.5217 F1: 0.2380
Epoch 199: Time: 2.5990 Cost: 24.8821 Pre: 0.4954 Re: 0.1573 Acc: 0.5222 F1: 0.2388
Epoch 200: Time: 2.6017 Cost: 24.8802 Pre: 0.4992 Re: 0.1573 Acc: 0.5233 F1: 0.2392


--------------------------------------------------------------------
Eval results: Cost:25.0407 Pre:0.4742 Re:0.2022 Acc:0.4933 F1:0.2835
--------------------------------------------------------------------

Epoch 201: Time: 2.6892 Cost: 24.8696 Pre: 0.5034 Re: 0.1460 Acc: 0.5245 F1: 0.2264
Epoch 202: Time: 2.6812 Cost: 24.8718 Pre: 0.5031 Re: 0.1607 Acc: 0.5245 F1: 0.2436
Epoch 203: Time: 2.6450 Cost: 24.8731 Pre: 0.5038 Re: 0.1617 Acc: 0.5247 F1: 0.2448
Epoch 204: Time: 2.6398 Cost: 24.8712 Pre: 0.5007 Re: 0.1636 Acc: 0.5238 F1: 0.2467
Epoch 205: Time: 2.6986 Cost: 24.8684 Pre: 0.4978 Re: 0.1656 Acc: 0.5229 F1: 0.2485
Epoch 206: Time: 2.6916 Cost: 24.8652 Pre: 0.4993 Re: 0.1690 Acc: 0.5233 F1: 0.2526
Epoch 207: Time: 2.6236 Cost: 24.8615 Pre: 0.4993 Re: 0.1705 Acc: 0.5233 F1: 0.2542
Epoch 208: Time: 2.6397 Cost: 24.8574 Pre: 0.4979 Re: 0.1710 Acc: 0.5229 F1: 0.2546
Epoch 209: Time: 2.6366 Cost: 24.8527 Pre: 0.4993 Re: 0.1720 Acc: 0.5233 F1: 0.2558
Epoch 210: Time: 2.6502 Cost: 24.8473 Pre: 0.5007 Re: 0.1734 Acc: 0.5238 F1: 0.2576


--------------------------------------------------------------------
Eval results: Cost:25.0288 Pre:0.4821 Re:0.2087 Acc:0.4965 F1:0.2913
--------------------------------------------------------------------

Epoch 211: Time: 2.5871 Cost: 24.8326 Pre: 0.5136 Re: 0.1573 Acc: 0.5275 F1: 0.2408
Epoch 212: Time: 2.8105 Cost: 24.8294 Pre: 0.5022 Re: 0.1715 Acc: 0.5243 F1: 0.2557
Epoch 213: Time: 2.7096 Cost: 24.8240 Pre: 0.5091 Re: 0.1783 Acc: 0.5266 F1: 0.2642
Epoch 214: Time: 2.6177 Cost: 24.8130 Pre: 0.5103 Re: 0.1823 Acc: 0.5271 F1: 0.2686
Epoch 215: Time: 2.5801 Cost: 24.7977 Pre: 0.5177 Re: 0.1862 Acc: 0.5296 F1: 0.2739
Epoch 216: Time: 2.6745 Cost: 24.7765 Pre: 0.5225 Re: 0.1930 Acc: 0.5315 F1: 0.2819
Epoch 217: Time: 2.6196 Cost: 24.7452 Pre: 0.5304 Re: 0.2009 Acc: 0.5345 F1: 0.2914
Epoch 218: Time: 2.7259 Cost: 24.6935 Pre: 0.5403 Re: 0.2102 Acc: 0.5385 F1: 0.3026
Epoch 219: Time: 2.6001 Cost: 24.5917 Pre: 0.5583 Re: 0.2322 Acc: 0.5467 F1: 0.3280
Epoch 220: Time: 2.6235 Cost: 24.3134 Pre: 0.6082 Re: 0.2920 Acc: 0.5731 F1: 0.3946


--------------------------------------------------------------------
Eval results: Cost:24.6405 Pre:0.5761 Re:0.3398 Acc:0.5487 F1:0.4275
--------------------------------------------------------------------

Epoch 221: Time: 2.6425 Cost: 22.8574 Pre: 0.7304 Re: 0.4699 Acc: 0.6648 F1: 0.5719
Epoch 222: Time: 2.6437 Cost: 12.9840 Pre: 0.9271 Re: 0.9103 Acc: 0.9232 F1: 0.9187
Epoch 223: Time: 2.6527 Cost: 4.0197 Pre: 1.0000 Re: 1.0000 Acc: 1.0000 F1: 1.0000
Epoch 224: Time: 2.6363 Cost: 1.1317 Pre: 1.0000 Re: 1.0000 Acc: 1.0000 F1: 1.0000
Epoch 225: Time: 2.6358 Cost: 0.3913 Pre: 1.0000 Re: 1.0000 Acc: 1.0000 F1: 1.0000
Epoch 226: Time: 2.7726 Cost: 0.1595 Pre: 1.0000 Re: 1.0000 Acc: 1.0000 F1: 1.0000
Epoch 227: Time: 2.6352 Cost: 0.0759 Pre: 1.0000 Re: 1.0000 Acc: 1.0000 F1: 1.0000
Epoch 228: Time: 2.6587 Cost: 0.0390 Pre: 1.0000 Re: 1.0000 Acc: 1.0000 F1: 1.0000
Epoch 229: Time: 2.6403 Cost: 0.0220 Pre: 1.0000 Re: 1.0000 Acc: 1.0000 F1: 1.0000
Epoch 230: Time: 2.6445 Cost: 0.0141 Pre: 1.0000 Re: 1.0000 Acc: 1.0000 F1: 1.0000


--------------------------------------------------------------------
Eval results: Cost:0.0117 Pre:1.0000 Re:1.0000 Acc:1.0000 F1:1.0000
--------------------------------------------------------------------

Epoch 231: Time: 2.5945 Cost: 0.0101 Pre: 1.0000 Re: 1.0000 Acc: 1.0000 F1: 1.0000
Epoch 232: Time: 2.6149 Cost: 0.0078 Pre: 1.0000 Re: 1.0000 Acc: 1.0000 F1: 1.0000
Epoch 233: Time: 2.5973 Cost: 0.0064 Pre: 1.0000 Re: 1.0000 Acc: 1.0000 F1: 1.0000
Epoch 234: Time: 2.5833 Cost: 0.0054 Pre: 1.0000 Re: 1.0000 Acc: 1.0000 F1: 1.0000
Epoch 235: Time: 2.5767 Cost: 0.0047 Pre: 1.0000 Re: 1.0000 Acc: 1.0000 F1: 1.0000
Epoch 236: Time: 2.6001 Cost: 0.0042 Pre: 1.0000 Re: 1.0000 Acc: 1.0000 F1: 1.0000
Epoch 237: Time: 2.6305 Cost: 0.0037 Pre: 1.0000 Re: 1.0000 Acc: 1.0000 F1: 1.0000
Epoch 238: Time: 2.7237 Cost: 0.0034 Pre: 1.0000 Re: 1.0000 Acc: 1.0000 F1: 1.0000
Epoch 239: Time: 2.6062 Cost: 0.0031 Pre: 1.0000 Re: 1.0000 Acc: 1.0000 F1: 1.0000
Epoch 240: Time: 2.6134 Cost: 0.0028 Pre: 1.0000 Re: 1.0000 Acc: 1.0000 F1: 1.0000


--------------------------------------------------------------------
Eval results: Cost:0.0027 Pre:1.0000 Re:1.0000 Acc:1.0000 F1:1.0000
--------------------------------------------------------------------

Epoch 241: Time: 2.6476 Cost: 0.0026 Pre: 1.0000 Re: 1.0000 Acc: 1.0000 F1: 1.0000
Epoch 242: Time: 2.6324 Cost: 0.0024 Pre: 1.0000 Re: 1.0000 Acc: 1.0000 F1: 1.0000
Epoch 243: Time: 2.6420 Cost: 0.0023 Pre: 1.0000 Re: 1.0000 Acc: 1.0000 F1: 1.0000
Epoch 244: Time: 2.6396 Cost: 0.0021 Pre: 1.0000 Re: 1.0000 Acc: 1.0000 F1: 1.0000
Epoch 245: Time: 2.6369 Cost: 0.0020 Pre: 1.0000 Re: 1.0000 Acc: 1.0000 F1: 1.0000
Epoch 246: Time: 2.6356 Cost: 0.0019 Pre: 1.0000 Re: 1.0000 Acc: 1.0000 F1: 1.0000
Epoch 247: Time: 2.7551 Cost: 0.0018 Pre: 1.0000 Re: 1.0000 Acc: 1.0000 F1: 1.0000
Epoch 248: Time: 2.6391 Cost: 0.0017 Pre: 1.0000 Re: 1.0000 Acc: 1.0000 F1: 1.0000
Epoch 249: Time: 2.6253 Cost: 0.0016 Pre: 1.0000 Re: 1.0000 Acc: 1.0000 F1: 1.0000
Epoch 250: Time: 2.6340 Cost: 0.0016 Pre: 1.0000 Re: 1.0000 Acc: 1.0000 F1: 1.0000


--------------------------------------------------------------------
Eval results: Cost:0.0015 Pre:1.0000 Re:1.0000 Acc:1.0000 F1:1.0000
--------------------------------------------------------------------

Epoch 251: Time: 2.5813 Cost: 0.0015 Pre: 1.0000 Re: 1.0000 Acc: 1.0000 F1: 1.0000
Epoch 252: Time: 2.5855 Cost: 0.0014 Pre: 1.0000 Re: 1.0000 Acc: 1.0000 F1: 1.0000
Epoch 253: Time: 2.6126 Cost: 0.0014 Pre: 1.0000 Re: 1.0000 Acc: 1.0000 F1: 1.0000
Epoch 254: Time: 2.7942 Cost: 0.0013 Pre: 1.0000 Re: 1.0000 Acc: 1.0000 F1: 1.0000
Epoch 255: Time: 2.6734 Cost: 0.0013 Pre: 1.0000 Re: 1.0000 Acc: 1.0000 F1: 1.0000
Epoch 256: Time: 2.6084 Cost: 0.0012 Pre: 1.0000 Re: 1.0000 Acc: 1.0000 F1: 1.0000
Epoch 257: Time: 2.6767 Cost: 0.0012 Pre: 1.0000 Re: 1.0000 Acc: 1.0000 F1: 1.0000
Epoch 258: Time: 2.6149 Cost: 0.0011 Pre: 1.0000 Re: 1.0000 Acc: 1.0000 F1: 1.0000
Epoch 259: Time: 2.7124 Cost: 0.0011 Pre: 1.0000 Re: 1.0000 Acc: 1.0000 F1: 1.0000
Epoch 260: Time: 2.6531 Cost: 0.0011 Pre: 1.0000 Re: 1.0000 Acc: 1.0000 F1: 1.0000


--------------------------------------------------------------------
Eval results: Cost:0.0011 Pre:1.0000 Re:1.0000 Acc:1.0000 F1:1.0000
--------------------------------------------------------------------

Epoch 261: Time: 2.6403 Cost: 0.0010 Pre: 1.0000 Re: 1.0000 Acc: 1.0000 F1: 1.0000
Epoch 262: Time: 2.6407 Cost: 0.0010 Pre: 1.0000 Re: 1.0000 Acc: 1.0000 F1: 1.0000
Epoch 263: Time: 2.6328 Cost: 0.0010 Pre: 1.0000 Re: 1.0000 Acc: 1.0000 F1: 1.0000
Epoch 264: Time: 2.6484 Cost: 0.0010 Pre: 1.0000 Re: 1.0000 Acc: 1.0000 F1: 1.0000
Epoch 265: Time: 2.6402 Cost: 0.0009 Pre: 1.0000 Re: 1.0000 Acc: 1.0000 F1: 1.0000
Epoch 266: Time: 2.6690 Cost: 0.0009 Pre: 1.0000 Re: 1.0000 Acc: 1.0000 F1: 1.0000
Epoch 267: Time: 2.7279 Cost: 0.0009 Pre: 1.0000 Re: 1.0000 Acc: 1.0000 F1: 1.0000
Epoch 268: Time: 2.6646 Cost: 0.0009 Pre: 1.0000 Re: 1.0000 Acc: 1.0000 F1: 1.0000
Epoch 269: Time: 2.6371 Cost: 0.0008 Pre: 1.0000 Re: 1.0000 Acc: 1.0000 F1: 1.0000
Epoch 270: Time: 2.6443 Cost: 0.0008 Pre: 1.0000 Re: 1.0000 Acc: 1.0000 F1: 1.0000


--------------------------------------------------------------------
Eval results: Cost:0.0008 Pre:1.0000 Re:1.0000 Acc:1.0000 F1:1.0000
--------------------------------------------------------------------

Early stopping...
--------------------------------------------------------------------
--------------------------------------------------------------------
Test 11898 samples take time: 13.4437
Test results: Cost:0.0008 Pre:1.0000 Re:1.0000 Acc:1.0000 F1:1.0000
--------------------------------------------------------------------

