G:g7, model:SRN tanh, load all data and stored hidden activations


--------------------------------------------------------------------
Begin DFA extraction with n_state:2
Done fitting takes time: 0.2881
==Minimized===

This DFA has 1 states
States: ['2']
Alphabet: set(['1', '0'])
Starting state: 2
Accepting states: []
Transition function:
	2
1 	2
0 	2
Current state: 2
Currently accepting: False

Precision: 0.0000 Recall: 0.0000 Accuracy: 0.5731 F1: 0.0000


--------------------------------------------------------------------
Begin DFA extraction with n_state:3
Done fitting takes time: 0.1220
==Minimized===

This DFA has 1 states
States: ['2']
Alphabet: set(['1', '0'])
Starting state: 2
Accepting states: []
Transition function:
	2
1 	2
0 	2
Current state: 2
Currently accepting: False

Precision: 0.0000 Recall: 0.0000 Accuracy: 0.5731 F1: 0.0000


--------------------------------------------------------------------
Begin DFA extraction with n_state:4
Done fitting takes time: 0.2053
==Minimized===

This DFA has 2 states
States: ['4', '2']
Alphabet: set(['1', '0'])
Starting state: 2
Accepting states: ['4']
Transition function:
	2	4
1 	2	2
0 	4	4
Current state: 2
Currently accepting: False

Precision: 0.2590 Recall: 0.2629 Accuracy: 0.3642 F1: 0.2609


--------------------------------------------------------------------
Begin DFA extraction with n_state:5
Done fitting takes time: 0.0976
==Minimized===

This DFA has 1 states
States: ['2']
Alphabet: set(['1', '0'])
Starting state: 2
Accepting states: []
Transition function:
	2
1 	2
0 	2
Current state: 2
Currently accepting: False

Precision: 0.0000 Recall: 0.0000 Accuracy: 0.5731 F1: 0.0000


--------------------------------------------------------------------
Begin DFA extraction with n_state:6
Done fitting takes time: 0.1012
==Minimized===

This DFA has 1 states
States: ['2']
Alphabet: set(['1', '0'])
Starting state: 2
Accepting states: []
Transition function:
	2
1 	2
0 	2
Current state: 2
Currently accepting: False

Precision: 0.0000 Recall: 0.0000 Accuracy: 0.5731 F1: 0.0000


--------------------------------------------------------------------
Begin DFA extraction with n_state:7
Done fitting takes time: 0.2131
==Minimized===

This DFA has 4 states
States: ['3', '7', '2', '5']
Alphabet: set(['1', '0'])
Starting state: 2
Accepting states: ['3', '7']
Transition function:
	2	3	5	7
1 	2	3	5	3
0 	7	5	5	7
Current state: 2
Currently accepting: False

Precision: 1.0000 Recall: 0.3474 Accuracy: 0.7214 F1: 0.5157


--------------------------------------------------------------------
Begin DFA extraction with n_state:8
Done fitting takes time: 0.1162
==Minimized===

This DFA has 5 states
States: ['3', '4', '7', '2', '6']
Alphabet: set(['1', '0'])
Starting state: 2
Accepting states: ['3', '4', '7']
Transition function:
	2	3	4	6	7
1 	2	3	3	6	4
0 	7	6	7	6	7
Current state: 2
Currently accepting: False

Precision: 0.5990 Recall: 0.5469 Accuracy: 0.6503 F1: 0.5718


--------------------------------------------------------------------
Begin DFA extraction with n_state:9
Done fitting takes time: 0.3333
==Minimized===

This DFA has 6 states
States: ['1', '3', '2', '7', '6', '9']
Alphabet: set(['1', '0'])
Starting state: 2
Accepting states: ['1', '3', '2', '7']
Transition function:
	1	2	3	6	7	9
1 	9	2	3	6	3	2
0 	9	1	6	6	7	7
Current state: 2
Currently accepting: True

Precision: 0.6144 Recall: 0.6491 Accuracy: 0.6764 F1: 0.6313


--------------------------------------------------------------------
Begin DFA extraction with n_state:10
Done fitting takes time: 0.1148
==Minimized===

This DFA has 8 states
States: ['8', '2', '7', '9', '1', '5', '4', '6']
Alphabet: set(['1', '0'])
Starting state: 2
Accepting states: ['8', '2']
Transition function:
	1	2	4	5	6	7	8	9
1 	9	1	8	5	8	4	8	7
0 	9	1	4	5	5	4	6	7
Current state: 2
Currently accepting: True

Precision: 0.6767 Recall: 0.5258 Accuracy: 0.6904 F1: 0.5918


--------------------------------------------------------------------
Begin DFA extraction with n_state:11
Done fitting takes time: 0.2138
==Minimized===

This DFA has 5 states
States: ['2', '11', '3', '1', '6']
Alphabet: set(['1', '0'])
Starting state: 2
Accepting states: ['11', '3', '2']
Transition function:
	1	11	2	3	6
1 	2	3	1	3	6
0 	11	11	1	6	6
Current state: 2
Currently accepting: True

Precision: 0.8168 Recall: 0.5129 Accuracy: 0.7430 F1: 0.6301


--------------------------------------------------------------------
Begin DFA extraction with n_state:12
Done fitting takes time: 0.3664
==Minimized===

This DFA has 5 states
States: ['2', '11', '3', '12', '1']
Alphabet: set(['1', '0'])
Starting state: 2
Accepting states: ['11', '3', '2']
Transition function:
	1	11	12	2	3
1 	2	3	12	1	3
0 	11	11	12	1	12
Current state: 2
Currently accepting: True

Precision: 0.8168 Recall: 0.5129 Accuracy: 0.7430 F1: 0.6301


--------------------------------------------------------------------
Begin DFA extraction with n_state:13
Done fitting takes time: 0.3040
==Minimized===

This DFA has 5 states
States: ['2', '11', '3', '13', '1']
Alphabet: set(['1', '0'])
Starting state: 2
Accepting states: ['11', '3', '2']
Transition function:
	1	11	13	2	3
1 	2	3	13	1	3
0 	11	11	13	1	13
Current state: 2
Currently accepting: True

Precision: 0.8168 Recall: 0.5129 Accuracy: 0.7430 F1: 0.6301


--------------------------------------------------------------------
Begin DFA extraction with n_state:14
Done fitting takes time: 0.2372
==Minimized===

This DFA has 8 states
States: ['3', '11', '2', '5', '13', '6', '1', '8']
Alphabet: set(['1', '0'])
Starting state: 2
Accepting states: ['11', '3', '2']
Transition function:
	1	11	13	2	3	5	6	8
1 	2	8	8	1	3	5	8	3
0 	11	11	5	1	13	5	8	6
Current state: 2
Currently accepting: True

Precision: 0.6815 Recall: 0.5575 Accuracy: 0.6999 F1: 0.6133


--------------------------------------------------------------------
Begin DFA extraction with n_state:15
Done fitting takes time: 0.1112
==Minimized===

This DFA has 8 states
States: ['11', '3', '13', '1', '14', '2', '15', '9']
Alphabet: set(['1', '0'])
Starting state: 2
Accepting states: ['11', '14', '3', '2']
Transition function:
	1	11	13	14	15	2	3	9
1 	15	3	13	9	14	1	3	2
0 	15	11	13	9	14	1	13	11
Current state: 2
Currently accepting: True

Precision: 0.6360 Recall: 0.6643 Accuracy: 0.6944 F1: 0.6498


--------------------------------------------------------------------
Begin DFA extraction with n_state:16
Done fitting takes time: 0.4187
==Minimized===

This DFA has 9 states
States: ['14', '11', '3', '15', '1', '16', '2', '13', '9']
Alphabet: set(['1', '0'])
Starting state: 16
Accepting states: ['11', '3', '14']
Transition function:
	1	11	13	14	15	16	2	3	9
1 	15	3	13	9	14	1	2	3	2
0 	15	11	13	9	11	1	11	13	2
Current state: 16
Currently accepting: False

Precision: 0.7196 Recall: 0.5904 Accuracy: 0.7270 F1: 0.6486


--------------------------------------------------------------------
Begin DFA extraction with n_state:17
Done fitting takes time: 0.5166
==Minimized===

This DFA has 9 states
States: ['14', '3', '11', '2', '1', '13', '16', '15', '9']
Alphabet: set(['1', '0'])
Starting state: 16
Accepting states: ['11', '14', '3', '2']
Transition function:
	1	11	13	14	15	16	2	3	9
1 	15	3	13	9	14	1	2	3	2
0 	15	11	13	9	14	1	11	13	11
Current state: 16
Currently accepting: False

Precision: 0.7283 Recall: 0.8650 Accuracy: 0.8046 F1: 0.7908


--------------------------------------------------------------------
Begin DFA extraction with n_state:18
Done fitting takes time: 0.4081
==Minimized===

This DFA has 8 states
States: ['14', '11', '13', '1', '12', '16', '15', '9']
Alphabet: set(['1', '0'])
Starting state: 16
Accepting states: ['11', '13', '14']
Transition function:
	1	11	12	13	14	15	16	9
1 	15	13	12	13	9	14	1	13
0 	15	11	12	12	9	14	1	11
Current state: 16
Currently accepting: False

Precision: 0.8693 Recall: 0.4918 Accuracy: 0.7515 F1: 0.6282


--------------------------------------------------------------------
Begin DFA extraction with n_state:19
Done fitting takes time: 0.1244
==Minimized===

This DFA has 9 states
States: ['3', '11', '18', '13', '1', '14', '16', '15', '9']
Alphabet: set(['1', '0'])
Starting state: 16
Accepting states: ['11', '14', '16', '18', '3']
Transition function:
	1	11	13	14	15	16	18	3	9
1 	15	3	13	9	14	1	18	3	18
0 	15	11	13	9	14	1	11	13	11
Current state: 16
Currently accepting: True

Precision: 0.7283 Recall: 0.8650 Accuracy: 0.8046 F1: 0.7908
[ 0.          0.          0.26092021  0.          0.          0.51567944
  0.57177914  0.63127854  0.59180978  0.63013699  0.63013699  0.63013699
  0.6132989   0.64982778  0.6486138   0.79077253  0.62818591  0.79077253]


[[ 0.          0.59831461  0.59831461  0.23602484  0.59831461  0.59831461
   0.59831461  0.17754011  0.17754011  1.          1.          1.          1.
   1.          1.          1.          1.          1.        ]
 [ 0.          0.          0.26092021  0.          0.          0.51567944
   0.57177914  0.63127854  0.59180978  0.63013699  0.63013699  0.63013699
   0.6132989   0.64982778  0.6486138   0.79077253  0.62818591  0.79077253]
 [ 0.          0.          0.          0.          0.          0.          0.
   0.          0.          0.          0.          0.          0.          0.
   0.          0.          0.          0.        ]
 [ 0.          0.          0.          0.          0.          0.          0.
   0.          0.          0.          0.          0.          0.          0.
   0.          0.          0.          0.        ]
 [ 0.          0.          0.          0.          0.          0.          0.
   0.          0.          0.          0.          0.          0.          0.
   0.          0.          0.          0.        ]
 [ 0.          0.          0.          0.          0.          0.          0.
   0.          0.          0.          0.          0.          0.          0.
   0.          0.          0.          0.        ]
 [ 0.          0.          0.          0.          0.          0.          0.
   0.          0.          0.          0.          0.          0.          0.
   0.          0.          0.          0.        ]
 [ 0.          0.          0.          0.          0.          0.          0.
   0.          0.          0.          0.          0.          0.          0.
   0.          0.          0.          0.        ]
 [ 0.          0.          0.          0.          0.          0.          0.
   0.          0.          0.          0.          0.          0.          0.
   0.          0.          0.          0.        ]]
