G:g7, model:LSTM tanh, load all data and stored hidden activations


--------------------------------------------------------------------
Begin DFA extraction with n_state:2
Done fitting takes time: 0.0896
==Minimized===

This DFA has 1 states
States: ['1']
Alphabet: set(['1', '0'])
Starting state: 1
Accepting states: []
Transition function:
	1
1 	1
0 	1
Current state: 1
Currently accepting: False

Precision: 0.0000 Recall: 0.0000 Accuracy: 0.5731 F1: 0.0000


--------------------------------------------------------------------
Begin DFA extraction with n_state:3
Done fitting takes time: 0.1827
==Minimized===

This DFA has 1 states
States: ['3']
Alphabet: set(['1', '0'])
Starting state: 3
Accepting states: []
Transition function:
	3
1 	3
0 	3
Current state: 3
Currently accepting: False

Precision: 0.0000 Recall: 0.0000 Accuracy: 0.5731 F1: 0.0000


--------------------------------------------------------------------
Begin DFA extraction with n_state:4
Done fitting takes time: 0.1248
==Minimized===

This DFA has 3 states
States: ['2', '3', '4']
Alphabet: set(['1', '0'])
Starting state: 3
Accepting states: ['3', '4']
Transition function:
	2	3	4
1 	2	4	4
0 	2	3	2
Current state: 3
Currently accepting: True

Precision: 1.0000 Recall: 0.0974 Accuracy: 0.6147 F1: 0.1775


--------------------------------------------------------------------
Begin DFA extraction with n_state:5
Done fitting takes time: 0.1148
==Minimized===

This DFA has 3 states
States: ['2', '3', '4']
Alphabet: set(['1', '0'])
Starting state: 3
Accepting states: ['3', '4']
Transition function:
	2	3	4
1 	2	4	4
0 	2	3	2
Current state: 3
Currently accepting: True

Precision: 1.0000 Recall: 0.0974 Accuracy: 0.6147 F1: 0.1775


--------------------------------------------------------------------
Begin DFA extraction with n_state:6
Done fitting takes time: 0.1076
==Minimized===

This DFA has 3 states
States: ['2', '3', '4']
Alphabet: set(['1', '0'])
Starting state: 3
Accepting states: ['3', '4']
Transition function:
	2	3	4
1 	2	4	4
0 	2	3	2
Current state: 3
Currently accepting: True

Precision: 1.0000 Recall: 0.0974 Accuracy: 0.6147 F1: 0.1775


--------------------------------------------------------------------
Begin DFA extraction with n_state:7
Done fitting takes time: 0.2254
==Minimized===

This DFA has 6 states
States: ['4', '7', '1', '5', '3', '2']
Alphabet: set(['1', '0'])
Starting state: 3
Accepting states: ['1', '5', '4', '7']
Transition function:
	1	2	3	4	5	7
1 	5	2	5	4	5	4
0 	1	2	1	2	7	7
Current state: 3
Currently accepting: False

Precision: 1.0000 Recall: 1.0000 Accuracy: 1.0000 F1: 1.0000


--------------------------------------------------------------------
Begin DFA extraction with n_state:8
Done fitting takes time: 0.2726
==Minimized===

This DFA has 6 states
States: ['4', '7', '1', '5', '3', '2']
Alphabet: set(['1', '0'])
Starting state: 3
Accepting states: ['1', '5', '4', '7']
Transition function:
	1	2	3	4	5	7
1 	5	2	5	4	5	4
0 	1	2	1	2	7	7
Current state: 3
Currently accepting: False

Precision: 1.0000 Recall: 1.0000 Accuracy: 1.0000 F1: 1.0000


--------------------------------------------------------------------
Begin DFA extraction with n_state:9
Done fitting takes time: 0.1549
==Minimized===

This DFA has 6 states
States: ['4', '7', '1', '5', '3', '2']
Alphabet: set(['1', '0'])
Starting state: 3
Accepting states: ['1', '5', '4', '7']
Transition function:
	1	2	3	4	5	7
1 	5	2	5	4	5	4
0 	1	2	1	2	7	7
Current state: 3
Currently accepting: False

Precision: 1.0000 Recall: 1.0000 Accuracy: 1.0000 F1: 1.0000


--------------------------------------------------------------------
Begin DFA extraction with n_state:10
Done fitting takes time: 0.2424
==Minimized===

This DFA has 6 states
States: ['10', '7', '3', '2', '1', '5']
Alphabet: set(['1', '0'])
Starting state: 3
Accepting states: ['10', '1', '5', '7']
Transition function:
	1	10	2	3	5	7
1 	5	10	2	5	5	10
0 	1	2	2	1	7	7
Current state: 3
Currently accepting: False

Precision: 1.0000 Recall: 1.0000 Accuracy: 1.0000 F1: 1.0000


--------------------------------------------------------------------
Begin DFA extraction with n_state:11
Done fitting takes time: 0.2824
==Minimized===

This DFA has 6 states
States: ['10', '7', '11', '3', '1', '5']
Alphabet: set(['1', '0'])
Starting state: 3
Accepting states: ['10', '1', '5', '7']
Transition function:
	1	10	11	3	5	7
1 	5	10	11	5	5	10
0 	1	11	11	1	7	7
Current state: 3
Currently accepting: False

Precision: 1.0000 Recall: 1.0000 Accuracy: 1.0000 F1: 1.0000


--------------------------------------------------------------------
Begin DFA extraction with n_state:12
Done fitting takes time: 0.0999
==Minimized===

This DFA has 4 states
States: ['1', '6', '3', '5']
Alphabet: set(['1', '0'])
Starting state: 3
Accepting states: ['1', '6']
Transition function:
	1	3	5	6
1 	6	6	5	5
0 	1	1	5	1
Current state: 3
Currently accepting: False

Precision: 0.4328 Recall: 0.1362 Accuracy: 0.5551 F1: 0.2071


--------------------------------------------------------------------
Begin DFA extraction with n_state:13
Done fitting takes time: 0.1541
==Minimized===

This DFA has 6 states
States: ['10', '7', '11', '3', '13', '1']
Alphabet: set(['1', '0'])
Starting state: 3
Accepting states: ['10', '13', '1', '7']
Transition function:
	1	10	11	13	3	7
1 	13	10	11	13	13	10
0 	1	11	11	7	1	7
Current state: 3
Currently accepting: False

Precision: 1.0000 Recall: 1.0000 Accuracy: 1.0000 F1: 1.0000


--------------------------------------------------------------------
Begin DFA extraction with n_state:14
Done fitting takes time: 0.1083
==Minimized===

This DFA has 6 states
States: ['10', '14', '11', '3', '13', '1']
Alphabet: set(['1', '0'])
Starting state: 3
Accepting states: ['10', '13', '14', '1']
Transition function:
	1	10	11	13	14	3
1 	13	10	11	13	10	13
0 	1	11	11	14	14	1
Current state: 3
Currently accepting: False

Precision: 1.0000 Recall: 1.0000 Accuracy: 1.0000 F1: 1.0000


--------------------------------------------------------------------
Begin DFA extraction with n_state:15
Done fitting takes time: 0.1606
==Minimized===

This DFA has 6 states
States: ['10', '14', '11', '3', '13', '1']
Alphabet: set(['1', '0'])
Starting state: 3
Accepting states: ['10', '13', '14', '1']
Transition function:
	1	10	11	13	14	3
1 	13	10	11	13	10	13
0 	1	11	11	14	14	1
Current state: 3
Currently accepting: False

Precision: 1.0000 Recall: 1.0000 Accuracy: 1.0000 F1: 1.0000


--------------------------------------------------------------------
Begin DFA extraction with n_state:16
Done fitting takes time: 0.1078
==Minimized===

This DFA has 6 states
States: ['10', '14', '11', '3', '13', '1']
Alphabet: set(['1', '0'])
Starting state: 3
Accepting states: ['10', '13', '14', '1']
Transition function:
	1	10	11	13	14	3
1 	13	10	11	13	10	13
0 	1	11	11	14	14	1
Current state: 3
Currently accepting: False

Precision: 1.0000 Recall: 1.0000 Accuracy: 1.0000 F1: 1.0000


--------------------------------------------------------------------
Begin DFA extraction with n_state:17
Done fitting takes time: 0.2234
==Minimized===

This DFA has 6 states
States: ['10', '14', '11', '3', '13', '1']
Alphabet: set(['1', '0'])
Starting state: 3
Accepting states: ['10', '13', '14', '1']
Transition function:
	1	10	11	13	14	3
1 	13	10	11	13	10	13
0 	1	11	11	14	14	1
Current state: 3
Currently accepting: False

Precision: 1.0000 Recall: 1.0000 Accuracy: 1.0000 F1: 1.0000


--------------------------------------------------------------------
Begin DFA extraction with n_state:18
Done fitting takes time: 0.2835
==Minimized===

This DFA has 6 states
States: ['10', '14', '11', '3', '13', '1']
Alphabet: set(['1', '0'])
Starting state: 3
Accepting states: ['10', '13', '14', '1']
Transition function:
	1	10	11	13	14	3
1 	13	10	11	13	10	13
0 	1	11	11	14	14	1
Current state: 3
Currently accepting: False

Precision: 1.0000 Recall: 1.0000 Accuracy: 1.0000 F1: 1.0000


--------------------------------------------------------------------
Begin DFA extraction with n_state:19
Done fitting takes time: 0.1056
==Minimized===

This DFA has 6 states
States: ['10', '14', '11', '3', '13', '1']
Alphabet: set(['1', '0'])
Starting state: 3
Accepting states: ['10', '13', '14', '1']
Transition function:
	1	10	11	13	14	3
1 	13	10	11	13	10	13
0 	1	11	11	14	14	1
Current state: 3
Currently accepting: False

Precision: 1.0000 Recall: 1.0000 Accuracy: 1.0000 F1: 1.0000
[ 0.          0.          0.17754011  0.17754011  0.17754011  1.          1.
  1.          1.          1.          0.20714286  1.          1.          1.
  1.          1.          1.          1.        ]


[[ 0.          0.          0.17754011  0.17754011  0.17754011  0.17754011
   0.17754011  0.59831461  0.12338308  0.59831461  0.59831461  1.          1.
   1.          1.          1.          1.          1.        ]
 [ 0.          0.          0.          0.02777778  0.02777778  0.18503119
   0.26688633  0.37946149  0.42262372  0.57940199  0.58016774  0.42185664
   0.3888183   0.4326739   0.24236818  0.5769956   0.30794431  0.53915454]
 [ 0.          0.59831461  0.          0.17754011  1.          1.          1.
   1.          1.          1.          1.          1.          1.          1.
   1.          1.          1.          1.        ]
 [ 0.          0.02549247  0.59831461  0.59831461  1.          1.          1.
   1.          1.          1.          1.          1.          1.          1.
   1.          1.          1.          1.        ]
 [ 0.          0.59831461  0.59831461  0.59831461  0.02549247  0.02549247
   0.02549247  1.          1.          1.          1.          1.          1.
   1.          1.          1.          1.          1.        ]
 [ 0.          0.          0.17754011  0.17754011  0.17754011  0.17754011
   0.17754011  0.17754011  0.17754011  0.17754011  0.17754011  1.          1.
   1.          1.          1.          1.          1.        ]
 [ 0.          0.          0.16774194  0.59831461  0.60669456  0.60669456
   0.59831461  0.67804878  0.67804878  0.52976704  0.52976704  0.52976704
   0.86938776  1.          0.86409736  1.          1.          1.        ]
 [ 0.          0.          0.17754011  0.17754011  0.17754011  1.          1.
   1.          1.          1.          0.20714286  1.          1.          1.
   1.          1.          1.          1.        ]
 [ 0.          0.          0.          0.          0.          0.          0.
   0.          0.          0.          0.          0.          0.          0.
   0.          0.          0.          0.        ]]
