G:g7, model:MI tanh, load all data and stored hidden activations


--------------------------------------------------------------------
Begin DFA extraction with n_state:2
Done fitting takes time: 0.1147
==Minimized===

This DFA has 1 states
States: ['1']
Alphabet: set(['1', '0'])
Starting state: 1
Accepting states: []
Transition function:
	1
1 	1
0 	1
Current state: 1
Currently accepting: False

Precision: 0.0000 Recall: 0.0000 Accuracy: 0.5731 F1: 0.0000


--------------------------------------------------------------------
Begin DFA extraction with n_state:3
Done fitting takes time: 0.1194
==Minimized===

This DFA has 1 states
States: ['1']
Alphabet: set(['1', '0'])
Starting state: 1
Accepting states: ['1']
Transition function:
	1
1 	1
0 	1
Current state: 1
Currently accepting: True

Precision: 0.4269 Recall: 1.0000 Accuracy: 0.4269 F1: 0.5983


--------------------------------------------------------------------
Begin DFA extraction with n_state:4
Done fitting takes time: 0.2248
==Minimized===

This DFA has 1 states
States: ['1']
Alphabet: set(['1', '0'])
Starting state: 1
Accepting states: ['1']
Transition function:
	1
1 	1
0 	1
Current state: 1
Currently accepting: True

Precision: 0.4269 Recall: 1.0000 Accuracy: 0.4269 F1: 0.5983


--------------------------------------------------------------------
Begin DFA extraction with n_state:5
Done fitting takes time: 0.1092
==Minimized===

This DFA has 1 states
States: ['1']
Alphabet: set(['1', '0'])
Starting state: 1
Accepting states: ['1']
Transition function:
	1
1 	1
0 	1
Current state: 1
Currently accepting: True

Precision: 0.4269 Recall: 1.0000 Accuracy: 0.4269 F1: 0.5983


--------------------------------------------------------------------
Begin DFA extraction with n_state:6
Done fitting takes time: 0.3003
==Minimized===

This DFA has 1 states
States: ['1']
Alphabet: set(['1', '0'])
Starting state: 1
Accepting states: ['1']
Transition function:
	1
1 	1
0 	1
Current state: 1
Currently accepting: True

Precision: 0.4269 Recall: 1.0000 Accuracy: 0.4269 F1: 0.5983


--------------------------------------------------------------------
Begin DFA extraction with n_state:7
Done fitting takes time: 0.3242
==Minimized===

This DFA has 1 states
States: ['1']
Alphabet: set(['1', '0'])
Starting state: 1
Accepting states: ['1']
Transition function:
	1
1 	1
0 	1
Current state: 1
Currently accepting: True

Precision: 0.4269 Recall: 1.0000 Accuracy: 0.4269 F1: 0.5983


--------------------------------------------------------------------
Begin DFA extraction with n_state:8
Done fitting takes time: 0.1881
==Minimized===

This DFA has 3 states
States: ['3', '1', '8']
Alphabet: set(['1', '0'])
Starting state: 8
Accepting states: ['1', '8']
Transition function:
	1	3	8
1 	3	3	8
0 	1	3	1
Current state: 8
Currently accepting: True

Precision: 1.0000 Recall: 0.0915 Accuracy: 0.6122 F1: 0.1677


--------------------------------------------------------------------
Begin DFA extraction with n_state:9
Done fitting takes time: 0.1795
==Minimized===

This DFA has 6 states
States: ['2', '5', '9', '3', '1', '8']
Alphabet: set(['1', '0'])
Starting state: 8
Accepting states: ['1', '8', '3', '9', '5']
Transition function:
	1	2	3	5	8	9
1 	3	2	3	8	8	5
0 	1	2	9	2	1	9
Current state: 8
Currently accepting: True

Precision: 0.5892 Recall: 1.0000 Accuracy: 0.7024 F1: 0.7415


--------------------------------------------------------------------
Begin DFA extraction with n_state:10
Done fitting takes time: 0.1142
==Minimized===

This DFA has 6 states
States: ['2', '5', '9', '3', '1', '8']
Alphabet: set(['1', '0'])
Starting state: 8
Accepting states: ['1', '3', '5', '9', '8']
Transition function:
	1	2	3	5	8	9
1 	3	2	3	8	8	5
0 	1	2	9	2	1	9
Current state: 8
Currently accepting: True

Precision: 0.5892 Recall: 1.0000 Accuracy: 0.7024 F1: 0.7415


--------------------------------------------------------------------
Begin DFA extraction with n_state:11
Done fitting takes time: 0.2481
==Minimized===

This DFA has 5 states
States: ['2', '5', '11', '1', '8']
Alphabet: set(['1', '0'])
Starting state: 8
Accepting states: ['11', '1', '5', '8']
Transition function:
	1	11	2	5	8
1 	1	5	2	8	8
0 	11	11	2	2	1
Current state: 8
Currently accepting: True

Precision: 0.6119 Recall: 0.8474 Accuracy: 0.7054 F1: 0.7106


--------------------------------------------------------------------
Begin DFA extraction with n_state:12
Done fitting takes time: 0.1793
==Minimized===

This DFA has 6 states
States: ['12', '5', '11', '3', '1', '8']
Alphabet: set(['1', '0'])
Starting state: 8
Accepting states: ['11', '1', '3', '5', '8']
Transition function:
	1	11	12	3	5	8
1 	3	5	12	3	8	8
0 	1	11	12	11	12	1
Current state: 8
Currently accepting: True

Precision: 0.5892 Recall: 1.0000 Accuracy: 0.7024 F1: 0.7415


--------------------------------------------------------------------
Begin DFA extraction with n_state:13
Done fitting takes time: 0.4157
==Minimized===

This DFA has 6 states
States: ['13', '11', '10', '1', '12', '8']
Alphabet: set(['1', '0'])
Starting state: 8
Accepting states: ['11', '10', '13', '1']
Transition function:
	1	10	11	12	13	8
1 	10	10	13	12	13	10
0 	1	11	11	12	12	1
Current state: 8
Currently accepting: False

Precision: 1.0000 Recall: 1.0000 Accuracy: 1.0000 F1: 1.0000


--------------------------------------------------------------------
Begin DFA extraction with n_state:14
Done fitting takes time: 0.4215
==Minimized===

This DFA has 3 states
States: ['12', '13', '14']
Alphabet: set(['1', '0'])
Starting state: 14
Accepting states: ['13', '14']
Transition function:
	12	13	14
1 	12	13	13
0 	12	12	14
Current state: 14
Currently accepting: True

Precision: 1.0000 Recall: 0.0974 Accuracy: 0.6147 F1: 0.1775


--------------------------------------------------------------------
Begin DFA extraction with n_state:15
Done fitting takes time: 0.4689
==Minimized===

This DFA has 3 states
States: ['12', '13', '14']
Alphabet: set(['1', '0'])
Starting state: 14
Accepting states: ['13', '14']
Transition function:
	12	13	14
1 	12	13	13
0 	12	12	14
Current state: 14
Currently accepting: True

Precision: 1.0000 Recall: 0.0974 Accuracy: 0.6147 F1: 0.1775


--------------------------------------------------------------------
Begin DFA extraction with n_state:16
Done fitting takes time: 0.5136
==Minimized===

This DFA has 6 states
States: ['13', '11', '10', '16', '12', '14']
Alphabet: set(['1', '0'])
Starting state: 14
Accepting states: ['11', '10', '13', '16']
Transition function:
	10	11	12	13	14	16
1 	10	13	12	13	10	10
0 	11	11	12	12	16	16
Current state: 14
Currently accepting: False

Precision: 1.0000 Recall: 1.0000 Accuracy: 1.0000 F1: 1.0000


--------------------------------------------------------------------
Begin DFA extraction with n_state:17
Done fitting takes time: 0.5151
==Minimized===

This DFA has 6 states
States: ['13', '11', '10', '16', '12', '14']
Alphabet: set(['1', '0'])
Starting state: 14
Accepting states: ['11', '10', '13', '16']
Transition function:
	10	11	12	13	14	16
1 	10	13	12	13	10	10
0 	11	11	12	12	16	16
Current state: 14
Currently accepting: False

Precision: 1.0000 Recall: 1.0000 Accuracy: 1.0000 F1: 1.0000


--------------------------------------------------------------------
Begin DFA extraction with n_state:18
Done fitting takes time: 0.1349
==Minimized===

This DFA has 6 states
States: ['13', '11', '10', '16', '12', '14']
Alphabet: set(['1', '0'])
Starting state: 14
Accepting states: ['11', '10', '13', '16']
Transition function:
	10	11	12	13	14	16
1 	10	13	12	13	10	10
0 	11	11	12	12	16	16
Current state: 14
Currently accepting: False

Precision: 1.0000 Recall: 1.0000 Accuracy: 1.0000 F1: 1.0000


--------------------------------------------------------------------
Begin DFA extraction with n_state:19
Done fitting takes time: 0.3842
==Minimized===

This DFA has 6 states
States: ['13', '11', '10', '16', '12', '14']
Alphabet: set(['1', '0'])
Starting state: 14
Accepting states: ['11', '10', '13', '16']
Transition function:
	10	11	12	13	14	16
1 	10	13	12	13	10	10
0 	11	11	12	12	16	16
Current state: 14
Currently accepting: False

Precision: 1.0000 Recall: 1.0000 Accuracy: 1.0000 F1: 1.0000
[ 0.          0.59831461  0.59831461  0.59831461  0.59831461  0.59831461
  0.16774194  0.74151436  0.74151436  0.71062992  0.74151436  1.
  0.17754011  0.17754011  1.          1.          1.          1.        ]


[[ 0.          0.59831461  0.59831461  0.59831461  0.59831461  0.62768616
   0.72225417  0.72225417  0.72225417  0.72225417  0.72225417  1.          1.
   1.          1.          1.          1.          1.        ]
 [ 0.          0.          0.          0.          0.          0.          0.
   0.          0.53694355  0.48538012  0.45709947  0.27353464  0.67688378
   0.67068758  0.42253521  0.57084746  0.72727273  0.80620155]
 [ 0.          0.59831461  0.02549247  0.02549247  0.02549247  1.          1.
   1.          1.          1.          1.          1.          1.          1.
   1.          1.          1.          1.        ]
 [ 0.          0.59831461  0.59831461  0.59831461  1.          1.          1.
   1.          1.          1.          1.          1.          1.          1.
   1.          1.          1.          1.        ]
 [ 0.          0.59831461  0.02549247  0.59831461  1.          1.          1.
   1.          1.          1.          1.          1.          1.          1.
   1.          1.          1.          1.        ]
 [ 0.          0.02777778  0.17754011  0.17754011  0.17754011  0.17754011
   0.17754011  1.          1.          1.          1.          1.          1.
   1.          1.          1.          1.          1.        ]
 [ 0.          0.59831461  0.59831461  0.59831461  0.59831461  0.59831461
   0.16774194  0.74151436  0.74151436  0.71062992  0.74151436  1.
   0.17754011  0.17754011  1.          1.          1.          1.        ]
 [ 0.          0.          0.          0.          0.          0.          0.
   0.          0.          0.          0.          0.          0.          0.
   0.          0.          0.          0.        ]
 [ 0.          0.          0.          0.          0.          0.          0.
   0.          0.          0.          0.          0.          0.          0.
   0.          0.          0.          0.        ]]
