G:g7, model:MI tanh, load all data and stored hidden activations


--------------------------------------------------------------------
Begin DFA extraction with n_state:2
Done fitting takes time: 0.1595
==Minimized===

This DFA has 1 states
States: ['2']
Alphabet: set(['1', '0'])
Starting state: 2
Accepting states: []
Transition function:
	2
1 	2
0 	2
Current state: 2
Currently accepting: False

Precision: 0.0000 Recall: 0.0000 Accuracy: 0.5731 F1: 0.0000


--------------------------------------------------------------------
Begin DFA extraction with n_state:3
Done fitting takes time: 0.1510
==Minimized===

This DFA has 3 states
States: ['2', '1', '3']
Alphabet: set(['1', '0'])
Starting state: 3
Accepting states: ['1', '3']
Transition function:
	1	2	3
1 	2	2	3
0 	1	2	1
Current state: 3
Currently accepting: True

Precision: 1.0000 Recall: 0.0915 Accuracy: 0.6122 F1: 0.1677


--------------------------------------------------------------------
Begin DFA extraction with n_state:4
Done fitting takes time: 0.2868
==Minimized===

This DFA has 2 states
States: ['4', '2']
Alphabet: set(['1', '0'])
Starting state: 4
Accepting states: ['4']
Transition function:
	2	4
1 	2	4
0 	2	2
Current state: 4
Currently accepting: True

Precision: 1.0000 Recall: 0.0129 Accuracy: 0.5787 F1: 0.0255


--------------------------------------------------------------------
Begin DFA extraction with n_state:5
Done fitting takes time: 0.0896
==Minimized===

This DFA has 4 states
States: ['5', '2', '1', '4']
Alphabet: set(['1', '0'])
Starting state: 4
Accepting states: ['1', '2', '4']
Transition function:
	1	2	4	5
1 	4	4	2	5
0 	1	5	1	5
Current state: 4
Currently accepting: True

Precision: 0.6359 Recall: 0.5986 Accuracy: 0.6824 F1: 0.6167


--------------------------------------------------------------------
Begin DFA extraction with n_state:6
Done fitting takes time: 0.1706
==Minimized===

This DFA has 5 states
States: ['5', '2', '4', '1', '6']
Alphabet: set(['1', '0'])
Starting state: 4
Accepting states: ['1', '2', '4', '6']
Transition function:
	1	2	4	5	6
1 	1	5	2	5	4
0 	6	5	1	5	6
Current state: 4
Currently accepting: True

Precision: 0.5624 Recall: 0.2911 Accuracy: 0.6007 F1: 0.3836


--------------------------------------------------------------------
Begin DFA extraction with n_state:7
Done fitting takes time: 0.1860
==Minimized===

This DFA has 5 states
States: ['5', '2', '4', '1', '6']
Alphabet: set(['1', '0'])
Starting state: 4
Accepting states: ['1', '2', '4', '6']
Transition function:
	1	2	4	5	6
1 	1	4	2	5	4
0 	6	5	1	5	6
Current state: 4
Currently accepting: True

Precision: 0.5762 Recall: 0.6831 Accuracy: 0.6503 F1: 0.6251


--------------------------------------------------------------------
Begin DFA extraction with n_state:8
Done fitting takes time: 0.1574
==Minimized===

This DFA has 6 states
States: ['5', '6', '1', '4', '2', '8']
Alphabet: set(['1', '0'])
Starting state: 4
Accepting states: ['1', '2', '4', '6', '8']
Transition function:
	1	2	4	5	6	8
1 	1	4	1	5	8	2
0 	6	5	1	5	6	5
Current state: 4
Currently accepting: True

Precision: 0.8239 Recall: 0.7523 Accuracy: 0.8257 F1: 0.7865


--------------------------------------------------------------------
Begin DFA extraction with n_state:9
Done fitting takes time: 0.2596
==Minimized===

This DFA has 3 states
States: ['5', '2', '9']
Alphabet: set(['1', '0'])
Starting state: 9
Accepting states: ['2', '9']
Transition function:
	2	5	9
1 	2	5	2
0 	5	5	9
Current state: 9
Currently accepting: True

Precision: 1.0000 Recall: 0.0974 Accuracy: 0.6147 F1: 0.1775


--------------------------------------------------------------------
Begin DFA extraction with n_state:10
Done fitting takes time: 0.3863
==Minimized===

This DFA has 3 states
States: ['5', '2', '9']
Alphabet: set(['1', '0'])
Starting state: 9
Accepting states: ['2', '9']
Transition function:
	2	5	9
1 	2	5	2
0 	5	5	9
Current state: 9
Currently accepting: True

Precision: 1.0000 Recall: 0.0974 Accuracy: 0.6147 F1: 0.1775


--------------------------------------------------------------------
Begin DFA extraction with n_state:11
Done fitting takes time: 0.1466
==Minimized===

This DFA has 3 states
States: ['5', '2', '9']
Alphabet: set(['1', '0'])
Starting state: 9
Accepting states: ['2', '9']
Transition function:
	2	5	9
1 	2	5	2
0 	5	5	9
Current state: 9
Currently accepting: True

Precision: 1.0000 Recall: 0.0974 Accuracy: 0.6147 F1: 0.1775


--------------------------------------------------------------------
Begin DFA extraction with n_state:12
Done fitting takes time: 0.1437
==Minimized===

This DFA has 3 states
States: ['12', '2', '9']
Alphabet: set(['1', '0'])
Starting state: 9
Accepting states: ['2', '9']
Transition function:
	12	2	9
1 	12	2	2
0 	12	12	9
Current state: 9
Currently accepting: True

Precision: 1.0000 Recall: 0.0974 Accuracy: 0.6147 F1: 0.1775


--------------------------------------------------------------------
Begin DFA extraction with n_state:13
Done fitting takes time: 0.2625
==Minimized===

This DFA has 3 states
States: ['13', '2', '9']
Alphabet: set(['1', '0'])
Starting state: 9
Accepting states: ['2', '9']
Transition function:
	13	2	9
1 	13	2	2
0 	13	13	9
Current state: 9
Currently accepting: True

Precision: 1.0000 Recall: 0.0974 Accuracy: 0.6147 F1: 0.1775


--------------------------------------------------------------------
Begin DFA extraction with n_state:14
Done fitting takes time: 0.1532
==Minimized===

This DFA has 6 states
States: ['2', '11', '10', '1', '13', '14']
Alphabet: set(['1', '0'])
Starting state: 14
Accepting states: ['11', '10', '1', '2']
Transition function:
	1	10	11	13	14	2
1 	10	10	2	13	10	2
0 	1	11	11	13	1	13
Current state: 14
Currently accepting: False

Precision: 1.0000 Recall: 1.0000 Accuracy: 1.0000 F1: 1.0000


--------------------------------------------------------------------
Begin DFA extraction with n_state:15
Done fitting takes time: 0.1038
==Minimized===

This DFA has 6 states
States: ['2', '11', '10', '1', '13', '14']
Alphabet: set(['1', '0'])
Starting state: 14
Accepting states: ['11', '10', '1', '2']
Transition function:
	1	10	11	13	14	2
1 	10	10	2	13	10	2
0 	1	11	11	13	1	13
Current state: 14
Currently accepting: False

Precision: 1.0000 Recall: 1.0000 Accuracy: 1.0000 F1: 1.0000


--------------------------------------------------------------------
Begin DFA extraction with n_state:16
Done fitting takes time: 0.2566
==Minimized===

This DFA has 6 states
States: ['2', '11', '10', '1', '12', '14']
Alphabet: set(['1', '0'])
Starting state: 14
Accepting states: ['11', '10', '1', '2']
Transition function:
	1	10	11	12	14	2
1 	10	10	2	12	10	2
0 	1	11	11	12	1	12
Current state: 14
Currently accepting: False

Precision: 1.0000 Recall: 1.0000 Accuracy: 1.0000 F1: 1.0000


--------------------------------------------------------------------
Begin DFA extraction with n_state:17
Done fitting takes time: 0.2891
==Minimized===

This DFA has 6 states
States: ['2', '11', '10', '1', '13', '14']
Alphabet: set(['1', '0'])
Starting state: 14
Accepting states: ['11', '10', '1', '2']
Transition function:
	1	10	11	13	14	2
1 	10	10	2	13	10	2
0 	1	11	11	13	1	13
Current state: 14
Currently accepting: False

Precision: 1.0000 Recall: 1.0000 Accuracy: 1.0000 F1: 1.0000


--------------------------------------------------------------------
Begin DFA extraction with n_state:18
Done fitting takes time: 0.1461
==Minimized===

This DFA has 6 states
States: ['18', '11', '10', '1', '13', '14']
Alphabet: set(['1', '0'])
Starting state: 14
Accepting states: ['11', '10', '18', '1']
Transition function:
	1	10	11	13	14	18
1 	10	10	18	13	10	18
0 	1	11	11	13	1	13
Current state: 14
Currently accepting: False

Precision: 1.0000 Recall: 1.0000 Accuracy: 1.0000 F1: 1.0000


--------------------------------------------------------------------
Begin DFA extraction with n_state:19
Done fitting takes time: 0.1106
==Minimized===

This DFA has 6 states
States: ['18', '11', '10', '1', '13', '14']
Alphabet: set(['1', '0'])
Starting state: 14
Accepting states: ['11', '10', '18', '1']
Transition function:
	1	10	11	13	14	18
1 	10	10	18	13	10	18
0 	1	11	11	13	1	13
Current state: 14
Currently accepting: False

Precision: 1.0000 Recall: 1.0000 Accuracy: 1.0000 F1: 1.0000
[ 0.          0.16774194  0.02549247  0.61668682  0.38360402  0.62513426
  0.78650307  0.17754011  0.17754011  0.17754011  0.17754011  0.17754011
  1.          1.          1.          1.          1.          1.        ]


[[ 0.          0.59831461  0.12338308  0.13066386  0.77192982  0.77192982
   0.67804878  0.67804878  0.67804878  0.52976704  0.52976704  0.72225417
   0.72225417  0.72225417  0.72225417  0.72225417  1.          1.        ]
 [ 0.          0.          0.59831461  0.          0.          0.          0.
   0.38813152  0.38813152  0.55649577  0.60440098  0.46035088  0.25649623
   0.45460845  0.20997921  0.20997921  0.22512563  0.80317848]
 [ 0.59831461  0.59831461  0.52976704  0.52976704  0.52976704  1.          1.
   1.          1.          1.          1.          1.          1.          1.
   1.          1.          1.          1.        ]
 [ 0.          0.59831461  0.52976704  0.52976704  0.52976704  0.52976704
   0.52976704  0.52976704  0.52976704  0.52976704  0.52976704  1.          1.
   1.          1.          1.          1.          1.        ]
 [ 0.          0.59831461  0.59831461  0.63338376  0.02549247  0.02549247
   1.          1.          1.          1.          1.          1.          1.
   1.          1.          1.          1.          1.        ]
 [ 0.          0.          0.17754011  0.52976704  1.          1.          1.
   1.          1.          1.          1.          1.          1.          1.
   1.          1.          1.          1.        ]
 [ 0.          0.16774194  0.02549247  0.61668682  0.38360402  0.62513426
   0.78650307  0.17754011  0.17754011  0.17754011  0.17754011  0.17754011
   1.          1.          1.          1.          1.          1.        ]
 [ 0.          0.          0.          0.          0.          0.          0.
   0.          0.          0.          0.          0.          0.          0.
   0.          0.          0.          0.        ]
 [ 0.          0.          0.          0.          0.          0.          0.
   0.          0.          0.          0.          0.          0.          0.
   0.          0.          0.          0.        ]]
