G:g7, model:LSTM tanh, load all data and stored hidden activations


--------------------------------------------------------------------
Begin DFA extraction with n_state:2
Done fitting takes time: 0.4109
==Minimized===

This DFA has 1 states
States: ['1']
Alphabet: set(['1', '0'])
Starting state: 1
Accepting states: []
Transition function:
	1
1 	1
0 	1
Current state: 1
Currently accepting: False

Precision: 0.0000 Recall: 0.0000 Accuracy: 0.5731 F1: 0.0000


--------------------------------------------------------------------
Begin DFA extraction with n_state:3
Done fitting takes time: 0.3123
==Minimized===

This DFA has 1 states
States: ['2']
Alphabet: set(['1', '0'])
Starting state: 2
Accepting states: []
Transition function:
	2
1 	2
0 	2
Current state: 2
Currently accepting: False

Precision: 0.0000 Recall: 0.0000 Accuracy: 0.5731 F1: 0.0000


--------------------------------------------------------------------
Begin DFA extraction with n_state:4
Done fitting takes time: 0.2307
==Minimized===

This DFA has 2 states
States: ['3', '4']
Alphabet: set(['1', '0'])
Starting state: 3
Accepting states: ['3']
Transition function:
	3	4
1 	3	4
0 	4	4
Current state: 3
Currently accepting: True

Precision: 1.0000 Recall: 0.0129 Accuracy: 0.5787 F1: 0.0255


--------------------------------------------------------------------
Begin DFA extraction with n_state:5
Done fitting takes time: 0.2970
==Minimized===

This DFA has 2 states
States: ['3', '5']
Alphabet: set(['1', '0'])
Starting state: 3
Accepting states: ['3']
Transition function:
	3	5
1 	3	5
0 	5	5
Current state: 3
Currently accepting: True

Precision: 1.0000 Recall: 0.0129 Accuracy: 0.5787 F1: 0.0255


--------------------------------------------------------------------
Begin DFA extraction with n_state:6
Done fitting takes time: 0.1836
==Minimized===

This DFA has 2 states
States: ['3', '5']
Alphabet: set(['1', '0'])
Starting state: 3
Accepting states: ['3']
Transition function:
	3	5
1 	3	5
0 	5	5
Current state: 3
Currently accepting: True

Precision: 1.0000 Recall: 0.0129 Accuracy: 0.5787 F1: 0.0255


--------------------------------------------------------------------
Begin DFA extraction with n_state:7
Done fitting takes time: 0.3613
==Minimized===

This DFA has 2 states
States: ['3', '5']
Alphabet: set(['1', '0'])
Starting state: 3
Accepting states: ['3']
Transition function:
	3	5
1 	3	5
0 	5	5
Current state: 3
Currently accepting: True

Precision: 1.0000 Recall: 0.0129 Accuracy: 0.5787 F1: 0.0255


--------------------------------------------------------------------
Begin DFA extraction with n_state:8
Done fitting takes time: 0.2213
==Minimized===

This DFA has 6 states
States: ['8', '7', '1', '2', '3', '5']
Alphabet: set(['1', '0'])
Starting state: 3
Accepting states: ['1', '8', '2', '7']
Transition function:
	1	2	3	5	7	8
1 	2	2	2	5	8	8
0 	1	7	1	5	7	5
Current state: 3
Currently accepting: False

Precision: 1.0000 Recall: 1.0000 Accuracy: 1.0000 F1: 1.0000


--------------------------------------------------------------------
Begin DFA extraction with n_state:9
Done fitting takes time: 0.1390
==Minimized===

This DFA has 6 states
States: ['8', '7', '1', '2', '3', '5']
Alphabet: set(['1', '0'])
Starting state: 3
Accepting states: ['1', '2', '7', '8']
Transition function:
	1	2	3	5	7	8
1 	2	2	2	5	8	8
0 	1	7	1	5	7	5
Current state: 3
Currently accepting: False

Precision: 1.0000 Recall: 1.0000 Accuracy: 1.0000 F1: 1.0000


--------------------------------------------------------------------
Begin DFA extraction with n_state:10
Done fitting takes time: 0.3067
==Minimized===

This DFA has 6 states
States: ['8', '7', '1', '2', '10', '3']
Alphabet: set(['1', '0'])
Starting state: 3
Accepting states: ['1', '2', '7', '8']
Transition function:
	1	10	2	3	7	8
1 	2	10	2	2	8	8
0 	1	10	7	1	7	10
Current state: 3
Currently accepting: False

Precision: 1.0000 Recall: 1.0000 Accuracy: 1.0000 F1: 1.0000


--------------------------------------------------------------------
Begin DFA extraction with n_state:11
Done fitting takes time: 0.3866
==Minimized===

This DFA has 6 states
States: ['8', '11', '1', '2', '10', '3']
Alphabet: set(['1', '0'])
Starting state: 3
Accepting states: ['11', '1', '2', '8']
Transition function:
	1	10	11	2	3	8
1 	2	10	8	2	2	8
0 	1	10	11	11	1	10
Current state: 3
Currently accepting: False

Precision: 1.0000 Recall: 1.0000 Accuracy: 1.0000 F1: 1.0000


--------------------------------------------------------------------
Begin DFA extraction with n_state:12
Done fitting takes time: 0.3529
==Minimized===

This DFA has 6 states
States: ['8', '11', '1', '2', '10', '3']
Alphabet: set(['1', '0'])
Starting state: 3
Accepting states: ['11', '1', '2', '8']
Transition function:
	1	10	11	2	3	8
1 	2	10	8	2	2	8
0 	1	10	11	11	1	10
Current state: 3
Currently accepting: False

Precision: 1.0000 Recall: 1.0000 Accuracy: 1.0000 F1: 1.0000


--------------------------------------------------------------------
Begin DFA extraction with n_state:13
Done fitting takes time: 0.3356
==Minimized===

This DFA has 6 states
States: ['8', '11', '13', '1', '10', '3']
Alphabet: set(['1', '0'])
Starting state: 3
Accepting states: ['11', '13', '1', '8']
Transition function:
	1	10	11	13	3	8
1 	13	10	8	13	13	8
0 	1	10	11	11	1	10
Current state: 3
Currently accepting: False

Precision: 1.0000 Recall: 1.0000 Accuracy: 1.0000 F1: 1.0000


--------------------------------------------------------------------
Begin DFA extraction with n_state:14
Done fitting takes time: 0.3523
==Minimized===

This DFA has 6 states
States: ['14', '11', '13', '1', '10', '3']
Alphabet: set(['1', '0'])
Starting state: 3
Accepting states: ['11', '13', '14', '1']
Transition function:
	1	10	11	13	14	3
1 	13	10	14	13	14	13
0 	1	10	11	11	10	1
Current state: 3
Currently accepting: False

Precision: 1.0000 Recall: 1.0000 Accuracy: 1.0000 F1: 1.0000


--------------------------------------------------------------------
Begin DFA extraction with n_state:15
Done fitting takes time: 0.1264
==Minimized===

This DFA has 6 states
States: ['14', '11', '13', '1', '10', '3']
Alphabet: set(['1', '0'])
Starting state: 3
Accepting states: ['11', '13', '14', '1']
Transition function:
	1	10	11	13	14	3
1 	13	10	14	13	14	13
0 	1	10	11	11	10	1
Current state: 3
Currently accepting: False

Precision: 1.0000 Recall: 1.0000 Accuracy: 1.0000 F1: 1.0000


--------------------------------------------------------------------
Begin DFA extraction with n_state:16
Done fitting takes time: 0.1271
==Minimized===

This DFA has 6 states
States: ['14', '11', '13', '1', '10', '3']
Alphabet: set(['1', '0'])
Starting state: 3
Accepting states: ['11', '13', '14', '1']
Transition function:
	1	10	11	13	14	3
1 	13	10	14	13	14	13
0 	1	10	11	11	10	1
Current state: 3
Currently accepting: False

Precision: 1.0000 Recall: 1.0000 Accuracy: 1.0000 F1: 1.0000


--------------------------------------------------------------------
Begin DFA extraction with n_state:17
Done fitting takes time: 0.4236
==Minimized===

This DFA has 6 states
States: ['14', '11', '13', '1', '12', '3']
Alphabet: set(['1', '0'])
Starting state: 3
Accepting states: ['11', '13', '14', '1']
Transition function:
	1	11	12	13	14	3
1 	13	14	12	13	14	13
0 	1	11	12	11	12	1
Current state: 3
Currently accepting: False

Precision: 1.0000 Recall: 1.0000 Accuracy: 1.0000 F1: 1.0000


--------------------------------------------------------------------
Begin DFA extraction with n_state:18
Done fitting takes time: 0.1693
==Minimized===

This DFA has 6 states
States: ['14', '11', '13', '1', '10', '3']
Alphabet: set(['1', '0'])
Starting state: 3
Accepting states: ['11', '13', '14', '1']
Transition function:
	1	10	11	13	14	3
1 	13	10	14	13	14	13
0 	1	10	11	11	10	1
Current state: 3
Currently accepting: False

Precision: 1.0000 Recall: 1.0000 Accuracy: 1.0000 F1: 1.0000


--------------------------------------------------------------------
Begin DFA extraction with n_state:19
Done fitting takes time: 0.3281
==Minimized===

This DFA has 6 states
States: ['14', '11', '13', '1', '10', '3']
Alphabet: set(['1', '0'])
Starting state: 3
Accepting states: ['11', '13', '14', '1']
Transition function:
	1	10	11	13	14	3
1 	13	10	14	13	14	13
0 	1	10	11	11	10	1
Current state: 3
Currently accepting: False

Precision: 1.0000 Recall: 1.0000 Accuracy: 1.0000 F1: 1.0000
[ 0.          0.          0.02549247  0.02549247  0.02549247  0.02549247
  1.          1.          1.          1.          1.          1.          1.
  1.          1.          1.          1.          1.        ]


[[ 0.          0.59831461  0.59831461  0.59831461  0.59831461  0.62768616
   0.72225417  0.72225417  0.72225417  0.72225417  0.72225417  1.          1.
   1.          1.          1.          1.          1.        ]
 [ 0.          0.          0.          0.          0.          0.          0.
   0.          0.53694355  0.48538012  0.45709947  0.27353464  0.67688378
   0.67068758  0.42253521  0.57084746  0.72727273  0.80620155]
 [ 0.          0.59831461  0.02549247  0.02549247  0.02549247  1.          1.
   1.          1.          1.          1.          1.          1.          1.
   1.          1.          1.          1.        ]
 [ 0.          0.59831461  0.59831461  0.59831461  1.          1.          1.
   1.          1.          1.          1.          1.          1.          1.
   1.          1.          1.          1.        ]
 [ 0.          0.59831461  0.02549247  0.59831461  1.          1.          1.
   1.          1.          1.          1.          1.          1.          1.
   1.          1.          1.          1.        ]
 [ 0.          0.02777778  0.17754011  0.17754011  0.17754011  0.17754011
   0.17754011  1.          1.          1.          1.          1.          1.
   1.          1.          1.          1.          1.        ]
 [ 0.          0.59831461  0.59831461  0.59831461  0.59831461  0.59831461
   0.16774194  0.74151436  0.74151436  0.71062992  0.74151436  1.
   0.17754011  0.17754011  1.          1.          1.          1.        ]
 [ 0.          0.          0.02549247  0.02549247  0.02549247  0.02549247
   1.          1.          1.          1.          1.          1.          1.
   1.          1.          1.          1.          1.        ]
 [ 0.          0.          0.          0.          0.          0.          0.
   0.          0.          0.          0.          0.          0.          0.
   0.          0.          0.          0.        ]]
