G:g7, model:SRN sigmoid, load all data and stored hidden activations


--------------------------------------------------------------------
Begin DFA extraction with n_state:2
Done fitting takes time: 0.0921
==Minimized===

This DFA has 1 states
States: ['2']
Alphabet: set(['1', '0'])
Starting state: 2
Accepting states: []
Transition function:
	2
1 	2
0 	2
Current state: 2
Currently accepting: False

Precision: 0.0000 Recall: 0.0000 Accuracy: 0.5731 F1: 0.0000


--------------------------------------------------------------------
Begin DFA extraction with n_state:3
Done fitting takes time: 0.1585
==Minimized===

This DFA has 1 states
States: ['1']
Alphabet: set(['1', '0'])
Starting state: 1
Accepting states: ['1']
Transition function:
	1
1 	1
0 	1
Current state: 1
Currently accepting: True

Precision: 0.4269 Recall: 1.0000 Accuracy: 0.4269 F1: 0.5983


--------------------------------------------------------------------
Begin DFA extraction with n_state:4
Done fitting takes time: 0.0869
==Minimized===

This DFA has 1 states
States: ['1']
Alphabet: set(['1', '0'])
Starting state: 1
Accepting states: ['1']
Transition function:
	1
1 	1
0 	1
Current state: 1
Currently accepting: True

Precision: 0.4269 Recall: 1.0000 Accuracy: 0.4269 F1: 0.5983


--------------------------------------------------------------------
Begin DFA extraction with n_state:5
Done fitting takes time: 0.0879
==Minimized===

This DFA has 4 states
States: ['5', '4', '1', '3']
Alphabet: set(['1', '0'])
Starting state: 5
Accepting states: ['5', '4']
Transition function:
	1	3	4	5
1 	4	3	4	1
0 	1	3	3	1
Current state: 5
Currently accepting: True

Precision: 1.0000 Recall: 0.1338 Accuracy: 0.6303 F1: 0.2360


--------------------------------------------------------------------
Begin DFA extraction with n_state:6
Done fitting takes time: 0.1924
==Minimized===

This DFA has 1 states
States: ['1']
Alphabet: set(['1', '0'])
Starting state: 1
Accepting states: ['1']
Transition function:
	1
1 	1
0 	1
Current state: 1
Currently accepting: True

Precision: 0.4269 Recall: 1.0000 Accuracy: 0.4269 F1: 0.5983


--------------------------------------------------------------------
Begin DFA extraction with n_state:7
Done fitting takes time: 0.1804
==Minimized===

This DFA has 1 states
States: ['1']
Alphabet: set(['1', '0'])
Starting state: 1
Accepting states: ['1']
Transition function:
	1
1 	1
0 	1
Current state: 1
Currently accepting: True

Precision: 0.4269 Recall: 1.0000 Accuracy: 0.4269 F1: 0.5983


--------------------------------------------------------------------
Begin DFA extraction with n_state:8
Done fitting takes time: 0.3511
==Minimized===

This DFA has 1 states
States: ['5']
Alphabet: set(['1', '0'])
Starting state: 5
Accepting states: ['5']
Transition function:
	5
1 	5
0 	5
Current state: 5
Currently accepting: True

Precision: 0.4269 Recall: 1.0000 Accuracy: 0.4269 F1: 0.5983


--------------------------------------------------------------------
Begin DFA extraction with n_state:9
Done fitting takes time: 0.3431
==Minimized===

This DFA has 3 states
States: ['3', '7', '8']
Alphabet: set(['1', '0'])
Starting state: 8
Accepting states: ['7', '8']
Transition function:
	3	7	8
1 	3	7	7
0 	3	3	8
Current state: 8
Currently accepting: True

Precision: 1.0000 Recall: 0.0974 Accuracy: 0.6147 F1: 0.1775


--------------------------------------------------------------------
Begin DFA extraction with n_state:10
Done fitting takes time: 0.2668
==Minimized===

This DFA has 3 states
States: ['3', '7', '8']
Alphabet: set(['1', '0'])
Starting state: 8
Accepting states: ['7', '8']
Transition function:
	3	7	8
1 	3	7	7
0 	3	3	8
Current state: 8
Currently accepting: True

Precision: 1.0000 Recall: 0.0974 Accuracy: 0.6147 F1: 0.1775


--------------------------------------------------------------------
Begin DFA extraction with n_state:11
Done fitting takes time: 0.3675
==Minimized===

This DFA has 6 states
States: ['7', '11', '10', '4', '3', '8']
Alphabet: set(['1', '0'])
Starting state: 8
Accepting states: ['11', '10', '4', '7']
Transition function:
	10	11	3	4	7	8
1 	4	7	3	4	7	4
0 	10	11	3	11	3	10
Current state: 8
Currently accepting: False

Precision: 1.0000 Recall: 1.0000 Accuracy: 1.0000 F1: 1.0000


--------------------------------------------------------------------
Begin DFA extraction with n_state:12
Done fitting takes time: 0.3020
==Minimized===

This DFA has 6 states
States: ['7', '11', '10', '4', '12', '8']
Alphabet: set(['1', '0'])
Starting state: 8
Accepting states: ['11', '10', '4', '7']
Transition function:
	10	11	12	4	7	8
1 	4	7	12	4	7	4
0 	10	11	12	11	12	10
Current state: 8
Currently accepting: False

Precision: 1.0000 Recall: 1.0000 Accuracy: 1.0000 F1: 1.0000


--------------------------------------------------------------------
Begin DFA extraction with n_state:13
Done fitting takes time: 0.3429
==Minimized===

This DFA has 6 states
States: ['13', '11', '10', '4', '12', '8']
Alphabet: set(['1', '0'])
Starting state: 8
Accepting states: ['11', '10', '13', '4']
Transition function:
	10	11	12	13	4	8
1 	4	13	12	13	4	4
0 	10	11	12	12	11	10
Current state: 8
Currently accepting: False

Precision: 1.0000 Recall: 1.0000 Accuracy: 1.0000 F1: 1.0000


--------------------------------------------------------------------
Begin DFA extraction with n_state:14
Done fitting takes time: 0.1132
==Minimized===

This DFA has 6 states
States: ['13', '11', '10', '4', '12', '14']
Alphabet: set(['1', '0'])
Starting state: 14
Accepting states: ['11', '10', '13', '4']
Transition function:
	10	11	12	13	14	4
1 	4	13	12	13	4	4
0 	10	11	12	12	10	11
Current state: 14
Currently accepting: False

Precision: 1.0000 Recall: 1.0000 Accuracy: 1.0000 F1: 1.0000


--------------------------------------------------------------------
Begin DFA extraction with n_state:15
Done fitting takes time: 0.1008
==Minimized===

This DFA has 6 states
States: ['13', '11', '10', '4', '12', '14']
Alphabet: set(['1', '0'])
Starting state: 14
Accepting states: ['11', '10', '13', '4']
Transition function:
	10	11	12	13	14	4
1 	4	13	12	13	4	4
0 	10	11	12	12	10	11
Current state: 14
Currently accepting: False

Precision: 1.0000 Recall: 1.0000 Accuracy: 1.0000 F1: 1.0000


--------------------------------------------------------------------
Begin DFA extraction with n_state:16
Done fitting takes time: 0.1055
==Minimized===

This DFA has 6 states
States: ['13', '11', '10', '16', '12', '14']
Alphabet: set(['1', '0'])
Starting state: 14
Accepting states: ['11', '10', '13', '16']
Transition function:
	10	11	12	13	14	16
1 	16	13	12	13	16	16
0 	10	11	12	12	10	11
Current state: 14
Currently accepting: False

Precision: 1.0000 Recall: 1.0000 Accuracy: 1.0000 F1: 1.0000


--------------------------------------------------------------------
Begin DFA extraction with n_state:17
Done fitting takes time: 0.2723
==Minimized===

This DFA has 6 states
States: ['13', '11', '10', '16', '12', '14']
Alphabet: set(['1', '0'])
Starting state: 14
Accepting states: ['11', '10', '13', '16']
Transition function:
	10	11	12	13	14	16
1 	16	13	12	13	16	16
0 	10	11	12	12	10	11
Current state: 14
Currently accepting: False

Precision: 1.0000 Recall: 1.0000 Accuracy: 1.0000 F1: 1.0000


--------------------------------------------------------------------
Begin DFA extraction with n_state:18
Done fitting takes time: 0.3246
==Minimized===

This DFA has 6 states
States: ['18', '11', '10', '13', '12', '14']
Alphabet: set(['1', '0'])
Starting state: 14
Accepting states: ['11', '10', '13', '18']
Transition function:
	10	11	12	13	14	18
1 	13	18	12	13	13	18
0 	10	11	12	11	10	12
Current state: 14
Currently accepting: False

Precision: 1.0000 Recall: 1.0000 Accuracy: 1.0000 F1: 1.0000


--------------------------------------------------------------------
Begin DFA extraction with n_state:19
Done fitting takes time: 0.2434
==Minimized===

This DFA has 6 states
States: ['18', '11', '10', '16', '13', '14']
Alphabet: set(['1', '0'])
Starting state: 14
Accepting states: ['11', '10', '16', '18']
Transition function:
	10	11	13	14	16	18
1 	16	18	13	16	16	18
0 	10	11	13	10	11	13
Current state: 14
Currently accepting: False

Precision: 1.0000 Recall: 1.0000 Accuracy: 1.0000 F1: 1.0000
[ 0.          0.59831461  0.59831461  0.23602484  0.59831461  0.59831461
  0.59831461  0.17754011  0.17754011  1.          1.          1.          1.
  1.          1.          1.          1.          1.        ]


[[ 0.          0.59831461  0.59831461  0.23602484  0.59831461  0.59831461
   0.59831461  0.17754011  0.17754011  1.          1.          1.          1.
   1.          1.          1.          1.          1.        ]
 [ 0.          0.          0.          0.          0.          0.          0.
   0.          0.          0.          0.          0.          0.          0.
   0.          0.          0.          0.        ]
 [ 0.          0.          0.          0.          0.          0.          0.
   0.          0.          0.          0.          0.          0.          0.
   0.          0.          0.          0.        ]
 [ 0.          0.          0.          0.          0.          0.          0.
   0.          0.          0.          0.          0.          0.          0.
   0.          0.          0.          0.        ]
 [ 0.          0.          0.          0.          0.          0.          0.
   0.          0.          0.          0.          0.          0.          0.
   0.          0.          0.          0.        ]
 [ 0.          0.          0.          0.          0.          0.          0.
   0.          0.          0.          0.          0.          0.          0.
   0.          0.          0.          0.        ]
 [ 0.          0.          0.          0.          0.          0.          0.
   0.          0.          0.          0.          0.          0.          0.
   0.          0.          0.          0.        ]
 [ 0.          0.          0.          0.          0.          0.          0.
   0.          0.          0.          0.          0.          0.          0.
   0.          0.          0.          0.        ]
 [ 0.          0.          0.          0.          0.          0.          0.
   0.          0.          0.          0.          0.          0.          0.
   0.          0.          0.          0.        ]]
