G:g7, model:UNI tanh, load all data and stored hidden activations


--------------------------------------------------------------------
Begin DFA extraction with n_state:2
Done fitting takes time: 0.0762
==Minimized===

This DFA has 1 states
States: ['1']
Alphabet: set(['1', '0'])
Starting state: 1
Accepting states: ['1']
Transition function:
	1
1 	1
0 	1
Current state: 1
Currently accepting: True

Precision: 0.4269 Recall: 1.0000 Accuracy: 0.4269 F1: 0.5983


--------------------------------------------------------------------
Begin DFA extraction with n_state:3
Done fitting takes time: 0.1366
==Minimized===

This DFA has 1 states
States: ['1']
Alphabet: set(['1', '0'])
Starting state: 1
Accepting states: ['1']
Transition function:
	1
1 	1
0 	1
Current state: 1
Currently accepting: True

Precision: 0.4269 Recall: 1.0000 Accuracy: 0.4269 F1: 0.5983


--------------------------------------------------------------------
Begin DFA extraction with n_state:4
Done fitting takes time: 0.1958
==Minimized===

This DFA has 2 states
States: ['3', '4']
Alphabet: set(['1', '0'])
Starting state: 3
Accepting states: ['3']
Transition function:
	3	4
1 	3	4
0 	4	4
Current state: 3
Currently accepting: True

Precision: 1.0000 Recall: 0.0129 Accuracy: 0.5787 F1: 0.0255


--------------------------------------------------------------------
Begin DFA extraction with n_state:5
Done fitting takes time: 0.0902
==Minimized===

This DFA has 3 states
States: ['4', '3', '5']
Alphabet: set(['1', '0'])
Starting state: 5
Accepting states: ['3', '5']
Transition function:
	3	4	5
1 	3	4	3
0 	4	4	5
Current state: 5
Currently accepting: True

Precision: 1.0000 Recall: 0.0974 Accuracy: 0.6147 F1: 0.1775


--------------------------------------------------------------------
Begin DFA extraction with n_state:6
Done fitting takes time: 0.1111
==Minimized===

This DFA has 6 states
States: ['3', '6', '1', '2', '5', '4']
Alphabet: set(['1', '0'])
Starting state: 5
Accepting states: ['1', '3', '2', '6']
Transition function:
	1	2	3	4	5	6
1 	2	2	3	4	2	3
0 	1	6	4	4	1	6
Current state: 5
Currently accepting: False

Precision: 1.0000 Recall: 1.0000 Accuracy: 1.0000 F1: 1.0000


--------------------------------------------------------------------
Begin DFA extraction with n_state:7
Done fitting takes time: 0.0860
==Minimized===

This DFA has 6 states
States: ['3', '6', '1', '2', '5', '4']
Alphabet: set(['1', '0'])
Starting state: 5
Accepting states: ['1', '3', '2', '6']
Transition function:
	1	2	3	4	5	6
1 	2	2	3	4	2	3
0 	1	6	4	4	1	6
Current state: 5
Currently accepting: False

Precision: 1.0000 Recall: 1.0000 Accuracy: 1.0000 F1: 1.0000


--------------------------------------------------------------------
Begin DFA extraction with n_state:8
Done fitting takes time: 0.1910
==Minimized===

This DFA has 6 states
States: ['3', '6', '1', '2', '5', '4']
Alphabet: set(['1', '0'])
Starting state: 5
Accepting states: ['1', '3', '2', '6']
Transition function:
	1	2	3	4	5	6
1 	2	2	3	4	2	3
0 	1	6	4	4	1	6
Current state: 5
Currently accepting: False

Precision: 1.0000 Recall: 1.0000 Accuracy: 1.0000 F1: 1.0000


--------------------------------------------------------------------
Begin DFA extraction with n_state:9
Done fitting takes time: 0.0913
==Minimized===

This DFA has 6 states
States: ['3', '6', '1', '2', '5', '4']
Alphabet: set(['1', '0'])
Starting state: 5
Accepting states: ['1', '3', '2', '6']
Transition function:
	1	2	3	4	5	6
1 	2	2	3	4	2	3
0 	1	6	4	4	1	6
Current state: 5
Currently accepting: False

Precision: 1.0000 Recall: 1.0000 Accuracy: 1.0000 F1: 1.0000


--------------------------------------------------------------------
Begin DFA extraction with n_state:10
Done fitting takes time: 0.2392
==Minimized===

This DFA has 6 states
States: ['3', '6', '1', '2', '5', '4']
Alphabet: set(['1', '0'])
Starting state: 5
Accepting states: ['1', '3', '2', '6']
Transition function:
	1	2	3	4	5	6
1 	2	2	3	4	2	3
0 	1	6	4	4	1	6
Current state: 5
Currently accepting: False

Precision: 1.0000 Recall: 1.0000 Accuracy: 1.0000 F1: 1.0000


--------------------------------------------------------------------
Begin DFA extraction with n_state:11
Done fitting takes time: 0.0888
==Minimized===

This DFA has 6 states
States: ['3', '6', '1', '2', '11', '5']
Alphabet: set(['1', '0'])
Starting state: 5
Accepting states: ['1', '3', '2', '6']
Transition function:
	1	11	2	3	5	6
1 	2	11	2	3	2	3
0 	1	11	6	11	1	6
Current state: 5
Currently accepting: False

Precision: 1.0000 Recall: 1.0000 Accuracy: 1.0000 F1: 1.0000


--------------------------------------------------------------------
Begin DFA extraction with n_state:12
Done fitting takes time: 0.0896
==Minimized===

This DFA has 6 states
States: ['3', '6', '10', '12', '11', '5']
Alphabet: set(['1', '0'])
Starting state: 5
Accepting states: ['10', '12', '3', '6']
Transition function:
	10	11	12	3	5	6
1 	12	11	12	3	12	3
0 	10	11	6	11	10	6
Current state: 5
Currently accepting: False

Precision: 1.0000 Recall: 1.0000 Accuracy: 1.0000 F1: 1.0000


--------------------------------------------------------------------
Begin DFA extraction with n_state:13
Done fitting takes time: 0.0976
==Minimized===

This DFA has 6 states
States: ['3', '6', '10', '12', '11', '5']
Alphabet: set(['1', '0'])
Starting state: 5
Accepting states: ['10', '12', '3', '6']
Transition function:
	10	11	12	3	5	6
1 	12	11	12	3	12	3
0 	10	11	6	11	10	6
Current state: 5
Currently accepting: False

Precision: 1.0000 Recall: 1.0000 Accuracy: 1.0000 F1: 1.0000


--------------------------------------------------------------------
Begin DFA extraction with n_state:14
Done fitting takes time: 0.0915
==Minimized===

This DFA has 6 states
States: ['3', '6', '10', '12', '11', '5']
Alphabet: set(['1', '0'])
Starting state: 5
Accepting states: ['10', '12', '3', '6']
Transition function:
	10	11	12	3	5	6
1 	12	11	12	3	12	3
0 	10	11	6	11	10	6
Current state: 5
Currently accepting: False

Precision: 1.0000 Recall: 1.0000 Accuracy: 1.0000 F1: 1.0000


--------------------------------------------------------------------
Begin DFA extraction with n_state:15
Done fitting takes time: 0.2506
==Minimized===

This DFA has 6 states
States: ['3', '6', '10', '12', '11', '5']
Alphabet: set(['1', '0'])
Starting state: 5
Accepting states: ['10', '12', '3', '6']
Transition function:
	10	11	12	3	5	6
1 	12	11	12	3	12	3
0 	10	11	6	11	10	6
Current state: 5
Currently accepting: False

Precision: 1.0000 Recall: 1.0000 Accuracy: 1.0000 F1: 1.0000


--------------------------------------------------------------------
Begin DFA extraction with n_state:16
Done fitting takes time: 0.0993
==Minimized===

This DFA has 6 states
States: ['3', '6', '10', '12', '11', '5']
Alphabet: set(['1', '0'])
Starting state: 5
Accepting states: ['10', '12', '3', '6']
Transition function:
	10	11	12	3	5	6
1 	12	11	12	3	12	3
0 	10	11	6	11	10	6
Current state: 5
Currently accepting: False

Precision: 1.0000 Recall: 1.0000 Accuracy: 1.0000 F1: 1.0000


--------------------------------------------------------------------
Begin DFA extraction with n_state:17
Done fitting takes time: 0.1292
==Minimized===

This DFA has 6 states
States: ['17', '6', '10', '12', '11', '5']
Alphabet: set(['1', '0'])
Starting state: 5
Accepting states: ['10', '12', '17', '6']
Transition function:
	10	11	12	17	5	6
1 	12	11	12	17	12	17
0 	10	11	6	11	10	6
Current state: 5
Currently accepting: False

Precision: 1.0000 Recall: 1.0000 Accuracy: 1.0000 F1: 1.0000


--------------------------------------------------------------------
Begin DFA extraction with n_state:18
Done fitting takes time: 0.2463
==Minimized===

This DFA has 6 states
States: ['17', '6', '10', '12', '11', '5']
Alphabet: set(['1', '0'])
Starting state: 5
Accepting states: ['10', '12', '17', '6']
Transition function:
	10	11	12	17	5	6
1 	12	11	12	17	12	17
0 	10	11	6	11	10	6
Current state: 5
Currently accepting: False

Precision: 1.0000 Recall: 1.0000 Accuracy: 1.0000 F1: 1.0000


--------------------------------------------------------------------
Begin DFA extraction with n_state:19
Done fitting takes time: 0.2905
==Minimized===

This DFA has 6 states
States: ['17', '19', '10', '12', '11', '5']
Alphabet: set(['1', '0'])
Starting state: 5
Accepting states: ['10', '12', '17', '19']
Transition function:
	10	11	12	17	19	5
1 	12	11	12	17	17	12
0 	10	11	19	11	19	10
Current state: 5
Currently accepting: False

Precision: 1.0000 Recall: 1.0000 Accuracy: 1.0000 F1: 1.0000
[ 0.59831461  0.59831461  0.02549247  0.17754011  1.          1.          1.
  1.          1.          1.          1.          1.          1.          1.
  1.          1.          1.          1.        ]


[[ 0.          0.59831461  0.59831461  0.59831461  0.18762089  0.20714286
   0.59831461  0.17754011  0.17754011  1.          1.          1.          1.
   1.          1.          1.          1.          1.        ]
 [ 0.          0.          0.          0.          0.          0.
   0.26887967  0.33717579  0.02549247  0.02549247  0.          0.24787133
   0.19444444  0.30141549  0.36092097  0.38188153  0.39185751  0.39185751]
 [ 0.          0.          0.          0.          0.          0.          0.
   0.          0.          0.          0.          0.          0.          0.
   0.          0.          0.          0.        ]
 [ 0.          0.          0.          0.          0.          0.          0.
   0.          0.          0.          0.          0.          0.          0.
   0.          0.          0.          0.        ]
 [ 0.          0.59831461  0.52976704  0.52976704  0.52976704  0.52976704
   0.52976704  1.          1.          1.          1.          1.          1.
   1.          1.          1.          1.          1.        ]
 [ 0.59831461  0.59831461  0.02549247  0.17754011  1.          1.          1.
   1.          1.          1.          1.          1.          1.          1.
   1.          1.          1.          1.        ]
 [ 0.          0.          0.          0.          0.          0.          0.
   0.          0.          0.          0.          0.          0.          0.
   0.          0.          0.          0.        ]
 [ 0.          0.          0.          0.          0.          0.          0.
   0.          0.          0.          0.          0.          0.          0.
   0.          0.          0.          0.        ]
 [ 0.          0.          0.          0.          0.          0.          0.
   0.          0.          0.          0.          0.          0.          0.
   0.          0.          0.          0.        ]]
