G:g7, model:O2 sigmoid, load all data and stored hidden activations


--------------------------------------------------------------------
Begin DFA extraction with n_state:2
Done fitting takes time: 0.1227
==Minimized===

This DFA has 1 states
States: ['2']
Alphabet: set(['1', '0'])
Starting state: 2
Accepting states: []
Transition function:
	2
1 	2
0 	2
Current state: 2
Currently accepting: False

Precision: 0.0000 Recall: 0.0000 Accuracy: 0.5731 F1: 0.0000


--------------------------------------------------------------------
Begin DFA extraction with n_state:3
Done fitting takes time: 0.0908
==Minimized===

This DFA has 1 states
States: ['1']
Alphabet: set(['1', '0'])
Starting state: 1
Accepting states: ['1']
Transition function:
	1
1 	1
0 	1
Current state: 1
Currently accepting: True

Precision: 0.4269 Recall: 1.0000 Accuracy: 0.4269 F1: 0.5983


--------------------------------------------------------------------
Begin DFA extraction with n_state:4
Done fitting takes time: 0.0951
==Minimized===

This DFA has 4 states
States: ['3', '4', '1', '2']
Alphabet: set(['1', '0'])
Starting state: 2
Accepting states: ['1', '2', '4']
Transition function:
	1	2	3	4
1 	4	2	4	4
0 	1	1	3	3
Current state: 2
Currently accepting: True

Precision: 0.5801 Recall: 0.8157 Accuracy: 0.6693 F1: 0.6780


--------------------------------------------------------------------
Begin DFA extraction with n_state:5
Done fitting takes time: 0.0928
==Minimized===

This DFA has 2 states
States: ['5', '3']
Alphabet: set(['1', '0'])
Starting state: 5
Accepting states: ['5']
Transition function:
	3	5
1 	3	5
0 	3	3
Current state: 5
Currently accepting: True

Precision: 1.0000 Recall: 0.0129 Accuracy: 0.5787 F1: 0.0255


--------------------------------------------------------------------
Begin DFA extraction with n_state:6
Done fitting takes time: 0.1408
==Minimized===

This DFA has 2 states
States: ['5', '3']
Alphabet: set(['1', '0'])
Starting state: 5
Accepting states: ['5']
Transition function:
	3	5
1 	3	5
0 	3	3
Current state: 5
Currently accepting: True

Precision: 1.0000 Recall: 0.0129 Accuracy: 0.5787 F1: 0.0255


--------------------------------------------------------------------
Begin DFA extraction with n_state:7
Done fitting takes time: 0.1123
==Minimized===

This DFA has 6 states
States: ['5', '6', '1', '2', '3', '7']
Alphabet: set(['1', '0'])
Starting state: 7
Accepting states: ['1', '2', '5', '6']
Transition function:
	1	2	3	5	6	7
1 	2	2	3	5	5	2
0 	1	6	3	3	6	1
Current state: 7
Currently accepting: False

Precision: 1.0000 Recall: 1.0000 Accuracy: 1.0000 F1: 1.0000


--------------------------------------------------------------------
Begin DFA extraction with n_state:8
Done fitting takes time: 0.2070
==Minimized===

This DFA has 6 states
States: ['5', '6', '1', '2', '3', '7']
Alphabet: set(['1', '0'])
Starting state: 7
Accepting states: ['1', '2', '5', '6']
Transition function:
	1	2	3	5	6	7
1 	2	2	3	5	5	2
0 	1	6	3	3	6	1
Current state: 7
Currently accepting: False

Precision: 1.0000 Recall: 1.0000 Accuracy: 1.0000 F1: 1.0000


--------------------------------------------------------------------
Begin DFA extraction with n_state:9
Done fitting takes time: 0.0932
==Minimized===

This DFA has 6 states
States: ['5', '6', '1', '2', '3', '7']
Alphabet: set(['1', '0'])
Starting state: 7
Accepting states: ['1', '2', '5', '6']
Transition function:
	1	2	3	5	6	7
1 	2	2	3	5	5	2
0 	1	6	3	3	6	1
Current state: 7
Currently accepting: False

Precision: 1.0000 Recall: 1.0000 Accuracy: 1.0000 F1: 1.0000


--------------------------------------------------------------------
Begin DFA extraction with n_state:10
Done fitting takes time: 0.0918
==Minimized===

This DFA has 6 states
States: ['5', '6', '10', '1', '3', '7']
Alphabet: set(['1', '0'])
Starting state: 7
Accepting states: ['10', '1', '5', '6']
Transition function:
	1	10	3	5	6	7
1 	10	10	3	5	5	10
0 	1	6	3	3	6	1
Current state: 7
Currently accepting: False

Precision: 1.0000 Recall: 1.0000 Accuracy: 1.0000 F1: 1.0000


--------------------------------------------------------------------
Begin DFA extraction with n_state:11
Done fitting takes time: 0.0948
==Minimized===

This DFA has 6 states
States: ['5', '6', '10', '1', '11', '7']
Alphabet: set(['1', '0'])
Starting state: 7
Accepting states: ['10', '1', '5', '6']
Transition function:
	1	10	11	5	6	7
1 	10	10	11	5	5	10
0 	1	6	11	11	6	1
Current state: 7
Currently accepting: False

Precision: 1.0000 Recall: 1.0000 Accuracy: 1.0000 F1: 1.0000


--------------------------------------------------------------------
Begin DFA extraction with n_state:12
Done fitting takes time: 0.1043
==Minimized===

This DFA has 6 states
States: ['5', '12', '10', '1', '11', '7']
Alphabet: set(['1', '0'])
Starting state: 7
Accepting states: ['10', '12', '1', '5']
Transition function:
	1	10	11	12	5	7
1 	10	10	11	5	5	10
0 	1	12	11	12	11	1
Current state: 7
Currently accepting: False

Precision: 1.0000 Recall: 1.0000 Accuracy: 1.0000 F1: 1.0000


--------------------------------------------------------------------
Begin DFA extraction with n_state:13
Done fitting takes time: 0.1003
==Minimized===

This DFA has 6 states
States: ['13', '12', '10', '1', '11', '7']
Alphabet: set(['1', '0'])
Starting state: 7
Accepting states: ['10', '13', '12', '1']
Transition function:
	1	10	11	12	13	7
1 	10	10	11	13	13	10
0 	1	12	11	12	11	1
Current state: 7
Currently accepting: False

Precision: 1.0000 Recall: 1.0000 Accuracy: 1.0000 F1: 1.0000


--------------------------------------------------------------------
Begin DFA extraction with n_state:14
Done fitting takes time: 0.1150
==Minimized===

This DFA has 6 states
States: ['13', '12', '10', '1', '11', '7']
Alphabet: set(['1', '0'])
Starting state: 7
Accepting states: ['10', '13', '12', '1']
Transition function:
	1	10	11	12	13	7
1 	10	10	11	13	13	10
0 	1	12	11	12	11	1
Current state: 7
Currently accepting: False

Precision: 1.0000 Recall: 1.0000 Accuracy: 1.0000 F1: 1.0000


--------------------------------------------------------------------
Begin DFA extraction with n_state:15
Done fitting takes time: 0.1103
==Minimized===

This DFA has 6 states
States: ['13', '12', '10', '1', '11', '7']
Alphabet: set(['1', '0'])
Starting state: 7
Accepting states: ['10', '13', '12', '1']
Transition function:
	1	10	11	12	13	7
1 	10	10	11	13	13	10
0 	1	12	11	12	11	1
Current state: 7
Currently accepting: False

Precision: 1.0000 Recall: 1.0000 Accuracy: 1.0000 F1: 1.0000


--------------------------------------------------------------------
Begin DFA extraction with n_state:16
Done fitting takes time: 0.1075
==Minimized===

This DFA has 6 states
States: ['13', '12', '10', '1', '11', '7']
Alphabet: set(['1', '0'])
Starting state: 7
Accepting states: ['10', '13', '12', '1']
Transition function:
	1	10	11	12	13	7
1 	10	10	11	13	13	10
0 	1	12	11	12	11	1
Current state: 7
Currently accepting: False

Precision: 1.0000 Recall: 1.0000 Accuracy: 1.0000 F1: 1.0000


--------------------------------------------------------------------
Begin DFA extraction with n_state:17
Done fitting takes time: 0.2553
==Minimized===

This DFA has 6 states
States: ['13', '12', '10', '16', '11', '7']
Alphabet: set(['1', '0'])
Starting state: 7
Accepting states: ['10', '13', '12', '16']
Transition function:
	10	11	12	13	16	7
1 	10	11	13	13	10	10
0 	12	11	12	11	16	16
Current state: 7
Currently accepting: False

Precision: 1.0000 Recall: 1.0000 Accuracy: 1.0000 F1: 1.0000


--------------------------------------------------------------------
Begin DFA extraction with n_state:18
Done fitting takes time: 0.3435
==Minimized===

This DFA has 6 states
States: ['13', '12', '10', '16', '11', '7']
Alphabet: set(['1', '0'])
Starting state: 7
Accepting states: ['10', '13', '12', '16']
Transition function:
	10	11	12	13	16	7
1 	10	11	13	13	10	10
0 	12	11	12	11	16	16
Current state: 7
Currently accepting: False

Precision: 1.0000 Recall: 1.0000 Accuracy: 1.0000 F1: 1.0000


--------------------------------------------------------------------
Begin DFA extraction with n_state:19
Done fitting takes time: 0.1049
==Minimized===

This DFA has 6 states
States: ['13', '12', '10', '16', '11', '7']
Alphabet: set(['1', '0'])
Starting state: 7
Accepting states: ['10', '13', '12', '16']
Transition function:
	10	11	12	13	16	7
1 	10	11	13	13	10	10
0 	12	11	12	11	16	16
Current state: 7
Currently accepting: False

Precision: 1.0000 Recall: 1.0000 Accuracy: 1.0000 F1: 1.0000
[ 0.          0.59831461  0.67804878  0.02549247  0.02549247  1.          1.
  1.          1.          1.          1.          1.          1.          1.
  1.          1.          1.          1.        ]


[[ 0.          0.59831461  0.59831461  0.59831461  0.59831461  0.59831461
   0.59831461  0.59831461  1.          1.          1.          1.          1.
   1.          1.          1.          1.          1.        ]
 [ 0.          0.          0.05034325  0.18350515  0.60502192  0.51545117
   0.54525386  0.56360078  0.28296439  0.53030303  0.29635499  0.59643917
   0.5614489   0.62406015  0.24594852  0.60059172  0.48109966  0.20104712]
 [ 0.          0.59831461  0.67804878  0.02549247  0.02549247  1.          1.
   1.          1.          1.          1.          1.          1.          1.
   1.          1.          1.          1.        ]
 [ 0.          0.          0.          0.          0.          0.          0.
   0.          0.          0.          0.          0.          0.          0.
   0.          0.          0.          0.        ]
 [ 0.          0.59831461  0.59831461  0.63338376  0.02549247  0.02549247
   0.02549247  1.          1.          1.          1.          1.          1.
   1.          1.          1.          1.          1.        ]
 [ 0.          0.          0.59831461  0.52976704  0.17754011  0.17754011
   0.17754011  1.          1.          1.          1.          1.          1.
   1.          1.          1.          1.          1.        ]
 [ 0.          0.          0.          0.          0.          0.          0.
   0.          0.          0.          0.          0.          0.          0.
   0.          0.          0.          0.        ]
 [ 0.          0.          0.          0.          0.          0.          0.
   0.          0.          0.          0.          0.          0.          0.
   0.          0.          0.          0.        ]
 [ 0.          0.          0.          0.          0.          0.          0.
   0.          0.          0.          0.          0.          0.          0.
   0.          0.          0.          0.        ]]
