G:g7, model:O2 tanh, load all data and stored hidden activations


--------------------------------------------------------------------
Begin DFA extraction with n_state:2
Done fitting takes time: 0.1034
==Minimized===

This DFA has 1 states
States: ['1']
Alphabet: set(['1', '0'])
Starting state: 1
Accepting states: []
Transition function:
	1
1 	1
0 	1
Current state: 1
Currently accepting: False

Precision: 0.0000 Recall: 0.0000 Accuracy: 0.5731 F1: 0.0000


--------------------------------------------------------------------
Begin DFA extraction with n_state:3
Done fitting takes time: 0.1715
==Minimized===

This DFA has 1 states
States: ['1']
Alphabet: set(['1', '0'])
Starting state: 1
Accepting states: ['1']
Transition function:
	1
1 	1
0 	1
Current state: 1
Currently accepting: True

Precision: 0.4269 Recall: 1.0000 Accuracy: 0.4269 F1: 0.5983


--------------------------------------------------------------------
Begin DFA extraction with n_state:4
Done fitting takes time: 0.1509
==Minimized===

This DFA has 1 states
States: ['1']
Alphabet: set(['1', '0'])
Starting state: 1
Accepting states: ['1']
Transition function:
	1
1 	1
0 	1
Current state: 1
Currently accepting: True

Precision: 0.4269 Recall: 1.0000 Accuracy: 0.4269 F1: 0.5983


--------------------------------------------------------------------
Begin DFA extraction with n_state:5
Done fitting takes time: 0.2138
==Minimized===

This DFA has 1 states
States: ['1']
Alphabet: set(['1', '0'])
Starting state: 1
Accepting states: ['1']
Transition function:
	1
1 	1
0 	1
Current state: 1
Currently accepting: True

Precision: 0.4269 Recall: 1.0000 Accuracy: 0.4269 F1: 0.5983


--------------------------------------------------------------------
Begin DFA extraction with n_state:6
Done fitting takes time: 0.1452
==Minimized===

This DFA has 5 states
States: ['2', '4', '6', '1', '3']
Alphabet: set(['1', '0'])
Starting state: 1
Accepting states: ['1', '3', '4', '6']
Transition function:
	1	2	3	4	6
1 	3	2	3	4	4
0 	1	2	6	2	6
Current state: 1
Currently accepting: True

Precision: 1.0000 Recall: 1.0000 Accuracy: 1.0000 F1: 1.0000


--------------------------------------------------------------------
Begin DFA extraction with n_state:7
Done fitting takes time: 0.1407
==Minimized===

This DFA has 5 states
States: ['2', '4', '6', '1', '3']
Alphabet: set(['1', '0'])
Starting state: 1
Accepting states: ['1', '3', '4', '6']
Transition function:
	1	2	3	4	6
1 	3	2	3	4	4
0 	1	2	6	2	6
Current state: 1
Currently accepting: True

Precision: 1.0000 Recall: 1.0000 Accuracy: 1.0000 F1: 1.0000


--------------------------------------------------------------------
Begin DFA extraction with n_state:8
Done fitting takes time: 0.1529
==Minimized===

This DFA has 5 states
States: ['2', '4', '6', '1', '3']
Alphabet: set(['1', '0'])
Starting state: 1
Accepting states: ['1', '3', '4', '6']
Transition function:
	1	2	3	4	6
1 	3	2	3	4	4
0 	1	2	6	2	6
Current state: 1
Currently accepting: True

Precision: 1.0000 Recall: 1.0000 Accuracy: 1.0000 F1: 1.0000


--------------------------------------------------------------------
Begin DFA extraction with n_state:9
Done fitting takes time: 0.1396
==Minimized===

This DFA has 6 states
States: ['4', '6', '1', '3', '2', '9']
Alphabet: set(['1', '0'])
Starting state: 9
Accepting states: ['1', '3', '4', '6']
Transition function:
	1	2	3	4	6	9
1 	3	2	3	4	4	3
0 	1	2	6	2	6	1
Current state: 9
Currently accepting: False

Precision: 1.0000 Recall: 1.0000 Accuracy: 1.0000 F1: 1.0000


--------------------------------------------------------------------
Begin DFA extraction with n_state:10
Done fitting takes time: 0.1411
==Minimized===

This DFA has 6 states
States: ['4', '6', '1', '3', '10', '9']
Alphabet: set(['1', '0'])
Starting state: 9
Accepting states: ['1', '3', '4', '6']
Transition function:
	1	10	3	4	6	9
1 	3	10	3	4	4	3
0 	1	10	6	10	6	1
Current state: 9
Currently accepting: False

Precision: 1.0000 Recall: 1.0000 Accuracy: 1.0000 F1: 1.0000


--------------------------------------------------------------------
Begin DFA extraction with n_state:11
Done fitting takes time: 0.2263
==Minimized===

This DFA has 6 states
States: ['4', '6', '1', '3', '10', '9']
Alphabet: set(['1', '0'])
Starting state: 9
Accepting states: ['1', '3', '4', '6']
Transition function:
	1	10	3	4	6	9
1 	3	10	3	4	4	3
0 	1	10	6	10	6	1
Current state: 9
Currently accepting: False

Precision: 1.0000 Recall: 1.0000 Accuracy: 1.0000 F1: 1.0000


--------------------------------------------------------------------
Begin DFA extraction with n_state:12
Done fitting takes time: 0.1222
==Minimized===

This DFA has 6 states
States: ['4', '6', '1', '3', '10', '9']
Alphabet: set(['1', '0'])
Starting state: 9
Accepting states: ['1', '3', '4', '6']
Transition function:
	1	10	3	4	6	9
1 	3	10	3	4	4	3
0 	1	10	6	10	6	1
Current state: 9
Currently accepting: False

Precision: 1.0000 Recall: 1.0000 Accuracy: 1.0000 F1: 1.0000


--------------------------------------------------------------------
Begin DFA extraction with n_state:13
Done fitting takes time: 0.1270
==Minimized===

This DFA has 6 states
States: ['4', '6', '13', '3', '10', '9']
Alphabet: set(['1', '0'])
Starting state: 9
Accepting states: ['13', '3', '4', '6']
Transition function:
	10	13	3	4	6	9
1 	10	3	3	4	4	3
0 	10	13	6	10	6	13
Current state: 9
Currently accepting: False

Precision: 1.0000 Recall: 1.0000 Accuracy: 1.0000 F1: 1.0000


--------------------------------------------------------------------
Begin DFA extraction with n_state:14
Done fitting takes time: 0.3006
==Minimized===

This DFA has 6 states
States: ['14', '6', '13', '3', '10', '9']
Alphabet: set(['1', '0'])
Starting state: 9
Accepting states: ['13', '14', '3', '6']
Transition function:
	10	13	14	3	6	9
1 	10	3	14	3	14	3
0 	10	13	10	6	6	13
Current state: 9
Currently accepting: False

Precision: 1.0000 Recall: 1.0000 Accuracy: 1.0000 F1: 1.0000


--------------------------------------------------------------------
Begin DFA extraction with n_state:15
Done fitting takes time: 0.1301
==Minimized===

This DFA has 6 states
States: ['14', '6', '13', '3', '10', '9']
Alphabet: set(['1', '0'])
Starting state: 9
Accepting states: ['13', '14', '3', '6']
Transition function:
	10	13	14	3	6	9
1 	10	3	14	3	14	3
0 	10	13	10	6	6	13
Current state: 9
Currently accepting: False

Precision: 1.0000 Recall: 1.0000 Accuracy: 1.0000 F1: 1.0000


--------------------------------------------------------------------
Begin DFA extraction with n_state:16
Done fitting takes time: 0.1535
==Minimized===

This DFA has 6 states
States: ['14', '6', '13', '3', '10', '9']
Alphabet: set(['1', '0'])
Starting state: 9
Accepting states: ['13', '14', '3', '6']
Transition function:
	10	13	14	3	6	9
1 	10	3	14	3	14	3
0 	10	13	10	6	6	13
Current state: 9
Currently accepting: False

Precision: 1.0000 Recall: 1.0000 Accuracy: 1.0000 F1: 1.0000


--------------------------------------------------------------------
Begin DFA extraction with n_state:17
Done fitting takes time: 0.1583
==Minimized===

This DFA has 6 states
States: ['14', '6', '13', '3', '10', '9']
Alphabet: set(['1', '0'])
Starting state: 9
Accepting states: ['13', '14', '3', '6']
Transition function:
	10	13	14	3	6	9
1 	10	3	14	3	14	3
0 	10	13	10	6	6	13
Current state: 9
Currently accepting: False

Precision: 1.0000 Recall: 1.0000 Accuracy: 1.0000 F1: 1.0000


--------------------------------------------------------------------
Begin DFA extraction with n_state:18
Done fitting takes time: 0.3685
==Minimized===

This DFA has 6 states
States: ['14', '6', '13', '18', '10', '9']
Alphabet: set(['1', '0'])
Starting state: 9
Accepting states: ['13', '14', '18', '6']
Transition function:
	10	13	14	18	6	9
1 	10	18	14	18	14	18
0 	10	13	10	6	6	13
Current state: 9
Currently accepting: False

Precision: 1.0000 Recall: 1.0000 Accuracy: 1.0000 F1: 1.0000


--------------------------------------------------------------------
Begin DFA extraction with n_state:19
Done fitting takes time: 0.3259
==Minimized===

This DFA has 6 states
States: ['14', '6', '13', '18', '10', '9']
Alphabet: set(['1', '0'])
Starting state: 9
Accepting states: ['13', '14', '18', '6']
Transition function:
	10	13	14	18	6	9
1 	10	18	14	18	14	18
0 	10	13	10	6	6	13
Current state: 9
Currently accepting: False

Precision: 1.0000 Recall: 1.0000 Accuracy: 1.0000 F1: 1.0000
[ 0.          0.59831461  0.59831461  0.59831461  1.          1.          1.
  1.          1.          1.          1.          1.          1.          1.
  1.          1.          1.          1.        ]


[[ 0.          0.59831461  0.59831461  0.59831461  0.59831461  0.62768616
   0.72225417  0.72225417  0.72225417  0.72225417  0.72225417  1.          1.
   1.          1.          1.          1.          1.        ]
 [ 0.          0.          0.          0.          0.          0.          0.
   0.          0.53694355  0.48538012  0.45709947  0.27353464  0.67688378
   0.67068758  0.42253521  0.57084746  0.72727273  0.80620155]
 [ 0.          0.59831461  0.02549247  0.02549247  0.02549247  1.          1.
   1.          1.          1.          1.          1.          1.          1.
   1.          1.          1.          1.        ]
 [ 0.          0.59831461  0.59831461  0.59831461  1.          1.          1.
   1.          1.          1.          1.          1.          1.          1.
   1.          1.          1.          1.        ]
 [ 0.          0.59831461  0.02549247  0.59831461  1.          1.          1.
   1.          1.          1.          1.          1.          1.          1.
   1.          1.          1.          1.        ]
 [ 0.          0.02777778  0.17754011  0.17754011  0.17754011  0.17754011
   0.17754011  1.          1.          1.          1.          1.          1.
   1.          1.          1.          1.          1.        ]
 [ 0.          0.          0.          0.          0.          0.          0.
   0.          0.          0.          0.          0.          0.          0.
   0.          0.          0.          0.        ]
 [ 0.          0.          0.          0.          0.          0.          0.
   0.          0.          0.          0.          0.          0.          0.
   0.          0.          0.          0.        ]
 [ 0.          0.          0.          0.          0.          0.          0.
   0.          0.          0.          0.          0.          0.          0.
   0.          0.          0.          0.        ]]
