G:g7, model:O2 sigmoid, load all data and stored hidden activations


--------------------------------------------------------------------
Begin DFA extraction with n_state:2
Done fitting takes time: 0.0839
==Minimized===

This DFA has 1 states
States: ['1']
Alphabet: set(['1', '0'])
Starting state: 1
Accepting states: ['1']
Transition function:
	1
1 	1
0 	1
Current state: 1
Currently accepting: True

Precision: 0.4269 Recall: 1.0000 Accuracy: 0.4269 F1: 0.5983


--------------------------------------------------------------------
Begin DFA extraction with n_state:3
Done fitting takes time: 0.0746
==Minimized===

This DFA has 1 states
States: ['1']
Alphabet: set(['1', '0'])
Starting state: 1
Accepting states: ['1']
Transition function:
	1
1 	1
0 	1
Current state: 1
Currently accepting: True

Precision: 0.4269 Recall: 1.0000 Accuracy: 0.4269 F1: 0.5983


--------------------------------------------------------------------
Begin DFA extraction with n_state:4
Done fitting takes time: 0.1812
==Minimized===

This DFA has 4 states
States: ['3', '4', '1', '2']
Alphabet: set(['1', '0'])
Starting state: 2
Accepting states: ['1', '2', '4']
Transition function:
	1	2	3	4
1 	4	2	3	4
0 	1	1	3	3
Current state: 2
Currently accepting: True

Precision: 1.0000 Recall: 0.3603 Accuracy: 0.7270 F1: 0.5298


--------------------------------------------------------------------
Begin DFA extraction with n_state:5
Done fitting takes time: 0.0881
==Minimized===

This DFA has 4 states
States: ['3', '4', '1', '2']
Alphabet: set(['1', '0'])
Starting state: 2
Accepting states: ['1', '2', '4']
Transition function:
	1	2	3	4
1 	4	2	3	4
0 	1	1	3	3
Current state: 2
Currently accepting: True

Precision: 1.0000 Recall: 0.3603 Accuracy: 0.7270 F1: 0.5298


--------------------------------------------------------------------
Begin DFA extraction with n_state:6
Done fitting takes time: 0.0887
==Minimized===

This DFA has 4 states
States: ['3', '4', '2', '6']
Alphabet: set(['1', '0'])
Starting state: 2
Accepting states: ['2', '4', '6']
Transition function:
	2	3	4	6
1 	2	3	4	4
0 	6	3	3	6
Current state: 2
Currently accepting: True

Precision: 1.0000 Recall: 0.3603 Accuracy: 0.7270 F1: 0.5298


--------------------------------------------------------------------
Begin DFA extraction with n_state:7
Done fitting takes time: 0.0943
==Minimized===

This DFA has 6 states
States: ['4', '6', '1', '2', '3', '7']
Alphabet: set(['1', '0'])
Starting state: 7
Accepting states: ['1', '2', '4', '6']
Transition function:
	1	2	3	4	6	7
1 	2	2	3	4	4	2
0 	1	6	3	3	6	1
Current state: 7
Currently accepting: False

Precision: 1.0000 Recall: 1.0000 Accuracy: 1.0000 F1: 1.0000


--------------------------------------------------------------------
Begin DFA extraction with n_state:8
Done fitting takes time: 0.0900
==Minimized===

This DFA has 6 states
States: ['4', '6', '1', '2', '3', '7']
Alphabet: set(['1', '0'])
Starting state: 7
Accepting states: ['1', '2', '4', '6']
Transition function:
	1	2	3	4	6	7
1 	2	2	3	4	4	2
0 	1	6	3	3	6	1
Current state: 7
Currently accepting: False

Precision: 1.0000 Recall: 1.0000 Accuracy: 1.0000 F1: 1.0000


--------------------------------------------------------------------
Begin DFA extraction with n_state:9
Done fitting takes time: 0.1025
==Minimized===

This DFA has 6 states
States: ['4', '6', '1', '2', '3', '7']
Alphabet: set(['1', '0'])
Starting state: 7
Accepting states: ['1', '2', '4', '6']
Transition function:
	1	2	3	4	6	7
1 	2	2	3	4	4	2
0 	1	6	3	3	6	1
Current state: 7
Currently accepting: False

Precision: 1.0000 Recall: 1.0000 Accuracy: 1.0000 F1: 1.0000


--------------------------------------------------------------------
Begin DFA extraction with n_state:10
Done fitting takes time: 0.3209
==Minimized===

This DFA has 6 states
States: ['4', '6', '10', '1', '3', '7']
Alphabet: set(['1', '0'])
Starting state: 7
Accepting states: ['10', '1', '4', '6']
Transition function:
	1	10	3	4	6	7
1 	10	10	3	4	4	10
0 	1	6	3	3	6	1
Current state: 7
Currently accepting: False

Precision: 1.0000 Recall: 1.0000 Accuracy: 1.0000 F1: 1.0000


--------------------------------------------------------------------
Begin DFA extraction with n_state:11
Done fitting takes time: 0.1752
==Minimized===

This DFA has 6 states
States: ['4', '6', '10', '1', '11', '7']
Alphabet: set(['1', '0'])
Starting state: 7
Accepting states: ['10', '1', '4', '6']
Transition function:
	1	10	11	4	6	7
1 	10	10	11	4	4	10
0 	1	6	11	11	6	1
Current state: 7
Currently accepting: False

Precision: 1.0000 Recall: 1.0000 Accuracy: 1.0000 F1: 1.0000


--------------------------------------------------------------------
Begin DFA extraction with n_state:12
Done fitting takes time: 0.0986
==Minimized===

This DFA has 6 states
States: ['4', '12', '10', '1', '11', '7']
Alphabet: set(['1', '0'])
Starting state: 7
Accepting states: ['10', '12', '1', '4']
Transition function:
	1	10	11	12	4	7
1 	10	10	11	4	4	10
0 	1	12	11	12	11	1
Current state: 7
Currently accepting: False

Precision: 1.0000 Recall: 1.0000 Accuracy: 1.0000 F1: 1.0000


--------------------------------------------------------------------
Begin DFA extraction with n_state:13
Done fitting takes time: 0.0956
==Minimized===

This DFA has 6 states
States: ['13', '12', '10', '1', '11', '7']
Alphabet: set(['1', '0'])
Starting state: 7
Accepting states: ['10', '13', '12', '1']
Transition function:
	1	10	11	12	13	7
1 	10	10	11	13	13	10
0 	1	12	11	12	11	1
Current state: 7
Currently accepting: False

Precision: 1.0000 Recall: 1.0000 Accuracy: 1.0000 F1: 1.0000


--------------------------------------------------------------------
Begin DFA extraction with n_state:14
Done fitting takes time: 0.2108
==Minimized===

This DFA has 6 states
States: ['13', '14', '10', '1', '11', '7']
Alphabet: set(['1', '0'])
Starting state: 7
Accepting states: ['10', '13', '14', '1']
Transition function:
	1	10	11	13	14	7
1 	10	10	11	13	13	10
0 	1	14	11	11	14	1
Current state: 7
Currently accepting: False

Precision: 1.0000 Recall: 1.0000 Accuracy: 1.0000 F1: 1.0000


--------------------------------------------------------------------
Begin DFA extraction with n_state:15
Done fitting takes time: 0.2134
==Minimized===

This DFA has 6 states
States: ['13', '14', '10', '1', '11', '7']
Alphabet: set(['1', '0'])
Starting state: 7
Accepting states: ['10', '13', '14', '1']
Transition function:
	1	10	11	13	14	7
1 	10	10	11	13	13	10
0 	1	14	11	11	14	1
Current state: 7
Currently accepting: False

Precision: 1.0000 Recall: 1.0000 Accuracy: 1.0000 F1: 1.0000


--------------------------------------------------------------------
Begin DFA extraction with n_state:16
Done fitting takes time: 0.0995
==Minimized===

This DFA has 6 states
States: ['13', '16', '10', '1', '11', '7']
Alphabet: set(['1', '0'])
Starting state: 7
Accepting states: ['10', '13', '16', '1']
Transition function:
	1	10	11	13	16	7
1 	10	10	11	13	13	10
0 	1	16	11	11	16	1
Current state: 7
Currently accepting: False

Precision: 1.0000 Recall: 1.0000 Accuracy: 1.0000 F1: 1.0000


--------------------------------------------------------------------
Begin DFA extraction with n_state:17
Done fitting takes time: 0.1018
==Minimized===

This DFA has 6 states
States: ['13', '12', '10', '1', '11', '7']
Alphabet: set(['1', '0'])
Starting state: 7
Accepting states: ['10', '13', '12', '1']
Transition function:
	1	10	11	12	13	7
1 	10	10	11	13	13	10
0 	1	12	11	12	11	1
Current state: 7
Currently accepting: False

Precision: 1.0000 Recall: 1.0000 Accuracy: 1.0000 F1: 1.0000


--------------------------------------------------------------------
Begin DFA extraction with n_state:18
Done fitting takes time: 0.1091
==Minimized===

This DFA has 6 states
States: ['13', '16', '10', '1', '11', '7']
Alphabet: set(['1', '0'])
Starting state: 7
Accepting states: ['10', '13', '16', '1']
Transition function:
	1	10	11	13	16	7
1 	10	10	11	13	13	10
0 	1	16	11	11	16	1
Current state: 7
Currently accepting: False

Precision: 1.0000 Recall: 1.0000 Accuracy: 1.0000 F1: 1.0000


--------------------------------------------------------------------
Begin DFA extraction with n_state:19
Done fitting takes time: 0.2026
==Minimized===

This DFA has 6 states
States: ['13', '16', '10', '1', '11', '7']
Alphabet: set(['1', '0'])
Starting state: 7
Accepting states: ['10', '13', '16', '1']
Transition function:
	1	10	11	13	16	7
1 	10	10	11	13	13	10
0 	1	16	11	11	16	1
Current state: 7
Currently accepting: False

Precision: 1.0000 Recall: 1.0000 Accuracy: 1.0000 F1: 1.0000
[ 0.59831461  0.59831461  0.52976704  0.52976704  0.52976704  1.          1.
  1.          1.          1.          1.          1.          1.          1.
  1.          1.          1.          1.        ]


[[ 0.          0.59831461  0.12338308  0.13066386  0.77192982  0.77192982
   0.67804878  0.67804878  0.67804878  0.52976704  0.52976704  0.72225417
   0.72225417  0.72225417  0.72225417  0.72225417  1.          1.        ]
 [ 0.          0.          0.59831461  0.          0.          0.          0.
   0.38813152  0.38813152  0.55649577  0.60440098  0.46035088  0.25649623
   0.45460845  0.20997921  0.20997921  0.22512563  0.80317848]
 [ 0.59831461  0.59831461  0.52976704  0.52976704  0.52976704  1.          1.
   1.          1.          1.          1.          1.          1.          1.
   1.          1.          1.          1.        ]
 [ 0.          0.          0.          0.          0.          0.          0.
   0.          0.          0.          0.          0.          0.          0.
   0.          0.          0.          0.        ]
 [ 0.          0.59831461  0.59831461  0.63338376  0.02549247  0.02549247
   1.          1.          1.          1.          1.          1.          1.
   1.          1.          1.          1.          1.        ]
 [ 0.          0.          0.17754011  0.52976704  1.          1.          1.
   1.          1.          1.          1.          1.          1.          1.
   1.          1.          1.          1.        ]
 [ 0.          0.          0.          0.          0.          0.          0.
   0.          0.          0.          0.          0.          0.          0.
   0.          0.          0.          0.        ]
 [ 0.          0.          0.          0.          0.          0.          0.
   0.          0.          0.          0.          0.          0.          0.
   0.          0.          0.          0.        ]
 [ 0.          0.          0.          0.          0.          0.          0.
   0.          0.          0.          0.          0.          0.          0.
   0.          0.          0.          0.        ]]
