G:g7, model:SRN tanh, load all data and stored hidden activations


--------------------------------------------------------------------
Begin DFA extraction with n_state:2
Done fitting takes time: 0.1580
==Minimized===

This DFA has 1 states
States: ['2']
Alphabet: set(['1', '0'])
Starting state: 2
Accepting states: []
Transition function:
	2
1 	2
0 	2
Current state: 2
Currently accepting: False

Precision: 0.0000 Recall: 0.0000 Accuracy: 0.5731 F1: 0.0000


--------------------------------------------------------------------
Begin DFA extraction with n_state:3
Done fitting takes time: 0.0825
==Minimized===

This DFA has 1 states
States: ['2']
Alphabet: set(['1', '0'])
Starting state: 2
Accepting states: []
Transition function:
	2
1 	2
0 	2
Current state: 2
Currently accepting: False

Precision: 0.0000 Recall: 0.0000 Accuracy: 0.5731 F1: 0.0000


--------------------------------------------------------------------
Begin DFA extraction with n_state:4
Done fitting takes time: 0.2239
==Minimized===

This DFA has 3 states
States: ['3', '1', '2']
Alphabet: set(['1', '0'])
Starting state: 2
Accepting states: ['1', '2']
Transition function:
	1	2	3
1 	3	2	2
0 	3	1	3
Current state: 2
Currently accepting: True

Precision: 0.4945 Recall: 0.7430 Accuracy: 0.5661 F1: 0.5938


--------------------------------------------------------------------
Begin DFA extraction with n_state:5
Done fitting takes time: 0.2190
==Minimized===

This DFA has 3 states
States: ['5', '1', '2']
Alphabet: set(['1', '0'])
Starting state: 2
Accepting states: ['1', '2']
Transition function:
	1	2	5
1 	5	2	2
0 	5	1	1
Current state: 2
Currently accepting: True

Precision: 0.4715 Recall: 0.7582 Accuracy: 0.5341 F1: 0.5815


--------------------------------------------------------------------
Begin DFA extraction with n_state:6
Done fitting takes time: 0.1968
==Minimized===

This DFA has 2 states
States: ['4', '1']
Alphabet: set(['1', '0'])
Starting state: 4
Accepting states: ['4']
Transition function:
	1	4
1 	1	1
0 	1	1
Current state: 4
Currently accepting: True

Precision: 0.0000 Recall: 0.0000 Accuracy: 0.5731 F1: 0.0000


--------------------------------------------------------------------
Begin DFA extraction with n_state:7
Done fitting takes time: 0.0924
==Minimized===

This DFA has 3 states
States: ['5', '1', '4']
Alphabet: set(['1', '0'])
Starting state: 4
Accepting states: ['1', '4']
Transition function:
	1	4	5
1 	5	4	4
0 	5	1	1
Current state: 4
Currently accepting: True

Precision: 0.4715 Recall: 0.7582 Accuracy: 0.5341 F1: 0.5815


--------------------------------------------------------------------
Begin DFA extraction with n_state:8
Done fitting takes time: 0.2795
==Minimized===

This DFA has 5 states
States: ['4', '2', '5', '1', '3']
Alphabet: set(['1', '0'])
Starting state: 4
Accepting states: ['1', '3', '4']
Transition function:
	1	2	3	4	5
1 	5	4	2	4	2
0 	5	3	2	1	2
Current state: 4
Currently accepting: True

Precision: 0.4764 Recall: 0.6749 Accuracy: 0.5446 F1: 0.5585


--------------------------------------------------------------------
Begin DFA extraction with n_state:9
Done fitting takes time: 0.2476
==Minimized===

This DFA has 8 states
States: ['9', '5', '2', '4', '1', '3', '8', '7']
Alphabet: set(['1', '0'])
Starting state: 4
Accepting states: ['1', '8', '3', '7']
Transition function:
	1	2	3	4	5	7	8	9
1 	5	4	2	4	9	4	2	3
0 	5	4	2	1	9	7	7	8
Current state: 4
Currently accepting: False

Precision: 0.3456 Recall: 0.2535 Accuracy: 0.4765 F1: 0.2925


--------------------------------------------------------------------
Begin DFA extraction with n_state:10
Done fitting takes time: 0.3790
==Minimized===

This DFA has 7 states
States: ['8', '3', '9', '5', '4', '1', '2']
Alphabet: set(['1', '0'])
Starting state: 4
Accepting states: ['1', '8', '2']
Transition function:
	1	2	3	4	5	8	9
1 	5	4	2	4	9	4	3
0 	5	4	8	1	9	8	3
Current state: 4
Currently accepting: False

Precision: 0.3282 Recall: 0.2265 Accuracy: 0.4719 F1: 0.2681


--------------------------------------------------------------------
Begin DFA extraction with n_state:11
Done fitting takes time: 0.2445
==Minimized===

This DFA has 9 states
States: ['11', '7', '10', '1', '4', '2', '5', '3', '8']
Alphabet: set(['1', '0'])
Starting state: 4
Accepting states: ['11', '3', '4', '7', '8']
Transition function:
	1	10	11	2	3	4	5	7	8
1 	5	10	3	4	2	1	11	4	2
0 	5	10	8	10	2	1	11	7	7
Current state: 4
Currently accepting: True

Precision: 0.5485 Recall: 0.4648 Accuracy: 0.6082 F1: 0.5032


--------------------------------------------------------------------
Begin DFA extraction with n_state:12
Done fitting takes time: 0.3166
==Minimized===

This DFA has 10 states
States: ['4', '3', '11', '10', '5', '1', '2', '7', '8', '9']
Alphabet: set(['1', '0'])
Starting state: 4
Accepting states: ['1', '8', '9', '4']
Transition function:
	1	10	11	2	3	4	5	7	8	9
1 	5	10	3	4	2	4	11	4	2	7
0 	5	10	3	10	2	1	9	8	5	7
Current state: 4
Currently accepting: True

Precision: 0.5303 Recall: 0.4413 Accuracy: 0.5947 F1: 0.4817


--------------------------------------------------------------------
Begin DFA extraction with n_state:13
Done fitting takes time: 0.2532
==Minimized===

This DFA has 9 states
States: ['2', '7', '9', '8', '13', '4', '5', '10', '1']
Alphabet: set(['1', '0'])
Starting state: 4
Accepting states: ['8', '13', '4']
Transition function:
	1	10	13	2	4	5	7	8	9
1 	5	10	2	4	1	9	4	7	13
0 	5	10	2	10	1	9	7	7	8
Current state: 4
Currently accepting: True

Precision: 0.5000 Recall: 0.2746 Accuracy: 0.5731 F1: 0.3545


--------------------------------------------------------------------
Begin DFA extraction with n_state:14
Done fitting takes time: 0.3325
==Minimized===

This DFA has 8 states
States: ['13', '9', '5', '1', '14', '2', '7', '8']
Alphabet: set(['1', '0'])
Starting state: 14
Accepting states: ['13', '7', '8']
Transition function:
	1	13	14	2	5	7	8	9
1 	5	2	1	14	9	14	2	13
0 	5	2	1	14	9	7	7	8
Current state: 14
Currently accepting: False

Precision: 0.4430 Recall: 0.2876 Accuracy: 0.5416 F1: 0.3488


--------------------------------------------------------------------
Begin DFA extraction with n_state:15
Done fitting takes time: 0.3626
==Minimized===

This DFA has 8 states
States: ['15', '5', '1', '14', '2', '9', '13', '3']
Alphabet: set(['1', '0'])
Starting state: 14
Accepting states: ['15']
Transition function:
	1	13	14	15	2	3	5	9
1 	5	2	1	3	14	2	15	14
0 	5	9	1	13	14	2	9	9
Current state: 14
Currently accepting: False

Precision: 0.5263 Recall: 0.1174 Accuracy: 0.5782 F1: 0.1919


--------------------------------------------------------------------
Begin DFA extraction with n_state:16
Done fitting takes time: 0.3446
==Minimized===

This DFA has 8 states
States: ['8', '5', '10', '1', '15', '9', '13', '14']
Alphabet: set(['1', '0'])
Starting state: 14
Accepting states: ['13', '15', '14', '9', '8']
Transition function:
	1	10	13	14	15	5	8	9
1 	5	10	10	1	13	15	10	8
0 	5	10	10	1	13	9	9	9
Current state: 14
Currently accepting: True

Precision: 0.4535 Recall: 0.1432 Accuracy: 0.5606 F1: 0.2177


--------------------------------------------------------------------
Begin DFA extraction with n_state:17
Done fitting takes time: 0.3751
==Minimized===

This DFA has 12 states
States: ['15', '10', '17', '8', '16', '5', '4', '9', '1', '2', '13', '14']
Alphabet: set(['1', '0'])
Starting state: 14
Accepting states: ['13', '15', '14', '4', '9']
Transition function:
	1	10	13	14	15	16	17	2	4	5	8	9
1 	5	10	2	1	13	4	2	16	17	15	2	8
0 	5	10	2	1	13	2	10	16	17	9	2	8
Current state: 14
Currently accepting: True

Precision: 0.5919 Recall: 0.1890 Accuracy: 0.5982 F1: 0.2865


--------------------------------------------------------------------
Begin DFA extraction with n_state:18
Done fitting takes time: 0.3888
==Minimized===

This DFA has 8 states
States: ['15', '5', '1', '10', '9', '14', '13', '3']
Alphabet: set(['1', '0'])
Starting state: 14
Accepting states: ['13', '15', '14', '3']
Transition function:
	1	10	13	14	15	3	5	9
1 	5	10	10	1	13	10	15	10
0 	5	10	10	1	3	9	9	13
Current state: 14
Currently accepting: True

Precision: 0.9000 Recall: 0.0211 Accuracy: 0.5812 F1: 0.0413


--------------------------------------------------------------------
Begin DFA extraction with n_state:19
Done fitting takes time: 0.2886
==Minimized===

This DFA has 9 states
States: ['19', '5', '1', '3', '10', '18', '15', '14', '7']
Alphabet: set(['1', '0'])
Starting state: 14
Accepting states: ['15', '14', '19', '7']
Transition function:
	1	10	14	15	18	19	3	5	7
1 	5	10	1	3	10	10	10	15	18
0 	5	10	1	3	3	7	19	15	18
Current state: 14
Currently accepting: True

Precision: 0.6353 Recall: 0.0634 Accuracy: 0.5847 F1: 0.1153
[ 0.          0.          0.59380863  0.58145815  0.          0.58145815
  0.55852356  0.29248477  0.26805556  0.50317662  0.48174247  0.35454545
  0.34875445  0.19193858  0.2176628   0.28647687  0.0412844   0.11526147]


[[ 0.          0.59831461  0.02549247  0.02549247  0.02549247  0.59831461
   0.59831461  1.          1.          1.          1.          1.          1.
   1.          1.          1.          1.          1.        ]
 [ 0.          0.          0.59380863  0.58145815  0.          0.58145815
   0.55852356  0.29248477  0.26805556  0.50317662  0.48174247  0.35454545
   0.34875445  0.19193858  0.2176628   0.28647687  0.0412844   0.11526147]
 [ 0.          0.          0.          0.          0.          0.          0.
   0.          0.          0.          0.          0.          0.          0.
   0.          0.          0.          0.        ]
 [ 0.          0.          0.          0.          0.          0.          0.
   0.          0.          0.          0.          0.          0.          0.
   0.          0.          0.          0.        ]
 [ 0.          0.          0.          0.          0.          0.          0.
   0.          0.          0.          0.          0.          0.          0.
   0.          0.          0.          0.        ]
 [ 0.          0.          0.          0.          0.          0.          0.
   0.          0.          0.          0.          0.          0.          0.
   0.          0.          0.          0.        ]
 [ 0.          0.          0.          0.          0.          0.          0.
   0.          0.          0.          0.          0.          0.          0.
   0.          0.          0.          0.        ]
 [ 0.          0.          0.          0.          0.          0.          0.
   0.          0.          0.          0.          0.          0.          0.
   0.          0.          0.          0.        ]
 [ 0.          0.          0.          0.          0.          0.          0.
   0.          0.          0.          0.          0.          0.          0.
   0.          0.          0.          0.        ]]
