G:g7, model:UNI sigmoid, load all data and stored hidden activations


--------------------------------------------------------------------
Begin DFA extraction with n_state:2
Done fitting takes time: 0.1189
==Minimized===

This DFA has 1 states
States: ['2']
Alphabet: set(['1', '0'])
Starting state: 2
Accepting states: []
Transition function:
	2
1 	2
0 	2
Current state: 2
Currently accepting: False

Precision: 0.0000 Recall: 0.0000 Accuracy: 0.5731 F1: 0.0000


--------------------------------------------------------------------
Begin DFA extraction with n_state:3
Done fitting takes time: 0.0786
==Minimized===

This DFA has 1 states
States: ['1']
Alphabet: set(['1', '0'])
Starting state: 1
Accepting states: ['1']
Transition function:
	1
1 	1
0 	1
Current state: 1
Currently accepting: True

Precision: 0.4269 Recall: 1.0000 Accuracy: 0.4269 F1: 0.5983


--------------------------------------------------------------------
Begin DFA extraction with n_state:4
Done fitting takes time: 0.1814
==Minimized===

This DFA has 1 states
States: ['1']
Alphabet: set(['1', '0'])
Starting state: 1
Accepting states: ['1']
Transition function:
	1
1 	1
0 	1
Current state: 1
Currently accepting: True

Precision: 0.4269 Recall: 1.0000 Accuracy: 0.4269 F1: 0.5983


--------------------------------------------------------------------
Begin DFA extraction with n_state:5
Done fitting takes time: 0.2821
==Minimized===

This DFA has 2 states
States: ['2', '3']
Alphabet: set(['1', '0'])
Starting state: 2
Accepting states: ['2']
Transition function:
	2	3
1 	2	2
0 	3	3
Current state: 2
Currently accepting: True

Precision: 0.5553 Recall: 0.7371 Accuracy: 0.6358 F1: 0.6334


--------------------------------------------------------------------
Begin DFA extraction with n_state:6
Done fitting takes time: 0.4361
==Minimized===

This DFA has 1 states
States: ['2']
Alphabet: set(['1', '0'])
Starting state: 2
Accepting states: ['2']
Transition function:
	2
1 	2
0 	2
Current state: 2
Currently accepting: True

Precision: 0.4269 Recall: 1.0000 Accuracy: 0.4269 F1: 0.5983


--------------------------------------------------------------------
Begin DFA extraction with n_state:7
Done fitting takes time: 0.0920
==Minimized===

This DFA has 4 states
States: ['3', '2', '5', '7']
Alphabet: set(['1', '0'])
Starting state: 7
Accepting states: ['2', '5', '7']
Transition function:
	2	3	5	7
1 	2	2	2	7
0 	3	3	5	5
Current state: 7
Currently accepting: True

Precision: 0.5801 Recall: 0.8157 Accuracy: 0.6693 F1: 0.6780


--------------------------------------------------------------------
Begin DFA extraction with n_state:8
Done fitting takes time: 0.0975
==Minimized===

This DFA has 4 states
States: ['3', '2', '5', '7']
Alphabet: set(['1', '0'])
Starting state: 7
Accepting states: ['2', '5', '7']
Transition function:
	2	3	5	7
1 	2	3	2	7
0 	3	3	5	5
Current state: 7
Currently accepting: True

Precision: 1.0000 Recall: 0.3603 Accuracy: 0.7270 F1: 0.5298


--------------------------------------------------------------------
Begin DFA extraction with n_state:9
Done fitting takes time: 0.2083
==Minimized===

This DFA has 4 states
States: ['3', '2', '5', '7']
Alphabet: set(['1', '0'])
Starting state: 7
Accepting states: ['2', '5', '7']
Transition function:
	2	3	5	7
1 	2	3	2	7
0 	3	3	5	5
Current state: 7
Currently accepting: True

Precision: 1.0000 Recall: 0.3603 Accuracy: 0.7270 F1: 0.5298


--------------------------------------------------------------------
Begin DFA extraction with n_state:10
Done fitting takes time: 0.4235
==Minimized===

This DFA has 6 states
States: ['2', '5', '10', '1', '3', '7']
Alphabet: set(['1', '0'])
Starting state: 7
Accepting states: ['10', '1', '2', '5']
Transition function:
	1	10	2	3	5	7
1 	10	10	2	3	2	10
0 	1	5	3	3	5	1
Current state: 7
Currently accepting: False

Precision: 1.0000 Recall: 1.0000 Accuracy: 1.0000 F1: 1.0000


--------------------------------------------------------------------
Begin DFA extraction with n_state:11
Done fitting takes time: 0.3654
==Minimized===

This DFA has 6 states
States: ['2', '5', '10', '1', '11', '7']
Alphabet: set(['1', '0'])
Starting state: 7
Accepting states: ['10', '1', '2', '5']
Transition function:
	1	10	11	2	5	7
1 	10	10	11	2	2	10
0 	1	5	11	11	5	1
Current state: 7
Currently accepting: False

Precision: 1.0000 Recall: 1.0000 Accuracy: 1.0000 F1: 1.0000


--------------------------------------------------------------------
Begin DFA extraction with n_state:12
Done fitting takes time: 0.3079
==Minimized===

This DFA has 6 states
States: ['2', '5', '10', '1', '11', '7']
Alphabet: set(['1', '0'])
Starting state: 7
Accepting states: ['10', '1', '2', '5']
Transition function:
	1	10	11	2	5	7
1 	10	10	11	2	2	10
0 	1	5	11	11	5	1
Current state: 7
Currently accepting: False

Precision: 1.0000 Recall: 1.0000 Accuracy: 1.0000 F1: 1.0000


--------------------------------------------------------------------
Begin DFA extraction with n_state:13
Done fitting takes time: 0.1568
==Minimized===

This DFA has 6 states
States: ['2', '5', '10', '1', '11', '13']
Alphabet: set(['1', '0'])
Starting state: 13
Accepting states: ['10', '1', '2', '5']
Transition function:
	1	10	11	13	2	5
1 	10	10	11	10	2	2
0 	1	5	11	1	11	5
Current state: 13
Currently accepting: False

Precision: 1.0000 Recall: 1.0000 Accuracy: 1.0000 F1: 1.0000


--------------------------------------------------------------------
Begin DFA extraction with n_state:14
Done fitting takes time: 0.1002
==Minimized===

This DFA has 6 states
States: ['2', '5', '10', '1', '11', '13']
Alphabet: set(['1', '0'])
Starting state: 13
Accepting states: ['10', '1', '2', '5']
Transition function:
	1	10	11	13	2	5
1 	10	10	11	10	2	2
0 	1	5	11	1	11	5
Current state: 13
Currently accepting: False

Precision: 1.0000 Recall: 1.0000 Accuracy: 1.0000 F1: 1.0000


--------------------------------------------------------------------
Begin DFA extraction with n_state:15
Done fitting takes time: 0.2456
==Minimized===

This DFA has 6 states
States: ['15', '5', '10', '1', '11', '13']
Alphabet: set(['1', '0'])
Starting state: 13
Accepting states: ['10', '15', '1', '5']
Transition function:
	1	10	11	13	15	5
1 	10	10	11	10	15	15
0 	1	5	11	1	11	5
Current state: 13
Currently accepting: False

Precision: 1.0000 Recall: 1.0000 Accuracy: 1.0000 F1: 1.0000


--------------------------------------------------------------------
Begin DFA extraction with n_state:16
Done fitting takes time: 0.1611
==Minimized===

This DFA has 6 states
States: ['15', '5', '10', '1', '11', '13']
Alphabet: set(['1', '0'])
Starting state: 13
Accepting states: ['10', '15', '1', '5']
Transition function:
	1	10	11	13	15	5
1 	10	10	11	10	15	15
0 	1	5	11	1	11	5
Current state: 13
Currently accepting: False

Precision: 1.0000 Recall: 1.0000 Accuracy: 1.0000 F1: 1.0000


--------------------------------------------------------------------
Begin DFA extraction with n_state:17
Done fitting takes time: 0.1192
==Minimized===

This DFA has 6 states
States: ['15', '5', '10', '1', '11', '13']
Alphabet: set(['1', '0'])
Starting state: 13
Accepting states: ['10', '15', '1', '5']
Transition function:
	1	10	11	13	15	5
1 	10	10	11	10	15	15
0 	1	5	11	1	11	5
Current state: 13
Currently accepting: False

Precision: 1.0000 Recall: 1.0000 Accuracy: 1.0000 F1: 1.0000


--------------------------------------------------------------------
Begin DFA extraction with n_state:18
Done fitting takes time: 0.2716
==Minimized===

This DFA has 6 states
States: ['15', '5', '10', '1', '11', '13']
Alphabet: set(['1', '0'])
Starting state: 13
Accepting states: ['10', '15', '1', '5']
Transition function:
	1	10	11	13	15	5
1 	10	10	11	10	15	15
0 	1	5	11	1	11	5
Current state: 13
Currently accepting: False

Precision: 1.0000 Recall: 1.0000 Accuracy: 1.0000 F1: 1.0000


--------------------------------------------------------------------
Begin DFA extraction with n_state:19
Done fitting takes time: 0.1179
==Minimized===

This DFA has 6 states
States: ['15', '5', '10', '1', '11', '13']
Alphabet: set(['1', '0'])
Starting state: 13
Accepting states: ['10', '15', '1', '5']
Transition function:
	1	10	11	13	15	5
1 	10	10	11	10	15	15
0 	1	5	11	1	11	5
Current state: 13
Currently accepting: False

Precision: 1.0000 Recall: 1.0000 Accuracy: 1.0000 F1: 1.0000
[ 0.          0.59831461  0.59831461  0.63338376  0.59831461  0.67804878
  0.52976704  0.52976704  1.          1.          1.          1.          1.
  1.          1.          1.          1.          1.        ]


[[ 0.          0.59831461  0.59831461  0.59831461  0.02549247  0.02549247
   0.02549247  1.          1.          0.77208881  0.77208881  1.          1.
   1.          1.          1.          1.          1.        ]
 [ 0.          0.          0.58145815  0.34593725  0.50400427  0.
   0.43612597  0.32978723  0.27621483  0.13530655  0.13163482  0.42160738
   0.30246914  0.36702509  0.18341463  0.14887365  0.29927007  0.22634146]
 [ 0.          0.          0.          0.          0.          0.          0.
   0.          0.          0.          0.          0.          0.          0.
   0.          0.          0.          0.        ]
 [ 0.          0.          0.          0.          0.          0.          0.
   0.          0.          0.          0.          0.          0.          0.
   0.          0.          0.          0.        ]
 [ 0.          0.59831461  0.59831461  0.63338376  0.59831461  0.67804878
   0.52976704  0.52976704  1.          1.          1.          1.          1.
   1.          1.          1.          1.          1.        ]
 [ 0.          0.          0.          0.          0.          0.          0.
   0.          0.          0.          0.          0.          0.          0.
   0.          0.          0.          0.        ]
 [ 0.          0.          0.          0.          0.          0.          0.
   0.          0.          0.          0.          0.          0.          0.
   0.          0.          0.          0.        ]
 [ 0.          0.          0.          0.          0.          0.          0.
   0.          0.          0.          0.          0.          0.          0.
   0.          0.          0.          0.        ]
 [ 0.          0.          0.          0.          0.          0.          0.
   0.          0.          0.          0.          0.          0.          0.
   0.          0.          0.          0.        ]]
