G:g7, model:UNI sigmoid, load all data and stored hidden activations


--------------------------------------------------------------------
Begin DFA extraction with n_state:2
Done fitting takes time: 0.0868
==Minimized===

This DFA has 2 states
States: ['1', '2']
Alphabet: set(['1', '0'])
Starting state: 1
Accepting states: ['1']
Transition function:
	1	2
1 	1	2
0 	2	2
Current state: 1
Currently accepting: True

Precision: 1.0000 Recall: 0.0129 Accuracy: 0.5787 F1: 0.0255


--------------------------------------------------------------------
Begin DFA extraction with n_state:3
Done fitting takes time: 0.3039
==Minimized===

This DFA has 1 states
States: ['1']
Alphabet: set(['1', '0'])
Starting state: 1
Accepting states: ['1']
Transition function:
	1
1 	1
0 	1
Current state: 1
Currently accepting: True

Precision: 0.4269 Recall: 1.0000 Accuracy: 0.4269 F1: 0.5983


--------------------------------------------------------------------
Begin DFA extraction with n_state:4
Done fitting takes time: 0.2305
==Minimized===

This DFA has 1 states
States: ['3']
Alphabet: set(['1', '0'])
Starting state: 3
Accepting states: ['3']
Transition function:
	3
1 	3
0 	3
Current state: 3
Currently accepting: True

Precision: 0.4269 Recall: 1.0000 Accuracy: 0.4269 F1: 0.5983


--------------------------------------------------------------------
Begin DFA extraction with n_state:5
Done fitting takes time: 0.0972
==Minimized===

This DFA has 2 states
States: ['5', '4']
Alphabet: set(['1', '0'])
Starting state: 5
Accepting states: ['5']
Transition function:
	4	5
1 	4	5
0 	4	4
Current state: 5
Currently accepting: True

Precision: 1.0000 Recall: 0.0129 Accuracy: 0.5787 F1: 0.0255


--------------------------------------------------------------------
Begin DFA extraction with n_state:6
Done fitting takes time: 0.0918
==Minimized===

This DFA has 2 states
States: ['5', '4']
Alphabet: set(['1', '0'])
Starting state: 5
Accepting states: ['5']
Transition function:
	4	5
1 	4	5
0 	4	4
Current state: 5
Currently accepting: True

Precision: 1.0000 Recall: 0.0129 Accuracy: 0.5787 F1: 0.0255


--------------------------------------------------------------------
Begin DFA extraction with n_state:7
Done fitting takes time: 0.0923
==Minimized===

This DFA has 6 states
States: ['5', '2', '1', '3', '4', '7']
Alphabet: set(['1', '0'])
Starting state: 7
Accepting states: ['1', '3', '2', '5']
Transition function:
	1	2	3	4	5	7
1 	3	5	3	4	5	3
0 	1	2	2	4	4	1
Current state: 7
Currently accepting: False

Precision: 1.0000 Recall: 1.0000 Accuracy: 1.0000 F1: 1.0000


--------------------------------------------------------------------
Begin DFA extraction with n_state:8
Done fitting takes time: 0.2015
==Minimized===

This DFA has 6 states
States: ['5', '2', '1', '3', '4', '7']
Alphabet: set(['1', '0'])
Starting state: 7
Accepting states: ['1', '3', '2', '5']
Transition function:
	1	2	3	4	5	7
1 	3	5	3	4	5	3
0 	1	2	2	4	4	1
Current state: 7
Currently accepting: False

Precision: 1.0000 Recall: 1.0000 Accuracy: 1.0000 F1: 1.0000


--------------------------------------------------------------------
Begin DFA extraction with n_state:9
Done fitting takes time: 0.1853
==Minimized===

This DFA has 6 states
States: ['5', '2', '1', '3', '4', '7']
Alphabet: set(['1', '0'])
Starting state: 7
Accepting states: ['1', '3', '2', '5']
Transition function:
	1	2	3	4	5	7
1 	3	5	3	4	5	3
0 	1	2	2	4	4	1
Current state: 7
Currently accepting: False

Precision: 1.0000 Recall: 1.0000 Accuracy: 1.0000 F1: 1.0000


--------------------------------------------------------------------
Begin DFA extraction with n_state:10
Done fitting takes time: 0.0955
==Minimized===

This DFA has 6 states
States: ['5', '10', '1', '3', '4', '7']
Alphabet: set(['1', '0'])
Starting state: 7
Accepting states: ['10', '1', '3', '5']
Transition function:
	1	10	3	4	5	7
1 	3	5	3	4	5	3
0 	1	10	10	4	4	1
Current state: 7
Currently accepting: False

Precision: 1.0000 Recall: 1.0000 Accuracy: 1.0000 F1: 1.0000


--------------------------------------------------------------------
Begin DFA extraction with n_state:11
Done fitting takes time: 0.0973
==Minimized===

This DFA has 6 states
States: ['5', '10', '1', '3', '11', '7']
Alphabet: set(['1', '0'])
Starting state: 7
Accepting states: ['10', '1', '3', '5']
Transition function:
	1	10	11	3	5	7
1 	3	5	11	3	5	3
0 	1	10	11	10	11	1
Current state: 7
Currently accepting: False

Precision: 1.0000 Recall: 1.0000 Accuracy: 1.0000 F1: 1.0000


--------------------------------------------------------------------
Begin DFA extraction with n_state:12
Done fitting takes time: 0.1174
==Minimized===

This DFA has 6 states
States: ['5', '10', '12', '1', '11', '7']
Alphabet: set(['1', '0'])
Starting state: 7
Accepting states: ['10', '12', '1', '5']
Transition function:
	1	10	11	12	5	7
1 	12	5	11	12	5	12
0 	1	10	11	10	11	1
Current state: 7
Currently accepting: False

Precision: 1.0000 Recall: 1.0000 Accuracy: 1.0000 F1: 1.0000


--------------------------------------------------------------------
Begin DFA extraction with n_state:13
Done fitting takes time: 0.1073
==Minimized===

This DFA has 6 states
States: ['5', '10', '12', '1', '11', '7']
Alphabet: set(['1', '0'])
Starting state: 7
Accepting states: ['10', '12', '1', '5']
Transition function:
	1	10	11	12	5	7
1 	12	5	11	12	5	12
0 	1	10	11	10	11	1
Current state: 7
Currently accepting: False

Precision: 1.0000 Recall: 1.0000 Accuracy: 1.0000 F1: 1.0000


--------------------------------------------------------------------
Begin DFA extraction with n_state:14
Done fitting takes time: 0.1339
==Minimized===

This DFA has 6 states
States: ['5', '10', '12', '1', '11', '7']
Alphabet: set(['1', '0'])
Starting state: 7
Accepting states: ['10', '12', '1', '5']
Transition function:
	1	10	11	12	5	7
1 	12	5	11	12	5	12
0 	1	10	11	10	11	1
Current state: 7
Currently accepting: False

Precision: 1.0000 Recall: 1.0000 Accuracy: 1.0000 F1: 1.0000


--------------------------------------------------------------------
Begin DFA extraction with n_state:15
Done fitting takes time: 0.3759
==Minimized===

This DFA has 6 states
States: ['15', '10', '12', '1', '11', '7']
Alphabet: set(['1', '0'])
Starting state: 7
Accepting states: ['10', '12', '15', '1']
Transition function:
	1	10	11	12	15	7
1 	12	15	11	12	15	12
0 	1	10	11	10	11	1
Current state: 7
Currently accepting: False

Precision: 1.0000 Recall: 1.0000 Accuracy: 1.0000 F1: 1.0000


--------------------------------------------------------------------
Begin DFA extraction with n_state:16
Done fitting takes time: 0.1247
==Minimized===

This DFA has 6 states
States: ['15', '10', '12', '1', '11', '7']
Alphabet: set(['1', '0'])
Starting state: 7
Accepting states: ['10', '12', '15', '1']
Transition function:
	1	10	11	12	15	7
1 	12	15	11	12	15	12
0 	1	10	11	10	11	1
Current state: 7
Currently accepting: False

Precision: 1.0000 Recall: 1.0000 Accuracy: 1.0000 F1: 1.0000


--------------------------------------------------------------------
Begin DFA extraction with n_state:17
Done fitting takes time: 0.1136
==Minimized===

This DFA has 6 states
States: ['15', '10', '12', '1', '11', '7']
Alphabet: set(['1', '0'])
Starting state: 7
Accepting states: ['10', '12', '15', '1']
Transition function:
	1	10	11	12	15	7
1 	12	15	11	12	15	12
0 	1	10	11	10	11	1
Current state: 7
Currently accepting: False

Precision: 1.0000 Recall: 1.0000 Accuracy: 1.0000 F1: 1.0000


--------------------------------------------------------------------
Begin DFA extraction with n_state:18
Done fitting takes time: 0.1106
==Minimized===

This DFA has 6 states
States: ['15', '10', '12', '1', '11', '7']
Alphabet: set(['1', '0'])
Starting state: 7
Accepting states: ['10', '12', '15', '1']
Transition function:
	1	10	11	12	15	7
1 	12	15	11	12	15	12
0 	1	10	11	10	11	1
Current state: 7
Currently accepting: False

Precision: 1.0000 Recall: 1.0000 Accuracy: 1.0000 F1: 1.0000


--------------------------------------------------------------------
Begin DFA extraction with n_state:19
Done fitting takes time: 0.1181
==Minimized===

This DFA has 6 states
States: ['15', '10', '12', '1', '11', '7']
Alphabet: set(['1', '0'])
Starting state: 7
Accepting states: ['10', '12', '15', '1']
Transition function:
	1	10	11	12	15	7
1 	12	15	11	12	15	12
0 	1	10	11	10	11	1
Current state: 7
Currently accepting: False

Precision: 1.0000 Recall: 1.0000 Accuracy: 1.0000 F1: 1.0000
[ 0.02549247  0.59831461  0.59831461  0.02549247  0.02549247  1.          1.
  1.          1.          1.          1.          1.          1.          1.
  1.          1.          1.          1.        ]


[[ 0.          0.59831461  0.59831461  0.23602484  0.59831461  0.59831461
   0.59831461  0.17754011  0.17754011  1.          1.          1.          1.
   1.          1.          1.          1.          1.        ]
 [ 0.          0.          0.26092021  0.          0.          0.51567944
   0.57177914  0.63127854  0.59180978  0.63013699  0.63013699  0.63013699
   0.6132989   0.64982778  0.6486138   0.79077253  0.62818591  0.79077253]
 [ 0.          0.          0.          0.          0.          0.          0.
   0.          0.          0.          0.          0.          0.          0.
   0.          0.          0.          0.        ]
 [ 0.          0.          0.          0.          0.          0.          0.
   0.          0.          0.          0.          0.          0.          0.
   0.          0.          0.          0.        ]
 [ 0.02549247  0.59831461  0.59831461  0.02549247  0.02549247  1.          1.
   1.          1.          1.          1.          1.          1.          1.
   1.          1.          1.          1.        ]
 [ 0.          0.          0.          0.          0.          0.          0.
   0.          0.          0.          0.          0.          0.          0.
   0.          0.          0.          0.        ]
 [ 0.          0.          0.          0.          0.          0.          0.
   0.          0.          0.          0.          0.          0.          0.
   0.          0.          0.          0.        ]
 [ 0.          0.          0.          0.          0.          0.          0.
   0.          0.          0.          0.          0.          0.          0.
   0.          0.          0.          0.        ]
 [ 0.          0.          0.          0.          0.          0.          0.
   0.          0.          0.          0.          0.          0.          0.
   0.          0.          0.          0.        ]]
