G:g7, model:O2 tanh, load all data and stored hidden activations


--------------------------------------------------------------------
Begin DFA extraction with n_state:2
Done fitting takes time: 0.1131
==Minimized===

This DFA has 1 states
States: ['1']
Alphabet: set(['1', '0'])
Starting state: 1
Accepting states: []
Transition function:
	1
1 	1
0 	1
Current state: 1
Currently accepting: False

Precision: 0.0000 Recall: 0.0000 Accuracy: 0.5731 F1: 0.0000


--------------------------------------------------------------------
Begin DFA extraction with n_state:3
Done fitting takes time: 0.1954
==Minimized===

This DFA has 3 states
States: ['2', '1', '3']
Alphabet: set(['1', '0'])
Starting state: 1
Accepting states: ['1', '3']
Transition function:
	1	2	3
1 	1	2	2
0 	3	2	3
Current state: 1
Currently accepting: True

Precision: 1.0000 Recall: 0.0915 Accuracy: 0.6122 F1: 0.1677


--------------------------------------------------------------------
Begin DFA extraction with n_state:4
Done fitting takes time: 0.3602
==Minimized===

This DFA has 2 states
States: ['4', '2']
Alphabet: set(['1', '0'])
Starting state: 4
Accepting states: ['4']
Transition function:
	2	4
1 	2	4
0 	2	2
Current state: 4
Currently accepting: True

Precision: 1.0000 Recall: 0.0129 Accuracy: 0.5787 F1: 0.0255


--------------------------------------------------------------------
Begin DFA extraction with n_state:5
Done fitting takes time: 0.2168
==Minimized===

This DFA has 3 states
States: ['2', '5', '4']
Alphabet: set(['1', '0'])
Starting state: 4
Accepting states: ['5', '4']
Transition function:
	2	4	5
1 	2	5	5
0 	2	4	2
Current state: 4
Currently accepting: True

Precision: 1.0000 Recall: 0.0974 Accuracy: 0.6147 F1: 0.1775


--------------------------------------------------------------------
Begin DFA extraction with n_state:6
Done fitting takes time: 0.0927
==Minimized===

This DFA has 3 states
States: ['2', '5', '4']
Alphabet: set(['1', '0'])
Starting state: 4
Accepting states: ['5', '4']
Transition function:
	2	4	5
1 	2	5	5
0 	2	4	2
Current state: 4
Currently accepting: True

Precision: 1.0000 Recall: 0.0974 Accuracy: 0.6147 F1: 0.1775


--------------------------------------------------------------------
Begin DFA extraction with n_state:7
Done fitting takes time: 0.0889
==Minimized===

This DFA has 6 states
States: ['5', '4', '1', '6', '2', '7']
Alphabet: set(['1', '0'])
Starting state: 7
Accepting states: ['1', '5', '4', '6']
Transition function:
	1	2	4	5	6	7
1 	6	2	5	5	6	6
0 	1	2	4	2	4	1
Current state: 7
Currently accepting: False

Precision: 1.0000 Recall: 1.0000 Accuracy: 1.0000 F1: 1.0000


--------------------------------------------------------------------
Begin DFA extraction with n_state:8
Done fitting takes time: 0.1902
==Minimized===

This DFA has 6 states
States: ['5', '4', '1', '6', '2', '7']
Alphabet: set(['1', '0'])
Starting state: 7
Accepting states: ['1', '5', '4', '6']
Transition function:
	1	2	4	5	6	7
1 	6	2	5	5	6	6
0 	1	2	4	2	4	1
Current state: 7
Currently accepting: False

Precision: 1.0000 Recall: 1.0000 Accuracy: 1.0000 F1: 1.0000


--------------------------------------------------------------------
Begin DFA extraction with n_state:9
Done fitting takes time: 0.3258
==Minimized===

This DFA has 6 states
States: ['5', '4', '1', '6', '2', '7']
Alphabet: set(['1', '0'])
Starting state: 7
Accepting states: ['1', '5', '4', '6']
Transition function:
	1	2	4	5	6	7
1 	6	2	5	5	6	6
0 	1	2	4	2	4	1
Current state: 7
Currently accepting: False

Precision: 1.0000 Recall: 1.0000 Accuracy: 1.0000 F1: 1.0000


--------------------------------------------------------------------
Begin DFA extraction with n_state:10
Done fitting takes time: 0.0918
==Minimized===

This DFA has 6 states
States: ['5', '4', '1', '6', '10', '7']
Alphabet: set(['1', '0'])
Starting state: 7
Accepting states: ['1', '5', '4', '6']
Transition function:
	1	10	4	5	6	7
1 	6	10	5	5	6	6
0 	1	10	4	10	4	1
Current state: 7
Currently accepting: False

Precision: 1.0000 Recall: 1.0000 Accuracy: 1.0000 F1: 1.0000


--------------------------------------------------------------------
Begin DFA extraction with n_state:11
Done fitting takes time: 0.0929
==Minimized===

This DFA has 6 states
States: ['5', '11', '1', '6', '10', '7']
Alphabet: set(['1', '0'])
Starting state: 7
Accepting states: ['11', '1', '5', '6']
Transition function:
	1	10	11	5	6	7
1 	6	10	5	5	6	6
0 	1	10	11	10	11	1
Current state: 7
Currently accepting: False

Precision: 1.0000 Recall: 1.0000 Accuracy: 1.0000 F1: 1.0000


--------------------------------------------------------------------
Begin DFA extraction with n_state:12
Done fitting takes time: 0.3189
==Minimized===

This DFA has 6 states
States: ['5', '11', '1', '6', '10', '7']
Alphabet: set(['1', '0'])
Starting state: 7
Accepting states: ['11', '1', '5', '6']
Transition function:
	1	10	11	5	6	7
1 	6	10	5	5	6	6
0 	1	10	11	10	11	1
Current state: 7
Currently accepting: False

Precision: 1.0000 Recall: 1.0000 Accuracy: 1.0000 F1: 1.0000


--------------------------------------------------------------------
Begin DFA extraction with n_state:13
Done fitting takes time: 0.1926
==Minimized===

This DFA has 6 states
States: ['5', '11', '1', '6', '10', '7']
Alphabet: set(['1', '0'])
Starting state: 7
Accepting states: ['11', '1', '5', '6']
Transition function:
	1	10	11	5	6	7
1 	6	10	5	5	6	6
0 	1	10	11	10	11	1
Current state: 7
Currently accepting: False

Precision: 1.0000 Recall: 1.0000 Accuracy: 1.0000 F1: 1.0000


--------------------------------------------------------------------
Begin DFA extraction with n_state:14
Done fitting takes time: 0.2350
==Minimized===

This DFA has 6 states
States: ['5', '11', '14', '1', '10', '7']
Alphabet: set(['1', '0'])
Starting state: 7
Accepting states: ['11', '14', '1', '5']
Transition function:
	1	10	11	14	5	7
1 	14	10	5	14	5	14
0 	1	10	11	11	10	1
Current state: 7
Currently accepting: False

Precision: 1.0000 Recall: 1.0000 Accuracy: 1.0000 F1: 1.0000


--------------------------------------------------------------------
Begin DFA extraction with n_state:15
Done fitting takes time: 0.2644
==Minimized===

This DFA has 6 states
States: ['5', '11', '14', '1', '10', '7']
Alphabet: set(['1', '0'])
Starting state: 7
Accepting states: ['11', '14', '1', '5']
Transition function:
	1	10	11	14	5	7
1 	14	10	5	14	5	14
0 	1	10	11	11	10	1
Current state: 7
Currently accepting: False

Precision: 1.0000 Recall: 1.0000 Accuracy: 1.0000 F1: 1.0000


--------------------------------------------------------------------
Begin DFA extraction with n_state:16
Done fitting takes time: 0.2740
==Minimized===

This DFA has 6 states
States: ['16', '11', '14', '1', '10', '7']
Alphabet: set(['1', '0'])
Starting state: 7
Accepting states: ['11', '14', '16', '1']
Transition function:
	1	10	11	14	16	7
1 	14	10	16	14	16	14
0 	1	10	11	11	10	1
Current state: 7
Currently accepting: False

Precision: 1.0000 Recall: 1.0000 Accuracy: 1.0000 F1: 1.0000


--------------------------------------------------------------------
Begin DFA extraction with n_state:17
Done fitting takes time: 0.1402
==Minimized===

This DFA has 6 states
States: ['16', '15', '14', '1', '10', '7']
Alphabet: set(['1', '0'])
Starting state: 7
Accepting states: ['15', '14', '16', '1']
Transition function:
	1	10	14	15	16	7
1 	14	10	14	16	16	14
0 	1	10	15	15	10	1
Current state: 7
Currently accepting: False

Precision: 1.0000 Recall: 1.0000 Accuracy: 1.0000 F1: 1.0000


--------------------------------------------------------------------
Begin DFA extraction with n_state:18
Done fitting takes time: 0.2009
==Minimized===

This DFA has 6 states
States: ['16', '15', '14', '1', '10', '7']
Alphabet: set(['1', '0'])
Starting state: 7
Accepting states: ['15', '14', '16', '1']
Transition function:
	1	10	14	15	16	7
1 	14	10	14	16	16	14
0 	1	10	15	15	10	1
Current state: 7
Currently accepting: False

Precision: 1.0000 Recall: 1.0000 Accuracy: 1.0000 F1: 1.0000


--------------------------------------------------------------------
Begin DFA extraction with n_state:19
Done fitting takes time: 0.1224
==Minimized===

This DFA has 6 states
States: ['16', '15', '14', '19', '10', '7']
Alphabet: set(['1', '0'])
Starting state: 7
Accepting states: ['15', '14', '16', '19']
Transition function:
	10	14	15	16	19	7
1 	10	14	16	16	14	14
0 	10	15	15	10	19	19
Current state: 7
Currently accepting: False

Precision: 1.0000 Recall: 1.0000 Accuracy: 1.0000 F1: 1.0000
[ 0.          0.16774194  0.02549247  0.17754011  0.17754011  1.          1.
  1.          1.          1.          1.          1.          1.          1.
  1.          1.          1.          1.        ]


[[ 0.02549247  0.          0.59831461  0.02549247  0.17754011  0.17754011
   0.17754011  0.4518028   0.59831461  0.59831461  0.59831461  1.          1.
   1.          1.          0.84356436  0.84356436  0.92861035]
 [ 0.          0.          0.          0.40324215  0.14206788  0.13277311
   0.05034325  0.58648649  0.58709107  0.14328961  0.57609406  0.50266667
   0.43548387  0.47919656  0.40608229  0.68401084  0.10434783  0.6417704 ]
 [ 0.          0.59831461  0.52976704  0.52976704  0.52976704  1.          1.
   1.          1.          1.          1.          1.          1.          1.
   1.          1.          1.          1.        ]
 [ 0.          0.16774194  0.02549247  0.17754011  0.17754011  1.          1.
   1.          1.          1.          1.          1.          1.          1.
   1.          1.          1.          1.        ]
 [ 0.          0.59831461  0.02549247  0.02549247  0.02549247  0.84356436
   1.          1.          1.          1.          1.          1.          1.
   1.          1.          1.          1.          1.        ]
 [ 0.          0.          0.17754011  0.69425287  1.          1.          1.
   1.          1.          1.          1.          1.          1.          1.
   1.          1.          1.          1.        ]
 [ 0.          0.          0.          0.          0.          0.          0.
   0.          0.          0.          0.          0.          0.          0.
   0.          0.          0.          0.        ]
 [ 0.          0.          0.          0.          0.          0.          0.
   0.          0.          0.          0.          0.          0.          0.
   0.          0.          0.          0.        ]
 [ 0.          0.          0.          0.          0.          0.          0.
   0.          0.          0.          0.          0.          0.          0.
   0.          0.          0.          0.        ]]
