G:g7, model:SRN tanh, load all data and stored hidden activations


--------------------------------------------------------------------
Begin DFA extraction with n_state:2
Done fitting takes time: 0.1070
==Minimized===

This DFA has 1 states
States: ['1']
Alphabet: set(['1', '0'])
Starting state: 1
Accepting states: []
Transition function:
	1
1 	1
0 	1
Current state: 1
Currently accepting: False

Precision: 0.0000 Recall: 0.0000 Accuracy: 0.5731 F1: 0.0000


--------------------------------------------------------------------
Begin DFA extraction with n_state:3
Done fitting takes time: 0.2095
==Minimized===

This DFA has 1 states
States: ['1']
Alphabet: set(['1', '0'])
Starting state: 1
Accepting states: []
Transition function:
	1
1 	1
0 	1
Current state: 1
Currently accepting: False

Precision: 0.0000 Recall: 0.0000 Accuracy: 0.5731 F1: 0.0000


--------------------------------------------------------------------
Begin DFA extraction with n_state:4
Done fitting takes time: 0.2664
==Minimized===

This DFA has 1 states
States: ['1']
Alphabet: set(['1', '0'])
Starting state: 1
Accepting states: []
Transition function:
	1
1 	1
0 	1
Current state: 1
Currently accepting: False

Precision: 0.0000 Recall: 0.0000 Accuracy: 0.5731 F1: 0.0000


--------------------------------------------------------------------
Begin DFA extraction with n_state:5
Done fitting takes time: 0.2050
==Minimized===

This DFA has 1 states
States: ['1']
Alphabet: set(['1', '0'])
Starting state: 1
Accepting states: []
Transition function:
	1
1 	1
0 	1
Current state: 1
Currently accepting: False

Precision: 0.0000 Recall: 0.0000 Accuracy: 0.5731 F1: 0.0000


--------------------------------------------------------------------
Begin DFA extraction with n_state:6
Done fitting takes time: 0.1792
==Minimized===

This DFA has 1 states
States: ['1']
Alphabet: set(['1', '0'])
Starting state: 1
Accepting states: []
Transition function:
	1
1 	1
0 	1
Current state: 1
Currently accepting: False

Precision: 0.0000 Recall: 0.0000 Accuracy: 0.5731 F1: 0.0000


--------------------------------------------------------------------
Begin DFA extraction with n_state:7
Done fitting takes time: 0.3154
==Minimized===

This DFA has 1 states
States: ['1']
Alphabet: set(['1', '0'])
Starting state: 1
Accepting states: []
Transition function:
	1
1 	1
0 	1
Current state: 1
Currently accepting: False

Precision: 0.0000 Recall: 0.0000 Accuracy: 0.5731 F1: 0.0000


--------------------------------------------------------------------
Begin DFA extraction with n_state:8
Done fitting takes time: 0.3432
==Minimized===

This DFA has 6 states
States: ['1', '2', '4', '6', '3', '5']
Alphabet: set(['1', '0'])
Starting state: 3
Accepting states: ['3', '5']
Transition function:
	1	2	3	4	5	6
1 	5	6	1	2	4	6
0 	3	3	1	2	4	6
Current state: 3
Currently accepting: True

Precision: 0.4589 Recall: 0.1901 Accuracy: 0.5586 F1: 0.2689


--------------------------------------------------------------------
Begin DFA extraction with n_state:9
Done fitting takes time: 0.2802
==Minimized===

This DFA has 6 states
States: ['1', '7', '9', '5', '2', '4']
Alphabet: set(['1', '0'])
Starting state: 7
Accepting states: ['9', '5']
Transition function:
	1	2	4	5	7	9
1 	5	7	2	4	1	1
0 	9	7	2	4	1	1
Current state: 7
Currently accepting: False

Precision: 0.4366 Recall: 0.2746 Accuracy: 0.5391 F1: 0.3372


--------------------------------------------------------------------
Begin DFA extraction with n_state:10
Done fitting takes time: 0.3583
==Minimized===

This DFA has 2 states
States: ['10', '1']
Alphabet: set(['1', '0'])
Starting state: 10
Accepting states: ['10']
Transition function:
	1	10
1 	1	10
0 	1	1
Current state: 10
Currently accepting: True

Precision: 1.0000 Recall: 0.0129 Accuracy: 0.5787 F1: 0.0255


--------------------------------------------------------------------
Begin DFA extraction with n_state:11
Done fitting takes time: 0.3671
==Minimized===

This DFA has 2 states
States: ['10', '11']
Alphabet: set(['1', '0'])
Starting state: 10
Accepting states: ['10']
Transition function:
	10	11
1 	10	11
0 	11	11
Current state: 10
Currently accepting: True

Precision: 1.0000 Recall: 0.0129 Accuracy: 0.5787 F1: 0.0255


--------------------------------------------------------------------
Begin DFA extraction with n_state:12
Done fitting takes time: 0.4355
==Minimized===

This DFA has 1 states
States: ['11']
Alphabet: set(['1', '0'])
Starting state: 11
Accepting states: []
Transition function:
	11
1 	11
0 	11
Current state: 11
Currently accepting: False

Precision: 0.0000 Recall: 0.0000 Accuracy: 0.5731 F1: 0.0000


--------------------------------------------------------------------
Begin DFA extraction with n_state:13
Done fitting takes time: 0.4570
==Minimized===

This DFA has 12 states
States: ['8', '3', '11', '2', '4', '5', '7', '9', '12', '1', '10', '13']
Alphabet: set(['1', '0'])
Starting state: 10
Accepting states: ['10', '13']
Transition function:
	1	10	11	12	13	2	3	4	5	7	8	9
1 	9	1	3	12	12	11	8	2	4	5	13	7
0 	9	1	3	12	12	11	8	2	4	5	9	7
Current state: 10
Currently accepting: True

Precision: 0.6390 Recall: 0.1538 Accuracy: 0.6017 F1: 0.2479


--------------------------------------------------------------------
Begin DFA extraction with n_state:14
Done fitting takes time: 0.3968
==Minimized===

This DFA has 10 states
States: ['14', '9', '3', '7', '11', '2', '1', '5', '13', '4']
Alphabet: set(['1', '0'])
Starting state: 14
Accepting states: ['1', '5']
Transition function:
	1	11	13	14	2	3	4	5	7	9
1 	9	7	13	5	11	13	2	4	3	14
0 	9	7	13	1	11	9	2	4	3	14
Current state: 14
Currently accepting: False

Precision: 0.4605 Recall: 0.1232 Accuracy: 0.5641 F1: 0.1944


--------------------------------------------------------------------
Begin DFA extraction with n_state:15
Done fitting takes time: 0.4710
==Minimized===

This DFA has 11 states
States: ['14', '3', '11', '2', '1', '6', '9', '12', '4', '13', '5']
Alphabet: set(['1', '0'])
Starting state: 14
Accepting states: ['13', '1', '5']
Transition function:
	1	11	12	13	14	2	3	4	5	6	9
1 	9	6	12	12	5	11	13	2	4	3	14
0 	9	6	12	12	1	11	9	2	4	3	14
Current state: 14
Currently accepting: False

Precision: 0.5186 Recall: 0.2124 Accuracy: 0.5797 F1: 0.3014


--------------------------------------------------------------------
Begin DFA extraction with n_state:16
Done fitting takes time: 0.3487
==Minimized===

This DFA has 12 states
States: ['13', '16', '12', '14', '3', '1', '5', '11', '2', '4', '6', '9']
Alphabet: set(['1', '0'])
Starting state: 14
Accepting states: ['13', '16', '1', '5']
Transition function:
	1	11	12	13	14	16	2	3	4	5	6	9
1 	9	6	16	16	5	12	11	13	2	4	3	14
0 	9	6	13	13	1	12	11	9	2	4	3	14
Current state: 14
Currently accepting: False

Precision: 0.3841 Recall: 0.3404 Accuracy: 0.4855 F1: 0.3609


--------------------------------------------------------------------
Begin DFA extraction with n_state:17
Done fitting takes time: 0.3077
==Minimized===

This DFA has 12 states
States: ['13', '16', '12', '14', '3', '1', '5', '11', '2', '4', '6', '9']
Alphabet: set(['1', '0'])
Starting state: 14
Accepting states: ['13', '16', '1', '5']
Transition function:
	1	11	12	13	14	16	2	3	4	5	6	9
1 	9	6	16	16	5	12	11	13	2	4	3	14
0 	9	6	12	12	1	12	11	9	2	4	3	14
Current state: 14
Currently accepting: False

Precision: 0.4700 Recall: 0.3216 Accuracy: 0.5556 F1: 0.3819


--------------------------------------------------------------------
Begin DFA extraction with n_state:18
Done fitting takes time: 0.3703
==Minimized===

This DFA has 3 states
States: ['10', '14', '9']
Alphabet: set(['1', '0'])
Starting state: 14
Accepting states: ['10']
Transition function:
	10	14	9
1 	9	10	14
0 	9	10	14
Current state: 14
Currently accepting: False

Precision: 0.4278 Recall: 0.3615 Accuracy: 0.5210 F1: 0.3919


--------------------------------------------------------------------
Begin DFA extraction with n_state:19
Done fitting takes time: 0.5156
==Minimized===

This DFA has 3 states
States: ['10', '14', '9']
Alphabet: set(['1', '0'])
Starting state: 14
Accepting states: ['10']
Transition function:
	10	14	9
1 	9	10	14
0 	9	10	14
Current state: 14
Currently accepting: False

Precision: 0.4278 Recall: 0.3615 Accuracy: 0.5210 F1: 0.3919
[ 0.          0.          0.          0.          0.          0.
  0.26887967  0.33717579  0.02549247  0.02549247  0.          0.24787133
  0.19444444  0.30141549  0.36092097  0.38188153  0.39185751  0.39185751]


[[ 0.          0.59831461  0.59831461  0.59831461  0.18762089  0.20714286
   0.59831461  0.17754011  0.17754011  1.          1.          1.          1.
   1.          1.          1.          1.          1.        ]
 [ 0.          0.          0.          0.          0.          0.
   0.26887967  0.33717579  0.02549247  0.02549247  0.          0.24787133
   0.19444444  0.30141549  0.36092097  0.38188153  0.39185751  0.39185751]
 [ 0.          0.          0.          0.          0.          0.          0.
   0.          0.          0.          0.          0.          0.          0.
   0.          0.          0.          0.        ]
 [ 0.          0.          0.          0.          0.          0.          0.
   0.          0.          0.          0.          0.          0.          0.
   0.          0.          0.          0.        ]
 [ 0.          0.          0.          0.          0.          0.          0.
   0.          0.          0.          0.          0.          0.          0.
   0.          0.          0.          0.        ]
 [ 0.          0.          0.          0.          0.          0.          0.
   0.          0.          0.          0.          0.          0.          0.
   0.          0.          0.          0.        ]
 [ 0.          0.          0.          0.          0.          0.          0.
   0.          0.          0.          0.          0.          0.          0.
   0.          0.          0.          0.        ]
 [ 0.          0.          0.          0.          0.          0.          0.
   0.          0.          0.          0.          0.          0.          0.
   0.          0.          0.          0.        ]
 [ 0.          0.          0.          0.          0.          0.          0.
   0.          0.          0.          0.          0.          0.          0.
   0.          0.          0.          0.        ]]
