G:g7, model:O2 sigmoid, load all data and stored hidden activations


--------------------------------------------------------------------
Begin DFA extraction with n_state:2
Done fitting takes time: 0.1073
==Minimized===

This DFA has 1 states
States: ['2']
Alphabet: set(['1', '0'])
Starting state: 2
Accepting states: []
Transition function:
	2
1 	2
0 	2
Current state: 2
Currently accepting: False

Precision: 0.0000 Recall: 0.0000 Accuracy: 0.5731 F1: 0.0000


--------------------------------------------------------------------
Begin DFA extraction with n_state:3
Done fitting takes time: 0.0762
==Minimized===

This DFA has 1 states
States: ['1']
Alphabet: set(['1', '0'])
Starting state: 1
Accepting states: ['1']
Transition function:
	1
1 	1
0 	1
Current state: 1
Currently accepting: True

Precision: 0.4269 Recall: 1.0000 Accuracy: 0.4269 F1: 0.5983


--------------------------------------------------------------------
Begin DFA extraction with n_state:4
Done fitting takes time: 0.1505
==Minimized===

This DFA has 4 states
States: ['3', '4', '1', '2']
Alphabet: set(['1', '0'])
Starting state: 2
Accepting states: ['1', '2', '4']
Transition function:
	1	2	3	4
1 	4	2	4	4
0 	1	1	3	3
Current state: 2
Currently accepting: True

Precision: 0.5801 Recall: 0.8157 Accuracy: 0.6693 F1: 0.6780


--------------------------------------------------------------------
Begin DFA extraction with n_state:5
Done fitting takes time: 0.1760
==Minimized===

This DFA has 4 states
States: ['3', '4', '2', '5']
Alphabet: set(['1', '0'])
Starting state: 2
Accepting states: ['2', '5', '4']
Transition function:
	2	3	4	5
1 	2	4	4	4
0 	5	3	3	5
Current state: 2
Currently accepting: True

Precision: 0.5801 Recall: 0.8157 Accuracy: 0.6693 F1: 0.6780


--------------------------------------------------------------------
Begin DFA extraction with n_state:6
Done fitting takes time: 0.2120
==Minimized===

This DFA has 6 states
States: ['4', '5', '1', '2', '3', '6']
Alphabet: set(['1', '0'])
Starting state: 6
Accepting states: ['1', '2', '5', '4']
Transition function:
	1	2	3	4	5	6
1 	2	2	4	4	4	2
0 	1	5	3	3	5	1
Current state: 6
Currently accepting: False

Precision: 0.6288 Recall: 1.0000 Accuracy: 0.7480 F1: 0.7721


--------------------------------------------------------------------
Begin DFA extraction with n_state:7
Done fitting takes time: 0.3703
==Minimized===

This DFA has 6 states
States: ['7', '5', '1', '2', '3', '6']
Alphabet: set(['1', '0'])
Starting state: 6
Accepting states: ['1', '2', '5', '7']
Transition function:
	1	2	3	5	6	7
1 	2	2	3	7	2	7
0 	1	5	3	5	1	3
Current state: 6
Currently accepting: False

Precision: 1.0000 Recall: 1.0000 Accuracy: 1.0000 F1: 1.0000


--------------------------------------------------------------------
Begin DFA extraction with n_state:8
Done fitting takes time: 0.3599
==Minimized===

This DFA has 6 states
States: ['7', '5', '1', '2', '3', '6']
Alphabet: set(['1', '0'])
Starting state: 6
Accepting states: ['1', '2', '5', '7']
Transition function:
	1	2	3	5	6	7
1 	2	2	3	7	2	7
0 	1	5	3	5	1	3
Current state: 6
Currently accepting: False

Precision: 1.0000 Recall: 1.0000 Accuracy: 1.0000 F1: 1.0000


--------------------------------------------------------------------
Begin DFA extraction with n_state:9
Done fitting takes time: 0.1278
==Minimized===

This DFA has 6 states
States: ['7', '5', '1', '2', '3', '9']
Alphabet: set(['1', '0'])
Starting state: 9
Accepting states: ['1', '2', '5', '7']
Transition function:
	1	2	3	5	7	9
1 	2	2	3	7	7	2
0 	1	5	3	5	3	1
Current state: 9
Currently accepting: False

Precision: 1.0000 Recall: 1.0000 Accuracy: 1.0000 F1: 1.0000


--------------------------------------------------------------------
Begin DFA extraction with n_state:10
Done fitting takes time: 0.1055
==Minimized===

This DFA has 6 states
States: ['7', '5', '1', '2', '10', '9']
Alphabet: set(['1', '0'])
Starting state: 9
Accepting states: ['1', '2', '5', '7']
Transition function:
	1	10	2	5	7	9
1 	2	10	2	7	7	2
0 	1	10	5	5	10	1
Current state: 9
Currently accepting: False

Precision: 1.0000 Recall: 1.0000 Accuracy: 1.0000 F1: 1.0000


--------------------------------------------------------------------
Begin DFA extraction with n_state:11
Done fitting takes time: 0.1768
==Minimized===

This DFA has 6 states
States: ['11', '5', '10', '9', '1', '2']
Alphabet: set(['1', '0'])
Starting state: 9
Accepting states: ['11', '1', '2', '5']
Transition function:
	1	10	11	2	5	9
1 	2	10	11	2	11	2
0 	1	10	10	5	5	1
Current state: 9
Currently accepting: False

Precision: 1.0000 Recall: 1.0000 Accuracy: 1.0000 F1: 1.0000


--------------------------------------------------------------------
Begin DFA extraction with n_state:12
Done fitting takes time: 0.1029
==Minimized===

This DFA has 6 states
States: ['11', '5', '10', '9', '1', '2']
Alphabet: set(['1', '0'])
Starting state: 9
Accepting states: ['11', '1', '2', '5']
Transition function:
	1	10	11	2	5	9
1 	2	10	11	2	11	2
0 	1	10	10	5	5	1
Current state: 9
Currently accepting: False

Precision: 1.0000 Recall: 1.0000 Accuracy: 1.0000 F1: 1.0000


--------------------------------------------------------------------
Begin DFA extraction with n_state:13
Done fitting takes time: 0.1002
==Minimized===

This DFA has 6 states
States: ['11', '13', '1', '2', '10', '9']
Alphabet: set(['1', '0'])
Starting state: 9
Accepting states: ['11', '13', '1', '2']
Transition function:
	1	10	11	13	2	9
1 	2	10	11	11	2	2
0 	1	10	10	13	13	1
Current state: 9
Currently accepting: False

Precision: 1.0000 Recall: 1.0000 Accuracy: 1.0000 F1: 1.0000


--------------------------------------------------------------------
Begin DFA extraction with n_state:14
Done fitting takes time: 0.1531
==Minimized===

This DFA has 6 states
States: ['11', '13', '1', '2', '10', '9']
Alphabet: set(['1', '0'])
Starting state: 9
Accepting states: ['11', '13', '1', '2']
Transition function:
	1	10	11	13	2	9
1 	2	10	11	11	2	2
0 	1	10	10	13	13	1
Current state: 9
Currently accepting: False

Precision: 1.0000 Recall: 1.0000 Accuracy: 1.0000 F1: 1.0000


--------------------------------------------------------------------
Begin DFA extraction with n_state:15
Done fitting takes time: 0.1045
==Minimized===

This DFA has 6 states
States: ['11', '13', '1', '2', '10', '9']
Alphabet: set(['1', '0'])
Starting state: 9
Accepting states: ['11', '13', '1', '2']
Transition function:
	1	10	11	13	2	9
1 	2	10	11	11	2	2
0 	1	10	10	13	13	1
Current state: 9
Currently accepting: False

Precision: 1.0000 Recall: 1.0000 Accuracy: 1.0000 F1: 1.0000


--------------------------------------------------------------------
Begin DFA extraction with n_state:16
Done fitting takes time: 0.1085
==Minimized===

This DFA has 6 states
States: ['16', '13', '1', '2', '10', '9']
Alphabet: set(['1', '0'])
Starting state: 9
Accepting states: ['13', '16', '1', '2']
Transition function:
	1	10	13	16	2	9
1 	2	10	16	16	2	2
0 	1	10	13	10	13	1
Current state: 9
Currently accepting: False

Precision: 1.0000 Recall: 1.0000 Accuracy: 1.0000 F1: 1.0000


--------------------------------------------------------------------
Begin DFA extraction with n_state:17
Done fitting takes time: 0.1213
==Minimized===

This DFA has 6 states
States: ['16', '13', '1', '2', '10', '9']
Alphabet: set(['1', '0'])
Starting state: 9
Accepting states: ['13', '16', '1', '2']
Transition function:
	1	10	13	16	2	9
1 	2	10	16	16	2	2
0 	1	10	13	10	13	1
Current state: 9
Currently accepting: False

Precision: 1.0000 Recall: 1.0000 Accuracy: 1.0000 F1: 1.0000


--------------------------------------------------------------------
Begin DFA extraction with n_state:18
Done fitting takes time: 0.1145
==Minimized===

This DFA has 6 states
States: ['16', '13', '1', '2', '10', '9']
Alphabet: set(['1', '0'])
Starting state: 9
Accepting states: ['13', '16', '1', '2']
Transition function:
	1	10	13	16	2	9
1 	2	10	16	16	2	2
0 	1	10	13	10	13	1
Current state: 9
Currently accepting: False

Precision: 1.0000 Recall: 1.0000 Accuracy: 1.0000 F1: 1.0000


--------------------------------------------------------------------
Begin DFA extraction with n_state:19
Done fitting takes time: 0.1038
==Minimized===

This DFA has 6 states
States: ['16', '13', '1', '2', '10', '9']
Alphabet: set(['1', '0'])
Starting state: 9
Accepting states: ['13', '16', '1', '2']
Transition function:
	1	10	13	16	2	9
1 	2	10	16	16	2	2
0 	1	10	13	10	13	1
Current state: 9
Currently accepting: False

Precision: 1.0000 Recall: 1.0000 Accuracy: 1.0000 F1: 1.0000
[ 0.          0.59831461  0.67804878  0.67804878  0.77208881  1.          1.
  1.          1.          1.          1.          1.          1.          1.
  1.          1.          1.          1.        ]


[[ 0.          0.59831461  0.59831461  0.23602484  0.59831461  0.59831461
   0.59831461  0.17754011  0.17754011  1.          1.          1.          1.
   1.          1.          1.          1.          1.        ]
 [ 0.          0.          0.26092021  0.          0.          0.51567944
   0.57177914  0.63127854  0.59180978  0.63013699  0.63013699  0.63013699
   0.6132989   0.64982778  0.6486138   0.79077253  0.62818591  0.79077253]
 [ 0.          0.59831461  0.67804878  0.67804878  0.77208881  1.          1.
   1.          1.          1.          1.          1.          1.          1.
   1.          1.          1.          1.        ]
 [ 0.          0.          0.          0.          0.          0.          0.
   0.          0.          0.          0.          0.          0.          0.
   0.          0.          0.          0.        ]
 [ 0.02549247  0.59831461  0.59831461  0.02549247  0.02549247  1.          1.
   1.          1.          1.          1.          1.          1.          1.
   1.          1.          1.          1.        ]
 [ 0.          0.          0.17754011  0.59831461  0.17754011  1.          1.
   1.          1.          1.          1.          1.          1.          1.
   1.          1.          1.          1.        ]
 [ 0.          0.          0.          0.          0.          0.          0.
   0.          0.          0.          0.          0.          0.          0.
   0.          0.          0.          0.        ]
 [ 0.          0.          0.          0.          0.          0.          0.
   0.          0.          0.          0.          0.          0.          0.
   0.          0.          0.          0.        ]
 [ 0.          0.          0.          0.          0.          0.          0.
   0.          0.          0.          0.          0.          0.          0.
   0.          0.          0.          0.        ]]
