G:g7, model:GRU tanh, load all data and stored hidden activations


--------------------------------------------------------------------
Begin DFA extraction with n_state:2
Done fitting takes time: 0.2909
==Minimized===

This DFA has 1 states
States: ['2']
Alphabet: set(['1', '0'])
Starting state: 2
Accepting states: []
Transition function:
	2
1 	2
0 	2
Current state: 2
Currently accepting: False

Precision: 0.0000 Recall: 0.0000 Accuracy: 0.5731 F1: 0.0000


--------------------------------------------------------------------
Begin DFA extraction with n_state:3
Done fitting takes time: 0.2958
==Minimized===

This DFA has 1 states
States: ['3']
Alphabet: set(['1', '0'])
Starting state: 3
Accepting states: ['3']
Transition function:
	3
1 	3
0 	3
Current state: 3
Currently accepting: True

Precision: 0.4269 Recall: 1.0000 Accuracy: 0.4269 F1: 0.5983


--------------------------------------------------------------------
Begin DFA extraction with n_state:4
Done fitting takes time: 0.2402
==Minimized===

This DFA has 1 states
States: ['1']
Alphabet: set(['1', '0'])
Starting state: 1
Accepting states: ['1']
Transition function:
	1
1 	1
0 	1
Current state: 1
Currently accepting: True

Precision: 0.4269 Recall: 1.0000 Accuracy: 0.4269 F1: 0.5983


--------------------------------------------------------------------
Begin DFA extraction with n_state:5
Done fitting takes time: 0.1679
==Minimized===

This DFA has 2 states
States: ['1', '4']
Alphabet: set(['1', '0'])
Starting state: 4
Accepting states: ['1']
Transition function:
	1	4
1 	1	1
0 	1	1
Current state: 4
Currently accepting: False

Precision: 0.4269 Recall: 1.0000 Accuracy: 0.4269 F1: 0.5983


--------------------------------------------------------------------
Begin DFA extraction with n_state:6
Done fitting takes time: 0.0860
==Minimized===

This DFA has 1 states
States: ['1']
Alphabet: set(['1', '0'])
Starting state: 1
Accepting states: ['1']
Transition function:
	1
1 	1
0 	1
Current state: 1
Currently accepting: True

Precision: 0.4269 Recall: 1.0000 Accuracy: 0.4269 F1: 0.5983


--------------------------------------------------------------------
Begin DFA extraction with n_state:7
Done fitting takes time: 0.2029
==Minimized===

This DFA has 2 states
States: ['7', '5']
Alphabet: set(['1', '0'])
Starting state: 7
Accepting states: ['7']
Transition function:
	5	7
1 	5	7
0 	5	5
Current state: 7
Currently accepting: True

Precision: 1.0000 Recall: 0.0129 Accuracy: 0.5787 F1: 0.0255


--------------------------------------------------------------------
Begin DFA extraction with n_state:8
Done fitting takes time: 0.0918
==Minimized===

This DFA has 2 states
States: ['7', '5']
Alphabet: set(['1', '0'])
Starting state: 7
Accepting states: ['7']
Transition function:
	5	7
1 	5	7
0 	5	5
Current state: 7
Currently accepting: True

Precision: 1.0000 Recall: 0.0129 Accuracy: 0.5787 F1: 0.0255


--------------------------------------------------------------------
Begin DFA extraction with n_state:9
Done fitting takes time: 0.2815
==Minimized===

This DFA has 2 states
States: ['7', '5']
Alphabet: set(['1', '0'])
Starting state: 7
Accepting states: ['7']
Transition function:
	5	7
1 	5	7
0 	5	5
Current state: 7
Currently accepting: True

Precision: 1.0000 Recall: 0.0129 Accuracy: 0.5787 F1: 0.0255


--------------------------------------------------------------------
Begin DFA extraction with n_state:10
Done fitting takes time: 0.2891
==Minimized===

This DFA has 6 states
States: ['10', '6', '5', '7', '1', '3']
Alphabet: set(['1', '0'])
Starting state: 7
Accepting states: ['10', '1', '3', '6']
Transition function:
	1	10	3	5	6	7
1 	3	10	3	5	10	3
0 	1	5	6	5	6	1
Current state: 7
Currently accepting: False

Precision: 1.0000 Recall: 1.0000 Accuracy: 1.0000 F1: 1.0000


--------------------------------------------------------------------
Begin DFA extraction with n_state:11
Done fitting takes time: 0.2381
==Minimized===

This DFA has 6 states
States: ['11', '6', '5', '7', '10', '1']
Alphabet: set(['1', '0'])
Starting state: 7
Accepting states: ['11', '10', '1', '6']
Transition function:
	1	10	11	5	6	7
1 	10	10	11	5	11	10
0 	1	6	5	5	6	1
Current state: 7
Currently accepting: False

Precision: 1.0000 Recall: 1.0000 Accuracy: 1.0000 F1: 1.0000


--------------------------------------------------------------------
Begin DFA extraction with n_state:12
Done fitting takes time: 0.1984
==Minimized===

This DFA has 6 states
States: ['11', '6', '5', '7', '10', '12']
Alphabet: set(['1', '0'])
Starting state: 7
Accepting states: ['11', '10', '12', '6']
Transition function:
	10	11	12	5	6	7
1 	10	11	10	5	11	10
0 	6	5	12	5	6	12
Current state: 7
Currently accepting: False

Precision: 1.0000 Recall: 1.0000 Accuracy: 1.0000 F1: 1.0000


--------------------------------------------------------------------
Begin DFA extraction with n_state:13
Done fitting takes time: 0.2462
==Minimized===

This DFA has 6 states
States: ['11', '6', '13', '7', '10', '12']
Alphabet: set(['1', '0'])
Starting state: 7
Accepting states: ['11', '10', '12', '6']
Transition function:
	10	11	12	13	6	7
1 	10	11	10	13	11	10
0 	6	13	12	13	6	12
Current state: 7
Currently accepting: False

Precision: 1.0000 Recall: 1.0000 Accuracy: 1.0000 F1: 1.0000


--------------------------------------------------------------------
Begin DFA extraction with n_state:14
Done fitting takes time: 0.0958
==Minimized===

This DFA has 6 states
States: ['11', '6', '13', '7', '10', '12']
Alphabet: set(['1', '0'])
Starting state: 7
Accepting states: ['11', '10', '12', '6']
Transition function:
	10	11	12	13	6	7
1 	10	11	10	13	11	10
0 	6	13	12	13	6	12
Current state: 7
Currently accepting: False

Precision: 1.0000 Recall: 1.0000 Accuracy: 1.0000 F1: 1.0000


--------------------------------------------------------------------
Begin DFA extraction with n_state:15
Done fitting takes time: 0.3432
==Minimized===

This DFA has 6 states
States: ['11', '6', '13', '7', '10', '12']
Alphabet: set(['1', '0'])
Starting state: 7
Accepting states: ['11', '10', '12', '6']
Transition function:
	10	11	12	13	6	7
1 	10	11	10	13	11	10
0 	6	13	12	13	6	12
Current state: 7
Currently accepting: False

Precision: 1.0000 Recall: 1.0000 Accuracy: 1.0000 F1: 1.0000


--------------------------------------------------------------------
Begin DFA extraction with n_state:16
Done fitting takes time: 0.0987
==Minimized===

This DFA has 6 states
States: ['11', '6', '13', '7', '10', '12']
Alphabet: set(['1', '0'])
Starting state: 7
Accepting states: ['11', '10', '12', '6']
Transition function:
	10	11	12	13	6	7
1 	10	11	10	13	11	10
0 	6	13	12	13	6	12
Current state: 7
Currently accepting: False

Precision: 1.0000 Recall: 1.0000 Accuracy: 1.0000 F1: 1.0000


--------------------------------------------------------------------
Begin DFA extraction with n_state:17
Done fitting takes time: 0.4863
==Minimized===

This DFA has 6 states
States: ['11', '6', '13', '7', '10', '12']
Alphabet: set(['1', '0'])
Starting state: 7
Accepting states: ['11', '10', '12', '6']
Transition function:
	10	11	12	13	6	7
1 	10	11	10	13	11	10
0 	6	13	12	13	6	12
Current state: 7
Currently accepting: False

Precision: 1.0000 Recall: 1.0000 Accuracy: 1.0000 F1: 1.0000


--------------------------------------------------------------------
Begin DFA extraction with n_state:18
Done fitting takes time: 0.2542
==Minimized===

This DFA has 6 states
States: ['11', '6', '13', '7', '10', '12']
Alphabet: set(['1', '0'])
Starting state: 7
Accepting states: ['11', '10', '12', '6']
Transition function:
	10	11	12	13	6	7
1 	10	11	10	13	11	10
0 	6	13	12	13	6	12
Current state: 7
Currently accepting: False

Precision: 1.0000 Recall: 1.0000 Accuracy: 1.0000 F1: 1.0000


--------------------------------------------------------------------
Begin DFA extraction with n_state:19
Done fitting takes time: 0.3466
==Minimized===

This DFA has 6 states
States: ['11', '19', '13', '7', '10', '12']
Alphabet: set(['1', '0'])
Starting state: 7
Accepting states: ['11', '10', '12', '19']
Transition function:
	10	11	12	13	19	7
1 	10	11	10	13	11	10
0 	19	13	12	13	19	12
Current state: 7
Currently accepting: False

Precision: 1.0000 Recall: 1.0000 Accuracy: 1.0000 F1: 1.0000
[ 0.          0.59831461  0.59831461  0.59831461  0.59831461  0.02549247
  0.02549247  0.02549247  1.          1.          1.          1.          1.
  1.          1.          1.          1.          1.        ]


[[ 0.          0.59831461  0.59831461  0.13362541  0.59831461  0.59831461
   0.59831461  0.71297071  0.59831461  0.59831461  0.59831461  1.          1.
   1.          1.          1.          1.          1.        ]
 [ 0.          0.          0.          0.05034325  0.53292894  0.58789205
   0.18864293  0.07457627  0.54284299  0.54285714  0.55689424  0.59874214
   0.          0.63398254  0.00934579  0.15581644  0.28929605  0.69294606]
 [ 0.          0.59831461  0.59831461  0.59831461  0.52976704  0.52976704
   1.          1.          1.          1.          1.          1.          1.
   1.          1.          1.          1.          1.        ]
 [ 0.          0.59831461  0.59831461  0.52976704  0.52976704  1.          1.
   1.          1.          1.          1.          1.          1.          1.
   1.          1.          1.          1.        ]
 [ 0.          0.16774194  0.59831461  0.59831461  0.02549247  0.02549247
   1.          1.          1.          1.          1.          1.          1.
   1.          1.          1.          1.          1.        ]
 [ 0.          0.16774194  0.59831461  0.          0.02549247  1.          1.
   1.          1.          1.          1.          1.          1.          1.
   1.          1.          1.          1.        ]
 [ 0.59831461  0.          0.          0.          0.          0.          0.
   0.52054795  0.52054795  0.52054795  0.52054795  0.52054795  0.52054795
   0.52054795  0.52054795  0.93355299  0.87313816  0.85042521]
 [ 0.          0.59831461  0.59831461  1.          1.          1.          1.
   1.          1.          1.          1.          1.          1.          1.
   1.          1.          1.          1.        ]
 [ 0.          0.59831461  0.59831461  0.59831461  0.59831461  0.02549247
   0.02549247  0.02549247  1.          1.          1.          1.          1.
   1.          1.          1.          1.          1.        ]]
