G:g7, model:UNI sigmoid, load all data and stored hidden activations


--------------------------------------------------------------------
Begin DFA extraction with n_state:2
Done fitting takes time: 0.1085
==Minimized===

This DFA has 1 states
States: ['2']
Alphabet: set(['1', '0'])
Starting state: 2
Accepting states: []
Transition function:
	2
1 	2
0 	2
Current state: 2
Currently accepting: False

Precision: 0.0000 Recall: 0.0000 Accuracy: 0.5731 F1: 0.0000


--------------------------------------------------------------------
Begin DFA extraction with n_state:3
Done fitting takes time: 0.2501
==Minimized===

This DFA has 1 states
States: ['1']
Alphabet: set(['1', '0'])
Starting state: 1
Accepting states: ['1']
Transition function:
	1
1 	1
0 	1
Current state: 1
Currently accepting: True

Precision: 0.4269 Recall: 1.0000 Accuracy: 0.4269 F1: 0.5983


--------------------------------------------------------------------
Begin DFA extraction with n_state:4
Done fitting takes time: 0.1606
==Minimized===

This DFA has 4 states
States: ['4', '2', '1', '3']
Alphabet: set(['1', '0'])
Starting state: 3
Accepting states: ['1', '3', '2']
Transition function:
	1	2	3	4
1 	2	2	3	4
0 	1	4	1	4
Current state: 3
Currently accepting: True

Precision: 1.0000 Recall: 0.3603 Accuracy: 0.7270 F1: 0.5298


--------------------------------------------------------------------
Begin DFA extraction with n_state:5
Done fitting takes time: 0.0870
==Minimized===

This DFA has 4 states
States: ['4', '2', '3', '5']
Alphabet: set(['1', '0'])
Starting state: 3
Accepting states: ['3', '2', '5']
Transition function:
	2	3	4	5
1 	2	3	4	2
0 	4	5	4	5
Current state: 3
Currently accepting: True

Precision: 1.0000 Recall: 0.3603 Accuracy: 0.7270 F1: 0.5298


--------------------------------------------------------------------
Begin DFA extraction with n_state:6
Done fitting takes time: 0.0925
==Minimized===

This DFA has 4 states
States: ['4', '2', '3', '5']
Alphabet: set(['1', '0'])
Starting state: 3
Accepting states: ['3', '2', '5']
Transition function:
	2	3	4	5
1 	2	3	4	2
0 	4	5	4	5
Current state: 3
Currently accepting: True

Precision: 1.0000 Recall: 0.3603 Accuracy: 0.7270 F1: 0.5298


--------------------------------------------------------------------
Begin DFA extraction with n_state:7
Done fitting takes time: 0.0855
==Minimized===

This DFA has 4 states
States: ['4', '2', '3', '5']
Alphabet: set(['1', '0'])
Starting state: 3
Accepting states: ['3', '2', '5']
Transition function:
	2	3	4	5
1 	2	3	4	2
0 	4	5	4	5
Current state: 3
Currently accepting: True

Precision: 1.0000 Recall: 0.3603 Accuracy: 0.7270 F1: 0.5298


--------------------------------------------------------------------
Begin DFA extraction with n_state:8
Done fitting takes time: 0.0875
==Minimized===

This DFA has 4 states
States: ['4', '2', '3', '5']
Alphabet: set(['1', '0'])
Starting state: 3
Accepting states: ['3', '2', '5']
Transition function:
	2	3	4	5
1 	2	3	4	2
0 	4	5	4	5
Current state: 3
Currently accepting: True

Precision: 1.0000 Recall: 0.3603 Accuracy: 0.7270 F1: 0.5298


--------------------------------------------------------------------
Begin DFA extraction with n_state:9
Done fitting takes time: 0.1017
==Minimized===

This DFA has 6 states
States: ['2', '5', '1', '3', '4', '9']
Alphabet: set(['1', '0'])
Starting state: 9
Accepting states: ['1', '3', '2', '5']
Transition function:
	1	2	3	4	5	9
1 	3	2	3	4	2	3
0 	1	4	5	4	5	1
Current state: 9
Currently accepting: False

Precision: 1.0000 Recall: 1.0000 Accuracy: 1.0000 F1: 1.0000


--------------------------------------------------------------------
Begin DFA extraction with n_state:10
Done fitting takes time: 0.1997
==Minimized===

This DFA has 6 states
States: ['2', '5', '1', '3', '10', '9']
Alphabet: set(['1', '0'])
Starting state: 9
Accepting states: ['1', '3', '2', '5']
Transition function:
	1	10	2	3	5	9
1 	3	10	2	3	2	3
0 	1	10	10	5	5	1
Current state: 9
Currently accepting: False

Precision: 1.0000 Recall: 1.0000 Accuracy: 1.0000 F1: 1.0000


--------------------------------------------------------------------
Begin DFA extraction with n_state:11
Done fitting takes time: 0.1337
==Minimized===

This DFA has 6 states
States: ['2', '11', '1', '3', '10', '9']
Alphabet: set(['1', '0'])
Starting state: 9
Accepting states: ['11', '1', '3', '2']
Transition function:
	1	10	11	2	3	9
1 	3	10	2	2	3	3
0 	1	10	11	10	11	1
Current state: 9
Currently accepting: False

Precision: 1.0000 Recall: 1.0000 Accuracy: 1.0000 F1: 1.0000


--------------------------------------------------------------------
Begin DFA extraction with n_state:12
Done fitting takes time: 0.1457
==Minimized===

This DFA has 6 states
States: ['12', '11', '1', '3', '10', '9']
Alphabet: set(['1', '0'])
Starting state: 9
Accepting states: ['11', '12', '1', '3']
Transition function:
	1	10	11	12	3	9
1 	3	10	12	12	3	3
0 	1	10	11	10	11	1
Current state: 9
Currently accepting: False

Precision: 1.0000 Recall: 1.0000 Accuracy: 1.0000 F1: 1.0000


--------------------------------------------------------------------
Begin DFA extraction with n_state:13
Done fitting takes time: 0.0958
==Minimized===

This DFA has 6 states
States: ['12', '11', '13', '1', '10', '9']
Alphabet: set(['1', '0'])
Starting state: 9
Accepting states: ['11', '13', '12', '1']
Transition function:
	1	10	11	12	13	9
1 	13	10	12	12	13	13
0 	1	10	11	10	11	1
Current state: 9
Currently accepting: False

Precision: 1.0000 Recall: 1.0000 Accuracy: 1.0000 F1: 1.0000


--------------------------------------------------------------------
Begin DFA extraction with n_state:14
Done fitting takes time: 0.0968
==Minimized===

This DFA has 6 states
States: ['12', '11', '13', '1', '10', '9']
Alphabet: set(['1', '0'])
Starting state: 9
Accepting states: ['11', '13', '12', '1']
Transition function:
	1	10	11	12	13	9
1 	13	10	12	12	13	13
0 	1	10	11	10	11	1
Current state: 9
Currently accepting: False

Precision: 1.0000 Recall: 1.0000 Accuracy: 1.0000 F1: 1.0000


--------------------------------------------------------------------
Begin DFA extraction with n_state:15
Done fitting takes time: 0.3000
==Minimized===

This DFA has 6 states
States: ['12', '11', '13', '15', '10', '9']
Alphabet: set(['1', '0'])
Starting state: 9
Accepting states: ['11', '13', '12', '15']
Transition function:
	10	11	12	13	15	9
1 	10	12	12	13	13	13
0 	10	11	10	11	15	15
Current state: 9
Currently accepting: False

Precision: 1.0000 Recall: 1.0000 Accuracy: 1.0000 F1: 1.0000


--------------------------------------------------------------------
Begin DFA extraction with n_state:16
Done fitting takes time: 0.0937
==Minimized===

This DFA has 6 states
States: ['12', '11', '13', '1', '10', '9']
Alphabet: set(['1', '0'])
Starting state: 9
Accepting states: ['11', '13', '12', '1']
Transition function:
	1	10	11	12	13	9
1 	13	10	12	12	13	13
0 	1	10	11	10	11	1
Current state: 9
Currently accepting: False

Precision: 1.0000 Recall: 1.0000 Accuracy: 1.0000 F1: 1.0000


--------------------------------------------------------------------
Begin DFA extraction with n_state:17
Done fitting takes time: 0.1015
==Minimized===

This DFA has 6 states
States: ['12', '11', '13', '15', '14', '9']
Alphabet: set(['1', '0'])
Starting state: 9
Accepting states: ['11', '13', '12', '15']
Transition function:
	11	12	13	14	15	9
1 	12	12	13	14	13	13
0 	11	14	11	14	15	15
Current state: 9
Currently accepting: False

Precision: 1.0000 Recall: 1.0000 Accuracy: 1.0000 F1: 1.0000


--------------------------------------------------------------------
Begin DFA extraction with n_state:18
Done fitting takes time: 0.3030
==Minimized===

This DFA has 6 states
States: ['12', '11', '13', '15', '14', '9']
Alphabet: set(['1', '0'])
Starting state: 9
Accepting states: ['11', '13', '12', '15']
Transition function:
	11	12	13	14	15	9
1 	12	12	13	14	13	13
0 	11	14	11	14	15	15
Current state: 9
Currently accepting: False

Precision: 1.0000 Recall: 1.0000 Accuracy: 1.0000 F1: 1.0000


--------------------------------------------------------------------
Begin DFA extraction with n_state:19
Done fitting takes time: 0.1189
==Minimized===

This DFA has 6 states
States: ['12', '11', '13', '1', '10', '9']
Alphabet: set(['1', '0'])
Starting state: 9
Accepting states: ['11', '13', '12', '1']
Transition function:
	1	10	11	12	13	9
1 	13	10	12	12	13	13
0 	1	10	11	10	11	1
Current state: 9
Currently accepting: False

Precision: 1.0000 Recall: 1.0000 Accuracy: 1.0000 F1: 1.0000
[ 0.          0.59831461  0.52976704  0.52976704  0.52976704  0.52976704
  0.52976704  1.          1.          1.          1.          1.          1.
  1.          1.          1.          1.          1.        ]


[[ 0.          0.59831461  0.59831461  0.59831461  0.18762089  0.20714286
   0.59831461  0.17754011  0.17754011  1.          1.          1.          1.
   1.          1.          1.          1.          1.        ]
 [ 0.          0.          0.          0.          0.          0.
   0.26887967  0.33717579  0.02549247  0.02549247  0.          0.24787133
   0.19444444  0.30141549  0.36092097  0.38188153  0.39185751  0.39185751]
 [ 0.          0.          0.          0.          0.          0.          0.
   0.          0.          0.          0.          0.          0.          0.
   0.          0.          0.          0.        ]
 [ 0.          0.          0.          0.          0.          0.          0.
   0.          0.          0.          0.          0.          0.          0.
   0.          0.          0.          0.        ]
 [ 0.          0.59831461  0.52976704  0.52976704  0.52976704  0.52976704
   0.52976704  1.          1.          1.          1.          1.          1.
   1.          1.          1.          1.          1.        ]
 [ 0.          0.          0.          0.          0.          0.          0.
   0.          0.          0.          0.          0.          0.          0.
   0.          0.          0.          0.        ]
 [ 0.          0.          0.          0.          0.          0.          0.
   0.          0.          0.          0.          0.          0.          0.
   0.          0.          0.          0.        ]
 [ 0.          0.          0.          0.          0.          0.          0.
   0.          0.          0.          0.          0.          0.          0.
   0.          0.          0.          0.        ]
 [ 0.          0.          0.          0.          0.          0.          0.
   0.          0.          0.          0.          0.          0.          0.
   0.          0.          0.          0.        ]]
