Load data
RNN type: GRU Grammar: g7 Seed: 9
Model total parameters: 4104
Saving hinit ... 

Epoch 0: Time: 0.3376 Cost: 25.4313 Pre: 0.4444 Re: 0.7463 Acc: 0.4317 F1: 0.5571


--------------------------------------------------------------------
Eval results: Cost:25.1937 Pre:0.4159 Re:0.4267 Acc:0.4986 F1:0.4212
--------------------------------------------------------------------

Epoch 1: Time: 0.3192 Cost: 24.9353 Pre: 0.6253 Re: 0.3317 Acc: 0.5847 F1: 0.4335
Epoch 2: Time: 0.3016 Cost: 24.6042 Pre: 0.7845 Re: 0.2841 Acc: 0.6197 F1: 0.4172
Epoch 3: Time: 0.2506 Cost: 24.2633 Pre: 0.7775 Re: 0.3537 Acc: 0.6419 F1: 0.4862
Epoch 4: Time: 0.2535 Cost: 23.8129 Pre: 0.7564 Re: 0.3939 Acc: 0.6489 F1: 0.5180
Epoch 5: Time: 0.2515 Cost: 23.0549 Pre: 0.7639 Re: 0.4537 Acc: 0.6711 F1: 0.5692
Epoch 6: Time: 0.2541 Cost: 21.3598 Pre: 0.7778 Re: 0.5634 Acc: 0.7138 F1: 0.6535
Epoch 7: Time: 0.2532 Cost: 17.8077 Pre: 0.7784 Re: 0.7024 Acc: 0.7617 F1: 0.7385
Epoch 8: Time: 0.2499 Cost: 14.4717 Pre: 0.7902 Re: 0.7439 Acc: 0.7827 F1: 0.7663
Epoch 9: Time: 0.2641 Cost: 11.5434 Pre: 0.8358 Re: 0.8817 Acc: 0.8604 F1: 0.8582
Epoch 10: Time: 0.2530 Cost: 9.3676 Pre: 0.8563 Re: 0.9378 Acc: 0.8949 F1: 0.8952


--------------------------------------------------------------------
Eval results: Cost:6.8903 Pre:0.8772 Re:0.9544 Acc:0.9234 F1:0.9142
--------------------------------------------------------------------

Epoch 11: Time: 0.2531 Cost: 7.9977 Pre: 0.8707 Re: 0.9610 Acc: 0.9130 F1: 0.9136
Epoch 12: Time: 0.2549 Cost: 6.9624 Pre: 0.8798 Re: 0.9732 Acc: 0.9235 F1: 0.9241
Epoch 13: Time: 0.2522 Cost: 6.1682 Pre: 0.8889 Re: 0.9854 Acc: 0.9340 F1: 0.9346
Epoch 14: Time: 0.2571 Cost: 5.6117 Pre: 0.8942 Re: 0.9890 Acc: 0.9387 F1: 0.9392
Epoch 15: Time: 0.2520 Cost: 5.1484 Pre: 0.8983 Re: 0.9915 Acc: 0.9422 F1: 0.9426
Epoch 16: Time: 0.2547 Cost: 4.7491 Pre: 0.9078 Re: 0.9963 Acc: 0.9498 F1: 0.9500
Epoch 17: Time: 0.2520 Cost: 4.3977 Pre: 0.9151 Re: 0.9988 Acc: 0.9550 F1: 0.9551
Epoch 18: Time: 0.2511 Cost: 4.0699 Pre: 0.9213 Re: 0.9988 Acc: 0.9585 F1: 0.9585
Epoch 19: Time: 0.2547 Cost: 3.7588 Pre: 0.9329 Re: 1.0000 Acc: 0.9655 F1: 0.9653
Epoch 20: Time: 0.2517 Cost: 3.4622 Pre: 0.9393 Re: 1.0000 Acc: 0.9690 F1: 0.9687


--------------------------------------------------------------------
Eval results: Cost:2.6997 Pre:0.9417 Re:1.0000 Acc:0.9735 F1:0.9700
--------------------------------------------------------------------

Epoch 21: Time: 0.2550 Cost: 3.1762 Pre: 0.9513 Re: 1.0000 Acc: 0.9755 F1: 0.9750
Epoch 22: Time: 0.2517 Cost: 2.8891 Pre: 0.9568 Re: 1.0000 Acc: 0.9784 F1: 0.9779
Epoch 23: Time: 0.2552 Cost: 2.6312 Pre: 0.9636 Re: 1.0000 Acc: 0.9819 F1: 0.9814
Epoch 24: Time: 0.2521 Cost: 2.3938 Pre: 0.9727 Re: 1.0000 Acc: 0.9866 F1: 0.9862
Epoch 25: Time: 0.2533 Cost: 2.1831 Pre: 0.9797 Re: 1.0000 Acc: 0.9901 F1: 0.9897
Epoch 26: Time: 0.2509 Cost: 2.0027 Pre: 0.9844 Re: 1.0000 Acc: 0.9924 F1: 0.9921
Epoch 27: Time: 0.2566 Cost: 1.8436 Pre: 0.9903 Re: 1.0000 Acc: 0.9953 F1: 0.9951
Epoch 28: Time: 0.2519 Cost: 1.6853 Pre: 0.9927 Re: 1.0000 Acc: 0.9965 F1: 0.9964
Epoch 29: Time: 0.2533 Cost: 1.5373 Pre: 0.9939 Re: 1.0000 Acc: 0.9971 F1: 0.9970
Epoch 30: Time: 0.2518 Cost: 1.4074 Pre: 0.9951 Re: 1.0000 Acc: 0.9977 F1: 0.9976


--------------------------------------------------------------------
Eval results: Cost:1.1684 Pre:0.9903 Re:1.0000 Acc:0.9958 F1:0.9951
--------------------------------------------------------------------

Epoch 31: Time: 0.2571 Cost: 1.2890 Pre: 0.9964 Re: 1.0000 Acc: 0.9982 F1: 0.9982
Epoch 32: Time: 0.2547 Cost: 1.1775 Pre: 0.9976 Re: 1.0000 Acc: 0.9988 F1: 0.9988
Epoch 33: Time: 0.2510 Cost: 1.0712 Pre: 1.0000 Re: 1.0000 Acc: 1.0000 F1: 1.0000
Epoch 34: Time: 0.2515 Cost: 0.9711 Pre: 1.0000 Re: 1.0000 Acc: 1.0000 F1: 1.0000
Epoch 35: Time: 0.2556 Cost: 0.8809 Pre: 1.0000 Re: 1.0000 Acc: 1.0000 F1: 1.0000
Epoch 36: Time: 0.2525 Cost: 0.7974 Pre: 1.0000 Re: 1.0000 Acc: 1.0000 F1: 1.0000
Epoch 37: Time: 0.2526 Cost: 0.7190 Pre: 1.0000 Re: 1.0000 Acc: 1.0000 F1: 1.0000
Epoch 38: Time: 0.2535 Cost: 0.6445 Pre: 1.0000 Re: 1.0000 Acc: 1.0000 F1: 1.0000
Epoch 39: Time: 0.2530 Cost: 0.5729 Pre: 1.0000 Re: 1.0000 Acc: 1.0000 F1: 1.0000
Epoch 40: Time: 0.2521 Cost: 0.5031 Pre: 1.0000 Re: 1.0000 Acc: 1.0000 F1: 1.0000


--------------------------------------------------------------------
Eval results: Cost:0.4306 Pre:1.0000 Re:1.0000 Acc:1.0000 F1:1.0000
--------------------------------------------------------------------

Epoch 41: Time: 0.2535 Cost: 0.4392 Pre: 1.0000 Re: 1.0000 Acc: 1.0000 F1: 1.0000
Epoch 42: Time: 0.2534 Cost: 0.3830 Pre: 1.0000 Re: 1.0000 Acc: 1.0000 F1: 1.0000
Epoch 43: Time: 0.2531 Cost: 0.3314 Pre: 1.0000 Re: 1.0000 Acc: 1.0000 F1: 1.0000
Epoch 44: Time: 0.3026 Cost: 0.2861 Pre: 1.0000 Re: 1.0000 Acc: 1.0000 F1: 1.0000
Epoch 45: Time: 0.2928 Cost: 0.2554 Pre: 1.0000 Re: 1.0000 Acc: 1.0000 F1: 1.0000
Epoch 46: Time: 0.2560 Cost: 0.2123 Pre: 1.0000 Re: 1.0000 Acc: 1.0000 F1: 1.0000
Epoch 47: Time: 0.2794 Cost: 0.1828 Pre: 1.0000 Re: 1.0000 Acc: 1.0000 F1: 1.0000
Epoch 48: Time: 0.2506 Cost: 0.1632 Pre: 1.0000 Re: 1.0000 Acc: 1.0000 F1: 1.0000
Epoch 49: Time: 0.2580 Cost: 0.1413 Pre: 1.0000 Re: 1.0000 Acc: 1.0000 F1: 1.0000
Epoch 50: Time: 0.3032 Cost: 0.1186 Pre: 1.0000 Re: 1.0000 Acc: 1.0000 F1: 1.0000


--------------------------------------------------------------------
Eval results: Cost:0.1072 Pre:1.0000 Re:1.0000 Acc:1.0000 F1:1.0000
--------------------------------------------------------------------

Epoch 51: Time: 0.2551 Cost: 0.1027 Pre: 1.0000 Re: 1.0000 Acc: 1.0000 F1: 1.0000
Epoch 52: Time: 0.2537 Cost: 0.0906 Pre: 1.0000 Re: 1.0000 Acc: 1.0000 F1: 1.0000
Epoch 53: Time: 0.2517 Cost: 0.0808 Pre: 1.0000 Re: 1.0000 Acc: 1.0000 F1: 1.0000
Epoch 54: Time: 0.2541 Cost: 0.0671 Pre: 1.0000 Re: 1.0000 Acc: 1.0000 F1: 1.0000
Epoch 55: Time: 0.2505 Cost: 0.0585 Pre: 1.0000 Re: 1.0000 Acc: 1.0000 F1: 1.0000
Epoch 56: Time: 0.2550 Cost: 0.0570 Pre: 1.0000 Re: 1.0000 Acc: 1.0000 F1: 1.0000
Epoch 57: Time: 0.2527 Cost: 0.0459 Pre: 1.0000 Re: 1.0000 Acc: 1.0000 F1: 1.0000
Epoch 58: Time: 0.2525 Cost: 0.0427 Pre: 1.0000 Re: 1.0000 Acc: 1.0000 F1: 1.0000
Epoch 59: Time: 0.2608 Cost: 0.0354 Pre: 1.0000 Re: 1.0000 Acc: 1.0000 F1: 1.0000
Epoch 60: Time: 0.2593 Cost: 0.0326 Pre: 1.0000 Re: 1.0000 Acc: 1.0000 F1: 1.0000


--------------------------------------------------------------------
Eval results: Cost:0.0350 Pre:1.0000 Re:1.0000 Acc:1.0000 F1:1.0000
--------------------------------------------------------------------

Epoch 61: Time: 0.2572 Cost: 0.0297 Pre: 1.0000 Re: 1.0000 Acc: 1.0000 F1: 1.0000
Epoch 62: Time: 0.2508 Cost: 0.0268 Pre: 1.0000 Re: 1.0000 Acc: 1.0000 F1: 1.0000
Epoch 63: Time: 0.2509 Cost: 0.0235 Pre: 1.0000 Re: 1.0000 Acc: 1.0000 F1: 1.0000
Epoch 64: Time: 0.2547 Cost: 0.0215 Pre: 1.0000 Re: 1.0000 Acc: 1.0000 F1: 1.0000
Epoch 65: Time: 0.2528 Cost: 0.0200 Pre: 1.0000 Re: 1.0000 Acc: 1.0000 F1: 1.0000
Epoch 66: Time: 0.2527 Cost: 0.0188 Pre: 1.0000 Re: 1.0000 Acc: 1.0000 F1: 1.0000
Epoch 67: Time: 0.2538 Cost: 0.0163 Pre: 1.0000 Re: 1.0000 Acc: 1.0000 F1: 1.0000
Epoch 68: Time: 0.2526 Cost: 0.0151 Pre: 1.0000 Re: 1.0000 Acc: 1.0000 F1: 1.0000
Epoch 69: Time: 0.2530 Cost: 0.0147 Pre: 1.0000 Re: 1.0000 Acc: 1.0000 F1: 1.0000
Epoch 70: Time: 0.3468 Cost: 0.0129 Pre: 1.0000 Re: 1.0000 Acc: 1.0000 F1: 1.0000


--------------------------------------------------------------------
Eval results: Cost:0.0131 Pre:1.0000 Re:1.0000 Acc:1.0000 F1:1.0000
--------------------------------------------------------------------

Epoch 71: Time: 0.2952 Cost: 0.0120 Pre: 1.0000 Re: 1.0000 Acc: 1.0000 F1: 1.0000
Epoch 72: Time: 0.2587 Cost: 0.0110 Pre: 1.0000 Re: 1.0000 Acc: 1.0000 F1: 1.0000
Epoch 73: Time: 0.2527 Cost: 0.0105 Pre: 1.0000 Re: 1.0000 Acc: 1.0000 F1: 1.0000
Epoch 74: Time: 0.2538 Cost: 0.0104 Pre: 1.0000 Re: 1.0000 Acc: 1.0000 F1: 1.0000
Epoch 75: Time: 0.2537 Cost: 0.0093 Pre: 1.0000 Re: 1.0000 Acc: 1.0000 F1: 1.0000
Epoch 76: Time: 0.2511 Cost: 0.0088 Pre: 1.0000 Re: 1.0000 Acc: 1.0000 F1: 1.0000
Epoch 77: Time: 0.2529 Cost: 0.0083 Pre: 1.0000 Re: 1.0000 Acc: 1.0000 F1: 1.0000
Epoch 78: Time: 0.2529 Cost: 0.0078 Pre: 1.0000 Re: 1.0000 Acc: 1.0000 F1: 1.0000
Epoch 79: Time: 0.2538 Cost: 0.0075 Pre: 1.0000 Re: 1.0000 Acc: 1.0000 F1: 1.0000
Epoch 80: Time: 0.2508 Cost: 0.0071 Pre: 1.0000 Re: 1.0000 Acc: 1.0000 F1: 1.0000


--------------------------------------------------------------------
Eval results: Cost:0.0099 Pre:1.0000 Re:1.0000 Acc:1.0000 F1:1.0000
--------------------------------------------------------------------

Epoch 81: Time: 0.2590 Cost: 0.0069 Pre: 1.0000 Re: 1.0000 Acc: 1.0000 F1: 1.0000
Epoch 82: Time: 0.2529 Cost: 0.0066 Pre: 1.0000 Re: 1.0000 Acc: 1.0000 F1: 1.0000
Epoch 83: Time: 0.2535 Cost: 0.0065 Pre: 1.0000 Re: 1.0000 Acc: 1.0000 F1: 1.0000
Epoch 84: Time: 0.2510 Cost: 0.0061 Pre: 1.0000 Re: 1.0000 Acc: 1.0000 F1: 1.0000
Epoch 85: Time: 0.2541 Cost: 0.0059 Pre: 1.0000 Re: 1.0000 Acc: 1.0000 F1: 1.0000
Epoch 86: Time: 0.2537 Cost: 0.0055 Pre: 1.0000 Re: 1.0000 Acc: 1.0000 F1: 1.0000
Epoch 87: Time: 0.2536 Cost: 0.0053 Pre: 1.0000 Re: 1.0000 Acc: 1.0000 F1: 1.0000
Epoch 88: Time: 0.2507 Cost: 0.0051 Pre: 1.0000 Re: 1.0000 Acc: 1.0000 F1: 1.0000
Epoch 89: Time: 0.2558 Cost: 0.0049 Pre: 1.0000 Re: 1.0000 Acc: 1.0000 F1: 1.0000
Epoch 90: Time: 0.2537 Cost: 0.0047 Pre: 1.0000 Re: 1.0000 Acc: 1.0000 F1: 1.0000


--------------------------------------------------------------------
Eval results: Cost:0.0063 Pre:1.0000 Re:1.0000 Acc:1.0000 F1:1.0000
--------------------------------------------------------------------

Epoch 91: Time: 0.2543 Cost: 0.0047 Pre: 1.0000 Re: 1.0000 Acc: 1.0000 F1: 1.0000
Epoch 92: Time: 0.2511 Cost: 0.0047 Pre: 1.0000 Re: 1.0000 Acc: 1.0000 F1: 1.0000
Epoch 93: Time: 0.2552 Cost: 0.0068 Pre: 1.0000 Re: 1.0000 Acc: 1.0000 F1: 1.0000
Epoch 94: Time: 0.2517 Cost: 0.0049 Pre: 1.0000 Re: 1.0000 Acc: 1.0000 F1: 1.0000
Epoch 95: Time: 0.2536 Cost: 0.0041 Pre: 1.0000 Re: 1.0000 Acc: 1.0000 F1: 1.0000
Epoch 96: Time: 0.2553 Cost: 0.0039 Pre: 1.0000 Re: 1.0000 Acc: 1.0000 F1: 1.0000
Epoch 97: Time: 0.2538 Cost: 0.0039 Pre: 1.0000 Re: 1.0000 Acc: 1.0000 F1: 1.0000
Epoch 98: Time: 0.2524 Cost: 0.0039 Pre: 1.0000 Re: 1.0000 Acc: 1.0000 F1: 1.0000
Epoch 99: Time: 0.2523 Cost: 0.0038 Pre: 1.0000 Re: 1.0000 Acc: 1.0000 F1: 1.0000
Epoch 100: Time: 0.2528 Cost: 0.0037 Pre: 1.0000 Re: 1.0000 Acc: 1.0000 F1: 1.0000


--------------------------------------------------------------------
Eval results: Cost:0.0046 Pre:1.0000 Re:1.0000 Acc:1.0000 F1:1.0000
--------------------------------------------------------------------

Epoch 101: Time: 0.2565 Cost: 0.0039 Pre: 1.0000 Re: 1.0000 Acc: 1.0000 F1: 1.0000
Epoch 102: Time: 0.2514 Cost: 0.0039 Pre: 1.0000 Re: 1.0000 Acc: 1.0000 F1: 1.0000
Epoch 103: Time: 0.2569 Cost: 0.0094 Pre: 1.0000 Re: 1.0000 Acc: 1.0000 F1: 1.0000
Epoch 104: Time: 0.2538 Cost: 0.0056 Pre: 1.0000 Re: 1.0000 Acc: 1.0000 F1: 1.0000
Epoch 105: Time: 0.2576 Cost: 0.0036 Pre: 1.0000 Re: 1.0000 Acc: 1.0000 F1: 1.0000
Epoch 106: Time: 0.2505 Cost: 0.0033 Pre: 1.0000 Re: 1.0000 Acc: 1.0000 F1: 1.0000
Epoch 107: Time: 0.2524 Cost: 0.0031 Pre: 1.0000 Re: 1.0000 Acc: 1.0000 F1: 1.0000
Epoch 108: Time: 0.2518 Cost: 0.0030 Pre: 1.0000 Re: 1.0000 Acc: 1.0000 F1: 1.0000
Epoch 109: Time: 0.2511 Cost: 0.0029 Pre: 1.0000 Re: 1.0000 Acc: 1.0000 F1: 1.0000
Epoch 110: Time: 0.2534 Cost: 0.0028 Pre: 1.0000 Re: 1.0000 Acc: 1.0000 F1: 1.0000


--------------------------------------------------------------------
Eval results: Cost:0.0040 Pre:1.0000 Re:1.0000 Acc:1.0000 F1:1.0000
--------------------------------------------------------------------

Epoch 111: Time: 0.2585 Cost: 0.0028 Pre: 1.0000 Re: 1.0000 Acc: 1.0000 F1: 1.0000
Epoch 112: Time: 0.2521 Cost: 0.0027 Pre: 1.0000 Re: 1.0000 Acc: 1.0000 F1: 1.0000
Epoch 113: Time: 0.2539 Cost: 0.0027 Pre: 1.0000 Re: 1.0000 Acc: 1.0000 F1: 1.0000
Epoch 114: Time: 0.2512 Cost: 0.0027 Pre: 1.0000 Re: 1.0000 Acc: 1.0000 F1: 1.0000
Epoch 115: Time: 0.2559 Cost: 0.0028 Pre: 1.0000 Re: 1.0000 Acc: 1.0000 F1: 1.0000
Epoch 116: Time: 0.2522 Cost: 0.0028 Pre: 1.0000 Re: 1.0000 Acc: 1.0000 F1: 1.0000
Epoch 117: Time: 0.2506 Cost: 0.0029 Pre: 1.0000 Re: 1.0000 Acc: 1.0000 F1: 1.0000
Epoch 118: Time: 0.2552 Cost: 0.0047 Pre: 1.0000 Re: 1.0000 Acc: 1.0000 F1: 1.0000
Epoch 119: Time: 0.2519 Cost: 0.0029 Pre: 1.0000 Re: 1.0000 Acc: 1.0000 F1: 1.0000
Epoch 120: Time: 0.2526 Cost: 0.0025 Pre: 1.0000 Re: 1.0000 Acc: 1.0000 F1: 1.0000


--------------------------------------------------------------------
Eval results: Cost:0.0052 Pre:1.0000 Re:1.0000 Acc:1.0000 F1:1.0000
--------------------------------------------------------------------

Early stopping...
--------------------------------------------------------------------
--------------------------------------------------------------------
Test 1996 samples take time: 0.5529
Test results: Cost:0.0028 Pre:1.0000 Re:1.0000 Acc:1.0000 F1:1.0000
--------------------------------------------------------------------

