Load data
RNN type: MI Grammar: g7 Seed: 5
Model total parameters: 4216
Saving hinit ... 

Epoch 0: Time: 0.3031 Cost: 25.1890 Pre: 0.3568 Re: 0.1049 Acc: 0.4807 F1: 0.1621


--------------------------------------------------------------------
Eval results: Cost:22.2209 Pre:0.5938 Re:0.0619 Acc:0.5808 F1:0.1121
--------------------------------------------------------------------

Epoch 1: Time: 0.2241 Cost: 22.3991 Pre: 0.7531 Re: 0.0744 Acc: 0.5450 F1: 0.1354
Epoch 2: Time: 0.2299 Cost: 20.3591 Pre: 0.6585 Re: 0.1976 Acc: 0.5666 F1: 0.3039
Epoch 3: Time: 0.2212 Cost: 17.3081 Pre: 0.5895 Re: 0.4098 Acc: 0.5806 F1: 0.4835
Epoch 4: Time: 0.2244 Cost: 14.6736 Pre: 0.9809 Re: 0.5634 Acc: 0.7856 F1: 0.7157
Epoch 5: Time: 0.2232 Cost: 12.6830 Pre: 0.9767 Re: 0.6146 Acc: 0.8084 F1: 0.7545
Epoch 6: Time: 0.2249 Cost: 10.4035 Pre: 0.9675 Re: 0.6890 Acc: 0.8400 F1: 0.8048
Epoch 7: Time: 0.2237 Cost: 8.2513 Pre: 0.9774 Re: 0.7390 Acc: 0.8668 F1: 0.8417
Epoch 8: Time: 0.2247 Cost: 7.0830 Pre: 0.9654 Re: 0.8159 Acc: 0.8978 F1: 0.8843
Epoch 9: Time: 0.2204 Cost: 6.3043 Pre: 0.9609 Re: 0.8402 Acc: 0.9071 F1: 0.8966
Epoch 10: Time: 0.2214 Cost: 5.7764 Pre: 0.9653 Re: 0.8817 Acc: 0.9282 F1: 0.9216


--------------------------------------------------------------------
Eval results: Cost:5.3630 Pre:0.9201 Re:0.9381 Acc:0.9387 F1:0.9290
--------------------------------------------------------------------

Epoch 11: Time: 0.2229 Cost: 5.4335 Pre: 0.9605 Re: 0.8902 Acc: 0.9299 F1: 0.9241
Epoch 12: Time: 0.2247 Cost: 5.1594 Pre: 0.9615 Re: 0.8829 Acc: 0.9270 F1: 0.9205
Epoch 13: Time: 0.2226 Cost: 4.9020 Pre: 0.9648 Re: 0.9012 Acc: 0.9369 F1: 0.9319
Epoch 14: Time: 0.2221 Cost: 4.7175 Pre: 0.9674 Re: 0.9049 Acc: 0.9398 F1: 0.9351
Epoch 15: Time: 0.2259 Cost: 4.5477 Pre: 0.9662 Re: 0.9073 Acc: 0.9404 F1: 0.9358
Epoch 16: Time: 0.2222 Cost: 4.4951 Pre: 0.9651 Re: 0.9098 Acc: 0.9410 F1: 0.9366
Epoch 17: Time: 0.2242 Cost: 4.4087 Pre: 0.9623 Re: 0.9329 Acc: 0.9504 F1: 0.9474
Epoch 18: Time: 0.2210 Cost: 4.1740 Pre: 0.9665 Re: 0.9512 Acc: 0.9609 F1: 0.9588
Epoch 19: Time: 0.2251 Cost: 3.8004 Pre: 0.9778 Re: 0.9646 Acc: 0.9725 F1: 0.9711
Epoch 20: Time: 0.2218 Cost: 3.4727 Pre: 0.9853 Re: 0.9793 Acc: 0.9831 F1: 0.9823


--------------------------------------------------------------------
Eval results: Cost:3.9342 Pre:0.9437 Re:0.9837 Acc:0.9680 F1:0.9633
--------------------------------------------------------------------

Epoch 21: Time: 0.2215 Cost: 3.2505 Pre: 0.9926 Re: 0.9866 Acc: 0.9901 F1: 0.9896
Epoch 22: Time: 0.2208 Cost: 3.0173 Pre: 0.9927 Re: 0.9890 Acc: 0.9912 F1: 0.9908
Epoch 23: Time: 0.2253 Cost: 2.8292 Pre: 0.9927 Re: 0.9939 Acc: 0.9936 F1: 0.9933
Epoch 24: Time: 0.2225 Cost: 2.6349 Pre: 0.9963 Re: 0.9951 Acc: 0.9959 F1: 0.9957
Epoch 25: Time: 0.2237 Cost: 2.4441 Pre: 0.9951 Re: 0.9988 Acc: 0.9971 F1: 0.9970
Epoch 26: Time: 0.2218 Cost: 2.4015 Pre: 0.9927 Re: 0.9927 Acc: 0.9930 F1: 0.9927
Epoch 27: Time: 0.2265 Cost: 2.2852 Pre: 0.9951 Re: 0.9988 Acc: 0.9971 F1: 0.9970
Epoch 28: Time: 0.2227 Cost: 2.3643 Pre: 0.9891 Re: 0.9976 Acc: 0.9936 F1: 0.9933
Epoch 29: Time: 0.2270 Cost: 2.2354 Pre: 0.9891 Re: 0.9951 Acc: 0.9924 F1: 0.9921
Epoch 30: Time: 0.2235 Cost: 2.2167 Pre: 0.9891 Re: 1.0000 Acc: 0.9947 F1: 0.9945


--------------------------------------------------------------------
Eval results: Cost:2.8791 Pre:0.9714 Re:0.9967 Acc:0.9861 F1:0.9839
--------------------------------------------------------------------

Epoch 31: Time: 0.2287 Cost: 1.9963 Pre: 0.9927 Re: 1.0000 Acc: 0.9965 F1: 0.9964
Epoch 32: Time: 0.2304 Cost: 1.8277 Pre: 0.9964 Re: 1.0000 Acc: 0.9982 F1: 0.9982
Epoch 33: Time: 0.2408 Cost: 1.6263 Pre: 0.9988 Re: 1.0000 Acc: 0.9994 F1: 0.9994
Epoch 34: Time: 0.2540 Cost: 1.4190 Pre: 0.9988 Re: 1.0000 Acc: 0.9994 F1: 0.9994
Epoch 35: Time: 0.2736 Cost: 1.3584 Pre: 0.9976 Re: 1.0000 Acc: 0.9988 F1: 0.9988
Epoch 36: Time: 0.2821 Cost: 1.2302 Pre: 0.9988 Re: 1.0000 Acc: 0.9994 F1: 0.9994
Epoch 37: Time: 0.3070 Cost: 1.1154 Pre: 0.9988 Re: 1.0000 Acc: 0.9994 F1: 0.9994
Epoch 38: Time: 0.3027 Cost: 1.0932 Pre: 0.9988 Re: 1.0000 Acc: 0.9994 F1: 0.9994
Epoch 39: Time: 0.3216 Cost: 1.1311 Pre: 0.9964 Re: 1.0000 Acc: 0.9982 F1: 0.9982
Epoch 40: Time: 0.3303 Cost: 1.0213 Pre: 0.9976 Re: 1.0000 Acc: 0.9988 F1: 0.9988


--------------------------------------------------------------------
Eval results: Cost:2.3852 Pre:0.9564 Re:1.0000 Acc:0.9805 F1:0.9777
--------------------------------------------------------------------

Epoch 41: Time: 0.3338 Cost: 0.8894 Pre: 0.9988 Re: 1.0000 Acc: 0.9994 F1: 0.9994
Epoch 42: Time: 0.3228 Cost: 0.8178 Pre: 0.9988 Re: 1.0000 Acc: 0.9994 F1: 0.9994
Epoch 43: Time: 0.3181 Cost: 0.7524 Pre: 0.9988 Re: 1.0000 Acc: 0.9994 F1: 0.9994
Epoch 44: Time: 0.3139 Cost: 0.7267 Pre: 0.9976 Re: 1.0000 Acc: 0.9988 F1: 0.9988
Epoch 45: Time: 0.3073 Cost: 0.7580 Pre: 0.9964 Re: 1.0000 Acc: 0.9982 F1: 0.9982
Epoch 46: Time: 0.2987 Cost: 0.7211 Pre: 0.9976 Re: 1.0000 Acc: 0.9988 F1: 0.9988
Epoch 47: Time: 0.2964 Cost: 0.7627 Pre: 0.9976 Re: 1.0000 Acc: 0.9988 F1: 0.9988
Epoch 48: Time: 0.2886 Cost: 0.6301 Pre: 0.9988 Re: 1.0000 Acc: 0.9994 F1: 0.9994
Epoch 49: Time: 0.2863 Cost: 0.5425 Pre: 0.9976 Re: 1.0000 Acc: 0.9988 F1: 0.9988
Epoch 50: Time: 0.2777 Cost: 0.5186 Pre: 0.9976 Re: 1.0000 Acc: 0.9988 F1: 0.9988


--------------------------------------------------------------------
Eval results: Cost:2.3037 Pre:0.9505 Re:1.0000 Acc:0.9777 F1:0.9746
--------------------------------------------------------------------

Epoch 51: Time: 0.2904 Cost: 0.4894 Pre: 0.9988 Re: 1.0000 Acc: 0.9994 F1: 0.9994
Epoch 52: Time: 0.3109 Cost: 0.4711 Pre: 0.9988 Re: 1.0000 Acc: 0.9994 F1: 0.9994
Epoch 53: Time: 0.3090 Cost: 0.4169 Pre: 0.9988 Re: 1.0000 Acc: 0.9994 F1: 0.9994
Epoch 54: Time: 0.3301 Cost: 0.3899 Pre: 0.9988 Re: 1.0000 Acc: 0.9994 F1: 0.9994
Epoch 55: Time: 0.3448 Cost: 0.3542 Pre: 0.9988 Re: 1.0000 Acc: 0.9994 F1: 0.9994
Epoch 56: Time: 0.3664 Cost: 0.3560 Pre: 0.9988 Re: 1.0000 Acc: 0.9994 F1: 0.9994
Epoch 57: Time: 0.3692 Cost: 0.3442 Pre: 0.9988 Re: 1.0000 Acc: 0.9994 F1: 0.9994
Epoch 58: Time: 0.3808 Cost: 0.3420 Pre: 0.9988 Re: 1.0000 Acc: 0.9994 F1: 0.9994
Epoch 59: Time: 0.3832 Cost: 0.2914 Pre: 0.9988 Re: 1.0000 Acc: 0.9994 F1: 0.9994
Epoch 60: Time: 0.3856 Cost: 0.2754 Pre: 0.9988 Re: 1.0000 Acc: 0.9994 F1: 0.9994


--------------------------------------------------------------------
Eval results: Cost:2.2289 Pre:0.9475 Re:1.0000 Acc:0.9763 F1:0.9731
--------------------------------------------------------------------

Epoch 61: Time: 0.3785 Cost: 0.2808 Pre: 0.9988 Re: 1.0000 Acc: 0.9994 F1: 0.9994
Epoch 62: Time: 0.4646 Cost: 0.2670 Pre: 0.9988 Re: 1.0000 Acc: 0.9994 F1: 0.9994
Epoch 63: Time: 0.3936 Cost: 0.2498 Pre: 0.9988 Re: 1.0000 Acc: 0.9994 F1: 0.9994
Epoch 64: Time: 0.3473 Cost: 0.2445 Pre: 0.9988 Re: 1.0000 Acc: 0.9994 F1: 0.9994
Epoch 65: Time: 0.3598 Cost: 0.2633 Pre: 0.9976 Re: 1.0000 Acc: 0.9988 F1: 0.9988
Epoch 66: Time: 0.3303 Cost: 0.2560 Pre: 0.9988 Re: 1.0000 Acc: 0.9994 F1: 0.9994
Epoch 67: Time: 0.3261 Cost: 0.2291 Pre: 0.9988 Re: 1.0000 Acc: 0.9994 F1: 0.9994
Epoch 68: Time: 0.2937 Cost: 0.2319 Pre: 0.9988 Re: 1.0000 Acc: 0.9994 F1: 0.9994
Epoch 69: Time: 0.2900 Cost: 0.2029 Pre: 0.9988 Re: 1.0000 Acc: 0.9994 F1: 0.9994
Epoch 70: Time: 0.2783 Cost: 0.2345 Pre: 0.9988 Re: 1.0000 Acc: 0.9994 F1: 0.9994


--------------------------------------------------------------------
Eval results: Cost:1.4063 Pre:0.9654 Re:1.0000 Acc:0.9847 F1:0.9824
--------------------------------------------------------------------

Epoch 71: Time: 0.2652 Cost: 0.2159 Pre: 0.9988 Re: 1.0000 Acc: 0.9994 F1: 0.9994
Epoch 72: Time: 0.2697 Cost: 0.1694 Pre: 0.9988 Re: 1.0000 Acc: 0.9994 F1: 0.9994
Epoch 73: Time: 0.2600 Cost: 0.1520 Pre: 0.9988 Re: 1.0000 Acc: 0.9994 F1: 0.9994
Epoch 74: Time: 0.2566 Cost: 0.1510 Pre: 0.9988 Re: 1.0000 Acc: 0.9994 F1: 0.9994
Epoch 75: Time: 0.2435 Cost: 0.1490 Pre: 0.9988 Re: 1.0000 Acc: 0.9994 F1: 0.9994
Epoch 76: Time: 0.2432 Cost: 0.1418 Pre: 0.9988 Re: 1.0000 Acc: 0.9994 F1: 0.9994
Epoch 77: Time: 0.2441 Cost: 0.1320 Pre: 0.9988 Re: 1.0000 Acc: 0.9994 F1: 0.9994
Epoch 78: Time: 0.2414 Cost: 0.1202 Pre: 0.9988 Re: 1.0000 Acc: 0.9994 F1: 0.9994
Epoch 79: Time: 0.2366 Cost: 0.1167 Pre: 0.9988 Re: 1.0000 Acc: 0.9994 F1: 0.9994
Epoch 80: Time: 0.2332 Cost: 0.1132 Pre: 0.9988 Re: 1.0000 Acc: 0.9994 F1: 0.9994


--------------------------------------------------------------------
Eval results: Cost:1.6367 Pre:0.9564 Re:1.0000 Acc:0.9805 F1:0.9777
--------------------------------------------------------------------

Epoch 81: Time: 0.2316 Cost: 0.1231 Pre: 0.9988 Re: 1.0000 Acc: 0.9994 F1: 0.9994
Epoch 82: Time: 0.2355 Cost: 0.1130 Pre: 0.9988 Re: 1.0000 Acc: 0.9994 F1: 0.9994
Epoch 83: Time: 0.2335 Cost: 0.1033 Pre: 0.9988 Re: 1.0000 Acc: 0.9994 F1: 0.9994
Epoch 84: Time: 0.2374 Cost: 0.1025 Pre: 0.9988 Re: 1.0000 Acc: 0.9994 F1: 0.9994
Epoch 85: Time: 0.2334 Cost: 0.0966 Pre: 0.9988 Re: 1.0000 Acc: 0.9994 F1: 0.9994
Epoch 86: Time: 0.2325 Cost: 0.0930 Pre: 0.9988 Re: 1.0000 Acc: 0.9994 F1: 0.9994
Epoch 87: Time: 0.2313 Cost: 0.0932 Pre: 0.9988 Re: 1.0000 Acc: 0.9994 F1: 0.9994
Epoch 88: Time: 0.2301 Cost: 0.0963 Pre: 0.9988 Re: 1.0000 Acc: 0.9994 F1: 0.9994
Epoch 89: Time: 0.2335 Cost: 0.0969 Pre: 0.9988 Re: 1.0000 Acc: 0.9994 F1: 0.9994
Epoch 90: Time: 0.2274 Cost: 0.1042 Pre: 0.9988 Re: 1.0000 Acc: 0.9994 F1: 0.9994


--------------------------------------------------------------------
Eval results: Cost:1.4463 Pre:0.9564 Re:1.0000 Acc:0.9805 F1:0.9777
--------------------------------------------------------------------

Epoch 91: Time: 0.2233 Cost: 0.1138 Pre: 0.9988 Re: 1.0000 Acc: 0.9994 F1: 0.9994
Epoch 92: Time: 0.2266 Cost: 0.1025 Pre: 0.9988 Re: 1.0000 Acc: 0.9994 F1: 0.9994
Epoch 93: Time: 0.2260 Cost: 0.0908 Pre: 0.9988 Re: 1.0000 Acc: 0.9994 F1: 0.9994
Epoch 94: Time: 0.2292 Cost: 0.0845 Pre: 0.9988 Re: 1.0000 Acc: 0.9994 F1: 0.9994
Epoch 95: Time: 0.2277 Cost: 0.0809 Pre: 0.9988 Re: 1.0000 Acc: 0.9994 F1: 0.9994
Epoch 96: Time: 0.2276 Cost: 0.0785 Pre: 0.9988 Re: 1.0000 Acc: 0.9994 F1: 0.9994
Epoch 97: Time: 0.2319 Cost: 0.0775 Pre: 0.9988 Re: 1.0000 Acc: 0.9994 F1: 0.9994
Epoch 98: Time: 0.2275 Cost: 0.0754 Pre: 0.9988 Re: 1.0000 Acc: 0.9994 F1: 0.9994
Epoch 99: Time: 0.2315 Cost: 0.0739 Pre: 0.9988 Re: 1.0000 Acc: 0.9994 F1: 0.9994
Epoch 100: Time: 0.2294 Cost: 0.0723 Pre: 0.9988 Re: 1.0000 Acc: 0.9994 F1: 0.9994


--------------------------------------------------------------------
Eval results: Cost:1.9703 Pre:0.9475 Re:1.0000 Acc:0.9763 F1:0.9731
--------------------------------------------------------------------

Epoch 101: Time: 0.2268 Cost: 0.0752 Pre: 0.9988 Re: 1.0000 Acc: 0.9994 F1: 0.9994
Epoch 102: Time: 0.2413 Cost: 0.0724 Pre: 0.9988 Re: 1.0000 Acc: 0.9994 F1: 0.9994
Epoch 103: Time: 0.2295 Cost: 0.0709 Pre: 0.9988 Re: 1.0000 Acc: 0.9994 F1: 0.9994
Epoch 104: Time: 0.2279 Cost: 0.0697 Pre: 0.9988 Re: 1.0000 Acc: 0.9994 F1: 0.9994
Epoch 105: Time: 0.2320 Cost: 0.0694 Pre: 0.9988 Re: 1.0000 Acc: 0.9994 F1: 0.9994
Epoch 106: Time: 0.2275 Cost: 0.0689 Pre: 0.9988 Re: 1.0000 Acc: 0.9994 F1: 0.9994
Epoch 107: Time: 0.2291 Cost: 0.0681 Pre: 0.9988 Re: 1.0000 Acc: 0.9994 F1: 0.9994
Epoch 108: Time: 0.2274 Cost: 0.0673 Pre: 0.9988 Re: 1.0000 Acc: 0.9994 F1: 0.9994
Epoch 109: Time: 0.2352 Cost: 0.0666 Pre: 0.9988 Re: 1.0000 Acc: 0.9994 F1: 0.9994
Epoch 110: Time: 0.2277 Cost: 0.0659 Pre: 0.9988 Re: 1.0000 Acc: 0.9994 F1: 0.9994


--------------------------------------------------------------------
Eval results: Cost:1.9943 Pre:0.9475 Re:1.0000 Acc:0.9763 F1:0.9731
--------------------------------------------------------------------

Epoch 111: Time: 0.2288 Cost: 0.0660 Pre: 0.9988 Re: 1.0000 Acc: 0.9994 F1: 0.9994
Epoch 112: Time: 0.2271 Cost: 0.0652 Pre: 0.9988 Re: 1.0000 Acc: 0.9994 F1: 0.9994
Epoch 113: Time: 0.2318 Cost: 0.0649 Pre: 0.9988 Re: 1.0000 Acc: 0.9994 F1: 0.9994
Epoch 114: Time: 0.2276 Cost: 0.0647 Pre: 0.9988 Re: 1.0000 Acc: 0.9994 F1: 0.9994
Epoch 115: Time: 0.2321 Cost: 0.0645 Pre: 0.9988 Re: 1.0000 Acc: 0.9994 F1: 0.9994
Epoch 116: Time: 0.2271 Cost: 0.0642 Pre: 0.9988 Re: 1.0000 Acc: 0.9994 F1: 0.9994
Epoch 117: Time: 0.2318 Cost: 0.0638 Pre: 0.9988 Re: 1.0000 Acc: 0.9994 F1: 0.9994
Epoch 118: Time: 0.2279 Cost: 0.0634 Pre: 0.9988 Re: 1.0000 Acc: 0.9994 F1: 0.9994
Epoch 119: Time: 0.2308 Cost: 0.0630 Pre: 0.9988 Re: 1.0000 Acc: 0.9994 F1: 0.9994
Epoch 120: Time: 0.2279 Cost: 0.0627 Pre: 0.9988 Re: 1.0000 Acc: 0.9994 F1: 0.9994


--------------------------------------------------------------------
Eval results: Cost:2.0092 Pre:0.9475 Re:1.0000 Acc:0.9763 F1:0.9731
--------------------------------------------------------------------

Epoch 121: Time: 0.2317 Cost: 0.0624 Pre: 0.9988 Re: 1.0000 Acc: 0.9994 F1: 0.9994
Epoch 122: Time: 0.2282 Cost: 0.0622 Pre: 0.9988 Re: 1.0000 Acc: 0.9994 F1: 0.9994
Epoch 123: Time: 0.2310 Cost: 0.0621 Pre: 0.9988 Re: 1.0000 Acc: 0.9994 F1: 0.9994
Epoch 124: Time: 0.2268 Cost: 0.0621 Pre: 0.9988 Re: 1.0000 Acc: 0.9994 F1: 0.9994
Epoch 125: Time: 0.2322 Cost: 0.0619 Pre: 0.9988 Re: 1.0000 Acc: 0.9994 F1: 0.9994
Epoch 126: Time: 0.2273 Cost: 0.0618 Pre: 0.9988 Re: 1.0000 Acc: 0.9994 F1: 0.9994
Epoch 127: Time: 0.2294 Cost: 0.0616 Pre: 0.9988 Re: 1.0000 Acc: 0.9994 F1: 0.9994
Epoch 128: Time: 0.2281 Cost: 0.0614 Pre: 0.9988 Re: 1.0000 Acc: 0.9994 F1: 0.9994
Epoch 129: Time: 0.2290 Cost: 0.0611 Pre: 0.9988 Re: 1.0000 Acc: 0.9994 F1: 0.9994
Epoch 130: Time: 0.2300 Cost: 0.0609 Pre: 0.9988 Re: 1.0000 Acc: 0.9994 F1: 0.9994


--------------------------------------------------------------------
Eval results: Cost:2.0138 Pre:0.9475 Re:1.0000 Acc:0.9763 F1:0.9731
--------------------------------------------------------------------

Epoch 131: Time: 0.2305 Cost: 0.0608 Pre: 0.9988 Re: 1.0000 Acc: 0.9994 F1: 0.9994
Epoch 132: Time: 0.2274 Cost: 0.0607 Pre: 0.9988 Re: 1.0000 Acc: 0.9994 F1: 0.9994
Epoch 133: Time: 0.2305 Cost: 0.0606 Pre: 0.9988 Re: 1.0000 Acc: 0.9994 F1: 0.9994
Epoch 134: Time: 0.2274 Cost: 0.0606 Pre: 0.9988 Re: 1.0000 Acc: 0.9994 F1: 0.9994
Epoch 135: Time: 0.2303 Cost: 0.0605 Pre: 0.9988 Re: 1.0000 Acc: 0.9994 F1: 0.9994
Epoch 136: Time: 0.2275 Cost: 0.0604 Pre: 0.9988 Re: 1.0000 Acc: 0.9994 F1: 0.9994
Epoch 137: Time: 0.2270 Cost: 0.0603 Pre: 0.9988 Re: 1.0000 Acc: 0.9994 F1: 0.9994
Epoch 138: Time: 0.2321 Cost: 0.0601 Pre: 0.9988 Re: 1.0000 Acc: 0.9994 F1: 0.9994
Epoch 139: Time: 0.2269 Cost: 0.0600 Pre: 0.9988 Re: 1.0000 Acc: 0.9994 F1: 0.9994
Epoch 140: Time: 0.2283 Cost: 0.0598 Pre: 0.9988 Re: 1.0000 Acc: 0.9994 F1: 0.9994


--------------------------------------------------------------------
Eval results: Cost:2.0191 Pre:0.9475 Re:1.0000 Acc:0.9763 F1:0.9731
--------------------------------------------------------------------

Epoch 141: Time: 0.2285 Cost: 0.0597 Pre: 0.9988 Re: 1.0000 Acc: 0.9994 F1: 0.9994
Epoch 142: Time: 0.2266 Cost: 0.0597 Pre: 0.9988 Re: 1.0000 Acc: 0.9994 F1: 0.9994
Epoch 143: Time: 0.2422 Cost: 0.0596 Pre: 0.9988 Re: 1.0000 Acc: 0.9994 F1: 0.9994
Epoch 144: Time: 0.2278 Cost: 0.0596 Pre: 0.9988 Re: 1.0000 Acc: 0.9994 F1: 0.9994
Epoch 145: Time: 0.2252 Cost: 0.0596 Pre: 0.9988 Re: 1.0000 Acc: 0.9994 F1: 0.9994
Epoch 146: Time: 0.2292 Cost: 0.0595 Pre: 0.9988 Re: 1.0000 Acc: 0.9994 F1: 0.9994
Epoch 147: Time: 0.2243 Cost: 0.0594 Pre: 0.9988 Re: 1.0000 Acc: 0.9994 F1: 0.9994
Epoch 148: Time: 0.2276 Cost: 0.0593 Pre: 0.9988 Re: 1.0000 Acc: 0.9994 F1: 0.9994
Epoch 149: Time: 0.2237 Cost: 0.0592 Pre: 0.9988 Re: 1.0000 Acc: 0.9994 F1: 0.9994
Epoch 150: Time: 0.2323 Cost: 0.0591 Pre: 0.9988 Re: 1.0000 Acc: 0.9994 F1: 0.9994


--------------------------------------------------------------------
Eval results: Cost:2.0245 Pre:0.9475 Re:1.0000 Acc:0.9763 F1:0.9731
--------------------------------------------------------------------

Early stopping...
--------------------------------------------------------------------
--------------------------------------------------------------------
Test 1996 samples take time: 0.5666
FP id:
[ 120  184  270  294  386  507  539  542  557  589  607  696  733  782  866
  944  989 1021 1348 1363 1399 1448 1462 1498 1514 1630 1676 1710 1792 1829
 1907 1914 1970]
Test results: Cost:1.6230 Pre:0.9627 Re:1.0000 Acc:0.9835 F1:0.9810
--------------------------------------------------------------------

