Load data
RNN type: MI Grammar: g7 Seed: 8
Model total parameters: 4216
Saving hinit ... 

Epoch 0: Time: 0.3111 Cost: 25.2971 Pre: 0.5235 Re: 0.7061 Acc: 0.5514 F1: 0.6012


--------------------------------------------------------------------
Eval results: Cost:22.5752 Pre:0.6738 Re:0.6124 Acc:0.7075 F1:0.6416
--------------------------------------------------------------------

Epoch 1: Time: 0.2299 Cost: 20.3520 Pre: 0.6921 Re: 0.7866 Acc: 0.7301 F1: 0.7363
Epoch 2: Time: 0.2276 Cost: 13.5397 Pre: 0.8045 Re: 0.9183 Acc: 0.8540 F1: 0.8576
Epoch 3: Time: 0.2268 Cost: 8.1507 Pre: 0.8421 Re: 0.9756 Acc: 0.9007 F1: 0.9040
Epoch 4: Time: 0.2256 Cost: 5.9521 Pre: 0.8635 Re: 0.9951 Acc: 0.9223 F1: 0.9246
Epoch 5: Time: 0.2290 Cost: 5.0186 Pre: 0.8648 Re: 0.9988 Acc: 0.9246 F1: 0.9270
Epoch 6: Time: 0.2267 Cost: 4.4486 Pre: 0.8648 Re: 0.9988 Acc: 0.9246 F1: 0.9270
Epoch 7: Time: 0.2304 Cost: 4.0660 Pre: 0.8658 Re: 0.9988 Acc: 0.9252 F1: 0.9275
Epoch 8: Time: 0.2273 Cost: 3.7561 Pre: 0.8667 Re: 0.9988 Acc: 0.9258 F1: 0.9280
Epoch 9: Time: 0.2289 Cost: 3.4691 Pre: 0.8650 Re: 1.0000 Acc: 0.9252 F1: 0.9276
Epoch 10: Time: 0.2261 Cost: 3.2025 Pre: 0.8677 Re: 1.0000 Acc: 0.9270 F1: 0.9292


--------------------------------------------------------------------
Eval results: Cost:2.4803 Pre:0.8771 Re:1.0000 Acc:0.9401 F1:0.9346
--------------------------------------------------------------------

Epoch 11: Time: 0.2249 Cost: 2.9538 Pre: 0.8686 Re: 1.0000 Acc: 0.9276 F1: 0.9297
Epoch 12: Time: 0.2255 Cost: 2.7177 Pre: 0.8846 Re: 1.0000 Acc: 0.9375 F1: 0.9388
Epoch 13: Time: 0.2280 Cost: 2.5031 Pre: 0.9071 Re: 1.0000 Acc: 0.9509 F1: 0.9513
Epoch 14: Time: 0.2247 Cost: 2.3092 Pre: 0.9436 Re: 1.0000 Acc: 0.9714 F1: 0.9710
Epoch 15: Time: 0.2353 Cost: 2.1332 Pre: 0.9727 Re: 1.0000 Acc: 0.9866 F1: 0.9862
Epoch 16: Time: 0.2242 Cost: 1.9727 Pre: 0.9976 Re: 1.0000 Acc: 0.9988 F1: 0.9988
Epoch 17: Time: 0.2278 Cost: 1.8249 Pre: 0.9988 Re: 0.9988 Acc: 0.9988 F1: 0.9988
Epoch 18: Time: 0.2284 Cost: 1.6881 Pre: 1.0000 Re: 0.9988 Acc: 0.9994 F1: 0.9994
Epoch 19: Time: 0.2297 Cost: 1.5609 Pre: 1.0000 Re: 0.9988 Acc: 0.9994 F1: 0.9994
Epoch 20: Time: 0.2291 Cost: 1.4428 Pre: 1.0000 Re: 0.9988 Acc: 0.9994 F1: 0.9994


--------------------------------------------------------------------
Eval results: Cost:1.1472 Pre:1.0000 Re:0.9967 Acc:0.9986 F1:0.9984
--------------------------------------------------------------------

Epoch 21: Time: 0.2295 Cost: 1.3329 Pre: 1.0000 Re: 0.9988 Acc: 0.9994 F1: 0.9994
Epoch 22: Time: 0.2265 Cost: 1.2288 Pre: 1.0000 Re: 0.9988 Acc: 0.9994 F1: 0.9994
Epoch 23: Time: 0.2313 Cost: 1.1352 Pre: 1.0000 Re: 0.9988 Acc: 0.9994 F1: 0.9994
Epoch 24: Time: 0.2289 Cost: 1.0491 Pre: 1.0000 Re: 0.9988 Acc: 0.9994 F1: 0.9994
Epoch 25: Time: 0.2301 Cost: 0.9645 Pre: 1.0000 Re: 0.9988 Acc: 0.9994 F1: 0.9994
Epoch 26: Time: 0.2334 Cost: 0.8865 Pre: 1.0000 Re: 0.9988 Acc: 0.9994 F1: 0.9994
Epoch 27: Time: 0.2419 Cost: 0.8142 Pre: 1.0000 Re: 0.9988 Acc: 0.9994 F1: 0.9994
Epoch 28: Time: 0.2514 Cost: 0.7477 Pre: 1.0000 Re: 0.9988 Acc: 0.9994 F1: 0.9994
Epoch 29: Time: 0.2649 Cost: 0.6857 Pre: 1.0000 Re: 0.9988 Acc: 0.9994 F1: 0.9994
Epoch 30: Time: 0.3211 Cost: 0.6297 Pre: 1.0000 Re: 0.9988 Acc: 0.9994 F1: 0.9994


--------------------------------------------------------------------
Eval results: Cost:0.5417 Pre:1.0000 Re:0.9967 Acc:0.9986 F1:0.9984
--------------------------------------------------------------------

Epoch 31: Time: 0.2987 Cost: 0.5776 Pre: 1.0000 Re: 0.9988 Acc: 0.9994 F1: 0.9994
Epoch 32: Time: 0.3118 Cost: 0.5319 Pre: 1.0000 Re: 0.9988 Acc: 0.9994 F1: 0.9994
Epoch 33: Time: 0.3151 Cost: 0.4973 Pre: 1.0000 Re: 0.9988 Acc: 0.9994 F1: 0.9994
Epoch 34: Time: 0.3176 Cost: 0.4731 Pre: 1.0000 Re: 0.9988 Acc: 0.9994 F1: 0.9994
Epoch 35: Time: 0.3185 Cost: 0.4144 Pre: 1.0000 Re: 0.9988 Acc: 0.9994 F1: 0.9994
Epoch 36: Time: 0.3182 Cost: 0.3771 Pre: 1.0000 Re: 0.9988 Acc: 0.9994 F1: 0.9994
Epoch 37: Time: 0.3253 Cost: 0.3497 Pre: 1.0000 Re: 0.9988 Acc: 0.9994 F1: 0.9994
Epoch 38: Time: 0.3345 Cost: 0.3200 Pre: 1.0000 Re: 0.9988 Acc: 0.9994 F1: 0.9994
Epoch 39: Time: 0.3223 Cost: 0.2908 Pre: 1.0000 Re: 0.9988 Acc: 0.9994 F1: 0.9994
Epoch 40: Time: 0.3247 Cost: 0.2641 Pre: 1.0000 Re: 0.9988 Acc: 0.9994 F1: 0.9994


--------------------------------------------------------------------
Eval results: Cost:0.2812 Pre:1.0000 Re:0.9967 Acc:0.9986 F1:0.9984
--------------------------------------------------------------------

Epoch 41: Time: 0.3234 Cost: 0.2408 Pre: 1.0000 Re: 0.9988 Acc: 0.9994 F1: 0.9994
Epoch 42: Time: 0.3279 Cost: 0.2205 Pre: 1.0000 Re: 0.9988 Acc: 0.9994 F1: 0.9994
Epoch 43: Time: 0.3319 Cost: 0.2028 Pre: 1.0000 Re: 0.9988 Acc: 0.9994 F1: 0.9994
Epoch 44: Time: 0.3425 Cost: 0.1861 Pre: 1.0000 Re: 0.9988 Acc: 0.9994 F1: 0.9994
Epoch 45: Time: 0.3385 Cost: 0.1712 Pre: 1.0000 Re: 0.9988 Acc: 0.9994 F1: 0.9994
Epoch 46: Time: 0.3405 Cost: 0.1575 Pre: 1.0000 Re: 0.9988 Acc: 0.9994 F1: 0.9994
Epoch 47: Time: 0.3413 Cost: 0.1460 Pre: 1.0000 Re: 0.9988 Acc: 0.9994 F1: 0.9994
Epoch 48: Time: 0.3422 Cost: 0.1352 Pre: 1.0000 Re: 0.9988 Acc: 0.9994 F1: 0.9994
Epoch 49: Time: 0.3367 Cost: 0.1254 Pre: 1.0000 Re: 0.9988 Acc: 0.9994 F1: 0.9994
Epoch 50: Time: 0.3357 Cost: 0.1170 Pre: 1.0000 Re: 0.9988 Acc: 0.9994 F1: 0.9994


--------------------------------------------------------------------
Eval results: Cost:0.1584 Pre:1.0000 Re:0.9967 Acc:0.9986 F1:0.9984
--------------------------------------------------------------------

Epoch 51: Time: 0.3308 Cost: 0.1102 Pre: 1.0000 Re: 0.9988 Acc: 0.9994 F1: 0.9994
Epoch 52: Time: 0.3365 Cost: 0.1041 Pre: 1.0000 Re: 0.9988 Acc: 0.9994 F1: 0.9994
Epoch 53: Time: 0.3300 Cost: 0.1135 Pre: 1.0000 Re: 0.9988 Acc: 0.9994 F1: 0.9994
Epoch 54: Time: 0.3316 Cost: 0.1039 Pre: 1.0000 Re: 0.9988 Acc: 0.9994 F1: 0.9994
Epoch 55: Time: 0.3306 Cost: 0.0885 Pre: 1.0000 Re: 0.9988 Acc: 0.9994 F1: 0.9994
Epoch 56: Time: 0.3254 Cost: 0.0816 Pre: 1.0000 Re: 0.9988 Acc: 0.9994 F1: 0.9994
Epoch 57: Time: 0.3238 Cost: 0.0748 Pre: 1.0000 Re: 0.9988 Acc: 0.9994 F1: 0.9994
Epoch 58: Time: 0.3187 Cost: 0.0700 Pre: 1.0000 Re: 0.9988 Acc: 0.9994 F1: 0.9994
Epoch 59: Time: 0.3195 Cost: 0.0655 Pre: 1.0000 Re: 1.0000 Acc: 1.0000 F1: 1.0000
Epoch 60: Time: 0.3108 Cost: 0.0613 Pre: 1.0000 Re: 1.0000 Acc: 1.0000 F1: 1.0000


--------------------------------------------------------------------
Eval results: Cost:0.0891 Pre:1.0000 Re:1.0000 Acc:1.0000 F1:1.0000
--------------------------------------------------------------------

Epoch 61: Time: 0.3094 Cost: 0.0573 Pre: 1.0000 Re: 1.0000 Acc: 1.0000 F1: 1.0000
Epoch 62: Time: 0.3556 Cost: 0.0540 Pre: 1.0000 Re: 1.0000 Acc: 1.0000 F1: 1.0000
Epoch 63: Time: 0.3699 Cost: 0.0506 Pre: 1.0000 Re: 1.0000 Acc: 1.0000 F1: 1.0000
Epoch 64: Time: 0.3393 Cost: 0.0475 Pre: 1.0000 Re: 1.0000 Acc: 1.0000 F1: 1.0000
Epoch 65: Time: 0.3042 Cost: 0.0446 Pre: 1.0000 Re: 1.0000 Acc: 1.0000 F1: 1.0000
Epoch 66: Time: 0.2974 Cost: 0.0419 Pre: 1.0000 Re: 1.0000 Acc: 1.0000 F1: 1.0000
Epoch 67: Time: 0.2963 Cost: 0.0389 Pre: 1.0000 Re: 1.0000 Acc: 1.0000 F1: 1.0000
Epoch 68: Time: 0.2921 Cost: 0.0363 Pre: 1.0000 Re: 1.0000 Acc: 1.0000 F1: 1.0000
Epoch 69: Time: 0.2906 Cost: 0.0338 Pre: 1.0000 Re: 1.0000 Acc: 1.0000 F1: 1.0000
Epoch 70: Time: 0.2947 Cost: 0.0317 Pre: 1.0000 Re: 1.0000 Acc: 1.0000 F1: 1.0000


--------------------------------------------------------------------
Eval results: Cost:0.0409 Pre:1.0000 Re:1.0000 Acc:1.0000 F1:1.0000
--------------------------------------------------------------------

Epoch 71: Time: 0.2918 Cost: 0.0296 Pre: 1.0000 Re: 1.0000 Acc: 1.0000 F1: 1.0000
Epoch 72: Time: 0.2900 Cost: 0.0297 Pre: 1.0000 Re: 1.0000 Acc: 1.0000 F1: 1.0000
Epoch 73: Time: 0.2871 Cost: 0.0298 Pre: 1.0000 Re: 1.0000 Acc: 1.0000 F1: 1.0000
Epoch 74: Time: 0.2885 Cost: 0.0267 Pre: 1.0000 Re: 1.0000 Acc: 1.0000 F1: 1.0000
Epoch 75: Time: 0.2817 Cost: 0.0238 Pre: 1.0000 Re: 1.0000 Acc: 1.0000 F1: 1.0000
Epoch 76: Time: 0.2854 Cost: 0.0222 Pre: 1.0000 Re: 1.0000 Acc: 1.0000 F1: 1.0000
Epoch 77: Time: 0.2794 Cost: 0.0205 Pre: 1.0000 Re: 1.0000 Acc: 1.0000 F1: 1.0000
Epoch 78: Time: 0.2817 Cost: 0.0190 Pre: 1.0000 Re: 1.0000 Acc: 1.0000 F1: 1.0000
Epoch 79: Time: 0.2776 Cost: 0.0178 Pre: 1.0000 Re: 1.0000 Acc: 1.0000 F1: 1.0000
Epoch 80: Time: 0.2782 Cost: 0.0166 Pre: 1.0000 Re: 1.0000 Acc: 1.0000 F1: 1.0000


--------------------------------------------------------------------
Eval results: Cost:0.0225 Pre:1.0000 Re:1.0000 Acc:1.0000 F1:1.0000
--------------------------------------------------------------------

Epoch 81: Time: 0.2754 Cost: 0.0158 Pre: 1.0000 Re: 1.0000 Acc: 1.0000 F1: 1.0000
Epoch 82: Time: 0.2706 Cost: 0.0147 Pre: 1.0000 Re: 1.0000 Acc: 1.0000 F1: 1.0000
Epoch 83: Time: 0.2737 Cost: 0.0138 Pre: 1.0000 Re: 1.0000 Acc: 1.0000 F1: 1.0000
Epoch 84: Time: 0.2692 Cost: 0.0130 Pre: 1.0000 Re: 1.0000 Acc: 1.0000 F1: 1.0000
Epoch 85: Time: 0.2754 Cost: 0.0122 Pre: 1.0000 Re: 1.0000 Acc: 1.0000 F1: 1.0000
Epoch 86: Time: 0.2725 Cost: 0.0115 Pre: 1.0000 Re: 1.0000 Acc: 1.0000 F1: 1.0000
Epoch 87: Time: 0.2696 Cost: 0.0108 Pre: 1.0000 Re: 1.0000 Acc: 1.0000 F1: 1.0000
Epoch 88: Time: 0.2719 Cost: 0.0102 Pre: 1.0000 Re: 1.0000 Acc: 1.0000 F1: 1.0000
Epoch 89: Time: 0.2727 Cost: 0.0096 Pre: 1.0000 Re: 1.0000 Acc: 1.0000 F1: 1.0000
Epoch 90: Time: 0.2744 Cost: 0.0090 Pre: 1.0000 Re: 1.0000 Acc: 1.0000 F1: 1.0000


--------------------------------------------------------------------
Eval results: Cost:0.1568 Pre:0.9968 Re:1.0000 Acc:0.9986 F1:0.9984
--------------------------------------------------------------------

Epoch 91: Time: 0.2770 Cost: 0.0086 Pre: 1.0000 Re: 1.0000 Acc: 1.0000 F1: 1.0000
Epoch 92: Time: 0.2681 Cost: 0.0084 Pre: 1.0000 Re: 1.0000 Acc: 1.0000 F1: 1.0000
Epoch 93: Time: 0.2762 Cost: 0.0083 Pre: 1.0000 Re: 1.0000 Acc: 1.0000 F1: 1.0000
Epoch 94: Time: 0.2703 Cost: 0.0082 Pre: 1.0000 Re: 1.0000 Acc: 1.0000 F1: 1.0000
Epoch 95: Time: 0.2710 Cost: 0.0080 Pre: 1.0000 Re: 1.0000 Acc: 1.0000 F1: 1.0000
Epoch 96: Time: 0.2709 Cost: 0.0077 Pre: 1.0000 Re: 1.0000 Acc: 1.0000 F1: 1.0000
Epoch 97: Time: 0.2733 Cost: 0.0074 Pre: 1.0000 Re: 1.0000 Acc: 1.0000 F1: 1.0000
Epoch 98: Time: 0.2694 Cost: 0.0071 Pre: 1.0000 Re: 1.0000 Acc: 1.0000 F1: 1.0000
Epoch 99: Time: 0.2738 Cost: 0.0068 Pre: 1.0000 Re: 1.0000 Acc: 1.0000 F1: 1.0000
Epoch 100: Time: 0.2696 Cost: 0.0065 Pre: 1.0000 Re: 1.0000 Acc: 1.0000 F1: 1.0000


--------------------------------------------------------------------
Eval results: Cost:0.1983 Pre:0.9968 Re:1.0000 Acc:0.9986 F1:0.9984
--------------------------------------------------------------------

Epoch 101: Time: 0.2726 Cost: 0.0062 Pre: 1.0000 Re: 1.0000 Acc: 1.0000 F1: 1.0000
Epoch 102: Time: 0.2707 Cost: 0.0061 Pre: 1.0000 Re: 1.0000 Acc: 1.0000 F1: 1.0000
Epoch 103: Time: 0.2730 Cost: 0.0060 Pre: 1.0000 Re: 1.0000 Acc: 1.0000 F1: 1.0000
Epoch 104: Time: 0.2712 Cost: 0.0059 Pre: 1.0000 Re: 1.0000 Acc: 1.0000 F1: 1.0000
Epoch 105: Time: 0.2712 Cost: 0.0058 Pre: 1.0000 Re: 1.0000 Acc: 1.0000 F1: 1.0000
Epoch 106: Time: 0.2699 Cost: 0.0056 Pre: 1.0000 Re: 1.0000 Acc: 1.0000 F1: 1.0000
Epoch 107: Time: 0.2745 Cost: 0.0054 Pre: 1.0000 Re: 1.0000 Acc: 1.0000 F1: 1.0000
Epoch 108: Time: 0.2719 Cost: 0.0052 Pre: 1.0000 Re: 1.0000 Acc: 1.0000 F1: 1.0000
Epoch 109: Time: 0.2729 Cost: 0.0050 Pre: 1.0000 Re: 1.0000 Acc: 1.0000 F1: 1.0000
Epoch 110: Time: 0.2693 Cost: 0.0047 Pre: 1.0000 Re: 1.0000 Acc: 1.0000 F1: 1.0000


--------------------------------------------------------------------
Eval results: Cost:0.2124 Pre:0.9968 Re:1.0000 Acc:0.9986 F1:0.9984
--------------------------------------------------------------------

Epoch 111: Time: 0.2720 Cost: 0.0046 Pre: 1.0000 Re: 1.0000 Acc: 1.0000 F1: 1.0000
Epoch 112: Time: 0.2759 Cost: 0.0045 Pre: 1.0000 Re: 1.0000 Acc: 1.0000 F1: 1.0000
Epoch 113: Time: 0.2745 Cost: 0.0044 Pre: 1.0000 Re: 1.0000 Acc: 1.0000 F1: 1.0000
Epoch 114: Time: 0.2705 Cost: 0.0043 Pre: 1.0000 Re: 1.0000 Acc: 1.0000 F1: 1.0000
Epoch 115: Time: 0.2697 Cost: 0.0042 Pre: 1.0000 Re: 1.0000 Acc: 1.0000 F1: 1.0000
Epoch 116: Time: 0.2725 Cost: 0.0041 Pre: 1.0000 Re: 1.0000 Acc: 1.0000 F1: 1.0000
Epoch 117: Time: 0.2699 Cost: 0.0040 Pre: 1.0000 Re: 1.0000 Acc: 1.0000 F1: 1.0000
Epoch 118: Time: 0.2690 Cost: 0.0038 Pre: 1.0000 Re: 1.0000 Acc: 1.0000 F1: 1.0000
Epoch 119: Time: 0.2766 Cost: 0.0037 Pre: 1.0000 Re: 1.0000 Acc: 1.0000 F1: 1.0000
Epoch 120: Time: 0.2724 Cost: 0.0036 Pre: 1.0000 Re: 1.0000 Acc: 1.0000 F1: 1.0000


--------------------------------------------------------------------
Eval results: Cost:0.2202 Pre:0.9968 Re:1.0000 Acc:0.9986 F1:0.9984
--------------------------------------------------------------------

Epoch 121: Time: 0.2756 Cost: 0.0034 Pre: 1.0000 Re: 1.0000 Acc: 1.0000 F1: 1.0000
Epoch 122: Time: 0.2725 Cost: 0.0034 Pre: 1.0000 Re: 1.0000 Acc: 1.0000 F1: 1.0000
Epoch 123: Time: 0.2903 Cost: 0.0033 Pre: 1.0000 Re: 1.0000 Acc: 1.0000 F1: 1.0000
Epoch 124: Time: 0.2740 Cost: 0.0033 Pre: 1.0000 Re: 1.0000 Acc: 1.0000 F1: 1.0000
Epoch 125: Time: 0.2721 Cost: 0.0032 Pre: 1.0000 Re: 1.0000 Acc: 1.0000 F1: 1.0000
Epoch 126: Time: 0.2723 Cost: 0.0031 Pre: 1.0000 Re: 1.0000 Acc: 1.0000 F1: 1.0000
Epoch 127: Time: 0.2729 Cost: 0.0030 Pre: 1.0000 Re: 1.0000 Acc: 1.0000 F1: 1.0000
Epoch 128: Time: 0.2707 Cost: 0.0029 Pre: 1.0000 Re: 1.0000 Acc: 1.0000 F1: 1.0000
Epoch 129: Time: 0.2721 Cost: 0.0028 Pre: 1.0000 Re: 1.0000 Acc: 1.0000 F1: 1.0000
Epoch 130: Time: 0.2715 Cost: 0.0028 Pre: 1.0000 Re: 1.0000 Acc: 1.0000 F1: 1.0000


--------------------------------------------------------------------
Eval results: Cost:0.2249 Pre:0.9968 Re:1.0000 Acc:0.9986 F1:0.9984
--------------------------------------------------------------------

Epoch 131: Time: 0.2685 Cost: 0.0027 Pre: 1.0000 Re: 1.0000 Acc: 1.0000 F1: 1.0000
Epoch 132: Time: 0.2738 Cost: 0.0026 Pre: 1.0000 Re: 1.0000 Acc: 1.0000 F1: 1.0000
Epoch 133: Time: 0.2695 Cost: 0.0026 Pre: 1.0000 Re: 1.0000 Acc: 1.0000 F1: 1.0000
Epoch 134: Time: 0.2881 Cost: 0.0026 Pre: 1.0000 Re: 1.0000 Acc: 1.0000 F1: 1.0000
Epoch 135: Time: 0.2712 Cost: 0.0025 Pre: 1.0000 Re: 1.0000 Acc: 1.0000 F1: 1.0000
Epoch 136: Time: 0.2704 Cost: 0.0024 Pre: 1.0000 Re: 1.0000 Acc: 1.0000 F1: 1.0000
Epoch 137: Time: 0.2702 Cost: 0.0024 Pre: 1.0000 Re: 1.0000 Acc: 1.0000 F1: 1.0000
Epoch 138: Time: 0.2737 Cost: 0.0023 Pre: 1.0000 Re: 1.0000 Acc: 1.0000 F1: 1.0000
Epoch 139: Time: 0.2730 Cost: 0.0022 Pre: 1.0000 Re: 1.0000 Acc: 1.0000 F1: 1.0000
Epoch 140: Time: 0.2736 Cost: 0.0022 Pre: 1.0000 Re: 1.0000 Acc: 1.0000 F1: 1.0000


--------------------------------------------------------------------
Eval results: Cost:0.2285 Pre:0.9968 Re:1.0000 Acc:0.9986 F1:0.9984
--------------------------------------------------------------------

Early stopping...
--------------------------------------------------------------------
--------------------------------------------------------------------
Test 1996 samples take time: 0.6601
FP id:
[ 5 91]
Test results: Cost:0.0840 Pre:0.9977 Re:1.0000 Acc:0.9990 F1:0.9988
--------------------------------------------------------------------

