Load data
RNN type: MI Grammar: g7 Seed: 6
Model total parameters: 4216
Saving hinit ... 

Epoch 0: Time: 1.4186 Cost: 25.0440 Pre: 0.5512 Re: 0.4268 Acc: 0.5590 F1: 0.4811


--------------------------------------------------------------------
Eval results: Cost:21.1999 Pre:0.6786 Re:0.3713 Acc:0.6560 F1:0.4800
--------------------------------------------------------------------

Epoch 1: Time: 1.0886 Cost: 20.2568 Pre: 0.7118 Re: 0.7049 Acc: 0.7220 F1: 0.7083
Epoch 2: Time: 1.0328 Cost: 13.5506 Pre: 0.8356 Re: 0.8244 Acc: 0.8382 F1: 0.8300
Epoch 3: Time: 1.4104 Cost: 9.1404 Pre: 0.8645 Re: 0.9024 Acc: 0.8855 F1: 0.8831
Epoch 4: Time: 1.3404 Cost: 6.9876 Pre: 0.8714 Re: 0.9585 Acc: 0.9124 F1: 0.9129
Epoch 5: Time: 1.5067 Cost: 5.9777 Pre: 0.8713 Re: 0.9744 Acc: 0.9188 F1: 0.9200
Epoch 6: Time: 1.4940 Cost: 5.3849 Pre: 0.8694 Re: 0.9902 Acc: 0.9241 F1: 0.9259
Epoch 7: Time: 1.2421 Cost: 5.0495 Pre: 0.8720 Re: 0.9890 Acc: 0.9252 F1: 0.9269
Epoch 8: Time: 1.2061 Cost: 4.8119 Pre: 0.8687 Re: 0.9927 Acc: 0.9246 F1: 0.9266
Epoch 9: Time: 1.1225 Cost: 4.6219 Pre: 0.8684 Re: 0.9902 Acc: 0.9235 F1: 0.9254
Epoch 10: Time: 1.1709 Cost: 4.3793 Pre: 0.8653 Re: 0.9951 Acc: 0.9235 F1: 0.9257


--------------------------------------------------------------------
Eval results: Cost:3.6107 Pre:0.8764 Re:0.9935 Acc:0.9373 F1:0.9313
--------------------------------------------------------------------

Epoch 11: Time: 1.1145 Cost: 4.1853 Pre: 0.8656 Re: 0.9976 Acc: 0.9246 F1: 0.9269
Epoch 12: Time: 1.1327 Cost: 3.9917 Pre: 0.8701 Re: 0.9963 Acc: 0.9270 F1: 0.9289
Epoch 13: Time: 1.1483 Cost: 3.7622 Pre: 0.8674 Re: 0.9976 Acc: 0.9258 F1: 0.9280
Epoch 14: Time: 1.1819 Cost: 3.5791 Pre: 0.8674 Re: 0.9976 Acc: 0.9258 F1: 0.9280
Epoch 15: Time: 1.2415 Cost: 3.4167 Pre: 0.8693 Re: 0.9976 Acc: 0.9270 F1: 0.9290
Epoch 16: Time: 1.1657 Cost: 3.2576 Pre: 0.8711 Re: 0.9976 Acc: 0.9282 F1: 0.9301
Epoch 17: Time: 1.1745 Cost: 3.0731 Pre: 0.8711 Re: 0.9976 Acc: 0.9282 F1: 0.9301
Epoch 18: Time: 1.1663 Cost: 2.9218 Pre: 0.8739 Re: 0.9976 Acc: 0.9299 F1: 0.9317
Epoch 19: Time: 1.1816 Cost: 2.7696 Pre: 0.8824 Re: 0.9976 Acc: 0.9352 F1: 0.9365
Epoch 20: Time: 1.1982 Cost: 2.6505 Pre: 0.8979 Re: 0.9976 Acc: 0.9445 F1: 0.9451


--------------------------------------------------------------------
Eval results: Cost:2.2794 Pre:0.9356 Re:0.9935 Acc:0.9680 F1:0.9637
--------------------------------------------------------------------

Epoch 21: Time: 1.1589 Cost: 2.5690 Pre: 0.8999 Re: 0.9976 Acc: 0.9457 F1: 0.9462
Epoch 22: Time: 1.2744 Cost: 2.3865 Pre: 0.9371 Re: 0.9988 Acc: 0.9673 F1: 0.9669
Epoch 23: Time: 1.1900 Cost: 2.2915 Pre: 0.9490 Re: 0.9988 Acc: 0.9737 F1: 0.9733
Epoch 24: Time: 1.1762 Cost: 2.1676 Pre: 0.9692 Re: 0.9988 Acc: 0.9842 F1: 0.9838
Epoch 25: Time: 1.2624 Cost: 2.0389 Pre: 0.9856 Re: 0.9988 Acc: 0.9924 F1: 0.9921
Epoch 26: Time: 1.6458 Cost: 1.9126 Pre: 0.9951 Re: 0.9988 Acc: 0.9971 F1: 0.9970
Epoch 27: Time: 1.3759 Cost: 1.8067 Pre: 0.9964 Re: 0.9988 Acc: 0.9977 F1: 0.9976
Epoch 28: Time: 1.5543 Cost: 1.7055 Pre: 0.9964 Re: 0.9988 Acc: 0.9977 F1: 0.9976
Epoch 29: Time: 1.4412 Cost: 1.6013 Pre: 1.0000 Re: 0.9988 Acc: 0.9994 F1: 0.9994
Epoch 30: Time: 1.1634 Cost: 1.5126 Pre: 1.0000 Re: 0.9988 Acc: 0.9994 F1: 0.9994


--------------------------------------------------------------------
Eval results: Cost:1.2855 Pre:0.9903 Re:0.9967 Acc:0.9944 F1:0.9935
--------------------------------------------------------------------

Epoch 31: Time: 1.1645 Cost: 1.5135 Pre: 0.9964 Re: 0.9988 Acc: 0.9977 F1: 0.9976
Epoch 32: Time: 1.1920 Cost: 1.4319 Pre: 0.9951 Re: 0.9988 Acc: 0.9971 F1: 0.9970
Epoch 33: Time: 1.1903 Cost: 1.3688 Pre: 0.9988 Re: 0.9976 Acc: 0.9982 F1: 0.9982
Epoch 34: Time: 1.1777 Cost: 1.2995 Pre: 1.0000 Re: 0.9976 Acc: 0.9988 F1: 0.9988
Epoch 35: Time: 1.3190 Cost: 1.1518 Pre: 1.0000 Re: 0.9976 Acc: 0.9988 F1: 0.9988
Epoch 36: Time: 1.1384 Cost: 1.0647 Pre: 1.0000 Re: 0.9988 Acc: 0.9994 F1: 0.9994
Epoch 37: Time: 1.1909 Cost: 1.0028 Pre: 1.0000 Re: 0.9988 Acc: 0.9994 F1: 0.9994
Epoch 38: Time: 1.3201 Cost: 0.9506 Pre: 1.0000 Re: 0.9988 Acc: 0.9994 F1: 0.9994
Epoch 39: Time: 1.3580 Cost: 0.8873 Pre: 1.0000 Re: 0.9988 Acc: 0.9994 F1: 0.9994
Epoch 40: Time: 1.4244 Cost: 0.8471 Pre: 1.0000 Re: 0.9988 Acc: 0.9994 F1: 0.9994


--------------------------------------------------------------------
Eval results: Cost:0.7439 Pre:1.0000 Re:0.9967 Acc:0.9986 F1:0.9984
--------------------------------------------------------------------

Epoch 41: Time: 1.5062 Cost: 0.7916 Pre: 1.0000 Re: 0.9988 Acc: 0.9994 F1: 0.9994
Epoch 42: Time: 1.9236 Cost: 0.7741 Pre: 1.0000 Re: 0.9988 Acc: 0.9994 F1: 0.9994
Epoch 43: Time: 1.8469 Cost: 0.7353 Pre: 1.0000 Re: 0.9988 Acc: 0.9994 F1: 0.9994
Epoch 44: Time: 1.5799 Cost: 0.6880 Pre: 1.0000 Re: 0.9988 Acc: 0.9994 F1: 0.9994
Epoch 45: Time: 1.5573 Cost: 0.6182 Pre: 1.0000 Re: 0.9988 Acc: 0.9994 F1: 0.9994
Epoch 46: Time: 1.6234 Cost: 0.5806 Pre: 1.0000 Re: 0.9988 Acc: 0.9994 F1: 0.9994
Epoch 47: Time: 1.5617 Cost: 0.5521 Pre: 1.0000 Re: 0.9988 Acc: 0.9994 F1: 0.9994
Epoch 48: Time: 1.5525 Cost: 0.5253 Pre: 1.0000 Re: 0.9988 Acc: 0.9994 F1: 0.9994
Epoch 49: Time: 2.0643 Cost: 0.5371 Pre: 1.0000 Re: 0.9988 Acc: 0.9994 F1: 0.9994
Epoch 50: Time: 1.7733 Cost: 0.4728 Pre: 1.0000 Re: 0.9988 Acc: 0.9994 F1: 0.9994


--------------------------------------------------------------------
Eval results: Cost:0.4543 Pre:1.0000 Re:0.9967 Acc:0.9986 F1:0.9984
--------------------------------------------------------------------

Epoch 51: Time: 1.4285 Cost: 0.4266 Pre: 1.0000 Re: 0.9988 Acc: 0.9994 F1: 0.9994
Epoch 52: Time: 1.2865 Cost: 0.3969 Pre: 1.0000 Re: 0.9988 Acc: 0.9994 F1: 0.9994
Epoch 53: Time: 1.2366 Cost: 0.3629 Pre: 1.0000 Re: 0.9988 Acc: 0.9994 F1: 0.9994
Epoch 54: Time: 1.2263 Cost: 0.3407 Pre: 1.0000 Re: 0.9988 Acc: 0.9994 F1: 0.9994
Epoch 55: Time: 1.1384 Cost: 0.3179 Pre: 1.0000 Re: 0.9988 Acc: 0.9994 F1: 0.9994
Epoch 56: Time: 1.1848 Cost: 0.2961 Pre: 1.0000 Re: 0.9988 Acc: 0.9994 F1: 0.9994
Epoch 57: Time: 1.1422 Cost: 0.2722 Pre: 1.0000 Re: 0.9988 Acc: 0.9994 F1: 0.9994
Epoch 58: Time: 1.1462 Cost: 0.2525 Pre: 1.0000 Re: 0.9988 Acc: 0.9994 F1: 0.9994
Epoch 59: Time: 1.2125 Cost: 0.2407 Pre: 1.0000 Re: 0.9988 Acc: 0.9994 F1: 0.9994
Epoch 60: Time: 1.1154 Cost: 0.2284 Pre: 1.0000 Re: 0.9988 Acc: 0.9994 F1: 0.9994


--------------------------------------------------------------------
Eval results: Cost:0.2773 Pre:1.0000 Re:0.9967 Acc:0.9986 F1:0.9984
--------------------------------------------------------------------

Epoch 61: Time: 1.0929 Cost: 0.2063 Pre: 1.0000 Re: 0.9988 Acc: 0.9994 F1: 0.9994
Epoch 62: Time: 1.1543 Cost: 0.1971 Pre: 1.0000 Re: 0.9988 Acc: 0.9994 F1: 0.9994
Epoch 63: Time: 1.1440 Cost: 0.1835 Pre: 1.0000 Re: 0.9988 Acc: 0.9994 F1: 0.9994
Epoch 64: Time: 1.2530 Cost: 0.1734 Pre: 1.0000 Re: 0.9988 Acc: 0.9994 F1: 0.9994
Epoch 65: Time: 1.2567 Cost: 0.1581 Pre: 1.0000 Re: 0.9988 Acc: 0.9994 F1: 0.9994
Epoch 66: Time: 1.5283 Cost: 0.1494 Pre: 1.0000 Re: 0.9988 Acc: 0.9994 F1: 0.9994
Epoch 67: Time: 1.4505 Cost: 0.1386 Pre: 1.0000 Re: 0.9988 Acc: 0.9994 F1: 0.9994
Epoch 68: Time: 1.3913 Cost: 0.1308 Pre: 1.0000 Re: 0.9988 Acc: 0.9994 F1: 0.9994
Epoch 69: Time: 1.1516 Cost: 0.1272 Pre: 1.0000 Re: 0.9988 Acc: 0.9994 F1: 0.9994
Epoch 70: Time: 1.1159 Cost: 0.1169 Pre: 1.0000 Re: 0.9988 Acc: 0.9994 F1: 0.9994


--------------------------------------------------------------------
Eval results: Cost:0.1728 Pre:1.0000 Re:0.9967 Acc:0.9986 F1:0.9984
--------------------------------------------------------------------

Epoch 71: Time: 1.0971 Cost: 0.1064 Pre: 1.0000 Re: 0.9988 Acc: 0.9994 F1: 0.9994
Epoch 72: Time: 1.1533 Cost: 0.1007 Pre: 1.0000 Re: 0.9988 Acc: 0.9994 F1: 0.9994
Epoch 73: Time: 1.1370 Cost: 0.0944 Pre: 1.0000 Re: 0.9988 Acc: 0.9994 F1: 0.9994
Epoch 74: Time: 1.1881 Cost: 0.0885 Pre: 1.0000 Re: 0.9988 Acc: 0.9994 F1: 0.9994
Epoch 75: Time: 1.1837 Cost: 0.0828 Pre: 1.0000 Re: 0.9988 Acc: 0.9994 F1: 0.9994
Epoch 76: Time: 1.1400 Cost: 0.0776 Pre: 1.0000 Re: 0.9988 Acc: 0.9994 F1: 0.9994
Epoch 77: Time: 1.1589 Cost: 0.0737 Pre: 1.0000 Re: 0.9988 Acc: 0.9994 F1: 0.9994
Epoch 78: Time: 1.1448 Cost: 0.0685 Pre: 1.0000 Re: 1.0000 Acc: 1.0000 F1: 1.0000
Epoch 79: Time: 1.1120 Cost: 0.0640 Pre: 1.0000 Re: 1.0000 Acc: 1.0000 F1: 1.0000
Epoch 80: Time: 1.1042 Cost: 0.0599 Pre: 1.0000 Re: 1.0000 Acc: 1.0000 F1: 1.0000


--------------------------------------------------------------------
Eval results: Cost:0.0849 Pre:1.0000 Re:1.0000 Acc:1.0000 F1:1.0000
--------------------------------------------------------------------

Epoch 81: Time: 1.1727 Cost: 0.0585 Pre: 1.0000 Re: 1.0000 Acc: 1.0000 F1: 1.0000
Epoch 82: Time: 1.1857 Cost: 0.0572 Pre: 1.0000 Re: 1.0000 Acc: 1.0000 F1: 1.0000
Epoch 83: Time: 1.1821 Cost: 0.0546 Pre: 1.0000 Re: 1.0000 Acc: 1.0000 F1: 1.0000
Epoch 84: Time: 1.1658 Cost: 0.0485 Pre: 1.0000 Re: 1.0000 Acc: 1.0000 F1: 1.0000
Epoch 85: Time: 1.1537 Cost: 0.0453 Pre: 1.0000 Re: 1.0000 Acc: 1.0000 F1: 1.0000
Epoch 86: Time: 1.0952 Cost: 0.0414 Pre: 1.0000 Re: 1.0000 Acc: 1.0000 F1: 1.0000
Epoch 87: Time: 1.0507 Cost: 0.0384 Pre: 1.0000 Re: 1.0000 Acc: 1.0000 F1: 1.0000
Epoch 88: Time: 1.0904 Cost: 0.0359 Pre: 1.0000 Re: 1.0000 Acc: 1.0000 F1: 1.0000
Epoch 89: Time: 1.1945 Cost: 0.0334 Pre: 1.0000 Re: 1.0000 Acc: 1.0000 F1: 1.0000
Epoch 90: Time: 1.3692 Cost: 0.0311 Pre: 1.0000 Re: 1.0000 Acc: 1.0000 F1: 1.0000


--------------------------------------------------------------------
Eval results: Cost:0.0360 Pre:1.0000 Re:1.0000 Acc:1.0000 F1:1.0000
--------------------------------------------------------------------

Epoch 91: Time: 1.2680 Cost: 0.0291 Pre: 1.0000 Re: 1.0000 Acc: 1.0000 F1: 1.0000
Epoch 92: Time: 1.3196 Cost: 0.0272 Pre: 1.0000 Re: 1.0000 Acc: 1.0000 F1: 1.0000
Epoch 93: Time: 1.3226 Cost: 0.0256 Pre: 1.0000 Re: 1.0000 Acc: 1.0000 F1: 1.0000
Epoch 94: Time: 1.8834 Cost: 0.0240 Pre: 1.0000 Re: 1.0000 Acc: 1.0000 F1: 1.0000
Epoch 95: Time: 1.5815 Cost: 0.0229 Pre: 1.0000 Re: 1.0000 Acc: 1.0000 F1: 1.0000
Epoch 96: Time: 1.6930 Cost: 0.0214 Pre: 1.0000 Re: 1.0000 Acc: 1.0000 F1: 1.0000
Epoch 97: Time: 1.5574 Cost: 0.0197 Pre: 1.0000 Re: 1.0000 Acc: 1.0000 F1: 1.0000
Epoch 98: Time: 1.4105 Cost: 0.0183 Pre: 1.0000 Re: 1.0000 Acc: 1.0000 F1: 1.0000
Epoch 99: Time: 1.3618 Cost: 0.0171 Pre: 1.0000 Re: 1.0000 Acc: 1.0000 F1: 1.0000
Epoch 100: Time: 1.3432 Cost: 0.0160 Pre: 1.0000 Re: 1.0000 Acc: 1.0000 F1: 1.0000


--------------------------------------------------------------------
Eval results: Cost:0.0171 Pre:1.0000 Re:1.0000 Acc:1.0000 F1:1.0000
--------------------------------------------------------------------

Epoch 101: Time: 1.3887 Cost: 0.0151 Pre: 1.0000 Re: 1.0000 Acc: 1.0000 F1: 1.0000
Epoch 102: Time: 1.4869 Cost: 0.0143 Pre: 1.0000 Re: 1.0000 Acc: 1.0000 F1: 1.0000
Epoch 103: Time: 1.5784 Cost: 0.0135 Pre: 1.0000 Re: 1.0000 Acc: 1.0000 F1: 1.0000
Epoch 104: Time: 1.6721 Cost: 0.0127 Pre: 1.0000 Re: 1.0000 Acc: 1.0000 F1: 1.0000
Epoch 105: Time: 1.6106 Cost: 0.0120 Pre: 1.0000 Re: 1.0000 Acc: 1.0000 F1: 1.0000
Epoch 106: Time: 1.7147 Cost: 0.0114 Pre: 1.0000 Re: 1.0000 Acc: 1.0000 F1: 1.0000
Epoch 107: Time: 1.6313 Cost: 0.0109 Pre: 1.0000 Re: 1.0000 Acc: 1.0000 F1: 1.0000
Epoch 108: Time: 1.5740 Cost: 0.0103 Pre: 1.0000 Re: 1.0000 Acc: 1.0000 F1: 1.0000
Epoch 109: Time: 2.0440 Cost: 0.0096 Pre: 1.0000 Re: 1.0000 Acc: 1.0000 F1: 1.0000
Epoch 110: Time: 2.0339 Cost: 0.0091 Pre: 1.0000 Re: 1.0000 Acc: 1.0000 F1: 1.0000


--------------------------------------------------------------------
Eval results: Cost:0.0089 Pre:1.0000 Re:1.0000 Acc:1.0000 F1:1.0000
--------------------------------------------------------------------

Epoch 111: Time: 2.1023 Cost: 0.0086 Pre: 1.0000 Re: 1.0000 Acc: 1.0000 F1: 1.0000
Epoch 112: Time: 1.9036 Cost: 0.0081 Pre: 1.0000 Re: 1.0000 Acc: 1.0000 F1: 1.0000
Epoch 113: Time: 1.9772 Cost: 0.0077 Pre: 1.0000 Re: 1.0000 Acc: 1.0000 F1: 1.0000
Epoch 114: Time: 1.8902 Cost: 0.0074 Pre: 1.0000 Re: 1.0000 Acc: 1.0000 F1: 1.0000
Epoch 115: Time: 1.7722 Cost: 0.0070 Pre: 1.0000 Re: 1.0000 Acc: 1.0000 F1: 1.0000
Epoch 116: Time: 1.5683 Cost: 0.0067 Pre: 1.0000 Re: 1.0000 Acc: 1.0000 F1: 1.0000
Epoch 117: Time: 1.5656 Cost: 0.0064 Pre: 1.0000 Re: 1.0000 Acc: 1.0000 F1: 1.0000
Epoch 118: Time: 1.3884 Cost: 0.0061 Pre: 1.0000 Re: 1.0000 Acc: 1.0000 F1: 1.0000
Epoch 119: Time: 1.3864 Cost: 0.0058 Pre: 1.0000 Re: 1.0000 Acc: 1.0000 F1: 1.0000
Epoch 120: Time: 1.3975 Cost: 0.0056 Pre: 1.0000 Re: 1.0000 Acc: 1.0000 F1: 1.0000


--------------------------------------------------------------------
Eval results: Cost:0.0054 Pre:1.0000 Re:1.0000 Acc:1.0000 F1:1.0000
--------------------------------------------------------------------

Epoch 121: Time: 1.3549 Cost: 0.0053 Pre: 1.0000 Re: 1.0000 Acc: 1.0000 F1: 1.0000
Epoch 122: Time: 1.3970 Cost: 0.0051 Pre: 1.0000 Re: 1.0000 Acc: 1.0000 F1: 1.0000
Epoch 123: Time: 1.3341 Cost: 0.0049 Pre: 1.0000 Re: 1.0000 Acc: 1.0000 F1: 1.0000
Epoch 124: Time: 1.3426 Cost: 0.0047 Pre: 1.0000 Re: 1.0000 Acc: 1.0000 F1: 1.0000
Epoch 125: Time: 1.3628 Cost: 0.0045 Pre: 1.0000 Re: 1.0000 Acc: 1.0000 F1: 1.0000
Epoch 126: Time: 1.3612 Cost: 0.0044 Pre: 1.0000 Re: 1.0000 Acc: 1.0000 F1: 1.0000
Epoch 127: Time: 2.1681 Cost: 0.0042 Pre: 1.0000 Re: 1.0000 Acc: 1.0000 F1: 1.0000
Epoch 128: Time: 3.1351 Cost: 0.0041 Pre: 1.0000 Re: 1.0000 Acc: 1.0000 F1: 1.0000
Epoch 129: Time: 3.2837 Cost: 0.0039 Pre: 1.0000 Re: 1.0000 Acc: 1.0000 F1: 1.0000
Epoch 130: Time: 3.4107 Cost: 0.0038 Pre: 1.0000 Re: 1.0000 Acc: 1.0000 F1: 1.0000


--------------------------------------------------------------------
Eval results: Cost:0.0037 Pre:1.0000 Re:1.0000 Acc:1.0000 F1:1.0000
--------------------------------------------------------------------

Epoch 131: Time: 1.8221 Cost: 0.0037 Pre: 1.0000 Re: 1.0000 Acc: 1.0000 F1: 1.0000
Epoch 132: Time: 1.7654 Cost: 0.0036 Pre: 1.0000 Re: 1.0000 Acc: 1.0000 F1: 1.0000
Epoch 133: Time: 1.7810 Cost: 0.0034 Pre: 1.0000 Re: 1.0000 Acc: 1.0000 F1: 1.0000
Epoch 134: Time: 1.7655 Cost: 0.0033 Pre: 1.0000 Re: 1.0000 Acc: 1.0000 F1: 1.0000
Epoch 135: Time: 1.7607 Cost: 0.0032 Pre: 1.0000 Re: 1.0000 Acc: 1.0000 F1: 1.0000
Epoch 136: Time: 1.7322 Cost: 0.0031 Pre: 1.0000 Re: 1.0000 Acc: 1.0000 F1: 1.0000
Epoch 137: Time: 1.3905 Cost: 0.0031 Pre: 1.0000 Re: 1.0000 Acc: 1.0000 F1: 1.0000
Epoch 138: Time: 1.3529 Cost: 0.0030 Pre: 1.0000 Re: 1.0000 Acc: 1.0000 F1: 1.0000
Epoch 139: Time: 1.2897 Cost: 0.0029 Pre: 1.0000 Re: 1.0000 Acc: 1.0000 F1: 1.0000
Epoch 140: Time: 1.6592 Cost: 0.0028 Pre: 1.0000 Re: 1.0000 Acc: 1.0000 F1: 1.0000


--------------------------------------------------------------------
Eval results: Cost:0.0028 Pre:1.0000 Re:1.0000 Acc:1.0000 F1:1.0000
--------------------------------------------------------------------

Epoch 141: Time: 1.5168 Cost: 0.0027 Pre: 1.0000 Re: 1.0000 Acc: 1.0000 F1: 1.0000
Epoch 142: Time: 1.4621 Cost: 0.0027 Pre: 1.0000 Re: 1.0000 Acc: 1.0000 F1: 1.0000
Epoch 143: Time: 1.3226 Cost: 0.0026 Pre: 1.0000 Re: 1.0000 Acc: 1.0000 F1: 1.0000
Epoch 144: Time: 1.3521 Cost: 0.0025 Pre: 1.0000 Re: 1.0000 Acc: 1.0000 F1: 1.0000
Epoch 145: Time: 1.3140 Cost: 0.0025 Pre: 1.0000 Re: 1.0000 Acc: 1.0000 F1: 1.0000
Epoch 146: Time: 1.2918 Cost: 0.0024 Pre: 1.0000 Re: 1.0000 Acc: 1.0000 F1: 1.0000
Epoch 147: Time: 1.3710 Cost: 0.0023 Pre: 1.0000 Re: 1.0000 Acc: 1.0000 F1: 1.0000
Epoch 148: Time: 1.3107 Cost: 0.0023 Pre: 1.0000 Re: 1.0000 Acc: 1.0000 F1: 1.0000
Epoch 149: Time: 1.3142 Cost: 0.0022 Pre: 1.0000 Re: 1.0000 Acc: 1.0000 F1: 1.0000
Epoch 150: Time: 1.3461 Cost: 0.0022 Pre: 1.0000 Re: 1.0000 Acc: 1.0000 F1: 1.0000


--------------------------------------------------------------------
Eval results: Cost:0.0021 Pre:1.0000 Re:1.0000 Acc:1.0000 F1:1.0000
--------------------------------------------------------------------

Epoch 151: Time: 1.3223 Cost: 0.0021 Pre: 1.0000 Re: 1.0000 Acc: 1.0000 F1: 1.0000
Epoch 152: Time: 1.3244 Cost: 0.0021 Pre: 1.0000 Re: 1.0000 Acc: 1.0000 F1: 1.0000
Epoch 153: Time: 1.3301 Cost: 0.0020 Pre: 1.0000 Re: 1.0000 Acc: 1.0000 F1: 1.0000
Epoch 154: Time: 1.2990 Cost: 0.0020 Pre: 1.0000 Re: 1.0000 Acc: 1.0000 F1: 1.0000
Epoch 155: Time: 1.3293 Cost: 0.0019 Pre: 1.0000 Re: 1.0000 Acc: 1.0000 F1: 1.0000
Epoch 156: Time: 1.3492 Cost: 0.0019 Pre: 1.0000 Re: 1.0000 Acc: 1.0000 F1: 1.0000
Epoch 157: Time: 1.3315 Cost: 0.0019 Pre: 1.0000 Re: 1.0000 Acc: 1.0000 F1: 1.0000
Epoch 158: Time: 1.2433 Cost: 0.0018 Pre: 1.0000 Re: 1.0000 Acc: 1.0000 F1: 1.0000
Epoch 159: Time: 1.3054 Cost: 0.0018 Pre: 1.0000 Re: 1.0000 Acc: 1.0000 F1: 1.0000
Epoch 160: Time: 1.3280 Cost: 0.0017 Pre: 1.0000 Re: 1.0000 Acc: 1.0000 F1: 1.0000


--------------------------------------------------------------------
Eval results: Cost:0.0017 Pre:1.0000 Re:1.0000 Acc:1.0000 F1:1.0000
--------------------------------------------------------------------

Epoch 161: Time: 1.1503 Cost: 0.0017 Pre: 1.0000 Re: 1.0000 Acc: 1.0000 F1: 1.0000
Epoch 162: Time: 1.1705 Cost: 0.0017 Pre: 1.0000 Re: 1.0000 Acc: 1.0000 F1: 1.0000
Epoch 163: Time: 1.2314 Cost: 0.0016 Pre: 1.0000 Re: 1.0000 Acc: 1.0000 F1: 1.0000
Epoch 164: Time: 1.5363 Cost: 0.0016 Pre: 1.0000 Re: 1.0000 Acc: 1.0000 F1: 1.0000
Epoch 165: Time: 1.3006 Cost: 0.0016 Pre: 1.0000 Re: 1.0000 Acc: 1.0000 F1: 1.0000
Epoch 166: Time: 1.2047 Cost: 0.0016 Pre: 1.0000 Re: 1.0000 Acc: 1.0000 F1: 1.0000
Epoch 167: Time: 1.0320 Cost: 0.0015 Pre: 1.0000 Re: 1.0000 Acc: 1.0000 F1: 1.0000
Epoch 168: Time: 1.0694 Cost: 0.0015 Pre: 1.0000 Re: 1.0000 Acc: 1.0000 F1: 1.0000
Epoch 169: Time: 1.0744 Cost: 0.0015 Pre: 1.0000 Re: 1.0000 Acc: 1.0000 F1: 1.0000
Epoch 170: Time: 1.0264 Cost: 0.0014 Pre: 1.0000 Re: 1.0000 Acc: 1.0000 F1: 1.0000


--------------------------------------------------------------------
Eval results: Cost:0.0014 Pre:1.0000 Re:1.0000 Acc:1.0000 F1:1.0000
--------------------------------------------------------------------

Early stopping...
--------------------------------------------------------------------
--------------------------------------------------------------------
Test 1996 samples take time: 2.5765
Test results: Cost:0.0011 Pre:1.0000 Re:1.0000 Acc:1.0000 F1:1.0000
--------------------------------------------------------------------

