Load data
RNN type: MI Grammar: g7 Seed: 10
Model total parameters: 4216
Saving hinit ... 

Epoch 0: Time: 0.3057 Cost: 24.1817 Pre: 0.5314 Re: 0.5683 Acc: 0.5532 F1: 0.5492


--------------------------------------------------------------------
Eval results: Cost:23.0512 Pre:0.5666 Re:0.5407 Acc:0.6267 F1:0.5533
--------------------------------------------------------------------

Epoch 1: Time: 0.2305 Cost: 21.7581 Pre: 0.6330 Re: 0.6268 Acc: 0.6472 F1: 0.6299
Epoch 2: Time: 0.2322 Cost: 18.8305 Pre: 0.7264 Re: 0.7220 Acc: 0.7366 F1: 0.7242
Epoch 3: Time: 0.2276 Cost: 13.7294 Pre: 0.7936 Re: 0.9049 Acc: 0.8417 F1: 0.8456
Epoch 4: Time: 0.2272 Cost: 8.1427 Pre: 0.8468 Re: 0.9707 Acc: 0.9019 F1: 0.9045
Epoch 5: Time: 0.2275 Cost: 5.8625 Pre: 0.8612 Re: 0.9915 Acc: 0.9194 F1: 0.9218
Epoch 6: Time: 0.2307 Cost: 5.0418 Pre: 0.8655 Re: 0.9963 Acc: 0.9241 F1: 0.9263
Epoch 7: Time: 0.2304 Cost: 4.5641 Pre: 0.8656 Re: 0.9976 Acc: 0.9246 F1: 0.9269
Epoch 8: Time: 0.2274 Cost: 4.2014 Pre: 0.8667 Re: 0.9988 Acc: 0.9258 F1: 0.9280
Epoch 9: Time: 0.2282 Cost: 3.9134 Pre: 0.8658 Re: 0.9988 Acc: 0.9252 F1: 0.9275
Epoch 10: Time: 0.2252 Cost: 3.6620 Pre: 0.8641 Re: 1.0000 Acc: 0.9246 F1: 0.9271


--------------------------------------------------------------------
Eval results: Cost:2.8079 Pre:0.8746 Re:1.0000 Acc:0.9387 F1:0.9331
--------------------------------------------------------------------

Epoch 11: Time: 0.2277 Cost: 3.4392 Pre: 0.8677 Re: 1.0000 Acc: 0.9270 F1: 0.9292
Epoch 12: Time: 0.2265 Cost: 3.2150 Pre: 0.8696 Re: 1.0000 Acc: 0.9282 F1: 0.9302
Epoch 13: Time: 0.2282 Cost: 3.0193 Pre: 0.8750 Re: 0.9988 Acc: 0.9311 F1: 0.9328
Epoch 14: Time: 0.2307 Cost: 2.8269 Pre: 0.8844 Re: 0.9988 Acc: 0.9369 F1: 0.9381
Epoch 15: Time: 0.2310 Cost: 2.6553 Pre: 0.8961 Re: 0.9988 Acc: 0.9439 F1: 0.9446
Epoch 16: Time: 0.2246 Cost: 2.4938 Pre: 0.9213 Re: 0.9988 Acc: 0.9585 F1: 0.9585
Epoch 17: Time: 0.2285 Cost: 2.3447 Pre: 0.9457 Re: 0.9988 Acc: 0.9720 F1: 0.9715
Epoch 18: Time: 0.2260 Cost: 2.2037 Pre: 0.9715 Re: 0.9988 Acc: 0.9854 F1: 0.9850
Epoch 19: Time: 0.2328 Cost: 2.0678 Pre: 0.9856 Re: 0.9988 Acc: 0.9924 F1: 0.9921
Epoch 20: Time: 0.2269 Cost: 1.9375 Pre: 0.9951 Re: 0.9988 Acc: 0.9971 F1: 0.9970


--------------------------------------------------------------------
Eval results: Cost:1.5067 Pre:0.9871 Re:0.9967 Acc:0.9930 F1:0.9919
--------------------------------------------------------------------

Epoch 21: Time: 0.2253 Cost: 1.8178 Pre: 0.9964 Re: 0.9988 Acc: 0.9977 F1: 0.9976
Epoch 22: Time: 0.2286 Cost: 1.7008 Pre: 0.9964 Re: 0.9988 Acc: 0.9977 F1: 0.9976
Epoch 23: Time: 0.2298 Cost: 1.5868 Pre: 0.9988 Re: 0.9988 Acc: 0.9988 F1: 0.9988
Epoch 24: Time: 0.2272 Cost: 1.4788 Pre: 1.0000 Re: 0.9988 Acc: 0.9994 F1: 0.9994
Epoch 25: Time: 0.2273 Cost: 1.3777 Pre: 1.0000 Re: 0.9988 Acc: 0.9994 F1: 0.9994
Epoch 26: Time: 0.2245 Cost: 1.2842 Pre: 1.0000 Re: 0.9988 Acc: 0.9994 F1: 0.9994
Epoch 27: Time: 0.2312 Cost: 1.1979 Pre: 1.0000 Re: 0.9988 Acc: 0.9994 F1: 0.9994
Epoch 28: Time: 0.2289 Cost: 1.1181 Pre: 1.0000 Re: 0.9988 Acc: 0.9994 F1: 0.9994
Epoch 29: Time: 0.2286 Cost: 1.0431 Pre: 1.0000 Re: 0.9988 Acc: 0.9994 F1: 0.9994
Epoch 30: Time: 0.2284 Cost: 0.9706 Pre: 1.0000 Re: 0.9988 Acc: 0.9994 F1: 0.9994


--------------------------------------------------------------------
Eval results: Cost:0.8046 Pre:1.0000 Re:0.9967 Acc:0.9986 F1:0.9984
--------------------------------------------------------------------

Epoch 31: Time: 0.2322 Cost: 0.9031 Pre: 1.0000 Re: 0.9988 Acc: 0.9994 F1: 0.9994
Epoch 32: Time: 0.2405 Cost: 0.8380 Pre: 1.0000 Re: 0.9988 Acc: 0.9994 F1: 0.9994
Epoch 33: Time: 0.2641 Cost: 0.7742 Pre: 1.0000 Re: 0.9988 Acc: 0.9994 F1: 0.9994
Epoch 34: Time: 0.2847 Cost: 0.7142 Pre: 1.0000 Re: 0.9988 Acc: 0.9994 F1: 0.9994
Epoch 35: Time: 0.3103 Cost: 0.6616 Pre: 1.0000 Re: 0.9988 Acc: 0.9994 F1: 0.9994
Epoch 36: Time: 0.3148 Cost: 0.6110 Pre: 1.0000 Re: 0.9988 Acc: 0.9994 F1: 0.9994
Epoch 37: Time: 0.3261 Cost: 0.5628 Pre: 1.0000 Re: 0.9988 Acc: 0.9994 F1: 0.9994
Epoch 38: Time: 0.3265 Cost: 0.5194 Pre: 1.0000 Re: 0.9988 Acc: 0.9994 F1: 0.9994
Epoch 39: Time: 0.3148 Cost: 0.4816 Pre: 1.0000 Re: 0.9988 Acc: 0.9994 F1: 0.9994
Epoch 40: Time: 0.3268 Cost: 0.4461 Pre: 1.0000 Re: 0.9988 Acc: 0.9994 F1: 0.9994


--------------------------------------------------------------------
Eval results: Cost:0.4339 Pre:1.0000 Re:0.9967 Acc:0.9986 F1:0.9984
--------------------------------------------------------------------

Epoch 41: Time: 0.3006 Cost: 0.4159 Pre: 1.0000 Re: 0.9988 Acc: 0.9994 F1: 0.9994
Epoch 42: Time: 0.3489 Cost: 0.3908 Pre: 1.0000 Re: 0.9988 Acc: 0.9994 F1: 0.9994
Epoch 43: Time: 0.3024 Cost: 0.3570 Pre: 1.0000 Re: 0.9988 Acc: 0.9994 F1: 0.9994
Epoch 44: Time: 0.3106 Cost: 0.3282 Pre: 1.0000 Re: 0.9988 Acc: 0.9994 F1: 0.9994
Epoch 45: Time: 0.3158 Cost: 0.3023 Pre: 1.0000 Re: 0.9988 Acc: 0.9994 F1: 0.9994
Epoch 46: Time: 0.3301 Cost: 0.2791 Pre: 1.0000 Re: 0.9988 Acc: 0.9994 F1: 0.9994
Epoch 47: Time: 0.3415 Cost: 0.2583 Pre: 1.0000 Re: 0.9988 Acc: 0.9994 F1: 0.9994
Epoch 48: Time: 0.3436 Cost: 0.2377 Pre: 1.0000 Re: 0.9988 Acc: 0.9994 F1: 0.9994
Epoch 49: Time: 0.3479 Cost: 0.2198 Pre: 1.0000 Re: 0.9988 Acc: 0.9994 F1: 0.9994
Epoch 50: Time: 0.3489 Cost: 0.2035 Pre: 1.0000 Re: 0.9988 Acc: 0.9994 F1: 0.9994


--------------------------------------------------------------------
Eval results: Cost:0.2508 Pre:1.0000 Re:0.9967 Acc:0.9986 F1:0.9984
--------------------------------------------------------------------

Epoch 51: Time: 0.3404 Cost: 0.1888 Pre: 1.0000 Re: 0.9988 Acc: 0.9994 F1: 0.9994
Epoch 52: Time: 0.3373 Cost: 0.1771 Pre: 1.0000 Re: 0.9988 Acc: 0.9994 F1: 0.9994
Epoch 53: Time: 0.3322 Cost: 0.1666 Pre: 1.0000 Re: 0.9988 Acc: 0.9994 F1: 0.9994
Epoch 54: Time: 0.3528 Cost: 0.1567 Pre: 1.0000 Re: 0.9988 Acc: 0.9994 F1: 0.9994
Epoch 55: Time: 0.4168 Cost: 0.1483 Pre: 1.0000 Re: 0.9988 Acc: 0.9994 F1: 0.9994
Epoch 56: Time: 0.4232 Cost: 0.1386 Pre: 1.0000 Re: 0.9988 Acc: 0.9994 F1: 0.9994
Epoch 57: Time: 0.3796 Cost: 0.1293 Pre: 1.0000 Re: 0.9988 Acc: 0.9994 F1: 0.9994
Epoch 58: Time: 0.3406 Cost: 0.1211 Pre: 1.0000 Re: 0.9988 Acc: 0.9994 F1: 0.9994
Epoch 59: Time: 0.3245 Cost: 0.1125 Pre: 1.0000 Re: 0.9988 Acc: 0.9994 F1: 0.9994
Epoch 60: Time: 0.3157 Cost: 0.1055 Pre: 1.0000 Re: 0.9988 Acc: 0.9994 F1: 0.9994


--------------------------------------------------------------------
Eval results: Cost:0.1627 Pre:1.0000 Re:0.9967 Acc:0.9986 F1:0.9984
--------------------------------------------------------------------

Epoch 61: Time: 0.3227 Cost: 0.0990 Pre: 1.0000 Re: 0.9988 Acc: 0.9994 F1: 0.9994
Epoch 62: Time: 0.3339 Cost: 0.0933 Pre: 1.0000 Re: 0.9988 Acc: 0.9994 F1: 0.9994
Epoch 63: Time: 0.3382 Cost: 0.0880 Pre: 1.0000 Re: 0.9988 Acc: 0.9994 F1: 0.9994
Epoch 64: Time: 0.3367 Cost: 0.0828 Pre: 1.0000 Re: 0.9988 Acc: 0.9994 F1: 0.9994
Epoch 65: Time: 0.3545 Cost: 0.0778 Pre: 1.0000 Re: 0.9988 Acc: 0.9994 F1: 0.9994
Epoch 66: Time: 0.3313 Cost: 0.0730 Pre: 1.0000 Re: 0.9988 Acc: 0.9994 F1: 0.9994
Epoch 67: Time: 0.3204 Cost: 0.0685 Pre: 1.0000 Re: 0.9988 Acc: 0.9994 F1: 0.9994
Epoch 68: Time: 0.2997 Cost: 0.0644 Pre: 1.0000 Re: 0.9988 Acc: 0.9994 F1: 0.9994
Epoch 69: Time: 0.2918 Cost: 0.0604 Pre: 1.0000 Re: 1.0000 Acc: 1.0000 F1: 1.0000
Epoch 70: Time: 0.3198 Cost: 0.0567 Pre: 1.0000 Re: 1.0000 Acc: 1.0000 F1: 1.0000


--------------------------------------------------------------------
Eval results: Cost:0.0855 Pre:1.0000 Re:1.0000 Acc:1.0000 F1:1.0000
--------------------------------------------------------------------

Epoch 71: Time: 0.3028 Cost: 0.0533 Pre: 1.0000 Re: 1.0000 Acc: 1.0000 F1: 1.0000
Epoch 72: Time: 0.3538 Cost: 0.0503 Pre: 1.0000 Re: 1.0000 Acc: 1.0000 F1: 1.0000
Epoch 73: Time: 0.3397 Cost: 0.0475 Pre: 1.0000 Re: 1.0000 Acc: 1.0000 F1: 1.0000
Epoch 74: Time: 0.2987 Cost: 0.0446 Pre: 1.0000 Re: 1.0000 Acc: 1.0000 F1: 1.0000
Epoch 75: Time: 0.3182 Cost: 0.0419 Pre: 1.0000 Re: 1.0000 Acc: 1.0000 F1: 1.0000
Epoch 76: Time: 0.3206 Cost: 0.0393 Pre: 1.0000 Re: 1.0000 Acc: 1.0000 F1: 1.0000
Epoch 77: Time: 0.2872 Cost: 0.0369 Pre: 1.0000 Re: 1.0000 Acc: 1.0000 F1: 1.0000
Epoch 78: Time: 0.2853 Cost: 0.0347 Pre: 1.0000 Re: 1.0000 Acc: 1.0000 F1: 1.0000
Epoch 79: Time: 0.2863 Cost: 0.0324 Pre: 1.0000 Re: 1.0000 Acc: 1.0000 F1: 1.0000
Epoch 80: Time: 0.2898 Cost: 0.0301 Pre: 1.0000 Re: 1.0000 Acc: 1.0000 F1: 1.0000


--------------------------------------------------------------------
Eval results: Cost:0.0382 Pre:1.0000 Re:1.0000 Acc:1.0000 F1:1.0000
--------------------------------------------------------------------

Epoch 81: Time: 0.2892 Cost: 0.0281 Pre: 1.0000 Re: 1.0000 Acc: 1.0000 F1: 1.0000
Epoch 82: Time: 0.2886 Cost: 0.0264 Pre: 1.0000 Re: 1.0000 Acc: 1.0000 F1: 1.0000
Epoch 83: Time: 0.2923 Cost: 0.0248 Pre: 1.0000 Re: 1.0000 Acc: 1.0000 F1: 1.0000
Epoch 84: Time: 0.2976 Cost: 0.0232 Pre: 1.0000 Re: 1.0000 Acc: 1.0000 F1: 1.0000
Epoch 85: Time: 0.2933 Cost: 0.0218 Pre: 1.0000 Re: 1.0000 Acc: 1.0000 F1: 1.0000
Epoch 86: Time: 0.2930 Cost: 0.0204 Pre: 1.0000 Re: 1.0000 Acc: 1.0000 F1: 1.0000
Epoch 87: Time: 0.2978 Cost: 0.0191 Pre: 1.0000 Re: 1.0000 Acc: 1.0000 F1: 1.0000
Epoch 88: Time: 0.2928 Cost: 0.0179 Pre: 1.0000 Re: 1.0000 Acc: 1.0000 F1: 1.0000
Epoch 89: Time: 0.2907 Cost: 0.0167 Pre: 1.0000 Re: 1.0000 Acc: 1.0000 F1: 1.0000
Epoch 90: Time: 0.2961 Cost: 0.0157 Pre: 1.0000 Re: 1.0000 Acc: 1.0000 F1: 1.0000


--------------------------------------------------------------------
Eval results: Cost:0.0176 Pre:1.0000 Re:1.0000 Acc:1.0000 F1:1.0000
--------------------------------------------------------------------

Epoch 91: Time: 0.2941 Cost: 0.0148 Pre: 1.0000 Re: 1.0000 Acc: 1.0000 F1: 1.0000
Epoch 92: Time: 0.2923 Cost: 0.0141 Pre: 1.0000 Re: 1.0000 Acc: 1.0000 F1: 1.0000
Epoch 93: Time: 0.3007 Cost: 0.0134 Pre: 1.0000 Re: 1.0000 Acc: 1.0000 F1: 1.0000
Epoch 94: Time: 0.2940 Cost: 0.0129 Pre: 1.0000 Re: 1.0000 Acc: 1.0000 F1: 1.0000
Epoch 95: Time: 0.2929 Cost: 0.0125 Pre: 1.0000 Re: 1.0000 Acc: 1.0000 F1: 1.0000
Epoch 96: Time: 0.2940 Cost: 0.0116 Pre: 1.0000 Re: 1.0000 Acc: 1.0000 F1: 1.0000
Epoch 97: Time: 0.2966 Cost: 0.0108 Pre: 1.0000 Re: 1.0000 Acc: 1.0000 F1: 1.0000
Epoch 98: Time: 0.2954 Cost: 0.0101 Pre: 1.0000 Re: 1.0000 Acc: 1.0000 F1: 1.0000
Epoch 99: Time: 0.2944 Cost: 0.0095 Pre: 1.0000 Re: 1.0000 Acc: 1.0000 F1: 1.0000
Epoch 100: Time: 0.2970 Cost: 0.0090 Pre: 1.0000 Re: 1.0000 Acc: 1.0000 F1: 1.0000


--------------------------------------------------------------------
Eval results: Cost:0.0093 Pre:1.0000 Re:1.0000 Acc:1.0000 F1:1.0000
--------------------------------------------------------------------

Epoch 101: Time: 0.2963 Cost: 0.0085 Pre: 1.0000 Re: 1.0000 Acc: 1.0000 F1: 1.0000
Epoch 102: Time: 0.2968 Cost: 0.0081 Pre: 1.0000 Re: 1.0000 Acc: 1.0000 F1: 1.0000
Epoch 103: Time: 0.2967 Cost: 0.0077 Pre: 1.0000 Re: 1.0000 Acc: 1.0000 F1: 1.0000
Epoch 104: Time: 0.2953 Cost: 0.0073 Pre: 1.0000 Re: 1.0000 Acc: 1.0000 F1: 1.0000
Epoch 105: Time: 0.2954 Cost: 0.0070 Pre: 1.0000 Re: 1.0000 Acc: 1.0000 F1: 1.0000
Epoch 106: Time: 0.3002 Cost: 0.0066 Pre: 1.0000 Re: 1.0000 Acc: 1.0000 F1: 1.0000
Epoch 107: Time: 0.2975 Cost: 0.0063 Pre: 1.0000 Re: 1.0000 Acc: 1.0000 F1: 1.0000
Epoch 108: Time: 0.2950 Cost: 0.0061 Pre: 1.0000 Re: 1.0000 Acc: 1.0000 F1: 1.0000
Epoch 109: Time: 0.2946 Cost: 0.0058 Pre: 1.0000 Re: 1.0000 Acc: 1.0000 F1: 1.0000
Epoch 110: Time: 0.2968 Cost: 0.0055 Pre: 1.0000 Re: 1.0000 Acc: 1.0000 F1: 1.0000


--------------------------------------------------------------------
Eval results: Cost:0.0056 Pre:1.0000 Re:1.0000 Acc:1.0000 F1:1.0000
--------------------------------------------------------------------

Epoch 111: Time: 0.2932 Cost: 0.0053 Pre: 1.0000 Re: 1.0000 Acc: 1.0000 F1: 1.0000
Epoch 112: Time: 0.2992 Cost: 0.0051 Pre: 1.0000 Re: 1.0000 Acc: 1.0000 F1: 1.0000
Epoch 113: Time: 0.2960 Cost: 0.0048 Pre: 1.0000 Re: 1.0000 Acc: 1.0000 F1: 1.0000
Epoch 114: Time: 0.2957 Cost: 0.0046 Pre: 1.0000 Re: 1.0000 Acc: 1.0000 F1: 1.0000
Epoch 115: Time: 0.2924 Cost: 0.0045 Pre: 1.0000 Re: 1.0000 Acc: 1.0000 F1: 1.0000
Epoch 116: Time: 0.2979 Cost: 0.0043 Pre: 1.0000 Re: 1.0000 Acc: 1.0000 F1: 1.0000
Epoch 117: Time: 0.2975 Cost: 0.0041 Pre: 1.0000 Re: 1.0000 Acc: 1.0000 F1: 1.0000
Epoch 118: Time: 0.2961 Cost: 0.0040 Pre: 1.0000 Re: 1.0000 Acc: 1.0000 F1: 1.0000
Epoch 119: Time: 0.2990 Cost: 0.0038 Pre: 1.0000 Re: 1.0000 Acc: 1.0000 F1: 1.0000
Epoch 120: Time: 0.2975 Cost: 0.0037 Pre: 1.0000 Re: 1.0000 Acc: 1.0000 F1: 1.0000


--------------------------------------------------------------------
Eval results: Cost:0.0037 Pre:1.0000 Re:1.0000 Acc:1.0000 F1:1.0000
--------------------------------------------------------------------

Epoch 121: Time: 0.2940 Cost: 0.0036 Pre: 1.0000 Re: 1.0000 Acc: 1.0000 F1: 1.0000
Epoch 122: Time: 0.2976 Cost: 0.0034 Pre: 1.0000 Re: 1.0000 Acc: 1.0000 F1: 1.0000
Epoch 123: Time: 0.2971 Cost: 0.0033 Pre: 1.0000 Re: 1.0000 Acc: 1.0000 F1: 1.0000
Epoch 124: Time: 0.2936 Cost: 0.0032 Pre: 1.0000 Re: 1.0000 Acc: 1.0000 F1: 1.0000
Epoch 125: Time: 0.2996 Cost: 0.0031 Pre: 1.0000 Re: 1.0000 Acc: 1.0000 F1: 1.0000
Epoch 126: Time: 0.2951 Cost: 0.0030 Pre: 1.0000 Re: 1.0000 Acc: 1.0000 F1: 1.0000
Epoch 127: Time: 0.3005 Cost: 0.0029 Pre: 1.0000 Re: 1.0000 Acc: 1.0000 F1: 1.0000
Epoch 128: Time: 0.2937 Cost: 0.0028 Pre: 1.0000 Re: 1.0000 Acc: 1.0000 F1: 1.0000
Epoch 129: Time: 0.2966 Cost: 0.0027 Pre: 1.0000 Re: 1.0000 Acc: 1.0000 F1: 1.0000
Epoch 130: Time: 0.2958 Cost: 0.0027 Pre: 1.0000 Re: 1.0000 Acc: 1.0000 F1: 1.0000


--------------------------------------------------------------------
Eval results: Cost:0.0027 Pre:1.0000 Re:1.0000 Acc:1.0000 F1:1.0000
--------------------------------------------------------------------

Epoch 131: Time: 0.3233 Cost: 0.0026 Pre: 1.0000 Re: 1.0000 Acc: 1.0000 F1: 1.0000
Epoch 132: Time: 0.2995 Cost: 0.0025 Pre: 1.0000 Re: 1.0000 Acc: 1.0000 F1: 1.0000
Epoch 133: Time: 0.3086 Cost: 0.0024 Pre: 1.0000 Re: 1.0000 Acc: 1.0000 F1: 1.0000
Epoch 134: Time: 0.2959 Cost: 0.0024 Pre: 1.0000 Re: 1.0000 Acc: 1.0000 F1: 1.0000
Epoch 135: Time: 0.3026 Cost: 0.0023 Pre: 1.0000 Re: 1.0000 Acc: 1.0000 F1: 1.0000
Epoch 136: Time: 0.2921 Cost: 0.0023 Pre: 1.0000 Re: 1.0000 Acc: 1.0000 F1: 1.0000
Epoch 137: Time: 0.2921 Cost: 0.0022 Pre: 1.0000 Re: 1.0000 Acc: 1.0000 F1: 1.0000
Epoch 138: Time: 0.2965 Cost: 0.0021 Pre: 1.0000 Re: 1.0000 Acc: 1.0000 F1: 1.0000
Epoch 139: Time: 0.2945 Cost: 0.0021 Pre: 1.0000 Re: 1.0000 Acc: 1.0000 F1: 1.0000
Epoch 140: Time: 0.2936 Cost: 0.0020 Pre: 1.0000 Re: 1.0000 Acc: 1.0000 F1: 1.0000


--------------------------------------------------------------------
Eval results: Cost:0.0020 Pre:1.0000 Re:1.0000 Acc:1.0000 F1:1.0000
--------------------------------------------------------------------

Epoch 141: Time: 0.2957 Cost: 0.0020 Pre: 1.0000 Re: 1.0000 Acc: 1.0000 F1: 1.0000
Epoch 142: Time: 0.2947 Cost: 0.0019 Pre: 1.0000 Re: 1.0000 Acc: 1.0000 F1: 1.0000
Epoch 143: Time: 0.2999 Cost: 0.0019 Pre: 1.0000 Re: 1.0000 Acc: 1.0000 F1: 1.0000
Epoch 144: Time: 0.2967 Cost: 0.0018 Pre: 1.0000 Re: 1.0000 Acc: 1.0000 F1: 1.0000
Epoch 145: Time: 0.2947 Cost: 0.0018 Pre: 1.0000 Re: 1.0000 Acc: 1.0000 F1: 1.0000
Epoch 146: Time: 0.2914 Cost: 0.0018 Pre: 1.0000 Re: 1.0000 Acc: 1.0000 F1: 1.0000
Epoch 147: Time: 0.3793 Cost: 0.0017 Pre: 1.0000 Re: 1.0000 Acc: 1.0000 F1: 1.0000
Epoch 148: Time: 0.3356 Cost: 0.0017 Pre: 1.0000 Re: 1.0000 Acc: 1.0000 F1: 1.0000
Epoch 149: Time: 0.3172 Cost: 0.0016 Pre: 1.0000 Re: 1.0000 Acc: 1.0000 F1: 1.0000
Epoch 150: Time: 0.2947 Cost: 0.0016 Pre: 1.0000 Re: 1.0000 Acc: 1.0000 F1: 1.0000


--------------------------------------------------------------------
Eval results: Cost:0.0016 Pre:1.0000 Re:1.0000 Acc:1.0000 F1:1.0000
--------------------------------------------------------------------

Epoch 151: Time: 0.2920 Cost: 0.0016 Pre: 1.0000 Re: 1.0000 Acc: 1.0000 F1: 1.0000
Epoch 152: Time: 0.2938 Cost: 0.0015 Pre: 1.0000 Re: 1.0000 Acc: 1.0000 F1: 1.0000
Epoch 153: Time: 0.2921 Cost: 0.0015 Pre: 1.0000 Re: 1.0000 Acc: 1.0000 F1: 1.0000
Epoch 154: Time: 0.2922 Cost: 0.0015 Pre: 1.0000 Re: 1.0000 Acc: 1.0000 F1: 1.0000
Epoch 155: Time: 0.2922 Cost: 0.0015 Pre: 1.0000 Re: 1.0000 Acc: 1.0000 F1: 1.0000
Epoch 156: Time: 0.2957 Cost: 0.0014 Pre: 1.0000 Re: 1.0000 Acc: 1.0000 F1: 1.0000
Epoch 157: Time: 0.2918 Cost: 0.0014 Pre: 1.0000 Re: 1.0000 Acc: 1.0000 F1: 1.0000
Epoch 158: Time: 0.2917 Cost: 0.0014 Pre: 1.0000 Re: 1.0000 Acc: 1.0000 F1: 1.0000
Epoch 159: Time: 0.2900 Cost: 0.0013 Pre: 1.0000 Re: 1.0000 Acc: 1.0000 F1: 1.0000
Epoch 160: Time: 0.2954 Cost: 0.0013 Pre: 1.0000 Re: 1.0000 Acc: 1.0000 F1: 1.0000


--------------------------------------------------------------------
Eval results: Cost:0.0013 Pre:1.0000 Re:1.0000 Acc:1.0000 F1:1.0000
--------------------------------------------------------------------

Early stopping...
--------------------------------------------------------------------
--------------------------------------------------------------------
Test 1996 samples take time: 0.6024
Test results: Cost:0.0010 Pre:1.0000 Re:1.0000 Acc:1.0000 F1:1.0000
--------------------------------------------------------------------

