Load data
RNN type: O2 Grammar: g7 Seed: 10
Model total parameters: 4232
Saving hinit ... 

Epoch 0: Time: 0.6827 Cost: 24.8157 Pre: 0.4942 Re: 0.9902 Acc: 0.5099 F1: 0.6594


--------------------------------------------------------------------
Eval results: Cost:24.4014 Pre:0.4957 Re:0.9446 Acc:0.5655 F1:0.6502
--------------------------------------------------------------------

Epoch 1: Time: 0.6309 Cost: 21.3706 Pre: 0.6204 Re: 0.8890 Acc: 0.6863 F1: 0.7308
Epoch 2: Time: 0.5742 Cost: 15.1713 Pre: 0.7479 Re: 0.8756 Acc: 0.7991 F1: 0.8067
Epoch 3: Time: 0.5527 Cost: 6.6210 Pre: 0.9298 Re: 0.9049 Acc: 0.9217 F1: 0.9172
Epoch 4: Time: 0.5559 Cost: 3.0811 Pre: 0.9790 Re: 0.9671 Acc: 0.9743 F1: 0.9730
Epoch 5: Time: 0.5134 Cost: 1.4951 Pre: 0.9951 Re: 0.9878 Acc: 0.9918 F1: 0.9914
Epoch 6: Time: 0.5048 Cost: 0.7338 Pre: 1.0000 Re: 0.9976 Acc: 0.9988 F1: 0.9988
Epoch 7: Time: 0.5037 Cost: 0.3817 Pre: 1.0000 Re: 0.9988 Acc: 0.9994 F1: 0.9994
Epoch 8: Time: 0.5253 Cost: 0.2358 Pre: 1.0000 Re: 0.9988 Acc: 0.9994 F1: 0.9994
Epoch 9: Time: 0.5443 Cost: 0.1612 Pre: 1.0000 Re: 0.9988 Acc: 0.9994 F1: 0.9994
Epoch 10: Time: 0.6386 Cost: 0.1176 Pre: 1.0000 Re: 0.9988 Acc: 0.9994 F1: 0.9994


--------------------------------------------------------------------
Eval results: Cost:1.1552 Pre:0.9808 Re:0.9967 Acc:0.9903 F1:0.9887
--------------------------------------------------------------------

Epoch 11: Time: 0.5090 Cost: 0.0903 Pre: 1.0000 Re: 0.9988 Acc: 0.9994 F1: 0.9994
Epoch 12: Time: 0.5154 Cost: 0.0737 Pre: 1.0000 Re: 0.9988 Acc: 0.9994 F1: 0.9994
Epoch 13: Time: 0.5040 Cost: 0.0615 Pre: 1.0000 Re: 0.9988 Acc: 0.9994 F1: 0.9994
Epoch 14: Time: 0.5045 Cost: 0.0524 Pre: 1.0000 Re: 0.9988 Acc: 0.9994 F1: 0.9994
Epoch 15: Time: 0.5086 Cost: 0.0455 Pre: 1.0000 Re: 0.9988 Acc: 0.9994 F1: 0.9994
Epoch 16: Time: 0.5048 Cost: 0.0403 Pre: 1.0000 Re: 0.9988 Acc: 0.9994 F1: 0.9994
Epoch 17: Time: 0.5066 Cost: 0.0362 Pre: 1.0000 Re: 0.9988 Acc: 0.9994 F1: 0.9994
Epoch 18: Time: 0.5041 Cost: 0.0328 Pre: 1.0000 Re: 0.9988 Acc: 0.9994 F1: 0.9994
Epoch 19: Time: 0.5485 Cost: 0.0300 Pre: 1.0000 Re: 0.9988 Acc: 0.9994 F1: 0.9994
Epoch 20: Time: 0.5616 Cost: 0.0276 Pre: 1.0000 Re: 0.9988 Acc: 0.9994 F1: 0.9994


--------------------------------------------------------------------
Eval results: Cost:1.3510 Pre:0.9745 Re:0.9967 Acc:0.9875 F1:0.9855
--------------------------------------------------------------------

Epoch 21: Time: 0.5035 Cost: 0.0255 Pre: 1.0000 Re: 0.9988 Acc: 0.9994 F1: 0.9994
Epoch 22: Time: 0.5073 Cost: 0.0240 Pre: 1.0000 Re: 0.9988 Acc: 0.9994 F1: 0.9994
Epoch 23: Time: 0.6145 Cost: 0.0226 Pre: 1.0000 Re: 0.9988 Acc: 0.9994 F1: 0.9994
Epoch 24: Time: 0.5559 Cost: 0.0211 Pre: 1.0000 Re: 0.9988 Acc: 0.9994 F1: 0.9994
Epoch 25: Time: 0.5601 Cost: 0.0196 Pre: 1.0000 Re: 0.9988 Acc: 0.9994 F1: 0.9994
Epoch 26: Time: 0.5788 Cost: 0.0182 Pre: 1.0000 Re: 1.0000 Acc: 1.0000 F1: 1.0000
Epoch 27: Time: 1.9553 Cost: 0.0168 Pre: 1.0000 Re: 1.0000 Acc: 1.0000 F1: 1.0000
Epoch 28: Time: 0.9448 Cost: 0.0155 Pre: 1.0000 Re: 1.0000 Acc: 1.0000 F1: 1.0000
Epoch 29: Time: 0.6798 Cost: 0.0142 Pre: 1.0000 Re: 1.0000 Acc: 1.0000 F1: 1.0000
Epoch 30: Time: 0.5086 Cost: 0.0131 Pre: 1.0000 Re: 1.0000 Acc: 1.0000 F1: 1.0000


--------------------------------------------------------------------
Eval results: Cost:1.2313 Pre:0.9746 Re:1.0000 Acc:0.9889 F1:0.9871
--------------------------------------------------------------------

Epoch 31: Time: 0.5097 Cost: 0.0120 Pre: 1.0000 Re: 1.0000 Acc: 1.0000 F1: 1.0000
Epoch 32: Time: 0.5117 Cost: 0.0112 Pre: 1.0000 Re: 1.0000 Acc: 1.0000 F1: 1.0000
Epoch 33: Time: 0.5112 Cost: 0.0105 Pre: 1.0000 Re: 1.0000 Acc: 1.0000 F1: 1.0000
Epoch 34: Time: 0.5075 Cost: 0.0098 Pre: 1.0000 Re: 1.0000 Acc: 1.0000 F1: 1.0000
Epoch 35: Time: 0.5106 Cost: 0.0090 Pre: 1.0000 Re: 1.0000 Acc: 1.0000 F1: 1.0000
Epoch 36: Time: 0.5049 Cost: 0.0083 Pre: 1.0000 Re: 1.0000 Acc: 1.0000 F1: 1.0000
Epoch 37: Time: 0.5074 Cost: 0.0077 Pre: 1.0000 Re: 1.0000 Acc: 1.0000 F1: 1.0000
Epoch 38: Time: 0.5058 Cost: 0.0070 Pre: 1.0000 Re: 1.0000 Acc: 1.0000 F1: 1.0000
Epoch 39: Time: 0.5325 Cost: 0.0065 Pre: 1.0000 Re: 1.0000 Acc: 1.0000 F1: 1.0000
Epoch 40: Time: 0.5120 Cost: 0.0060 Pre: 1.0000 Re: 1.0000 Acc: 1.0000 F1: 1.0000


--------------------------------------------------------------------
Eval results: Cost:1.1931 Pre:0.9746 Re:1.0000 Acc:0.9889 F1:0.9871
--------------------------------------------------------------------

Epoch 41: Time: 0.5205 Cost: 0.0055 Pre: 1.0000 Re: 1.0000 Acc: 1.0000 F1: 1.0000
Epoch 42: Time: 0.5205 Cost: 0.0052 Pre: 1.0000 Re: 1.0000 Acc: 1.0000 F1: 1.0000
Epoch 43: Time: 0.5071 Cost: 0.0049 Pre: 1.0000 Re: 1.0000 Acc: 1.0000 F1: 1.0000
Epoch 44: Time: 0.5123 Cost: 0.0046 Pre: 1.0000 Re: 1.0000 Acc: 1.0000 F1: 1.0000
Epoch 45: Time: 0.5043 Cost: 0.0043 Pre: 1.0000 Re: 1.0000 Acc: 1.0000 F1: 1.0000
Epoch 46: Time: 0.5049 Cost: 0.0040 Pre: 1.0000 Re: 1.0000 Acc: 1.0000 F1: 1.0000
Epoch 47: Time: 0.5112 Cost: 0.0037 Pre: 1.0000 Re: 1.0000 Acc: 1.0000 F1: 1.0000
Epoch 48: Time: 0.5085 Cost: 0.0035 Pre: 1.0000 Re: 1.0000 Acc: 1.0000 F1: 1.0000
Epoch 49: Time: 0.5065 Cost: 0.0033 Pre: 1.0000 Re: 1.0000 Acc: 1.0000 F1: 1.0000
Epoch 50: Time: 0.5060 Cost: 0.0031 Pre: 1.0000 Re: 1.0000 Acc: 1.0000 F1: 1.0000


--------------------------------------------------------------------
Eval results: Cost:1.1903 Pre:0.9746 Re:1.0000 Acc:0.9889 F1:0.9871
--------------------------------------------------------------------

Epoch 51: Time: 0.5106 Cost: 0.0029 Pre: 1.0000 Re: 1.0000 Acc: 1.0000 F1: 1.0000
Epoch 52: Time: 0.5699 Cost: 0.0028 Pre: 1.0000 Re: 1.0000 Acc: 1.0000 F1: 1.0000
Epoch 53: Time: 0.5021 Cost: 0.0027 Pre: 1.0000 Re: 1.0000 Acc: 1.0000 F1: 1.0000
Epoch 54: Time: 0.5387 Cost: 0.0025 Pre: 1.0000 Re: 1.0000 Acc: 1.0000 F1: 1.0000
Epoch 55: Time: 0.5142 Cost: 0.0024 Pre: 1.0000 Re: 1.0000 Acc: 1.0000 F1: 1.0000
Epoch 56: Time: 0.5057 Cost: 0.0023 Pre: 1.0000 Re: 1.0000 Acc: 1.0000 F1: 1.0000
Epoch 57: Time: 0.5055 Cost: 0.0022 Pre: 1.0000 Re: 1.0000 Acc: 1.0000 F1: 1.0000
Epoch 58: Time: 0.5140 Cost: 0.0021 Pre: 1.0000 Re: 1.0000 Acc: 1.0000 F1: 1.0000
Epoch 59: Time: 0.5453 Cost: 0.0020 Pre: 1.0000 Re: 1.0000 Acc: 1.0000 F1: 1.0000
Epoch 60: Time: 0.5063 Cost: 0.0019 Pre: 1.0000 Re: 1.0000 Acc: 1.0000 F1: 1.0000


--------------------------------------------------------------------
Eval results: Cost:1.1978 Pre:0.9746 Re:1.0000 Acc:0.9889 F1:0.9871
--------------------------------------------------------------------

Epoch 61: Time: 0.5036 Cost: 0.0018 Pre: 1.0000 Re: 1.0000 Acc: 1.0000 F1: 1.0000
Epoch 62: Time: 0.5041 Cost: 0.0018 Pre: 1.0000 Re: 1.0000 Acc: 1.0000 F1: 1.0000
Epoch 63: Time: 0.5053 Cost: 0.0017 Pre: 1.0000 Re: 1.0000 Acc: 1.0000 F1: 1.0000
Epoch 64: Time: 0.5091 Cost: 0.0017 Pre: 1.0000 Re: 1.0000 Acc: 1.0000 F1: 1.0000
Epoch 65: Time: 0.5059 Cost: 0.0016 Pre: 1.0000 Re: 1.0000 Acc: 1.0000 F1: 1.0000
Epoch 66: Time: 0.5085 Cost: 0.0016 Pre: 1.0000 Re: 1.0000 Acc: 1.0000 F1: 1.0000
Epoch 67: Time: 0.5048 Cost: 0.0015 Pre: 1.0000 Re: 1.0000 Acc: 1.0000 F1: 1.0000
Epoch 68: Time: 0.5067 Cost: 0.0015 Pre: 1.0000 Re: 1.0000 Acc: 1.0000 F1: 1.0000
Epoch 69: Time: 0.5029 Cost: 0.0014 Pre: 1.0000 Re: 1.0000 Acc: 1.0000 F1: 1.0000
Epoch 70: Time: 0.5163 Cost: 0.0014 Pre: 1.0000 Re: 1.0000 Acc: 1.0000 F1: 1.0000


--------------------------------------------------------------------
Eval results: Cost:1.2065 Pre:0.9746 Re:1.0000 Acc:0.9889 F1:0.9871
--------------------------------------------------------------------

Epoch 71: Time: 0.5121 Cost: 0.0013 Pre: 1.0000 Re: 1.0000 Acc: 1.0000 F1: 1.0000
Epoch 72: Time: 0.5022 Cost: 0.0013 Pre: 1.0000 Re: 1.0000 Acc: 1.0000 F1: 1.0000
Epoch 73: Time: 0.5022 Cost: 0.0013 Pre: 1.0000 Re: 1.0000 Acc: 1.0000 F1: 1.0000
Epoch 74: Time: 0.5049 Cost: 0.0012 Pre: 1.0000 Re: 1.0000 Acc: 1.0000 F1: 1.0000
Epoch 75: Time: 0.5044 Cost: 0.0012 Pre: 1.0000 Re: 1.0000 Acc: 1.0000 F1: 1.0000
Epoch 76: Time: 0.5081 Cost: 0.0012 Pre: 1.0000 Re: 1.0000 Acc: 1.0000 F1: 1.0000
Epoch 77: Time: 0.5668 Cost: 0.0012 Pre: 1.0000 Re: 1.0000 Acc: 1.0000 F1: 1.0000
Epoch 78: Time: 0.5481 Cost: 0.0011 Pre: 1.0000 Re: 1.0000 Acc: 1.0000 F1: 1.0000
Epoch 79: Time: 0.5392 Cost: 0.0011 Pre: 1.0000 Re: 1.0000 Acc: 1.0000 F1: 1.0000
Epoch 80: Time: 0.5083 Cost: 0.0011 Pre: 1.0000 Re: 1.0000 Acc: 1.0000 F1: 1.0000


--------------------------------------------------------------------
Eval results: Cost:1.2141 Pre:0.9746 Re:1.0000 Acc:0.9889 F1:0.9871
--------------------------------------------------------------------

Epoch 81: Time: 0.5066 Cost: 0.0010 Pre: 1.0000 Re: 1.0000 Acc: 1.0000 F1: 1.0000
Epoch 82: Time: 0.5147 Cost: 0.0010 Pre: 1.0000 Re: 1.0000 Acc: 1.0000 F1: 1.0000
Epoch 83: Time: 0.5212 Cost: 0.0010 Pre: 1.0000 Re: 1.0000 Acc: 1.0000 F1: 1.0000
Epoch 84: Time: 0.5057 Cost: 0.0010 Pre: 1.0000 Re: 1.0000 Acc: 1.0000 F1: 1.0000
Epoch 85: Time: 0.5035 Cost: 0.0010 Pre: 1.0000 Re: 1.0000 Acc: 1.0000 F1: 1.0000
Epoch 86: Time: 0.5055 Cost: 0.0010 Pre: 1.0000 Re: 1.0000 Acc: 1.0000 F1: 1.0000
Epoch 87: Time: 0.5071 Cost: 0.0009 Pre: 1.0000 Re: 1.0000 Acc: 1.0000 F1: 1.0000
Epoch 88: Time: 0.5148 Cost: 0.0009 Pre: 1.0000 Re: 1.0000 Acc: 1.0000 F1: 1.0000
Epoch 89: Time: 0.5016 Cost: 0.0009 Pre: 1.0000 Re: 1.0000 Acc: 1.0000 F1: 1.0000
Epoch 90: Time: 0.5030 Cost: 0.0009 Pre: 1.0000 Re: 1.0000 Acc: 1.0000 F1: 1.0000


--------------------------------------------------------------------
Eval results: Cost:1.2206 Pre:0.9746 Re:1.0000 Acc:0.9889 F1:0.9871
--------------------------------------------------------------------

Epoch 91: Time: 0.5077 Cost: 0.0009 Pre: 1.0000 Re: 1.0000 Acc: 1.0000 F1: 1.0000
Epoch 92: Time: 0.5041 Cost: 0.0008 Pre: 1.0000 Re: 1.0000 Acc: 1.0000 F1: 1.0000
Epoch 93: Time: 0.5044 Cost: 0.0008 Pre: 1.0000 Re: 1.0000 Acc: 1.0000 F1: 1.0000
Epoch 94: Time: 0.5024 Cost: 0.0008 Pre: 1.0000 Re: 1.0000 Acc: 1.0000 F1: 1.0000
Epoch 95: Time: 0.5030 Cost: 0.0008 Pre: 1.0000 Re: 1.0000 Acc: 1.0000 F1: 1.0000
Epoch 96: Time: 0.5055 Cost: 0.0008 Pre: 1.0000 Re: 1.0000 Acc: 1.0000 F1: 1.0000
Epoch 97: Time: 0.5056 Cost: 0.0008 Pre: 1.0000 Re: 1.0000 Acc: 1.0000 F1: 1.0000
Epoch 98: Time: 0.5044 Cost: 0.0008 Pre: 1.0000 Re: 1.0000 Acc: 1.0000 F1: 1.0000
Epoch 99: Time: 0.5071 Cost: 0.0008 Pre: 1.0000 Re: 1.0000 Acc: 1.0000 F1: 1.0000
Epoch 100: Time: 0.5056 Cost: 0.0007 Pre: 1.0000 Re: 1.0000 Acc: 1.0000 F1: 1.0000


--------------------------------------------------------------------
Eval results: Cost:1.2260 Pre:0.9746 Re:1.0000 Acc:0.9889 F1:0.9871
--------------------------------------------------------------------

Epoch 101: Time: 0.5066 Cost: 0.0007 Pre: 1.0000 Re: 1.0000 Acc: 1.0000 F1: 1.0000
Epoch 102: Time: 0.5049 Cost: 0.0007 Pre: 1.0000 Re: 1.0000 Acc: 1.0000 F1: 1.0000
Epoch 103: Time: 0.5129 Cost: 0.0007 Pre: 1.0000 Re: 1.0000 Acc: 1.0000 F1: 1.0000
Epoch 104: Time: 0.5049 Cost: 0.0007 Pre: 1.0000 Re: 1.0000 Acc: 1.0000 F1: 1.0000
Epoch 105: Time: 0.5157 Cost: 0.0007 Pre: 1.0000 Re: 1.0000 Acc: 1.0000 F1: 1.0000
Epoch 106: Time: 0.5059 Cost: 0.0007 Pre: 1.0000 Re: 1.0000 Acc: 1.0000 F1: 1.0000
Epoch 107: Time: 0.5043 Cost: 0.0007 Pre: 1.0000 Re: 1.0000 Acc: 1.0000 F1: 1.0000
Epoch 108: Time: 0.5031 Cost: 0.0007 Pre: 1.0000 Re: 1.0000 Acc: 1.0000 F1: 1.0000
Epoch 109: Time: 0.5024 Cost: 0.0006 Pre: 1.0000 Re: 1.0000 Acc: 1.0000 F1: 1.0000
Epoch 110: Time: 0.5017 Cost: 0.0006 Pre: 1.0000 Re: 1.0000 Acc: 1.0000 F1: 1.0000


--------------------------------------------------------------------
Eval results: Cost:1.2305 Pre:0.9746 Re:1.0000 Acc:0.9889 F1:0.9871
--------------------------------------------------------------------

Epoch 111: Time: 0.5043 Cost: 0.0006 Pre: 1.0000 Re: 1.0000 Acc: 1.0000 F1: 1.0000
Epoch 112: Time: 0.5024 Cost: 0.0006 Pre: 1.0000 Re: 1.0000 Acc: 1.0000 F1: 1.0000
Epoch 113: Time: 0.5050 Cost: 0.0006 Pre: 1.0000 Re: 1.0000 Acc: 1.0000 F1: 1.0000
Epoch 114: Time: 0.5045 Cost: 0.0006 Pre: 1.0000 Re: 1.0000 Acc: 1.0000 F1: 1.0000
Epoch 115: Time: 0.5083 Cost: 0.0006 Pre: 1.0000 Re: 1.0000 Acc: 1.0000 F1: 1.0000
Epoch 116: Time: 0.5057 Cost: 0.0006 Pre: 1.0000 Re: 1.0000 Acc: 1.0000 F1: 1.0000
Epoch 117: Time: 0.5068 Cost: 0.0006 Pre: 1.0000 Re: 1.0000 Acc: 1.0000 F1: 1.0000
Epoch 118: Time: 0.5140 Cost: 0.0006 Pre: 1.0000 Re: 1.0000 Acc: 1.0000 F1: 1.0000
Epoch 119: Time: 0.5038 Cost: 0.0006 Pre: 1.0000 Re: 1.0000 Acc: 1.0000 F1: 1.0000
Epoch 120: Time: 0.5041 Cost: 0.0006 Pre: 1.0000 Re: 1.0000 Acc: 1.0000 F1: 1.0000


--------------------------------------------------------------------
Eval results: Cost:1.2344 Pre:0.9746 Re:1.0000 Acc:0.9889 F1:0.9871
--------------------------------------------------------------------

Early stopping...
--------------------------------------------------------------------
--------------------------------------------------------------------
Test 1996 samples take time: 1.0664
FP id:
[   2   41   66  152  198  342  392  584  649  651  664  803  859  921  984
 1000 1009 1038 1093 1144 1162 1167 1224 1225 1228 1241 1587 1856 1964]
Test results: Cost:1.4061 Pre:0.9671 Re:1.0000 Acc:0.9855 F1:0.9833
--------------------------------------------------------------------

