Load data
RNN type: O2 Grammar: g7 Seed: 9
Model total parameters: 4232
Saving hinit ... 

Epoch 0: Time: 0.6088 Cost: 24.2061 Pre: 0.5326 Re: 0.8366 Acc: 0.5701 F1: 0.6509


--------------------------------------------------------------------
Eval results: Cost:22.7902 Pre:0.5539 Re:0.7362 Acc:0.6337 F1:0.6322
--------------------------------------------------------------------

Epoch 1: Time: 0.5253 Cost: 21.6493 Pre: 0.6048 Re: 0.7073 Acc: 0.6384 F1: 0.6521
Epoch 2: Time: 0.5938 Cost: 20.8665 Pre: 0.7369 Re: 0.4988 Acc: 0.6746 F1: 0.5949
Epoch 3: Time: 0.8147 Cost: 20.6168 Pre: 0.7369 Re: 0.4988 Acc: 0.6746 F1: 0.5949
Epoch 4: Time: 0.5716 Cost: 20.4957 Pre: 0.7369 Re: 0.4988 Acc: 0.6746 F1: 0.5949
Epoch 5: Time: 0.5524 Cost: 20.3854 Pre: 0.7369 Re: 0.4988 Acc: 0.6746 F1: 0.5949
Epoch 6: Time: 0.5219 Cost: 20.2698 Pre: 0.7369 Re: 0.4988 Acc: 0.6746 F1: 0.5949
Epoch 7: Time: 0.4670 Cost: 20.1441 Pre: 0.7369 Re: 0.4988 Acc: 0.6746 F1: 0.5949
Epoch 8: Time: 0.4635 Cost: 20.0028 Pre: 0.7369 Re: 0.4988 Acc: 0.6746 F1: 0.5949
Epoch 9: Time: 0.4643 Cost: 19.8405 Pre: 0.7202 Re: 0.5305 Acc: 0.6764 F1: 0.6110
Epoch 10: Time: 0.4655 Cost: 19.6528 Pre: 0.6941 Re: 0.6585 Acc: 0.6974 F1: 0.6758


--------------------------------------------------------------------
Eval results: Cost:20.3556 Pre:0.6054 Re:0.6547 Acc:0.6699 F1:0.6291
--------------------------------------------------------------------

Epoch 11: Time: 0.4659 Cost: 19.4391 Pre: 0.6941 Re: 0.6585 Acc: 0.6974 F1: 0.6758
Epoch 12: Time: 0.4680 Cost: 19.2040 Pre: 0.6931 Re: 0.6610 Acc: 0.6974 F1: 0.6767
Epoch 13: Time: 0.4632 Cost: 18.9324 Pre: 0.6919 Re: 0.7695 Acc: 0.7255 F1: 0.7286
Epoch 14: Time: 0.4676 Cost: 18.6166 Pre: 0.6926 Re: 0.7720 Acc: 0.7266 F1: 0.7301
Epoch 15: Time: 0.4637 Cost: 18.2410 Pre: 0.6926 Re: 0.7720 Acc: 0.7266 F1: 0.7301
Epoch 16: Time: 0.4662 Cost: 17.7689 Pre: 0.7036 Re: 0.7671 Acc: 0.7336 F1: 0.7340
Epoch 17: Time: 0.4655 Cost: 17.1248 Pre: 0.7276 Re: 0.7720 Acc: 0.7523 F1: 0.7491
Epoch 18: Time: 0.4673 Cost: 16.1713 Pre: 0.7538 Re: 0.7768 Acc: 0.7716 F1: 0.7652
Epoch 19: Time: 0.4687 Cost: 14.7423 Pre: 0.7817 Re: 0.7817 Acc: 0.7909 F1: 0.7817
Epoch 20: Time: 0.4684 Cost: 12.9919 Pre: 0.8212 Re: 0.8402 Acc: 0.8359 F1: 0.8306


--------------------------------------------------------------------
Eval results: Cost:12.5558 Pre:0.7939 Re:0.8534 Acc:0.8426 F1:0.8226
--------------------------------------------------------------------

Epoch 21: Time: 0.4628 Cost: 11.5927 Pre: 0.8523 Re: 0.8512 Acc: 0.8581 F1: 0.8517
Epoch 22: Time: 0.4657 Cost: 10.6443 Pre: 0.8643 Re: 0.8622 Acc: 0.8692 F1: 0.8632
Epoch 23: Time: 0.4658 Cost: 9.8680 Pre: 0.8778 Re: 0.8756 Acc: 0.8820 F1: 0.8767
Epoch 24: Time: 0.4637 Cost: 9.1650 Pre: 0.8947 Re: 0.8805 Acc: 0.8931 F1: 0.8875
Epoch 25: Time: 0.4704 Cost: 8.4618 Pre: 0.9057 Re: 0.8902 Acc: 0.9030 F1: 0.8979
Epoch 26: Time: 0.4633 Cost: 7.7070 Pre: 0.9198 Re: 0.9085 Acc: 0.9182 F1: 0.9141
Epoch 27: Time: 0.4686 Cost: 6.8975 Pre: 0.9315 Re: 0.9293 Acc: 0.9334 F1: 0.9304
Epoch 28: Time: 0.4638 Cost: 6.0844 Pre: 0.9566 Re: 0.9402 Acc: 0.9509 F1: 0.9483
Epoch 29: Time: 0.4675 Cost: 5.3199 Pre: 0.9656 Re: 0.9573 Acc: 0.9632 F1: 0.9614
Epoch 30: Time: 0.4633 Cost: 4.7252 Pre: 0.9708 Re: 0.9732 Acc: 0.9731 F1: 0.9720


--------------------------------------------------------------------
Eval results: Cost:4.0927 Pre:0.9527 Re:0.9837 Acc:0.9721 F1:0.9679
--------------------------------------------------------------------

Epoch 31: Time: 0.4661 Cost: 4.3062 Pre: 0.9676 Re: 0.9829 Acc: 0.9761 F1: 0.9752
Epoch 32: Time: 0.4657 Cost: 3.9738 Pre: 0.9711 Re: 0.9829 Acc: 0.9778 F1: 0.9770
Epoch 33: Time: 0.4673 Cost: 3.6803 Pre: 0.9735 Re: 0.9841 Acc: 0.9796 F1: 0.9788
Epoch 34: Time: 0.4691 Cost: 3.4045 Pre: 0.9747 Re: 0.9878 Acc: 0.9819 F1: 0.9812
Epoch 35: Time: 0.4674 Cost: 3.1261 Pre: 0.9795 Re: 0.9915 Acc: 0.9860 F1: 0.9855
Epoch 36: Time: 0.4651 Cost: 2.8569 Pre: 0.9831 Re: 0.9927 Acc: 0.9883 F1: 0.9879
Epoch 37: Time: 0.4694 Cost: 2.5985 Pre: 0.9843 Re: 0.9951 Acc: 0.9901 F1: 0.9897
Epoch 38: Time: 0.4636 Cost: 2.3510 Pre: 0.9879 Re: 0.9976 Acc: 0.9930 F1: 0.9927
Epoch 39: Time: 0.4693 Cost: 2.1145 Pre: 0.9879 Re: 0.9988 Acc: 0.9936 F1: 0.9933
Epoch 40: Time: 0.4643 Cost: 1.8899 Pre: 0.9903 Re: 1.0000 Acc: 0.9953 F1: 0.9951


--------------------------------------------------------------------
Eval results: Cost:1.5889 Pre:0.9935 Re:1.0000 Acc:0.9972 F1:0.9968
--------------------------------------------------------------------

Epoch 41: Time: 0.4662 Cost: 1.6775 Pre: 0.9927 Re: 1.0000 Acc: 0.9965 F1: 0.9964
Epoch 42: Time: 0.4872 Cost: 1.4760 Pre: 0.9951 Re: 1.0000 Acc: 0.9977 F1: 0.9976
Epoch 43: Time: 0.4658 Cost: 1.2953 Pre: 0.9951 Re: 1.0000 Acc: 0.9977 F1: 0.9976
Epoch 44: Time: 0.4627 Cost: 1.1354 Pre: 0.9976 Re: 1.0000 Acc: 0.9988 F1: 0.9988
Epoch 45: Time: 0.4663 Cost: 0.9943 Pre: 0.9976 Re: 1.0000 Acc: 0.9988 F1: 0.9988
Epoch 46: Time: 0.4643 Cost: 0.8704 Pre: 0.9976 Re: 1.0000 Acc: 0.9988 F1: 0.9988
Epoch 47: Time: 0.4671 Cost: 0.7623 Pre: 0.9976 Re: 1.0000 Acc: 0.9988 F1: 0.9988
Epoch 48: Time: 0.4681 Cost: 0.6684 Pre: 0.9988 Re: 1.0000 Acc: 0.9994 F1: 0.9994
Epoch 49: Time: 0.4647 Cost: 0.5864 Pre: 0.9988 Re: 1.0000 Acc: 0.9994 F1: 0.9994
Epoch 50: Time: 0.4943 Cost: 0.5146 Pre: 0.9988 Re: 1.0000 Acc: 0.9994 F1: 0.9994


--------------------------------------------------------------------
Eval results: Cost:0.4547 Pre:0.9968 Re:1.0000 Acc:0.9986 F1:0.9984
--------------------------------------------------------------------

Epoch 51: Time: 0.4830 Cost: 0.4529 Pre: 0.9988 Re: 1.0000 Acc: 0.9994 F1: 0.9994
Epoch 52: Time: 0.4659 Cost: 0.3958 Pre: 0.9988 Re: 1.0000 Acc: 0.9994 F1: 0.9994
Epoch 53: Time: 0.4703 Cost: 0.3459 Pre: 0.9988 Re: 1.0000 Acc: 0.9994 F1: 0.9994
Epoch 54: Time: 0.4662 Cost: 0.3035 Pre: 0.9988 Re: 1.0000 Acc: 0.9994 F1: 0.9994
Epoch 55: Time: 0.4669 Cost: 0.2667 Pre: 1.0000 Re: 1.0000 Acc: 1.0000 F1: 1.0000
Epoch 56: Time: 0.4649 Cost: 0.2345 Pre: 1.0000 Re: 1.0000 Acc: 1.0000 F1: 1.0000
Epoch 57: Time: 0.4677 Cost: 0.2064 Pre: 1.0000 Re: 1.0000 Acc: 1.0000 F1: 1.0000
Epoch 58: Time: 0.4704 Cost: 0.1819 Pre: 1.0000 Re: 1.0000 Acc: 1.0000 F1: 1.0000
Epoch 59: Time: 0.4709 Cost: 0.1604 Pre: 1.0000 Re: 1.0000 Acc: 1.0000 F1: 1.0000
Epoch 60: Time: 0.4649 Cost: 0.1416 Pre: 1.0000 Re: 1.0000 Acc: 1.0000 F1: 1.0000


--------------------------------------------------------------------
Eval results: Cost:0.1553 Pre:0.9968 Re:1.0000 Acc:0.9986 F1:0.9984
--------------------------------------------------------------------

Epoch 61: Time: 0.4655 Cost: 0.1240 Pre: 1.0000 Re: 1.0000 Acc: 1.0000 F1: 1.0000
Epoch 62: Time: 0.4676 Cost: 0.1117 Pre: 1.0000 Re: 1.0000 Acc: 1.0000 F1: 1.0000
Epoch 63: Time: 0.4671 Cost: 0.0993 Pre: 1.0000 Re: 1.0000 Acc: 1.0000 F1: 1.0000
Epoch 64: Time: 0.5386 Cost: 0.0884 Pre: 1.0000 Re: 1.0000 Acc: 1.0000 F1: 1.0000
Epoch 65: Time: 0.5152 Cost: 0.0783 Pre: 1.0000 Re: 1.0000 Acc: 1.0000 F1: 1.0000
Epoch 66: Time: 0.4636 Cost: 0.0698 Pre: 1.0000 Re: 1.0000 Acc: 1.0000 F1: 1.0000
Epoch 67: Time: 0.4671 Cost: 0.0619 Pre: 1.0000 Re: 1.0000 Acc: 1.0000 F1: 1.0000
Epoch 68: Time: 0.4624 Cost: 0.0554 Pre: 1.0000 Re: 1.0000 Acc: 1.0000 F1: 1.0000
Epoch 69: Time: 0.4658 Cost: 0.0494 Pre: 1.0000 Re: 1.0000 Acc: 1.0000 F1: 1.0000
Epoch 70: Time: 0.4617 Cost: 0.0443 Pre: 1.0000 Re: 1.0000 Acc: 1.0000 F1: 1.0000


--------------------------------------------------------------------
Eval results: Cost:0.0583 Pre:1.0000 Re:1.0000 Acc:1.0000 F1:1.0000
--------------------------------------------------------------------

Epoch 71: Time: 0.4678 Cost: 0.0390 Pre: 1.0000 Re: 1.0000 Acc: 1.0000 F1: 1.0000
Epoch 72: Time: 0.4638 Cost: 0.0362 Pre: 1.0000 Re: 1.0000 Acc: 1.0000 F1: 1.0000
Epoch 73: Time: 0.4630 Cost: 0.0333 Pre: 1.0000 Re: 1.0000 Acc: 1.0000 F1: 1.0000
Epoch 74: Time: 0.4667 Cost: 0.0307 Pre: 1.0000 Re: 1.0000 Acc: 1.0000 F1: 1.0000
Epoch 75: Time: 0.4636 Cost: 0.0280 Pre: 1.0000 Re: 1.0000 Acc: 1.0000 F1: 1.0000
Epoch 76: Time: 0.4670 Cost: 0.0256 Pre: 1.0000 Re: 1.0000 Acc: 1.0000 F1: 1.0000
Epoch 77: Time: 0.4662 Cost: 0.0234 Pre: 1.0000 Re: 1.0000 Acc: 1.0000 F1: 1.0000
Epoch 78: Time: 0.4677 Cost: 0.0215 Pre: 1.0000 Re: 1.0000 Acc: 1.0000 F1: 1.0000
Epoch 79: Time: 0.4667 Cost: 0.0198 Pre: 1.0000 Re: 1.0000 Acc: 1.0000 F1: 1.0000
Epoch 80: Time: 0.4670 Cost: 0.0184 Pre: 1.0000 Re: 1.0000 Acc: 1.0000 F1: 1.0000


--------------------------------------------------------------------
Eval results: Cost:0.0245 Pre:1.0000 Re:1.0000 Acc:1.0000 F1:1.0000
--------------------------------------------------------------------

Epoch 81: Time: 0.4638 Cost: 0.0168 Pre: 1.0000 Re: 1.0000 Acc: 1.0000 F1: 1.0000
Epoch 82: Time: 0.4672 Cost: 0.0160 Pre: 1.0000 Re: 1.0000 Acc: 1.0000 F1: 1.0000
Epoch 83: Time: 0.4633 Cost: 0.0151 Pre: 1.0000 Re: 1.0000 Acc: 1.0000 F1: 1.0000
Epoch 84: Time: 0.4678 Cost: 0.0142 Pre: 1.0000 Re: 1.0000 Acc: 1.0000 F1: 1.0000
Epoch 85: Time: 0.4659 Cost: 0.0134 Pre: 1.0000 Re: 1.0000 Acc: 1.0000 F1: 1.0000
Epoch 86: Time: 0.4660 Cost: 0.0127 Pre: 1.0000 Re: 1.0000 Acc: 1.0000 F1: 1.0000
Epoch 87: Time: 0.4681 Cost: 0.0120 Pre: 1.0000 Re: 1.0000 Acc: 1.0000 F1: 1.0000
Epoch 88: Time: 0.4667 Cost: 0.0114 Pre: 1.0000 Re: 1.0000 Acc: 1.0000 F1: 1.0000
Epoch 89: Time: 0.4666 Cost: 0.0108 Pre: 1.0000 Re: 1.0000 Acc: 1.0000 F1: 1.0000
Epoch 90: Time: 0.4670 Cost: 0.0103 Pre: 1.0000 Re: 1.0000 Acc: 1.0000 F1: 1.0000


--------------------------------------------------------------------
Eval results: Cost:0.0133 Pre:1.0000 Re:1.0000 Acc:1.0000 F1:1.0000
--------------------------------------------------------------------

Epoch 91: Time: 0.4657 Cost: 0.0097 Pre: 1.0000 Re: 1.0000 Acc: 1.0000 F1: 1.0000
Epoch 92: Time: 0.4634 Cost: 0.0094 Pre: 1.0000 Re: 1.0000 Acc: 1.0000 F1: 1.0000
Epoch 93: Time: 0.4664 Cost: 0.0090 Pre: 1.0000 Re: 1.0000 Acc: 1.0000 F1: 1.0000
Epoch 94: Time: 0.4670 Cost: 0.0087 Pre: 1.0000 Re: 1.0000 Acc: 1.0000 F1: 1.0000
Epoch 95: Time: 0.4665 Cost: 0.0083 Pre: 1.0000 Re: 1.0000 Acc: 1.0000 F1: 1.0000
Epoch 96: Time: 0.4642 Cost: 0.0080 Pre: 1.0000 Re: 1.0000 Acc: 1.0000 F1: 1.0000
Epoch 97: Time: 0.4687 Cost: 0.0077 Pre: 1.0000 Re: 1.0000 Acc: 1.0000 F1: 1.0000
Epoch 98: Time: 0.4635 Cost: 0.0074 Pre: 1.0000 Re: 1.0000 Acc: 1.0000 F1: 1.0000
Epoch 99: Time: 0.4670 Cost: 0.0072 Pre: 1.0000 Re: 1.0000 Acc: 1.0000 F1: 1.0000
Epoch 100: Time: 0.4634 Cost: 0.0069 Pre: 1.0000 Re: 1.0000 Acc: 1.0000 F1: 1.0000


--------------------------------------------------------------------
Eval results: Cost:0.0090 Pre:1.0000 Re:1.0000 Acc:1.0000 F1:1.0000
--------------------------------------------------------------------

Epoch 101: Time: 0.4674 Cost: 0.0067 Pre: 1.0000 Re: 1.0000 Acc: 1.0000 F1: 1.0000
Epoch 102: Time: 0.4659 Cost: 0.0065 Pre: 1.0000 Re: 1.0000 Acc: 1.0000 F1: 1.0000
Epoch 103: Time: 0.4662 Cost: 0.0063 Pre: 1.0000 Re: 1.0000 Acc: 1.0000 F1: 1.0000
Epoch 104: Time: 0.4619 Cost: 0.0062 Pre: 1.0000 Re: 1.0000 Acc: 1.0000 F1: 1.0000
Epoch 105: Time: 0.4646 Cost: 0.0060 Pre: 1.0000 Re: 1.0000 Acc: 1.0000 F1: 1.0000
Epoch 106: Time: 0.4630 Cost: 0.0058 Pre: 1.0000 Re: 1.0000 Acc: 1.0000 F1: 1.0000
Epoch 107: Time: 0.4660 Cost: 0.0056 Pre: 1.0000 Re: 1.0000 Acc: 1.0000 F1: 1.0000
Epoch 108: Time: 0.4667 Cost: 0.0055 Pre: 1.0000 Re: 1.0000 Acc: 1.0000 F1: 1.0000
Epoch 109: Time: 0.4643 Cost: 0.0053 Pre: 1.0000 Re: 1.0000 Acc: 1.0000 F1: 1.0000
Epoch 110: Time: 0.4658 Cost: 0.0052 Pre: 1.0000 Re: 1.0000 Acc: 1.0000 F1: 1.0000


--------------------------------------------------------------------
Eval results: Cost:0.0071 Pre:1.0000 Re:1.0000 Acc:1.0000 F1:1.0000
--------------------------------------------------------------------

Epoch 111: Time: 0.4646 Cost: 0.0051 Pre: 1.0000 Re: 1.0000 Acc: 1.0000 F1: 1.0000
Epoch 112: Time: 0.4811 Cost: 0.0050 Pre: 1.0000 Re: 1.0000 Acc: 1.0000 F1: 1.0000
Epoch 113: Time: 0.4665 Cost: 0.0048 Pre: 1.0000 Re: 1.0000 Acc: 1.0000 F1: 1.0000
Epoch 114: Time: 0.4678 Cost: 0.0047 Pre: 1.0000 Re: 1.0000 Acc: 1.0000 F1: 1.0000
Epoch 115: Time: 0.5553 Cost: 0.0046 Pre: 1.0000 Re: 1.0000 Acc: 1.0000 F1: 1.0000
Epoch 116: Time: 0.4846 Cost: 0.0045 Pre: 1.0000 Re: 1.0000 Acc: 1.0000 F1: 1.0000
Epoch 117: Time: 0.4651 Cost: 0.0044 Pre: 1.0000 Re: 1.0000 Acc: 1.0000 F1: 1.0000
Epoch 118: Time: 0.4706 Cost: 0.0043 Pre: 1.0000 Re: 1.0000 Acc: 1.0000 F1: 1.0000
Epoch 119: Time: 0.4668 Cost: 0.0042 Pre: 1.0000 Re: 1.0000 Acc: 1.0000 F1: 1.0000
Epoch 120: Time: 0.4693 Cost: 0.0041 Pre: 1.0000 Re: 1.0000 Acc: 1.0000 F1: 1.0000


--------------------------------------------------------------------
Eval results: Cost:0.0050 Pre:1.0000 Re:1.0000 Acc:1.0000 F1:1.0000
--------------------------------------------------------------------

Epoch 121: Time: 0.4631 Cost: 0.0041 Pre: 1.0000 Re: 1.0000 Acc: 1.0000 F1: 1.0000
Epoch 122: Time: 0.4695 Cost: 0.0040 Pre: 1.0000 Re: 1.0000 Acc: 1.0000 F1: 1.0000
Epoch 123: Time: 0.4650 Cost: 0.0039 Pre: 1.0000 Re: 1.0000 Acc: 1.0000 F1: 1.0000
Epoch 124: Time: 0.4687 Cost: 0.0038 Pre: 1.0000 Re: 1.0000 Acc: 1.0000 F1: 1.0000
Epoch 125: Time: 0.4655 Cost: 0.0038 Pre: 1.0000 Re: 1.0000 Acc: 1.0000 F1: 1.0000
Epoch 126: Time: 0.4658 Cost: 0.0037 Pre: 1.0000 Re: 1.0000 Acc: 1.0000 F1: 1.0000
Epoch 127: Time: 0.4661 Cost: 0.0036 Pre: 1.0000 Re: 1.0000 Acc: 1.0000 F1: 1.0000
Epoch 128: Time: 0.4662 Cost: 0.0036 Pre: 1.0000 Re: 1.0000 Acc: 1.0000 F1: 1.0000
Epoch 129: Time: 0.4638 Cost: 0.0035 Pre: 1.0000 Re: 1.0000 Acc: 1.0000 F1: 1.0000
Epoch 130: Time: 0.4634 Cost: 0.0034 Pre: 1.0000 Re: 1.0000 Acc: 1.0000 F1: 1.0000


--------------------------------------------------------------------
Eval results: Cost:0.0037 Pre:1.0000 Re:1.0000 Acc:1.0000 F1:1.0000
--------------------------------------------------------------------

Epoch 131: Time: 0.4664 Cost: 0.0034 Pre: 1.0000 Re: 1.0000 Acc: 1.0000 F1: 1.0000
Epoch 132: Time: 0.4626 Cost: 0.0033 Pre: 1.0000 Re: 1.0000 Acc: 1.0000 F1: 1.0000
Epoch 133: Time: 0.4675 Cost: 0.0032 Pre: 1.0000 Re: 1.0000 Acc: 1.0000 F1: 1.0000
Epoch 134: Time: 0.4655 Cost: 0.0032 Pre: 1.0000 Re: 1.0000 Acc: 1.0000 F1: 1.0000
Epoch 135: Time: 0.4657 Cost: 0.0031 Pre: 1.0000 Re: 1.0000 Acc: 1.0000 F1: 1.0000
Epoch 136: Time: 0.4731 Cost: 0.0031 Pre: 1.0000 Re: 1.0000 Acc: 1.0000 F1: 1.0000
Epoch 137: Time: 0.4670 Cost: 0.0030 Pre: 1.0000 Re: 1.0000 Acc: 1.0000 F1: 1.0000
Epoch 138: Time: 0.4649 Cost: 0.0030 Pre: 1.0000 Re: 1.0000 Acc: 1.0000 F1: 1.0000
Epoch 139: Time: 0.4680 Cost: 0.0029 Pre: 1.0000 Re: 1.0000 Acc: 1.0000 F1: 1.0000
Epoch 140: Time: 0.4647 Cost: 0.0029 Pre: 1.0000 Re: 1.0000 Acc: 1.0000 F1: 1.0000


--------------------------------------------------------------------
Eval results: Cost:0.0031 Pre:1.0000 Re:1.0000 Acc:1.0000 F1:1.0000
--------------------------------------------------------------------

Epoch 141: Time: 0.4654 Cost: 0.0029 Pre: 1.0000 Re: 1.0000 Acc: 1.0000 F1: 1.0000
Epoch 142: Time: 0.4672 Cost: 0.0028 Pre: 1.0000 Re: 1.0000 Acc: 1.0000 F1: 1.0000
Epoch 143: Time: 0.4653 Cost: 0.0028 Pre: 1.0000 Re: 1.0000 Acc: 1.0000 F1: 1.0000
Epoch 144: Time: 0.4637 Cost: 0.0027 Pre: 1.0000 Re: 1.0000 Acc: 1.0000 F1: 1.0000
Epoch 145: Time: 0.4628 Cost: 0.0027 Pre: 1.0000 Re: 1.0000 Acc: 1.0000 F1: 1.0000
Epoch 146: Time: 0.4660 Cost: 0.0027 Pre: 1.0000 Re: 1.0000 Acc: 1.0000 F1: 1.0000
Epoch 147: Time: 0.4671 Cost: 0.0026 Pre: 1.0000 Re: 1.0000 Acc: 1.0000 F1: 1.0000
Epoch 148: Time: 0.4661 Cost: 0.0026 Pre: 1.0000 Re: 1.0000 Acc: 1.0000 F1: 1.0000
Epoch 149: Time: 0.4663 Cost: 0.0025 Pre: 1.0000 Re: 1.0000 Acc: 1.0000 F1: 1.0000
Epoch 150: Time: 0.4650 Cost: 0.0025 Pre: 1.0000 Re: 1.0000 Acc: 1.0000 F1: 1.0000


--------------------------------------------------------------------
Eval results: Cost:0.0027 Pre:1.0000 Re:1.0000 Acc:1.0000 F1:1.0000
--------------------------------------------------------------------

Epoch 151: Time: 0.4655 Cost: 0.0025 Pre: 1.0000 Re: 1.0000 Acc: 1.0000 F1: 1.0000
Epoch 152: Time: 0.4657 Cost: 0.0025 Pre: 1.0000 Re: 1.0000 Acc: 1.0000 F1: 1.0000
Epoch 153: Time: 0.4646 Cost: 0.0024 Pre: 1.0000 Re: 1.0000 Acc: 1.0000 F1: 1.0000
Epoch 154: Time: 0.4659 Cost: 0.0024 Pre: 1.0000 Re: 1.0000 Acc: 1.0000 F1: 1.0000
Epoch 155: Time: 0.4683 Cost: 0.0024 Pre: 1.0000 Re: 1.0000 Acc: 1.0000 F1: 1.0000
Epoch 156: Time: 0.4675 Cost: 0.0023 Pre: 1.0000 Re: 1.0000 Acc: 1.0000 F1: 1.0000
Epoch 157: Time: 0.4658 Cost: 0.0023 Pre: 1.0000 Re: 1.0000 Acc: 1.0000 F1: 1.0000
Epoch 158: Time: 0.4657 Cost: 0.0023 Pre: 1.0000 Re: 1.0000 Acc: 1.0000 F1: 1.0000
Epoch 159: Time: 0.4674 Cost: 0.0022 Pre: 1.0000 Re: 1.0000 Acc: 1.0000 F1: 1.0000
Epoch 160: Time: 0.4651 Cost: 0.0022 Pre: 1.0000 Re: 1.0000 Acc: 1.0000 F1: 1.0000


--------------------------------------------------------------------
Eval results: Cost:0.0024 Pre:1.0000 Re:1.0000 Acc:1.0000 F1:1.0000
--------------------------------------------------------------------

Early stopping...
--------------------------------------------------------------------
--------------------------------------------------------------------
Test 1996 samples take time: 1.1174
Test results: Cost:0.0025 Pre:1.0000 Re:1.0000 Acc:1.0000 F1:1.0000
--------------------------------------------------------------------

