Load data
RNN type: UNI Grammar: g7 Seed: 7
Model total parameters: 4218
Saving hinit ... 

Epoch 0: Time: 0.4650 Cost: 24.0098 Pre: 0.6044 Re: 0.7098 Acc: 0.6384 F1: 0.6528


--------------------------------------------------------------------
Eval results: Cost:22.7651 Pre:0.5539 Re:0.7362 Acc:0.6337 F1:0.6322
--------------------------------------------------------------------

Epoch 1: Time: 0.4332 Cost: 22.6503 Pre: 0.6044 Re: 0.7098 Acc: 0.6384 F1: 0.6528
Epoch 2: Time: 0.4215 Cost: 22.1397 Pre: 0.6044 Re: 0.7098 Acc: 0.6384 F1: 0.6528
Epoch 3: Time: 0.4201 Cost: 21.7591 Pre: 0.6044 Re: 0.7098 Acc: 0.6384 F1: 0.6528
Epoch 4: Time: 0.4127 Cost: 21.5087 Pre: 0.6044 Re: 0.7098 Acc: 0.6384 F1: 0.6528
Epoch 5: Time: 0.3819 Cost: 21.2999 Pre: 0.6044 Re: 0.7024 Acc: 0.6373 F1: 0.6497
Epoch 6: Time: 0.3830 Cost: 21.1052 Pre: 0.6610 Re: 0.6610 Acc: 0.6752 F1: 0.6610
Epoch 7: Time: 0.3806 Cost: 20.9323 Pre: 0.6849 Re: 0.6549 Acc: 0.6904 F1: 0.6696
Epoch 8: Time: 0.3846 Cost: 20.7912 Pre: 0.6795 Re: 0.6256 Acc: 0.6793 F1: 0.6514
Epoch 9: Time: 0.3828 Cost: 20.6780 Pre: 0.7115 Re: 0.5354 Acc: 0.6735 F1: 0.6110
Epoch 10: Time: 0.3824 Cost: 20.5820 Pre: 0.7369 Re: 0.4988 Acc: 0.6746 F1: 0.5949


--------------------------------------------------------------------
Eval results: Cost:20.9569 Pre:0.6458 Re:0.5049 Acc:0.6699 F1:0.5667
--------------------------------------------------------------------

Epoch 11: Time: 0.3821 Cost: 20.4936 Pre: 0.7369 Re: 0.4988 Acc: 0.6746 F1: 0.5949
Epoch 12: Time: 0.3842 Cost: 20.4158 Pre: 0.7369 Re: 0.4988 Acc: 0.6746 F1: 0.5949
Epoch 13: Time: 0.3832 Cost: 20.3357 Pre: 0.7369 Re: 0.4988 Acc: 0.6746 F1: 0.5949
Epoch 14: Time: 0.3811 Cost: 20.2484 Pre: 0.7369 Re: 0.4988 Acc: 0.6746 F1: 0.5949
Epoch 15: Time: 0.3830 Cost: 20.1502 Pre: 0.7369 Re: 0.4988 Acc: 0.6746 F1: 0.5949
Epoch 16: Time: 0.3819 Cost: 20.0366 Pre: 0.7338 Re: 0.5110 Acc: 0.6770 F1: 0.6024
Epoch 17: Time: 0.3843 Cost: 19.9020 Pre: 0.7133 Re: 0.5280 Acc: 0.6723 F1: 0.6069
Epoch 18: Time: 0.3814 Cost: 19.7395 Pre: 0.7148 Re: 0.5317 Acc: 0.6741 F1: 0.6098
Epoch 19: Time: 0.3855 Cost: 19.5407 Pre: 0.7178 Re: 0.5646 Acc: 0.6852 F1: 0.6321
Epoch 20: Time: 0.3820 Cost: 19.2935 Pre: 0.7261 Re: 0.6110 Acc: 0.7033 F1: 0.6636


--------------------------------------------------------------------
Eval results: Cost:19.7886 Pre:0.6588 Re:0.6352 Acc:0.7033 F1:0.6468
--------------------------------------------------------------------

Epoch 21: Time: 0.3816 Cost: 18.9897 Pre: 0.7124 Re: 0.6707 Acc: 0.7126 F1: 0.6910
Epoch 22: Time: 0.3856 Cost: 18.6322 Pre: 0.7186 Re: 0.7256 Acc: 0.7325 F1: 0.7221
Epoch 23: Time: 0.3918 Cost: 18.1406 Pre: 0.7396 Re: 0.7134 Acc: 0.7424 F1: 0.7263
Epoch 24: Time: 0.3820 Cost: 17.4296 Pre: 0.7536 Re: 0.7085 Acc: 0.7494 F1: 0.7304
Epoch 25: Time: 0.3831 Cost: 16.3755 Pre: 0.7587 Re: 0.7207 Acc: 0.7564 F1: 0.7392
Epoch 26: Time: 0.3822 Cost: 14.7940 Pre: 0.7856 Re: 0.7463 Acc: 0.7810 F1: 0.7655
Epoch 27: Time: 0.3846 Cost: 12.6298 Pre: 0.8399 Re: 0.8000 Acc: 0.8312 F1: 0.8195
Epoch 28: Time: 0.3821 Cost: 10.4583 Pre: 0.8788 Re: 0.8927 Acc: 0.8896 F1: 0.8857
Epoch 29: Time: 0.4365 Cost: 8.8658 Pre: 0.9083 Re: 0.9427 Acc: 0.9270 F1: 0.9252
Epoch 30: Time: 0.3939 Cost: 7.7605 Pre: 0.9170 Re: 0.9561 Acc: 0.9375 F1: 0.9361


--------------------------------------------------------------------
Eval results: Cost:6.4572 Pre:0.9310 Re:0.9674 Acc:0.9554 F1:0.9489
--------------------------------------------------------------------

Epoch 31: Time: 0.3818 Cost: 6.8885 Pre: 0.9318 Re: 0.9659 Acc: 0.9498 F1: 0.9485
Epoch 32: Time: 0.3863 Cost: 6.0862 Pre: 0.9426 Re: 0.9817 Acc: 0.9626 F1: 0.9618
Epoch 33: Time: 0.3829 Cost: 5.4613 Pre: 0.9465 Re: 0.9927 Acc: 0.9696 F1: 0.9690
Epoch 34: Time: 0.3831 Cost: 4.9141 Pre: 0.9555 Re: 0.9939 Acc: 0.9749 F1: 0.9743
Epoch 35: Time: 0.4292 Cost: 4.4584 Pre: 0.9590 Re: 0.9988 Acc: 0.9790 F1: 0.9785
Epoch 36: Time: 0.4370 Cost: 4.0192 Pre: 0.9681 Re: 0.9988 Acc: 0.9836 F1: 0.9832
Epoch 37: Time: 0.4059 Cost: 3.6550 Pre: 0.9704 Re: 1.0000 Acc: 0.9854 F1: 0.9850
Epoch 38: Time: 0.3842 Cost: 3.2917 Pre: 0.9797 Re: 1.0000 Acc: 0.9901 F1: 0.9897
Epoch 39: Time: 0.3831 Cost: 2.9730 Pre: 0.9809 Re: 1.0000 Acc: 0.9907 F1: 0.9903
Epoch 40: Time: 0.3830 Cost: 2.6906 Pre: 0.9856 Re: 1.0000 Acc: 0.9930 F1: 0.9927


--------------------------------------------------------------------
Eval results: Cost:2.2805 Pre:0.9808 Re:1.0000 Acc:0.9916 F1:0.9903
--------------------------------------------------------------------

Epoch 41: Time: 0.3856 Cost: 2.4421 Pre: 0.9868 Re: 1.0000 Acc: 0.9936 F1: 0.9933
Epoch 42: Time: 0.3836 Cost: 2.2384 Pre: 0.9891 Re: 1.0000 Acc: 0.9947 F1: 0.9945
Epoch 43: Time: 0.3823 Cost: 2.0029 Pre: 0.9915 Re: 1.0000 Acc: 0.9959 F1: 0.9957
Epoch 44: Time: 0.3821 Cost: 1.7923 Pre: 0.9915 Re: 1.0000 Acc: 0.9959 F1: 0.9957
Epoch 45: Time: 0.3846 Cost: 1.6096 Pre: 0.9903 Re: 1.0000 Acc: 0.9953 F1: 0.9951
Epoch 46: Time: 0.3826 Cost: 1.4303 Pre: 0.9927 Re: 1.0000 Acc: 0.9965 F1: 0.9964
Epoch 47: Time: 0.3807 Cost: 1.2412 Pre: 0.9951 Re: 1.0000 Acc: 0.9977 F1: 0.9976
Epoch 48: Time: 0.3855 Cost: 1.0741 Pre: 0.9939 Re: 1.0000 Acc: 0.9971 F1: 0.9970
Epoch 49: Time: 0.3820 Cost: 0.9188 Pre: 1.0000 Re: 1.0000 Acc: 1.0000 F1: 1.0000
Epoch 50: Time: 0.3817 Cost: 0.7743 Pre: 1.0000 Re: 1.0000 Acc: 1.0000 F1: 1.0000


--------------------------------------------------------------------
Eval results: Cost:0.6957 Pre:0.9968 Re:1.0000 Acc:0.9986 F1:0.9984
--------------------------------------------------------------------

Epoch 51: Time: 0.3825 Cost: 0.6594 Pre: 1.0000 Re: 1.0000 Acc: 1.0000 F1: 1.0000
Epoch 52: Time: 0.3812 Cost: 0.5484 Pre: 1.0000 Re: 1.0000 Acc: 1.0000 F1: 1.0000
Epoch 53: Time: 0.3835 Cost: 0.4565 Pre: 1.0000 Re: 1.0000 Acc: 1.0000 F1: 1.0000
Epoch 54: Time: 0.3806 Cost: 0.3827 Pre: 1.0000 Re: 1.0000 Acc: 1.0000 F1: 1.0000
Epoch 55: Time: 0.3850 Cost: 0.3166 Pre: 1.0000 Re: 1.0000 Acc: 1.0000 F1: 1.0000
Epoch 56: Time: 0.3805 Cost: 0.2630 Pre: 1.0000 Re: 1.0000 Acc: 1.0000 F1: 1.0000
Epoch 57: Time: 0.3832 Cost: 0.2190 Pre: 1.0000 Re: 1.0000 Acc: 1.0000 F1: 1.0000
Epoch 58: Time: 0.3806 Cost: 0.1816 Pre: 1.0000 Re: 1.0000 Acc: 1.0000 F1: 1.0000
Epoch 59: Time: 0.3821 Cost: 0.1517 Pre: 1.0000 Re: 1.0000 Acc: 1.0000 F1: 1.0000
Epoch 60: Time: 0.3819 Cost: 0.1262 Pre: 1.0000 Re: 1.0000 Acc: 1.0000 F1: 1.0000


--------------------------------------------------------------------
Eval results: Cost:0.1223 Pre:1.0000 Re:1.0000 Acc:1.0000 F1:1.0000
--------------------------------------------------------------------

Epoch 61: Time: 0.3818 Cost: 0.1049 Pre: 1.0000 Re: 1.0000 Acc: 1.0000 F1: 1.0000
Epoch 62: Time: 0.3847 Cost: 0.0889 Pre: 1.0000 Re: 1.0000 Acc: 1.0000 F1: 1.0000
Epoch 63: Time: 0.3824 Cost: 0.0747 Pre: 1.0000 Re: 1.0000 Acc: 1.0000 F1: 1.0000
Epoch 64: Time: 0.3817 Cost: 0.0627 Pre: 1.0000 Re: 1.0000 Acc: 1.0000 F1: 1.0000
Epoch 65: Time: 0.3855 Cost: 0.0527 Pre: 1.0000 Re: 1.0000 Acc: 1.0000 F1: 1.0000
Epoch 66: Time: 0.3802 Cost: 0.0445 Pre: 1.0000 Re: 1.0000 Acc: 1.0000 F1: 1.0000
Epoch 67: Time: 0.3836 Cost: 0.0377 Pre: 1.0000 Re: 1.0000 Acc: 1.0000 F1: 1.0000
Epoch 68: Time: 0.3824 Cost: 0.0321 Pre: 1.0000 Re: 1.0000 Acc: 1.0000 F1: 1.0000
Epoch 69: Time: 0.3828 Cost: 0.0275 Pre: 1.0000 Re: 1.0000 Acc: 1.0000 F1: 1.0000
Epoch 70: Time: 0.3870 Cost: 0.0238 Pre: 1.0000 Re: 1.0000 Acc: 1.0000 F1: 1.0000


--------------------------------------------------------------------
Eval results: Cost:0.0240 Pre:1.0000 Re:1.0000 Acc:1.0000 F1:1.0000
--------------------------------------------------------------------

Epoch 71: Time: 0.3835 Cost: 0.0222 Pre: 1.0000 Re: 1.0000 Acc: 1.0000 F1: 1.0000
Epoch 72: Time: 0.3856 Cost: 0.0229 Pre: 1.0000 Re: 1.0000 Acc: 1.0000 F1: 1.0000
Epoch 73: Time: 0.3814 Cost: 0.0169 Pre: 1.0000 Re: 1.0000 Acc: 1.0000 F1: 1.0000
Epoch 74: Time: 0.3810 Cost: 0.0150 Pre: 1.0000 Re: 1.0000 Acc: 1.0000 F1: 1.0000
Epoch 75: Time: 0.3831 Cost: 0.0139 Pre: 1.0000 Re: 1.0000 Acc: 1.0000 F1: 1.0000
Epoch 76: Time: 0.3824 Cost: 0.0134 Pre: 1.0000 Re: 1.0000 Acc: 1.0000 F1: 1.0000
Epoch 77: Time: 0.3801 Cost: 0.0145 Pre: 1.0000 Re: 1.0000 Acc: 1.0000 F1: 1.0000
Epoch 78: Time: 0.3912 Cost: 0.0186 Pre: 1.0000 Re: 1.0000 Acc: 1.0000 F1: 1.0000
Epoch 79: Time: 0.3830 Cost: 0.0166 Pre: 1.0000 Re: 1.0000 Acc: 1.0000 F1: 1.0000
Epoch 80: Time: 0.3818 Cost: 0.0107 Pre: 1.0000 Re: 1.0000 Acc: 1.0000 F1: 1.0000


--------------------------------------------------------------------
Eval results: Cost:0.0122 Pre:1.0000 Re:1.0000 Acc:1.0000 F1:1.0000
--------------------------------------------------------------------

Epoch 81: Time: 0.3812 Cost: 0.0090 Pre: 1.0000 Re: 1.0000 Acc: 1.0000 F1: 1.0000
Epoch 82: Time: 0.3834 Cost: 0.0081 Pre: 1.0000 Re: 1.0000 Acc: 1.0000 F1: 1.0000
Epoch 83: Time: 0.3839 Cost: 0.0076 Pre: 1.0000 Re: 1.0000 Acc: 1.0000 F1: 1.0000
Epoch 84: Time: 0.3821 Cost: 0.0072 Pre: 1.0000 Re: 1.0000 Acc: 1.0000 F1: 1.0000
Epoch 85: Time: 0.3840 Cost: 0.0069 Pre: 1.0000 Re: 1.0000 Acc: 1.0000 F1: 1.0000
Epoch 86: Time: 0.3839 Cost: 0.0065 Pre: 1.0000 Re: 1.0000 Acc: 1.0000 F1: 1.0000
Epoch 87: Time: 0.3820 Cost: 0.0061 Pre: 1.0000 Re: 1.0000 Acc: 1.0000 F1: 1.0000
Epoch 88: Time: 0.3825 Cost: 0.0058 Pre: 1.0000 Re: 1.0000 Acc: 1.0000 F1: 1.0000
Epoch 89: Time: 0.3811 Cost: 0.0055 Pre: 1.0000 Re: 1.0000 Acc: 1.0000 F1: 1.0000
Epoch 90: Time: 0.3858 Cost: 0.0053 Pre: 1.0000 Re: 1.0000 Acc: 1.0000 F1: 1.0000


--------------------------------------------------------------------
Eval results: Cost:0.0072 Pre:1.0000 Re:1.0000 Acc:1.0000 F1:1.0000
--------------------------------------------------------------------

Epoch 91: Time: 0.3854 Cost: 0.0049 Pre: 1.0000 Re: 1.0000 Acc: 1.0000 F1: 1.0000
Epoch 92: Time: 0.3811 Cost: 0.0048 Pre: 1.0000 Re: 1.0000 Acc: 1.0000 F1: 1.0000
Epoch 93: Time: 0.3830 Cost: 0.0046 Pre: 1.0000 Re: 1.0000 Acc: 1.0000 F1: 1.0000
Epoch 94: Time: 0.3819 Cost: 0.0044 Pre: 1.0000 Re: 1.0000 Acc: 1.0000 F1: 1.0000
Epoch 95: Time: 0.3830 Cost: 0.0043 Pre: 1.0000 Re: 1.0000 Acc: 1.0000 F1: 1.0000
Epoch 96: Time: 0.3814 Cost: 0.0041 Pre: 1.0000 Re: 1.0000 Acc: 1.0000 F1: 1.0000
Epoch 97: Time: 0.4311 Cost: 0.0040 Pre: 1.0000 Re: 1.0000 Acc: 1.0000 F1: 1.0000
Epoch 98: Time: 0.4968 Cost: 0.0038 Pre: 1.0000 Re: 1.0000 Acc: 1.0000 F1: 1.0000
Epoch 99: Time: 0.4357 Cost: 0.0037 Pre: 1.0000 Re: 1.0000 Acc: 1.0000 F1: 1.0000
Epoch 100: Time: 0.3833 Cost: 0.0036 Pre: 1.0000 Re: 1.0000 Acc: 1.0000 F1: 1.0000


--------------------------------------------------------------------
Eval results: Cost:0.0049 Pre:1.0000 Re:1.0000 Acc:1.0000 F1:1.0000
--------------------------------------------------------------------

Epoch 101: Time: 0.3840 Cost: 0.0034 Pre: 1.0000 Re: 1.0000 Acc: 1.0000 F1: 1.0000
Epoch 102: Time: 0.3823 Cost: 0.0034 Pre: 1.0000 Re: 1.0000 Acc: 1.0000 F1: 1.0000
Epoch 103: Time: 0.3800 Cost: 0.0033 Pre: 1.0000 Re: 1.0000 Acc: 1.0000 F1: 1.0000
Epoch 104: Time: 0.3853 Cost: 0.0032 Pre: 1.0000 Re: 1.0000 Acc: 1.0000 F1: 1.0000
Epoch 105: Time: 0.3825 Cost: 0.0031 Pre: 1.0000 Re: 1.0000 Acc: 1.0000 F1: 1.0000
Epoch 106: Time: 0.3825 Cost: 0.0030 Pre: 1.0000 Re: 1.0000 Acc: 1.0000 F1: 1.0000
Epoch 107: Time: 0.3816 Cost: 0.0029 Pre: 1.0000 Re: 1.0000 Acc: 1.0000 F1: 1.0000
Epoch 108: Time: 0.3832 Cost: 0.0028 Pre: 1.0000 Re: 1.0000 Acc: 1.0000 F1: 1.0000
Epoch 109: Time: 0.3821 Cost: 0.0028 Pre: 1.0000 Re: 1.0000 Acc: 1.0000 F1: 1.0000
Epoch 110: Time: 0.3855 Cost: 0.0027 Pre: 1.0000 Re: 1.0000 Acc: 1.0000 F1: 1.0000


--------------------------------------------------------------------
Eval results: Cost:0.0038 Pre:1.0000 Re:1.0000 Acc:1.0000 F1:1.0000
--------------------------------------------------------------------

Epoch 111: Time: 0.4465 Cost: 0.0026 Pre: 1.0000 Re: 1.0000 Acc: 1.0000 F1: 1.0000
Epoch 112: Time: 0.4156 Cost: 0.0026 Pre: 1.0000 Re: 1.0000 Acc: 1.0000 F1: 1.0000
Epoch 113: Time: 0.3860 Cost: 0.0025 Pre: 1.0000 Re: 1.0000 Acc: 1.0000 F1: 1.0000
Epoch 114: Time: 0.3813 Cost: 0.0025 Pre: 1.0000 Re: 1.0000 Acc: 1.0000 F1: 1.0000
Epoch 115: Time: 0.3814 Cost: 0.0024 Pre: 1.0000 Re: 1.0000 Acc: 1.0000 F1: 1.0000
Epoch 116: Time: 0.3794 Cost: 0.0024 Pre: 1.0000 Re: 1.0000 Acc: 1.0000 F1: 1.0000
Epoch 117: Time: 0.3809 Cost: 0.0023 Pre: 1.0000 Re: 1.0000 Acc: 1.0000 F1: 1.0000
Epoch 118: Time: 0.3880 Cost: 0.0023 Pre: 1.0000 Re: 1.0000 Acc: 1.0000 F1: 1.0000
Epoch 119: Time: 0.3812 Cost: 0.0022 Pre: 1.0000 Re: 1.0000 Acc: 1.0000 F1: 1.0000
Epoch 120: Time: 0.3833 Cost: 0.0022 Pre: 1.0000 Re: 1.0000 Acc: 1.0000 F1: 1.0000


--------------------------------------------------------------------
Eval results: Cost:0.0031 Pre:1.0000 Re:1.0000 Acc:1.0000 F1:1.0000
--------------------------------------------------------------------

Epoch 121: Time: 0.3824 Cost: 0.0021 Pre: 1.0000 Re: 1.0000 Acc: 1.0000 F1: 1.0000
Epoch 122: Time: 0.3824 Cost: 0.0021 Pre: 1.0000 Re: 1.0000 Acc: 1.0000 F1: 1.0000
Epoch 123: Time: 0.3858 Cost: 0.0021 Pre: 1.0000 Re: 1.0000 Acc: 1.0000 F1: 1.0000
Epoch 124: Time: 0.3833 Cost: 0.0020 Pre: 1.0000 Re: 1.0000 Acc: 1.0000 F1: 1.0000
Epoch 125: Time: 0.3835 Cost: 0.0020 Pre: 1.0000 Re: 1.0000 Acc: 1.0000 F1: 1.0000
Epoch 126: Time: 0.3853 Cost: 0.0020 Pre: 1.0000 Re: 1.0000 Acc: 1.0000 F1: 1.0000
Epoch 127: Time: 0.4004 Cost: 0.0019 Pre: 1.0000 Re: 1.0000 Acc: 1.0000 F1: 1.0000
Epoch 128: Time: 0.3824 Cost: 0.0019 Pre: 1.0000 Re: 1.0000 Acc: 1.0000 F1: 1.0000
Epoch 129: Time: 0.3830 Cost: 0.0019 Pre: 1.0000 Re: 1.0000 Acc: 1.0000 F1: 1.0000
Epoch 130: Time: 0.3823 Cost: 0.0018 Pre: 1.0000 Re: 1.0000 Acc: 1.0000 F1: 1.0000


--------------------------------------------------------------------
Eval results: Cost:0.0026 Pre:1.0000 Re:1.0000 Acc:1.0000 F1:1.0000
--------------------------------------------------------------------

Epoch 131: Time: 0.3809 Cost: 0.0018 Pre: 1.0000 Re: 1.0000 Acc: 1.0000 F1: 1.0000
Epoch 132: Time: 0.3824 Cost: 0.0018 Pre: 1.0000 Re: 1.0000 Acc: 1.0000 F1: 1.0000
Epoch 133: Time: 0.3832 Cost: 0.0018 Pre: 1.0000 Re: 1.0000 Acc: 1.0000 F1: 1.0000
Epoch 134: Time: 0.3842 Cost: 0.0017 Pre: 1.0000 Re: 1.0000 Acc: 1.0000 F1: 1.0000
Epoch 135: Time: 0.3813 Cost: 0.0017 Pre: 1.0000 Re: 1.0000 Acc: 1.0000 F1: 1.0000
Epoch 136: Time: 0.3848 Cost: 0.0017 Pre: 1.0000 Re: 1.0000 Acc: 1.0000 F1: 1.0000
Epoch 137: Time: 0.3823 Cost: 0.0017 Pre: 1.0000 Re: 1.0000 Acc: 1.0000 F1: 1.0000
Epoch 138: Time: 0.3836 Cost: 0.0016 Pre: 1.0000 Re: 1.0000 Acc: 1.0000 F1: 1.0000
Epoch 139: Time: 0.3808 Cost: 0.0016 Pre: 1.0000 Re: 1.0000 Acc: 1.0000 F1: 1.0000
Epoch 140: Time: 0.3837 Cost: 0.0016 Pre: 1.0000 Re: 1.0000 Acc: 1.0000 F1: 1.0000


--------------------------------------------------------------------
Eval results: Cost:0.0021 Pre:1.0000 Re:1.0000 Acc:1.0000 F1:1.0000
--------------------------------------------------------------------

Epoch 141: Time: 0.3837 Cost: 0.0016 Pre: 1.0000 Re: 1.0000 Acc: 1.0000 F1: 1.0000
Epoch 142: Time: 0.3835 Cost: 0.0016 Pre: 1.0000 Re: 1.0000 Acc: 1.0000 F1: 1.0000
Epoch 143: Time: 0.3807 Cost: 0.0015 Pre: 1.0000 Re: 1.0000 Acc: 1.0000 F1: 1.0000
Epoch 144: Time: 0.3828 Cost: 0.0015 Pre: 1.0000 Re: 1.0000 Acc: 1.0000 F1: 1.0000
Epoch 145: Time: 0.3848 Cost: 0.0015 Pre: 1.0000 Re: 1.0000 Acc: 1.0000 F1: 1.0000
Epoch 146: Time: 0.3804 Cost: 0.0015 Pre: 1.0000 Re: 1.0000 Acc: 1.0000 F1: 1.0000
Epoch 147: Time: 0.3832 Cost: 0.0015 Pre: 1.0000 Re: 1.0000 Acc: 1.0000 F1: 1.0000
Epoch 148: Time: 0.3833 Cost: 0.0015 Pre: 1.0000 Re: 1.0000 Acc: 1.0000 F1: 1.0000
Epoch 149: Time: 0.3825 Cost: 0.0014 Pre: 1.0000 Re: 1.0000 Acc: 1.0000 F1: 1.0000
Epoch 150: Time: 0.3839 Cost: 0.0014 Pre: 1.0000 Re: 1.0000 Acc: 1.0000 F1: 1.0000


--------------------------------------------------------------------
Eval results: Cost:0.0017 Pre:1.0000 Re:1.0000 Acc:1.0000 F1:1.0000
--------------------------------------------------------------------

Early stopping...
--------------------------------------------------------------------
--------------------------------------------------------------------
Test 1996 samples take time: 0.8668
Test results: Cost:0.0013 Pre:1.0000 Re:1.0000 Acc:1.0000 F1:1.0000
--------------------------------------------------------------------

