Load data
RNN type: UNI Grammar: g7 Seed: 8
Model total parameters: 4218
Saving hinit ... 

Epoch 0: Time: 0.4677 Cost: 23.9373 Pre: 0.6002 Re: 0.6610 Acc: 0.6268 F1: 0.6291


--------------------------------------------------------------------
Eval results: Cost:22.7530 Pre:0.5539 Re:0.7362 Acc:0.6337 F1:0.6322
--------------------------------------------------------------------

Epoch 1: Time: 0.4135 Cost: 22.6111 Pre: 0.6044 Re: 0.7098 Acc: 0.6384 F1: 0.6528
Epoch 2: Time: 0.4352 Cost: 22.1003 Pre: 0.6044 Re: 0.7098 Acc: 0.6384 F1: 0.6528
Epoch 3: Time: 0.4281 Cost: 21.7129 Pre: 0.6044 Re: 0.7098 Acc: 0.6384 F1: 0.6528
Epoch 4: Time: 0.4147 Cost: 21.4446 Pre: 0.6044 Re: 0.7098 Acc: 0.6384 F1: 0.6528
Epoch 5: Time: 0.4149 Cost: 21.2176 Pre: 0.6203 Re: 0.6793 Acc: 0.6472 F1: 0.6484
Epoch 6: Time: 0.3835 Cost: 21.0192 Pre: 0.6854 Re: 0.6561 Acc: 0.6910 F1: 0.6704
Epoch 7: Time: 0.3871 Cost: 20.8582 Pre: 0.6849 Re: 0.6549 Acc: 0.6904 F1: 0.6696
Epoch 8: Time: 0.4062 Cost: 20.7331 Pre: 0.6836 Re: 0.5902 Acc: 0.6729 F1: 0.6335
Epoch 9: Time: 0.3857 Cost: 20.6327 Pre: 0.7369 Re: 0.4988 Acc: 0.6746 F1: 0.5949
Epoch 10: Time: 0.3844 Cost: 20.5457 Pre: 0.7369 Re: 0.4988 Acc: 0.6746 F1: 0.5949


--------------------------------------------------------------------
Eval results: Cost:20.9332 Pre:0.6458 Re:0.5049 Acc:0.6699 F1:0.5667
--------------------------------------------------------------------

Epoch 11: Time: 0.3832 Cost: 20.4632 Pre: 0.7369 Re: 0.4988 Acc: 0.6746 F1: 0.5949
Epoch 12: Time: 0.3851 Cost: 20.3881 Pre: 0.7369 Re: 0.4988 Acc: 0.6746 F1: 0.5949
Epoch 13: Time: 0.3847 Cost: 20.3073 Pre: 0.7369 Re: 0.4988 Acc: 0.6746 F1: 0.5949
Epoch 14: Time: 0.3863 Cost: 20.2149 Pre: 0.7369 Re: 0.4988 Acc: 0.6746 F1: 0.5949
Epoch 15: Time: 0.3838 Cost: 20.1059 Pre: 0.7369 Re: 0.4988 Acc: 0.6746 F1: 0.5949
Epoch 16: Time: 0.3853 Cost: 19.9746 Pre: 0.7176 Re: 0.5207 Acc: 0.6723 F1: 0.6035
Epoch 17: Time: 0.3879 Cost: 19.8136 Pre: 0.7148 Re: 0.5317 Acc: 0.6741 F1: 0.6098
Epoch 18: Time: 0.3839 Cost: 19.6136 Pre: 0.7163 Re: 0.5451 Acc: 0.6787 F1: 0.6191
Epoch 19: Time: 0.3821 Cost: 19.3615 Pre: 0.7261 Re: 0.6110 Acc: 0.7033 F1: 0.6636
Epoch 20: Time: 0.3845 Cost: 19.0376 Pre: 0.7227 Re: 0.6549 Acc: 0.7144 F1: 0.6871


--------------------------------------------------------------------
Eval results: Cost:19.5065 Pre:0.6580 Re:0.7459 Acc:0.7256 F1:0.6992
--------------------------------------------------------------------

Epoch 21: Time: 0.3847 Cost: 18.6249 Pre: 0.7186 Re: 0.7256 Acc: 0.7325 F1: 0.7221
Epoch 22: Time: 0.3845 Cost: 18.1126 Pre: 0.7431 Re: 0.7232 Acc: 0.7477 F1: 0.7330
Epoch 23: Time: 0.3963 Cost: 17.3460 Pre: 0.7529 Re: 0.7207 Acc: 0.7529 F1: 0.7364
Epoch 24: Time: 0.3848 Cost: 16.0922 Pre: 0.7593 Re: 0.7232 Acc: 0.7576 F1: 0.7408
Epoch 25: Time: 0.3874 Cost: 14.0709 Pre: 0.8055 Re: 0.7476 Acc: 0.7926 F1: 0.7755
Epoch 26: Time: 0.3881 Cost: 11.3064 Pre: 0.8760 Re: 0.8354 Acc: 0.8645 F1: 0.8552
Epoch 27: Time: 0.3849 Cost: 8.6371 Pre: 0.9333 Re: 0.9549 Acc: 0.9457 F1: 0.9439
Epoch 28: Time: 0.3857 Cost: 6.9214 Pre: 0.9431 Re: 0.9902 Acc: 0.9667 F1: 0.9661
Epoch 29: Time: 0.3863 Cost: 5.9392 Pre: 0.9468 Re: 0.9988 Acc: 0.9725 F1: 0.9721
Epoch 30: Time: 0.3838 Cost: 5.3276 Pre: 0.9457 Re: 0.9988 Acc: 0.9720 F1: 0.9715


--------------------------------------------------------------------
Eval results: Cost:4.2997 Pre:0.9594 Re:1.0000 Acc:0.9819 F1:0.9793
--------------------------------------------------------------------

Epoch 31: Time: 0.3845 Cost: 4.7677 Pre: 0.9513 Re: 1.0000 Acc: 0.9755 F1: 0.9750
Epoch 32: Time: 0.3860 Cost: 4.3553 Pre: 0.9546 Re: 1.0000 Acc: 0.9772 F1: 0.9768
Epoch 33: Time: 0.3865 Cost: 3.9687 Pre: 0.9557 Re: 1.0000 Acc: 0.9778 F1: 0.9774
Epoch 34: Time: 0.3841 Cost: 3.6596 Pre: 0.9613 Re: 1.0000 Acc: 0.9807 F1: 0.9803
Epoch 35: Time: 0.3837 Cost: 3.3541 Pre: 0.9670 Re: 1.0000 Acc: 0.9836 F1: 0.9832
Epoch 36: Time: 0.3864 Cost: 3.0844 Pre: 0.9681 Re: 1.0000 Acc: 0.9842 F1: 0.9838
Epoch 37: Time: 0.3868 Cost: 2.8183 Pre: 0.9704 Re: 1.0000 Acc: 0.9854 F1: 0.9850
Epoch 38: Time: 0.3844 Cost: 2.5726 Pre: 0.9750 Re: 1.0000 Acc: 0.9877 F1: 0.9874
Epoch 39: Time: 0.3830 Cost: 2.3311 Pre: 0.9797 Re: 1.0000 Acc: 0.9901 F1: 0.9897
Epoch 40: Time: 0.3862 Cost: 2.0936 Pre: 0.9844 Re: 1.0000 Acc: 0.9924 F1: 0.9921


--------------------------------------------------------------------
Eval results: Cost:1.6000 Pre:0.9968 Re:1.0000 Acc:0.9986 F1:0.9984
--------------------------------------------------------------------

Epoch 41: Time: 0.3818 Cost: 1.8886 Pre: 0.9868 Re: 1.0000 Acc: 0.9936 F1: 0.9933
Epoch 42: Time: 0.3863 Cost: 1.6549 Pre: 0.9868 Re: 1.0000 Acc: 0.9936 F1: 0.9933
Epoch 43: Time: 0.3838 Cost: 1.4304 Pre: 0.9927 Re: 1.0000 Acc: 0.9965 F1: 0.9964
Epoch 44: Time: 0.4388 Cost: 1.2455 Pre: 0.9964 Re: 1.0000 Acc: 0.9982 F1: 0.9982
Epoch 45: Time: 0.4176 Cost: 1.0722 Pre: 0.9976 Re: 1.0000 Acc: 0.9988 F1: 0.9988
Epoch 46: Time: 0.3879 Cost: 0.9121 Pre: 0.9988 Re: 1.0000 Acc: 0.9994 F1: 0.9994
Epoch 47: Time: 0.3874 Cost: 0.7748 Pre: 0.9988 Re: 1.0000 Acc: 0.9994 F1: 0.9994
Epoch 48: Time: 0.3839 Cost: 0.6630 Pre: 1.0000 Re: 1.0000 Acc: 1.0000 F1: 1.0000
Epoch 49: Time: 0.3833 Cost: 0.5597 Pre: 1.0000 Re: 1.0000 Acc: 1.0000 F1: 1.0000
Epoch 50: Time: 0.3824 Cost: 0.4717 Pre: 1.0000 Re: 1.0000 Acc: 1.0000 F1: 1.0000


--------------------------------------------------------------------
Eval results: Cost:0.3963 Pre:1.0000 Re:1.0000 Acc:1.0000 F1:1.0000
--------------------------------------------------------------------

Epoch 51: Time: 0.3821 Cost: 0.3995 Pre: 1.0000 Re: 1.0000 Acc: 1.0000 F1: 1.0000
Epoch 52: Time: 0.3866 Cost: 0.3337 Pre: 1.0000 Re: 1.0000 Acc: 1.0000 F1: 1.0000
Epoch 53: Time: 0.3860 Cost: 0.2751 Pre: 1.0000 Re: 1.0000 Acc: 1.0000 F1: 1.0000
Epoch 54: Time: 0.3861 Cost: 0.2292 Pre: 1.0000 Re: 1.0000 Acc: 1.0000 F1: 1.0000
Epoch 55: Time: 0.3909 Cost: 0.1873 Pre: 1.0000 Re: 1.0000 Acc: 1.0000 F1: 1.0000
Epoch 56: Time: 0.3910 Cost: 0.1543 Pre: 1.0000 Re: 1.0000 Acc: 1.0000 F1: 1.0000
Epoch 57: Time: 0.3930 Cost: 0.1246 Pre: 1.0000 Re: 1.0000 Acc: 1.0000 F1: 1.0000
Epoch 58: Time: 0.3873 Cost: 0.1011 Pre: 1.0000 Re: 1.0000 Acc: 1.0000 F1: 1.0000
Epoch 59: Time: 0.3890 Cost: 0.0821 Pre: 1.0000 Re: 1.0000 Acc: 1.0000 F1: 1.0000
Epoch 60: Time: 0.4042 Cost: 0.0667 Pre: 1.0000 Re: 1.0000 Acc: 1.0000 F1: 1.0000


--------------------------------------------------------------------
Eval results: Cost:0.0569 Pre:1.0000 Re:1.0000 Acc:1.0000 F1:1.0000
--------------------------------------------------------------------

Epoch 61: Time: 0.3853 Cost: 0.0544 Pre: 1.0000 Re: 1.0000 Acc: 1.0000 F1: 1.0000
Epoch 62: Time: 0.3846 Cost: 0.0448 Pre: 1.0000 Re: 1.0000 Acc: 1.0000 F1: 1.0000
Epoch 63: Time: 0.3846 Cost: 0.0371 Pre: 1.0000 Re: 1.0000 Acc: 1.0000 F1: 1.0000
Epoch 64: Time: 0.3826 Cost: 0.0309 Pre: 1.0000 Re: 1.0000 Acc: 1.0000 F1: 1.0000
Epoch 65: Time: 0.3863 Cost: 0.0261 Pre: 1.0000 Re: 1.0000 Acc: 1.0000 F1: 1.0000
Epoch 66: Time: 0.3884 Cost: 0.0222 Pre: 1.0000 Re: 1.0000 Acc: 1.0000 F1: 1.0000
Epoch 67: Time: 0.3864 Cost: 0.0192 Pre: 1.0000 Re: 1.0000 Acc: 1.0000 F1: 1.0000
Epoch 68: Time: 0.3832 Cost: 0.0169 Pre: 1.0000 Re: 1.0000 Acc: 1.0000 F1: 1.0000
Epoch 69: Time: 0.3846 Cost: 0.0152 Pre: 1.0000 Re: 1.0000 Acc: 1.0000 F1: 1.0000
Epoch 70: Time: 0.3894 Cost: 0.0142 Pre: 1.0000 Re: 1.0000 Acc: 1.0000 F1: 1.0000


--------------------------------------------------------------------
Eval results: Cost:0.0128 Pre:1.0000 Re:1.0000 Acc:1.0000 F1:1.0000
--------------------------------------------------------------------

Epoch 71: Time: 0.3858 Cost: 0.0145 Pre: 1.0000 Re: 1.0000 Acc: 1.0000 F1: 1.0000
Epoch 72: Time: 0.3843 Cost: 0.0310 Pre: 1.0000 Re: 1.0000 Acc: 1.0000 F1: 1.0000
Epoch 73: Time: 0.3837 Cost: 0.0168 Pre: 1.0000 Re: 1.0000 Acc: 1.0000 F1: 1.0000
Epoch 74: Time: 0.3856 Cost: 0.0118 Pre: 1.0000 Re: 1.0000 Acc: 1.0000 F1: 1.0000
Epoch 75: Time: 0.3873 Cost: 0.0099 Pre: 1.0000 Re: 1.0000 Acc: 1.0000 F1: 1.0000
Epoch 76: Time: 0.3842 Cost: 0.0089 Pre: 1.0000 Re: 1.0000 Acc: 1.0000 F1: 1.0000
Epoch 77: Time: 0.3824 Cost: 0.0082 Pre: 1.0000 Re: 1.0000 Acc: 1.0000 F1: 1.0000
Epoch 78: Time: 0.3870 Cost: 0.0076 Pre: 1.0000 Re: 1.0000 Acc: 1.0000 F1: 1.0000
Epoch 79: Time: 0.4045 Cost: 0.0072 Pre: 1.0000 Re: 1.0000 Acc: 1.0000 F1: 1.0000
Epoch 80: Time: 0.3870 Cost: 0.0067 Pre: 1.0000 Re: 1.0000 Acc: 1.0000 F1: 1.0000


--------------------------------------------------------------------
Eval results: Cost:0.0071 Pre:1.0000 Re:1.0000 Acc:1.0000 F1:1.0000
--------------------------------------------------------------------

Epoch 81: Time: 0.3831 Cost: 0.0063 Pre: 1.0000 Re: 1.0000 Acc: 1.0000 F1: 1.0000
Epoch 82: Time: 0.3846 Cost: 0.0060 Pre: 1.0000 Re: 1.0000 Acc: 1.0000 F1: 1.0000
Epoch 83: Time: 0.3874 Cost: 0.0057 Pre: 1.0000 Re: 1.0000 Acc: 1.0000 F1: 1.0000
Epoch 84: Time: 0.3867 Cost: 0.0054 Pre: 1.0000 Re: 1.0000 Acc: 1.0000 F1: 1.0000
Epoch 85: Time: 0.3859 Cost: 0.0051 Pre: 1.0000 Re: 1.0000 Acc: 1.0000 F1: 1.0000
Epoch 86: Time: 0.3880 Cost: 0.0049 Pre: 1.0000 Re: 1.0000 Acc: 1.0000 F1: 1.0000
Epoch 87: Time: 0.3855 Cost: 0.0047 Pre: 1.0000 Re: 1.0000 Acc: 1.0000 F1: 1.0000
Epoch 88: Time: 0.3850 Cost: 0.0045 Pre: 1.0000 Re: 1.0000 Acc: 1.0000 F1: 1.0000
Epoch 89: Time: 0.3831 Cost: 0.0043 Pre: 1.0000 Re: 1.0000 Acc: 1.0000 F1: 1.0000
Epoch 90: Time: 0.3862 Cost: 0.0041 Pre: 1.0000 Re: 1.0000 Acc: 1.0000 F1: 1.0000


--------------------------------------------------------------------
Eval results: Cost:0.0045 Pre:1.0000 Re:1.0000 Acc:1.0000 F1:1.0000
--------------------------------------------------------------------

Epoch 91: Time: 0.4041 Cost: 0.0040 Pre: 1.0000 Re: 1.0000 Acc: 1.0000 F1: 1.0000
Epoch 92: Time: 0.4997 Cost: 0.0038 Pre: 1.0000 Re: 1.0000 Acc: 1.0000 F1: 1.0000
Epoch 93: Time: 0.4706 Cost: 0.0037 Pre: 1.0000 Re: 1.0000 Acc: 1.0000 F1: 1.0000
Epoch 94: Time: 0.3818 Cost: 0.0036 Pre: 1.0000 Re: 1.0000 Acc: 1.0000 F1: 1.0000
Epoch 95: Time: 0.3863 Cost: 0.0035 Pre: 1.0000 Re: 1.0000 Acc: 1.0000 F1: 1.0000
Epoch 96: Time: 0.3928 Cost: 0.0033 Pre: 1.0000 Re: 1.0000 Acc: 1.0000 F1: 1.0000
Epoch 97: Time: 0.3808 Cost: 0.0032 Pre: 1.0000 Re: 1.0000 Acc: 1.0000 F1: 1.0000
Epoch 98: Time: 0.3871 Cost: 0.0031 Pre: 1.0000 Re: 1.0000 Acc: 1.0000 F1: 1.0000
Epoch 99: Time: 0.3863 Cost: 0.0031 Pre: 1.0000 Re: 1.0000 Acc: 1.0000 F1: 1.0000
Epoch 100: Time: 0.3836 Cost: 0.0030 Pre: 1.0000 Re: 1.0000 Acc: 1.0000 F1: 1.0000


--------------------------------------------------------------------
Eval results: Cost:0.0034 Pre:1.0000 Re:1.0000 Acc:1.0000 F1:1.0000
--------------------------------------------------------------------

Epoch 101: Time: 0.3843 Cost: 0.0029 Pre: 1.0000 Re: 1.0000 Acc: 1.0000 F1: 1.0000
Epoch 102: Time: 0.3820 Cost: 0.0028 Pre: 1.0000 Re: 1.0000 Acc: 1.0000 F1: 1.0000
Epoch 103: Time: 0.3895 Cost: 0.0027 Pre: 1.0000 Re: 1.0000 Acc: 1.0000 F1: 1.0000
Epoch 104: Time: 0.3824 Cost: 0.0027 Pre: 1.0000 Re: 1.0000 Acc: 1.0000 F1: 1.0000
Epoch 105: Time: 0.4615 Cost: 0.0026 Pre: 1.0000 Re: 1.0000 Acc: 1.0000 F1: 1.0000
Epoch 106: Time: 0.4051 Cost: 0.0025 Pre: 1.0000 Re: 1.0000 Acc: 1.0000 F1: 1.0000
Epoch 107: Time: 0.3881 Cost: 0.0025 Pre: 1.0000 Re: 1.0000 Acc: 1.0000 F1: 1.0000
Epoch 108: Time: 0.3910 Cost: 0.0024 Pre: 1.0000 Re: 1.0000 Acc: 1.0000 F1: 1.0000
Epoch 109: Time: 0.3813 Cost: 0.0024 Pre: 1.0000 Re: 1.0000 Acc: 1.0000 F1: 1.0000
Epoch 110: Time: 0.3860 Cost: 0.0023 Pre: 1.0000 Re: 1.0000 Acc: 1.0000 F1: 1.0000


--------------------------------------------------------------------
Eval results: Cost:0.0027 Pre:1.0000 Re:1.0000 Acc:1.0000 F1:1.0000
--------------------------------------------------------------------

Epoch 111: Time: 0.3843 Cost: 0.0023 Pre: 1.0000 Re: 1.0000 Acc: 1.0000 F1: 1.0000
Epoch 112: Time: 0.3837 Cost: 0.0022 Pre: 1.0000 Re: 1.0000 Acc: 1.0000 F1: 1.0000
Epoch 113: Time: 0.3867 Cost: 0.0022 Pre: 1.0000 Re: 1.0000 Acc: 1.0000 F1: 1.0000
Epoch 114: Time: 0.3847 Cost: 0.0021 Pre: 1.0000 Re: 1.0000 Acc: 1.0000 F1: 1.0000
Epoch 115: Time: 0.3864 Cost: 0.0021 Pre: 1.0000 Re: 1.0000 Acc: 1.0000 F1: 1.0000
Epoch 116: Time: 0.3862 Cost: 0.0021 Pre: 1.0000 Re: 1.0000 Acc: 1.0000 F1: 1.0000
Epoch 117: Time: 0.3820 Cost: 0.0020 Pre: 1.0000 Re: 1.0000 Acc: 1.0000 F1: 1.0000
Epoch 118: Time: 0.3869 Cost: 0.0020 Pre: 1.0000 Re: 1.0000 Acc: 1.0000 F1: 1.0000
Epoch 119: Time: 0.3889 Cost: 0.0019 Pre: 1.0000 Re: 1.0000 Acc: 1.0000 F1: 1.0000
Epoch 120: Time: 0.3856 Cost: 0.0019 Pre: 1.0000 Re: 1.0000 Acc: 1.0000 F1: 1.0000


--------------------------------------------------------------------
Eval results: Cost:0.0022 Pre:1.0000 Re:1.0000 Acc:1.0000 F1:1.0000
--------------------------------------------------------------------

Epoch 121: Time: 0.3839 Cost: 0.0019 Pre: 1.0000 Re: 1.0000 Acc: 1.0000 F1: 1.0000
Epoch 122: Time: 0.3832 Cost: 0.0018 Pre: 1.0000 Re: 1.0000 Acc: 1.0000 F1: 1.0000
Epoch 123: Time: 0.3917 Cost: 0.0018 Pre: 1.0000 Re: 1.0000 Acc: 1.0000 F1: 1.0000
Epoch 124: Time: 0.3906 Cost: 0.0018 Pre: 1.0000 Re: 1.0000 Acc: 1.0000 F1: 1.0000
Epoch 125: Time: 0.3924 Cost: 0.0017 Pre: 1.0000 Re: 1.0000 Acc: 1.0000 F1: 1.0000
Epoch 126: Time: 0.3882 Cost: 0.0017 Pre: 1.0000 Re: 1.0000 Acc: 1.0000 F1: 1.0000
Epoch 127: Time: 0.4027 Cost: 0.0017 Pre: 1.0000 Re: 1.0000 Acc: 1.0000 F1: 1.0000
Epoch 128: Time: 0.3910 Cost: 0.0017 Pre: 1.0000 Re: 1.0000 Acc: 1.0000 F1: 1.0000
Epoch 129: Time: 0.3840 Cost: 0.0016 Pre: 1.0000 Re: 1.0000 Acc: 1.0000 F1: 1.0000
Epoch 130: Time: 0.3877 Cost: 0.0016 Pre: 1.0000 Re: 1.0000 Acc: 1.0000 F1: 1.0000


--------------------------------------------------------------------
Eval results: Cost:0.0018 Pre:1.0000 Re:1.0000 Acc:1.0000 F1:1.0000
--------------------------------------------------------------------

Early stopping...
--------------------------------------------------------------------
--------------------------------------------------------------------
Test 1996 samples take time: 0.8580
Test results: Cost:0.0016 Pre:1.0000 Re:1.0000 Acc:1.0000 F1:1.0000
--------------------------------------------------------------------

