Load data
RNN type: LSTM Grammar: SP/SP2/1k/ Seed: 1
Model total parameters: 560
Saving hinit ... 

Epoch 0: Time: 0.2221 Cost: 61.4112 Pre: 0.0000 Re: 0.0000 Acc: 0.5000 F1: 0.0000


--------------------------------------------------------------------
Eval results: Cost:61.3263 Pre:0.0000 Re:0.0000 Acc:0.5000 F1:0.0000
--------------------------------------------------------------------

Epoch 1: Time: 0.1145 Cost: 59.1337 Pre: 0.0000 Re: 0.0000 Acc: 0.5000 F1: 0.0000
Epoch 2: Time: 0.1153 Cost: 56.9659 Pre: 0.0000 Re: 0.0000 Acc: 0.5000 F1: 0.0000
Epoch 3: Time: 0.1145 Cost: 54.7724 Pre: 0.0000 Re: 0.0000 Acc: 0.5000 F1: 0.0000
Epoch 4: Time: 0.1153 Cost: 52.2895 Pre: 0.0000 Re: 0.0000 Acc: 0.5000 F1: 0.0000
Epoch 5: Time: 0.1176 Cost: 49.3188 Pre: 0.0000 Re: 0.0000 Acc: 0.5000 F1: 0.0000
Epoch 6: Time: 0.1155 Cost: 45.7087 Pre: 0.0000 Re: 0.0000 Acc: 0.5000 F1: 0.0000
Epoch 7: Time: 0.1160 Cost: 41.3813 Pre: 0.0000 Re: 0.0000 Acc: 0.5000 F1: 0.0000
Epoch 8: Time: 0.1165 Cost: 36.5081 Pre: 0.0000 Re: 0.0000 Acc: 0.5000 F1: 0.0000
Epoch 9: Time: 0.1175 Cost: 31.8630 Pre: 0.0000 Re: 0.0000 Acc: 0.5000 F1: 0.0000
Epoch 10: Time: 0.1180 Cost: 28.0493 Pre: 0.8750 Re: 0.0140 Acc: 0.5060 F1: 0.0276


--------------------------------------------------------------------
Eval results: Cost:26.1306 Pre:0.9155 Re:0.1300 Acc:0.5590 F1:0.2277
--------------------------------------------------------------------

Epoch 11: Time: 0.1185 Cost: 25.4354 Pre: 0.7214 Re: 0.2020 Acc: 0.5620 F1: 0.3156
Epoch 12: Time: 0.1184 Cost: 24.2607 Pre: 0.6510 Re: 0.2500 Acc: 0.5580 F1: 0.3613
Epoch 13: Time: 0.1186 Cost: 23.3778 Pre: 0.6652 Re: 0.3100 Acc: 0.5770 F1: 0.4229
Epoch 14: Time: 0.1184 Cost: 22.3100 Pre: 0.7298 Re: 0.4160 Acc: 0.6310 F1: 0.5299
Epoch 15: Time: 0.1184 Cost: 20.9739 Pre: 0.8000 Re: 0.5200 Acc: 0.6950 F1: 0.6303
Epoch 16: Time: 0.1186 Cost: 19.4168 Pre: 0.8182 Re: 0.6120 Acc: 0.7380 F1: 0.7002
Epoch 17: Time: 0.1189 Cost: 17.7321 Pre: 0.8239 Re: 0.7020 Acc: 0.7760 F1: 0.7581
Epoch 18: Time: 0.1188 Cost: 16.2580 Pre: 0.7869 Re: 0.7460 Acc: 0.7720 F1: 0.7659
Epoch 19: Time: 0.1189 Cost: 15.2661 Pre: 0.7874 Re: 0.7480 Acc: 0.7730 F1: 0.7672
Epoch 20: Time: 0.1189 Cost: 14.6567 Pre: 0.7957 Re: 0.8100 Acc: 0.8010 F1: 0.8028


--------------------------------------------------------------------
Eval results: Cost:13.8003 Pre:0.8423 Re:0.7800 Acc:0.8170 F1:0.8100
--------------------------------------------------------------------

Epoch 21: Time: 0.1193 Cost: 14.2479 Pre: 0.7926 Re: 0.8180 Acc: 0.8020 F1: 0.8051
Epoch 22: Time: 0.1189 Cost: 14.0548 Pre: 0.7946 Re: 0.8280 Acc: 0.8070 F1: 0.8110
Epoch 23: Time: 0.1190 Cost: 13.8842 Pre: 0.8008 Re: 0.8280 Acc: 0.8110 F1: 0.8142
Epoch 24: Time: 0.1190 Cost: 13.7089 Pre: 0.8054 Re: 0.8280 Acc: 0.8140 F1: 0.8166
Epoch 25: Time: 0.1191 Cost: 13.5253 Pre: 0.8097 Re: 0.8340 Acc: 0.8190 F1: 0.8217
Epoch 26: Time: 0.1189 Cost: 13.3391 Pre: 0.8104 Re: 0.8380 Acc: 0.8210 F1: 0.8240
Epoch 27: Time: 0.1190 Cost: 13.1457 Pre: 0.8140 Re: 0.8400 Acc: 0.8240 F1: 0.8268
Epoch 28: Time: 0.1190 Cost: 12.9422 Pre: 0.8187 Re: 0.8400 Acc: 0.8270 F1: 0.8292
Epoch 29: Time: 0.1190 Cost: 12.7351 Pre: 0.8242 Re: 0.8440 Acc: 0.8320 F1: 0.8340
Epoch 30: Time: 0.1191 Cost: 12.5298 Pre: 0.8258 Re: 0.8440 Acc: 0.8330 F1: 0.8348


--------------------------------------------------------------------
Eval results: Cost:12.2281 Pre:0.8496 Re:0.8020 Acc:0.8300 F1:0.8251
--------------------------------------------------------------------

Epoch 31: Time: 0.1189 Cost: 12.3202 Pre: 0.8297 Re: 0.8480 Acc: 0.8370 F1: 0.8388
Epoch 32: Time: 0.1193 Cost: 12.2030 Pre: 0.8285 Re: 0.8500 Acc: 0.8370 F1: 0.8391
Epoch 33: Time: 0.1190 Cost: 12.0793 Pre: 0.8366 Re: 0.8500 Acc: 0.8420 F1: 0.8433
Epoch 34: Time: 0.1192 Cost: 11.9451 Pre: 0.8396 Re: 0.8480 Acc: 0.8430 F1: 0.8438
Epoch 35: Time: 0.1189 Cost: 11.8030 Pre: 0.8422 Re: 0.8540 Acc: 0.8470 F1: 0.8481
Epoch 36: Time: 0.1190 Cost: 11.6545 Pre: 0.8406 Re: 0.8540 Acc: 0.8460 F1: 0.8472
Epoch 37: Time: 0.1192 Cost: 11.4910 Pre: 0.8409 Re: 0.8560 Acc: 0.8470 F1: 0.8484
Epoch 38: Time: 0.1192 Cost: 11.3107 Pre: 0.8431 Re: 0.8600 Acc: 0.8500 F1: 0.8515
Epoch 39: Time: 0.1192 Cost: 11.1189 Pre: 0.8481 Re: 0.8600 Acc: 0.8530 F1: 0.8540
Epoch 40: Time: 0.1191 Cost: 10.9180 Pre: 0.8521 Re: 0.8640 Acc: 0.8570 F1: 0.8580


--------------------------------------------------------------------
Eval results: Cost:11.1321 Pre:0.8550 Re:0.8140 Acc:0.8380 F1:0.8340
--------------------------------------------------------------------

Epoch 41: Time: 0.1196 Cost: 10.6995 Pre: 0.8532 Re: 0.8720 Acc: 0.8610 F1: 0.8625
Epoch 42: Time: 0.1194 Cost: 10.5700 Pre: 0.8549 Re: 0.8720 Acc: 0.8620 F1: 0.8634
Epoch 43: Time: 0.1195 Cost: 10.4247 Pre: 0.8602 Re: 0.8740 Acc: 0.8660 F1: 0.8671
Epoch 44: Time: 0.1197 Cost: 10.2634 Pre: 0.8673 Re: 0.8760 Acc: 0.8710 F1: 0.8716
Epoch 45: Time: 0.1196 Cost: 10.0961 Pre: 0.8740 Re: 0.8740 Acc: 0.8740 F1: 0.8740
Epoch 46: Time: 0.1199 Cost: 9.9229 Pre: 0.8730 Re: 0.8800 Acc: 0.8760 F1: 0.8765
Epoch 47: Time: 0.1202 Cost: 9.7340 Pre: 0.8767 Re: 0.8820 Acc: 0.8790 F1: 0.8794
Epoch 48: Time: 0.1198 Cost: 9.5377 Pre: 0.8765 Re: 0.8800 Acc: 0.8780 F1: 0.8782
Epoch 49: Time: 0.1200 Cost: 9.3440 Pre: 0.8785 Re: 0.8820 Acc: 0.8800 F1: 0.8802
Epoch 50: Time: 0.1197 Cost: 9.1525 Pre: 0.8807 Re: 0.8860 Acc: 0.8830 F1: 0.8833


--------------------------------------------------------------------
Eval results: Cost:9.8803 Pre:0.8601 Re:0.8240 Acc:0.8450 F1:0.8417
--------------------------------------------------------------------

Epoch 51: Time: 0.1201 Cost: 8.9608 Pre: 0.8775 Re: 0.8880 Acc: 0.8820 F1: 0.8827
Epoch 52: Time: 0.1201 Cost: 8.8552 Pre: 0.8792 Re: 0.8880 Acc: 0.8830 F1: 0.8836
Epoch 53: Time: 0.1199 Cost: 8.7440 Pre: 0.8807 Re: 0.8860 Acc: 0.8830 F1: 0.8833
Epoch 54: Time: 0.1197 Cost: 8.6308 Pre: 0.8810 Re: 0.8880 Acc: 0.8840 F1: 0.8845
Epoch 55: Time: 0.1199 Cost: 8.5170 Pre: 0.8814 Re: 0.8920 Acc: 0.8860 F1: 0.8867
Epoch 56: Time: 0.1202 Cost: 8.3883 Pre: 0.8834 Re: 0.8940 Acc: 0.8880 F1: 0.8887
Epoch 57: Time: 0.1201 Cost: 8.2547 Pre: 0.8871 Re: 0.8960 Acc: 0.8910 F1: 0.8915
Epoch 58: Time: 0.1201 Cost: 8.1272 Pre: 0.8889 Re: 0.8960 Acc: 0.8920 F1: 0.8924
Epoch 59: Time: 0.1201 Cost: 8.0071 Pre: 0.8911 Re: 0.9000 Acc: 0.8950 F1: 0.8955
Epoch 60: Time: 0.1200 Cost: 7.8955 Pre: 0.8913 Re: 0.9020 Acc: 0.8960 F1: 0.8966


--------------------------------------------------------------------
Eval results: Cost:8.7224 Pre:0.8799 Re:0.8500 Acc:0.8670 F1:0.8647
--------------------------------------------------------------------

Epoch 61: Time: 0.1201 Cost: 7.7827 Pre: 0.8917 Re: 0.9060 Acc: 0.8980 F1: 0.8988
Epoch 62: Time: 0.1200 Cost: 7.7258 Pre: 0.8917 Re: 0.9060 Acc: 0.8980 F1: 0.8988
Epoch 63: Time: 0.1204 Cost: 7.6656 Pre: 0.8935 Re: 0.9060 Acc: 0.8990 F1: 0.8997
Epoch 64: Time: 0.1204 Cost: 7.6057 Pre: 0.8935 Re: 0.9060 Acc: 0.8990 F1: 0.8997
Epoch 65: Time: 0.1205 Cost: 7.5472 Pre: 0.8937 Re: 0.9080 Acc: 0.9000 F1: 0.9008
Epoch 66: Time: 0.1201 Cost: 7.4785 Pre: 0.8972 Re: 0.9080 Acc: 0.9020 F1: 0.9026
Epoch 67: Time: 0.1201 Cost: 7.4058 Pre: 0.8974 Re: 0.9100 Acc: 0.9030 F1: 0.9037
Epoch 68: Time: 0.1200 Cost: 7.3255 Pre: 0.8976 Re: 0.9120 Acc: 0.9040 F1: 0.9048
Epoch 69: Time: 0.1200 Cost: 7.2398 Pre: 0.8976 Re: 0.9120 Acc: 0.9040 F1: 0.9048
Epoch 70: Time: 0.1200 Cost: 7.1498 Pre: 0.8976 Re: 0.9120 Acc: 0.9040 F1: 0.9048


--------------------------------------------------------------------
Eval results: Cost:7.8731 Pre:0.8935 Re:0.8560 Acc:0.8770 F1:0.8744
--------------------------------------------------------------------

Epoch 71: Time: 0.1201 Cost: 7.0506 Pre: 0.8961 Re: 0.9140 Acc: 0.9040 F1: 0.9050
Epoch 72: Time: 0.1201 Cost: 7.0073 Pre: 0.8961 Re: 0.9140 Acc: 0.9040 F1: 0.9050
Epoch 73: Time: 0.1202 Cost: 6.9525 Pre: 0.8978 Re: 0.9140 Acc: 0.9050 F1: 0.9058
Epoch 74: Time: 0.1206 Cost: 6.8980 Pre: 0.8978 Re: 0.9140 Acc: 0.9050 F1: 0.9058
Epoch 75: Time: 0.1206 Cost: 6.8430 Pre: 0.8978 Re: 0.9140 Acc: 0.9050 F1: 0.9058
Epoch 76: Time: 0.1202 Cost: 6.7794 Pre: 0.8996 Re: 0.9140 Acc: 0.9060 F1: 0.9067
Epoch 77: Time: 0.1201 Cost: 6.7108 Pre: 0.8996 Re: 0.9140 Acc: 0.9060 F1: 0.9067
Epoch 78: Time: 0.1201 Cost: 6.6308 Pre: 0.8998 Re: 0.9160 Acc: 0.9070 F1: 0.9078
Epoch 79: Time: 0.1202 Cost: 6.5453 Pre: 0.8998 Re: 0.9160 Acc: 0.9070 F1: 0.9078
Epoch 80: Time: 0.1205 Cost: 6.4543 Pre: 0.9016 Re: 0.9160 Acc: 0.9080 F1: 0.9087


--------------------------------------------------------------------
Eval results: Cost:7.0310 Pre:0.9008 Re:0.8720 Acc:0.8880 F1:0.8862
--------------------------------------------------------------------

Epoch 81: Time: 0.1206 Cost: 6.3552 Pre: 0.9016 Re: 0.9160 Acc: 0.9080 F1: 0.9087
Epoch 82: Time: 0.1205 Cost: 6.3109 Pre: 0.9016 Re: 0.9160 Acc: 0.9080 F1: 0.9087
Epoch 83: Time: 0.1204 Cost: 6.2533 Pre: 0.9016 Re: 0.9160 Acc: 0.9080 F1: 0.9087
Epoch 84: Time: 0.1202 Cost: 6.2004 Pre: 0.9016 Re: 0.9160 Acc: 0.9080 F1: 0.9087
Epoch 85: Time: 0.1203 Cost: 6.1472 Pre: 0.9018 Re: 0.9180 Acc: 0.9090 F1: 0.9098
Epoch 86: Time: 0.1204 Cost: 6.0847 Pre: 0.9037 Re: 0.9200 Acc: 0.9110 F1: 0.9118
Epoch 87: Time: 0.1203 Cost: 6.0129 Pre: 0.9055 Re: 0.9200 Acc: 0.9120 F1: 0.9127
Epoch 88: Time: 0.1206 Cost: 5.9345 Pre: 0.9057 Re: 0.9220 Acc: 0.9130 F1: 0.9138
Epoch 89: Time: 0.1206 Cost: 5.8494 Pre: 0.9093 Re: 0.9220 Acc: 0.9150 F1: 0.9156
Epoch 90: Time: 0.1207 Cost: 5.7592 Pre: 0.9129 Re: 0.9220 Acc: 0.9170 F1: 0.9174


--------------------------------------------------------------------
Eval results: Cost:6.2384 Pre:0.9112 Re:0.8820 Acc:0.8980 F1:0.8963
--------------------------------------------------------------------

Epoch 91: Time: 0.1204 Cost: 5.6630 Pre: 0.9132 Re: 0.9260 Acc: 0.9190 F1: 0.9196
Epoch 92: Time: 0.1201 Cost: 5.6133 Pre: 0.9114 Re: 0.9260 Acc: 0.9180 F1: 0.9187
Epoch 93: Time: 0.1208 Cost: 5.5626 Pre: 0.9132 Re: 0.9260 Acc: 0.9190 F1: 0.9196
Epoch 94: Time: 0.1210 Cost: 5.5123 Pre: 0.9134 Re: 0.9280 Acc: 0.9200 F1: 0.9206
Epoch 95: Time: 0.1204 Cost: 5.4582 Pre: 0.9152 Re: 0.9280 Acc: 0.9210 F1: 0.9215
Epoch 96: Time: 0.1204 Cost: 5.3990 Pre: 0.9172 Re: 0.9300 Acc: 0.9230 F1: 0.9235
Epoch 97: Time: 0.1212 Cost: 5.3300 Pre: 0.9190 Re: 0.9300 Acc: 0.9240 F1: 0.9245
Epoch 98: Time: 0.1203 Cost: 5.2552 Pre: 0.9211 Re: 0.9340 Acc: 0.9270 F1: 0.9275
Epoch 99: Time: 0.1202 Cost: 5.1755 Pre: 0.9266 Re: 0.9340 Acc: 0.9300 F1: 0.9303
Epoch 100: Time: 0.1202 Cost: 5.0913 Pre: 0.9286 Re: 0.9360 Acc: 0.9320 F1: 0.9323


--------------------------------------------------------------------
Eval results: Cost:5.6045 Pre:0.9274 Re:0.8940 Acc:0.9120 F1:0.9104
--------------------------------------------------------------------

Epoch 101: Time: 0.1201 Cost: 5.0008 Pre: 0.9287 Re: 0.9380 Acc: 0.9330 F1: 0.9333
Epoch 102: Time: 0.1199 Cost: 4.9567 Pre: 0.9287 Re: 0.9380 Acc: 0.9330 F1: 0.9333
Epoch 103: Time: 0.1201 Cost: 4.9134 Pre: 0.9363 Re: 0.9400 Acc: 0.9380 F1: 0.9381
Epoch 104: Time: 0.1203 Cost: 4.8688 Pre: 0.9364 Re: 0.9420 Acc: 0.9390 F1: 0.9392
Epoch 105: Time: 0.1202 Cost: 4.8215 Pre: 0.9384 Re: 0.9440 Acc: 0.9410 F1: 0.9412
Epoch 106: Time: 0.1201 Cost: 4.7708 Pre: 0.9384 Re: 0.9440 Acc: 0.9410 F1: 0.9412
Epoch 107: Time: 0.1201 Cost: 4.7121 Pre: 0.9385 Re: 0.9460 Acc: 0.9420 F1: 0.9422
Epoch 108: Time: 0.1209 Cost: 4.6485 Pre: 0.9422 Re: 0.9460 Acc: 0.9440 F1: 0.9441
Epoch 109: Time: 0.1206 Cost: 4.5812 Pre: 0.9429 Re: 0.9580 Acc: 0.9500 F1: 0.9504
Epoch 110: Time: 0.1203 Cost: 4.5108 Pre: 0.9429 Re: 0.9580 Acc: 0.9500 F1: 0.9504


--------------------------------------------------------------------
Eval results: Cost:5.0835 Pre:0.9486 Re:0.9220 Acc:0.9360 F1:0.9351
--------------------------------------------------------------------

Epoch 111: Time: 0.1211 Cost: 4.4348 Pre: 0.9467 Re: 0.9600 Acc: 0.9530 F1: 0.9533
Epoch 112: Time: 0.1343 Cost: 4.3955 Pre: 0.9467 Re: 0.9600 Acc: 0.9530 F1: 0.9533
Epoch 113: Time: 0.1207 Cost: 4.3547 Pre: 0.9467 Re: 0.9600 Acc: 0.9530 F1: 0.9533
Epoch 114: Time: 0.1200 Cost: 4.3183 Pre: 0.9486 Re: 0.9600 Acc: 0.9540 F1: 0.9543
Epoch 115: Time: 0.1220 Cost: 4.2751 Pre: 0.9486 Re: 0.9600 Acc: 0.9540 F1: 0.9543
Epoch 116: Time: 0.1203 Cost: 4.2316 Pre: 0.9486 Re: 0.9600 Acc: 0.9540 F1: 0.9543
Epoch 117: Time: 0.1209 Cost: 4.1783 Pre: 0.9505 Re: 0.9600 Acc: 0.9550 F1: 0.9552
Epoch 118: Time: 0.1205 Cost: 4.1241 Pre: 0.9524 Re: 0.9600 Acc: 0.9560 F1: 0.9562
Epoch 119: Time: 0.1204 Cost: 4.0637 Pre: 0.9543 Re: 0.9600 Acc: 0.9570 F1: 0.9571
Epoch 120: Time: 0.1208 Cost: 4.0014 Pre: 0.9601 Re: 0.9620 Acc: 0.9610 F1: 0.9610


--------------------------------------------------------------------
Eval results: Cost:4.5279 Pre:0.9665 Re:0.9240 Acc:0.9460 F1:0.9448
--------------------------------------------------------------------

Epoch 121: Time: 0.1204 Cost: 3.9374 Pre: 0.9601 Re: 0.9620 Acc: 0.9610 F1: 0.9610
Epoch 122: Time: 0.1204 Cost: 3.9037 Pre: 0.9601 Re: 0.9620 Acc: 0.9610 F1: 0.9610
Epoch 123: Time: 0.1209 Cost: 3.8678 Pre: 0.9601 Re: 0.9620 Acc: 0.9610 F1: 0.9610
Epoch 124: Time: 0.1219 Cost: 3.8355 Pre: 0.9601 Re: 0.9620 Acc: 0.9610 F1: 0.9610
Epoch 125: Time: 0.1203 Cost: 3.8022 Pre: 0.9620 Re: 0.9620 Acc: 0.9620 F1: 0.9620
Epoch 126: Time: 0.1201 Cost: 3.7629 Pre: 0.9620 Re: 0.9620 Acc: 0.9620 F1: 0.9620
Epoch 127: Time: 0.1211 Cost: 3.7201 Pre: 0.9620 Re: 0.9620 Acc: 0.9620 F1: 0.9620
Epoch 128: Time: 0.1201 Cost: 3.6699 Pre: 0.9639 Re: 0.9620 Acc: 0.9630 F1: 0.9630
Epoch 129: Time: 0.1202 Cost: 3.6172 Pre: 0.9698 Re: 0.9620 Acc: 0.9660 F1: 0.9659
Epoch 130: Time: 0.1201 Cost: 3.5589 Pre: 0.9738 Re: 0.9660 Acc: 0.9700 F1: 0.9699


--------------------------------------------------------------------
Eval results: Cost:4.0921 Pre:0.9770 Re:0.9360 Acc:0.9570 F1:0.9561
--------------------------------------------------------------------

Epoch 131: Time: 0.1193 Cost: 3.4990 Pre: 0.9797 Re: 0.9660 Acc: 0.9730 F1: 0.9728
Epoch 132: Time: 0.1190 Cost: 3.4728 Pre: 0.9797 Re: 0.9660 Acc: 0.9730 F1: 0.9728
Epoch 133: Time: 0.1189 Cost: 3.4371 Pre: 0.9778 Re: 0.9680 Acc: 0.9730 F1: 0.9729
Epoch 134: Time: 0.1188 Cost: 3.4082 Pre: 0.9798 Re: 0.9700 Acc: 0.9750 F1: 0.9749
Epoch 135: Time: 0.1190 Cost: 3.3774 Pre: 0.9838 Re: 0.9700 Acc: 0.9770 F1: 0.9768
Epoch 136: Time: 0.1193 Cost: 3.3436 Pre: 0.9838 Re: 0.9720 Acc: 0.9780 F1: 0.9779
Epoch 137: Time: 0.1187 Cost: 3.3035 Pre: 0.9838 Re: 0.9720 Acc: 0.9780 F1: 0.9779
Epoch 138: Time: 0.1187 Cost: 3.2586 Pre: 0.9858 Re: 0.9720 Acc: 0.9790 F1: 0.9789
Epoch 139: Time: 0.1189 Cost: 3.2082 Pre: 0.9858 Re: 0.9720 Acc: 0.9790 F1: 0.9789
Epoch 140: Time: 0.1188 Cost: 3.1533 Pre: 0.9858 Re: 0.9720 Acc: 0.9790 F1: 0.9789


--------------------------------------------------------------------
Eval results: Cost:3.6998 Pre:0.9854 Re:0.9420 Acc:0.9640 F1:0.9632
--------------------------------------------------------------------

Epoch 141: Time: 0.1190 Cost: 3.0946 Pre: 0.9878 Re: 0.9720 Acc: 0.9800 F1: 0.9798
Epoch 142: Time: 0.1187 Cost: 3.0636 Pre: 0.9858 Re: 0.9720 Acc: 0.9790 F1: 0.9789
Epoch 143: Time: 0.1187 Cost: 3.0304 Pre: 0.9878 Re: 0.9720 Acc: 0.9800 F1: 0.9798
Epoch 144: Time: 0.1187 Cost: 2.9984 Pre: 0.9898 Re: 0.9720 Acc: 0.9810 F1: 0.9808
Epoch 145: Time: 0.1193 Cost: 2.9656 Pre: 0.9898 Re: 0.9720 Acc: 0.9810 F1: 0.9808
Epoch 146: Time: 0.1188 Cost: 2.9257 Pre: 0.9898 Re: 0.9720 Acc: 0.9810 F1: 0.9808
Epoch 147: Time: 0.1188 Cost: 2.8812 Pre: 0.9899 Re: 0.9760 Acc: 0.9830 F1: 0.9829
Epoch 148: Time: 0.1186 Cost: 2.8305 Pre: 0.9899 Re: 0.9760 Acc: 0.9830 F1: 0.9829
Epoch 149: Time: 0.1189 Cost: 2.7749 Pre: 0.9899 Re: 0.9760 Acc: 0.9830 F1: 0.9829
Epoch 150: Time: 0.1188 Cost: 2.7144 Pre: 0.9899 Re: 0.9760 Acc: 0.9830 F1: 0.9829


--------------------------------------------------------------------
Eval results: Cost:3.3254 Pre:0.9937 Re:0.9480 Acc:0.9710 F1:0.9703
--------------------------------------------------------------------

Epoch 151: Time: 0.1188 Cost: 2.6530 Pre: 0.9919 Re: 0.9760 Acc: 0.9840 F1: 0.9839
Epoch 152: Time: 0.1187 Cost: 2.6177 Pre: 0.9919 Re: 0.9760 Acc: 0.9840 F1: 0.9839
Epoch 153: Time: 0.1187 Cost: 2.5808 Pre: 0.9919 Re: 0.9760 Acc: 0.9840 F1: 0.9839
Epoch 154: Time: 0.1188 Cost: 2.5479 Pre: 0.9919 Re: 0.9760 Acc: 0.9840 F1: 0.9839
Epoch 155: Time: 0.1186 Cost: 2.5115 Pre: 0.9939 Re: 0.9760 Acc: 0.9850 F1: 0.9849
Epoch 156: Time: 0.1187 Cost: 2.4693 Pre: 0.9939 Re: 0.9760 Acc: 0.9850 F1: 0.9849
Epoch 157: Time: 0.1192 Cost: 2.4214 Pre: 0.9939 Re: 0.9760 Acc: 0.9850 F1: 0.9849
Epoch 158: Time: 0.1188 Cost: 2.3682 Pre: 0.9939 Re: 0.9760 Acc: 0.9850 F1: 0.9849
Epoch 159: Time: 0.1186 Cost: 2.3096 Pre: 0.9939 Re: 0.9760 Acc: 0.9850 F1: 0.9849
Epoch 160: Time: 0.1187 Cost: 2.2477 Pre: 0.9980 Re: 0.9780 Acc: 0.9880 F1: 0.9879


--------------------------------------------------------------------
Eval results: Cost:2.9766 Pre:0.9938 Re:0.9560 Acc:0.9750 F1:0.9745
--------------------------------------------------------------------

Epoch 161: Time: 0.1191 Cost: 2.1909 Pre: 0.9980 Re: 0.9780 Acc: 0.9880 F1: 0.9879
Epoch 162: Time: 0.1188 Cost: 2.1609 Pre: 0.9980 Re: 0.9780 Acc: 0.9880 F1: 0.9879
Epoch 163: Time: 0.1186 Cost: 2.1218 Pre: 0.9980 Re: 0.9780 Acc: 0.9880 F1: 0.9879
Epoch 164: Time: 0.1190 Cost: 2.0901 Pre: 0.9980 Re: 0.9800 Acc: 0.9890 F1: 0.9889
Epoch 165: Time: 0.1189 Cost: 2.0600 Pre: 0.9980 Re: 0.9800 Acc: 0.9890 F1: 0.9889
Epoch 166: Time: 0.1185 Cost: 2.0242 Pre: 0.9980 Re: 0.9800 Acc: 0.9890 F1: 0.9889
Epoch 167: Time: 0.1186 Cost: 1.9835 Pre: 0.9980 Re: 0.9820 Acc: 0.9900 F1: 0.9899
Epoch 168: Time: 0.1185 Cost: 1.9384 Pre: 0.9980 Re: 0.9820 Acc: 0.9900 F1: 0.9899
Epoch 169: Time: 0.1185 Cost: 1.8885 Pre: 0.9980 Re: 0.9840 Acc: 0.9910 F1: 0.9909
Epoch 170: Time: 0.1185 Cost: 1.8348 Pre: 0.9980 Re: 0.9840 Acc: 0.9910 F1: 0.9909


--------------------------------------------------------------------
Eval results: Cost:2.6252 Pre:0.9979 Re:0.9640 Acc:0.9810 F1:0.9807
--------------------------------------------------------------------

Epoch 171: Time: 0.1186 Cost: 1.7818 Pre: 0.9980 Re: 0.9840 Acc: 0.9910 F1: 0.9909
Epoch 172: Time: 0.1185 Cost: 1.7533 Pre: 0.9980 Re: 0.9840 Acc: 0.9910 F1: 0.9909
Epoch 173: Time: 0.1188 Cost: 1.7234 Pre: 0.9980 Re: 0.9840 Acc: 0.9910 F1: 0.9909
Epoch 174: Time: 0.1184 Cost: 1.6960 Pre: 0.9980 Re: 0.9840 Acc: 0.9910 F1: 0.9909
Epoch 175: Time: 0.1185 Cost: 1.6681 Pre: 0.9980 Re: 0.9840 Acc: 0.9910 F1: 0.9909
Epoch 176: Time: 0.1184 Cost: 1.6357 Pre: 0.9980 Re: 0.9860 Acc: 0.9920 F1: 0.9920
Epoch 177: Time: 0.1185 Cost: 1.5989 Pre: 0.9980 Re: 0.9860 Acc: 0.9920 F1: 0.9920
Epoch 178: Time: 0.1186 Cost: 1.5583 Pre: 0.9980 Re: 0.9900 Acc: 0.9940 F1: 0.9940
Epoch 179: Time: 0.1185 Cost: 1.5138 Pre: 0.9980 Re: 0.9900 Acc: 0.9940 F1: 0.9940
Epoch 180: Time: 0.1185 Cost: 1.4660 Pre: 0.9980 Re: 0.9920 Acc: 0.9950 F1: 0.9950


--------------------------------------------------------------------
Eval results: Cost:2.2646 Pre:0.9979 Re:0.9720 Acc:0.9850 F1:0.9848
--------------------------------------------------------------------

Epoch 181: Time: 0.1186 Cost: 1.4167 Pre: 0.9980 Re: 0.9940 Acc: 0.9960 F1: 0.9960
Epoch 182: Time: 0.1185 Cost: 1.3860 Pre: 0.9980 Re: 0.9960 Acc: 0.9970 F1: 0.9970
Epoch 183: Time: 0.1184 Cost: 1.3578 Pre: 0.9980 Re: 0.9960 Acc: 0.9970 F1: 0.9970
Epoch 184: Time: 0.1185 Cost: 1.3307 Pre: 0.9980 Re: 0.9960 Acc: 0.9970 F1: 0.9970
Epoch 185: Time: 0.1185 Cost: 1.3002 Pre: 0.9980 Re: 0.9960 Acc: 0.9970 F1: 0.9970
Epoch 186: Time: 0.1185 Cost: 1.2668 Pre: 0.9980 Re: 0.9960 Acc: 0.9970 F1: 0.9970
Epoch 187: Time: 0.1184 Cost: 1.2298 Pre: 0.9980 Re: 0.9980 Acc: 0.9980 F1: 0.9980
Epoch 188: Time: 0.1189 Cost: 1.1902 Pre: 0.9980 Re: 0.9980 Acc: 0.9980 F1: 0.9980
Epoch 189: Time: 0.1185 Cost: 1.1503 Pre: 0.9980 Re: 0.9980 Acc: 0.9980 F1: 0.9980
Epoch 190: Time: 0.1190 Cost: 1.1095 Pre: 0.9980 Re: 0.9980 Acc: 0.9980 F1: 0.9980


--------------------------------------------------------------------
Eval results: Cost:1.8993 Pre:0.9980 Re:0.9800 Acc:0.9890 F1:0.9889
--------------------------------------------------------------------

Epoch 191: Time: 0.1184 Cost: 1.0687 Pre: 1.0000 Re: 0.9980 Acc: 0.9990 F1: 0.9990
Epoch 192: Time: 0.1185 Cost: 1.0509 Pre: 0.9980 Re: 0.9980 Acc: 0.9980 F1: 0.9980
Epoch 193: Time: 0.1185 Cost: 1.0238 Pre: 0.9980 Re: 0.9980 Acc: 0.9980 F1: 0.9980
Epoch 194: Time: 0.1185 Cost: 0.9953 Pre: 0.9980 Re: 0.9980 Acc: 0.9980 F1: 0.9980
Epoch 195: Time: 0.1185 Cost: 0.9721 Pre: 0.9980 Re: 0.9980 Acc: 0.9980 F1: 0.9980
Epoch 196: Time: 0.1184 Cost: 0.9472 Pre: 0.9980 Re: 1.0000 Acc: 0.9990 F1: 0.9990
Epoch 197: Time: 0.1184 Cost: 0.9191 Pre: 0.9980 Re: 1.0000 Acc: 0.9990 F1: 0.9990
Epoch 198: Time: 0.1185 Cost: 0.8888 Pre: 0.9980 Re: 1.0000 Acc: 0.9990 F1: 0.9990
Epoch 199: Time: 0.1189 Cost: 0.8554 Pre: 1.0000 Re: 1.0000 Acc: 1.0000 F1: 1.0000
Epoch 200: Time: 0.1186 Cost: 0.8212 Pre: 1.0000 Re: 1.0000 Acc: 1.0000 F1: 1.0000


--------------------------------------------------------------------
Eval results: Cost:1.5919 Pre:0.9980 Re:0.9820 Acc:0.9900 F1:0.9899
--------------------------------------------------------------------

Epoch 201: Time: 0.1189 Cost: 0.7855 Pre: 1.0000 Re: 1.0000 Acc: 1.0000 F1: 1.0000
Epoch 202: Time: 0.1192 Cost: 0.7652 Pre: 1.0000 Re: 1.0000 Acc: 1.0000 F1: 1.0000
Epoch 203: Time: 0.1185 Cost: 0.7472 Pre: 1.0000 Re: 1.0000 Acc: 1.0000 F1: 1.0000
Epoch 204: Time: 0.1183 Cost: 0.7299 Pre: 1.0000 Re: 1.0000 Acc: 1.0000 F1: 1.0000
Epoch 205: Time: 0.1185 Cost: 0.7109 Pre: 1.0000 Re: 1.0000 Acc: 1.0000 F1: 1.0000
Epoch 206: Time: 0.1185 Cost: 0.6896 Pre: 1.0000 Re: 1.0000 Acc: 1.0000 F1: 1.0000
Epoch 207: Time: 0.1188 Cost: 0.6661 Pre: 1.0000 Re: 1.0000 Acc: 1.0000 F1: 1.0000
Epoch 208: Time: 0.1192 Cost: 0.6406 Pre: 1.0000 Re: 1.0000 Acc: 1.0000 F1: 1.0000
Epoch 209: Time: 0.1188 Cost: 0.6132 Pre: 1.0000 Re: 1.0000 Acc: 1.0000 F1: 1.0000
Epoch 210: Time: 0.1188 Cost: 0.5851 Pre: 1.0000 Re: 1.0000 Acc: 1.0000 F1: 1.0000


--------------------------------------------------------------------
Eval results: Cost:1.3966 Pre:1.0000 Re:0.9840 Acc:0.9920 F1:0.9919
--------------------------------------------------------------------

Epoch 211: Time: 0.1187 Cost: 0.5580 Pre: 1.0000 Re: 1.0000 Acc: 1.0000 F1: 1.0000
Epoch 212: Time: 0.1186 Cost: 0.5429 Pre: 1.0000 Re: 1.0000 Acc: 1.0000 F1: 1.0000
Epoch 213: Time: 0.1197 Cost: 0.5269 Pre: 1.0000 Re: 1.0000 Acc: 1.0000 F1: 1.0000
Epoch 214: Time: 0.1191 Cost: 0.5135 Pre: 1.0000 Re: 1.0000 Acc: 1.0000 F1: 1.0000
Epoch 215: Time: 0.1186 Cost: 0.4998 Pre: 1.0000 Re: 1.0000 Acc: 1.0000 F1: 1.0000
Epoch 216: Time: 0.1185 Cost: 0.4835 Pre: 1.0000 Re: 1.0000 Acc: 1.0000 F1: 1.0000
Epoch 217: Time: 0.1186 Cost: 0.4658 Pre: 1.0000 Re: 1.0000 Acc: 1.0000 F1: 1.0000
Epoch 218: Time: 0.1185 Cost: 0.4459 Pre: 1.0000 Re: 1.0000 Acc: 1.0000 F1: 1.0000
Epoch 219: Time: 0.1187 Cost: 0.4243 Pre: 1.0000 Re: 1.0000 Acc: 1.0000 F1: 1.0000
Epoch 220: Time: 0.1199 Cost: 0.4011 Pre: 1.0000 Re: 1.0000 Acc: 1.0000 F1: 1.0000


--------------------------------------------------------------------
Eval results: Cost:0.9904 Pre:1.0000 Re:0.9900 Acc:0.9950 F1:0.9950
--------------------------------------------------------------------

Epoch 221: Time: 0.1185 Cost: 0.3775 Pre: 1.0000 Re: 1.0000 Acc: 1.0000 F1: 1.0000
Epoch 222: Time: 0.1185 Cost: 0.3651 Pre: 1.0000 Re: 1.0000 Acc: 1.0000 F1: 1.0000
Epoch 223: Time: 0.1213 Cost: 0.3553 Pre: 1.0000 Re: 1.0000 Acc: 1.0000 F1: 1.0000
Epoch 224: Time: 0.1186 Cost: 0.3459 Pre: 1.0000 Re: 1.0000 Acc: 1.0000 F1: 1.0000
Epoch 225: Time: 0.1184 Cost: 0.3356 Pre: 1.0000 Re: 1.0000 Acc: 1.0000 F1: 1.0000
Epoch 226: Time: 0.1186 Cost: 0.3237 Pre: 1.0000 Re: 1.0000 Acc: 1.0000 F1: 1.0000
Epoch 227: Time: 0.1184 Cost: 0.3101 Pre: 1.0000 Re: 1.0000 Acc: 1.0000 F1: 1.0000
Epoch 228: Time: 0.1187 Cost: 0.2949 Pre: 1.0000 Re: 1.0000 Acc: 1.0000 F1: 1.0000
Epoch 229: Time: 0.1186 Cost: 0.2782 Pre: 1.0000 Re: 1.0000 Acc: 1.0000 F1: 1.0000
Epoch 230: Time: 0.1208 Cost: 0.2603 Pre: 1.0000 Re: 1.0000 Acc: 1.0000 F1: 1.0000


--------------------------------------------------------------------
Eval results: Cost:0.7651 Pre:1.0000 Re:0.9920 Acc:0.9960 F1:0.9960
--------------------------------------------------------------------

Epoch 231: Time: 0.1187 Cost: 0.2427 Pre: 1.0000 Re: 1.0000 Acc: 1.0000 F1: 1.0000
Epoch 232: Time: 0.1185 Cost: 0.2335 Pre: 1.0000 Re: 1.0000 Acc: 1.0000 F1: 1.0000
Epoch 233: Time: 0.1187 Cost: 0.2255 Pre: 1.0000 Re: 1.0000 Acc: 1.0000 F1: 1.0000
Epoch 234: Time: 0.1220 Cost: 0.2183 Pre: 1.0000 Re: 1.0000 Acc: 1.0000 F1: 1.0000
Epoch 235: Time: 0.1186 Cost: 0.2106 Pre: 1.0000 Re: 1.0000 Acc: 1.0000 F1: 1.0000
Epoch 236: Time: 0.1186 Cost: 0.2024 Pre: 1.0000 Re: 1.0000 Acc: 1.0000 F1: 1.0000
Epoch 237: Time: 0.1185 Cost: 0.1935 Pre: 1.0000 Re: 1.0000 Acc: 1.0000 F1: 1.0000
Epoch 238: Time: 0.1188 Cost: 0.1841 Pre: 1.0000 Re: 1.0000 Acc: 1.0000 F1: 1.0000
Epoch 239: Time: 0.1189 Cost: 0.1745 Pre: 1.0000 Re: 1.0000 Acc: 1.0000 F1: 1.0000
Epoch 240: Time: 0.1185 Cost: 0.1647 Pre: 1.0000 Re: 1.0000 Acc: 1.0000 F1: 1.0000


--------------------------------------------------------------------
Eval results: Cost:0.6105 Pre:1.0000 Re:0.9920 Acc:0.9960 F1:0.9960
--------------------------------------------------------------------

Epoch 241: Time: 0.1187 Cost: 0.1555 Pre: 1.0000 Re: 1.0000 Acc: 1.0000 F1: 1.0000
Epoch 242: Time: 0.1193 Cost: 0.1515 Pre: 1.0000 Re: 1.0000 Acc: 1.0000 F1: 1.0000
Epoch 243: Time: 0.1186 Cost: 0.1488 Pre: 1.0000 Re: 1.0000 Acc: 1.0000 F1: 1.0000
Epoch 244: Time: 0.1188 Cost: 0.1464 Pre: 1.0000 Re: 1.0000 Acc: 1.0000 F1: 1.0000
Epoch 245: Time: 0.1220 Cost: 0.1440 Pre: 1.0000 Re: 1.0000 Acc: 1.0000 F1: 1.0000
Epoch 246: Time: 0.1192 Cost: 0.1415 Pre: 1.0000 Re: 1.0000 Acc: 1.0000 F1: 1.0000
Epoch 247: Time: 0.1194 Cost: 0.1388 Pre: 1.0000 Re: 1.0000 Acc: 1.0000 F1: 1.0000
Epoch 248: Time: 0.1184 Cost: 0.1358 Pre: 1.0000 Re: 1.0000 Acc: 1.0000 F1: 1.0000
Epoch 249: Time: 0.1186 Cost: 0.1326 Pre: 1.0000 Re: 1.0000 Acc: 1.0000 F1: 1.0000
Epoch 250: Time: 0.1187 Cost: 0.1291 Pre: 1.0000 Re: 1.0000 Acc: 1.0000 F1: 1.0000


--------------------------------------------------------------------
Eval results: Cost:0.4999 Pre:1.0000 Re:0.9920 Acc:0.9960 F1:0.9960
--------------------------------------------------------------------

Epoch 251: Time: 0.1191 Cost: 0.1254 Pre: 1.0000 Re: 1.0000 Acc: 1.0000 F1: 1.0000
Epoch 252: Time: 0.1185 Cost: 0.1235 Pre: 1.0000 Re: 1.0000 Acc: 1.0000 F1: 1.0000
Epoch 253: Time: 0.1187 Cost: 0.1222 Pre: 1.0000 Re: 1.0000 Acc: 1.0000 F1: 1.0000
Epoch 254: Time: 0.1186 Cost: 0.1209 Pre: 1.0000 Re: 1.0000 Acc: 1.0000 F1: 1.0000
Epoch 255: Time: 0.1187 Cost: 0.1195 Pre: 1.0000 Re: 1.0000 Acc: 1.0000 F1: 1.0000
Epoch 256: Time: 0.1189 Cost: 0.1179 Pre: 1.0000 Re: 1.0000 Acc: 1.0000 F1: 1.0000
Epoch 257: Time: 0.1185 Cost: 0.1162 Pre: 1.0000 Re: 1.0000 Acc: 1.0000 F1: 1.0000
Epoch 258: Time: 0.1219 Cost: 0.1142 Pre: 1.0000 Re: 1.0000 Acc: 1.0000 F1: 1.0000
Epoch 259: Time: 0.1185 Cost: 0.1120 Pre: 1.0000 Re: 1.0000 Acc: 1.0000 F1: 1.0000
Epoch 260: Time: 0.1184 Cost: 0.1095 Pre: 1.0000 Re: 1.0000 Acc: 1.0000 F1: 1.0000


--------------------------------------------------------------------
Eval results: Cost:0.4262 Pre:1.0000 Re:0.9960 Acc:0.9980 F1:0.9980
--------------------------------------------------------------------

Epoch 261: Time: 0.1186 Cost: 0.1069 Pre: 1.0000 Re: 1.0000 Acc: 1.0000 F1: 1.0000
Epoch 262: Time: 0.1188 Cost: 0.1052 Pre: 1.0000 Re: 1.0000 Acc: 1.0000 F1: 1.0000
Epoch 263: Time: 0.1186 Cost: 0.1037 Pre: 1.0000 Re: 1.0000 Acc: 1.0000 F1: 1.0000
Epoch 264: Time: 0.1194 Cost: 0.1022 Pre: 1.0000 Re: 1.0000 Acc: 1.0000 F1: 1.0000
Epoch 265: Time: 0.1186 Cost: 0.1005 Pre: 1.0000 Re: 1.0000 Acc: 1.0000 F1: 1.0000
Epoch 266: Time: 0.1188 Cost: 0.0987 Pre: 1.0000 Re: 1.0000 Acc: 1.0000 F1: 1.0000
Epoch 267: Time: 0.1184 Cost: 0.0966 Pre: 1.0000 Re: 1.0000 Acc: 1.0000 F1: 1.0000
Epoch 268: Time: 0.1192 Cost: 0.0945 Pre: 1.0000 Re: 1.0000 Acc: 1.0000 F1: 1.0000
Epoch 269: Time: 0.1187 Cost: 0.0922 Pre: 1.0000 Re: 1.0000 Acc: 1.0000 F1: 1.0000
Epoch 270: Time: 0.1186 Cost: 0.0899 Pre: 1.0000 Re: 1.0000 Acc: 1.0000 F1: 1.0000


--------------------------------------------------------------------
Eval results: Cost:0.3793 Pre:1.0000 Re:0.9960 Acc:0.9980 F1:0.9980
--------------------------------------------------------------------

Epoch 271: Time: 0.1189 Cost: 0.0872 Pre: 1.0000 Re: 1.0000 Acc: 1.0000 F1: 1.0000
Epoch 272: Time: 0.1183 Cost: 0.0860 Pre: 1.0000 Re: 1.0000 Acc: 1.0000 F1: 1.0000
Epoch 273: Time: 0.1195 Cost: 0.0848 Pre: 1.0000 Re: 1.0000 Acc: 1.0000 F1: 1.0000
Epoch 274: Time: 0.1209 Cost: 0.0837 Pre: 1.0000 Re: 1.0000 Acc: 1.0000 F1: 1.0000
Epoch 275: Time: 0.1185 Cost: 0.0825 Pre: 1.0000 Re: 1.0000 Acc: 1.0000 F1: 1.0000
Epoch 276: Time: 0.1183 Cost: 0.0812 Pre: 1.0000 Re: 1.0000 Acc: 1.0000 F1: 1.0000
Epoch 277: Time: 0.1184 Cost: 0.0799 Pre: 1.0000 Re: 1.0000 Acc: 1.0000 F1: 1.0000
Epoch 278: Time: 0.1186 Cost: 0.0784 Pre: 1.0000 Re: 1.0000 Acc: 1.0000 F1: 1.0000
Epoch 279: Time: 0.1192 Cost: 0.0769 Pre: 1.0000 Re: 1.0000 Acc: 1.0000 F1: 1.0000
Epoch 280: Time: 0.1184 Cost: 0.0754 Pre: 1.0000 Re: 1.0000 Acc: 1.0000 F1: 1.0000


--------------------------------------------------------------------
Eval results: Cost:0.3506 Pre:1.0000 Re:0.9960 Acc:0.9980 F1:0.9980
--------------------------------------------------------------------

Epoch 281: Time: 0.1185 Cost: 0.0731 Pre: 1.0000 Re: 1.0000 Acc: 1.0000 F1: 1.0000
Epoch 282: Time: 0.1187 Cost: 0.0726 Pre: 1.0000 Re: 1.0000 Acc: 1.0000 F1: 1.0000
Epoch 283: Time: 0.1186 Cost: 0.0716 Pre: 1.0000 Re: 1.0000 Acc: 1.0000 F1: 1.0000
Epoch 284: Time: 0.1183 Cost: 0.0709 Pre: 1.0000 Re: 1.0000 Acc: 1.0000 F1: 1.0000
Epoch 285: Time: 0.1186 Cost: 0.0701 Pre: 1.0000 Re: 1.0000 Acc: 1.0000 F1: 1.0000
Epoch 286: Time: 0.1190 Cost: 0.0693 Pre: 1.0000 Re: 1.0000 Acc: 1.0000 F1: 1.0000
Epoch 287: Time: 0.1189 Cost: 0.0685 Pre: 1.0000 Re: 1.0000 Acc: 1.0000 F1: 1.0000
Epoch 288: Time: 0.1183 Cost: 0.0675 Pre: 1.0000 Re: 1.0000 Acc: 1.0000 F1: 1.0000
Epoch 289: Time: 0.1187 Cost: 0.0665 Pre: 1.0000 Re: 1.0000 Acc: 1.0000 F1: 1.0000
Epoch 290: Time: 0.1232 Cost: 0.0655 Pre: 1.0000 Re: 1.0000 Acc: 1.0000 F1: 1.0000


--------------------------------------------------------------------
Eval results: Cost:0.3151 Pre:1.0000 Re:0.9960 Acc:0.9980 F1:0.9980
--------------------------------------------------------------------

Epoch 291: Time: 0.1186 Cost: 0.0637 Pre: 1.0000 Re: 1.0000 Acc: 1.0000 F1: 1.0000
Epoch 292: Time: 0.1184 Cost: 0.0637 Pre: 1.0000 Re: 1.0000 Acc: 1.0000 F1: 1.0000
Epoch 293: Time: 0.1186 Cost: 0.0628 Pre: 1.0000 Re: 1.0000 Acc: 1.0000 F1: 1.0000
Epoch 294: Time: 0.1190 Cost: 0.0623 Pre: 1.0000 Re: 1.0000 Acc: 1.0000 F1: 1.0000
Epoch 295: Time: 0.1186 Cost: 0.0619 Pre: 1.0000 Re: 1.0000 Acc: 1.0000 F1: 1.0000
Epoch 296: Time: 0.1187 Cost: 0.0613 Pre: 1.0000 Re: 1.0000 Acc: 1.0000 F1: 1.0000
Epoch 297: Time: 0.1187 Cost: 0.0608 Pre: 1.0000 Re: 1.0000 Acc: 1.0000 F1: 1.0000
Epoch 298: Time: 0.1185 Cost: 0.0602 Pre: 1.0000 Re: 1.0000 Acc: 1.0000 F1: 1.0000
Epoch 299: Time: 0.1188 Cost: 0.0596 Pre: 1.0000 Re: 1.0000 Acc: 1.0000 F1: 1.0000
Epoch 300: Time: 0.1192 Cost: 0.0589 Pre: 1.0000 Re: 1.0000 Acc: 1.0000 F1: 1.0000


--------------------------------------------------------------------
Eval results: Cost:0.2717 Pre:1.0000 Re:0.9960 Acc:0.9980 F1:0.9980
--------------------------------------------------------------------

Epoch 301: Time: 0.1191 Cost: 0.0575 Pre: 1.0000 Re: 1.0000 Acc: 1.0000 F1: 1.0000
Epoch 302: Time: 0.1213 Cost: 0.0575 Pre: 1.0000 Re: 1.0000 Acc: 1.0000 F1: 1.0000
Epoch 303: Time: 0.1183 Cost: 0.0571 Pre: 1.0000 Re: 1.0000 Acc: 1.0000 F1: 1.0000
Epoch 304: Time: 0.1184 Cost: 0.0567 Pre: 1.0000 Re: 1.0000 Acc: 1.0000 F1: 1.0000
Epoch 305: Time: 0.1183 Cost: 0.0564 Pre: 1.0000 Re: 1.0000 Acc: 1.0000 F1: 1.0000
Epoch 306: Time: 0.1188 Cost: 0.0561 Pre: 1.0000 Re: 1.0000 Acc: 1.0000 F1: 1.0000
Epoch 307: Time: 0.1183 Cost: 0.0558 Pre: 1.0000 Re: 1.0000 Acc: 1.0000 F1: 1.0000
Epoch 308: Time: 0.1185 Cost: 0.0554 Pre: 1.0000 Re: 1.0000 Acc: 1.0000 F1: 1.0000
Epoch 309: Time: 0.1183 Cost: 0.0550 Pre: 1.0000 Re: 1.0000 Acc: 1.0000 F1: 1.0000
Epoch 310: Time: 0.1187 Cost: 0.0545 Pre: 1.0000 Re: 1.0000 Acc: 1.0000 F1: 1.0000


--------------------------------------------------------------------
Eval results: Cost:0.2443 Pre:1.0000 Re:0.9960 Acc:0.9980 F1:0.9980
--------------------------------------------------------------------

Epoch 311: Time: 0.1188 Cost: 0.0535 Pre: 1.0000 Re: 1.0000 Acc: 1.0000 F1: 1.0000
Epoch 312: Time: 0.1184 Cost: 0.0533 Pre: 1.0000 Re: 1.0000 Acc: 1.0000 F1: 1.0000
Epoch 313: Time: 0.1183 Cost: 0.0531 Pre: 1.0000 Re: 1.0000 Acc: 1.0000 F1: 1.0000
Epoch 314: Time: 0.1184 Cost: 0.0529 Pre: 1.0000 Re: 1.0000 Acc: 1.0000 F1: 1.0000
Epoch 315: Time: 0.1183 Cost: 0.0527 Pre: 1.0000 Re: 1.0000 Acc: 1.0000 F1: 1.0000
Epoch 316: Time: 0.1186 Cost: 0.0524 Pre: 1.0000 Re: 1.0000 Acc: 1.0000 F1: 1.0000
Epoch 317: Time: 0.1184 Cost: 0.0522 Pre: 1.0000 Re: 1.0000 Acc: 1.0000 F1: 1.0000
Epoch 318: Time: 0.1187 Cost: 0.0519 Pre: 1.0000 Re: 1.0000 Acc: 1.0000 F1: 1.0000
Epoch 319: Time: 0.1185 Cost: 0.0515 Pre: 1.0000 Re: 1.0000 Acc: 1.0000 F1: 1.0000
Epoch 320: Time: 0.1184 Cost: 0.0511 Pre: 1.0000 Re: 1.0000 Acc: 1.0000 F1: 1.0000


--------------------------------------------------------------------
Eval results: Cost:0.2257 Pre:1.0000 Re:0.9960 Acc:0.9980 F1:0.9980
--------------------------------------------------------------------

Epoch 321: Time: 0.1185 Cost: 0.0502 Pre: 1.0000 Re: 1.0000 Acc: 1.0000 F1: 1.0000
Epoch 322: Time: 0.1184 Cost: 0.0501 Pre: 1.0000 Re: 1.0000 Acc: 1.0000 F1: 1.0000
Epoch 323: Time: 0.1189 Cost: 0.0499 Pre: 1.0000 Re: 1.0000 Acc: 1.0000 F1: 1.0000
Epoch 324: Time: 0.1183 Cost: 0.0497 Pre: 1.0000 Re: 1.0000 Acc: 1.0000 F1: 1.0000
Epoch 325: Time: 0.1188 Cost: 0.0496 Pre: 1.0000 Re: 1.0000 Acc: 1.0000 F1: 1.0000
Epoch 326: Time: 0.1183 Cost: 0.0494 Pre: 1.0000 Re: 1.0000 Acc: 1.0000 F1: 1.0000
Epoch 327: Time: 0.1184 Cost: 0.0491 Pre: 1.0000 Re: 1.0000 Acc: 1.0000 F1: 1.0000
Epoch 328: Time: 0.1182 Cost: 0.0489 Pre: 1.0000 Re: 1.0000 Acc: 1.0000 F1: 1.0000
Epoch 329: Time: 0.1184 Cost: 0.0486 Pre: 1.0000 Re: 1.0000 Acc: 1.0000 F1: 1.0000
Epoch 330: Time: 0.1187 Cost: 0.0482 Pre: 1.0000 Re: 1.0000 Acc: 1.0000 F1: 1.0000


--------------------------------------------------------------------
Eval results: Cost:0.2062 Pre:1.0000 Re:0.9960 Acc:0.9980 F1:0.9980
--------------------------------------------------------------------

Epoch 331: Time: 0.1185 Cost: 0.0474 Pre: 1.0000 Re: 1.0000 Acc: 1.0000 F1: 1.0000
Epoch 332: Time: 0.1184 Cost: 0.0473 Pre: 1.0000 Re: 1.0000 Acc: 1.0000 F1: 1.0000
Epoch 333: Time: 0.1192 Cost: 0.0471 Pre: 1.0000 Re: 1.0000 Acc: 1.0000 F1: 1.0000
Epoch 334: Time: 0.1186 Cost: 0.0470 Pre: 1.0000 Re: 1.0000 Acc: 1.0000 F1: 1.0000
Epoch 335: Time: 0.1184 Cost: 0.0468 Pre: 1.0000 Re: 1.0000 Acc: 1.0000 F1: 1.0000
Epoch 336: Time: 0.1184 Cost: 0.0466 Pre: 1.0000 Re: 1.0000 Acc: 1.0000 F1: 1.0000
Epoch 337: Time: 0.1184 Cost: 0.0464 Pre: 1.0000 Re: 1.0000 Acc: 1.0000 F1: 1.0000
Epoch 338: Time: 0.1183 Cost: 0.0462 Pre: 1.0000 Re: 1.0000 Acc: 1.0000 F1: 1.0000
Epoch 339: Time: 0.1186 Cost: 0.0459 Pre: 1.0000 Re: 1.0000 Acc: 1.0000 F1: 1.0000
Epoch 340: Time: 0.1185 Cost: 0.0456 Pre: 1.0000 Re: 1.0000 Acc: 1.0000 F1: 1.0000


--------------------------------------------------------------------
Eval results: Cost:0.1869 Pre:1.0000 Re:0.9980 Acc:0.9990 F1:0.9990
--------------------------------------------------------------------

Epoch 341: Time: 0.1190 Cost: 0.0448 Pre: 1.0000 Re: 1.0000 Acc: 1.0000 F1: 1.0000
Epoch 342: Time: 0.1188 Cost: 0.0447 Pre: 1.0000 Re: 1.0000 Acc: 1.0000 F1: 1.0000
Epoch 343: Time: 0.1187 Cost: 0.0446 Pre: 1.0000 Re: 1.0000 Acc: 1.0000 F1: 1.0000
Epoch 344: Time: 0.1187 Cost: 0.0444 Pre: 1.0000 Re: 1.0000 Acc: 1.0000 F1: 1.0000
Epoch 345: Time: 0.1192 Cost: 0.0443 Pre: 1.0000 Re: 1.0000 Acc: 1.0000 F1: 1.0000
Epoch 346: Time: 0.1194 Cost: 0.0441 Pre: 1.0000 Re: 1.0000 Acc: 1.0000 F1: 1.0000
Epoch 347: Time: 0.1206 Cost: 0.0439 Pre: 1.0000 Re: 1.0000 Acc: 1.0000 F1: 1.0000
Epoch 348: Time: 0.1224 Cost: 0.0437 Pre: 1.0000 Re: 1.0000 Acc: 1.0000 F1: 1.0000
Epoch 349: Time: 0.1192 Cost: 0.0434 Pre: 1.0000 Re: 1.0000 Acc: 1.0000 F1: 1.0000
Epoch 350: Time: 0.1190 Cost: 0.0431 Pre: 1.0000 Re: 1.0000 Acc: 1.0000 F1: 1.0000


--------------------------------------------------------------------
Eval results: Cost:0.1688 Pre:1.0000 Re:0.9980 Acc:0.9990 F1:0.9990
--------------------------------------------------------------------

Epoch 351: Time: 0.1193 Cost: 0.0423 Pre: 1.0000 Re: 1.0000 Acc: 1.0000 F1: 1.0000
Epoch 352: Time: 0.1191 Cost: 0.0422 Pre: 1.0000 Re: 1.0000 Acc: 1.0000 F1: 1.0000
Epoch 353: Time: 0.1187 Cost: 0.0421 Pre: 1.0000 Re: 1.0000 Acc: 1.0000 F1: 1.0000
Epoch 354: Time: 0.1194 Cost: 0.0419 Pre: 1.0000 Re: 1.0000 Acc: 1.0000 F1: 1.0000
Epoch 355: Time: 0.1183 Cost: 0.0418 Pre: 1.0000 Re: 1.0000 Acc: 1.0000 F1: 1.0000
Epoch 356: Time: 0.1183 Cost: 0.0416 Pre: 1.0000 Re: 1.0000 Acc: 1.0000 F1: 1.0000
Epoch 357: Time: 0.1182 Cost: 0.0414 Pre: 1.0000 Re: 1.0000 Acc: 1.0000 F1: 1.0000
Epoch 358: Time: 0.1183 Cost: 0.0412 Pre: 1.0000 Re: 1.0000 Acc: 1.0000 F1: 1.0000
Epoch 359: Time: 0.1184 Cost: 0.0409 Pre: 1.0000 Re: 1.0000 Acc: 1.0000 F1: 1.0000
Epoch 360: Time: 0.1185 Cost: 0.0407 Pre: 1.0000 Re: 1.0000 Acc: 1.0000 F1: 1.0000


--------------------------------------------------------------------
Eval results: Cost:0.1526 Pre:1.0000 Re:0.9980 Acc:0.9990 F1:0.9990
--------------------------------------------------------------------

Epoch 361: Time: 0.1184 Cost: 0.0399 Pre: 1.0000 Re: 1.0000 Acc: 1.0000 F1: 1.0000
Epoch 362: Time: 0.1184 Cost: 0.0398 Pre: 1.0000 Re: 1.0000 Acc: 1.0000 F1: 1.0000
Epoch 363: Time: 0.1183 Cost: 0.0396 Pre: 1.0000 Re: 1.0000 Acc: 1.0000 F1: 1.0000
Epoch 364: Time: 0.1184 Cost: 0.0394 Pre: 1.0000 Re: 1.0000 Acc: 1.0000 F1: 1.0000
Epoch 365: Time: 0.1183 Cost: 0.0393 Pre: 1.0000 Re: 1.0000 Acc: 1.0000 F1: 1.0000
Epoch 366: Time: 0.1184 Cost: 0.0391 Pre: 1.0000 Re: 1.0000 Acc: 1.0000 F1: 1.0000
Epoch 367: Time: 0.1183 Cost: 0.0389 Pre: 1.0000 Re: 1.0000 Acc: 1.0000 F1: 1.0000
Epoch 368: Time: 0.1186 Cost: 0.0387 Pre: 1.0000 Re: 1.0000 Acc: 1.0000 F1: 1.0000
Epoch 369: Time: 0.1184 Cost: 0.0385 Pre: 1.0000 Re: 1.0000 Acc: 1.0000 F1: 1.0000
Epoch 370: Time: 0.1184 Cost: 0.0382 Pre: 1.0000 Re: 1.0000 Acc: 1.0000 F1: 1.0000


--------------------------------------------------------------------
Eval results: Cost:0.1386 Pre:1.0000 Re:1.0000 Acc:1.0000 F1:1.0000
--------------------------------------------------------------------

Epoch 371: Time: 0.1185 Cost: 0.0374 Pre: 1.0000 Re: 1.0000 Acc: 1.0000 F1: 1.0000
Epoch 372: Time: 0.1184 Cost: 0.0373 Pre: 1.0000 Re: 1.0000 Acc: 1.0000 F1: 1.0000
Epoch 373: Time: 0.1184 Cost: 0.0371 Pre: 1.0000 Re: 1.0000 Acc: 1.0000 F1: 1.0000
Epoch 374: Time: 0.1184 Cost: 0.0370 Pre: 1.0000 Re: 1.0000 Acc: 1.0000 F1: 1.0000
Epoch 375: Time: 0.1185 Cost: 0.0368 Pre: 1.0000 Re: 1.0000 Acc: 1.0000 F1: 1.0000
Epoch 376: Time: 0.1184 Cost: 0.0367 Pre: 1.0000 Re: 1.0000 Acc: 1.0000 F1: 1.0000
Epoch 377: Time: 0.1189 Cost: 0.0365 Pre: 1.0000 Re: 1.0000 Acc: 1.0000 F1: 1.0000
Epoch 378: Time: 0.1187 Cost: 0.0363 Pre: 1.0000 Re: 1.0000 Acc: 1.0000 F1: 1.0000
Epoch 379: Time: 0.1186 Cost: 0.0361 Pre: 1.0000 Re: 1.0000 Acc: 1.0000 F1: 1.0000
Epoch 380: Time: 0.1184 Cost: 0.0359 Pre: 1.0000 Re: 1.0000 Acc: 1.0000 F1: 1.0000


--------------------------------------------------------------------
Eval results: Cost:0.1284 Pre:1.0000 Re:1.0000 Acc:1.0000 F1:1.0000
--------------------------------------------------------------------

Epoch 381: Time: 0.1185 Cost: 0.0350 Pre: 1.0000 Re: 1.0000 Acc: 1.0000 F1: 1.0000
Epoch 382: Time: 0.1186 Cost: 0.0349 Pre: 1.0000 Re: 1.0000 Acc: 1.0000 F1: 1.0000
Epoch 383: Time: 0.1184 Cost: 0.0348 Pre: 1.0000 Re: 1.0000 Acc: 1.0000 F1: 1.0000
Epoch 384: Time: 0.1183 Cost: 0.0347 Pre: 1.0000 Re: 1.0000 Acc: 1.0000 F1: 1.0000
Epoch 385: Time: 0.1184 Cost: 0.0345 Pre: 1.0000 Re: 1.0000 Acc: 1.0000 F1: 1.0000
Epoch 386: Time: 0.1182 Cost: 0.0344 Pre: 1.0000 Re: 1.0000 Acc: 1.0000 F1: 1.0000
Epoch 387: Time: 0.1184 Cost: 0.0342 Pre: 1.0000 Re: 1.0000 Acc: 1.0000 F1: 1.0000
Epoch 388: Time: 0.1183 Cost: 0.0341 Pre: 1.0000 Re: 1.0000 Acc: 1.0000 F1: 1.0000
Epoch 389: Time: 0.1183 Cost: 0.0339 Pre: 1.0000 Re: 1.0000 Acc: 1.0000 F1: 1.0000
Epoch 390: Time: 0.1190 Cost: 0.0337 Pre: 1.0000 Re: 1.0000 Acc: 1.0000 F1: 1.0000


--------------------------------------------------------------------
Eval results: Cost:0.1215 Pre:1.0000 Re:1.0000 Acc:1.0000 F1:1.0000
--------------------------------------------------------------------

Epoch 391: Time: 0.1184 Cost: 0.0329 Pre: 1.0000 Re: 1.0000 Acc: 1.0000 F1: 1.0000
Epoch 392: Time: 0.1183 Cost: 0.0328 Pre: 1.0000 Re: 1.0000 Acc: 1.0000 F1: 1.0000
Epoch 393: Time: 0.1183 Cost: 0.0327 Pre: 1.0000 Re: 1.0000 Acc: 1.0000 F1: 1.0000
Epoch 394: Time: 0.1183 Cost: 0.0326 Pre: 1.0000 Re: 1.0000 Acc: 1.0000 F1: 1.0000
Epoch 395: Time: 0.1183 Cost: 0.0324 Pre: 1.0000 Re: 1.0000 Acc: 1.0000 F1: 1.0000
Epoch 396: Time: 0.1182 Cost: 0.0323 Pre: 1.0000 Re: 1.0000 Acc: 1.0000 F1: 1.0000
Epoch 397: Time: 0.1183 Cost: 0.0322 Pre: 1.0000 Re: 1.0000 Acc: 1.0000 F1: 1.0000
Epoch 398: Time: 0.1187 Cost: 0.0321 Pre: 1.0000 Re: 1.0000 Acc: 1.0000 F1: 1.0000
Epoch 399: Time: 0.1185 Cost: 0.0319 Pre: 1.0000 Re: 1.0000 Acc: 1.0000 F1: 1.0000
Epoch 400: Time: 0.1183 Cost: 0.0318 Pre: 1.0000 Re: 1.0000 Acc: 1.0000 F1: 1.0000


--------------------------------------------------------------------
Eval results: Cost:0.1172 Pre:1.0000 Re:1.0000 Acc:1.0000 F1:1.0000
--------------------------------------------------------------------

Epoch 401: Time: 0.1185 Cost: 0.0310 Pre: 1.0000 Re: 1.0000 Acc: 1.0000 F1: 1.0000
Epoch 402: Time: 0.1186 Cost: 0.0309 Pre: 1.0000 Re: 1.0000 Acc: 1.0000 F1: 1.0000
Epoch 403: Time: 0.1186 Cost: 0.0308 Pre: 1.0000 Re: 1.0000 Acc: 1.0000 F1: 1.0000
Epoch 404: Time: 0.1192 Cost: 0.0307 Pre: 1.0000 Re: 1.0000 Acc: 1.0000 F1: 1.0000
Epoch 405: Time: 0.1183 Cost: 0.0306 Pre: 1.0000 Re: 1.0000 Acc: 1.0000 F1: 1.0000
Epoch 406: Time: 0.1186 Cost: 0.0305 Pre: 1.0000 Re: 1.0000 Acc: 1.0000 F1: 1.0000
Epoch 407: Time: 0.1184 Cost: 0.0304 Pre: 1.0000 Re: 1.0000 Acc: 1.0000 F1: 1.0000
Epoch 408: Time: 0.1184 Cost: 0.0303 Pre: 1.0000 Re: 1.0000 Acc: 1.0000 F1: 1.0000
Epoch 409: Time: 0.1186 Cost: 0.0302 Pre: 1.0000 Re: 1.0000 Acc: 1.0000 F1: 1.0000
Epoch 410: Time: 0.1184 Cost: 0.0300 Pre: 1.0000 Re: 1.0000 Acc: 1.0000 F1: 1.0000


--------------------------------------------------------------------
Eval results: Cost:0.1142 Pre:1.0000 Re:1.0000 Acc:1.0000 F1:1.0000
--------------------------------------------------------------------

Epoch 411: Time: 0.1187 Cost: 0.0294 Pre: 1.0000 Re: 1.0000 Acc: 1.0000 F1: 1.0000
Epoch 412: Time: 0.1188 Cost: 0.0293 Pre: 1.0000 Re: 1.0000 Acc: 1.0000 F1: 1.0000
Epoch 413: Time: 0.1186 Cost: 0.0292 Pre: 1.0000 Re: 1.0000 Acc: 1.0000 F1: 1.0000
Epoch 414: Time: 0.1184 Cost: 0.0291 Pre: 1.0000 Re: 1.0000 Acc: 1.0000 F1: 1.0000
Epoch 415: Time: 0.1182 Cost: 0.0290 Pre: 1.0000 Re: 1.0000 Acc: 1.0000 F1: 1.0000
Epoch 416: Time: 0.1184 Cost: 0.0289 Pre: 1.0000 Re: 1.0000 Acc: 1.0000 F1: 1.0000
Epoch 417: Time: 0.1183 Cost: 0.0289 Pre: 1.0000 Re: 1.0000 Acc: 1.0000 F1: 1.0000
Epoch 418: Time: 0.1187 Cost: 0.0287 Pre: 1.0000 Re: 1.0000 Acc: 1.0000 F1: 1.0000
Epoch 419: Time: 0.1184 Cost: 0.0286 Pre: 1.0000 Re: 1.0000 Acc: 1.0000 F1: 1.0000
Epoch 420: Time: 0.1185 Cost: 0.0285 Pre: 1.0000 Re: 1.0000 Acc: 1.0000 F1: 1.0000


--------------------------------------------------------------------
Eval results: Cost:0.1124 Pre:1.0000 Re:1.0000 Acc:1.0000 F1:1.0000
--------------------------------------------------------------------

Epoch 421: Time: 0.1185 Cost: 0.0279 Pre: 1.0000 Re: 1.0000 Acc: 1.0000 F1: 1.0000
Epoch 422: Time: 0.1184 Cost: 0.0279 Pre: 1.0000 Re: 1.0000 Acc: 1.0000 F1: 1.0000
Epoch 423: Time: 0.1184 Cost: 0.0278 Pre: 1.0000 Re: 1.0000 Acc: 1.0000 F1: 1.0000
Epoch 424: Time: 0.1184 Cost: 0.0277 Pre: 1.0000 Re: 1.0000 Acc: 1.0000 F1: 1.0000
Epoch 425: Time: 0.1188 Cost: 0.0276 Pre: 1.0000 Re: 1.0000 Acc: 1.0000 F1: 1.0000
Epoch 426: Time: 0.1187 Cost: 0.0276 Pre: 1.0000 Re: 1.0000 Acc: 1.0000 F1: 1.0000
Epoch 427: Time: 0.1185 Cost: 0.0275 Pre: 1.0000 Re: 1.0000 Acc: 1.0000 F1: 1.0000
Epoch 428: Time: 0.1183 Cost: 0.0274 Pre: 1.0000 Re: 1.0000 Acc: 1.0000 F1: 1.0000
Epoch 429: Time: 0.1183 Cost: 0.0273 Pre: 1.0000 Re: 1.0000 Acc: 1.0000 F1: 1.0000
Epoch 430: Time: 0.1184 Cost: 0.0272 Pre: 1.0000 Re: 1.0000 Acc: 1.0000 F1: 1.0000


--------------------------------------------------------------------
Eval results: Cost:0.1115 Pre:1.0000 Re:1.0000 Acc:1.0000 F1:1.0000
--------------------------------------------------------------------

Epoch 431: Time: 0.1186 Cost: 0.0267 Pre: 1.0000 Re: 1.0000 Acc: 1.0000 F1: 1.0000
Epoch 432: Time: 0.1191 Cost: 0.0266 Pre: 1.0000 Re: 1.0000 Acc: 1.0000 F1: 1.0000
Epoch 433: Time: 0.1184 Cost: 0.0265 Pre: 1.0000 Re: 1.0000 Acc: 1.0000 F1: 1.0000
Epoch 434: Time: 0.1182 Cost: 0.0265 Pre: 1.0000 Re: 1.0000 Acc: 1.0000 F1: 1.0000
Epoch 435: Time: 0.1183 Cost: 0.0264 Pre: 1.0000 Re: 1.0000 Acc: 1.0000 F1: 1.0000
Epoch 436: Time: 0.1184 Cost: 0.0264 Pre: 1.0000 Re: 1.0000 Acc: 1.0000 F1: 1.0000
Epoch 437: Time: 0.1191 Cost: 0.0263 Pre: 1.0000 Re: 1.0000 Acc: 1.0000 F1: 1.0000
Epoch 438: Time: 0.1183 Cost: 0.0262 Pre: 1.0000 Re: 1.0000 Acc: 1.0000 F1: 1.0000
Epoch 439: Time: 0.1189 Cost: 0.0261 Pre: 1.0000 Re: 1.0000 Acc: 1.0000 F1: 1.0000
Epoch 440: Time: 0.1182 Cost: 0.0261 Pre: 1.0000 Re: 1.0000 Acc: 1.0000 F1: 1.0000


--------------------------------------------------------------------
Eval results: Cost:0.1110 Pre:1.0000 Re:1.0000 Acc:1.0000 F1:1.0000
--------------------------------------------------------------------

Epoch 441: Time: 0.1190 Cost: 0.0256 Pre: 1.0000 Re: 1.0000 Acc: 1.0000 F1: 1.0000
Epoch 442: Time: 0.1184 Cost: 0.0255 Pre: 1.0000 Re: 1.0000 Acc: 1.0000 F1: 1.0000
Epoch 443: Time: 0.1182 Cost: 0.0254 Pre: 1.0000 Re: 1.0000 Acc: 1.0000 F1: 1.0000
Epoch 444: Time: 0.1185 Cost: 0.0254 Pre: 1.0000 Re: 1.0000 Acc: 1.0000 F1: 1.0000
Epoch 445: Time: 0.1184 Cost: 0.0253 Pre: 1.0000 Re: 1.0000 Acc: 1.0000 F1: 1.0000
Epoch 446: Time: 0.1191 Cost: 0.0253 Pre: 1.0000 Re: 1.0000 Acc: 1.0000 F1: 1.0000
Epoch 447: Time: 0.1182 Cost: 0.0252 Pre: 1.0000 Re: 1.0000 Acc: 1.0000 F1: 1.0000
Epoch 448: Time: 0.1183 Cost: 0.0252 Pre: 1.0000 Re: 1.0000 Acc: 1.0000 F1: 1.0000
Epoch 449: Time: 0.1183 Cost: 0.0251 Pre: 1.0000 Re: 1.0000 Acc: 1.0000 F1: 1.0000
Epoch 450: Time: 0.1182 Cost: 0.0250 Pre: 1.0000 Re: 1.0000 Acc: 1.0000 F1: 1.0000


--------------------------------------------------------------------
Eval results: Cost:0.1108 Pre:1.0000 Re:1.0000 Acc:1.0000 F1:1.0000
--------------------------------------------------------------------

Epoch 451: Time: 0.1185 Cost: 0.0246 Pre: 1.0000 Re: 1.0000 Acc: 1.0000 F1: 1.0000
Epoch 452: Time: 0.1184 Cost: 0.0245 Pre: 1.0000 Re: 1.0000 Acc: 1.0000 F1: 1.0000
Epoch 453: Time: 0.1201 Cost: 0.0245 Pre: 1.0000 Re: 1.0000 Acc: 1.0000 F1: 1.0000
Epoch 454: Time: 0.1182 Cost: 0.0244 Pre: 1.0000 Re: 1.0000 Acc: 1.0000 F1: 1.0000
Epoch 455: Time: 0.1189 Cost: 0.0244 Pre: 1.0000 Re: 1.0000 Acc: 1.0000 F1: 1.0000
Epoch 456: Time: 0.1185 Cost: 0.0243 Pre: 1.0000 Re: 1.0000 Acc: 1.0000 F1: 1.0000
Epoch 457: Time: 0.1182 Cost: 0.0243 Pre: 1.0000 Re: 1.0000 Acc: 1.0000 F1: 1.0000
Epoch 458: Time: 0.1183 Cost: 0.0242 Pre: 1.0000 Re: 1.0000 Acc: 1.0000 F1: 1.0000
Epoch 459: Time: 0.1187 Cost: 0.0242 Pre: 1.0000 Re: 1.0000 Acc: 1.0000 F1: 1.0000
Epoch 460: Time: 0.1189 Cost: 0.0241 Pre: 1.0000 Re: 1.0000 Acc: 1.0000 F1: 1.0000


--------------------------------------------------------------------
Eval results: Cost:0.1109 Pre:1.0000 Re:1.0000 Acc:1.0000 F1:1.0000
--------------------------------------------------------------------

Epoch 461: Time: 0.1188 Cost: 0.0237 Pre: 1.0000 Re: 1.0000 Acc: 1.0000 F1: 1.0000
Epoch 462: Time: 0.1184 Cost: 0.0236 Pre: 1.0000 Re: 1.0000 Acc: 1.0000 F1: 1.0000
Epoch 463: Time: 0.1183 Cost: 0.0236 Pre: 1.0000 Re: 1.0000 Acc: 1.0000 F1: 1.0000
Epoch 464: Time: 0.1183 Cost: 0.0236 Pre: 1.0000 Re: 1.0000 Acc: 1.0000 F1: 1.0000
Epoch 465: Time: 0.1183 Cost: 0.0235 Pre: 1.0000 Re: 1.0000 Acc: 1.0000 F1: 1.0000
Epoch 466: Time: 0.1184 Cost: 0.0235 Pre: 1.0000 Re: 1.0000 Acc: 1.0000 F1: 1.0000
Epoch 467: Time: 0.1185 Cost: 0.0234 Pre: 1.0000 Re: 1.0000 Acc: 1.0000 F1: 1.0000
Epoch 468: Time: 0.1182 Cost: 0.0234 Pre: 1.0000 Re: 1.0000 Acc: 1.0000 F1: 1.0000
Epoch 469: Time: 0.1184 Cost: 0.0233 Pre: 1.0000 Re: 1.0000 Acc: 1.0000 F1: 1.0000
Epoch 470: Time: 0.1184 Cost: 0.0233 Pre: 1.0000 Re: 1.0000 Acc: 1.0000 F1: 1.0000


--------------------------------------------------------------------
Eval results: Cost:0.1112 Pre:1.0000 Re:1.0000 Acc:1.0000 F1:1.0000
--------------------------------------------------------------------

Epoch 471: Time: 0.1186 Cost: 0.0229 Pre: 1.0000 Re: 1.0000 Acc: 1.0000 F1: 1.0000
Epoch 472: Time: 0.1184 Cost: 0.0229 Pre: 1.0000 Re: 1.0000 Acc: 1.0000 F1: 1.0000
Epoch 473: Time: 0.1184 Cost: 0.0228 Pre: 1.0000 Re: 1.0000 Acc: 1.0000 F1: 1.0000
Epoch 474: Time: 0.1185 Cost: 0.0228 Pre: 1.0000 Re: 1.0000 Acc: 1.0000 F1: 1.0000
Epoch 475: Time: 0.1182 Cost: 0.0227 Pre: 1.0000 Re: 1.0000 Acc: 1.0000 F1: 1.0000
Epoch 476: Time: 0.1185 Cost: 0.0227 Pre: 1.0000 Re: 1.0000 Acc: 1.0000 F1: 1.0000
Epoch 477: Time: 0.1183 Cost: 0.0227 Pre: 1.0000 Re: 1.0000 Acc: 1.0000 F1: 1.0000
Epoch 478: Time: 0.1184 Cost: 0.0226 Pre: 1.0000 Re: 1.0000 Acc: 1.0000 F1: 1.0000
Epoch 479: Time: 0.1187 Cost: 0.0226 Pre: 1.0000 Re: 1.0000 Acc: 1.0000 F1: 1.0000
Epoch 480: Time: 0.1184 Cost: 0.0225 Pre: 1.0000 Re: 1.0000 Acc: 1.0000 F1: 1.0000


--------------------------------------------------------------------
Eval results: Cost:0.1117 Pre:1.0000 Re:1.0000 Acc:1.0000 F1:1.0000
--------------------------------------------------------------------

Epoch 481: Time: 0.1183 Cost: 0.0222 Pre: 1.0000 Re: 1.0000 Acc: 1.0000 F1: 1.0000
Epoch 482: Time: 0.1183 Cost: 0.0221 Pre: 1.0000 Re: 1.0000 Acc: 1.0000 F1: 1.0000
Epoch 483: Time: 0.1183 Cost: 0.0221 Pre: 1.0000 Re: 1.0000 Acc: 1.0000 F1: 1.0000
Epoch 484: Time: 0.1183 Cost: 0.0221 Pre: 1.0000 Re: 1.0000 Acc: 1.0000 F1: 1.0000
Epoch 485: Time: 0.1181 Cost: 0.0220 Pre: 1.0000 Re: 1.0000 Acc: 1.0000 F1: 1.0000
Epoch 486: Time: 0.1183 Cost: 0.0220 Pre: 1.0000 Re: 1.0000 Acc: 1.0000 F1: 1.0000
Epoch 487: Time: 0.1181 Cost: 0.0220 Pre: 1.0000 Re: 1.0000 Acc: 1.0000 F1: 1.0000
Epoch 488: Time: 0.1183 Cost: 0.0219 Pre: 1.0000 Re: 1.0000 Acc: 1.0000 F1: 1.0000
Epoch 489: Time: 0.1183 Cost: 0.0219 Pre: 1.0000 Re: 1.0000 Acc: 1.0000 F1: 1.0000
Epoch 490: Time: 0.1183 Cost: 0.0218 Pre: 1.0000 Re: 1.0000 Acc: 1.0000 F1: 1.0000


--------------------------------------------------------------------
Eval results: Cost:0.1123 Pre:1.0000 Re:0.9980 Acc:0.9990 F1:0.9990
--------------------------------------------------------------------

Epoch 491: Time: 0.1197 Cost: 0.0215 Pre: 1.0000 Re: 1.0000 Acc: 1.0000 F1: 1.0000
Epoch 492: Time: 0.1182 Cost: 0.0215 Pre: 1.0000 Re: 1.0000 Acc: 1.0000 F1: 1.0000
Epoch 493: Time: 0.1183 Cost: 0.0214 Pre: 1.0000 Re: 1.0000 Acc: 1.0000 F1: 1.0000
Epoch 494: Time: 0.1184 Cost: 0.0214 Pre: 1.0000 Re: 1.0000 Acc: 1.0000 F1: 1.0000
Epoch 495: Time: 0.1183 Cost: 0.0214 Pre: 1.0000 Re: 1.0000 Acc: 1.0000 F1: 1.0000
Epoch 496: Time: 0.1182 Cost: 0.0213 Pre: 1.0000 Re: 1.0000 Acc: 1.0000 F1: 1.0000
Epoch 497: Time: 0.1185 Cost: 0.0213 Pre: 1.0000 Re: 1.0000 Acc: 1.0000 F1: 1.0000
Epoch 498: Time: 0.1183 Cost: 0.0213 Pre: 1.0000 Re: 1.0000 Acc: 1.0000 F1: 1.0000
Epoch 499: Time: 0.1185 Cost: 0.0212 Pre: 1.0000 Re: 1.0000 Acc: 1.0000 F1: 1.0000
Reading model ...
--------------------------------------------------------------------
Test 1000 samples take time: 0.4991
Test results: Cost: 0.0112 Precision: 1.0000 Recall: 0.9980 Accuracy: 0.9990 F1: 0.9990
--------------------------------------------------------------------

