Load data
RNN type: LSTM Grammar: SP/SP4/1k/ Seed: 1
Model total parameters: 560
Saving hinit ... 

Epoch 0: Time: 0.1640 Cost: 53.4506 Pre: 0.0000 Re: 0.0000 Acc: 0.5000 F1: 0.0000


--------------------------------------------------------------------
Eval results: Cost:52.4932 Pre:0.0000 Re:0.0000 Acc:0.5000 F1:0.0000
--------------------------------------------------------------------

Epoch 1: Time: 0.1151 Cost: 51.3046 Pre: 0.0000 Re: 0.0000 Acc: 0.5000 F1: 0.0000
Epoch 2: Time: 0.1153 Cost: 49.2559 Pre: 0.0000 Re: 0.0000 Acc: 0.5000 F1: 0.0000
Epoch 3: Time: 0.1149 Cost: 47.1334 Pre: 0.0000 Re: 0.0000 Acc: 0.5000 F1: 0.0000
Epoch 4: Time: 0.1151 Cost: 44.6276 Pre: 0.0000 Re: 0.0000 Acc: 0.5000 F1: 0.0000
Epoch 5: Time: 0.1151 Cost: 41.4957 Pre: 0.0000 Re: 0.0000 Acc: 0.5000 F1: 0.0000
Epoch 6: Time: 0.1163 Cost: 37.6226 Pre: 0.0000 Re: 0.0000 Acc: 0.5000 F1: 0.0000
Epoch 7: Time: 0.1166 Cost: 33.2797 Pre: 0.0000 Re: 0.0000 Acc: 0.5000 F1: 0.0000
Epoch 8: Time: 0.1168 Cost: 29.3391 Pre: 0.0000 Re: 0.0000 Acc: 0.5000 F1: 0.0000
Epoch 9: Time: 0.1177 Cost: 26.5752 Pre: 1.0000 Re: 0.0100 Acc: 0.5050 F1: 0.0198
Epoch 10: Time: 0.1178 Cost: 24.9929 Pre: 0.7759 Re: 0.1800 Acc: 0.5640 F1: 0.2922


--------------------------------------------------------------------
Eval results: Cost:23.8178 Pre:0.7619 Re:0.3520 Acc:0.6210 F1:0.4815
--------------------------------------------------------------------

Epoch 11: Time: 0.1181 Cost: 24.2172 Pre: 0.7289 Re: 0.4140 Acc: 0.6300 F1: 0.5281
Epoch 12: Time: 0.1181 Cost: 23.8680 Pre: 0.7154 Re: 0.5280 Acc: 0.6590 F1: 0.6076
Epoch 13: Time: 0.1180 Cost: 23.5716 Pre: 0.7251 Re: 0.5540 Acc: 0.6720 F1: 0.6281
Epoch 14: Time: 0.1186 Cost: 23.2385 Pre: 0.7412 Re: 0.5500 Acc: 0.6790 F1: 0.6315
Epoch 15: Time: 0.1185 Cost: 22.8623 Pre: 0.7634 Re: 0.5420 Acc: 0.6870 F1: 0.6339
Epoch 16: Time: 0.1190 Cost: 22.4415 Pre: 0.7749 Re: 0.5300 Acc: 0.6880 F1: 0.6295
Epoch 17: Time: 0.1187 Cost: 21.9693 Pre: 0.7811 Re: 0.5280 Acc: 0.6900 F1: 0.6301
Epoch 18: Time: 0.1186 Cost: 21.4415 Pre: 0.7880 Re: 0.5500 Acc: 0.7010 F1: 0.6478
Epoch 19: Time: 0.1189 Cost: 20.8661 Pre: 0.8006 Re: 0.5780 Acc: 0.7170 F1: 0.6713
Epoch 20: Time: 0.1192 Cost: 20.2660 Pre: 0.7968 Re: 0.6040 Acc: 0.7250 F1: 0.6871


--------------------------------------------------------------------
Eval results: Cost:18.3513 Pre:0.8418 Re:0.6920 Acc:0.7810 F1:0.7596
--------------------------------------------------------------------

Epoch 21: Time: 0.1191 Cost: 19.7166 Pre: 0.7995 Re: 0.6300 Acc: 0.7360 F1: 0.7047
Epoch 22: Time: 0.1193 Cost: 19.4115 Pre: 0.7927 Re: 0.6500 Acc: 0.7400 F1: 0.7143
Epoch 23: Time: 0.1191 Cost: 19.1877 Pre: 0.7946 Re: 0.6500 Acc: 0.7410 F1: 0.7151
Epoch 24: Time: 0.1194 Cost: 18.9711 Pre: 0.8049 Re: 0.6520 Acc: 0.7470 F1: 0.7204
Epoch 25: Time: 0.1195 Cost: 18.7383 Pre: 0.8060 Re: 0.6480 Acc: 0.7460 F1: 0.7184
Epoch 26: Time: 0.1195 Cost: 18.4838 Pre: 0.8025 Re: 0.6420 Acc: 0.7420 F1: 0.7133
Epoch 27: Time: 0.1193 Cost: 18.2119 Pre: 0.8078 Re: 0.6640 Acc: 0.7530 F1: 0.7289
Epoch 28: Time: 0.1198 Cost: 17.9293 Pre: 0.8119 Re: 0.6820 Acc: 0.7620 F1: 0.7413
Epoch 29: Time: 0.1205 Cost: 17.6424 Pre: 0.8085 Re: 0.6840 Acc: 0.7610 F1: 0.7411
Epoch 30: Time: 0.1194 Cost: 17.3586 Pre: 0.8176 Re: 0.7080 Acc: 0.7750 F1: 0.7588


--------------------------------------------------------------------
Eval results: Cost:15.0878 Pre:0.8858 Re:0.7600 Acc:0.8310 F1:0.8181
--------------------------------------------------------------------

Epoch 31: Time: 0.1192 Cost: 17.0958 Pre: 0.8156 Re: 0.7340 Acc: 0.7840 F1: 0.7726
Epoch 32: Time: 0.1192 Cost: 16.9516 Pre: 0.8158 Re: 0.7440 Acc: 0.7880 F1: 0.7782
Epoch 33: Time: 0.1195 Cost: 16.8348 Pre: 0.8222 Re: 0.7400 Acc: 0.7900 F1: 0.7789
Epoch 34: Time: 0.1192 Cost: 16.7155 Pre: 0.8307 Re: 0.7360 Acc: 0.7930 F1: 0.7805
Epoch 35: Time: 0.1191 Cost: 16.5844 Pre: 0.8437 Re: 0.7340 Acc: 0.7990 F1: 0.7850
Epoch 36: Time: 0.1192 Cost: 16.4401 Pre: 0.8451 Re: 0.7420 Acc: 0.8030 F1: 0.7902
Epoch 37: Time: 0.1201 Cost: 16.2844 Pre: 0.8462 Re: 0.7480 Acc: 0.8060 F1: 0.7941
Epoch 38: Time: 0.1196 Cost: 16.1198 Pre: 0.8468 Re: 0.7520 Acc: 0.8080 F1: 0.7966
Epoch 39: Time: 0.1198 Cost: 15.9509 Pre: 0.8539 Re: 0.7600 Acc: 0.8150 F1: 0.8042
Epoch 40: Time: 0.1199 Cost: 15.7834 Pre: 0.8546 Re: 0.7640 Acc: 0.8170 F1: 0.8068


--------------------------------------------------------------------
Eval results: Cost:13.5039 Pre:0.8938 Re:0.8080 Acc:0.8560 F1:0.8487
--------------------------------------------------------------------

Epoch 41: Time: 0.1200 Cost: 15.6237 Pre: 0.8552 Re: 0.7680 Acc: 0.8190 F1: 0.8093
Epoch 42: Time: 0.1199 Cost: 15.5370 Pre: 0.8540 Re: 0.7720 Acc: 0.8200 F1: 0.8109
Epoch 43: Time: 0.1196 Cost: 15.4645 Pre: 0.8530 Re: 0.7660 Acc: 0.8170 F1: 0.8072
Epoch 44: Time: 0.1197 Cost: 15.3903 Pre: 0.8597 Re: 0.7600 Acc: 0.8180 F1: 0.8068
Epoch 45: Time: 0.1192 Cost: 15.3089 Pre: 0.8607 Re: 0.7660 Acc: 0.8210 F1: 0.8106
Epoch 46: Time: 0.1193 Cost: 15.2202 Pre: 0.8610 Re: 0.7680 Acc: 0.8220 F1: 0.8118
Epoch 47: Time: 0.1201 Cost: 15.1242 Pre: 0.8587 Re: 0.7660 Acc: 0.8200 F1: 0.8097
Epoch 48: Time: 0.1192 Cost: 15.0215 Pre: 0.8646 Re: 0.7660 Acc: 0.8230 F1: 0.8123
Epoch 49: Time: 0.1192 Cost: 14.9146 Pre: 0.8682 Re: 0.7640 Acc: 0.8240 F1: 0.8128
Epoch 50: Time: 0.1193 Cost: 14.8063 Pre: 0.8662 Re: 0.7640 Acc: 0.8230 F1: 0.8119


--------------------------------------------------------------------
Eval results: Cost:12.5618 Pre:0.8947 Re:0.8160 Acc:0.8600 F1:0.8536
--------------------------------------------------------------------

Epoch 51: Time: 0.1199 Cost: 14.6963 Pre: 0.8668 Re: 0.7680 Acc: 0.8250 F1: 0.8144
Epoch 52: Time: 0.1196 Cost: 14.6373 Pre: 0.8674 Re: 0.7720 Acc: 0.8270 F1: 0.8169
Epoch 53: Time: 0.1195 Cost: 14.5849 Pre: 0.8691 Re: 0.7700 Acc: 0.8270 F1: 0.8165
Epoch 54: Time: 0.1199 Cost: 14.5293 Pre: 0.8705 Re: 0.7660 Acc: 0.8260 F1: 0.8149
Epoch 55: Time: 0.1193 Cost: 14.4672 Pre: 0.8710 Re: 0.7700 Acc: 0.8280 F1: 0.8174
Epoch 56: Time: 0.1194 Cost: 14.3985 Pre: 0.8710 Re: 0.7700 Acc: 0.8280 F1: 0.8174
Epoch 57: Time: 0.1223 Cost: 14.3227 Pre: 0.8713 Re: 0.7720 Acc: 0.8290 F1: 0.8187
Epoch 58: Time: 0.1195 Cost: 14.2399 Pre: 0.8713 Re: 0.7720 Acc: 0.8290 F1: 0.8187
Epoch 59: Time: 0.1193 Cost: 14.1521 Pre: 0.8719 Re: 0.7760 Acc: 0.8310 F1: 0.8212
Epoch 60: Time: 0.1194 Cost: 14.0613 Pre: 0.8719 Re: 0.7760 Acc: 0.8310 F1: 0.8212


--------------------------------------------------------------------
Eval results: Cost:11.8632 Pre:0.8983 Re:0.8300 Acc:0.8680 F1:0.8628
--------------------------------------------------------------------

Epoch 61: Time: 0.1197 Cost: 13.9662 Pre: 0.8670 Re: 0.7820 Acc: 0.8310 F1: 0.8223
Epoch 62: Time: 0.1193 Cost: 13.9141 Pre: 0.8670 Re: 0.7820 Acc: 0.8310 F1: 0.8223
Epoch 63: Time: 0.1195 Cost: 13.8667 Pre: 0.8670 Re: 0.7820 Acc: 0.8310 F1: 0.8223
Epoch 64: Time: 0.1195 Cost: 13.8155 Pre: 0.8708 Re: 0.7820 Acc: 0.8330 F1: 0.8240
Epoch 65: Time: 0.1193 Cost: 13.7577 Pre: 0.8711 Re: 0.7840 Acc: 0.8340 F1: 0.8253
Epoch 66: Time: 0.1199 Cost: 13.6933 Pre: 0.8692 Re: 0.7840 Acc: 0.8330 F1: 0.8244
Epoch 67: Time: 0.1193 Cost: 13.6215 Pre: 0.8692 Re: 0.7840 Acc: 0.8330 F1: 0.8244
Epoch 68: Time: 0.1200 Cost: 13.5426 Pre: 0.8695 Re: 0.7860 Acc: 0.8340 F1: 0.8256
Epoch 69: Time: 0.1196 Cost: 13.4582 Pre: 0.8675 Re: 0.7860 Acc: 0.8330 F1: 0.8248
Epoch 70: Time: 0.1232 Cost: 13.3699 Pre: 0.8662 Re: 0.7900 Acc: 0.8340 F1: 0.8264


--------------------------------------------------------------------
Eval results: Cost:11.2110 Pre:0.9019 Re:0.8460 Acc:0.8770 F1:0.8731
--------------------------------------------------------------------

Epoch 71: Time: 0.1199 Cost: 13.2772 Pre: 0.8609 Re: 0.7920 Acc: 0.8320 F1: 0.8250
Epoch 72: Time: 0.1199 Cost: 13.2238 Pre: 0.8593 Re: 0.7940 Acc: 0.8320 F1: 0.8254
Epoch 73: Time: 0.1200 Cost: 13.1749 Pre: 0.8624 Re: 0.7900 Acc: 0.8320 F1: 0.8246
Epoch 74: Time: 0.1196 Cost: 13.1220 Pre: 0.8646 Re: 0.7920 Acc: 0.8340 F1: 0.8267
Epoch 75: Time: 0.1193 Cost: 13.0623 Pre: 0.8649 Re: 0.7940 Acc: 0.8350 F1: 0.8279
Epoch 76: Time: 0.1194 Cost: 12.9952 Pre: 0.8624 Re: 0.8020 Acc: 0.8370 F1: 0.8311
Epoch 77: Time: 0.1197 Cost: 12.9204 Pre: 0.8624 Re: 0.8020 Acc: 0.8370 F1: 0.8311
Epoch 78: Time: 0.1193 Cost: 12.8381 Pre: 0.8632 Re: 0.8080 Acc: 0.8400 F1: 0.8347
Epoch 79: Time: 0.1196 Cost: 12.7499 Pre: 0.8617 Re: 0.8100 Acc: 0.8400 F1: 0.8351
Epoch 80: Time: 0.1195 Cost: 12.6574 Pre: 0.8602 Re: 0.8120 Acc: 0.8400 F1: 0.8354


--------------------------------------------------------------------
Eval results: Cost:10.4996 Pre:0.9025 Re:0.8520 Acc:0.8800 F1:0.8765
--------------------------------------------------------------------

Epoch 81: Time: 0.1196 Cost: 12.5607 Pre: 0.8608 Re: 0.8160 Acc: 0.8420 F1: 0.8378
Epoch 82: Time: 0.1196 Cost: 12.5013 Pre: 0.8592 Re: 0.8180 Acc: 0.8420 F1: 0.8381
Epoch 83: Time: 0.1196 Cost: 12.4467 Pre: 0.8589 Re: 0.8160 Acc: 0.8410 F1: 0.8369
Epoch 84: Time: 0.1196 Cost: 12.3878 Pre: 0.8623 Re: 0.8140 Acc: 0.8420 F1: 0.8374
Epoch 85: Time: 0.1195 Cost: 12.3210 Pre: 0.8626 Re: 0.8160 Acc: 0.8430 F1: 0.8386
Epoch 86: Time: 0.1194 Cost: 12.2457 Pre: 0.8598 Re: 0.8220 Acc: 0.8440 F1: 0.8405
Epoch 87: Time: 0.1195 Cost: 12.1613 Pre: 0.8601 Re: 0.8240 Acc: 0.8450 F1: 0.8417
Epoch 88: Time: 0.1197 Cost: 12.0680 Pre: 0.8607 Re: 0.8280 Acc: 0.8470 F1: 0.8440
Epoch 89: Time: 0.1195 Cost: 11.9672 Pre: 0.8643 Re: 0.8280 Acc: 0.8490 F1: 0.8458
Epoch 90: Time: 0.1195 Cost: 11.8599 Pre: 0.8649 Re: 0.8320 Acc: 0.8510 F1: 0.8481


--------------------------------------------------------------------
Eval results: Cost:9.6731 Pre:0.9097 Re:0.8660 Acc:0.8900 F1:0.8873
--------------------------------------------------------------------

Epoch 91: Time: 0.1194 Cost: 11.7467 Pre: 0.8648 Re: 0.8440 Acc: 0.8560 F1: 0.8543
Epoch 92: Time: 0.1199 Cost: 11.6719 Pre: 0.8668 Re: 0.8460 Acc: 0.8580 F1: 0.8563
Epoch 93: Time: 0.1195 Cost: 11.6017 Pre: 0.8704 Re: 0.8460 Acc: 0.8600 F1: 0.8580
Epoch 94: Time: 0.1198 Cost: 11.5252 Pre: 0.8724 Re: 0.8480 Acc: 0.8620 F1: 0.8600
Epoch 95: Time: 0.1196 Cost: 11.4381 Pre: 0.8727 Re: 0.8500 Acc: 0.8630 F1: 0.8612
Epoch 96: Time: 0.1196 Cost: 11.3392 Pre: 0.8732 Re: 0.8540 Acc: 0.8650 F1: 0.8635
Epoch 97: Time: 0.1197 Cost: 11.2277 Pre: 0.8732 Re: 0.8540 Acc: 0.8650 F1: 0.8635
Epoch 98: Time: 0.1197 Cost: 11.1035 Pre: 0.8768 Re: 0.8540 Acc: 0.8670 F1: 0.8652
Epoch 99: Time: 0.1197 Cost: 10.9678 Pre: 0.8804 Re: 0.8540 Acc: 0.8690 F1: 0.8670
Epoch 100: Time: 0.1198 Cost: 10.8216 Pre: 0.8825 Re: 0.8560 Acc: 0.8710 F1: 0.8690


--------------------------------------------------------------------
Eval results: Cost:8.6968 Pre:0.9187 Re:0.8820 Acc:0.9020 F1:0.9000
--------------------------------------------------------------------

Epoch 101: Time: 0.1199 Cost: 10.6663 Pre: 0.8814 Re: 0.8620 Acc: 0.8730 F1: 0.8716
Epoch 102: Time: 0.1199 Cost: 10.5597 Pre: 0.8798 Re: 0.8640 Acc: 0.8730 F1: 0.8718
Epoch 103: Time: 0.1196 Cost: 10.4580 Pre: 0.8834 Re: 0.8640 Acc: 0.8750 F1: 0.8736
Epoch 104: Time: 0.1200 Cost: 10.3468 Pre: 0.8855 Re: 0.8660 Acc: 0.8770 F1: 0.8756
Epoch 105: Time: 0.1197 Cost: 10.2216 Pre: 0.8873 Re: 0.8660 Acc: 0.8780 F1: 0.8765
Epoch 106: Time: 0.1200 Cost: 10.0819 Pre: 0.8871 Re: 0.8640 Acc: 0.8770 F1: 0.8754
Epoch 107: Time: 0.1199 Cost: 9.9286 Pre: 0.8909 Re: 0.8660 Acc: 0.8800 F1: 0.8783
Epoch 108: Time: 0.1199 Cost: 9.7649 Pre: 0.8930 Re: 0.8680 Acc: 0.8820 F1: 0.8803
Epoch 109: Time: 0.1198 Cost: 9.5957 Pre: 0.8973 Re: 0.8740 Acc: 0.8870 F1: 0.8855
Epoch 110: Time: 0.1200 Cost: 9.4245 Pre: 0.8982 Re: 0.8820 Acc: 0.8910 F1: 0.8900


--------------------------------------------------------------------
Eval results: Cost:7.5953 Pre:0.9421 Re:0.9120 Acc:0.9280 F1:0.9268
--------------------------------------------------------------------

Epoch 111: Time: 0.1200 Cost: 9.2545 Pre: 0.8968 Re: 0.8860 Acc: 0.8920 F1: 0.8913
Epoch 112: Time: 0.1199 Cost: 9.1478 Pre: 0.8994 Re: 0.8940 Acc: 0.8970 F1: 0.8967
Epoch 113: Time: 0.1197 Cost: 9.0486 Pre: 0.9010 Re: 0.8920 Acc: 0.8970 F1: 0.8965
Epoch 114: Time: 0.1203 Cost: 8.9441 Pre: 0.9028 Re: 0.8920 Acc: 0.8980 F1: 0.8974
Epoch 115: Time: 0.1211 Cost: 8.8312 Pre: 0.9047 Re: 0.8920 Acc: 0.8990 F1: 0.8983
Epoch 116: Time: 0.1208 Cost: 8.7093 Pre: 0.9047 Re: 0.8920 Acc: 0.8990 F1: 0.8983
Epoch 117: Time: 0.1206 Cost: 8.5773 Pre: 0.9082 Re: 0.8900 Acc: 0.9000 F1: 0.8990
Epoch 118: Time: 0.1228 Cost: 8.4377 Pre: 0.9100 Re: 0.8900 Acc: 0.9010 F1: 0.8999
Epoch 119: Time: 0.1197 Cost: 8.2934 Pre: 0.9141 Re: 0.8940 Acc: 0.9050 F1: 0.9039
Epoch 120: Time: 0.1202 Cost: 8.1464 Pre: 0.9179 Re: 0.8940 Acc: 0.9070 F1: 0.9058


--------------------------------------------------------------------
Eval results: Cost:6.6913 Pre:0.9620 Re:0.9120 Acc:0.9380 F1:0.9363
--------------------------------------------------------------------

Epoch 121: Time: 0.1199 Cost: 7.9971 Pre: 0.9216 Re: 0.8940 Acc: 0.9090 F1: 0.9076
Epoch 122: Time: 0.1202 Cost: 7.8997 Pre: 0.9215 Re: 0.8920 Acc: 0.9080 F1: 0.9065
Epoch 123: Time: 0.1200 Cost: 7.8101 Pre: 0.9255 Re: 0.8940 Acc: 0.9110 F1: 0.9095
Epoch 124: Time: 0.1204 Cost: 7.7170 Pre: 0.9274 Re: 0.8940 Acc: 0.9120 F1: 0.9104
Epoch 125: Time: 0.1199 Cost: 7.6174 Pre: 0.9275 Re: 0.8960 Acc: 0.9130 F1: 0.9115
Epoch 126: Time: 0.1199 Cost: 7.5099 Pre: 0.9296 Re: 0.8980 Acc: 0.9150 F1: 0.9135
Epoch 127: Time: 0.1198 Cost: 7.3950 Pre: 0.9298 Re: 0.9000 Acc: 0.9160 F1: 0.9146
Epoch 128: Time: 0.1206 Cost: 7.2749 Pre: 0.9320 Re: 0.9040 Acc: 0.9190 F1: 0.9178
Epoch 129: Time: 0.1226 Cost: 7.1508 Pre: 0.9383 Re: 0.9120 Acc: 0.9260 F1: 0.9249
Epoch 130: Time: 0.1201 Cost: 7.0242 Pre: 0.9372 Re: 0.9260 Acc: 0.9320 F1: 0.9316


--------------------------------------------------------------------
Eval results: Cost:6.0344 Pre:0.9641 Re:0.9140 Acc:0.9400 F1:0.9384
--------------------------------------------------------------------

Epoch 131: Time: 0.1200 Cost: 6.8910 Pre: 0.9413 Re: 0.9300 Acc: 0.9360 F1: 0.9356
Epoch 132: Time: 0.1205 Cost: 6.8044 Pre: 0.9451 Re: 0.9300 Acc: 0.9380 F1: 0.9375
Epoch 133: Time: 0.1203 Cost: 6.7222 Pre: 0.9470 Re: 0.9300 Acc: 0.9390 F1: 0.9384
Epoch 134: Time: 0.1230 Cost: 6.6351 Pre: 0.9491 Re: 0.9320 Acc: 0.9410 F1: 0.9405
Epoch 135: Time: 0.1199 Cost: 6.5410 Pre: 0.9492 Re: 0.9340 Acc: 0.9420 F1: 0.9415
Epoch 136: Time: 0.1199 Cost: 6.4399 Pre: 0.9494 Re: 0.9380 Acc: 0.9440 F1: 0.9437
Epoch 137: Time: 0.1200 Cost: 6.3324 Pre: 0.9494 Re: 0.9380 Acc: 0.9440 F1: 0.9437
Epoch 138: Time: 0.1201 Cost: 6.2190 Pre: 0.9513 Re: 0.9380 Acc: 0.9450 F1: 0.9446
Epoch 139: Time: 0.1199 Cost: 6.1009 Pre: 0.9553 Re: 0.9400 Acc: 0.9480 F1: 0.9476
Epoch 140: Time: 0.1199 Cost: 5.9795 Pre: 0.9554 Re: 0.9420 Acc: 0.9490 F1: 0.9486


--------------------------------------------------------------------
Eval results: Cost:5.4511 Pre:0.9605 Re:0.9240 Acc:0.9430 F1:0.9419
--------------------------------------------------------------------

Epoch 141: Time: 0.1199 Cost: 5.8477 Pre: 0.9574 Re: 0.9440 Acc: 0.9510 F1: 0.9507
Epoch 142: Time: 0.1203 Cost: 5.7624 Pre: 0.9574 Re: 0.9440 Acc: 0.9510 F1: 0.9507
Epoch 143: Time: 0.1202 Cost: 5.6775 Pre: 0.9574 Re: 0.9440 Acc: 0.9510 F1: 0.9507
Epoch 144: Time: 0.1191 Cost: 5.5854 Pre: 0.9555 Re: 0.9440 Acc: 0.9500 F1: 0.9497
Epoch 145: Time: 0.1233 Cost: 5.4844 Pre: 0.9554 Re: 0.9420 Acc: 0.9490 F1: 0.9486
Epoch 146: Time: 0.1192 Cost: 5.3726 Pre: 0.9593 Re: 0.9420 Acc: 0.9510 F1: 0.9506
Epoch 147: Time: 0.1201 Cost: 5.2478 Pre: 0.9593 Re: 0.9420 Acc: 0.9510 F1: 0.9506
Epoch 148: Time: 0.1196 Cost: 5.1117 Pre: 0.9613 Re: 0.9440 Acc: 0.9530 F1: 0.9526
Epoch 149: Time: 0.1199 Cost: 4.9699 Pre: 0.9613 Re: 0.9440 Acc: 0.9530 F1: 0.9526
Epoch 150: Time: 0.1193 Cost: 4.8266 Pre: 0.9614 Re: 0.9460 Acc: 0.9540 F1: 0.9536


--------------------------------------------------------------------
Eval results: Cost:4.9242 Pre:0.9568 Re:0.9300 Acc:0.9440 F1:0.9432
--------------------------------------------------------------------

Epoch 151: Time: 0.1194 Cost: 4.6770 Pre: 0.9655 Re: 0.9520 Acc: 0.9590 F1: 0.9587
Epoch 152: Time: 0.1193 Cost: 4.5760 Pre: 0.9654 Re: 0.9500 Acc: 0.9580 F1: 0.9577
Epoch 153: Time: 0.1196 Cost: 4.4754 Pre: 0.9654 Re: 0.9500 Acc: 0.9580 F1: 0.9577
Epoch 154: Time: 0.1192 Cost: 4.3560 Pre: 0.9733 Re: 0.9460 Acc: 0.9600 F1: 0.9594
Epoch 155: Time: 0.1193 Cost: 4.1315 Pre: 0.9774 Re: 0.9500 Acc: 0.9640 F1: 0.9635
Epoch 156: Time: 0.1192 Cost: 3.9769 Pre: 0.9795 Re: 0.9540 Acc: 0.9670 F1: 0.9666
Epoch 157: Time: 0.1193 Cost: 3.8518 Pre: 0.9835 Re: 0.9540 Acc: 0.9690 F1: 0.9685
Epoch 158: Time: 0.1195 Cost: 3.7287 Pre: 0.9815 Re: 0.9540 Acc: 0.9680 F1: 0.9675
Epoch 159: Time: 0.1199 Cost: 3.6254 Pre: 0.9815 Re: 0.9560 Acc: 0.9690 F1: 0.9686
Epoch 160: Time: 0.1194 Cost: 3.5219 Pre: 0.9815 Re: 0.9560 Acc: 0.9690 F1: 0.9686


--------------------------------------------------------------------
Eval results: Cost:4.3129 Pre:0.9688 Re:0.9300 Acc:0.9500 F1:0.9490
--------------------------------------------------------------------

Epoch 161: Time: 0.1198 Cost: 3.4210 Pre: 0.9817 Re: 0.9640 Acc: 0.9730 F1: 0.9728
Epoch 162: Time: 0.1195 Cost: 3.3537 Pre: 0.9817 Re: 0.9660 Acc: 0.9740 F1: 0.9738
Epoch 163: Time: 0.1192 Cost: 3.2939 Pre: 0.9797 Re: 0.9660 Acc: 0.9730 F1: 0.9728
Epoch 164: Time: 0.1194 Cost: 3.2325 Pre: 0.9777 Re: 0.9660 Acc: 0.9720 F1: 0.9718
Epoch 165: Time: 0.1194 Cost: 3.1673 Pre: 0.9777 Re: 0.9660 Acc: 0.9720 F1: 0.9718
Epoch 166: Time: 0.1193 Cost: 3.0990 Pre: 0.9777 Re: 0.9660 Acc: 0.9720 F1: 0.9718
Epoch 167: Time: 0.1194 Cost: 3.0285 Pre: 0.9797 Re: 0.9660 Acc: 0.9730 F1: 0.9728
Epoch 168: Time: 0.1195 Cost: 2.9566 Pre: 0.9798 Re: 0.9680 Acc: 0.9740 F1: 0.9738
Epoch 169: Time: 0.1201 Cost: 2.8840 Pre: 0.9798 Re: 0.9680 Acc: 0.9740 F1: 0.9738
Epoch 170: Time: 0.1193 Cost: 2.8110 Pre: 0.9798 Re: 0.9700 Acc: 0.9750 F1: 0.9749


--------------------------------------------------------------------
Eval results: Cost:3.8853 Pre:0.9730 Re:0.9380 Acc:0.9560 F1:0.9552
--------------------------------------------------------------------

Epoch 171: Time: 0.1194 Cost: 2.7336 Pre: 0.9798 Re: 0.9700 Acc: 0.9750 F1: 0.9749
Epoch 172: Time: 0.1192 Cost: 2.6873 Pre: 0.9798 Re: 0.9720 Acc: 0.9760 F1: 0.9759
Epoch 173: Time: 0.1190 Cost: 2.6445 Pre: 0.9798 Re: 0.9720 Acc: 0.9760 F1: 0.9759
Epoch 174: Time: 0.1191 Cost: 2.6014 Pre: 0.9799 Re: 0.9740 Acc: 0.9770 F1: 0.9769
Epoch 175: Time: 0.1193 Cost: 2.5579 Pre: 0.9799 Re: 0.9740 Acc: 0.9770 F1: 0.9769
Epoch 176: Time: 0.1191 Cost: 2.5276 Pre: 0.9760 Re: 0.9760 Acc: 0.9760 F1: 0.9760
Epoch 177: Time: 0.1190 Cost: 2.3847 Pre: 0.9761 Re: 0.9820 Acc: 0.9790 F1: 0.9791
Epoch 178: Time: 0.1190 Cost: 2.3371 Pre: 0.9879 Re: 0.9800 Acc: 0.9840 F1: 0.9839
Epoch 179: Time: 0.1190 Cost: 2.2907 Pre: 0.9840 Re: 0.9820 Acc: 0.9830 F1: 0.9830
Epoch 180: Time: 0.1191 Cost: 2.2425 Pre: 0.9840 Re: 0.9840 Acc: 0.9840 F1: 0.9840


--------------------------------------------------------------------
Eval results: Cost:3.5352 Pre:0.9714 Re:0.9520 Acc:0.9620 F1:0.9616
--------------------------------------------------------------------

Epoch 181: Time: 0.1193 Cost: 2.1830 Pre: 0.9899 Re: 0.9840 Acc: 0.9870 F1: 0.9870
Epoch 182: Time: 0.1191 Cost: 2.1299 Pre: 0.9919 Re: 0.9820 Acc: 0.9870 F1: 0.9869
Epoch 183: Time: 0.1192 Cost: 2.1291 Pre: 0.9879 Re: 0.9820 Acc: 0.9850 F1: 0.9850
Epoch 184: Time: 0.1197 Cost: 2.0489 Pre: 0.9919 Re: 0.9820 Acc: 0.9870 F1: 0.9869
Epoch 185: Time: 0.1198 Cost: 2.0278 Pre: 0.9899 Re: 0.9820 Acc: 0.9860 F1: 0.9859
Epoch 186: Time: 0.1200 Cost: 1.9728 Pre: 0.9919 Re: 0.9840 Acc: 0.9880 F1: 0.9880
Epoch 187: Time: 0.1190 Cost: 1.9448 Pre: 0.9880 Re: 0.9840 Acc: 0.9860 F1: 0.9860
Epoch 188: Time: 0.1191 Cost: 1.9064 Pre: 0.9880 Re: 0.9840 Acc: 0.9860 F1: 0.9860
Epoch 189: Time: 0.1194 Cost: 1.8731 Pre: 0.9880 Re: 0.9840 Acc: 0.9860 F1: 0.9860
Epoch 190: Time: 0.1197 Cost: 1.8369 Pre: 0.9880 Re: 0.9860 Acc: 0.9870 F1: 0.9870


--------------------------------------------------------------------
Eval results: Cost:3.3593 Pre:0.9755 Re:0.9540 Acc:0.9650 F1:0.9646
--------------------------------------------------------------------

Epoch 191: Time: 0.1225 Cost: 1.7950 Pre: 0.9880 Re: 0.9860 Acc: 0.9870 F1: 0.9870
Epoch 192: Time: 0.1192 Cost: 1.7722 Pre: 0.9880 Re: 0.9860 Acc: 0.9870 F1: 0.9870
Epoch 193: Time: 0.1190 Cost: 1.7467 Pre: 0.9880 Re: 0.9860 Acc: 0.9870 F1: 0.9870
Epoch 194: Time: 0.1191 Cost: 1.7214 Pre: 0.9880 Re: 0.9860 Acc: 0.9870 F1: 0.9870
Epoch 195: Time: 0.1191 Cost: 1.6954 Pre: 0.9880 Re: 0.9860 Acc: 0.9870 F1: 0.9870
Epoch 196: Time: 0.1194 Cost: 1.6663 Pre: 0.9880 Re: 0.9860 Acc: 0.9870 F1: 0.9870
Epoch 197: Time: 0.1192 Cost: 1.6359 Pre: 0.9880 Re: 0.9860 Acc: 0.9870 F1: 0.9870
Epoch 198: Time: 0.1193 Cost: 1.6042 Pre: 0.9880 Re: 0.9860 Acc: 0.9870 F1: 0.9870
Epoch 199: Time: 0.1193 Cost: 1.5714 Pre: 0.9900 Re: 0.9880 Acc: 0.9890 F1: 0.9890
Epoch 200: Time: 0.1191 Cost: 1.5381 Pre: 0.9900 Re: 0.9880 Acc: 0.9890 F1: 0.9890


--------------------------------------------------------------------
Eval results: Cost:3.0951 Pre:0.9776 Re:0.9600 Acc:0.9690 F1:0.9687
--------------------------------------------------------------------

Epoch 201: Time: 0.1195 Cost: 1.4994 Pre: 0.9920 Re: 0.9880 Acc: 0.9900 F1: 0.9900
Epoch 202: Time: 0.1189 Cost: 1.4778 Pre: 0.9920 Re: 0.9880 Acc: 0.9900 F1: 0.9900
Epoch 203: Time: 0.1189 Cost: 1.4542 Pre: 0.9920 Re: 0.9880 Acc: 0.9900 F1: 0.9900
Epoch 204: Time: 0.1190 Cost: 1.4312 Pre: 0.9920 Re: 0.9880 Acc: 0.9900 F1: 0.9900
Epoch 205: Time: 0.1192 Cost: 1.4065 Pre: 0.9920 Re: 0.9880 Acc: 0.9900 F1: 0.9900
Epoch 206: Time: 0.1191 Cost: 1.3789 Pre: 0.9920 Re: 0.9880 Acc: 0.9900 F1: 0.9900
Epoch 207: Time: 0.1190 Cost: 1.3500 Pre: 0.9920 Re: 0.9900 Acc: 0.9910 F1: 0.9910
Epoch 208: Time: 0.1191 Cost: 1.3192 Pre: 0.9920 Re: 0.9900 Acc: 0.9910 F1: 0.9910
Epoch 209: Time: 0.1189 Cost: 1.2874 Pre: 0.9920 Re: 0.9900 Acc: 0.9910 F1: 0.9910
Epoch 210: Time: 0.1193 Cost: 1.2545 Pre: 0.9920 Re: 0.9900 Acc: 0.9910 F1: 0.9910


--------------------------------------------------------------------
Eval results: Cost:2.6786 Pre:0.9797 Re:0.9660 Acc:0.9730 F1:0.9728
--------------------------------------------------------------------

Epoch 211: Time: 0.1191 Cost: 1.2160 Pre: 0.9960 Re: 0.9900 Acc: 0.9930 F1: 0.9930
Epoch 212: Time: 0.1189 Cost: 1.1955 Pre: 0.9960 Re: 0.9900 Acc: 0.9930 F1: 0.9930
Epoch 213: Time: 0.1192 Cost: 1.1727 Pre: 0.9940 Re: 0.9900 Acc: 0.9920 F1: 0.9920
Epoch 214: Time: 0.1196 Cost: 1.1502 Pre: 0.9960 Re: 0.9900 Acc: 0.9930 F1: 0.9930
Epoch 215: Time: 0.1191 Cost: 1.1261 Pre: 0.9960 Re: 0.9920 Acc: 0.9940 F1: 0.9940
Epoch 216: Time: 0.1190 Cost: 1.0985 Pre: 0.9960 Re: 0.9920 Acc: 0.9940 F1: 0.9940
Epoch 217: Time: 0.1195 Cost: 1.0694 Pre: 0.9960 Re: 0.9920 Acc: 0.9940 F1: 0.9940
Epoch 218: Time: 0.1209 Cost: 1.0379 Pre: 0.9960 Re: 0.9920 Acc: 0.9940 F1: 0.9940
Epoch 219: Time: 0.1190 Cost: 1.0053 Pre: 0.9980 Re: 0.9920 Acc: 0.9950 F1: 0.9950
Epoch 220: Time: 0.1190 Cost: 0.9721 Pre: 0.9980 Re: 0.9920 Acc: 0.9950 F1: 0.9950


--------------------------------------------------------------------
Eval results: Cost:2.2004 Pre:0.9837 Re:0.9680 Acc:0.9760 F1:0.9758
--------------------------------------------------------------------

Epoch 221: Time: 0.1202 Cost: 0.9340 Pre: 0.9980 Re: 0.9940 Acc: 0.9960 F1: 0.9960
Epoch 222: Time: 0.1191 Cost: 0.9153 Pre: 0.9980 Re: 0.9940 Acc: 0.9960 F1: 0.9960
Epoch 223: Time: 0.1191 Cost: 0.8945 Pre: 1.0000 Re: 0.9940 Acc: 0.9970 F1: 0.9970
Epoch 224: Time: 0.1191 Cost: 0.8754 Pre: 1.0000 Re: 0.9940 Acc: 0.9970 F1: 0.9970
Epoch 225: Time: 0.1191 Cost: 0.8559 Pre: 1.0000 Re: 0.9940 Acc: 0.9970 F1: 0.9970
Epoch 226: Time: 0.1196 Cost: 0.8339 Pre: 1.0000 Re: 0.9960 Acc: 0.9980 F1: 0.9980
Epoch 227: Time: 0.1191 Cost: 0.8118 Pre: 1.0000 Re: 0.9960 Acc: 0.9980 F1: 0.9980
Epoch 228: Time: 0.1191 Cost: 0.7885 Pre: 1.0000 Re: 0.9960 Acc: 0.9980 F1: 0.9980
Epoch 229: Time: 0.1192 Cost: 0.7650 Pre: 1.0000 Re: 0.9980 Acc: 0.9990 F1: 0.9990
Epoch 230: Time: 0.1191 Cost: 0.7412 Pre: 1.0000 Re: 0.9980 Acc: 0.9990 F1: 0.9990


--------------------------------------------------------------------
Eval results: Cost:1.7141 Pre:0.9839 Re:0.9800 Acc:0.9820 F1:0.9820
--------------------------------------------------------------------

Epoch 231: Time: 0.1196 Cost: 0.7128 Pre: 1.0000 Re: 0.9980 Acc: 0.9990 F1: 0.9990
Epoch 232: Time: 0.1192 Cost: 0.7030 Pre: 1.0000 Re: 0.9980 Acc: 0.9990 F1: 0.9990
Epoch 233: Time: 0.1194 Cost: 0.6910 Pre: 1.0000 Re: 1.0000 Acc: 1.0000 F1: 1.0000
Epoch 234: Time: 0.1191 Cost: 0.6799 Pre: 1.0000 Re: 1.0000 Acc: 1.0000 F1: 1.0000
Epoch 235: Time: 0.1191 Cost: 0.6702 Pre: 1.0000 Re: 1.0000 Acc: 1.0000 F1: 1.0000
Epoch 236: Time: 0.1199 Cost: 0.6580 Pre: 1.0000 Re: 1.0000 Acc: 1.0000 F1: 1.0000
Epoch 237: Time: 0.1191 Cost: 0.6444 Pre: 1.0000 Re: 1.0000 Acc: 1.0000 F1: 1.0000
Epoch 238: Time: 0.1191 Cost: 0.6298 Pre: 1.0000 Re: 1.0000 Acc: 1.0000 F1: 1.0000
Epoch 239: Time: 0.1191 Cost: 0.6137 Pre: 1.0000 Re: 1.0000 Acc: 1.0000 F1: 1.0000
Epoch 240: Time: 0.1192 Cost: 0.5968 Pre: 1.0000 Re: 1.0000 Acc: 1.0000 F1: 1.0000


--------------------------------------------------------------------
Eval results: Cost:1.3745 Pre:0.9840 Re:0.9860 Acc:0.9850 F1:0.9850
--------------------------------------------------------------------

Epoch 241: Time: 0.1191 Cost: 0.5760 Pre: 1.0000 Re: 1.0000 Acc: 1.0000 F1: 1.0000
Epoch 242: Time: 0.1192 Cost: 0.5675 Pre: 1.0000 Re: 1.0000 Acc: 1.0000 F1: 1.0000
Epoch 243: Time: 0.1193 Cost: 0.5569 Pre: 1.0000 Re: 1.0000 Acc: 1.0000 F1: 1.0000
Epoch 244: Time: 0.1199 Cost: 0.5476 Pre: 1.0000 Re: 1.0000 Acc: 1.0000 F1: 1.0000
Epoch 245: Time: 0.1191 Cost: 0.5379 Pre: 1.0000 Re: 1.0000 Acc: 1.0000 F1: 1.0000
Epoch 246: Time: 0.1209 Cost: 0.5262 Pre: 1.0000 Re: 1.0000 Acc: 1.0000 F1: 1.0000
Epoch 247: Time: 0.1210 Cost: 0.5140 Pre: 1.0000 Re: 1.0000 Acc: 1.0000 F1: 1.0000
Epoch 248: Time: 0.1196 Cost: 0.5008 Pre: 1.0000 Re: 1.0000 Acc: 1.0000 F1: 1.0000
Epoch 249: Time: 0.1197 Cost: 0.4870 Pre: 1.0000 Re: 1.0000 Acc: 1.0000 F1: 1.0000
Epoch 250: Time: 0.1190 Cost: 0.4728 Pre: 1.0000 Re: 1.0000 Acc: 1.0000 F1: 1.0000


--------------------------------------------------------------------
Eval results: Cost:1.0845 Pre:0.9900 Re:0.9900 Acc:0.9900 F1:0.9900
--------------------------------------------------------------------

Epoch 251: Time: 0.1214 Cost: 0.4571 Pre: 1.0000 Re: 1.0000 Acc: 1.0000 F1: 1.0000
Epoch 252: Time: 0.1194 Cost: 0.4481 Pre: 1.0000 Re: 1.0000 Acc: 1.0000 F1: 1.0000
Epoch 253: Time: 0.1192 Cost: 0.4388 Pre: 1.0000 Re: 1.0000 Acc: 1.0000 F1: 1.0000
Epoch 254: Time: 0.1191 Cost: 0.4311 Pre: 1.0000 Re: 1.0000 Acc: 1.0000 F1: 1.0000
Epoch 255: Time: 0.1191 Cost: 0.4219 Pre: 1.0000 Re: 1.0000 Acc: 1.0000 F1: 1.0000
Epoch 256: Time: 0.1193 Cost: 0.4123 Pre: 1.0000 Re: 1.0000 Acc: 1.0000 F1: 1.0000
Epoch 257: Time: 0.1192 Cost: 0.4022 Pre: 1.0000 Re: 1.0000 Acc: 1.0000 F1: 1.0000
Epoch 258: Time: 0.1193 Cost: 0.3914 Pre: 1.0000 Re: 1.0000 Acc: 1.0000 F1: 1.0000
Epoch 259: Time: 0.1191 Cost: 0.3807 Pre: 1.0000 Re: 1.0000 Acc: 1.0000 F1: 1.0000
Epoch 260: Time: 0.1191 Cost: 0.3698 Pre: 1.0000 Re: 1.0000 Acc: 1.0000 F1: 1.0000


--------------------------------------------------------------------
Eval results: Cost:0.9396 Pre:0.9960 Re:0.9900 Acc:0.9930 F1:0.9930
--------------------------------------------------------------------

Epoch 261: Time: 0.1193 Cost: 0.3577 Pre: 1.0000 Re: 1.0000 Acc: 1.0000 F1: 1.0000
Epoch 262: Time: 0.1192 Cost: 0.3508 Pre: 1.0000 Re: 1.0000 Acc: 1.0000 F1: 1.0000
Epoch 263: Time: 0.1191 Cost: 0.3439 Pre: 1.0000 Re: 1.0000 Acc: 1.0000 F1: 1.0000
Epoch 264: Time: 0.1191 Cost: 0.3391 Pre: 1.0000 Re: 1.0000 Acc: 1.0000 F1: 1.0000
Epoch 265: Time: 0.1191 Cost: 0.3328 Pre: 1.0000 Re: 1.0000 Acc: 1.0000 F1: 1.0000
Epoch 266: Time: 0.1192 Cost: 0.3264 Pre: 1.0000 Re: 1.0000 Acc: 1.0000 F1: 1.0000
Epoch 267: Time: 0.1191 Cost: 0.3196 Pre: 1.0000 Re: 1.0000 Acc: 1.0000 F1: 1.0000
Epoch 268: Time: 0.1192 Cost: 0.3119 Pre: 1.0000 Re: 1.0000 Acc: 1.0000 F1: 1.0000
Epoch 269: Time: 0.1189 Cost: 0.3046 Pre: 1.0000 Re: 1.0000 Acc: 1.0000 F1: 1.0000
Epoch 270: Time: 0.1202 Cost: 0.2968 Pre: 1.0000 Re: 1.0000 Acc: 1.0000 F1: 1.0000


--------------------------------------------------------------------
Eval results: Cost:0.8433 Pre:0.9960 Re:0.9900 Acc:0.9930 F1:0.9930
--------------------------------------------------------------------

Epoch 271: Time: 0.1194 Cost: 0.2878 Pre: 1.0000 Re: 1.0000 Acc: 1.0000 F1: 1.0000
Epoch 272: Time: 0.1191 Cost: 0.2833 Pre: 1.0000 Re: 1.0000 Acc: 1.0000 F1: 1.0000
Epoch 273: Time: 0.1195 Cost: 0.2782 Pre: 1.0000 Re: 1.0000 Acc: 1.0000 F1: 1.0000
Epoch 274: Time: 0.1200 Cost: 0.2753 Pre: 1.0000 Re: 1.0000 Acc: 1.0000 F1: 1.0000
Epoch 275: Time: 0.1199 Cost: 0.2714 Pre: 1.0000 Re: 1.0000 Acc: 1.0000 F1: 1.0000
Epoch 276: Time: 0.1199 Cost: 0.2676 Pre: 1.0000 Re: 1.0000 Acc: 1.0000 F1: 1.0000
Epoch 277: Time: 0.1202 Cost: 0.2628 Pre: 1.0000 Re: 1.0000 Acc: 1.0000 F1: 1.0000
Epoch 278: Time: 0.1200 Cost: 0.2586 Pre: 1.0000 Re: 1.0000 Acc: 1.0000 F1: 1.0000
Epoch 279: Time: 0.1201 Cost: 0.2527 Pre: 1.0000 Re: 1.0000 Acc: 1.0000 F1: 1.0000
Epoch 280: Time: 0.1203 Cost: 0.2481 Pre: 1.0000 Re: 1.0000 Acc: 1.0000 F1: 1.0000


--------------------------------------------------------------------
Eval results: Cost:0.8002 Pre:0.9980 Re:0.9880 Acc:0.9930 F1:0.9930
--------------------------------------------------------------------

Epoch 281: Time: 0.1200 Cost: 0.2418 Pre: 1.0000 Re: 1.0000 Acc: 1.0000 F1: 1.0000
Epoch 282: Time: 0.1200 Cost: 0.2393 Pre: 1.0000 Re: 1.0000 Acc: 1.0000 F1: 1.0000
Epoch 283: Time: 0.1197 Cost: 0.2352 Pre: 1.0000 Re: 1.0000 Acc: 1.0000 F1: 1.0000
Epoch 284: Time: 0.1202 Cost: 0.2329 Pre: 1.0000 Re: 1.0000 Acc: 1.0000 F1: 1.0000
Epoch 285: Time: 0.1197 Cost: 0.2312 Pre: 1.0000 Re: 1.0000 Acc: 1.0000 F1: 1.0000
Epoch 286: Time: 0.1192 Cost: 0.2290 Pre: 1.0000 Re: 1.0000 Acc: 1.0000 F1: 1.0000
Epoch 287: Time: 0.1191 Cost: 0.2266 Pre: 1.0000 Re: 1.0000 Acc: 1.0000 F1: 1.0000
Epoch 288: Time: 0.1191 Cost: 0.2239 Pre: 1.0000 Re: 1.0000 Acc: 1.0000 F1: 1.0000
Epoch 289: Time: 0.1190 Cost: 0.2210 Pre: 1.0000 Re: 1.0000 Acc: 1.0000 F1: 1.0000
Epoch 290: Time: 0.1190 Cost: 0.2177 Pre: 1.0000 Re: 1.0000 Acc: 1.0000 F1: 1.0000


--------------------------------------------------------------------
Eval results: Cost:0.7920 Pre:0.9980 Re:0.9880 Acc:0.9930 F1:0.9930
--------------------------------------------------------------------

Epoch 291: Time: 0.1192 Cost: 0.2133 Pre: 1.0000 Re: 1.0000 Acc: 1.0000 F1: 1.0000
Epoch 292: Time: 0.1194 Cost: 0.2118 Pre: 1.0000 Re: 1.0000 Acc: 1.0000 F1: 1.0000
Epoch 293: Time: 0.1189 Cost: 0.2091 Pre: 1.0000 Re: 1.0000 Acc: 1.0000 F1: 1.0000
Epoch 294: Time: 0.1192 Cost: 0.2074 Pre: 1.0000 Re: 1.0000 Acc: 1.0000 F1: 1.0000
Epoch 295: Time: 0.1193 Cost: 0.2060 Pre: 1.0000 Re: 1.0000 Acc: 1.0000 F1: 1.0000
Epoch 296: Time: 0.1190 Cost: 0.2043 Pre: 1.0000 Re: 1.0000 Acc: 1.0000 F1: 1.0000
Epoch 297: Time: 0.1190 Cost: 0.2025 Pre: 1.0000 Re: 1.0000 Acc: 1.0000 F1: 1.0000
Epoch 298: Time: 0.1190 Cost: 0.2003 Pre: 1.0000 Re: 1.0000 Acc: 1.0000 F1: 1.0000
Epoch 299: Time: 0.1190 Cost: 0.1980 Pre: 1.0000 Re: 1.0000 Acc: 1.0000 F1: 1.0000
Epoch 300: Time: 0.1192 Cost: 0.1953 Pre: 1.0000 Re: 1.0000 Acc: 1.0000 F1: 1.0000


--------------------------------------------------------------------
Eval results: Cost:0.7696 Pre:0.9980 Re:0.9880 Acc:0.9930 F1:0.9930
--------------------------------------------------------------------

Epoch 301: Time: 0.1194 Cost: 0.1915 Pre: 1.0000 Re: 1.0000 Acc: 1.0000 F1: 1.0000
Epoch 302: Time: 0.1191 Cost: 0.1902 Pre: 1.0000 Re: 1.0000 Acc: 1.0000 F1: 1.0000
Epoch 303: Time: 0.1191 Cost: 0.1881 Pre: 1.0000 Re: 1.0000 Acc: 1.0000 F1: 1.0000
Epoch 304: Time: 0.1195 Cost: 0.1867 Pre: 1.0000 Re: 1.0000 Acc: 1.0000 F1: 1.0000
Epoch 305: Time: 0.1192 Cost: 0.1855 Pre: 1.0000 Re: 1.0000 Acc: 1.0000 F1: 1.0000
Epoch 306: Time: 0.1191 Cost: 0.1841 Pre: 1.0000 Re: 1.0000 Acc: 1.0000 F1: 1.0000
Epoch 307: Time: 0.1190 Cost: 0.1825 Pre: 1.0000 Re: 1.0000 Acc: 1.0000 F1: 1.0000
Epoch 308: Time: 0.1191 Cost: 0.1808 Pre: 1.0000 Re: 1.0000 Acc: 1.0000 F1: 1.0000
Epoch 309: Time: 0.1193 Cost: 0.1788 Pre: 1.0000 Re: 1.0000 Acc: 1.0000 F1: 1.0000
Epoch 310: Time: 0.1192 Cost: 0.1765 Pre: 1.0000 Re: 1.0000 Acc: 1.0000 F1: 1.0000


--------------------------------------------------------------------
Eval results: Cost:0.7494 Pre:0.9980 Re:0.9880 Acc:0.9930 F1:0.9930
--------------------------------------------------------------------

Epoch 311: Time: 0.1192 Cost: 0.1731 Pre: 1.0000 Re: 1.0000 Acc: 1.0000 F1: 1.0000
Epoch 312: Time: 0.1210 Cost: 0.1721 Pre: 1.0000 Re: 1.0000 Acc: 1.0000 F1: 1.0000
Epoch 313: Time: 0.1192 Cost: 0.1703 Pre: 1.0000 Re: 1.0000 Acc: 1.0000 F1: 1.0000
Epoch 314: Time: 0.1191 Cost: 0.1691 Pre: 1.0000 Re: 1.0000 Acc: 1.0000 F1: 1.0000
Epoch 315: Time: 0.1191 Cost: 0.1681 Pre: 1.0000 Re: 1.0000 Acc: 1.0000 F1: 1.0000
Epoch 316: Time: 0.1190 Cost: 0.1670 Pre: 1.0000 Re: 1.0000 Acc: 1.0000 F1: 1.0000
Epoch 317: Time: 0.1193 Cost: 0.1656 Pre: 1.0000 Re: 1.0000 Acc: 1.0000 F1: 1.0000
Epoch 318: Time: 0.1190 Cost: 0.1641 Pre: 1.0000 Re: 1.0000 Acc: 1.0000 F1: 1.0000
Epoch 319: Time: 0.1205 Cost: 0.1625 Pre: 1.0000 Re: 1.0000 Acc: 1.0000 F1: 1.0000
Epoch 320: Time: 0.1191 Cost: 0.1606 Pre: 1.0000 Re: 1.0000 Acc: 1.0000 F1: 1.0000


--------------------------------------------------------------------
Eval results: Cost:0.7317 Pre:0.9980 Re:0.9880 Acc:0.9930 F1:0.9930
--------------------------------------------------------------------

Epoch 321: Time: 0.1192 Cost: 0.1575 Pre: 1.0000 Re: 1.0000 Acc: 1.0000 F1: 1.0000
Epoch 322: Time: 0.1190 Cost: 0.1568 Pre: 1.0000 Re: 1.0000 Acc: 1.0000 F1: 1.0000
Epoch 323: Time: 0.1190 Cost: 0.1553 Pre: 1.0000 Re: 1.0000 Acc: 1.0000 F1: 1.0000
Epoch 324: Time: 0.1190 Cost: 0.1542 Pre: 1.0000 Re: 1.0000 Acc: 1.0000 F1: 1.0000
Epoch 325: Time: 0.1190 Cost: 0.1534 Pre: 1.0000 Re: 1.0000 Acc: 1.0000 F1: 1.0000
Epoch 326: Time: 0.1191 Cost: 0.1525 Pre: 1.0000 Re: 1.0000 Acc: 1.0000 F1: 1.0000
Epoch 327: Time: 0.1190 Cost: 0.1514 Pre: 1.0000 Re: 1.0000 Acc: 1.0000 F1: 1.0000
Epoch 328: Time: 0.1190 Cost: 0.1503 Pre: 1.0000 Re: 1.0000 Acc: 1.0000 F1: 1.0000
Epoch 329: Time: 0.1191 Cost: 0.1489 Pre: 1.0000 Re: 1.0000 Acc: 1.0000 F1: 1.0000
Epoch 330: Time: 0.1191 Cost: 0.1474 Pre: 1.0000 Re: 1.0000 Acc: 1.0000 F1: 1.0000


--------------------------------------------------------------------
Eval results: Cost:0.7192 Pre:0.9980 Re:0.9880 Acc:0.9930 F1:0.9930
--------------------------------------------------------------------

Epoch 331: Time: 0.1192 Cost: 0.1447 Pre: 1.0000 Re: 1.0000 Acc: 1.0000 F1: 1.0000
Epoch 332: Time: 0.1193 Cost: 0.1443 Pre: 1.0000 Re: 1.0000 Acc: 1.0000 F1: 1.0000
Epoch 333: Time: 0.1192 Cost: 0.1430 Pre: 1.0000 Re: 1.0000 Acc: 1.0000 F1: 1.0000
Epoch 334: Time: 0.1190 Cost: 0.1422 Pre: 1.0000 Re: 1.0000 Acc: 1.0000 F1: 1.0000
Epoch 335: Time: 0.1193 Cost: 0.1416 Pre: 1.0000 Re: 1.0000 Acc: 1.0000 F1: 1.0000
Epoch 336: Time: 0.1191 Cost: 0.1410 Pre: 1.0000 Re: 1.0000 Acc: 1.0000 F1: 1.0000
Epoch 337: Time: 0.1190 Cost: 0.1402 Pre: 1.0000 Re: 1.0000 Acc: 1.0000 F1: 1.0000
Epoch 338: Time: 0.1190 Cost: 0.1393 Pre: 1.0000 Re: 1.0000 Acc: 1.0000 F1: 1.0000
Epoch 339: Time: 0.1203 Cost: 0.1383 Pre: 1.0000 Re: 1.0000 Acc: 1.0000 F1: 1.0000
Epoch 340: Time: 0.1193 Cost: 0.1372 Pre: 1.0000 Re: 1.0000 Acc: 1.0000 F1: 1.0000


--------------------------------------------------------------------
Eval results: Cost:0.7130 Pre:0.9980 Re:0.9880 Acc:0.9930 F1:0.9930
--------------------------------------------------------------------

Epoch 341: Time: 0.1192 Cost: 0.1350 Pre: 1.0000 Re: 1.0000 Acc: 1.0000 F1: 1.0000
Epoch 342: Time: 0.1191 Cost: 0.1347 Pre: 1.0000 Re: 1.0000 Acc: 1.0000 F1: 1.0000
Epoch 343: Time: 0.1191 Cost: 0.1340 Pre: 1.0000 Re: 1.0000 Acc: 1.0000 F1: 1.0000
Epoch 344: Time: 0.1190 Cost: 0.1334 Pre: 1.0000 Re: 1.0000 Acc: 1.0000 F1: 1.0000
Epoch 345: Time: 0.1191 Cost: 0.1329 Pre: 1.0000 Re: 1.0000 Acc: 1.0000 F1: 1.0000
Epoch 346: Time: 0.1191 Cost: 0.1325 Pre: 1.0000 Re: 1.0000 Acc: 1.0000 F1: 1.0000
Epoch 347: Time: 0.1189 Cost: 0.1320 Pre: 1.0000 Re: 1.0000 Acc: 1.0000 F1: 1.0000
Epoch 348: Time: 0.1192 Cost: 0.1314 Pre: 1.0000 Re: 1.0000 Acc: 1.0000 F1: 1.0000
Epoch 349: Time: 0.1189 Cost: 0.1307 Pre: 1.0000 Re: 1.0000 Acc: 1.0000 F1: 1.0000
Epoch 350: Time: 0.1191 Cost: 0.1299 Pre: 1.0000 Re: 1.0000 Acc: 1.0000 F1: 1.0000


--------------------------------------------------------------------
Eval results: Cost:0.7068 Pre:0.9980 Re:0.9880 Acc:0.9930 F1:0.9930
--------------------------------------------------------------------

Epoch 351: Time: 0.1212 Cost: 0.1283 Pre: 1.0000 Re: 1.0000 Acc: 1.0000 F1: 1.0000
Epoch 352: Time: 0.1192 Cost: 0.1281 Pre: 1.0000 Re: 1.0000 Acc: 1.0000 F1: 1.0000
Epoch 353: Time: 0.1190 Cost: 0.1276 Pre: 1.0000 Re: 1.0000 Acc: 1.0000 F1: 1.0000
Epoch 354: Time: 0.1193 Cost: 0.1272 Pre: 1.0000 Re: 1.0000 Acc: 1.0000 F1: 1.0000
Epoch 355: Time: 0.1192 Cost: 0.1269 Pre: 1.0000 Re: 1.0000 Acc: 1.0000 F1: 1.0000
Epoch 356: Time: 0.1200 Cost: 0.1265 Pre: 1.0000 Re: 1.0000 Acc: 1.0000 F1: 1.0000
Epoch 357: Time: 0.1199 Cost: 0.1262 Pre: 1.0000 Re: 1.0000 Acc: 1.0000 F1: 1.0000
Epoch 358: Time: 0.1195 Cost: 0.1257 Pre: 1.0000 Re: 1.0000 Acc: 1.0000 F1: 1.0000
Epoch 359: Time: 0.1206 Cost: 0.1252 Pre: 1.0000 Re: 1.0000 Acc: 1.0000 F1: 1.0000
Epoch 360: Time: 0.1202 Cost: 0.1245 Pre: 1.0000 Re: 1.0000 Acc: 1.0000 F1: 1.0000


--------------------------------------------------------------------
Eval results: Cost:0.6932 Pre:0.9980 Re:0.9900 Acc:0.9940 F1:0.9940
--------------------------------------------------------------------

Epoch 361: Time: 0.1195 Cost: 0.1232 Pre: 1.0000 Re: 1.0000 Acc: 1.0000 F1: 1.0000
Epoch 362: Time: 0.1188 Cost: 0.1230 Pre: 1.0000 Re: 1.0000 Acc: 1.0000 F1: 1.0000
Epoch 363: Time: 0.1187 Cost: 0.1226 Pre: 1.0000 Re: 1.0000 Acc: 1.0000 F1: 1.0000
Epoch 364: Time: 0.1188 Cost: 0.1223 Pre: 1.0000 Re: 1.0000 Acc: 1.0000 F1: 1.0000
Epoch 365: Time: 0.1190 Cost: 0.1220 Pre: 1.0000 Re: 1.0000 Acc: 1.0000 F1: 1.0000
Epoch 366: Time: 0.1207 Cost: 0.1217 Pre: 1.0000 Re: 1.0000 Acc: 1.0000 F1: 1.0000
Epoch 367: Time: 0.1189 Cost: 0.1214 Pre: 1.0000 Re: 1.0000 Acc: 1.0000 F1: 1.0000
Epoch 368: Time: 0.1193 Cost: 0.1210 Pre: 1.0000 Re: 1.0000 Acc: 1.0000 F1: 1.0000
Epoch 369: Time: 0.1189 Cost: 0.1205 Pre: 1.0000 Re: 1.0000 Acc: 1.0000 F1: 1.0000
Epoch 370: Time: 0.1190 Cost: 0.1200 Pre: 1.0000 Re: 1.0000 Acc: 1.0000 F1: 1.0000


--------------------------------------------------------------------
Eval results: Cost:0.6816 Pre:0.9980 Re:0.9900 Acc:0.9940 F1:0.9940
--------------------------------------------------------------------

Epoch 371: Time: 0.1193 Cost: 0.1187 Pre: 1.0000 Re: 1.0000 Acc: 1.0000 F1: 1.0000
Epoch 372: Time: 0.1190 Cost: 0.1185 Pre: 1.0000 Re: 1.0000 Acc: 1.0000 F1: 1.0000
Epoch 373: Time: 0.1190 Cost: 0.1182 Pre: 1.0000 Re: 1.0000 Acc: 1.0000 F1: 1.0000
Epoch 374: Time: 0.1191 Cost: 0.1180 Pre: 1.0000 Re: 1.0000 Acc: 1.0000 F1: 1.0000
Epoch 375: Time: 0.1201 Cost: 0.1177 Pre: 1.0000 Re: 1.0000 Acc: 1.0000 F1: 1.0000
Epoch 376: Time: 0.1191 Cost: 0.1175 Pre: 1.0000 Re: 1.0000 Acc: 1.0000 F1: 1.0000
Epoch 377: Time: 0.1191 Cost: 0.1172 Pre: 1.0000 Re: 1.0000 Acc: 1.0000 F1: 1.0000
Epoch 378: Time: 0.1190 Cost: 0.1169 Pre: 1.0000 Re: 1.0000 Acc: 1.0000 F1: 1.0000
Epoch 379: Time: 0.1191 Cost: 0.1164 Pre: 1.0000 Re: 1.0000 Acc: 1.0000 F1: 1.0000
Epoch 380: Time: 0.1208 Cost: 0.1159 Pre: 1.0000 Re: 1.0000 Acc: 1.0000 F1: 1.0000


--------------------------------------------------------------------
Eval results: Cost:0.6719 Pre:0.9980 Re:0.9900 Acc:0.9940 F1:0.9940
--------------------------------------------------------------------

Epoch 381: Time: 0.1193 Cost: 0.1148 Pre: 1.0000 Re: 1.0000 Acc: 1.0000 F1: 1.0000
Epoch 382: Time: 0.1192 Cost: 0.1146 Pre: 1.0000 Re: 1.0000 Acc: 1.0000 F1: 1.0000
Epoch 383: Time: 0.1189 Cost: 0.1144 Pre: 1.0000 Re: 1.0000 Acc: 1.0000 F1: 1.0000
Epoch 384: Time: 0.1194 Cost: 0.1142 Pre: 1.0000 Re: 1.0000 Acc: 1.0000 F1: 1.0000
Epoch 385: Time: 0.1191 Cost: 0.1139 Pre: 1.0000 Re: 1.0000 Acc: 1.0000 F1: 1.0000
Epoch 386: Time: 0.1190 Cost: 0.1137 Pre: 1.0000 Re: 1.0000 Acc: 1.0000 F1: 1.0000
Epoch 387: Time: 0.1191 Cost: 0.1135 Pre: 1.0000 Re: 1.0000 Acc: 1.0000 F1: 1.0000
Epoch 388: Time: 0.1191 Cost: 0.1132 Pre: 1.0000 Re: 1.0000 Acc: 1.0000 F1: 1.0000
Epoch 389: Time: 0.1192 Cost: 0.1128 Pre: 1.0000 Re: 1.0000 Acc: 1.0000 F1: 1.0000
Epoch 390: Time: 0.1190 Cost: 0.1123 Pre: 1.0000 Re: 1.0000 Acc: 1.0000 F1: 1.0000


--------------------------------------------------------------------
Eval results: Cost:0.6630 Pre:0.9980 Re:0.9900 Acc:0.9940 F1:0.9940
--------------------------------------------------------------------

Epoch 391: Time: 0.1192 Cost: 0.1113 Pre: 1.0000 Re: 1.0000 Acc: 1.0000 F1: 1.0000
Epoch 392: Time: 0.1190 Cost: 0.1111 Pre: 1.0000 Re: 1.0000 Acc: 1.0000 F1: 1.0000
Epoch 393: Time: 0.1191 Cost: 0.1109 Pre: 1.0000 Re: 1.0000 Acc: 1.0000 F1: 1.0000
Epoch 394: Time: 0.1190 Cost: 0.1107 Pre: 1.0000 Re: 1.0000 Acc: 1.0000 F1: 1.0000
Epoch 395: Time: 0.1191 Cost: 0.1106 Pre: 1.0000 Re: 1.0000 Acc: 1.0000 F1: 1.0000
Epoch 396: Time: 0.1190 Cost: 0.1104 Pre: 1.0000 Re: 1.0000 Acc: 1.0000 F1: 1.0000
Epoch 397: Time: 0.1190 Cost: 0.1101 Pre: 1.0000 Re: 1.0000 Acc: 1.0000 F1: 1.0000
Epoch 398: Time: 0.1192 Cost: 0.1099 Pre: 1.0000 Re: 1.0000 Acc: 1.0000 F1: 1.0000
Epoch 399: Time: 0.1191 Cost: 0.1095 Pre: 1.0000 Re: 1.0000 Acc: 1.0000 F1: 1.0000
Epoch 400: Time: 0.1189 Cost: 0.1091 Pre: 1.0000 Re: 1.0000 Acc: 1.0000 F1: 1.0000


--------------------------------------------------------------------
Eval results: Cost:0.6546 Pre:0.9980 Re:0.9880 Acc:0.9930 F1:0.9930
--------------------------------------------------------------------

Epoch 401: Time: 0.1192 Cost: 0.1082 Pre: 1.0000 Re: 1.0000 Acc: 1.0000 F1: 1.0000
Epoch 402: Time: 0.1191 Cost: 0.1080 Pre: 1.0000 Re: 1.0000 Acc: 1.0000 F1: 1.0000
Epoch 403: Time: 0.1191 Cost: 0.1078 Pre: 1.0000 Re: 1.0000 Acc: 1.0000 F1: 1.0000
Epoch 404: Time: 0.1191 Cost: 0.1077 Pre: 1.0000 Re: 1.0000 Acc: 1.0000 F1: 1.0000
Epoch 405: Time: 0.1190 Cost: 0.1075 Pre: 1.0000 Re: 1.0000 Acc: 1.0000 F1: 1.0000
Epoch 406: Time: 0.1193 Cost: 0.1074 Pre: 1.0000 Re: 1.0000 Acc: 1.0000 F1: 1.0000
Epoch 407: Time: 0.1194 Cost: 0.1072 Pre: 1.0000 Re: 1.0000 Acc: 1.0000 F1: 1.0000
Epoch 408: Time: 0.1192 Cost: 0.1069 Pre: 1.0000 Re: 1.0000 Acc: 1.0000 F1: 1.0000
Epoch 409: Time: 0.1190 Cost: 0.1066 Pre: 1.0000 Re: 1.0000 Acc: 1.0000 F1: 1.0000
Epoch 410: Time: 0.1191 Cost: 0.1062 Pre: 1.0000 Re: 1.0000 Acc: 1.0000 F1: 1.0000


--------------------------------------------------------------------
Eval results: Cost:0.6464 Pre:0.9980 Re:0.9880 Acc:0.9930 F1:0.9930
--------------------------------------------------------------------

Epoch 411: Time: 0.1194 Cost: 0.1054 Pre: 1.0000 Re: 1.0000 Acc: 1.0000 F1: 1.0000
Epoch 412: Time: 0.1190 Cost: 0.1052 Pre: 1.0000 Re: 1.0000 Acc: 1.0000 F1: 1.0000
Epoch 413: Time: 0.1191 Cost: 0.1050 Pre: 1.0000 Re: 1.0000 Acc: 1.0000 F1: 1.0000
Epoch 414: Time: 0.1189 Cost: 0.1049 Pre: 1.0000 Re: 1.0000 Acc: 1.0000 F1: 1.0000
Epoch 415: Time: 0.1190 Cost: 0.1048 Pre: 1.0000 Re: 1.0000 Acc: 1.0000 F1: 1.0000
Epoch 416: Time: 0.1191 Cost: 0.1046 Pre: 1.0000 Re: 1.0000 Acc: 1.0000 F1: 1.0000
Epoch 417: Time: 0.1190 Cost: 0.1044 Pre: 1.0000 Re: 1.0000 Acc: 1.0000 F1: 1.0000
Epoch 418: Time: 0.1190 Cost: 0.1042 Pre: 1.0000 Re: 1.0000 Acc: 1.0000 F1: 1.0000
Epoch 419: Time: 0.1189 Cost: 0.1039 Pre: 1.0000 Re: 1.0000 Acc: 1.0000 F1: 1.0000
Epoch 420: Time: 0.1209 Cost: 0.1036 Pre: 1.0000 Re: 1.0000 Acc: 1.0000 F1: 1.0000


--------------------------------------------------------------------
Eval results: Cost:0.6382 Pre:0.9980 Re:0.9880 Acc:0.9930 F1:0.9930
--------------------------------------------------------------------

Epoch 421: Time: 0.1195 Cost: 0.1028 Pre: 1.0000 Re: 1.0000 Acc: 1.0000 F1: 1.0000
Epoch 422: Time: 0.1192 Cost: 0.1026 Pre: 1.0000 Re: 1.0000 Acc: 1.0000 F1: 1.0000
Epoch 423: Time: 0.1191 Cost: 0.1025 Pre: 1.0000 Re: 1.0000 Acc: 1.0000 F1: 1.0000
Epoch 424: Time: 0.1189 Cost: 0.1023 Pre: 1.0000 Re: 1.0000 Acc: 1.0000 F1: 1.0000
Epoch 425: Time: 0.1193 Cost: 0.1022 Pre: 1.0000 Re: 1.0000 Acc: 1.0000 F1: 1.0000
Epoch 426: Time: 0.1189 Cost: 0.1021 Pre: 1.0000 Re: 1.0000 Acc: 1.0000 F1: 1.0000
Epoch 427: Time: 0.1211 Cost: 0.1019 Pre: 1.0000 Re: 1.0000 Acc: 1.0000 F1: 1.0000
Epoch 428: Time: 0.1191 Cost: 0.1017 Pre: 1.0000 Re: 1.0000 Acc: 1.0000 F1: 1.0000
Epoch 429: Time: 0.1194 Cost: 0.1014 Pre: 1.0000 Re: 1.0000 Acc: 1.0000 F1: 1.0000
Epoch 430: Time: 0.1191 Cost: 0.1011 Pre: 1.0000 Re: 1.0000 Acc: 1.0000 F1: 1.0000


--------------------------------------------------------------------
Eval results: Cost:0.6300 Pre:0.9980 Re:0.9880 Acc:0.9930 F1:0.9930
--------------------------------------------------------------------

Epoch 431: Time: 0.1196 Cost: 0.1003 Pre: 1.0000 Re: 1.0000 Acc: 1.0000 F1: 1.0000
Epoch 432: Time: 0.1189 Cost: 0.1002 Pre: 1.0000 Re: 1.0000 Acc: 1.0000 F1: 1.0000
Epoch 433: Time: 0.1191 Cost: 0.1000 Pre: 1.0000 Re: 1.0000 Acc: 1.0000 F1: 1.0000
Epoch 434: Time: 0.1189 Cost: 0.0999 Pre: 1.0000 Re: 1.0000 Acc: 1.0000 F1: 1.0000
Epoch 435: Time: 0.1199 Cost: 0.0998 Pre: 1.0000 Re: 1.0000 Acc: 1.0000 F1: 1.0000
Epoch 436: Time: 0.1195 Cost: 0.0996 Pre: 1.0000 Re: 1.0000 Acc: 1.0000 F1: 1.0000
Epoch 437: Time: 0.1193 Cost: 0.0995 Pre: 1.0000 Re: 1.0000 Acc: 1.0000 F1: 1.0000
Epoch 438: Time: 0.1190 Cost: 0.0993 Pre: 1.0000 Re: 1.0000 Acc: 1.0000 F1: 1.0000
Epoch 439: Time: 0.1190 Cost: 0.0990 Pre: 1.0000 Re: 1.0000 Acc: 1.0000 F1: 1.0000
Epoch 440: Time: 0.1193 Cost: 0.0987 Pre: 1.0000 Re: 1.0000 Acc: 1.0000 F1: 1.0000


--------------------------------------------------------------------
Eval results: Cost:0.6215 Pre:0.9980 Re:0.9900 Acc:0.9940 F1:0.9940
--------------------------------------------------------------------

Epoch 441: Time: 0.1192 Cost: 0.0980 Pre: 1.0000 Re: 1.0000 Acc: 1.0000 F1: 1.0000
Epoch 442: Time: 0.1193 Cost: 0.0978 Pre: 1.0000 Re: 1.0000 Acc: 1.0000 F1: 1.0000
Epoch 443: Time: 0.1191 Cost: 0.0977 Pre: 1.0000 Re: 1.0000 Acc: 1.0000 F1: 1.0000
Epoch 444: Time: 0.1194 Cost: 0.0976 Pre: 1.0000 Re: 1.0000 Acc: 1.0000 F1: 1.0000
Epoch 445: Time: 0.1200 Cost: 0.0975 Pre: 1.0000 Re: 1.0000 Acc: 1.0000 F1: 1.0000
Epoch 446: Time: 0.1194 Cost: 0.0974 Pre: 1.0000 Re: 1.0000 Acc: 1.0000 F1: 1.0000
Epoch 447: Time: 0.1190 Cost: 0.0972 Pre: 1.0000 Re: 1.0000 Acc: 1.0000 F1: 1.0000
Epoch 448: Time: 0.1191 Cost: 0.0970 Pre: 1.0000 Re: 1.0000 Acc: 1.0000 F1: 1.0000
Epoch 449: Time: 0.1197 Cost: 0.0968 Pre: 1.0000 Re: 1.0000 Acc: 1.0000 F1: 1.0000
Epoch 450: Time: 0.1212 Cost: 0.0965 Pre: 1.0000 Re: 1.0000 Acc: 1.0000 F1: 1.0000


--------------------------------------------------------------------
Eval results: Cost:0.6124 Pre:0.9980 Re:0.9940 Acc:0.9960 F1:0.9960
--------------------------------------------------------------------

Epoch 451: Time: 0.1220 Cost: 0.0957 Pre: 1.0000 Re: 1.0000 Acc: 1.0000 F1: 1.0000
Epoch 452: Time: 0.1213 Cost: 0.0956 Pre: 1.0000 Re: 1.0000 Acc: 1.0000 F1: 1.0000
Epoch 453: Time: 0.1199 Cost: 0.0955 Pre: 1.0000 Re: 1.0000 Acc: 1.0000 F1: 1.0000
Epoch 454: Time: 0.1195 Cost: 0.0954 Pre: 1.0000 Re: 1.0000 Acc: 1.0000 F1: 1.0000
Epoch 455: Time: 0.1195 Cost: 0.0953 Pre: 1.0000 Re: 1.0000 Acc: 1.0000 F1: 1.0000
Epoch 456: Time: 0.1198 Cost: 0.0951 Pre: 1.0000 Re: 1.0000 Acc: 1.0000 F1: 1.0000
Epoch 457: Time: 0.1197 Cost: 0.0950 Pre: 1.0000 Re: 1.0000 Acc: 1.0000 F1: 1.0000
Epoch 458: Time: 0.1193 Cost: 0.0948 Pre: 1.0000 Re: 1.0000 Acc: 1.0000 F1: 1.0000
Epoch 459: Time: 0.1194 Cost: 0.0945 Pre: 1.0000 Re: 1.0000 Acc: 1.0000 F1: 1.0000
Epoch 460: Time: 0.1197 Cost: 0.0943 Pre: 1.0000 Re: 1.0000 Acc: 1.0000 F1: 1.0000


--------------------------------------------------------------------
Eval results: Cost:0.6030 Pre:0.9980 Re:0.9940 Acc:0.9960 F1:0.9960
--------------------------------------------------------------------

Epoch 461: Time: 0.1191 Cost: 0.0935 Pre: 1.0000 Re: 1.0000 Acc: 1.0000 F1: 1.0000
Epoch 462: Time: 0.1190 Cost: 0.0934 Pre: 1.0000 Re: 1.0000 Acc: 1.0000 F1: 1.0000
Epoch 463: Time: 0.1191 Cost: 0.0933 Pre: 1.0000 Re: 1.0000 Acc: 1.0000 F1: 1.0000
Epoch 464: Time: 0.1191 Cost: 0.0932 Pre: 1.0000 Re: 1.0000 Acc: 1.0000 F1: 1.0000
Epoch 465: Time: 0.1198 Cost: 0.0931 Pre: 1.0000 Re: 1.0000 Acc: 1.0000 F1: 1.0000
Epoch 466: Time: 0.1199 Cost: 0.0929 Pre: 1.0000 Re: 1.0000 Acc: 1.0000 F1: 1.0000
Epoch 467: Time: 0.1240 Cost: 0.0928 Pre: 1.0000 Re: 1.0000 Acc: 1.0000 F1: 1.0000
Epoch 468: Time: 0.1191 Cost: 0.0926 Pre: 1.0000 Re: 1.0000 Acc: 1.0000 F1: 1.0000
Epoch 469: Time: 0.1191 Cost: 0.0923 Pre: 1.0000 Re: 1.0000 Acc: 1.0000 F1: 1.0000
Epoch 470: Time: 0.1192 Cost: 0.0921 Pre: 1.0000 Re: 1.0000 Acc: 1.0000 F1: 1.0000


--------------------------------------------------------------------
Eval results: Cost:0.5931 Pre:0.9980 Re:0.9940 Acc:0.9960 F1:0.9960
--------------------------------------------------------------------

Epoch 471: Time: 0.1197 Cost: 0.0913 Pre: 1.0000 Re: 1.0000 Acc: 1.0000 F1: 1.0000
Epoch 472: Time: 0.1191 Cost: 0.0912 Pre: 1.0000 Re: 1.0000 Acc: 1.0000 F1: 1.0000
Epoch 473: Time: 0.1191 Cost: 0.0911 Pre: 1.0000 Re: 1.0000 Acc: 1.0000 F1: 1.0000
Epoch 474: Time: 0.1191 Cost: 0.0910 Pre: 1.0000 Re: 1.0000 Acc: 1.0000 F1: 1.0000
Epoch 475: Time: 0.1194 Cost: 0.0908 Pre: 1.0000 Re: 1.0000 Acc: 1.0000 F1: 1.0000
Epoch 476: Time: 0.1192 Cost: 0.0907 Pre: 1.0000 Re: 1.0000 Acc: 1.0000 F1: 1.0000
Epoch 477: Time: 0.1190 Cost: 0.0905 Pre: 1.0000 Re: 1.0000 Acc: 1.0000 F1: 1.0000
Epoch 478: Time: 0.1189 Cost: 0.0904 Pre: 1.0000 Re: 1.0000 Acc: 1.0000 F1: 1.0000
Epoch 479: Time: 0.1207 Cost: 0.0901 Pre: 1.0000 Re: 1.0000 Acc: 1.0000 F1: 1.0000
Epoch 480: Time: 0.1189 Cost: 0.0898 Pre: 1.0000 Re: 1.0000 Acc: 1.0000 F1: 1.0000


--------------------------------------------------------------------
Eval results: Cost:0.5829 Pre:0.9980 Re:0.9940 Acc:0.9960 F1:0.9960
--------------------------------------------------------------------

Epoch 481: Time: 0.1194 Cost: 0.0891 Pre: 1.0000 Re: 1.0000 Acc: 1.0000 F1: 1.0000
Epoch 482: Time: 0.1189 Cost: 0.0889 Pre: 1.0000 Re: 1.0000 Acc: 1.0000 F1: 1.0000
Epoch 483: Time: 0.1198 Cost: 0.0888 Pre: 1.0000 Re: 1.0000 Acc: 1.0000 F1: 1.0000
Epoch 484: Time: 0.1190 Cost: 0.0887 Pre: 1.0000 Re: 1.0000 Acc: 1.0000 F1: 1.0000
Epoch 485: Time: 0.1206 Cost: 0.0886 Pre: 1.0000 Re: 1.0000 Acc: 1.0000 F1: 1.0000
Epoch 486: Time: 0.1190 Cost: 0.0884 Pre: 1.0000 Re: 1.0000 Acc: 1.0000 F1: 1.0000
Epoch 487: Time: 0.1201 Cost: 0.0883 Pre: 1.0000 Re: 1.0000 Acc: 1.0000 F1: 1.0000
Epoch 488: Time: 0.1190 Cost: 0.0881 Pre: 1.0000 Re: 1.0000 Acc: 1.0000 F1: 1.0000
Epoch 489: Time: 0.1203 Cost: 0.0878 Pre: 1.0000 Re: 1.0000 Acc: 1.0000 F1: 1.0000
Epoch 490: Time: 0.1194 Cost: 0.0875 Pre: 1.0000 Re: 1.0000 Acc: 1.0000 F1: 1.0000


--------------------------------------------------------------------
Eval results: Cost:0.5727 Pre:0.9980 Re:0.9940 Acc:0.9960 F1:0.9960
--------------------------------------------------------------------

Epoch 491: Time: 0.1190 Cost: 0.0867 Pre: 1.0000 Re: 1.0000 Acc: 1.0000 F1: 1.0000
Epoch 492: Time: 0.1191 Cost: 0.0866 Pre: 1.0000 Re: 1.0000 Acc: 1.0000 F1: 1.0000
Epoch 493: Time: 0.1198 Cost: 0.0864 Pre: 1.0000 Re: 1.0000 Acc: 1.0000 F1: 1.0000
Epoch 494: Time: 0.1190 Cost: 0.0863 Pre: 1.0000 Re: 1.0000 Acc: 1.0000 F1: 1.0000
Epoch 495: Time: 0.1191 Cost: 0.0862 Pre: 1.0000 Re: 1.0000 Acc: 1.0000 F1: 1.0000
Epoch 496: Time: 0.1189 Cost: 0.0860 Pre: 1.0000 Re: 1.0000 Acc: 1.0000 F1: 1.0000
Epoch 497: Time: 0.1192 Cost: 0.0858 Pre: 1.0000 Re: 1.0000 Acc: 1.0000 F1: 1.0000
Epoch 498: Time: 0.1197 Cost: 0.0856 Pre: 1.0000 Re: 1.0000 Acc: 1.0000 F1: 1.0000
Epoch 499: Time: 0.1189 Cost: 0.0854 Pre: 1.0000 Re: 1.0000 Acc: 1.0000 F1: 1.0000
Reading model ...
--------------------------------------------------------------------
Test 1000 samples take time: 0.5120
Test results: Cost: 0.0562 Precision: 0.9980 Recall: 0.9940 Accuracy: 0.9960 F1: 0.9960
--------------------------------------------------------------------

