Load data
RNN type: O2 Grammar: SP/SP4/1k/ Seed: 1
Model total parameters: 410
Saving hinit ... 

Epoch 0: Time: 0.1047 Cost: 31.2894 Pre: 1.0000 Re: 0.0300 Acc: 0.5150 F1: 0.0583


--------------------------------------------------------------------
Eval results: Cost:30.1437 Pre:0.0000 Re:0.0000 Acc:0.5000 F1:0.0000
--------------------------------------------------------------------

Epoch 1: Time: 0.1045 Cost: 28.6924 Pre: 1.0000 Re: 0.0300 Acc: 0.5150 F1: 0.0583
Epoch 2: Time: 0.1046 Cost: 26.8903 Pre: 1.0000 Re: 0.0300 Acc: 0.5150 F1: 0.0583
Epoch 3: Time: 0.1048 Cost: 25.4596 Pre: 0.9062 Re: 0.0580 Acc: 0.5260 F1: 0.1090
Epoch 4: Time: 0.1048 Cost: 24.0557 Pre: 0.7561 Re: 0.0620 Acc: 0.5210 F1: 0.1146
Epoch 5: Time: 0.1052 Cost: 22.5835 Pre: 0.7161 Re: 0.2220 Acc: 0.5670 F1: 0.3389
Epoch 6: Time: 0.1055 Cost: 21.0970 Pre: 0.7208 Re: 0.5060 Acc: 0.6550 F1: 0.5946
Epoch 7: Time: 0.1058 Cost: 19.7591 Pre: 0.7350 Re: 0.7100 Acc: 0.7270 F1: 0.7223
Epoch 8: Time: 0.1059 Cost: 18.6920 Pre: 0.7271 Re: 0.7780 Acc: 0.7430 F1: 0.7517
Epoch 9: Time: 0.1062 Cost: 17.8550 Pre: 0.7284 Re: 0.7940 Acc: 0.7490 F1: 0.7598
Epoch 10: Time: 0.1063 Cost: 17.1717 Pre: 0.7338 Re: 0.7940 Acc: 0.7530 F1: 0.7627


--------------------------------------------------------------------
Eval results: Cost:16.5914 Pre:0.7427 Re:0.8140 Acc:0.7660 F1:0.7767
--------------------------------------------------------------------

Epoch 11: Time: 0.1066 Cost: 16.6270 Pre: 0.7468 Re: 0.8080 Acc: 0.7670 F1: 0.7762
Epoch 12: Time: 0.1066 Cost: 16.2518 Pre: 0.7481 Re: 0.8020 Acc: 0.7660 F1: 0.7741
Epoch 13: Time: 0.1067 Cost: 15.9429 Pre: 0.7615 Re: 0.7920 Acc: 0.7720 F1: 0.7765
Epoch 14: Time: 0.1065 Cost: 15.6610 Pre: 0.7712 Re: 0.8020 Acc: 0.7820 F1: 0.7863
Epoch 15: Time: 0.1065 Cost: 15.3946 Pre: 0.7795 Re: 0.8060 Acc: 0.7890 F1: 0.7925
Epoch 16: Time: 0.1064 Cost: 15.1383 Pre: 0.7847 Re: 0.8020 Acc: 0.7910 F1: 0.7933
Epoch 17: Time: 0.1065 Cost: 14.8876 Pre: 0.7884 Re: 0.7900 Acc: 0.7890 F1: 0.7892
Epoch 18: Time: 0.1067 Cost: 14.6382 Pre: 0.7923 Re: 0.7860 Acc: 0.7900 F1: 0.7892
Epoch 19: Time: 0.1067 Cost: 14.3867 Pre: 0.8117 Re: 0.7760 Acc: 0.7980 F1: 0.7935
Epoch 20: Time: 0.1066 Cost: 14.1313 Pre: 0.8168 Re: 0.7760 Acc: 0.8010 F1: 0.7959


--------------------------------------------------------------------
Eval results: Cost:15.1167 Pre:0.7813 Re:0.7360 Acc:0.7650 F1:0.7580
--------------------------------------------------------------------

Epoch 21: Time: 0.1065 Cost: 13.8756 Pre: 0.8174 Re: 0.7700 Acc: 0.7990 F1: 0.7930
Epoch 22: Time: 0.1067 Cost: 13.6768 Pre: 0.8266 Re: 0.7720 Acc: 0.8050 F1: 0.7983
Epoch 23: Time: 0.1067 Cost: 13.4873 Pre: 0.8301 Re: 0.7720 Acc: 0.8070 F1: 0.8000
Epoch 24: Time: 0.1066 Cost: 13.2907 Pre: 0.8396 Re: 0.7640 Acc: 0.8090 F1: 0.8000
Epoch 25: Time: 0.1069 Cost: 13.0844 Pre: 0.8411 Re: 0.7620 Acc: 0.8090 F1: 0.7996
Epoch 26: Time: 0.1067 Cost: 12.8695 Pre: 0.8527 Re: 0.7640 Acc: 0.8160 F1: 0.8059
Epoch 27: Time: 0.1067 Cost: 12.6457 Pre: 0.8565 Re: 0.7640 Acc: 0.8180 F1: 0.8076
Epoch 28: Time: 0.1068 Cost: 12.4083 Pre: 0.8626 Re: 0.7660 Acc: 0.8220 F1: 0.8114
Epoch 29: Time: 0.1068 Cost: 12.1494 Pre: 0.8685 Re: 0.7660 Acc: 0.8250 F1: 0.8140
Epoch 30: Time: 0.1068 Cost: 11.8633 Pre: 0.8773 Re: 0.7720 Acc: 0.8320 F1: 0.8213


--------------------------------------------------------------------
Eval results: Cost:13.8291 Pre:0.8306 Re:0.7160 Acc:0.7850 F1:0.7691
--------------------------------------------------------------------

Epoch 31: Time: 0.1067 Cost: 11.5664 Pre: 0.8874 Re: 0.7720 Acc: 0.8370 F1: 0.8257
Epoch 32: Time: 0.1068 Cost: 11.3557 Pre: 0.8927 Re: 0.7820 Acc: 0.8440 F1: 0.8337
Epoch 33: Time: 0.1067 Cost: 11.1620 Pre: 0.8955 Re: 0.7880 Acc: 0.8480 F1: 0.8383
Epoch 34: Time: 0.1068 Cost: 10.9503 Pre: 0.9021 Re: 0.7920 Acc: 0.8530 F1: 0.8435
Epoch 35: Time: 0.1068 Cost: 10.7078 Pre: 0.9128 Re: 0.7960 Acc: 0.8600 F1: 0.8504
Epoch 36: Time: 0.1071 Cost: 10.4309 Pre: 0.9130 Re: 0.7980 Acc: 0.8610 F1: 0.8517
Epoch 37: Time: 0.1069 Cost: 10.1227 Pre: 0.9176 Re: 0.8020 Acc: 0.8650 F1: 0.8559
Epoch 38: Time: 0.1069 Cost: 9.7919 Pre: 0.9205 Re: 0.8100 Acc: 0.8700 F1: 0.8617
Epoch 39: Time: 0.1069 Cost: 9.4491 Pre: 0.9257 Re: 0.8220 Acc: 0.8780 F1: 0.8708
Epoch 40: Time: 0.1069 Cost: 9.1041 Pre: 0.9326 Re: 0.8300 Acc: 0.8850 F1: 0.8783


--------------------------------------------------------------------
Eval results: Cost:10.8528 Pre:0.8925 Re:0.7640 Acc:0.8360 F1:0.8233
--------------------------------------------------------------------

Epoch 41: Time: 0.1069 Cost: 8.7617 Pre: 0.9326 Re: 0.8300 Acc: 0.8850 F1: 0.8783
Epoch 42: Time: 0.1069 Cost: 8.5448 Pre: 0.9396 Re: 0.8400 Acc: 0.8930 F1: 0.8870
Epoch 43: Time: 0.1069 Cost: 8.3624 Pre: 0.9379 Re: 0.8460 Acc: 0.8950 F1: 0.8896
Epoch 44: Time: 0.1070 Cost: 8.1849 Pre: 0.9363 Re: 0.8520 Acc: 0.8970 F1: 0.8921
Epoch 45: Time: 0.1070 Cost: 8.0061 Pre: 0.9365 Re: 0.8560 Acc: 0.8990 F1: 0.8945
Epoch 46: Time: 0.1071 Cost: 7.8261 Pre: 0.9394 Re: 0.8680 Acc: 0.9060 F1: 0.9023
Epoch 47: Time: 0.1071 Cost: 7.6482 Pre: 0.9417 Re: 0.8720 Acc: 0.9090 F1: 0.9055
Epoch 48: Time: 0.1070 Cost: 7.4736 Pre: 0.9418 Re: 0.8740 Acc: 0.9100 F1: 0.9066
Epoch 49: Time: 0.1070 Cost: 7.3030 Pre: 0.9402 Re: 0.8800 Acc: 0.9120 F1: 0.9091
Epoch 50: Time: 0.1070 Cost: 7.1385 Pre: 0.9446 Re: 0.8860 Acc: 0.9170 F1: 0.9143


--------------------------------------------------------------------
Eval results: Cost:8.9861 Pre:0.9335 Re:0.8420 Acc:0.8910 F1:0.8854
--------------------------------------------------------------------

Epoch 51: Time: 0.1071 Cost: 6.9663 Pre: 0.9467 Re: 0.8880 Acc: 0.9190 F1: 0.9164
Epoch 52: Time: 0.1071 Cost: 6.8719 Pre: 0.9469 Re: 0.8920 Acc: 0.9210 F1: 0.9186
Epoch 53: Time: 0.1071 Cost: 6.7879 Pre: 0.9470 Re: 0.8940 Acc: 0.9220 F1: 0.9198
Epoch 54: Time: 0.1072 Cost: 6.7039 Pre: 0.9471 Re: 0.8960 Acc: 0.9230 F1: 0.9209
Epoch 55: Time: 0.1071 Cost: 6.6124 Pre: 0.9473 Re: 0.8980 Acc: 0.9240 F1: 0.9220
Epoch 56: Time: 0.1072 Cost: 6.5142 Pre: 0.9474 Re: 0.9000 Acc: 0.9250 F1: 0.9231
Epoch 57: Time: 0.1071 Cost: 6.4097 Pre: 0.9494 Re: 0.9000 Acc: 0.9260 F1: 0.9240
Epoch 58: Time: 0.1070 Cost: 6.2985 Pre: 0.9494 Re: 0.9000 Acc: 0.9260 F1: 0.9240
Epoch 59: Time: 0.1072 Cost: 6.1818 Pre: 0.9495 Re: 0.9020 Acc: 0.9270 F1: 0.9251
Epoch 60: Time: 0.1072 Cost: 6.0608 Pre: 0.9516 Re: 0.9040 Acc: 0.9290 F1: 0.9272


--------------------------------------------------------------------
Eval results: Cost:7.9073 Pre:0.9477 Re:0.8700 Acc:0.9110 F1:0.9072
--------------------------------------------------------------------

Epoch 61: Time: 0.1072 Cost: 5.9284 Pre: 0.9577 Re: 0.9060 Acc: 0.9330 F1: 0.9311
Epoch 62: Time: 0.1074 Cost: 5.8547 Pre: 0.9578 Re: 0.9080 Acc: 0.9340 F1: 0.9322
Epoch 63: Time: 0.1072 Cost: 5.7848 Pre: 0.9578 Re: 0.9080 Acc: 0.9340 F1: 0.9322
Epoch 64: Time: 0.1073 Cost: 5.7099 Pre: 0.9580 Re: 0.9120 Acc: 0.9360 F1: 0.9344
Epoch 65: Time: 0.1077 Cost: 5.6261 Pre: 0.9580 Re: 0.9120 Acc: 0.9360 F1: 0.9344
Epoch 66: Time: 0.1073 Cost: 5.5334 Pre: 0.9660 Re: 0.9100 Acc: 0.9390 F1: 0.9372
Epoch 67: Time: 0.1073 Cost: 5.4300 Pre: 0.9660 Re: 0.9080 Acc: 0.9380 F1: 0.9361
Epoch 68: Time: 0.1073 Cost: 5.3155 Pre: 0.9660 Re: 0.9100 Acc: 0.9390 F1: 0.9372
Epoch 69: Time: 0.1078 Cost: 5.1920 Pre: 0.9682 Re: 0.9120 Acc: 0.9410 F1: 0.9392
Epoch 70: Time: 0.1085 Cost: 5.0609 Pre: 0.9684 Re: 0.9180 Acc: 0.9440 F1: 0.9425


--------------------------------------------------------------------
Eval results: Cost:7.0841 Pre:0.9604 Re:0.8720 Acc:0.9180 F1:0.9140
--------------------------------------------------------------------

Epoch 71: Time: 0.1084 Cost: 4.9179 Pre: 0.9687 Re: 0.9280 Acc: 0.9490 F1: 0.9479
Epoch 72: Time: 0.1096 Cost: 4.8329 Pre: 0.9707 Re: 0.9280 Acc: 0.9500 F1: 0.9489
Epoch 73: Time: 0.1089 Cost: 4.7496 Pre: 0.9708 Re: 0.9300 Acc: 0.9510 F1: 0.9499
Epoch 74: Time: 0.1076 Cost: 4.6664 Pre: 0.9709 Re: 0.9340 Acc: 0.9530 F1: 0.9521
Epoch 75: Time: 0.1081 Cost: 4.5723 Pre: 0.9751 Re: 0.9380 Acc: 0.9570 F1: 0.9562
Epoch 76: Time: 0.1084 Cost: 4.4714 Pre: 0.9752 Re: 0.9420 Acc: 0.9590 F1: 0.9583
Epoch 77: Time: 0.1078 Cost: 4.3600 Pre: 0.9753 Re: 0.9460 Acc: 0.9610 F1: 0.9604
Epoch 78: Time: 0.1083 Cost: 4.2427 Pre: 0.9773 Re: 0.9460 Acc: 0.9620 F1: 0.9614
Epoch 79: Time: 0.1086 Cost: 4.1203 Pre: 0.9774 Re: 0.9520 Acc: 0.9650 F1: 0.9645
Epoch 80: Time: 0.1084 Cost: 3.9942 Pre: 0.9814 Re: 0.9520 Acc: 0.9670 F1: 0.9665


--------------------------------------------------------------------
Eval results: Cost:6.4258 Pre:0.9653 Re:0.8900 Acc:0.9290 F1:0.9261
--------------------------------------------------------------------

Epoch 81: Time: 0.1074 Cost: 3.8601 Pre: 0.9815 Re: 0.9560 Acc: 0.9690 F1: 0.9686
Epoch 82: Time: 0.1075 Cost: 3.7815 Pre: 0.9876 Re: 0.9580 Acc: 0.9730 F1: 0.9726
Epoch 83: Time: 0.1074 Cost: 3.7090 Pre: 0.9877 Re: 0.9600 Acc: 0.9740 F1: 0.9736
Epoch 84: Time: 0.1085 Cost: 3.6375 Pre: 0.9897 Re: 0.9620 Acc: 0.9760 F1: 0.9757
Epoch 85: Time: 0.1075 Cost: 3.5569 Pre: 0.9897 Re: 0.9620 Acc: 0.9760 F1: 0.9757
Epoch 86: Time: 0.1075 Cost: 3.4698 Pre: 0.9897 Re: 0.9640 Acc: 0.9770 F1: 0.9767
Epoch 87: Time: 0.1075 Cost: 3.3744 Pre: 0.9898 Re: 0.9680 Acc: 0.9790 F1: 0.9788
Epoch 88: Time: 0.1085 Cost: 3.2733 Pre: 0.9898 Re: 0.9700 Acc: 0.9800 F1: 0.9798
Epoch 89: Time: 0.1078 Cost: 3.1686 Pre: 0.9898 Re: 0.9700 Acc: 0.9800 F1: 0.9798
Epoch 90: Time: 0.1087 Cost: 3.0614 Pre: 0.9899 Re: 0.9760 Acc: 0.9830 F1: 0.9829


--------------------------------------------------------------------
Eval results: Cost:5.7682 Pre:0.9682 Re:0.9120 Acc:0.9410 F1:0.9392
--------------------------------------------------------------------

Epoch 91: Time: 0.1075 Cost: 2.9489 Pre: 0.9899 Re: 0.9800 Acc: 0.9850 F1: 0.9849
Epoch 92: Time: 0.1076 Cost: 2.8858 Pre: 0.9919 Re: 0.9760 Acc: 0.9840 F1: 0.9839
Epoch 93: Time: 0.1076 Cost: 2.8222 Pre: 0.9939 Re: 0.9760 Acc: 0.9850 F1: 0.9849
Epoch 94: Time: 0.1078 Cost: 2.7777 Pre: 0.9919 Re: 0.9780 Acc: 0.9850 F1: 0.9849
Epoch 95: Time: 0.1099 Cost: 2.7163 Pre: 0.9939 Re: 0.9820 Acc: 0.9880 F1: 0.9879
Epoch 96: Time: 0.1077 Cost: 2.6565 Pre: 0.9939 Re: 0.9820 Acc: 0.9880 F1: 0.9879
Epoch 97: Time: 0.1076 Cost: 2.5894 Pre: 0.9939 Re: 0.9840 Acc: 0.9890 F1: 0.9889
Epoch 98: Time: 0.1077 Cost: 2.5163 Pre: 0.9940 Re: 0.9860 Acc: 0.9900 F1: 0.9900
Epoch 99: Time: 0.1077 Cost: 2.4416 Pre: 0.9960 Re: 0.9860 Acc: 0.9910 F1: 0.9910
Epoch 100: Time: 0.1078 Cost: 2.3645 Pre: 0.9960 Re: 0.9860 Acc: 0.9910 F1: 0.9910


--------------------------------------------------------------------
Eval results: Cost:5.0373 Pre:0.9747 Re:0.9240 Acc:0.9500 F1:0.9487
--------------------------------------------------------------------

Epoch 101: Time: 0.1075 Cost: 2.2806 Pre: 0.9960 Re: 0.9920 Acc: 0.9940 F1: 0.9940
Epoch 102: Time: 0.1077 Cost: 2.2408 Pre: 0.9960 Re: 0.9880 Acc: 0.9920 F1: 0.9920
Epoch 103: Time: 0.1081 Cost: 2.1970 Pre: 0.9960 Re: 0.9900 Acc: 0.9930 F1: 0.9930
Epoch 104: Time: 0.1078 Cost: 2.1703 Pre: 0.9960 Re: 0.9900 Acc: 0.9930 F1: 0.9930
Epoch 105: Time: 0.1079 Cost: 2.1290 Pre: 0.9960 Re: 0.9900 Acc: 0.9930 F1: 0.9930
Epoch 106: Time: 0.1077 Cost: 2.0904 Pre: 0.9960 Re: 0.9900 Acc: 0.9930 F1: 0.9930
Epoch 107: Time: 0.1077 Cost: 2.0426 Pre: 0.9960 Re: 0.9900 Acc: 0.9930 F1: 0.9930
Epoch 108: Time: 0.1078 Cost: 1.9912 Pre: 0.9960 Re: 0.9920 Acc: 0.9940 F1: 0.9940
Epoch 109: Time: 0.1077 Cost: 1.9285 Pre: 0.9980 Re: 0.9920 Acc: 0.9950 F1: 0.9950
Epoch 110: Time: 0.1077 Cost: 1.8460 Pre: 0.9980 Re: 0.9940 Acc: 0.9960 F1: 0.9960


--------------------------------------------------------------------
Eval results: Cost:4.4219 Pre:0.9790 Re:0.9320 Acc:0.9560 F1:0.9549
--------------------------------------------------------------------

Epoch 111: Time: 0.1077 Cost: 1.7714 Pre: 1.0000 Re: 0.9940 Acc: 0.9970 F1: 0.9970
Epoch 112: Time: 0.1080 Cost: 1.7435 Pre: 1.0000 Re: 0.9940 Acc: 0.9970 F1: 0.9970
Epoch 113: Time: 0.1078 Cost: 1.7159 Pre: 1.0000 Re: 0.9940 Acc: 0.9970 F1: 0.9970
Epoch 114: Time: 0.1078 Cost: 1.6938 Pre: 1.0000 Re: 0.9940 Acc: 0.9970 F1: 0.9970
Epoch 115: Time: 0.1078 Cost: 1.6654 Pre: 1.0000 Re: 0.9940 Acc: 0.9970 F1: 0.9970
Epoch 116: Time: 0.1079 Cost: 1.6376 Pre: 1.0000 Re: 0.9940 Acc: 0.9970 F1: 0.9970
Epoch 117: Time: 0.1078 Cost: 1.6046 Pre: 1.0000 Re: 0.9940 Acc: 0.9970 F1: 0.9970
Epoch 118: Time: 0.1081 Cost: 1.5704 Pre: 1.0000 Re: 0.9940 Acc: 0.9970 F1: 0.9970
Epoch 119: Time: 0.1081 Cost: 1.5332 Pre: 1.0000 Re: 0.9940 Acc: 0.9970 F1: 0.9970
Epoch 120: Time: 0.1080 Cost: 1.4943 Pre: 1.0000 Re: 0.9980 Acc: 0.9990 F1: 0.9990


--------------------------------------------------------------------
Eval results: Cost:3.8227 Pre:0.9816 Re:0.9600 Acc:0.9710 F1:0.9707
--------------------------------------------------------------------

Epoch 121: Time: 0.1089 Cost: 1.4481 Pre: 1.0000 Re: 0.9980 Acc: 0.9990 F1: 0.9990
Epoch 122: Time: 0.1079 Cost: 1.4293 Pre: 1.0000 Re: 0.9980 Acc: 0.9990 F1: 0.9990
Epoch 123: Time: 0.1078 Cost: 1.4114 Pre: 1.0000 Re: 0.9980 Acc: 0.9990 F1: 0.9990
Epoch 124: Time: 0.1080 Cost: 1.3956 Pre: 1.0000 Re: 0.9980 Acc: 0.9990 F1: 0.9990
Epoch 125: Time: 0.1079 Cost: 1.3730 Pre: 1.0000 Re: 0.9980 Acc: 0.9990 F1: 0.9990
Epoch 126: Time: 0.1086 Cost: 1.3539 Pre: 1.0000 Re: 0.9980 Acc: 0.9990 F1: 0.9990
Epoch 127: Time: 0.1079 Cost: 1.3317 Pre: 1.0000 Re: 0.9980 Acc: 0.9990 F1: 0.9990
Epoch 128: Time: 0.1079 Cost: 1.3257 Pre: 1.0000 Re: 0.9980 Acc: 0.9990 F1: 0.9990
Epoch 129: Time: 0.1095 Cost: 1.3010 Pre: 1.0000 Re: 0.9980 Acc: 0.9990 F1: 0.9990
Epoch 130: Time: 0.1080 Cost: 1.3000 Pre: 1.0000 Re: 0.9980 Acc: 0.9990 F1: 0.9990


--------------------------------------------------------------------
Eval results: Cost:3.3787 Pre:0.9759 Re:0.9700 Acc:0.9730 F1:0.9729
--------------------------------------------------------------------

Epoch 131: Time: 0.1078 Cost: 1.3797 Pre: 1.0000 Re: 1.0000 Acc: 1.0000 F1: 1.0000
Epoch 132: Time: 0.1078 Cost: 1.2849 Pre: 1.0000 Re: 0.9980 Acc: 0.9990 F1: 0.9990
Epoch 133: Time: 0.1078 Cost: 1.2144 Pre: 1.0000 Re: 1.0000 Acc: 1.0000 F1: 1.0000
Epoch 134: Time: 0.1079 Cost: 1.2175 Pre: 1.0000 Re: 0.9980 Acc: 0.9990 F1: 0.9990
Epoch 135: Time: 0.1085 Cost: 1.1883 Pre: 1.0000 Re: 0.9980 Acc: 0.9990 F1: 0.9990
Epoch 136: Time: 0.1078 Cost: 1.1825 Pre: 1.0000 Re: 1.0000 Acc: 1.0000 F1: 1.0000
Epoch 137: Time: 0.1078 Cost: 1.1780 Pre: 1.0000 Re: 1.0000 Acc: 1.0000 F1: 1.0000
Epoch 138: Time: 0.1078 Cost: 1.1715 Pre: 1.0000 Re: 1.0000 Acc: 1.0000 F1: 1.0000
Epoch 139: Time: 0.1082 Cost: 1.1686 Pre: 1.0000 Re: 0.9980 Acc: 0.9990 F1: 0.9990
Epoch 140: Time: 0.1079 Cost: 1.1672 Pre: 1.0000 Re: 1.0000 Acc: 1.0000 F1: 1.0000


--------------------------------------------------------------------
Eval results: Cost:3.5600 Pre:0.9876 Re:0.9580 Acc:0.9730 F1:0.9726
--------------------------------------------------------------------

Epoch 141: Time: 0.1078 Cost: 1.1765 Pre: 0.9980 Re: 1.0000 Acc: 0.9990 F1: 0.9990
Epoch 142: Time: 0.1078 Cost: 1.0870 Pre: 1.0000 Re: 1.0000 Acc: 1.0000 F1: 1.0000
Epoch 143: Time: 0.1079 Cost: 1.1014 Pre: 1.0000 Re: 1.0000 Acc: 1.0000 F1: 1.0000
Epoch 144: Time: 0.1079 Cost: 1.0693 Pre: 1.0000 Re: 1.0000 Acc: 1.0000 F1: 1.0000
Epoch 145: Time: 0.1079 Cost: 1.0631 Pre: 1.0000 Re: 1.0000 Acc: 1.0000 F1: 1.0000
Epoch 146: Time: 0.1085 Cost: 1.0673 Pre: 1.0000 Re: 1.0000 Acc: 1.0000 F1: 1.0000
Epoch 147: Time: 0.1081 Cost: 1.0485 Pre: 1.0000 Re: 1.0000 Acc: 1.0000 F1: 1.0000
Epoch 148: Time: 0.1079 Cost: 1.0481 Pre: 1.0000 Re: 1.0000 Acc: 1.0000 F1: 1.0000
Epoch 149: Time: 0.1079 Cost: 1.0482 Pre: 1.0000 Re: 1.0000 Acc: 1.0000 F1: 1.0000
Epoch 150: Time: 0.1090 Cost: 1.1040 Pre: 0.9980 Re: 1.0000 Acc: 0.9990 F1: 0.9990


--------------------------------------------------------------------
Eval results: Cost:3.2707 Pre:0.9877 Re:0.9640 Acc:0.9760 F1:0.9757
--------------------------------------------------------------------

Epoch 151: Time: 0.1079 Cost: 1.1486 Pre: 1.0000 Re: 1.0000 Acc: 1.0000 F1: 1.0000
Epoch 152: Time: 0.1079 Cost: 1.0177 Pre: 1.0000 Re: 1.0000 Acc: 1.0000 F1: 1.0000
Epoch 153: Time: 0.1080 Cost: 0.9932 Pre: 1.0000 Re: 1.0000 Acc: 1.0000 F1: 1.0000
Epoch 154: Time: 0.1079 Cost: 0.9749 Pre: 1.0000 Re: 1.0000 Acc: 1.0000 F1: 1.0000
Epoch 155: Time: 0.1083 Cost: 0.9823 Pre: 1.0000 Re: 1.0000 Acc: 1.0000 F1: 1.0000
Epoch 156: Time: 0.1080 Cost: 0.9585 Pre: 1.0000 Re: 1.0000 Acc: 1.0000 F1: 1.0000
Epoch 157: Time: 0.1079 Cost: 0.9627 Pre: 1.0000 Re: 1.0000 Acc: 1.0000 F1: 1.0000
Epoch 158: Time: 0.1078 Cost: 0.9586 Pre: 1.0000 Re: 1.0000 Acc: 1.0000 F1: 1.0000
Epoch 159: Time: 0.1079 Cost: 1.0559 Pre: 1.0000 Re: 1.0000 Acc: 1.0000 F1: 1.0000
Epoch 160: Time: 0.1079 Cost: 0.9777 Pre: 1.0000 Re: 1.0000 Acc: 1.0000 F1: 1.0000


--------------------------------------------------------------------
Eval results: Cost:2.8082 Pre:0.9859 Re:0.9780 Acc:0.9820 F1:0.9819
--------------------------------------------------------------------

Epoch 161: Time: 0.1080 Cost: 1.0384 Pre: 0.9980 Re: 1.0000 Acc: 0.9990 F1: 0.9990
Epoch 162: Time: 0.1079 Cost: 0.9652 Pre: 1.0000 Re: 1.0000 Acc: 1.0000 F1: 1.0000
Epoch 163: Time: 0.1079 Cost: 0.9172 Pre: 1.0000 Re: 1.0000 Acc: 1.0000 F1: 1.0000
Epoch 164: Time: 0.1079 Cost: 0.9215 Pre: 1.0000 Re: 1.0000 Acc: 1.0000 F1: 1.0000
Epoch 165: Time: 0.1080 Cost: 0.8988 Pre: 1.0000 Re: 1.0000 Acc: 1.0000 F1: 1.0000
Epoch 166: Time: 0.1079 Cost: 0.8970 Pre: 1.0000 Re: 1.0000 Acc: 1.0000 F1: 1.0000
Epoch 167: Time: 0.1079 Cost: 0.8918 Pre: 1.0000 Re: 1.0000 Acc: 1.0000 F1: 1.0000
Epoch 168: Time: 0.1082 Cost: 0.9777 Pre: 1.0000 Re: 1.0000 Acc: 1.0000 F1: 1.0000
Epoch 169: Time: 0.1082 Cost: 0.9045 Pre: 1.0000 Re: 1.0000 Acc: 1.0000 F1: 1.0000
Epoch 170: Time: 0.1110 Cost: 0.9540 Pre: 0.9980 Re: 1.0000 Acc: 0.9990 F1: 0.9990


--------------------------------------------------------------------
Eval results: Cost:3.1271 Pre:0.9878 Re:0.9700 Acc:0.9790 F1:0.9788
--------------------------------------------------------------------

Epoch 171: Time: 0.1077 Cost: 0.9091 Pre: 0.9980 Re: 1.0000 Acc: 0.9990 F1: 0.9990
Epoch 172: Time: 0.1081 Cost: 0.8455 Pre: 1.0000 Re: 1.0000 Acc: 1.0000 F1: 1.0000
Epoch 173: Time: 0.1079 Cost: 0.8608 Pre: 1.0000 Re: 1.0000 Acc: 1.0000 F1: 1.0000
Epoch 174: Time: 0.1081 Cost: 0.8290 Pre: 1.0000 Re: 1.0000 Acc: 1.0000 F1: 1.0000
Epoch 175: Time: 0.1084 Cost: 0.8251 Pre: 1.0000 Re: 1.0000 Acc: 1.0000 F1: 1.0000
Epoch 176: Time: 0.1096 Cost: 0.8323 Pre: 1.0000 Re: 1.0000 Acc: 1.0000 F1: 1.0000
Epoch 177: Time: 0.1079 Cost: 0.8416 Pre: 1.0000 Re: 1.0000 Acc: 1.0000 F1: 1.0000
Epoch 178: Time: 0.1079 Cost: 0.8270 Pre: 1.0000 Re: 1.0000 Acc: 1.0000 F1: 1.0000
Epoch 179: Time: 0.1079 Cost: 0.8731 Pre: 1.0000 Re: 1.0000 Acc: 1.0000 F1: 1.0000
Epoch 180: Time: 0.1079 Cost: 0.8831 Pre: 0.9980 Re: 1.0000 Acc: 0.9990 F1: 0.9990


--------------------------------------------------------------------
Eval results: Cost:2.9472 Pre:0.9877 Re:0.9660 Acc:0.9770 F1:0.9767
--------------------------------------------------------------------

Epoch 181: Time: 0.1089 Cost: 0.9380 Pre: 1.0000 Re: 1.0000 Acc: 1.0000 F1: 1.0000
Epoch 182: Time: 0.1083 Cost: 0.8202 Pre: 0.9980 Re: 1.0000 Acc: 0.9990 F1: 0.9990
Epoch 183: Time: 0.1088 Cost: 0.7880 Pre: 1.0000 Re: 1.0000 Acc: 1.0000 F1: 1.0000
Epoch 184: Time: 0.1080 Cost: 0.7705 Pre: 1.0000 Re: 1.0000 Acc: 1.0000 F1: 1.0000
Epoch 185: Time: 0.1079 Cost: 0.7697 Pre: 1.0000 Re: 1.0000 Acc: 1.0000 F1: 1.0000
Epoch 186: Time: 0.1080 Cost: 0.7627 Pre: 1.0000 Re: 1.0000 Acc: 1.0000 F1: 1.0000
Epoch 187: Time: 0.1079 Cost: 0.7556 Pre: 1.0000 Re: 1.0000 Acc: 1.0000 F1: 1.0000
Epoch 188: Time: 0.1079 Cost: 0.7516 Pre: 1.0000 Re: 1.0000 Acc: 1.0000 F1: 1.0000
Epoch 189: Time: 0.1081 Cost: 0.7726 Pre: 1.0000 Re: 1.0000 Acc: 1.0000 F1: 1.0000
Epoch 190: Time: 0.1083 Cost: 0.8752 Pre: 1.0000 Re: 1.0000 Acc: 1.0000 F1: 1.0000


--------------------------------------------------------------------
Eval results: Cost:2.5858 Pre:0.9839 Re:0.9780 Acc:0.9810 F1:0.9809
--------------------------------------------------------------------

Epoch 191: Time: 0.1079 Cost: 0.8431 Pre: 1.0000 Re: 1.0000 Acc: 1.0000 F1: 1.0000
Epoch 192: Time: 0.1080 Cost: 0.7510 Pre: 1.0000 Re: 1.0000 Acc: 1.0000 F1: 1.0000
Epoch 193: Time: 0.1079 Cost: 0.7659 Pre: 1.0000 Re: 1.0000 Acc: 1.0000 F1: 1.0000
Epoch 194: Time: 0.1079 Cost: 0.7295 Pre: 1.0000 Re: 1.0000 Acc: 1.0000 F1: 1.0000
Epoch 195: Time: 0.1080 Cost: 0.7248 Pre: 1.0000 Re: 1.0000 Acc: 1.0000 F1: 1.0000
Epoch 196: Time: 0.1080 Cost: 0.7103 Pre: 1.0000 Re: 1.0000 Acc: 1.0000 F1: 1.0000
Epoch 197: Time: 0.1097 Cost: 0.7103 Pre: 1.0000 Re: 1.0000 Acc: 1.0000 F1: 1.0000
Epoch 198: Time: 0.1081 Cost: 0.7257 Pre: 1.0000 Re: 1.0000 Acc: 1.0000 F1: 1.0000
Epoch 199: Time: 0.1079 Cost: 0.8081 Pre: 1.0000 Re: 1.0000 Acc: 1.0000 F1: 1.0000
Epoch 200: Time: 0.1081 Cost: 0.7690 Pre: 1.0000 Re: 1.0000 Acc: 1.0000 F1: 1.0000


--------------------------------------------------------------------
Eval results: Cost:2.3086 Pre:0.9878 Re:0.9740 Acc:0.9810 F1:0.9809
--------------------------------------------------------------------

Epoch 201: Time: 0.1079 Cost: 0.8011 Pre: 1.0000 Re: 1.0000 Acc: 1.0000 F1: 1.0000
Epoch 202: Time: 0.1086 Cost: 0.7334 Pre: 1.0000 Re: 1.0000 Acc: 1.0000 F1: 1.0000
Epoch 203: Time: 0.1080 Cost: 0.6873 Pre: 1.0000 Re: 1.0000 Acc: 1.0000 F1: 1.0000
Epoch 204: Time: 0.1080 Cost: 0.6918 Pre: 1.0000 Re: 1.0000 Acc: 1.0000 F1: 1.0000
Epoch 205: Time: 0.1098 Cost: 0.6831 Pre: 1.0000 Re: 1.0000 Acc: 1.0000 F1: 1.0000
Epoch 206: Time: 0.1083 Cost: 0.6735 Pre: 1.0000 Re: 1.0000 Acc: 1.0000 F1: 1.0000
Epoch 207: Time: 0.1081 Cost: 0.6761 Pre: 1.0000 Re: 1.0000 Acc: 1.0000 F1: 1.0000
Epoch 208: Time: 0.1080 Cost: 0.7197 Pre: 0.9980 Re: 1.0000 Acc: 0.9990 F1: 0.9990
Epoch 209: Time: 0.1080 Cost: 0.7446 Pre: 1.0000 Re: 1.0000 Acc: 1.0000 F1: 1.0000
Epoch 210: Time: 0.1080 Cost: 0.7214 Pre: 1.0000 Re: 1.0000 Acc: 1.0000 F1: 1.0000


--------------------------------------------------------------------
Eval results: Cost:2.2865 Pre:0.9878 Re:0.9740 Acc:0.9810 F1:0.9809
--------------------------------------------------------------------

Epoch 211: Time: 0.1083 Cost: 0.7290 Pre: 0.9980 Re: 1.0000 Acc: 0.9990 F1: 0.9990
Epoch 212: Time: 0.1081 Cost: 0.6680 Pre: 1.0000 Re: 1.0000 Acc: 1.0000 F1: 1.0000
Epoch 213: Time: 0.1079 Cost: 0.6343 Pre: 1.0000 Re: 1.0000 Acc: 1.0000 F1: 1.0000
Epoch 214: Time: 0.1081 Cost: 0.6357 Pre: 1.0000 Re: 1.0000 Acc: 1.0000 F1: 1.0000
Epoch 215: Time: 0.1094 Cost: 0.6271 Pre: 1.0000 Re: 1.0000 Acc: 1.0000 F1: 1.0000
Epoch 216: Time: 0.1085 Cost: 0.6236 Pre: 1.0000 Re: 1.0000 Acc: 1.0000 F1: 1.0000
Epoch 217: Time: 0.1087 Cost: 0.6227 Pre: 1.0000 Re: 1.0000 Acc: 1.0000 F1: 1.0000
Epoch 218: Time: 0.1079 Cost: 0.6868 Pre: 1.0000 Re: 1.0000 Acc: 1.0000 F1: 1.0000
Epoch 219: Time: 0.1080 Cost: 0.6758 Pre: 1.0000 Re: 1.0000 Acc: 1.0000 F1: 1.0000
Epoch 220: Time: 0.1080 Cost: 0.7003 Pre: 1.0000 Re: 1.0000 Acc: 1.0000 F1: 1.0000


--------------------------------------------------------------------
Eval results: Cost:2.2322 Pre:0.9899 Re:0.9760 Acc:0.9830 F1:0.9829
--------------------------------------------------------------------

Epoch 221: Time: 0.1079 Cost: 0.6906 Pre: 0.9980 Re: 1.0000 Acc: 0.9990 F1: 0.9990
Epoch 222: Time: 0.1081 Cost: 0.6227 Pre: 1.0000 Re: 1.0000 Acc: 1.0000 F1: 1.0000
Epoch 223: Time: 0.1079 Cost: 0.5999 Pre: 1.0000 Re: 1.0000 Acc: 1.0000 F1: 1.0000
Epoch 224: Time: 0.1080 Cost: 0.5956 Pre: 1.0000 Re: 1.0000 Acc: 1.0000 F1: 1.0000
Epoch 225: Time: 0.1079 Cost: 0.5862 Pre: 1.0000 Re: 1.0000 Acc: 1.0000 F1: 1.0000
Epoch 226: Time: 0.1079 Cost: 0.5856 Pre: 1.0000 Re: 1.0000 Acc: 1.0000 F1: 1.0000
Epoch 227: Time: 0.1081 Cost: 0.5888 Pre: 1.0000 Re: 1.0000 Acc: 1.0000 F1: 1.0000
Epoch 228: Time: 0.1079 Cost: 0.6782 Pre: 1.0000 Re: 1.0000 Acc: 1.0000 F1: 1.0000
Epoch 229: Time: 0.1080 Cost: 0.6220 Pre: 1.0000 Re: 1.0000 Acc: 1.0000 F1: 1.0000
Epoch 230: Time: 0.1079 Cost: 0.6963 Pre: 0.9980 Re: 1.0000 Acc: 0.9990 F1: 0.9990


--------------------------------------------------------------------
Eval results: Cost:2.3573 Pre:0.9919 Re:0.9760 Acc:0.9840 F1:0.9839
--------------------------------------------------------------------

Epoch 231: Time: 0.1082 Cost: 0.6355 Pre: 0.9980 Re: 1.0000 Acc: 0.9990 F1: 0.9990
Epoch 232: Time: 0.1079 Cost: 0.5726 Pre: 1.0000 Re: 1.0000 Acc: 1.0000 F1: 1.0000
Epoch 233: Time: 0.1080 Cost: 0.5945 Pre: 1.0000 Re: 1.0000 Acc: 1.0000 F1: 1.0000
Epoch 234: Time: 0.1080 Cost: 0.5559 Pre: 1.0000 Re: 1.0000 Acc: 1.0000 F1: 1.0000
Epoch 235: Time: 0.1079 Cost: 0.5509 Pre: 1.0000 Re: 1.0000 Acc: 1.0000 F1: 1.0000
Epoch 236: Time: 0.1082 Cost: 0.5552 Pre: 1.0000 Re: 1.0000 Acc: 1.0000 F1: 1.0000
Epoch 237: Time: 0.1082 Cost: 0.5668 Pre: 1.0000 Re: 1.0000 Acc: 1.0000 F1: 1.0000
Epoch 238: Time: 0.1081 Cost: 0.5526 Pre: 1.0000 Re: 1.0000 Acc: 1.0000 F1: 1.0000
Epoch 239: Time: 0.1081 Cost: 0.5713 Pre: 1.0000 Re: 1.0000 Acc: 1.0000 F1: 1.0000
Epoch 240: Time: 0.1083 Cost: 0.5873 Pre: 1.0000 Re: 1.0000 Acc: 1.0000 F1: 1.0000


--------------------------------------------------------------------
Eval results: Cost:2.1872 Pre:0.9919 Re:0.9760 Acc:0.9840 F1:0.9839
--------------------------------------------------------------------

Epoch 241: Time: 0.1088 Cost: 0.6512 Pre: 0.9980 Re: 1.0000 Acc: 0.9990 F1: 0.9990
Epoch 242: Time: 0.1086 Cost: 0.5494 Pre: 1.0000 Re: 1.0000 Acc: 1.0000 F1: 1.0000
Epoch 243: Time: 0.1091 Cost: 0.5826 Pre: 0.9980 Re: 1.0000 Acc: 0.9990 F1: 0.9990
Epoch 244: Time: 0.1086 Cost: 0.5233 Pre: 1.0000 Re: 1.0000 Acc: 1.0000 F1: 1.0000
Epoch 245: Time: 0.1080 Cost: 0.5167 Pre: 1.0000 Re: 1.0000 Acc: 1.0000 F1: 1.0000
Epoch 246: Time: 0.1080 Cost: 0.5232 Pre: 1.0000 Re: 1.0000 Acc: 1.0000 F1: 1.0000
Epoch 247: Time: 0.1079 Cost: 0.5453 Pre: 1.0000 Re: 1.0000 Acc: 1.0000 F1: 1.0000
Epoch 248: Time: 0.1079 Cost: 0.5283 Pre: 1.0000 Re: 1.0000 Acc: 1.0000 F1: 1.0000
Epoch 249: Time: 0.1080 Cost: 0.5680 Pre: 1.0000 Re: 1.0000 Acc: 1.0000 F1: 1.0000
Epoch 250: Time: 0.1079 Cost: 0.5596 Pre: 1.0000 Re: 1.0000 Acc: 1.0000 F1: 1.0000


--------------------------------------------------------------------
Eval results: Cost:2.3242 Pre:0.9939 Re:0.9760 Acc:0.9850 F1:0.9849
--------------------------------------------------------------------

Epoch 251: Time: 0.1081 Cost: 0.6266 Pre: 1.0000 Re: 1.0000 Acc: 1.0000 F1: 1.0000
Epoch 252: Time: 0.1083 Cost: 0.5167 Pre: 1.0000 Re: 1.0000 Acc: 1.0000 F1: 1.0000
Epoch 253: Time: 0.1082 Cost: 0.5314 Pre: 1.0000 Re: 1.0000 Acc: 1.0000 F1: 1.0000
Epoch 254: Time: 0.1081 Cost: 0.4916 Pre: 1.0000 Re: 1.0000 Acc: 1.0000 F1: 1.0000
Epoch 255: Time: 0.1083 Cost: 0.4863 Pre: 1.0000 Re: 1.0000 Acc: 1.0000 F1: 1.0000
Epoch 256: Time: 0.1082 Cost: 0.4910 Pre: 1.0000 Re: 1.0000 Acc: 1.0000 F1: 1.0000
Epoch 257: Time: 0.1083 Cost: 0.4962 Pre: 1.0000 Re: 1.0000 Acc: 1.0000 F1: 1.0000
Epoch 258: Time: 0.1081 Cost: 0.4868 Pre: 1.0000 Re: 1.0000 Acc: 1.0000 F1: 1.0000
Epoch 259: Time: 0.1080 Cost: 0.4822 Pre: 1.0000 Re: 1.0000 Acc: 1.0000 F1: 1.0000
Epoch 260: Time: 0.1097 Cost: 0.4904 Pre: 1.0000 Re: 1.0000 Acc: 1.0000 F1: 1.0000


--------------------------------------------------------------------
Eval results: Cost:1.8577 Pre:0.9899 Re:0.9780 Acc:0.9840 F1:0.9839
--------------------------------------------------------------------

Epoch 261: Time: 0.1089 Cost: 0.5178 Pre: 1.0000 Re: 1.0000 Acc: 1.0000 F1: 1.0000
Epoch 262: Time: 0.1081 Cost: 0.6284 Pre: 1.0000 Re: 1.0000 Acc: 1.0000 F1: 1.0000
Epoch 263: Time: 0.1080 Cost: 0.4763 Pre: 1.0000 Re: 1.0000 Acc: 1.0000 F1: 1.0000
Epoch 264: Time: 0.1081 Cost: 0.4751 Pre: 1.0000 Re: 1.0000 Acc: 1.0000 F1: 1.0000
Epoch 265: Time: 0.1082 Cost: 0.4962 Pre: 1.0000 Re: 1.0000 Acc: 1.0000 F1: 1.0000
Epoch 266: Time: 0.1081 Cost: 0.4766 Pre: 1.0000 Re: 1.0000 Acc: 1.0000 F1: 1.0000
Epoch 267: Time: 0.1081 Cost: 0.5343 Pre: 1.0000 Re: 1.0000 Acc: 1.0000 F1: 1.0000
Epoch 268: Time: 0.1081 Cost: 0.5004 Pre: 1.0000 Re: 1.0000 Acc: 1.0000 F1: 1.0000
Epoch 269: Time: 0.1082 Cost: 0.6358 Pre: 1.0000 Re: 1.0000 Acc: 1.0000 F1: 1.0000
Epoch 270: Time: 0.1081 Cost: 0.4861 Pre: 1.0000 Re: 1.0000 Acc: 1.0000 F1: 1.0000


--------------------------------------------------------------------
Eval results: Cost:1.7661 Pre:0.9919 Re:0.9820 Acc:0.9870 F1:0.9869
--------------------------------------------------------------------

Epoch 271: Time: 0.1081 Cost: 0.4835 Pre: 1.0000 Re: 1.0000 Acc: 1.0000 F1: 1.0000
Epoch 272: Time: 0.1082 Cost: 0.4741 Pre: 1.0000 Re: 1.0000 Acc: 1.0000 F1: 1.0000
Epoch 273: Time: 0.1082 Cost: 0.4382 Pre: 1.0000 Re: 1.0000 Acc: 1.0000 F1: 1.0000
Epoch 274: Time: 0.1081 Cost: 0.4370 Pre: 1.0000 Re: 1.0000 Acc: 1.0000 F1: 1.0000
Epoch 275: Time: 0.1081 Cost: 0.4404 Pre: 1.0000 Re: 1.0000 Acc: 1.0000 F1: 1.0000
Epoch 276: Time: 0.1081 Cost: 0.5126 Pre: 1.0000 Re: 1.0000 Acc: 1.0000 F1: 1.0000
Epoch 277: Time: 0.1082 Cost: 0.4660 Pre: 1.0000 Re: 1.0000 Acc: 1.0000 F1: 1.0000
Epoch 278: Time: 0.1083 Cost: 0.5324 Pre: 1.0000 Re: 1.0000 Acc: 1.0000 F1: 1.0000
Epoch 279: Time: 0.1081 Cost: 0.4584 Pre: 1.0000 Re: 1.0000 Acc: 1.0000 F1: 1.0000
Epoch 280: Time: 0.1085 Cost: 0.5405 Pre: 1.0000 Re: 1.0000 Acc: 1.0000 F1: 1.0000


--------------------------------------------------------------------
Eval results: Cost:1.7634 Pre:0.9879 Re:0.9800 Acc:0.9840 F1:0.9839
--------------------------------------------------------------------

Epoch 281: Time: 0.1081 Cost: 0.4495 Pre: 1.0000 Re: 1.0000 Acc: 1.0000 F1: 1.0000
Epoch 282: Time: 0.1081 Cost: 0.4260 Pre: 1.0000 Re: 1.0000 Acc: 1.0000 F1: 1.0000
Epoch 283: Time: 0.1081 Cost: 0.4132 Pre: 1.0000 Re: 1.0000 Acc: 1.0000 F1: 1.0000
Epoch 284: Time: 0.1081 Cost: 0.4056 Pre: 1.0000 Re: 1.0000 Acc: 1.0000 F1: 1.0000
Epoch 285: Time: 0.1082 Cost: 0.4018 Pre: 1.0000 Re: 1.0000 Acc: 1.0000 F1: 1.0000
Epoch 286: Time: 0.1082 Cost: 0.3979 Pre: 1.0000 Re: 1.0000 Acc: 1.0000 F1: 1.0000
Epoch 287: Time: 0.1088 Cost: 0.4151 Pre: 1.0000 Re: 1.0000 Acc: 1.0000 F1: 1.0000
Epoch 288: Time: 0.1082 Cost: 0.4982 Pre: 1.0000 Re: 1.0000 Acc: 1.0000 F1: 1.0000
Epoch 289: Time: 0.1080 Cost: 0.4565 Pre: 1.0000 Re: 1.0000 Acc: 1.0000 F1: 1.0000
Epoch 290: Time: 0.1082 Cost: 0.5448 Pre: 0.9980 Re: 1.0000 Acc: 0.9990 F1: 0.9990


--------------------------------------------------------------------
Eval results: Cost:1.8828 Pre:0.9980 Re:0.9800 Acc:0.9890 F1:0.9889
--------------------------------------------------------------------

Epoch 291: Time: 0.1081 Cost: 0.4382 Pre: 0.9980 Re: 1.0000 Acc: 0.9990 F1: 0.9990
Epoch 292: Time: 0.1081 Cost: 0.4200 Pre: 1.0000 Re: 1.0000 Acc: 1.0000 F1: 1.0000
Epoch 293: Time: 0.1084 Cost: 0.3807 Pre: 1.0000 Re: 1.0000 Acc: 1.0000 F1: 1.0000
Epoch 294: Time: 0.1085 Cost: 0.3793 Pre: 1.0000 Re: 1.0000 Acc: 1.0000 F1: 1.0000
Epoch 295: Time: 0.1083 Cost: 0.3900 Pre: 1.0000 Re: 1.0000 Acc: 1.0000 F1: 1.0000
Epoch 296: Time: 0.1086 Cost: 0.3964 Pre: 1.0000 Re: 1.0000 Acc: 1.0000 F1: 1.0000
Epoch 297: Time: 0.1090 Cost: 0.3854 Pre: 1.0000 Re: 1.0000 Acc: 1.0000 F1: 1.0000
Epoch 298: Time: 0.1086 Cost: 0.4485 Pre: 1.0000 Re: 1.0000 Acc: 1.0000 F1: 1.0000
Epoch 299: Time: 0.1081 Cost: 0.4144 Pre: 1.0000 Re: 1.0000 Acc: 1.0000 F1: 1.0000
Epoch 300: Time: 0.1081 Cost: 0.5503 Pre: 0.9980 Re: 1.0000 Acc: 0.9990 F1: 0.9990


--------------------------------------------------------------------
Eval results: Cost:1.6742 Pre:0.9919 Re:0.9800 Acc:0.9860 F1:0.9859
--------------------------------------------------------------------

Epoch 301: Time: 0.1079 Cost: 0.4155 Pre: 1.0000 Re: 1.0000 Acc: 1.0000 F1: 1.0000
Epoch 302: Time: 0.1080 Cost: 0.3832 Pre: 1.0000 Re: 1.0000 Acc: 1.0000 F1: 1.0000
Epoch 303: Time: 0.1080 Cost: 0.3764 Pre: 1.0000 Re: 1.0000 Acc: 1.0000 F1: 1.0000
Epoch 304: Time: 0.1080 Cost: 0.3549 Pre: 1.0000 Re: 1.0000 Acc: 1.0000 F1: 1.0000
Epoch 305: Time: 0.1081 Cost: 0.3518 Pre: 1.0000 Re: 1.0000 Acc: 1.0000 F1: 1.0000
Epoch 306: Time: 0.1080 Cost: 0.3563 Pre: 1.0000 Re: 1.0000 Acc: 1.0000 F1: 1.0000
Epoch 307: Time: 0.1082 Cost: 0.4173 Pre: 1.0000 Re: 1.0000 Acc: 1.0000 F1: 1.0000
Epoch 308: Time: 0.1081 Cost: 0.3847 Pre: 1.0000 Re: 1.0000 Acc: 1.0000 F1: 1.0000
Epoch 309: Time: 0.1081 Cost: 0.4391 Pre: 1.0000 Re: 1.0000 Acc: 1.0000 F1: 1.0000
Epoch 310: Time: 0.1086 Cost: 0.3675 Pre: 1.0000 Re: 1.0000 Acc: 1.0000 F1: 1.0000


--------------------------------------------------------------------
Eval results: Cost:1.7372 Pre:0.9980 Re:0.9800 Acc:0.9890 F1:0.9889
--------------------------------------------------------------------

Epoch 311: Time: 0.1080 Cost: 0.4197 Pre: 1.0000 Re: 1.0000 Acc: 1.0000 F1: 1.0000
Epoch 312: Time: 0.1082 Cost: 0.3429 Pre: 1.0000 Re: 1.0000 Acc: 1.0000 F1: 1.0000
Epoch 313: Time: 0.1083 Cost: 0.3344 Pre: 1.0000 Re: 1.0000 Acc: 1.0000 F1: 1.0000
Epoch 314: Time: 0.1083 Cost: 0.3460 Pre: 1.0000 Re: 1.0000 Acc: 1.0000 F1: 1.0000
Epoch 315: Time: 0.1083 Cost: 0.3400 Pre: 1.0000 Re: 1.0000 Acc: 1.0000 F1: 1.0000
Epoch 316: Time: 0.1105 Cost: 0.3321 Pre: 1.0000 Re: 1.0000 Acc: 1.0000 F1: 1.0000
Epoch 317: Time: 0.1082 Cost: 0.3534 Pre: 1.0000 Re: 1.0000 Acc: 1.0000 F1: 1.0000
Epoch 318: Time: 0.1080 Cost: 0.3448 Pre: 1.0000 Re: 1.0000 Acc: 1.0000 F1: 1.0000
Epoch 319: Time: 0.1081 Cost: 0.4341 Pre: 0.9980 Re: 1.0000 Acc: 0.9990 F1: 0.9990
Epoch 320: Time: 0.1081 Cost: 0.4108 Pre: 1.0000 Re: 1.0000 Acc: 1.0000 F1: 1.0000


--------------------------------------------------------------------
Eval results: Cost:1.4658 Pre:0.9939 Re:0.9820 Acc:0.9880 F1:0.9879
--------------------------------------------------------------------

Epoch 321: Time: 0.1080 Cost: 0.3546 Pre: 1.0000 Re: 1.0000 Acc: 1.0000 F1: 1.0000
Epoch 322: Time: 0.1081 Cost: 0.3172 Pre: 1.0000 Re: 1.0000 Acc: 1.0000 F1: 1.0000
Epoch 323: Time: 0.1081 Cost: 0.3099 Pre: 1.0000 Re: 1.0000 Acc: 1.0000 F1: 1.0000
Epoch 324: Time: 0.1083 Cost: 0.3054 Pre: 1.0000 Re: 1.0000 Acc: 1.0000 F1: 1.0000
Epoch 325: Time: 0.1081 Cost: 0.3028 Pre: 1.0000 Re: 1.0000 Acc: 1.0000 F1: 1.0000
Epoch 326: Time: 0.1084 Cost: 0.2999 Pre: 1.0000 Re: 1.0000 Acc: 1.0000 F1: 1.0000
Epoch 327: Time: 0.1082 Cost: 0.3047 Pre: 1.0000 Re: 1.0000 Acc: 1.0000 F1: 1.0000
Epoch 328: Time: 0.1081 Cost: 0.3245 Pre: 1.0000 Re: 1.0000 Acc: 1.0000 F1: 1.0000
Epoch 329: Time: 0.1081 Cost: 0.3746 Pre: 1.0000 Re: 1.0000 Acc: 1.0000 F1: 1.0000
Epoch 330: Time: 0.1081 Cost: 0.3641 Pre: 1.0000 Re: 1.0000 Acc: 1.0000 F1: 1.0000


--------------------------------------------------------------------
Eval results: Cost:1.4439 Pre:0.9919 Re:0.9820 Acc:0.9870 F1:0.9869
--------------------------------------------------------------------

Epoch 331: Time: 0.1079 Cost: 0.4526 Pre: 0.9980 Re: 1.0000 Acc: 0.9990 F1: 0.9990
Epoch 332: Time: 0.1081 Cost: 0.3190 Pre: 1.0000 Re: 1.0000 Acc: 1.0000 F1: 1.0000
Epoch 333: Time: 0.1081 Cost: 0.3001 Pre: 1.0000 Re: 1.0000 Acc: 1.0000 F1: 1.0000
Epoch 334: Time: 0.1089 Cost: 0.2878 Pre: 1.0000 Re: 1.0000 Acc: 1.0000 F1: 1.0000
Epoch 335: Time: 0.1085 Cost: 0.2864 Pre: 1.0000 Re: 1.0000 Acc: 1.0000 F1: 1.0000
Epoch 336: Time: 0.1083 Cost: 0.3020 Pre: 1.0000 Re: 1.0000 Acc: 1.0000 F1: 1.0000
Epoch 337: Time: 0.1082 Cost: 0.2997 Pre: 1.0000 Re: 1.0000 Acc: 1.0000 F1: 1.0000
Epoch 338: Time: 0.1082 Cost: 0.3039 Pre: 1.0000 Re: 1.0000 Acc: 1.0000 F1: 1.0000
Epoch 339: Time: 0.1087 Cost: 0.3816 Pre: 1.0000 Re: 1.0000 Acc: 1.0000 F1: 1.0000
Epoch 340: Time: 0.1084 Cost: 0.3344 Pre: 1.0000 Re: 1.0000 Acc: 1.0000 F1: 1.0000


--------------------------------------------------------------------
Eval results: Cost:1.7642 Pre:0.9980 Re:0.9800 Acc:0.9890 F1:0.9889
--------------------------------------------------------------------

Epoch 341: Time: 0.1079 Cost: 0.4289 Pre: 1.0000 Re: 1.0000 Acc: 1.0000 F1: 1.0000
Epoch 342: Time: 0.1086 Cost: 0.2910 Pre: 1.0000 Re: 1.0000 Acc: 1.0000 F1: 1.0000
Epoch 343: Time: 0.1083 Cost: 0.2921 Pre: 1.0000 Re: 1.0000 Acc: 1.0000 F1: 1.0000
Epoch 344: Time: 0.1082 Cost: 0.2803 Pre: 1.0000 Re: 1.0000 Acc: 1.0000 F1: 1.0000
Epoch 345: Time: 0.1081 Cost: 0.2657 Pre: 1.0000 Re: 1.0000 Acc: 1.0000 F1: 1.0000
Epoch 346: Time: 0.1080 Cost: 0.2649 Pre: 1.0000 Re: 1.0000 Acc: 1.0000 F1: 1.0000
Epoch 347: Time: 0.1081 Cost: 0.2622 Pre: 1.0000 Re: 1.0000 Acc: 1.0000 F1: 1.0000
Epoch 348: Time: 0.1082 Cost: 0.2702 Pre: 1.0000 Re: 1.0000 Acc: 1.0000 F1: 1.0000
Epoch 349: Time: 0.1081 Cost: 0.3202 Pre: 1.0000 Re: 1.0000 Acc: 1.0000 F1: 1.0000
Epoch 350: Time: 0.1080 Cost: 0.4001 Pre: 1.0000 Re: 1.0000 Acc: 1.0000 F1: 1.0000


--------------------------------------------------------------------
Eval results: Cost:1.3551 Pre:0.9939 Re:0.9820 Acc:0.9880 F1:0.9879
--------------------------------------------------------------------

Epoch 351: Time: 0.1081 Cost: 0.3684 Pre: 1.0000 Re: 1.0000 Acc: 1.0000 F1: 1.0000
Epoch 352: Time: 0.1082 Cost: 0.2888 Pre: 1.0000 Re: 1.0000 Acc: 1.0000 F1: 1.0000
Epoch 353: Time: 0.1081 Cost: 0.2689 Pre: 1.0000 Re: 1.0000 Acc: 1.0000 F1: 1.0000
Epoch 354: Time: 0.1084 Cost: 0.2595 Pre: 1.0000 Re: 1.0000 Acc: 1.0000 F1: 1.0000
Epoch 355: Time: 0.1082 Cost: 0.2571 Pre: 1.0000 Re: 1.0000 Acc: 1.0000 F1: 1.0000
Epoch 356: Time: 0.1081 Cost: 0.2860 Pre: 1.0000 Re: 1.0000 Acc: 1.0000 F1: 1.0000
Epoch 357: Time: 0.1081 Cost: 0.2894 Pre: 1.0000 Re: 1.0000 Acc: 1.0000 F1: 1.0000
Epoch 358: Time: 0.1083 Cost: 0.2827 Pre: 1.0000 Re: 1.0000 Acc: 1.0000 F1: 1.0000
Epoch 359: Time: 0.1082 Cost: 0.3504 Pre: 1.0000 Re: 1.0000 Acc: 1.0000 F1: 1.0000
Epoch 360: Time: 0.1081 Cost: 0.2910 Pre: 1.0000 Re: 1.0000 Acc: 1.0000 F1: 1.0000


--------------------------------------------------------------------
Eval results: Cost:1.5799 Pre:0.9980 Re:0.9800 Acc:0.9890 F1:0.9889
--------------------------------------------------------------------

Epoch 361: Time: 0.1080 Cost: 0.3603 Pre: 1.0000 Re: 1.0000 Acc: 1.0000 F1: 1.0000
Epoch 362: Time: 0.1081 Cost: 0.2570 Pre: 1.0000 Re: 1.0000 Acc: 1.0000 F1: 1.0000
Epoch 363: Time: 0.1085 Cost: 0.2539 Pre: 1.0000 Re: 1.0000 Acc: 1.0000 F1: 1.0000
Epoch 364: Time: 0.1084 Cost: 0.2543 Pre: 1.0000 Re: 1.0000 Acc: 1.0000 F1: 1.0000
Epoch 365: Time: 0.1081 Cost: 0.2410 Pre: 1.0000 Re: 1.0000 Acc: 1.0000 F1: 1.0000
Epoch 366: Time: 0.1082 Cost: 0.2402 Pre: 1.0000 Re: 1.0000 Acc: 1.0000 F1: 1.0000
Epoch 367: Time: 0.1081 Cost: 0.2439 Pre: 1.0000 Re: 1.0000 Acc: 1.0000 F1: 1.0000
Epoch 368: Time: 0.1080 Cost: 0.2413 Pre: 1.0000 Re: 1.0000 Acc: 1.0000 F1: 1.0000
Epoch 369: Time: 0.1081 Cost: 0.2603 Pre: 1.0000 Re: 1.0000 Acc: 1.0000 F1: 1.0000
Epoch 370: Time: 0.1081 Cost: 0.3776 Pre: 0.9980 Re: 1.0000 Acc: 0.9990 F1: 0.9990


--------------------------------------------------------------------
Eval results: Cost:1.3822 Pre:0.9980 Re:0.9800 Acc:0.9890 F1:0.9889
--------------------------------------------------------------------

Epoch 371: Time: 0.1080 Cost: 0.3467 Pre: 1.0000 Re: 1.0000 Acc: 1.0000 F1: 1.0000
Epoch 372: Time: 0.1082 Cost: 0.3233 Pre: 1.0000 Re: 1.0000 Acc: 1.0000 F1: 1.0000
Epoch 373: Time: 0.1081 Cost: 0.2645 Pre: 1.0000 Re: 1.0000 Acc: 1.0000 F1: 1.0000
Epoch 374: Time: 0.1084 Cost: 0.2386 Pre: 1.0000 Re: 1.0000 Acc: 1.0000 F1: 1.0000
Epoch 375: Time: 0.1081 Cost: 0.2307 Pre: 1.0000 Re: 1.0000 Acc: 1.0000 F1: 1.0000
Epoch 376: Time: 0.1081 Cost: 0.2242 Pre: 1.0000 Re: 1.0000 Acc: 1.0000 F1: 1.0000
Epoch 377: Time: 0.1081 Cost: 0.2387 Pre: 1.0000 Re: 1.0000 Acc: 1.0000 F1: 1.0000
Epoch 378: Time: 0.1081 Cost: 0.2994 Pre: 1.0000 Re: 1.0000 Acc: 1.0000 F1: 1.0000
Epoch 379: Time: 0.1081 Cost: 0.2803 Pre: 1.0000 Re: 1.0000 Acc: 1.0000 F1: 1.0000
Epoch 380: Time: 0.1094 Cost: 0.3251 Pre: 1.0000 Re: 1.0000 Acc: 1.0000 F1: 1.0000


--------------------------------------------------------------------
Eval results: Cost:1.2713 Pre:0.9980 Re:0.9820 Acc:0.9900 F1:0.9899
--------------------------------------------------------------------

Epoch 381: Time: 0.1082 Cost: 0.2767 Pre: 1.0000 Re: 1.0000 Acc: 1.0000 F1: 1.0000
Epoch 382: Time: 0.1081 Cost: 0.2586 Pre: 1.0000 Re: 1.0000 Acc: 1.0000 F1: 1.0000
Epoch 383: Time: 0.1081 Cost: 0.2244 Pre: 1.0000 Re: 1.0000 Acc: 1.0000 F1: 1.0000
Epoch 384: Time: 0.1081 Cost: 0.2209 Pre: 1.0000 Re: 1.0000 Acc: 1.0000 F1: 1.0000
Epoch 385: Time: 0.1084 Cost: 0.2143 Pre: 1.0000 Re: 1.0000 Acc: 1.0000 F1: 1.0000
Epoch 386: Time: 0.1082 Cost: 0.2272 Pre: 1.0000 Re: 1.0000 Acc: 1.0000 F1: 1.0000
Epoch 387: Time: 0.1081 Cost: 0.2888 Pre: 1.0000 Re: 1.0000 Acc: 1.0000 F1: 1.0000
Epoch 388: Time: 0.1081 Cost: 0.2701 Pre: 1.0000 Re: 1.0000 Acc: 1.0000 F1: 1.0000
Epoch 389: Time: 0.1081 Cost: 0.2845 Pre: 1.0000 Re: 1.0000 Acc: 1.0000 F1: 1.0000
Epoch 390: Time: 0.1084 Cost: 0.2764 Pre: 1.0000 Re: 1.0000 Acc: 1.0000 F1: 1.0000


--------------------------------------------------------------------
Eval results: Cost:1.1685 Pre:0.9980 Re:0.9820 Acc:0.9900 F1:0.9899
--------------------------------------------------------------------

Epoch 391: Time: 0.1081 Cost: 0.2499 Pre: 1.0000 Re: 1.0000 Acc: 1.0000 F1: 1.0000
Epoch 392: Time: 0.1082 Cost: 0.2545 Pre: 1.0000 Re: 1.0000 Acc: 1.0000 F1: 1.0000
Epoch 393: Time: 0.1081 Cost: 0.2067 Pre: 1.0000 Re: 1.0000 Acc: 1.0000 F1: 1.0000
Epoch 394: Time: 0.1081 Cost: 0.2047 Pre: 1.0000 Re: 1.0000 Acc: 1.0000 F1: 1.0000
Epoch 395: Time: 0.1082 Cost: 0.2032 Pre: 1.0000 Re: 1.0000 Acc: 1.0000 F1: 1.0000
Epoch 396: Time: 0.1081 Cost: 0.2216 Pre: 1.0000 Re: 1.0000 Acc: 1.0000 F1: 1.0000
Epoch 397: Time: 0.1083 Cost: 0.2581 Pre: 1.0000 Re: 1.0000 Acc: 1.0000 F1: 1.0000
Epoch 398: Time: 0.1082 Cost: 0.2484 Pre: 1.0000 Re: 1.0000 Acc: 1.0000 F1: 1.0000
Epoch 399: Time: 0.1082 Cost: 0.2846 Pre: 1.0000 Re: 1.0000 Acc: 1.0000 F1: 1.0000
Epoch 400: Time: 0.1083 Cost: 0.2933 Pre: 1.0000 Re: 1.0000 Acc: 1.0000 F1: 1.0000


--------------------------------------------------------------------
Eval results: Cost:1.0538 Pre:0.9960 Re:0.9860 Acc:0.9910 F1:0.9910
--------------------------------------------------------------------

Epoch 401: Time: 0.1087 Cost: 0.2435 Pre: 1.0000 Re: 1.0000 Acc: 1.0000 F1: 1.0000
Epoch 402: Time: 0.1083 Cost: 0.2462 Pre: 1.0000 Re: 1.0000 Acc: 1.0000 F1: 1.0000
Epoch 403: Time: 0.1116 Cost: 0.1991 Pre: 1.0000 Re: 1.0000 Acc: 1.0000 F1: 1.0000
Epoch 404: Time: 0.1083 Cost: 0.2016 Pre: 1.0000 Re: 1.0000 Acc: 1.0000 F1: 1.0000
Epoch 405: Time: 0.1082 Cost: 0.1935 Pre: 1.0000 Re: 1.0000 Acc: 1.0000 F1: 1.0000
Epoch 406: Time: 0.1083 Cost: 0.2059 Pre: 1.0000 Re: 1.0000 Acc: 1.0000 F1: 1.0000
Epoch 407: Time: 0.1082 Cost: 0.2563 Pre: 1.0000 Re: 1.0000 Acc: 1.0000 F1: 1.0000
Epoch 408: Time: 0.1087 Cost: 0.2821 Pre: 1.0000 Re: 1.0000 Acc: 1.0000 F1: 1.0000
Epoch 409: Time: 0.1082 Cost: 0.2488 Pre: 1.0000 Re: 1.0000 Acc: 1.0000 F1: 1.0000
Epoch 410: Time: 0.1082 Cost: 0.2924 Pre: 1.0000 Re: 1.0000 Acc: 1.0000 F1: 1.0000


--------------------------------------------------------------------
Eval results: Cost:1.0708 Pre:0.9980 Re:0.9840 Acc:0.9910 F1:0.9909
--------------------------------------------------------------------

Epoch 411: Time: 0.1081 Cost: 0.2264 Pre: 1.0000 Re: 1.0000 Acc: 1.0000 F1: 1.0000
Epoch 412: Time: 0.1082 Cost: 0.2363 Pre: 1.0000 Re: 1.0000 Acc: 1.0000 F1: 1.0000
Epoch 413: Time: 0.1083 Cost: 0.1911 Pre: 1.0000 Re: 1.0000 Acc: 1.0000 F1: 1.0000
Epoch 414: Time: 0.1081 Cost: 0.1907 Pre: 1.0000 Re: 1.0000 Acc: 1.0000 F1: 1.0000
Epoch 415: Time: 0.1082 Cost: 0.1850 Pre: 1.0000 Re: 1.0000 Acc: 1.0000 F1: 1.0000
Epoch 416: Time: 0.1082 Cost: 0.2053 Pre: 1.0000 Re: 1.0000 Acc: 1.0000 F1: 1.0000
Epoch 417: Time: 0.1081 Cost: 0.2576 Pre: 1.0000 Re: 1.0000 Acc: 1.0000 F1: 1.0000
Epoch 418: Time: 0.1084 Cost: 0.2396 Pre: 1.0000 Re: 1.0000 Acc: 1.0000 F1: 1.0000
Epoch 419: Time: 0.1082 Cost: 0.2730 Pre: 1.0000 Re: 1.0000 Acc: 1.0000 F1: 1.0000
Epoch 420: Time: 0.1082 Cost: 0.2433 Pre: 1.0000 Re: 1.0000 Acc: 1.0000 F1: 1.0000


--------------------------------------------------------------------
Eval results: Cost:0.9344 Pre:0.9960 Re:0.9920 Acc:0.9940 F1:0.9940
--------------------------------------------------------------------

Epoch 421: Time: 0.1080 Cost: 0.2143 Pre: 1.0000 Re: 1.0000 Acc: 1.0000 F1: 1.0000
Epoch 422: Time: 0.1081 Cost: 0.2117 Pre: 1.0000 Re: 1.0000 Acc: 1.0000 F1: 1.0000
Epoch 423: Time: 0.1084 Cost: 0.1805 Pre: 1.0000 Re: 1.0000 Acc: 1.0000 F1: 1.0000
Epoch 424: Time: 0.1084 Cost: 0.1828 Pre: 1.0000 Re: 1.0000 Acc: 1.0000 F1: 1.0000
Epoch 425: Time: 0.1082 Cost: 0.1832 Pre: 1.0000 Re: 1.0000 Acc: 1.0000 F1: 1.0000
Epoch 426: Time: 0.1081 Cost: 0.1780 Pre: 1.0000 Re: 1.0000 Acc: 1.0000 F1: 1.0000
Epoch 427: Time: 0.1081 Cost: 0.1751 Pre: 1.0000 Re: 1.0000 Acc: 1.0000 F1: 1.0000
Epoch 428: Time: 0.1084 Cost: 0.1801 Pre: 1.0000 Re: 1.0000 Acc: 1.0000 F1: 1.0000
Epoch 429: Time: 0.1081 Cost: 0.1977 Pre: 1.0000 Re: 1.0000 Acc: 1.0000 F1: 1.0000
Epoch 430: Time: 0.1082 Cost: 0.3033 Pre: 0.9980 Re: 1.0000 Acc: 0.9990 F1: 0.9990


--------------------------------------------------------------------
Eval results: Cost:1.2638 Pre:0.9980 Re:0.9820 Acc:0.9900 F1:0.9899
--------------------------------------------------------------------

Epoch 431: Time: 0.1081 Cost: 0.4031 Pre: 1.0000 Re: 1.0000 Acc: 1.0000 F1: 1.0000
Epoch 432: Time: 0.1082 Cost: 0.2582 Pre: 1.0000 Re: 1.0000 Acc: 1.0000 F1: 1.0000
Epoch 433: Time: 0.1085 Cost: 0.2275 Pre: 1.0000 Re: 1.0000 Acc: 1.0000 F1: 1.0000
Epoch 434: Time: 0.1084 Cost: 0.1875 Pre: 1.0000 Re: 1.0000 Acc: 1.0000 F1: 1.0000
Epoch 435: Time: 0.1083 Cost: 0.1672 Pre: 1.0000 Re: 1.0000 Acc: 1.0000 F1: 1.0000
Epoch 436: Time: 0.1082 Cost: 0.1779 Pre: 1.0000 Re: 1.0000 Acc: 1.0000 F1: 1.0000
Epoch 437: Time: 0.1084 Cost: 0.1914 Pre: 1.0000 Re: 1.0000 Acc: 1.0000 F1: 1.0000
Epoch 438: Time: 0.1085 Cost: 0.1822 Pre: 1.0000 Re: 1.0000 Acc: 1.0000 F1: 1.0000
Epoch 439: Time: 0.1083 Cost: 0.1806 Pre: 1.0000 Re: 1.0000 Acc: 1.0000 F1: 1.0000
Epoch 440: Time: 0.1083 Cost: 0.1951 Pre: 1.0000 Re: 1.0000 Acc: 1.0000 F1: 1.0000


--------------------------------------------------------------------
Eval results: Cost:0.9164 Pre:0.9960 Re:0.9900 Acc:0.9930 F1:0.9930
--------------------------------------------------------------------

Epoch 441: Time: 0.1086 Cost: 0.2299 Pre: 1.0000 Re: 1.0000 Acc: 1.0000 F1: 1.0000
Epoch 442: Time: 0.1085 Cost: 0.2233 Pre: 1.0000 Re: 1.0000 Acc: 1.0000 F1: 1.0000
Epoch 443: Time: 0.1085 Cost: 0.1885 Pre: 1.0000 Re: 1.0000 Acc: 1.0000 F1: 1.0000
Epoch 444: Time: 0.1084 Cost: 0.1581 Pre: 1.0000 Re: 1.0000 Acc: 1.0000 F1: 1.0000
Epoch 445: Time: 0.1084 Cost: 0.1588 Pre: 1.0000 Re: 1.0000 Acc: 1.0000 F1: 1.0000
Epoch 446: Time: 0.1083 Cost: 0.1567 Pre: 1.0000 Re: 1.0000 Acc: 1.0000 F1: 1.0000
Epoch 447: Time: 0.1084 Cost: 0.1634 Pre: 1.0000 Re: 1.0000 Acc: 1.0000 F1: 1.0000
Epoch 448: Time: 0.1083 Cost: 0.1893 Pre: 1.0000 Re: 1.0000 Acc: 1.0000 F1: 1.0000
Epoch 449: Time: 0.1087 Cost: 0.2541 Pre: 1.0000 Re: 1.0000 Acc: 1.0000 F1: 1.0000
Epoch 450: Time: 0.1085 Cost: 0.2475 Pre: 1.0000 Re: 1.0000 Acc: 1.0000 F1: 1.0000


--------------------------------------------------------------------
Eval results: Cost:0.8963 Pre:0.9960 Re:0.9880 Acc:0.9920 F1:0.9920
--------------------------------------------------------------------

Epoch 451: Time: 0.1083 Cost: 0.2400 Pre: 1.0000 Re: 1.0000 Acc: 1.0000 F1: 1.0000
Epoch 452: Time: 0.1086 Cost: 0.1858 Pre: 1.0000 Re: 1.0000 Acc: 1.0000 F1: 1.0000
Epoch 453: Time: 0.1085 Cost: 0.1599 Pre: 1.0000 Re: 1.0000 Acc: 1.0000 F1: 1.0000
Epoch 454: Time: 0.1084 Cost: 0.1545 Pre: 1.0000 Re: 1.0000 Acc: 1.0000 F1: 1.0000
Epoch 455: Time: 0.1084 Cost: 0.1510 Pre: 1.0000 Re: 1.0000 Acc: 1.0000 F1: 1.0000
Epoch 456: Time: 0.1083 Cost: 0.1489 Pre: 1.0000 Re: 1.0000 Acc: 1.0000 F1: 1.0000
Epoch 457: Time: 0.1084 Cost: 0.1468 Pre: 1.0000 Re: 1.0000 Acc: 1.0000 F1: 1.0000
Epoch 458: Time: 0.1085 Cost: 0.1455 Pre: 1.0000 Re: 1.0000 Acc: 1.0000 F1: 1.0000
Epoch 459: Time: 0.1085 Cost: 0.1437 Pre: 1.0000 Re: 1.0000 Acc: 1.0000 F1: 1.0000
Epoch 460: Time: 0.1083 Cost: 0.1421 Pre: 1.0000 Re: 1.0000 Acc: 1.0000 F1: 1.0000


--------------------------------------------------------------------
Eval results: Cost:0.8433 Pre:0.9960 Re:0.9900 Acc:0.9930 F1:0.9930
--------------------------------------------------------------------

Epoch 461: Time: 0.1083 Cost: 0.1607 Pre: 1.0000 Re: 1.0000 Acc: 1.0000 F1: 1.0000
Epoch 462: Time: 0.1086 Cost: 0.1861 Pre: 1.0000 Re: 1.0000 Acc: 1.0000 F1: 1.0000
Epoch 463: Time: 0.1090 Cost: 0.2393 Pre: 1.0000 Re: 1.0000 Acc: 1.0000 F1: 1.0000
Epoch 464: Time: 0.1084 Cost: 0.1805 Pre: 1.0000 Re: 1.0000 Acc: 1.0000 F1: 1.0000
Epoch 465: Time: 0.1098 Cost: 0.2063 Pre: 1.0000 Re: 1.0000 Acc: 1.0000 F1: 1.0000
Epoch 466: Time: 0.1082 Cost: 0.1652 Pre: 1.0000 Re: 1.0000 Acc: 1.0000 F1: 1.0000
Epoch 467: Time: 0.1083 Cost: 0.1612 Pre: 1.0000 Re: 1.0000 Acc: 1.0000 F1: 1.0000
Epoch 468: Time: 0.1081 Cost: 0.2093 Pre: 1.0000 Re: 1.0000 Acc: 1.0000 F1: 1.0000
Epoch 469: Time: 0.1081 Cost: 0.1732 Pre: 1.0000 Re: 1.0000 Acc: 1.0000 F1: 1.0000
Epoch 470: Time: 0.1092 Cost: 0.1661 Pre: 1.0000 Re: 1.0000 Acc: 1.0000 F1: 1.0000


--------------------------------------------------------------------
Eval results: Cost:0.7878 Pre:0.9960 Re:0.9920 Acc:0.9940 F1:0.9940
--------------------------------------------------------------------

Epoch 471: Time: 0.1088 Cost: 0.1928 Pre: 1.0000 Re: 1.0000 Acc: 1.0000 F1: 1.0000
Epoch 472: Time: 0.1086 Cost: 0.1619 Pre: 1.0000 Re: 1.0000 Acc: 1.0000 F1: 1.0000
Epoch 473: Time: 0.1082 Cost: 0.1713 Pre: 1.0000 Re: 1.0000 Acc: 1.0000 F1: 1.0000
Epoch 474: Time: 0.1085 Cost: 0.1423 Pre: 1.0000 Re: 1.0000 Acc: 1.0000 F1: 1.0000
Epoch 475: Time: 0.1083 Cost: 0.1398 Pre: 1.0000 Re: 1.0000 Acc: 1.0000 F1: 1.0000
Epoch 476: Time: 0.1083 Cost: 0.1483 Pre: 1.0000 Re: 1.0000 Acc: 1.0000 F1: 1.0000
Epoch 477: Time: 0.1083 Cost: 0.1459 Pre: 1.0000 Re: 1.0000 Acc: 1.0000 F1: 1.0000
Epoch 478: Time: 0.1082 Cost: 0.1394 Pre: 1.0000 Re: 1.0000 Acc: 1.0000 F1: 1.0000
Epoch 479: Time: 0.1083 Cost: 0.1453 Pre: 1.0000 Re: 1.0000 Acc: 1.0000 F1: 1.0000
Epoch 480: Time: 0.1083 Cost: 0.1777 Pre: 1.0000 Re: 1.0000 Acc: 1.0000 F1: 1.0000


--------------------------------------------------------------------
Eval results: Cost:1.1328 Pre:0.9960 Re:0.9880 Acc:0.9920 F1:0.9920
--------------------------------------------------------------------

Epoch 481: Time: 0.1082 Cost: 0.3041 Pre: 0.9980 Re: 1.0000 Acc: 0.9990 F1: 0.9990
Epoch 482: Time: 0.1084 Cost: 0.1754 Pre: 1.0000 Re: 1.0000 Acc: 1.0000 F1: 1.0000
Epoch 483: Time: 0.1083 Cost: 0.1419 Pre: 1.0000 Re: 1.0000 Acc: 1.0000 F1: 1.0000
Epoch 484: Time: 0.1083 Cost: 0.1708 Pre: 1.0000 Re: 1.0000 Acc: 1.0000 F1: 1.0000
Epoch 485: Time: 0.1083 Cost: 0.1477 Pre: 1.0000 Re: 1.0000 Acc: 1.0000 F1: 1.0000
Epoch 486: Time: 0.1083 Cost: 0.1301 Pre: 1.0000 Re: 1.0000 Acc: 1.0000 F1: 1.0000
Epoch 487: Time: 0.1082 Cost: 0.1338 Pre: 1.0000 Re: 1.0000 Acc: 1.0000 F1: 1.0000
Epoch 488: Time: 0.1085 Cost: 0.1275 Pre: 1.0000 Re: 1.0000 Acc: 1.0000 F1: 1.0000
Epoch 489: Time: 0.1082 Cost: 0.1254 Pre: 1.0000 Re: 1.0000 Acc: 1.0000 F1: 1.0000
Epoch 490: Time: 0.1085 Cost: 0.1285 Pre: 1.0000 Re: 1.0000 Acc: 1.0000 F1: 1.0000


--------------------------------------------------------------------
Eval results: Cost:0.7609 Pre:0.9960 Re:0.9940 Acc:0.9950 F1:0.9950
--------------------------------------------------------------------

Epoch 491: Time: 0.1085 Cost: 0.1577 Pre: 1.0000 Re: 1.0000 Acc: 1.0000 F1: 1.0000
Epoch 492: Time: 0.1083 Cost: 0.2708 Pre: 0.9980 Re: 1.0000 Acc: 0.9990 F1: 0.9990
Epoch 493: Time: 0.1083 Cost: 0.1633 Pre: 1.0000 Re: 1.0000 Acc: 1.0000 F1: 1.0000
Epoch 494: Time: 0.1089 Cost: 0.1476 Pre: 1.0000 Re: 1.0000 Acc: 1.0000 F1: 1.0000
Epoch 495: Time: 0.1083 Cost: 0.1317 Pre: 1.0000 Re: 1.0000 Acc: 1.0000 F1: 1.0000
Epoch 496: Time: 0.1085 Cost: 0.1336 Pre: 1.0000 Re: 1.0000 Acc: 1.0000 F1: 1.0000
Epoch 497: Time: 0.1085 Cost: 0.1860 Pre: 1.0000 Re: 1.0000 Acc: 1.0000 F1: 1.0000
Epoch 498: Time: 0.1085 Cost: 0.2054 Pre: 1.0000 Re: 1.0000 Acc: 1.0000 F1: 1.0000
Epoch 499: Time: 0.1086 Cost: 0.1763 Pre: 1.0000 Re: 1.0000 Acc: 1.0000 F1: 1.0000
Reading model ...
--------------------------------------------------------------------
Test 1000 samples take time: 0.3468
Test results: Cost: 0.0805 Precision: 0.9980 Recall: 0.9900 Accuracy: 0.9940 F1: 0.9940
--------------------------------------------------------------------

